#
# A fatal error has been detected by the Java Runtime Environment:
#
#  EXCEPTION_ACCESS_VIOLATION (0xc0000005) at pc=0x0b15b341, pid=5524, tid=2868
#
# JRE version: Java(TM) SE Runtime Environment (8.0_31-b13) (build 1.8.0_31-b13)
# Java VM: Java HotSpot(TM) Client VM (25.31-b07 mixed mode windows-x86 )
# Problematic frame:
# C  [xuggle7884676662407867037.dll+0x40b341]
#
# Failed to write core dump. Minidumps are not enabled by default on client versions of Windows
#
# If you would like to submit a bug report, please visit:
#   http://bugreport.java.com/bugreport/crash.jsp
# The crash happened outside the Java Virtual Machine in native code.
# See problematic frame for where to report the bug.
#

---------------  T H R E A D  ---------------

Current thread (0x08f85000):  JavaThread "Thread-25" [_thread_in_native, id=2868, stack(0x21f00000,0x21f50000)]

siginfo: ExceptionCode=0xc0000005, writing address 0x000000ac

Registers:
EAX=0x00000000, EBX=0x209e2720, ECX=0x00000000, EDX=0x00000000
ESP=0x21f4f1d0, EBP=0x0000084c, ESI=0x00000001, EDI=0x209e2720
EIP=0x0b15b341, EFLAGS=0x00010202

Top of Stack: (sp=0x21f4f1d0)
0x21f4f1d0:   217a08b6 ffffffff 00000274 02bd0417
0x21f4f1e0:   11b377c8 00001f80 21f4f400 00000b00
0x21f4f1f0:   02bd03b2 21f4f720 08da22b8 00000000
0x21f4f200:   00000001 20a399f4 209e2720 0b15bcdf
0x21f4f210:   209e2720 08f85000 6c6d7451 08f85000
0x21f4f220:   08a16228 21f4f3f8 08f85000 08c32d10
0x21f4f230:   04c69f88 11b377c8 21f4f720 02bdbe21
0x21f4f240:   21f4f774 21f4f3f8 08f85000 08a15fc8 

Instructions: (pc=0x0b15b341)
0x0b15b321:   00 fe 89 44 24 08 8b 83 e0 71 02 00 89 04 24 e8
0x0b15b331:   9b 34 ca ff 8b 83 00 13 00 00 83 7b 30 18 74 0a
0x0b15b341:   c7 80 ac 00 00 00 00 00 00 00 c7 80 88 01 00 00
0x0b15b351:   ff ff ff 7f 31 d2 c7 80 84 01 00 00 ff ff ff 7f 


Register to memory mapping:

EAX=0x00000000 is an unknown value
EBX=0x209e2720 is an unknown value
ECX=0x00000000 is an unknown value
EDX=0x00000000 is an unknown value
ESP=0x21f4f1d0 is pointing into the stack for thread: 0x08f85000
EBP=0x0000084c is an unknown value
ESI=0x00000001 is an unknown value
EDI=0x209e2720 is an unknown value


Stack: [0x21f00000,0x21f50000],  sp=0x21f4f1d0,  free space=316k
Native frames: (J=compiled Java code, j=interpreted, Vv=VM code, C=native code)
C  [xuggle7884676662407867037.dll+0x40b341]

Java frames: (J=compiled Java code, j=interpreted, Vv=VM code)
j  com.xuggle.xuggler.XugglerJNI.IStreamCoder_decodeVideo(JLcom/xuggle/xuggler/IStreamCoder;JLcom/xuggle/xuggler/IVideoPicture;JLcom/xuggle/xuggler/IPacket;I)I+0
j  com.xuggle.xuggler.IStreamCoder.decodeVideo(Lcom/xuggle/xuggler/IVideoPicture;Lcom/xuggle/xuggler/IPacket;I)I+16
j  wideokomunikator.audiovideo.AudioVideo.decodeVideo(Lwideokomunikator/audiovideo/Packet;I)V+65
j  wideokomunikator.audiovideo.AudioVideo.access$1600(Lwideokomunikator/audiovideo/AudioVideo;Lwideokomunikator/audiovideo/Packet;I)V+3
j  wideokomunikator.audiovideo.AudioVideo$7.run()V+76
j  java.lang.Thread.run()V+11
v  ~StubRoutines::call_stub

---------------  P R O C E S S  ---------------

Java Threads: ( => current thread )
  0x08f88c00 JavaThread "Thread-28" [_thread_blocked, id=8652, stack(0x220b0000,0x22100000)]
  0x08f88000 JavaThread "Thread-29" [_thread_blocked, id=4092, stack(0x22020000,0x22070000)]
  0x08f87400 JavaThread "Thread-30" [_thread_blocked, id=9108, stack(0x21f90000,0x21fe0000)]
=>0x08f85000 JavaThread "Thread-25" [_thread_in_native, id=2868, stack(0x21f00000,0x21f50000)]
  0x08f88800 JavaThread "Thread-27" [_thread_blocked, id=5292, stack(0x21e70000,0x21ec0000)]
  0x08f86000 JavaThread "Thread-26" [_thread_in_native, id=4600, stack(0x21de0000,0x21e30000)]
  0x08f86800 JavaThread "Thread-17" [_thread_in_native, id=7556, stack(0x21430000,0x21480000)]
  0x08a2ac00 JavaThread "Thread-16" [_thread_blocked, id=6184, stack(0x213a0000,0x213f0000)]
  0x08a28c00 JavaThread "Thread-21" [_thread_blocked, id=9048, stack(0x21310000,0x21360000)]
  0x08a29800 JavaThread "Thread-20" [_thread_blocked, id=2064, stack(0x21280000,0x212d0000)]
  0x08a28400 JavaThread "Thread-19" [_thread_in_native, id=7772, stack(0x211f0000,0x21240000)]
  0x08a2bc00 JavaThread "Thread-18" [_thread_in_native, id=6216, stack(0x21160000,0x211b0000)]
  0x08a29c00 JavaThread "Java Sound Event Dispatcher" daemon [_thread_blocked, id=4088, stack(0x0c3e0000,0x0c430000)]
  0x08a29000 JavaThread "derby.rawStoreDaemon" daemon [_thread_blocked, id=3164, stack(0x0a5f0000,0x0a640000)]
  0x08a2b800 JavaThread "DRDAConnThread_2" daemon [_thread_in_native, id=7796, stack(0x0a560000,0x0a5b0000)]
  0x08a2b000 JavaThread "NetworkServerThread_1" daemon [_thread_in_native, id=1888, stack(0x07ed0000,0x07f20000)]
  0x089da000 JavaThread "derby.NetworkServerStarter" daemon [_thread_blocked, id=4164, stack(0x07e40000,0x07e90000)]
  0x08ae2800 JavaThread "Timer-0" daemon [_thread_blocked, id=8352, stack(0x07cb0000,0x07d00000)]
  0x0890b400 JavaThread "D3D Screen Updater" daemon [_thread_blocked, id=3280, stack(0x09be0000,0x09c30000)]
  0x02a0c800 JavaThread "DestroyJavaVM" [_thread_blocked, id=2404, stack(0x012b0000,0x01300000)]
  0x059dec00 JavaThread "Thread-4" [_thread_in_native, id=6948, stack(0x09170000,0x091c0000)]
  0x059ddc00 JavaThread "Thread-3" [_thread_blocked, id=3188, stack(0x090e0000,0x09130000)]
  0x05821000 JavaThread "TimerQueue" daemon [_thread_blocked, id=3024, stack(0x08130000,0x08180000)]
  0x05820000 JavaThread "AWT-EventQueue-0" [_thread_blocked, id=8904, stack(0x080a0000,0x080f0000)]
  0x057d0c00 JavaThread "AWT-Windows" daemon [_thread_in_native, id=7808, stack(0x061a0000,0x061f0000)]
  0x057cf400 JavaThread "AWT-Shutdown" [_thread_blocked, id=3880, stack(0x06110000,0x06160000)]
  0x057ce800 JavaThread "Java2D Disposer" daemon [_thread_blocked, id=6728, stack(0x06080000,0x060d0000)]
  0x05080400 JavaThread "Service Thread" daemon [_thread_blocked, id=7904, stack(0x05500000,0x05550000)]
  0x0506a800 JavaThread "C1 CompilerThread0" daemon [_thread_blocked, id=2568, stack(0x05470000,0x054c0000)]
  0x05069800 JavaThread "Attach Listener" daemon [_thread_blocked, id=7780, stack(0x053e0000,0x05430000)]
  0x05067800 JavaThread "Signal Dispatcher" daemon [_thread_blocked, id=8312, stack(0x05350000,0x053a0000)]
  0x05036800 JavaThread "Finalizer" daemon [_thread_blocked, id=4168, stack(0x052c0000,0x05310000)]
  0x02bce800 JavaThread "Reference Handler" daemon [_thread_blocked, id=768, stack(0x05230000,0x05280000)]

Other Threads:
  0x02bcd000 VMThread [stack: 0x029b0000,0x02a00000] [id=8384]
  0x05084400 WatcherThread [stack: 0x05590000,0x055e0000] [id=8236]

VM state:not at safepoint (normal execution)

VM Mutex/Monitor currently owned by a thread: None

Heap:
 def new generation   total 78656K, used 46384K [0x0f200000, 0x14750000, 0x14750000)
  eden space 69952K,  66% used [0x0f200000, 0x11f4c148, 0x13650000)
  from space 8704K,   0% used [0x13650000, 0x13650000, 0x13ed0000)
  to   space 8704K,   0% used [0x13ed0000, 0x13ed0000, 0x14750000)
 tenured generation   total 174784K, used 120879K [0x14750000, 0x1f200000, 0x1f200000)
   the space 174784K,  69% used [0x14750000, 0x1bd5be40, 0x1bd5c000, 0x1f200000)
 Metaspace       used 18535K, capacity 18709K, committed 18816K, reserved 18816K

Card table byte_map: [0x02920000,0x029b0000] byte_map_base: 0x028a7000

Polling page: 0x00b50000

CodeCache: size=32768Kb used=2007Kb max_used=2008Kb free=30760Kb
 bounds [0x02bd0000, 0x02dc8000, 0x04bd0000]
 total_blobs=1304 nmethods=918 adapters=317
 compilation: enabled

Compilation events (10 events):
Event: 12.519 Thread 0x0506a800  934             java.nio.DirectByteBuffer::get (15 bytes)
Event: 12.519 Thread 0x0506a800 nmethod 934 0x02dbf288 code [0x02dbf390, 0x02dbf47c]
Event: 12.519 Thread 0x0506a800  935 %           org.bytedeco.javacpp.helper.opencv_core$AbstractArray::flipCopyWithGamma @ 484 (608 bytes)
Event: 12.521 Thread 0x0506a800 nmethod 935% 0x02dbf548 code [0x02dbf850, 0x02dc0c24]
Event: 12.529 Thread 0x0506a800  936             sun.misc.URLClassPath$JarLoader::access$400 (5 bytes)
Event: 12.529 Thread 0x0506a800 nmethod 936 0x02dc1a88 code [0x02dc1b80, 0x02dc1bf0]
Event: 12.575 Thread 0x0506a800  937             sun.nio.cs.UTF_8$Encoder::encodeArrayLoop (489 bytes)
Event: 12.576 Thread 0x0506a800 nmethod 937 0x02dc1c48 code [0x02dc1f90, 0x02dc2c8c]
Event: 12.614 Thread 0x0506a800  938             org.bytedeco.javacpp.helper.opencv_core$AbstractArray::flipCopyWithGamma (608 bytes)
Event: 12.615 Thread 0x0506a800 nmethod 938 0x02dc4508 code [0x02dc47f0, 0x02dc5684]

GC Heap History (10 events):
Event: 3.886 GC heap before
{Heap before GC invocations=25 (full 2):
 def new generation   total 69312K, used 64089K [0x0f200000, 0x13d30000, 0x14750000)
  eden space 61632K, 100% used [0x0f200000, 0x12e30000, 0x12e30000)
  from space 7680K,  31% used [0x135b0000, 0x138165a0, 0x13d30000)
  to   space 7680K,   0% used [0x12e30000, 0x12e30000, 0x135b0000)
 tenured generation   total 153860K, used 116778K [0x14750000, 0x1dd91000, 0x1f200000)
   the space 153860K,  75% used [0x14750000, 0x1b95a800, 0x1b95a800, 0x1dd91000)
 Metaspace       used 8988K, capacity 9119K, committed 9216K, reserved 9600K
Event: 3.887 GC heap after
Heap after GC invocations=26 (full 2):
 def new generation   total 69312K, used 2462K [0x0f200000, 0x13d30000, 0x14750000)
  eden space 61632K,   0% used [0x0f200000, 0x0f200000, 0x12e30000)
  from space 7680K,  32% used [0x12e30000, 0x13097950, 0x135b0000)
  to   space 7680K,   0% used [0x135b0000, 0x135b0000, 0x13d30000)
 tenured generation   total 153860K, used 116778K [0x14750000, 0x1dd91000, 0x1f200000)
   the space 153860K,  75% used [0x14750000, 0x1b95a800, 0x1b95a800, 0x1dd91000)
 Metaspace       used 8988K, capacity 9119K, committed 9216K, reserved 9600K
}
Event: 4.211 GC heap before
{Heap before GC invocations=26 (full 2):
 def new generation   total 69312K, used 64094K [0x0f200000, 0x13d30000, 0x14750000)
  eden space 61632K, 100% used [0x0f200000, 0x12e30000, 0x12e30000)
  from space 7680K,  32% used [0x12e30000, 0x13097950, 0x135b0000)
  to   space 7680K,   0% used [0x135b0000, 0x135b0000, 0x13d30000)
 tenured generation   total 153860K, used 116778K [0x14750000, 0x1dd91000, 0x1f200000)
   the space 153860K,  75% used [0x14750000, 0x1b95a800, 0x1b95a800, 0x1dd91000)
 Metaspace       used 8988K, capacity 9119K, committed 9216K, reserved 9600K
Event: 4.212 GC heap after
Heap after GC invocations=27 (full 2):
 def new generation   total 69312K, used 2462K [0x0f200000, 0x13d30000, 0x14750000)
  eden space 61632K,   0% used [0x0f200000, 0x0f200000, 0x12e30000)
  from space 7680K,  32% used [0x135b0000, 0x138179f8, 0x13d30000)
  to   space 7680K,   0% used [0x12e30000, 0x12e30000, 0x135b0000)
 tenured generation   total 153860K, used 116778K [0x14750000, 0x1dd91000, 0x1f200000)
   the space 153860K,  75% used [0x14750000, 0x1b95a800, 0x1b95a800, 0x1dd91000)
 Metaspace       used 8988K, capacity 9119K, committed 9216K, reserved 9600K
}
Event: 4.537 GC heap before
{Heap before GC invocations=27 (full 2):
 def new generation   total 69312K, used 64094K [0x0f200000, 0x13d30000, 0x14750000)
  eden space 61632K, 100% used [0x0f200000, 0x12e30000, 0x12e30000)
  from space 7680K,  32% used [0x135b0000, 0x138179f8, 0x13d30000)
  to   space 7680K,   0% used [0x12e30000, 0x12e30000, 0x135b0000)
 tenured generation   total 153860K, used 116778K [0x14750000, 0x1dd91000, 0x1f200000)
   the space 153860K,  75% used [0x14750000, 0x1b95a800, 0x1b95a800, 0x1dd91000)
 Metaspace       used 8988K, capacity 9119K, committed 9216K, reserved 9600K
Event: 4.538 GC heap after
Heap after GC invocations=28 (full 2):
 def new generation   total 69312K, used 2462K [0x0f200000, 0x13d30000, 0x14750000)
  eden space 61632K,   0% used [0x0f200000, 0x0f200000, 0x12e30000)
  from space 7680K,  32% used [0x12e30000, 0x130979f8, 0x135b0000)
  to   space 7680K,   0% used [0x135b0000, 0x135b0000, 0x13d30000)
 tenured generation   total 153860K, used 116778K [0x14750000, 0x1dd91000, 0x1f200000)
   the space 153860K,  75% used [0x14750000, 0x1b95a800, 0x1b95a800, 0x1dd91000)
 Metaspace       used 8988K, capacity 9119K, committed 9216K, reserved 9600K
}
Event: 5.946 GC heap before
{Heap before GC invocations=28 (full 2):
 def new generation   total 69312K, used 64094K [0x0f200000, 0x13d30000, 0x14750000)
  eden space 61632K, 100% used [0x0f200000, 0x12e30000, 0x12e30000)
  from space 7680K,  32% used [0x12e30000, 0x130979f8, 0x135b0000)
  to   space 7680K,   0% used [0x135b0000, 0x135b0000, 0x13d30000)
 tenured generation   total 153860K, used 116778K [0x14750000, 0x1dd91000, 0x1f200000)
   the space 153860K,  75% used [0x14750000, 0x1b95a800, 0x1b95a800, 0x1dd91000)
 Metaspace       used 12326K, capacity 12494K, committed 12544K, reserved 12672K
Event: 5.951 GC heap after
Heap after GC invocations=29 (full 2):
 def new generation   total 69312K, used 2961K [0x0f200000, 0x13d30000, 0x14750000)
  eden space 61632K,   0% used [0x0f200000, 0x0f200000, 0x12e30000)
  from space 7680K,  38% used [0x135b0000, 0x138945f0, 0x13d30000)
  to   space 7680K,   0% used [0x12e30000, 0x12e30000, 0x135b0000)
 tenured generation   total 153860K, used 116778K [0x14750000, 0x1dd91000, 0x1f200000)
   the space 153860K,  75% used [0x14750000, 0x1b95a800, 0x1b95a800, 0x1dd91000)
 Metaspace       used 12326K, capacity 12494K, committed 12544K, reserved 12672K
}
Event: 6.259 GC heap before
{Heap before GC invocations=29 (full 2):
 def new generation   total 69312K, used 22560K [0x0f200000, 0x13d30000, 0x14750000)
  eden space 61632K,  31% used [0x0f200000, 0x10523d98, 0x12e30000)
  from space 7680K,  38% used [0x135b0000, 0x138945f0, 0x13d30000)
  to   space 7680K,   0% used [0x12e30000, 0x12e30000, 0x135b0000)
 tenured generation   total 153860K, used 116778K [0x14750000, 0x1dd91000, 0x1f200000)
   the space 153860K,  75% used [0x14750000, 0x1b95a800, 0x1b95a800, 0x1dd91000)
 Metaspace       used 14928K, capacity 15086K, committed 15148K, reserved 15744K
Event: 6.281 GC heap after
Heap after GC invocations=30 (full 3):
 def new generation   total 78656K, used 0K [0x0f200000, 0x14750000, 0x14750000)
  eden space 69952K,   0% used [0x0f200000, 0x0f200000, 0x13650000)
  from space 8704K,   0% used [0x13650000, 0x13650000, 0x13ed0000)
  to   space 8704K,   0% used [0x13ed0000, 0x13ed0000, 0x14750000)
 tenured generation   total 174784K, used 120879K [0x14750000, 0x1f200000, 0x1f200000)
   the space 174784K,  69% used [0x14750000, 0x1bd5be40, 0x1bd5c000, 0x1f200000)
 Metaspace       used 14928K, capacity 15086K, committed 15148K, reserved 15744K
}

Deoptimization events (0 events):
No events

Internal exceptions (10 events):
Event: 12.490 Thread 0x08f87c00 Exception <a 'java/security/PrivilegedActionException'> (0x116e2710) thrown at [C:\re\workspace\8-2-build-windows-i586-cygwin\jdk8u31\2394\hotspot\src\share\vm\prims\jvm.cpp, line 1312]
Event: 12.528 Thread 0x08f86800 Exception <a 'java/security/PrivilegedActionException'> (0x1161cb18) thrown at [C:\re\workspace\8-2-build-windows-i586-cygwin\jdk8u31\2394\hotspot\src\share\vm\prims\jvm.cpp, line 1312]
Event: 12.528 Thread 0x08f86800 Exception <a 'java/security/PrivilegedActionException'> (0x11627e40) thrown at [C:\re\workspace\8-2-build-windows-i586-cygwin\jdk8u31\2394\hotspot\src\share\vm\prims\jvm.cpp, line 1312]
Event: 12.529 Thread 0x08f86800 Exception <a 'java/security/PrivilegedActionException'> (0x11630078) thrown at [C:\re\workspace\8-2-build-windows-i586-cygwin\jdk8u31\2394\hotspot\src\share\vm\prims\jvm.cpp, line 1312]
Event: 12.529 Thread 0x08f86800 Exception <a 'java/security/PrivilegedActionException'> (0x118baa58) thrown at [C:\re\workspace\8-2-build-windows-i586-cygwin\jdk8u31\2394\hotspot\src\share\vm\prims\jvm.cpp, line 1312]
Event: 12.529 Thread 0x08f86800 Exception <a 'java/security/PrivilegedActionException'> (0x118c4600) thrown at [C:\re\workspace\8-2-build-windows-i586-cygwin\jdk8u31\2394\hotspot\src\share\vm\prims\jvm.cpp, line 1312]
Event: 12.530 Thread 0x08f86800 Exception <a 'java/security/PrivilegedActionException'> (0x118cb3a0) thrown at [C:\re\workspace\8-2-build-windows-i586-cygwin\jdk8u31\2394\hotspot\src\share\vm\prims\jvm.cpp, line 1312]
Event: 12.530 Thread 0x08f86800 Exception <a 'java/security/PrivilegedActionException'> (0x118d3718) thrown at [C:\re\workspace\8-2-build-windows-i586-cygwin\jdk8u31\2394\hotspot\src\share\vm\prims\jvm.cpp, line 1312]
Event: 12.530 Thread 0x08f86800 Exception <a 'java/security/PrivilegedActionException'> (0x118db2f0) thrown at [C:\re\workspace\8-2-build-windows-i586-cygwin\jdk8u31\2394\hotspot\src\share\vm\prims\jvm.cpp, line 1312]
Event: 12.531 Thread 0x08f86800 Exception <a 'java/security/PrivilegedActionException'> (0x118e6fd0) thrown at [C:\re\workspace\8-2-build-windows-i586-cygwin\jdk8u31\2394\hotspot\src\share\vm\prims\jvm.cpp, line 1312]

Events (10 events):
Event: 12.575 Executing VM operation: RevokeBias done
Event: 12.602 Thread 0x08f85c00 Thread added: 0x08f85c00
Event: 12.602 Executing VM operation: RevokeBias
Event: 12.602 Executing VM operation: RevokeBias done
Event: 12.602 Thread 0x08f85c00 Thread exited: 0x08f85c00
Event: 12.615 Thread 0x0506a800 flushing nmethod 0x02d20648
Event: 12.653 Thread 0x08f85400 Thread added: 0x08f85400
Event: 12.653 Executing VM operation: RevokeBias
Event: 12.653 Executing VM operation: RevokeBias done
Event: 12.653 Thread 0x08f85400 Thread exited: 0x08f85400


Dynamic libraries:
0x01350000 - 0x01380000 	C:\Program Files (x86)\Java\jdk1.8.0_31\bin\java.exe
0x77750000 - 0x778be000 	C:\Windows\SYSTEM32\ntdll.dll
0x75260000 - 0x753a0000 	C:\Windows\SYSTEM32\KERNEL32.DLL
0x75a10000 - 0x75ae7000 	C:\Windows\SYSTEM32\KERNELBASE.dll
0x6c1a0000 - 0x6c240000 	C:\Windows\system32\apphelp.dll
0x783e0000 - 0x78645000 	C:\Windows\AppPatch\AcGenral.DLL
0x75860000 - 0x75923000 	C:\Windows\SYSTEM32\msvcrt.dll
0x77260000 - 0x772a1000 	C:\Windows\SYSTEM32\sechost.dll
0x74f50000 - 0x74f6e000 	C:\Windows\SYSTEM32\SspiCli.dll
0x77010000 - 0x77055000 	C:\Windows\SYSTEM32\SHLWAPI.dll
0x72120000 - 0x7220d000 	C:\Windows\SYSTEM32\UxTheme.dll
0x75100000 - 0x75253000 	C:\Windows\SYSTEM32\USER32.dll
0x774d0000 - 0x775de000 	C:\Windows\SYSTEM32\GDI32.dll
0x6d460000 - 0x6d483000 	C:\Windows\SYSTEM32\WINMM.dll
0x6cf00000 - 0x6cf13000 	C:\Windows\SYSTEM32\samcli.dll
0x773a0000 - 0x774c8000 	C:\Windows\SYSTEM32\ole32.dll
0x75cb0000 - 0x75d45000 	C:\Windows\SYSTEM32\OLEAUT32.dll
0x684b0000 - 0x684c7000 	C:\Windows\SYSTEM32\MSACM32.dll
0x74df0000 - 0x74df8000 	C:\Windows\SYSTEM32\VERSION.dll
0x75d60000 - 0x7700c000 	C:\Windows\SYSTEM32\SHELL32.dll
0x73160000 - 0x7317b000 	C:\Windows\SYSTEM32\USERENV.dll
0x6d330000 - 0x6d34a000 	C:\Windows\SYSTEM32\dwmapi.dll
0x6cfa0000 - 0x6d0ea000 	C:\Windows\SYSTEM32\urlmon.dll
0x75930000 - 0x759ac000 	C:\Windows\SYSTEM32\ADVAPI32.dll
0x6d600000 - 0x6d665000 	C:\Windows\SYSTEM32\WINSPOOL.DRV
0x6cf50000 - 0x6cf66000 	C:\Windows\SYSTEM32\MPR.dll
0x772e0000 - 0x7739a000 	C:\Windows\SYSTEM32\RPCRT4.dll
0x74f40000 - 0x74f4a000 	C:\Windows\SYSTEM32\CRYPTBASE.dll
0x75520000 - 0x7569d000 	C:\Windows\SYSTEM32\combase.dll
0x6d430000 - 0x6d453000 	C:\Windows\SYSTEM32\WINMMBASE.dll
0x71db0000 - 0x71dbf000 	C:\Windows\SYSTEM32\profapi.dll
0x71b30000 - 0x71d62000 	C:\Windows\SYSTEM32\iertutil.dll
0x71e50000 - 0x72025000 	C:\Windows\SYSTEM32\WININET.dll
0x74ee0000 - 0x74f34000 	C:\Windows\SYSTEM32\bcryptPrimitives.dll
0x77220000 - 0x7725c000 	C:\Windows\SYSTEM32\cfgmgr32.dll
0x6d400000 - 0x6d421000 	C:\Windows\SYSTEM32\DEVOBJ.dll
0x73480000 - 0x7350b000 	C:\Windows\SYSTEM32\SHCORE.DLL
0x75c80000 - 0x75ca7000 	C:\Windows\system32\IMM32.DLL
0x753a0000 - 0x754b3000 	C:\Windows\SYSTEM32\MSCTF.dll
0x74e00000 - 0x74e2e000 	C:\Windows\SYSTEM32\nvinit.dll
0x0f000000 - 0x0f006000 	C:\Program Files (x86)\NVIDIA Corporation\CoProcManager\_etoured.dll
0x6b660000 - 0x6b68b000 	C:\Program Files (x86)\NVIDIA Corporation\CoProcManager\nvd3d9wrap.dll
0x756a0000 - 0x75851000 	C:\Windows\SYSTEM32\SETUPAPI.dll
0x6b640000 - 0x6b65f000 	C:\Program Files (x86)\NVIDIA Corporation\CoProcManager\nvdxgiwrap.dll
0x72f40000 - 0x73146000 	C:\Windows\WinSxS\x86_microsoft.windows.common-controls_6595b64144ccf1df_6.0.9600.17415_none_a9ed7f470139b3c1\COMCTL32.dll
0x6be80000 - 0x6befd000 	C:\Program Files (x86)\AVG\AVG2015\avghookx.dll
0x77970000 - 0x77a2f000 	C:\Program Files (x86)\Java\jdk1.8.0_31\jre\bin\msvcr100.dll
0x6c590000 - 0x6c934000 	C:\Program Files (x86)\Java\jdk1.8.0_31\jre\bin\client\jvm.dll
0x6d0f0000 - 0x6d0f8000 	C:\Windows\SYSTEM32\WSOCK32.dll
0x75d50000 - 0x75d56000 	C:\Windows\SYSTEM32\PSAPI.DLL
0x77060000 - 0x770b0000 	C:\Windows\SYSTEM32\WS2_32.dll
0x772b0000 - 0x772b7000 	C:\Windows\SYSTEM32\NSI.dll
0x67030000 - 0x6703c000 	C:\Program Files (x86)\Java\jdk1.8.0_31\jre\bin\verify.dll
0x5f030000 - 0x5f051000 	C:\Program Files (x86)\Java\jdk1.8.0_31\jre\bin\java.dll
0x60320000 - 0x60333000 	C:\Program Files (x86)\Java\jdk1.8.0_31\jre\bin\zip.dll
0x059e0000 - 0x05b26000 	C:\Program Files (x86)\Java\jdk1.8.0_31\jre\bin\awt.dll
0x74de0000 - 0x74de9000 	C:\Windows\SYSTEM32\kernel.appcore.dll
0x61e70000 - 0x62043000 	C:\Windows\system32\d3d9.dll
0x69940000 - 0x69a1e000 	C:\Windows\SYSTEM32\nvumdshim.dll
0x5d690000 - 0x5ed6e000 	C:\Windows\system32\igdumdim32.dll
0x67070000 - 0x678e8000 	C:\Windows\SYSTEM32\igdusc32.dll
0x51480000 - 0x514b9000 	C:\Program Files (x86)\Java\jdk1.8.0_31\jre\bin\fontmanager.dll
0x5ffb0000 - 0x5ffc5000 	C:\Program Files (x86)\Java\jdk1.8.0_31\jre\bin\net.dll
0x6d1c0000 - 0x6d20b000 	C:\Windows\system32\mswsock.dll
0x67020000 - 0x6702f000 	C:\Program Files (x86)\Java\jdk1.8.0_31\jre\bin\nio.dll
0x51450000 - 0x51480000 	C:\Program Files (x86)\Java\jdk1.8.0_31\jre\bin\t2k.dll
0x51430000 - 0x51450000 	C:\Program Files (x86)\Java\jdk1.8.0_31\jre\bin\sunec.dll
0x66970000 - 0x66979000 	C:\Program Files (x86)\Java\jdk1.8.0_31\jre\bin\sunmscapi.dll
0x74f70000 - 0x750f8000 	C:\Windows\SYSTEM32\CRYPT32.dll
0x75af0000 - 0x75afe000 	C:\Windows\SYSTEM32\MSASN1.dll
0x6f340000 - 0x6f359000 	C:\Windows\SYSTEM32\CRYPTSP.dll
0x6f310000 - 0x6f340000 	C:\Windows\system32\rsaenh.dll
0x6f040000 - 0x6f05e000 	C:\Windows\SYSTEM32\bcrypt.dll
0x732c0000 - 0x732e0000 	C:\Windows\SYSTEM32\IPHLPAPI.DLL
0x71e40000 - 0x71e48000 	C:\Windows\SYSTEM32\WINNSI.DLL
0x75bf0000 - 0x75c7d000 	C:\Windows\SYSTEM32\clbcatq.dll
0x6ac00000 - 0x6ac13000 	C:\Windows\SYSTEM32\dhcpcsvc6.DLL
0x6bf30000 - 0x6bf44000 	C:\Windows\SYSTEM32\dhcpcsvc.DLL
0x6bfb0000 - 0x6bfc1000 	C:\Windows\system32\napinsp.dll
0x6bf90000 - 0x6bfa6000 	C:\Windows\system32\pnrpnsp.dll
0x6bf70000 - 0x6bf84000 	C:\Windows\system32\NLAapi.dll
0x6c2e0000 - 0x6c35e000 	C:\Windows\SYSTEM32\DNSAPI.dll
0x6bf60000 - 0x6bf6a000 	C:\Windows\System32\winrnr.dll
0x6bf50000 - 0x6bf60000 	C:\Windows\system32\wshbth.dll
0x6c2b0000 - 0x6c2d1000 	C:\Program Files (x86)\Bonjour\mdnsNSP.dll
0x6c2a0000 - 0x6c2a8000 	C:\Windows\System32\rasadhlp.dll
0x6c250000 - 0x6c296000 	C:\Windows\System32\fwpuclnt.dll
0x511e0000 - 0x51205000 	C:\Program Files (x86)\Java\jdk1.8.0_31\jre\bin\jpeg.dll
0x59010000 - 0x5917b000 	C:\Windows\SYSTEM32\WindowsCodecs.dll
0x5f020000 - 0x5f02a000 	C:\Program Files (x86)\Java\jdk1.8.0_31\jre\bin\management.dll
0x0ad50000 - 0x0c31f000 	C:\Users\Piotr\AppData\Local\Temp\xuggle\xuggle7884676662407867037.dll
0x511c0000 - 0x511d4000 	C:\Windows\SYSTEM32\AVICAP32.DLL
0x50050000 - 0x50073000 	C:\Windows\SYSTEM32\MSVFW32.dll
0x57fc0000 - 0x57fca000 	C:\Program Files (x86)\Java\jdk1.8.0_31\jre\bin\jsound.dll
0x51420000 - 0x51429000 	C:\Program Files (x86)\Java\jdk1.8.0_31\jre\bin\jsoundds.dll
0x605e0000 - 0x60661000 	C:\Windows\SYSTEM32\DSOUND.dll
0x6bcd0000 - 0x6bd10000 	C:\Windows\SYSTEM32\POWRPROF.dll
0x645f0000 - 0x64643000 	C:\Windows\SYSTEM32\MMDevAPI.DLL
0x60050000 - 0x60086000 	C:\Windows\SYSTEM32\wdmaud.drv
0x6c060000 - 0x6c067000 	C:\Windows\SYSTEM32\ksuser.dll
0x73470000 - 0x7347a000 	C:\Windows\SYSTEM32\AVRT.dll
0x64650000 - 0x646b0000 	C:\Windows\SYSTEM32\AUDIOSES.DLL
0x6ac90000 - 0x6ac99000 	C:\Windows\SYSTEM32\msacm32.drv
0x6ac80000 - 0x6ac88000 	C:\Windows\SYSTEM32\midimap.dll
0x77e30000 - 0x77eee000 	C:\Users\Piotr\AppData\Local\Temp\javacpp36159277295457\msvcr100.dll
0x77900000 - 0x77969000 	C:\Users\Piotr\AppData\Local\Temp\javacpp36159277295457\msvcp100.dll
0x0d990000 - 0x0db96000 	C:\Users\Piotr\AppData\Local\Temp\javacpp36159277295457\opencv_core249.dll
0x0dba0000 - 0x0dce8000 	C:\Users\Piotr\AppData\Local\Temp\javacpp36159277295457\jniopencv_core.dll
0x0dcf0000 - 0x0df5d000 	C:\Users\Piotr\AppData\Local\Temp\javacpp36159277295457\opencv_imgproc249.dll
0x0d8c0000 - 0x0d940000 	C:\Users\Piotr\AppData\Local\Temp\javacpp36159277295457\jniopencv_imgproc.dll
0x0df60000 - 0x0ee96000 	C:\Users\Piotr\AppData\Local\Temp\javacpp36159277295457\opencv_ffmpeg249.dll
0x1f200000 - 0x1f407000 	C:\Users\Piotr\AppData\Local\Temp\javacpp36159277295457\opencv_highgui249.dll
0x50030000 - 0x5004a000 	C:\Windows\SYSTEM32\AVIFIL32.dll
0x778c0000 - 0x778fc000 	C:\Users\Piotr\AppData\Local\Temp\javacpp36159277295457\jniopencv_highgui.dll
0x6c070000 - 0x6c084000 	C:\Windows\SYSTEM32\devenum.dll
0x71380000 - 0x713a8000 	C:\Windows\SYSTEM32\ntmarta.dll
0x75bb0000 - 0x75bed000 	C:\Windows\SYSTEM32\WINTRUST.dll
0x6c0d0000 - 0x6c0db000 	C:\Windows\SYSTEM32\msdmo.dll
0x0eea0000 - 0x0eed1000 	C:\Windows\SYSTEM32\qcap.dll
0x351b0000 - 0x3534f000 	C:\Windows\SYSTEM32\quartz.dll
0x6c090000 - 0x6c0d0000 	C:\Windows\SYSTEM32\ksproxy.ax
0x6c050000 - 0x6c05c000 	C:\Windows\SYSTEM32\vidcap.ax
0x6c030000 - 0x6c04f000 	C:\Windows\SYSTEM32\kswdmcap.ax
0x5ef10000 - 0x5f014000 	C:\Windows\SYSTEM32\MFC42.dll
0x5ee60000 - 0x5ef09000 	C:\Windows\SYSTEM32\ODBC32.dll
0x0ef70000 - 0x0effe000 	C:\Windows\SYSTEM32\qedit.dll
0x75b10000 - 0x75bab000 	C:\Windows\SYSTEM32\COMDLG32.dll
0x6d490000 - 0x6d600000 	C:\Windows\WinSxS\x86_microsoft.windows.gdiplus_6595b64144ccf1df_1.1.9600.17415_none_dad8722c5bcc2d8f\gdiplus.dll

VM Arguments:
jvm_args: -Dfile.encoding=UTF-8 
java_command: wideokomunikator.main
java_class_path (initial): D:\Programowanie\javacv\javacv-bin\ffmpeg.jar;D:\Programowanie\javacv\javacv-bin\javacpp.jar;D:\Programowanie\javacv\javacv-bin\javacv.jar;D:\Programowanie\javacv\javacv-bin\opencv.jar;C:\Program Files\Java\jdk1.8.0_05\db\lib\derby.jar;C:\Program Files\Java\jdk1.8.0_05\db\lib\derbyclient.jar;C:\Program Files\Java\jdk1.8.0_05\db\lib\derbytools.jar;C:\Program Files\Java\jdk1.8.0_05\db\lib\derbynet.jar;D:\Programowanie\xuggle-xuggler-5.4.jar;D:\Programowanie\slf4j-simple-1.7.10.jar;D:\Programowanie\slf4j-api-1.7.10.jar;D:\Programowanie\javacv\javacv-bin\opencv-linux-x86.jar;D:\Programowanie\javacv\javacv-bin\opencv-linux-x86_64.jar;D:\Programowanie\javacv\javacv-bin\opencv-macosx-x86_64.jar;D:\Programowanie\javacv\javacv-bin\opencv-windows-x86.jar;D:\Programowanie\javacv\javacv-bin\opencv-windows-x86_64.jar;C:\Users\Piotr\Documents\NetBeansProjects\Wideokomunikator\build\classes
Launcher Type: SUN_STANDARD

Environment Variables:
JAVA_HOME=C:\Program Files\Java\jdk1.8.0_05
CLASSPATH=.;C:\PROGRA~2\JMF2.1.1e\lib\sound.jar;C:\PROGRA~2\JMF2.1.1e\lib\jmf.jar;C:\PROGRA~2\JMF2.1.1e\lib;.;.;.;c:\PROGRA~2\java\JMF21~1.1E\lib\sound.jar;c:\PROGRA~2\java\JMF21~1.1E\lib\jmf.jar;c:\PROGRA~2\java\JMF21~1.1E\lib;
PATH=C:\Program Files (x86)\NVIDIA Corporation\PhysX\Common;C:\ProgramData\Oracle\Java\javapath;C:\Python34\;C:\Python34\Scripts;C:\Program Files (x86)\Intel\iCLS Client\;C:\Program Files\Intel\iCLS Client\;C:\Windows\system32;C:\Windows;C:\Windows\System32\Wbem;C:\Windows\System32\WindowsPowerShell\v1.0\;C:\Program Files\Intel\Intel(R) Management Engine Components\DAL;C:\Program Files\Intel\Intel(R) Management Engine Components\IPT;C:\Program Files (x86)\Intel\Intel(R) Management Engine Components\DAL;C:\Program Files (x86)\Intel\Intel(R) Management Engine Components\IPT;C:\Program Files\nodejs\;C:\Windows\Microsoft.NET\Framework\v4.0.30319;C:\Program Files\Microsoft SQL Server\110\Tools\Binn\;C:\Program Files\Java\jdk1.8.0_05\bin;C:\Program Files\apache-ant-1.9.4\bin;C:\Program Files (x86)\QuickTime\QTSystem\;c:\PROGRA~2\java\JMF21~1.1E\lib;C:\Users\Piotr\AppData\Roaming\npm;C:\Program Files (x86)\Bitvise SSH Client;C:\Program Files\Java\jdk1.8.0_05\bin
USERNAME=Piotr
OS=Windows_NT
PROCESSOR_IDENTIFIER=Intel64 Family 6 Model 60 Stepping 3, GenuineIntel



---------------  S Y S T E M  ---------------

OS: Windows 8.1 , 64 bit Build 9600 

CPU:total 8 (4 cores per cpu, 2 threads per core) family 6 model 60 stepping 3, cmov, cx8, fxsr, mmx, sse, sse2, sse3, ssse3, sse4.1, sse4.2, popcnt, avx, avx2, aes, clmul, erms, lzcnt, ht, tsc, tscinvbit, bmi1, bmi2

Memory: 4k page, physical 15910992k(10640712k free), swap 36390992k(29374648k free)

vm_info: Java HotSpot(TM) Client VM (25.31-b07) for windows-x86 JRE (1.8.0_31-b13), built on Dec 17 2014 20:46:12 by "java_re" with MS VC++ 10.0 (VS2010)

time: Wed Mar 04 17:51:41 2015
elapsed time: 12 seconds (0d 0h 0m 12s)

