#
# A fatal error has been detected by the Java Runtime Environment:
#
#  EXCEPTION_ACCESS_VIOLATION (0xc0000005) at pc=0x205ccf80, pid=3512, tid=7692
#
# JRE version: Java(TM) SE Runtime Environment (8.0_31-b13) (build 1.8.0_31-b13)
# Java VM: Java HotSpot(TM) Client VM (25.31-b07 mixed mode windows-x86 )
# Problematic frame:
# C  0x205ccf80
#
# Failed to write core dump. Minidumps are not enabled by default on client versions of Windows
#
# If you would like to submit a bug report, please visit:
#   http://bugreport.java.com/bugreport/crash.jsp
# The crash happened outside the Java Virtual Machine in native code.
# See problematic frame for where to report the bug.
#

---------------  T H R E A D  ---------------

Current thread (0x08646800):  JavaThread "Thread-26" [_thread_in_native, id=7692, stack(0x218c0000,0x21910000)]

siginfo: ExceptionCode=0xc0000005, ExceptionInformation=0x00000008 0x205ccf80

Registers:
EAX=0x000000ff, EBX=0x2046b000, ECX=0x000000b0, EDX=0x213d0110
ESP=0x2190ec3c, EBP=0x00000160, ESI=0x00000027, EDI=0x00000000
EIP=0x205ccf80, EFLAGS=0x00010246

Top of Stack: (sp=0x2190ec3c)
0x2190ec3c:   0abc77c4 213d0110 00000160 00000002
0x2190ec4c:   00000160 2046dc90 00000000 00000140
0x2190ec5c:   000000f0 00000029 00000051 00000000
0x2190ec6c:   00000000 2190ecac 0b54aa54 87878787
0x2190ec7c:   87878787 00000000 00007c00 0a11e040
0x2190ec8c:   04040404 87878787 87878787 213d0110
0x2190ec9c:   00000160 213e0a08 213cec40 00000000
0x2190ecac:   2046b000 0000004c 00000002 213e0ef0 

Instructions: (pc=0x205ccf80)
0x205ccf60:   00 00 00 00 00 00 00 00 00 00 00 00 00 00 00 00
0x205ccf70:   e3 b4 b2 ed 83 73 40 08 c0 00 71 00 60 10 5c 08
0x205ccf80:   00 00 00 00 04 00 00 00 08 00 00 00 0c 00 00 00
0x205ccf90:   10 00 00 00 14 00 00 00 18 00 00 00 1c 00 00 00 


Register to memory mapping:

EAX=0x000000ff is an unknown value
EBX=0x2046b000 is an unknown value
ECX=0x000000b0 is an unknown value
EDX=0x213d0110 is an unknown value
ESP=0x2190ec3c is pointing into the stack for thread: 0x08646800
EBP=0x00000160 is an unknown value
ESI=0x00000027 is an unknown value
EDI=0x00000000 is an unknown value


Stack: [0x218c0000,0x21910000],  sp=0x2190ec3c,  free space=315k
Native frames: (J=compiled Java code, j=interpreted, Vv=VM code, C=native code)
C  0x205ccf80

Java frames: (J=compiled Java code, j=interpreted, Vv=VM code)
j  com.xuggle.xuggler.XugglerJNI.IStreamCoder_decodeVideo(JLcom/xuggle/xuggler/IStreamCoder;JLcom/xuggle/xuggler/IVideoPicture;JLcom/xuggle/xuggler/IPacket;I)I+0
j  com.xuggle.xuggler.IStreamCoder.decodeVideo(Lcom/xuggle/xuggler/IVideoPicture;Lcom/xuggle/xuggler/IPacket;I)I+16
j  wideokomunikator.audiovideo.AudioVideo.decodeVideo(Lwideokomunikator/audiovideo/Packet;I)V+65
j  wideokomunikator.audiovideo.AudioVideo.access$1600(Lwideokomunikator/audiovideo/AudioVideo;Lwideokomunikator/audiovideo/Packet;I)V+3
j  wideokomunikator.audiovideo.AudioVideo$7.run()V+76
j  java.lang.Thread.run()V+11
v  ~StubRoutines::call_stub

---------------  P R O C E S S  ---------------

Java Threads: ( => current thread )
  0x08648400 JavaThread "Thread-29" [_thread_blocked, id=5196, stack(0x21bb0000,0x21c00000)]
  0x08647c00 JavaThread "Thread-30" [_thread_blocked, id=4556, stack(0x21b20000,0x21b70000)]
  0x08643c00 JavaThread "Thread-28" [_thread_blocked, id=5316, stack(0x21a90000,0x21ae0000)]
  0x08644400 JavaThread "Thread-25" [_thread_blocked, id=2908, stack(0x219e0000,0x21a30000)]
  0x08647400 JavaThread "Thread-27" [_thread_in_native, id=4624, stack(0x21950000,0x219a0000)]
=>0x08646800 JavaThread "Thread-26" [_thread_in_native, id=7692, stack(0x218c0000,0x21910000)]
  0x08643800 JavaThread "Thread-17" [_thread_in_native, id=1124, stack(0x20f10000,0x20f60000)]
  0x0845c000 JavaThread "Thread-16" [_thread_blocked, id=1464, stack(0x20e80000,0x20ed0000)]
  0x0845b800 JavaThread "Thread-21" [_thread_blocked, id=8220, stack(0x20df0000,0x20e40000)]
  0x0845f000 JavaThread "Thread-20" [_thread_blocked, id=2708, stack(0x20d60000,0x20db0000)]
  0x0845e400 JavaThread "Thread-19" [_thread_in_native, id=9044, stack(0x20cd0000,0x20d20000)]
  0x0845d000 JavaThread "Thread-18" [_thread_in_native, id=5356, stack(0x20c40000,0x20c90000)]
  0x0845dc00 JavaThread "Java Sound Event Dispatcher" daemon [_thread_blocked, id=7780, stack(0x0bee0000,0x0bf30000)]
  0x0845c400 JavaThread "derby.rawStoreDaemon" daemon [_thread_blocked, id=8216, stack(0x0a200000,0x0a250000)]
  0x0845d800 JavaThread "DRDAConnThread_2" daemon [_thread_in_native, id=3868, stack(0x0a070000,0x0a0c0000)]
  0x0845ec00 JavaThread "NetworkServerThread_1" daemon [_thread_in_native, id=3024, stack(0x09ee0000,0x09f30000)]
  0x0846c000 JavaThread "derby.NetworkServerStarter" daemon [_thread_blocked, id=7980, stack(0x09e50000,0x09ea0000)]
  0x083ed400 JavaThread "Timer-0" daemon [_thread_blocked, id=1940, stack(0x09cc0000,0x09d10000)]
  0x08301000 JavaThread "D3D Screen Updater" daemon [_thread_blocked, id=7220, stack(0x08df0000,0x08e40000)]
  0x007ac800 JavaThread "DestroyJavaVM" [_thread_blocked, id=2896, stack(0x008c0000,0x00910000)]
  0x0553c000 JavaThread "Thread-4" [_thread_in_native, id=8904, stack(0x07350000,0x073a0000)]
  0x0553a400 JavaThread "Thread-3" [_thread_blocked, id=1460, stack(0x072c0000,0x07310000)]
  0x053e9000 JavaThread "TimerQueue" daemon [_thread_blocked, id=5976, stack(0x07bb0000,0x07c00000)]
  0x053e8000 JavaThread "AWT-EventQueue-0" [_thread_in_native, id=2036, stack(0x07b20000,0x07b70000)]
  0x05398c00 JavaThread "AWT-Windows" daemon [_thread_blocked, id=5104, stack(0x05c20000,0x05c70000)]
  0x05397400 JavaThread "AWT-Shutdown" [_thread_blocked, id=4168, stack(0x05b90000,0x05be0000)]
  0x05396800 JavaThread "Java2D Disposer" daemon [_thread_blocked, id=7408, stack(0x05b00000,0x05b50000)]
  0x04c2f400 JavaThread "Service Thread" daemon [_thread_blocked, id=7472, stack(0x050c0000,0x05110000)]
  0x04c1a800 JavaThread "C1 CompilerThread0" daemon [_thread_blocked, id=3180, stack(0x05030000,0x05080000)]
  0x04c19800 JavaThread "Attach Listener" daemon [_thread_blocked, id=8008, stack(0x04fa0000,0x04ff0000)]
  0x04c17800 JavaThread "Signal Dispatcher" daemon [_thread_blocked, id=2484, stack(0x04f10000,0x04f60000)]
  0x04be6800 JavaThread "Finalizer" daemon [_thread_blocked, id=8992, stack(0x04e70000,0x04ec0000)]
  0x010fe800 JavaThread "Reference Handler" daemon [_thread_blocked, id=2404, stack(0x04de0000,0x04e30000)]

Other Threads:
  0x010fd000 VMThread [stack: 0x012c0000,0x01310000] [id=8696]
  0x04c33800 WatcherThread [stack: 0x05150000,0x051a0000] [id=5916]

VM state:at safepoint (normal execution)

VM Mutex/Monitor currently owned by a thread:  ([mutex/lock_event])
[0x007ab3e0] Threads_lock - owner thread: 0x010fd000
[0x007ab5d8] Heap_lock - owner thread: 0x08644400

Heap:
 def new generation   total 78656K, used 69751K [0x0f200000, 0x14750000, 0x14750000)
  eden space 69952K, -2147483648% used [0x0f200000, 0x1361de80, 0x13650000)
  from space 8704K,   0% used [0x13650000, 0x13650000, 0x13ed0000)
  to   space 8704K,  19% used [0x13ed0000, 0x14083228, 0x14750000)
 tenured generation   total 174784K, used 120841K [0x14750000, 0x1f200000, 0x1f200000)
   the space 174784K,  69% used [0x14750000, 0x1bd52698, 0x1bd52800, 0x1f200000)
 Metaspace       used 18536K, capacity 18709K, committed 18816K, reserved 18816K

Card table byte_map: [0x011d0000,0x01260000] byte_map_base: 0x01157000

Polling page: 0x00790000

CodeCache: size=32768Kb used=1977Kb max_used=1977Kb free=30790Kb
 bounds [0x02780000, 0x02970000, 0x04780000]
 total_blobs=1282 nmethods=896 adapters=318
 compilation: enabled

Compilation events (10 events):
Event: 11.360 Thread 0x04c1a800 nmethod 909 0x02968f08 code [0x02969010, 0x0296911c]
Event: 11.361 Thread 0x04c1a800  910             java.nio.DirectByteBuffer::ix (10 bytes)
Event: 11.361 Thread 0x04c1a800 nmethod 910 0x029694c8 code [0x029695c0, 0x02969650]
Event: 11.361 Thread 0x04c1a800  912             java.nio.DirectByteBuffer::get (15 bytes)
Event: 11.361 Thread 0x04c1a800 nmethod 912 0x02969688 code [0x02969790, 0x0296987c]
Event: 11.362 Thread 0x04c1a800  913 %           org.bytedeco.javacpp.helper.opencv_core$AbstractArray::flipCopyWithGamma @ 484 (608 bytes)
Event: 11.363 Thread 0x04c1a800 nmethod 913% 0x02969948 code [0x02969c50, 0x0296b024]
Event: 11.371 Thread 0x04c1a800  914             sun.misc.URLClassPath$JarLoader::access$400 (5 bytes)
Event: 11.371 Thread 0x04c1a800 nmethod 914 0x0296be88 code [0x0296bf80, 0x0296bff0]
Event: 11.414 Thread 0x04c1a800  915             sun.nio.cs.UTF_8$Encoder::encodeArrayLoop (489 bytes)

GC Heap History (10 events):
Event: 4.230 GC heap before
{Heap before GC invocations=30 (full 2):
 def new generation   total 44608K, used 42143K [0x0f200000, 0x12260000, 0x14750000)
  eden space 39680K, 100% used [0x0f200000, 0x118c0000, 0x118c0000)
  from space 4928K,  49% used [0x11d90000, 0x11ff7d78, 0x12260000)
  to   space 4928K,   0% used [0x118c0000, 0x118c0000, 0x11d90000)
 tenured generation   total 153860K, used 116779K [0x14750000, 0x1dd91000, 0x1f200000)
   the space 153860K,  75% used [0x14750000, 0x1b95adb8, 0x1b95ae00, 0x1dd91000)
 Metaspace       used 8988K, capacity 9119K, committed 9216K, reserved 9600K
Event: 4.231 GC heap after
Heap after GC invocations=31 (full 2):
 def new generation   total 44608K, used 2463K [0x0f200000, 0x12260000, 0x14750000)
  eden space 39680K,   0% used [0x0f200000, 0x0f200000, 0x118c0000)
  from space 4928K,  49% used [0x118c0000, 0x11b27d78, 0x11d90000)
  to   space 4928K,   0% used [0x11d90000, 0x11d90000, 0x12260000)
 tenured generation   total 153860K, used 116779K [0x14750000, 0x1dd91000, 0x1f200000)
   the space 153860K,  75% used [0x14750000, 0x1b95adb8, 0x1b95ae00, 0x1dd91000)
 Metaspace       used 8988K, capacity 9119K, committed 9216K, reserved 9600K
}
Event: 4.442 GC heap before
{Heap before GC invocations=31 (full 2):
 def new generation   total 44608K, used 42143K [0x0f200000, 0x12260000, 0x14750000)
  eden space 39680K, 100% used [0x0f200000, 0x118c0000, 0x118c0000)
  from space 4928K,  49% used [0x118c0000, 0x11b27d78, 0x11d90000)
  to   space 4928K,   0% used [0x11d90000, 0x11d90000, 0x12260000)
 tenured generation   total 153860K, used 116779K [0x14750000, 0x1dd91000, 0x1f200000)
   the space 153860K,  75% used [0x14750000, 0x1b95adb8, 0x1b95ae00, 0x1dd91000)
 Metaspace       used 8988K, capacity 9119K, committed 9216K, reserved 9600K
Event: 4.443 GC heap after
Heap after GC invocations=32 (full 2):
 def new generation   total 44608K, used 2463K [0x0f200000, 0x12260000, 0x14750000)
  eden space 39680K,   0% used [0x0f200000, 0x0f200000, 0x118c0000)
  from space 4928K,  49% used [0x11d90000, 0x11ff7d78, 0x12260000)
  to   space 4928K,   0% used [0x118c0000, 0x118c0000, 0x11d90000)
 tenured generation   total 153860K, used 116779K [0x14750000, 0x1dd91000, 0x1f200000)
   the space 153860K,  75% used [0x14750000, 0x1b95adb8, 0x1b95ae00, 0x1dd91000)
 Metaspace       used 8988K, capacity 9119K, committed 9216K, reserved 9600K
}
Event: 4.654 GC heap before
{Heap before GC invocations=32 (full 2):
 def new generation   total 44608K, used 42143K [0x0f200000, 0x12260000, 0x14750000)
  eden space 39680K, 100% used [0x0f200000, 0x118c0000, 0x118c0000)
  from space 4928K,  49% used [0x11d90000, 0x11ff7d78, 0x12260000)
  to   space 4928K,   0% used [0x118c0000, 0x118c0000, 0x11d90000)
 tenured generation   total 153860K, used 116779K [0x14750000, 0x1dd91000, 0x1f200000)
   the space 153860K,  75% used [0x14750000, 0x1b95adb8, 0x1b95ae00, 0x1dd91000)
 Metaspace       used 8988K, capacity 9119K, committed 9216K, reserved 9600K
Event: 4.656 GC heap after
Heap after GC invocations=33 (full 2):
 def new generation   total 44608K, used 2463K [0x0f200000, 0x12260000, 0x14750000)
  eden space 39680K,   0% used [0x0f200000, 0x0f200000, 0x118c0000)
  from space 4928K,  49% used [0x118c0000, 0x11b27d78, 0x11d90000)
  to   space 4928K,   0% used [0x11d90000, 0x11d90000, 0x12260000)
 tenured generation   total 153860K, used 116779K [0x14750000, 0x1dd91000, 0x1f200000)
   the space 153860K,  75% used [0x14750000, 0x1b95adb8, 0x1b95ae00, 0x1dd91000)
 Metaspace       used 8988K, capacity 9119K, committed 9216K, reserved 9600K
}
Event: 5.954 GC heap before
{Heap before GC invocations=33 (full 2):
 def new generation   total 44608K, used 42143K [0x0f200000, 0x12260000, 0x14750000)
  eden space 39680K, 100% used [0x0f200000, 0x118c0000, 0x118c0000)
  from space 4928K,  49% used [0x118c0000, 0x11b27d78, 0x11d90000)
  to   space 4928K,   0% used [0x11d90000, 0x11d90000, 0x12260000)
 tenured generation   total 153860K, used 116779K [0x14750000, 0x1dd91000, 0x1f200000)
   the space 153860K,  75% used [0x14750000, 0x1b95adb8, 0x1b95ae00, 0x1dd91000)
 Metaspace       used 12351K, capacity 12526K, committed 12672K, reserved 12672K
Event: 5.959 GC heap after
Heap after GC invocations=34 (full 2):
 def new generation   total 44608K, used 3011K [0x0f200000, 0x12260000, 0x14750000)
  eden space 39680K,   0% used [0x0f200000, 0x0f200000, 0x118c0000)
  from space 4928K,  61% used [0x11d90000, 0x12080c88, 0x12260000)
  to   space 4928K,   0% used [0x118c0000, 0x118c0000, 0x11d90000)
 tenured generation   total 153860K, used 116779K [0x14750000, 0x1dd91000, 0x1f200000)
   the space 153860K,  75% used [0x14750000, 0x1b95adb8, 0x1b95ae00, 0x1dd91000)
 Metaspace       used 12351K, capacity 12526K, committed 12672K, reserved 12672K
}
Event: 6.264 GC heap before
{Heap before GC invocations=34 (full 2):
 def new generation   total 44608K, used 21641K [0x0f200000, 0x12260000, 0x14750000)
  eden space 39680K,  46% used [0x0f200000, 0x10431b70, 0x118c0000)
  from space 4928K,  61% used [0x11d90000, 0x12080c88, 0x12260000)
  to   space 4928K,   0% used [0x118c0000, 0x118c0000, 0x11d90000)
 tenured generation   total 153860K, used 116779K [0x14750000, 0x1dd91000, 0x1f200000)
   the space 153860K,  75% used [0x14750000, 0x1b95adb8, 0x1b95ae00, 0x1dd91000)
 Metaspace       used 14927K, capacity 15086K, committed 15148K, reserved 15744K
Event: 6.284 GC heap after
Heap after GC invocations=35 (full 3):
 def new generation   total 78656K, used 0K [0x0f200000, 0x14750000, 0x14750000)
  eden space 69952K,   0% used [0x0f200000, 0x0f200000, 0x13650000)
  from space 8704K,   0% used [0x13650000, 0x13650000, 0x13ed0000)
  to   space 8704K,   0% used [0x13ed0000, 0x13ed0000, 0x14750000)
 tenured generation   total 174784K, used 120841K [0x14750000, 0x1f200000, 0x1f200000)
   the space 174784K,  69% used [0x14750000, 0x1bd52698, 0x1bd52800, 0x1f200000)
 Metaspace       used 14927K, capacity 15086K, committed 15148K, reserved 15744K
}

Deoptimization events (0 events):
No events

Internal exceptions (10 events):
Event: 11.330 Thread 0x08646400 Exception <a 'java/security/PrivilegedActionException'> (0x11705518) thrown at [C:\re\workspace\8-2-build-windows-i586-cygwin\jdk8u31\2394\hotspot\src\share\vm\prims\jvm.cpp, line 1312]
Event: 11.370 Thread 0x08643800 Exception <a 'java/security/PrivilegedActionException'> (0x116269b8) thrown at [C:\re\workspace\8-2-build-windows-i586-cygwin\jdk8u31\2394\hotspot\src\share\vm\prims\jvm.cpp, line 1312]
Event: 11.371 Thread 0x08643800 Exception <a 'java/security/PrivilegedActionException'> (0x11631ce0) thrown at [C:\re\workspace\8-2-build-windows-i586-cygwin\jdk8u31\2394\hotspot\src\share\vm\prims\jvm.cpp, line 1312]
Event: 11.371 Thread 0x08643800 Exception <a 'java/security/PrivilegedActionException'> (0x11639f18) thrown at [C:\re\workspace\8-2-build-windows-i586-cygwin\jdk8u31\2394\hotspot\src\share\vm\prims\jvm.cpp, line 1312]
Event: 11.372 Thread 0x08643800 Exception <a 'java/security/PrivilegedActionException'> (0x11643eb8) thrown at [C:\re\workspace\8-2-build-windows-i586-cygwin\jdk8u31\2394\hotspot\src\share\vm\prims\jvm.cpp, line 1312]
Event: 11.372 Thread 0x08643800 Exception <a 'java/security/PrivilegedActionException'> (0x11901468) thrown at [C:\re\workspace\8-2-build-windows-i586-cygwin\jdk8u31\2394\hotspot\src\share\vm\prims\jvm.cpp, line 1312]
Event: 11.372 Thread 0x08643800 Exception <a 'java/security/PrivilegedActionException'> (0x11908208) thrown at [C:\re\workspace\8-2-build-windows-i586-cygwin\jdk8u31\2394\hotspot\src\share\vm\prims\jvm.cpp, line 1312]
Event: 11.373 Thread 0x08643800 Exception <a 'java/security/PrivilegedActionException'> (0x11910580) thrown at [C:\re\workspace\8-2-build-windows-i586-cygwin\jdk8u31\2394\hotspot\src\share\vm\prims\jvm.cpp, line 1312]
Event: 11.373 Thread 0x08643800 Exception <a 'java/security/PrivilegedActionException'> (0x11918158) thrown at [C:\re\workspace\8-2-build-windows-i586-cygwin\jdk8u31\2394\hotspot\src\share\vm\prims\jvm.cpp, line 1312]
Event: 11.374 Thread 0x08643800 Exception <a 'java/security/PrivilegedActionException'> (0x11926038) thrown at [C:\re\workspace\8-2-build-windows-i586-cygwin\jdk8u31\2394\hotspot\src\share\vm\prims\jvm.cpp, line 1312]

Events (10 events):
Event: 11.378 Executing VM operation: RevokeBias
Event: 11.378 Executing VM operation: RevokeBias done
Event: 11.379 Executing VM operation: RevokeBias
Event: 11.379 Executing VM operation: RevokeBias done
Event: 11.406 Thread 0x08645000 Thread added: 0x08645000
Event: 11.407 Executing VM operation: RevokeBias
Event: 11.407 Executing VM operation: RevokeBias done
Event: 11.407 Thread 0x08645000 Thread exited: 0x08645000
Event: 11.413 Executing VM operation: RevokeBias
Event: 11.413 Executing VM operation: RevokeBias done


Dynamic libraries:
0x01350000 - 0x01380000 	C:\Program Files (x86)\Java\jdk1.8.0_31\bin\java.exe
0x77750000 - 0x778be000 	C:\Windows\SYSTEM32\ntdll.dll
0x75260000 - 0x753a0000 	C:\Windows\SYSTEM32\KERNEL32.DLL
0x75a10000 - 0x75ae7000 	C:\Windows\SYSTEM32\KERNELBASE.dll
0x6c1a0000 - 0x6c240000 	C:\Windows\system32\apphelp.dll
0x78990000 - 0x78bf5000 	C:\Windows\AppPatch\AcGenral.DLL
0x75860000 - 0x75923000 	C:\Windows\SYSTEM32\msvcrt.dll
0x77260000 - 0x772a1000 	C:\Windows\SYSTEM32\sechost.dll
0x74f50000 - 0x74f6e000 	C:\Windows\SYSTEM32\SspiCli.dll
0x77010000 - 0x77055000 	C:\Windows\SYSTEM32\SHLWAPI.dll
0x72120000 - 0x7220d000 	C:\Windows\SYSTEM32\UxTheme.dll
0x75100000 - 0x75253000 	C:\Windows\SYSTEM32\USER32.dll
0x774d0000 - 0x775de000 	C:\Windows\SYSTEM32\GDI32.dll
0x6d460000 - 0x6d483000 	C:\Windows\SYSTEM32\WINMM.dll
0x6cf00000 - 0x6cf13000 	C:\Windows\SYSTEM32\samcli.dll
0x773a0000 - 0x774c8000 	C:\Windows\SYSTEM32\ole32.dll
0x75cb0000 - 0x75d45000 	C:\Windows\SYSTEM32\OLEAUT32.dll
0x684b0000 - 0x684c7000 	C:\Windows\SYSTEM32\MSACM32.dll
0x74df0000 - 0x74df8000 	C:\Windows\SYSTEM32\VERSION.dll
0x75d60000 - 0x7700c000 	C:\Windows\SYSTEM32\SHELL32.dll
0x73160000 - 0x7317b000 	C:\Windows\SYSTEM32\USERENV.dll
0x6d330000 - 0x6d34a000 	C:\Windows\SYSTEM32\dwmapi.dll
0x6cfa0000 - 0x6d0ea000 	C:\Windows\SYSTEM32\urlmon.dll
0x75930000 - 0x759ac000 	C:\Windows\SYSTEM32\ADVAPI32.dll
0x6d600000 - 0x6d665000 	C:\Windows\SYSTEM32\WINSPOOL.DRV
0x6cf50000 - 0x6cf66000 	C:\Windows\SYSTEM32\MPR.dll
0x772e0000 - 0x7739a000 	C:\Windows\SYSTEM32\RPCRT4.dll
0x74f40000 - 0x74f4a000 	C:\Windows\SYSTEM32\CRYPTBASE.dll
0x75520000 - 0x7569d000 	C:\Windows\SYSTEM32\combase.dll
0x6d430000 - 0x6d453000 	C:\Windows\SYSTEM32\WINMMBASE.dll
0x71db0000 - 0x71dbf000 	C:\Windows\SYSTEM32\profapi.dll
0x71b30000 - 0x71d62000 	C:\Windows\SYSTEM32\iertutil.dll
0x71e50000 - 0x72025000 	C:\Windows\SYSTEM32\WININET.dll
0x74ee0000 - 0x74f34000 	C:\Windows\SYSTEM32\bcryptPrimitives.dll
0x77220000 - 0x7725c000 	C:\Windows\SYSTEM32\cfgmgr32.dll
0x6d400000 - 0x6d421000 	C:\Windows\SYSTEM32\DEVOBJ.dll
0x73480000 - 0x7350b000 	C:\Windows\SYSTEM32\SHCORE.DLL
0x75c80000 - 0x75ca7000 	C:\Windows\system32\IMM32.DLL
0x753a0000 - 0x754b3000 	C:\Windows\SYSTEM32\MSCTF.dll
0x74e00000 - 0x74e2e000 	C:\Windows\SYSTEM32\nvinit.dll
0x0f000000 - 0x0f006000 	C:\Program Files (x86)\NVIDIA Corporation\CoProcManager\_etoured.dll
0x6b660000 - 0x6b68b000 	C:\Program Files (x86)\NVIDIA Corporation\CoProcManager\nvd3d9wrap.dll
0x756a0000 - 0x75851000 	C:\Windows\SYSTEM32\SETUPAPI.dll
0x6b640000 - 0x6b65f000 	C:\Program Files (x86)\NVIDIA Corporation\CoProcManager\nvdxgiwrap.dll
0x72f40000 - 0x73146000 	C:\Windows\WinSxS\x86_microsoft.windows.common-controls_6595b64144ccf1df_6.0.9600.17415_none_a9ed7f470139b3c1\COMCTL32.dll
0x6be80000 - 0x6befd000 	C:\Program Files (x86)\AVG\AVG2015\avghookx.dll
0x77970000 - 0x77a2f000 	C:\Program Files (x86)\Java\jdk1.8.0_31\jre\bin\msvcr100.dll
0x6c9f0000 - 0x6cd94000 	C:\Program Files (x86)\Java\jdk1.8.0_31\jre\bin\client\jvm.dll
0x6d0f0000 - 0x6d0f8000 	C:\Windows\SYSTEM32\WSOCK32.dll
0x75d50000 - 0x75d56000 	C:\Windows\SYSTEM32\PSAPI.DLL
0x77060000 - 0x770b0000 	C:\Windows\SYSTEM32\WS2_32.dll
0x772b0000 - 0x772b7000 	C:\Windows\SYSTEM32\NSI.dll
0x67030000 - 0x6703c000 	C:\Program Files (x86)\Java\jdk1.8.0_31\jre\bin\verify.dll
0x5f030000 - 0x5f051000 	C:\Program Files (x86)\Java\jdk1.8.0_31\jre\bin\java.dll
0x60320000 - 0x60333000 	C:\Program Files (x86)\Java\jdk1.8.0_31\jre\bin\zip.dll
0x6c760000 - 0x6c8a6000 	C:\Program Files (x86)\Java\jdk1.8.0_31\jre\bin\awt.dll
0x74de0000 - 0x74de9000 	C:\Windows\SYSTEM32\kernel.appcore.dll
0x61e70000 - 0x62043000 	C:\Windows\system32\d3d9.dll
0x69940000 - 0x69a1e000 	C:\Windows\SYSTEM32\nvumdshim.dll
0x5d690000 - 0x5ed6e000 	C:\Windows\system32\igdumdim32.dll
0x67070000 - 0x678e8000 	C:\Windows\SYSTEM32\igdusc32.dll
0x51480000 - 0x514b9000 	C:\Program Files (x86)\Java\jdk1.8.0_31\jre\bin\fontmanager.dll
0x5ffb0000 - 0x5ffc5000 	C:\Program Files (x86)\Java\jdk1.8.0_31\jre\bin\net.dll
0x6d1c0000 - 0x6d20b000 	C:\Windows\system32\mswsock.dll
0x67020000 - 0x6702f000 	C:\Program Files (x86)\Java\jdk1.8.0_31\jre\bin\nio.dll
0x51450000 - 0x51480000 	C:\Program Files (x86)\Java\jdk1.8.0_31\jre\bin\t2k.dll
0x51430000 - 0x51450000 	C:\Program Files (x86)\Java\jdk1.8.0_31\jre\bin\sunec.dll
0x66970000 - 0x66979000 	C:\Program Files (x86)\Java\jdk1.8.0_31\jre\bin\sunmscapi.dll
0x74f70000 - 0x750f8000 	C:\Windows\SYSTEM32\CRYPT32.dll
0x75af0000 - 0x75afe000 	C:\Windows\SYSTEM32\MSASN1.dll
0x6f340000 - 0x6f359000 	C:\Windows\SYSTEM32\CRYPTSP.dll
0x6f310000 - 0x6f340000 	C:\Windows\system32\rsaenh.dll
0x6f040000 - 0x6f05e000 	C:\Windows\SYSTEM32\bcrypt.dll
0x732c0000 - 0x732e0000 	C:\Windows\SYSTEM32\IPHLPAPI.DLL
0x71e40000 - 0x71e48000 	C:\Windows\SYSTEM32\WINNSI.DLL
0x75bf0000 - 0x75c7d000 	C:\Windows\SYSTEM32\clbcatq.dll
0x6ac00000 - 0x6ac13000 	C:\Windows\SYSTEM32\dhcpcsvc6.DLL
0x6bf30000 - 0x6bf44000 	C:\Windows\SYSTEM32\dhcpcsvc.DLL
0x6bfb0000 - 0x6bfc1000 	C:\Windows\system32\napinsp.dll
0x6bf90000 - 0x6bfa6000 	C:\Windows\system32\pnrpnsp.dll
0x6bf70000 - 0x6bf84000 	C:\Windows\system32\NLAapi.dll
0x6c2e0000 - 0x6c35e000 	C:\Windows\SYSTEM32\DNSAPI.dll
0x6bf60000 - 0x6bf6a000 	C:\Windows\System32\winrnr.dll
0x6bf50000 - 0x6bf60000 	C:\Windows\system32\wshbth.dll
0x6c2b0000 - 0x6c2d1000 	C:\Program Files (x86)\Bonjour\mdnsNSP.dll
0x6c2a0000 - 0x6c2a8000 	C:\Windows\System32\rasadhlp.dll
0x6c250000 - 0x6c296000 	C:\Windows\System32\fwpuclnt.dll
0x511e0000 - 0x51205000 	C:\Program Files (x86)\Java\jdk1.8.0_31\jre\bin\jpeg.dll
0x59010000 - 0x5917b000 	C:\Windows\SYSTEM32\WindowsCodecs.dll
0x5f020000 - 0x5f02a000 	C:\Program Files (x86)\Java\jdk1.8.0_31\jre\bin\management.dll
0x0a860000 - 0x0be2f000 	C:\Users\Piotr\AppData\Local\Temp\xuggle\xuggle4661438803649319398.dll
0x511c0000 - 0x511d4000 	C:\Windows\SYSTEM32\AVICAP32.DLL
0x50050000 - 0x50073000 	C:\Windows\SYSTEM32\MSVFW32.dll
0x57fc0000 - 0x57fca000 	C:\Program Files (x86)\Java\jdk1.8.0_31\jre\bin\jsound.dll
0x51420000 - 0x51429000 	C:\Program Files (x86)\Java\jdk1.8.0_31\jre\bin\jsoundds.dll
0x605e0000 - 0x60661000 	C:\Windows\SYSTEM32\DSOUND.dll
0x6bcd0000 - 0x6bd10000 	C:\Windows\SYSTEM32\POWRPROF.dll
0x645f0000 - 0x64643000 	C:\Windows\SYSTEM32\MMDevAPI.DLL
0x60050000 - 0x60086000 	C:\Windows\SYSTEM32\wdmaud.drv
0x6c060000 - 0x6c067000 	C:\Windows\SYSTEM32\ksuser.dll
0x73470000 - 0x7347a000 	C:\Windows\SYSTEM32\AVRT.dll
0x64650000 - 0x646b0000 	C:\Windows\SYSTEM32\AUDIOSES.DLL
0x6ac90000 - 0x6ac99000 	C:\Windows\SYSTEM32\msacm32.drv
0x6ac80000 - 0x6ac88000 	C:\Windows\SYSTEM32\midimap.dll
0x784d0000 - 0x7858e000 	C:\Users\Piotr\AppData\Local\Temp\javacpp35713668163878\msvcr100.dll
0x77900000 - 0x77969000 	C:\Users\Piotr\AppData\Local\Temp\javacpp35713668163878\msvcp100.dll
0x0d440000 - 0x0d646000 	C:\Users\Piotr\AppData\Local\Temp\javacpp35713668163878\opencv_core249.dll
0x0d650000 - 0x0d798000 	C:\Users\Piotr\AppData\Local\Temp\javacpp35713668163878\jniopencv_core.dll
0x0d7a0000 - 0x0da0d000 	C:\Users\Piotr\AppData\Local\Temp\javacpp35713668163878\opencv_imgproc249.dll
0x0da10000 - 0x0da90000 	C:\Users\Piotr\AppData\Local\Temp\javacpp35713668163878\jniopencv_imgproc.dll
0x0da90000 - 0x0e9c6000 	C:\Users\Piotr\AppData\Local\Temp\javacpp35713668163878\opencv_ffmpeg249.dll
0x0e9d0000 - 0x0ebd7000 	C:\Users\Piotr\AppData\Local\Temp\javacpp35713668163878\opencv_highgui249.dll
0x50030000 - 0x5004a000 	C:\Windows\SYSTEM32\AVIFIL32.dll
0x778c0000 - 0x778fc000 	C:\Users\Piotr\AppData\Local\Temp\javacpp35713668163878\jniopencv_highgui.dll
0x6c070000 - 0x6c084000 	C:\Windows\SYSTEM32\devenum.dll
0x71380000 - 0x713a8000 	C:\Windows\SYSTEM32\ntmarta.dll
0x75bb0000 - 0x75bed000 	C:\Windows\SYSTEM32\WINTRUST.dll
0x6c0d0000 - 0x6c0db000 	C:\Windows\SYSTEM32\msdmo.dll
0x0d3e0000 - 0x0d411000 	C:\Windows\SYSTEM32\qcap.dll
0x35120000 - 0x352bf000 	C:\Windows\SYSTEM32\quartz.dll
0x6c090000 - 0x6c0d0000 	C:\Windows\SYSTEM32\ksproxy.ax
0x6c050000 - 0x6c05c000 	C:\Windows\SYSTEM32\vidcap.ax
0x6c030000 - 0x6c04f000 	C:\Windows\SYSTEM32\kswdmcap.ax
0x5ef10000 - 0x5f014000 	C:\Windows\SYSTEM32\MFC42.dll
0x5ee60000 - 0x5ef09000 	C:\Windows\SYSTEM32\ODBC32.dll
0x0ef50000 - 0x0efde000 	C:\Windows\SYSTEM32\qedit.dll
0x75b10000 - 0x75bab000 	C:\Windows\SYSTEM32\COMDLG32.dll
0x6d490000 - 0x6d600000 	C:\Windows\WinSxS\x86_microsoft.windows.gdiplus_6595b64144ccf1df_1.1.9600.17415_none_dad8722c5bcc2d8f\gdiplus.dll

VM Arguments:
jvm_args: -Dfile.encoding=UTF-8 
java_command: wideokomunikator.main
java_class_path (initial): D:\Programowanie\javacv\javacv-bin\ffmpeg.jar;D:\Programowanie\javacv\javacv-bin\javacpp.jar;D:\Programowanie\javacv\javacv-bin\javacv.jar;D:\Programowanie\javacv\javacv-bin\opencv.jar;C:\Program Files\Java\jdk1.8.0_05\db\lib\derby.jar;C:\Program Files\Java\jdk1.8.0_05\db\lib\derbyclient.jar;C:\Program Files\Java\jdk1.8.0_05\db\lib\derbytools.jar;C:\Program Files\Java\jdk1.8.0_05\db\lib\derbynet.jar;D:\Programowanie\xuggle-xuggler-5.4.jar;D:\Programowanie\slf4j-simple-1.7.10.jar;D:\Programowanie\slf4j-api-1.7.10.jar;D:\Programowanie\javacv\javacv-bin\opencv-linux-x86.jar;D:\Programowanie\javacv\javacv-bin\opencv-linux-x86_64.jar;D:\Programowanie\javacv\javacv-bin\opencv-macosx-x86_64.jar;D:\Programowanie\javacv\javacv-bin\opencv-windows-x86.jar;D:\Programowanie\javacv\javacv-bin\opencv-windows-x86_64.jar;C:\Users\Piotr\Documents\NetBeansProjects\Wideokomunikator\build\classes
Launcher Type: SUN_STANDARD

Environment Variables:
JAVA_HOME=C:\Program Files\Java\jdk1.8.0_05
CLASSPATH=.;C:\PROGRA~2\JMF2.1.1e\lib\sound.jar;C:\PROGRA~2\JMF2.1.1e\lib\jmf.jar;C:\PROGRA~2\JMF2.1.1e\lib;.;.;.;c:\PROGRA~2\java\JMF21~1.1E\lib\sound.jar;c:\PROGRA~2\java\JMF21~1.1E\lib\jmf.jar;c:\PROGRA~2\java\JMF21~1.1E\lib;
PATH=C:\Program Files (x86)\NVIDIA Corporation\PhysX\Common;C:\ProgramData\Oracle\Java\javapath;C:\Python34\;C:\Python34\Scripts;C:\Program Files (x86)\Intel\iCLS Client\;C:\Program Files\Intel\iCLS Client\;C:\Windows\system32;C:\Windows;C:\Windows\System32\Wbem;C:\Windows\System32\WindowsPowerShell\v1.0\;C:\Program Files\Intel\Intel(R) Management Engine Components\DAL;C:\Program Files\Intel\Intel(R) Management Engine Components\IPT;C:\Program Files (x86)\Intel\Intel(R) Management Engine Components\DAL;C:\Program Files (x86)\Intel\Intel(R) Management Engine Components\IPT;C:\Program Files\nodejs\;C:\Windows\Microsoft.NET\Framework\v4.0.30319;C:\Program Files\Microsoft SQL Server\110\Tools\Binn\;C:\Program Files\Java\jdk1.8.0_05\bin;C:\Program Files\apache-ant-1.9.4\bin;C:\Program Files (x86)\QuickTime\QTSystem\;c:\PROGRA~2\java\JMF21~1.1E\lib;C:\Users\Piotr\AppData\Roaming\npm;C:\Program Files (x86)\Bitvise SSH Client;C:\Program Files\Java\jdk1.8.0_05\bin
USERNAME=Piotr
OS=Windows_NT
PROCESSOR_IDENTIFIER=Intel64 Family 6 Model 60 Stepping 3, GenuineIntel



---------------  S Y S T E M  ---------------

OS: Windows 8.1 , 64 bit Build 9600 

CPU:total 8 (4 cores per cpu, 2 threads per core) family 6 model 60 stepping 3, cmov, cx8, fxsr, mmx, sse, sse2, sse3, ssse3, sse4.1, sse4.2, popcnt, avx, avx2, aes, clmul, erms, lzcnt, ht, tsc, tscinvbit, bmi1, bmi2

Memory: 4k page, physical 15910992k(10597688k free), swap 36390992k(29277316k free)

vm_info: Java HotSpot(TM) Client VM (25.31-b07) for windows-x86 JRE (1.8.0_31-b13), built on Dec 17 2014 20:46:12 by "java_re" with MS VC++ 10.0 (VS2010)

time: Wed Mar 04 17:44:15 2015
elapsed time: 11 seconds (0d 0h 0m 11s)

