#
# A fatal error has been detected by the Java Runtime Environment:
#
#  EXCEPTION_ACCESS_VIOLATION (0xc0000005) at pc=0x0d8521ff, pid=5828, tid=7020
#
# JRE version: Java(TM) SE Runtime Environment (8.0_31-b13) (build 1.8.0_31-b13)
# Java VM: Java HotSpot(TM) Client VM (25.31-b07 mixed mode windows-x86 )
# Problematic frame:
# C  0x0d8521ff
#
# Failed to write core dump. Minidumps are not enabled by default on client versions of Windows
#
# If you would like to submit a bug report, please visit:
#   http://bugreport.java.com/bugreport/crash.jsp
# The crash happened outside the Java Virtual Machine in native code.
# See problematic frame for where to report the bug.
#

---------------  T H R E A D  ---------------

Current thread (0x08f57800):  JavaThread "Thread-59" [_thread_in_native, id=7020, stack(0x09be0000,0x09c30000)]

siginfo: ExceptionCode=0xc0000005, reading address 0x00008480

Registers:
EAX=0x00008480, EBX=0x00008740, ECX=0x09c2ebb0, EDX=0x00008480
ESP=0x09c2eb84, EBP=0x00000160, ESI=0x00000160, EDI=0x00000010
EIP=0x0d8521ff, EFLAGS=0x00010287

Top of Stack: (sp=0x09c2eb84)
0x09c2eb84:   09c2ebb0 00000010 0d8526dd 00000160
0x09c2eb94:   00000010 00008740 00000160 00000160
0x09c2eba4:   0000000c 0d8547ee 00000160 00000000
0x09c2ebb4:   00000000 0000020d 000001b9 00000000
0x09c2ebc4:   00000000 20a7d270 09c2edd8 00000000
0x09c2ebd4:   00000000 20a7d2ed 20a7d270 20a36480
0x09c2ebe4:   00000000 00000000 0d96d7a4 02fc03b2
0x09c2ebf4:   09c2f2d0 09276410 09c2ee00 09c2ec7c 

Instructions: (pc=0x0d8521ff)
0x0d8521df:   90 83 ec 08 89 34 24 8b 74 24 0c 89 7c 24 04 89
0x0d8521ef:   cf 89 f1 f7 d9 8d 14 4a 89 c1 89 d0 66 0f ef ff
0x0d8521ff:   f3 0f 7e 00 01 f0 f3 0f 7e 08 01 f0 f3 0f 7e 10
0x0d85220f:   01 f0 f3 0f 7e 18 01 f0 f3 0f 7e 20 01 f0 66 0f 


Register to memory mapping:

EAX=0x00008480 is an unknown value
EBX=0x00008740 is an unknown value
ECX=0x09c2ebb0 is pointing into the stack for thread: 0x08f57800
EDX=0x00008480 is an unknown value
ESP=0x09c2eb84 is pointing into the stack for thread: 0x08f57800
EBP=0x00000160 is an unknown value
ESI=0x00000160 is an unknown value
EDI=0x00000010 is an unknown value


Stack: [0x09be0000,0x09c30000],  sp=0x09c2eb84,  free space=314k
Native frames: (J=compiled Java code, j=interpreted, Vv=VM code, C=native code)
C  0x0d8521ff

Java frames: (J=compiled Java code, j=interpreted, Vv=VM code)
j  com.xuggle.xuggler.XugglerJNI.IStreamCoder_decodeVideo(JLcom/xuggle/xuggler/IStreamCoder;JLcom/xuggle/xuggler/IVideoPicture;JLcom/xuggle/xuggler/IPacket;I)I+0
j  com.xuggle.xuggler.IStreamCoder.decodeVideo(Lcom/xuggle/xuggler/IVideoPicture;Lcom/xuggle/xuggler/IPacket;I)I+16
j  wideokomunikator.audiovideo.AudioVideo.decodeVideo(Lcom/xuggle/xuggler/IPacket;I)V+58
j  wideokomunikator.audiovideo.AudioVideo.access$1400(Lwideokomunikator/audiovideo/AudioVideo;Lcom/xuggle/xuggler/IPacket;I)V+3
j  wideokomunikator.audiovideo.AudioVideo$Hendler.run()V+135
v  ~StubRoutines::call_stub

---------------  P R O C E S S  ---------------

Java Threads: ( => current thread )
=>0x08f57800 JavaThread "Thread-59" [_thread_in_native, id=7020, stack(0x09be0000,0x09c30000)]
  0x08f55800 JavaThread "Thread-17" [_thread_in_Java, id=8024, stack(0x1f740000,0x1f790000)]
  0x08f55400 JavaThread "Thread-16" [_thread_blocked, id=6596, stack(0x1f6b0000,0x1f700000)]
  0x08f56c00 JavaThread "Thread-19" [_thread_in_native, id=1544, stack(0x1f620000,0x1f670000)]
  0x08f56400 JavaThread "Thread-18" [_thread_in_native, id=8716, stack(0x1f590000,0x1f5e0000)]
  0x08f58c00 JavaThread "Java Sound Event Dispatcher" daemon [_thread_blocked, id=7948, stack(0x0ba90000,0x0bae0000)]
  0x08f58000 JavaThread "derby.rawStoreDaemon" daemon [_thread_blocked, id=2484, stack(0x0b260000,0x0b2b0000)]
  0x08f57400 JavaThread "DRDAConnThread_2" daemon [_thread_in_native, id=748, stack(0x0b1d0000,0x0b220000)]
  0x08f56000 JavaThread "NetworkServerThread_1" daemon [_thread_in_native, id=992, stack(0x0b040000,0x0b090000)]
  0x08e6b400 JavaThread "derby.NetworkServerStarter" daemon [_thread_blocked, id=6368, stack(0x0afb0000,0x0b000000)]
  0x08ef9000 JavaThread "Timer-0" daemon [_thread_blocked, id=8644, stack(0x0ae20000,0x0ae70000)]
  0x08d2c800 JavaThread "D3D Screen Updater" daemon [_thread_blocked, id=1308, stack(0x0a060000,0x0a0b0000)]
  0x02e8c800 JavaThread "DestroyJavaVM" [_thread_blocked, id=8860, stack(0x02de0000,0x02e30000)]
  0x05f5ac00 JavaThread "Thread-4" [_thread_in_native, id=3320, stack(0x09620000,0x09670000)]
  0x05f5a000 JavaThread "Thread-3" [_thread_blocked, id=6588, stack(0x09590000,0x095e0000)]
  0x05e41000 JavaThread "TimerQueue" daemon [_thread_blocked, id=7896, stack(0x085b0000,0x08600000)]
  0x05e10800 JavaThread "AWT-EventQueue-0" [_thread_blocked, id=6912, stack(0x08520000,0x08570000)]
  0x05dc3000 JavaThread "AWT-Windows" daemon [_thread_in_native, id=3008, stack(0x06620000,0x06670000)]
  0x05d99800 JavaThread "AWT-Shutdown" [_thread_blocked, id=6228, stack(0x06590000,0x065e0000)]
  0x05d98c00 JavaThread "Java2D Disposer" daemon [_thread_blocked, id=1312, stack(0x06500000,0x06550000)]
  0x0562f800 JavaThread "Service Thread" daemon [_thread_blocked, id=2508, stack(0x05af0000,0x05b40000)]
  0x0561a800 JavaThread "C1 CompilerThread0" daemon [_thread_blocked, id=3552, stack(0x05a60000,0x05ab0000)]
  0x05619800 JavaThread "Attach Listener" daemon [_thread_blocked, id=6720, stack(0x059d0000,0x05a20000)]
  0x05617800 JavaThread "Signal Dispatcher" daemon [_thread_blocked, id=2332, stack(0x05940000,0x05990000)]
  0x055e6800 JavaThread "Finalizer" daemon [_thread_blocked, id=8448, stack(0x058b0000,0x05900000)]
  0x02f8e800 JavaThread "Reference Handler" daemon [_thread_blocked, id=8956, stack(0x05820000,0x05870000)]

Other Threads:
  0x02f8d000 VMThread [stack: 0x05590000,0x055e0000] [id=5232]
  0x05633800 WatcherThread [stack: 0x05b80000,0x05bd0000] [id=2448]

VM state:not at safepoint (normal execution)

VM Mutex/Monitor currently owned by a thread: None

Heap:
 def new generation   total 78656K, used 64169K [0x0f200000, 0x14750000, 0x14750000)
  eden space 69952K, -2147483648% used [0x0f200000, 0x1282a630, 0x13650000)
  from space 8704K, 100% used [0x13650000, 0x13ed0000, 0x13ed0000)
  to   space 8704K,   0% used [0x13ed0000, 0x13ed0000, 0x14750000)
 tenured generation   total 174784K, used 132230K [0x14750000, 0x1f200000, 0x1f200000)
   the space 174784K,  75% used [0x14750000, 0x1c8719d8, 0x1c871a00, 0x1f200000)
 Metaspace       used 18540K, capacity 18744K, committed 18944K, reserved 19840K

Card table byte_map: [0x05040000,0x050d0000] byte_map_base: 0x04fc7000

Polling page: 0x01170000

CodeCache: size=32768Kb used=1983Kb max_used=1983Kb free=30784Kb
 bounds [0x02fc0000, 0x031b8000, 0x04fc0000]
 total_blobs=1295 nmethods=909 adapters=317
 compilation: enabled

Compilation events (10 events):
Event: 12.268 Thread 0x0561a800  927             java.nio.Buffer::<init> (121 bytes)
Event: 12.269 Thread 0x0561a800 nmethod 927 0x031a0a48 code [0x031a0c00, 0x031a111c]
Event: 12.300 Thread 0x0561a800  928             sun.java2d.d3d.D3DSurfaceData::getContext (5 bytes)
Event: 12.300 Thread 0x0561a800 nmethod 928 0x031af8c8 code [0x031af9c0, 0x031afa50]
Event: 12.318 Thread 0x0561a800  929             java.util.concurrent.atomic.AtomicBoolean::compareAndSet (35 bytes)
Event: 12.318 Thread 0x0561a800 nmethod 929 0x031afac8 code [0x031afbc0, 0x031afc80]
Event: 12.319 Thread 0x0561a800  930             java.util.concurrent.locks.ReentrantLock$NonfairSync::lock (25 bytes)
Event: 12.319 Thread 0x0561a800 nmethod 930 0x031afcc8 code [0x031afdf0, 0x031aff50]
Event: 12.351 Thread 0x0561a800  931             java.util.concurrent.atomic.AtomicInteger::incrementAndGet (14 bytes)
Event: 12.351 Thread 0x0561a800 nmethod 931 0x031b0048 code [0x031b0140, 0x031b01d0]

GC Heap History (10 events):
Event: 4.644 GC heap before
{Heap before GC invocations=32 (full 2):
 def new generation   total 44608K, used 42143K [0x0f200000, 0x12260000, 0x14750000)
  eden space 39680K, 100% used [0x0f200000, 0x118c0000, 0x118c0000)
  from space 4928K,  49% used [0x11d90000, 0x11ff7fe8, 0x12260000)
  to   space 4928K,   0% used [0x118c0000, 0x118c0000, 0x11d90000)
 tenured generation   total 153860K, used 116788K [0x14750000, 0x1dd91000, 0x1f200000)
   the space 153860K,  75% used [0x14750000, 0x1b95d0b0, 0x1b95d200, 0x1dd91000)
 Metaspace       used 9006K, capacity 9151K, committed 9216K, reserved 9600K
Event: 4.645 GC heap after
Heap after GC invocations=33 (full 2):
 def new generation   total 44608K, used 2463K [0x0f200000, 0x12260000, 0x14750000)
  eden space 39680K,   0% used [0x0f200000, 0x0f200000, 0x118c0000)
  from space 4928K,  49% used [0x118c0000, 0x11b27fe8, 0x11d90000)
  to   space 4928K,   0% used [0x11d90000, 0x11d90000, 0x12260000)
 tenured generation   total 153860K, used 116788K [0x14750000, 0x1dd91000, 0x1f200000)
   the space 153860K,  75% used [0x14750000, 0x1b95d0b0, 0x1b95d200, 0x1dd91000)
 Metaspace       used 9006K, capacity 9151K, committed 9216K, reserved 9600K
}
Event: 5.929 GC heap before
{Heap before GC invocations=33 (full 2):
 def new generation   total 44608K, used 42143K [0x0f200000, 0x12260000, 0x14750000)
  eden space 39680K, 100% used [0x0f200000, 0x118c0000, 0x118c0000)
  from space 4928K,  49% used [0x118c0000, 0x11b27fe8, 0x11d90000)
  to   space 4928K,   0% used [0x11d90000, 0x11d90000, 0x12260000)
 tenured generation   total 153860K, used 116788K [0x14750000, 0x1dd91000, 0x1f200000)
   the space 153860K,  75% used [0x14750000, 0x1b95d0b0, 0x1b95d200, 0x1dd91000)
 Metaspace       used 12337K, capacity 12494K, committed 12544K, reserved 12672K
Event: 5.935 GC heap after
Heap after GC invocations=34 (full 2):
 def new generation   total 44608K, used 2981K [0x0f200000, 0x12260000, 0x14750000)
  eden space 39680K,   0% used [0x0f200000, 0x0f200000, 0x118c0000)
  from space 4928K,  60% used [0x11d90000, 0x12079720, 0x12260000)
  to   space 4928K,   0% used [0x118c0000, 0x118c0000, 0x11d90000)
 tenured generation   total 153860K, used 116788K [0x14750000, 0x1dd91000, 0x1f200000)
   the space 153860K,  75% used [0x14750000, 0x1b95d0b0, 0x1b95d200, 0x1dd91000)
 Metaspace       used 12337K, capacity 12494K, committed 12544K, reserved 12672K
}
Event: 6.246 GC heap before
{Heap before GC invocations=34 (full 2):
 def new generation   total 44608K, used 21798K [0x0f200000, 0x12260000, 0x14750000)
  eden space 39680K,  47% used [0x0f200000, 0x10460108, 0x118c0000)
  from space 4928K,  60% used [0x11d90000, 0x12079720, 0x12260000)
  to   space 4928K,   0% used [0x118c0000, 0x118c0000, 0x11d90000)
 tenured generation   total 153860K, used 116788K [0x14750000, 0x1dd91000, 0x1f200000)
   the space 153860K,  75% used [0x14750000, 0x1b95d0b0, 0x1b95d200, 0x1dd91000)
 Metaspace       used 14958K, capacity 15086K, committed 15148K, reserved 15744K
Event: 6.265 GC heap after
Heap after GC invocations=35 (full 3):
 def new generation   total 78656K, used 0K [0x0f200000, 0x14750000, 0x14750000)
  eden space 69952K,   0% used [0x0f200000, 0x0f200000, 0x13650000)
  from space 8704K,   0% used [0x13650000, 0x13650000, 0x13ed0000)
  to   space 8704K,   0% used [0x13ed0000, 0x13ed0000, 0x14750000)
 tenured generation   total 174784K, used 120658K [0x14750000, 0x1f200000, 0x1f200000)
   the space 174784K,  69% used [0x14750000, 0x1bd24a48, 0x1bd24c00, 0x1f200000)
 Metaspace       used 14958K, capacity 15086K, committed 15148K, reserved 15744K
}
Event: 11.301 GC heap before
{Heap before GC invocations=35 (full 3):
 def new generation   total 78656K, used 69532K [0x0f200000, 0x14750000, 0x14750000)
  eden space 69952K,  99% used [0x0f200000, 0x135e7048, 0x13650000)
  from space 8704K,   0% used [0x13650000, 0x13650000, 0x13ed0000)
  to   space 8704K,   0% used [0x13ed0000, 0x13ed0000, 0x14750000)
 tenured generation   total 174784K, used 120658K [0x14750000, 0x1f200000, 0x1f200000)
   the space 174784K,  69% used [0x14750000, 0x1bd24a48, 0x1bd24c00, 0x1f200000)
 Metaspace       used 18537K, capacity 18741K, committed 18944K, reserved 19840K
Event: 11.312 GC heap after
Heap after GC invocations=36 (full 3):
 def new generation   total 78656K, used 8704K [0x0f200000, 0x14750000, 0x14750000)
  eden space 69952K,   0% used [0x0f200000, 0x0f200000, 0x13650000)
  from space 8704K, 100% used [0x13ed0000, 0x14750000, 0x14750000)
  to   space 8704K,   0% used [0x13650000, 0x13650000, 0x13ed0000)
 tenured generation   total 174784K, used 126738K [0x14750000, 0x1f200000, 0x1f200000)
   the space 174784K,  72% used [0x14750000, 0x1c314bb8, 0x1c314c00, 0x1f200000)
 Metaspace       used 18537K, capacity 18741K, committed 18944K, reserved 19840K
}
Event: 11.916 GC heap before
{Heap before GC invocations=36 (full 3):
 def new generation   total 78656K, used 78619K [0x0f200000, 0x14750000, 0x14750000)
  eden space 69952K,  99% used [0x0f200000, 0x13646c90, 0x13650000)
  from space 8704K, 100% used [0x13ed0000, 0x14750000, 0x14750000)
  to   space 8704K,   0% used [0x13650000, 0x13650000, 0x13ed0000)
 tenured generation   total 174784K, used 126738K [0x14750000, 0x1f200000, 0x1f200000)
   the space 174784K,  72% used [0x14750000, 0x1c314bb8, 0x1c314c00, 0x1f200000)
 Metaspace       used 18540K, capacity 18744K, committed 18944K, reserved 19840K
Event: 11.924 GC heap after
Heap after GC invocations=37 (full 3):
 def new generation   total 78656K, used 8704K [0x0f200000, 0x14750000, 0x14750000)
  eden space 69952K,   0% used [0x0f200000, 0x0f200000, 0x13650000)
  from space 8704K, 100% used [0x13650000, 0x13ed0000, 0x13ed0000)
  to   space 8704K,   0% used [0x13ed0000, 0x13ed0000, 0x14750000)
 tenured generation   total 174784K, used 132230K [0x14750000, 0x1f200000, 0x1f200000)
   the space 174784K,  75% used [0x14750000, 0x1c8719d8, 0x1c871a00, 0x1f200000)
 Metaspace       used 18540K, capacity 18744K, committed 18944K, reserved 19840K
}

Deoptimization events (0 events):
No events

Internal exceptions (10 events):
Event: 10.910 Thread 0x08f55800 Exception <a 'java/security/PrivilegedActionException'> (0x11612988) thrown at [C:\re\workspace\8-2-build-windows-i586-cygwin\jdk8u31\2394\hotspot\src\share\vm\prims\jvm.cpp, line 1312]
Event: 10.910 Thread 0x08f55800 Exception <a 'java/security/PrivilegedActionException'> (0x1161c928) thrown at [C:\re\workspace\8-2-build-windows-i586-cygwin\jdk8u31\2394\hotspot\src\share\vm\prims\jvm.cpp, line 1312]
Event: 10.910 Thread 0x08f55800 Exception <a 'java/security/PrivilegedActionException'> (0x11794e88) thrown at [C:\re\workspace\8-2-build-windows-i586-cygwin\jdk8u31\2394\hotspot\src\share\vm\prims\jvm.cpp, line 1312]
Event: 10.911 Thread 0x08f55800 Exception <a 'java/security/PrivilegedActionException'> (0x1179bc28) thrown at [C:\re\workspace\8-2-build-windows-i586-cygwin\jdk8u31\2394\hotspot\src\share\vm\prims\jvm.cpp, line 1312]
Event: 10.911 Thread 0x08f55800 Exception <a 'java/security/PrivilegedActionException'> (0x117a3fa0) thrown at [C:\re\workspace\8-2-build-windows-i586-cygwin\jdk8u31\2394\hotspot\src\share\vm\prims\jvm.cpp, line 1312]
Event: 10.911 Thread 0x08f55800 Exception <a 'java/security/PrivilegedActionException'> (0x117abb78) thrown at [C:\re\workspace\8-2-build-windows-i586-cygwin\jdk8u31\2394\hotspot\src\share\vm\prims\jvm.cpp, line 1312]
Event: 10.912 Thread 0x08f55800 Exception <a 'java/security/PrivilegedActionException'> (0x117b9a58) thrown at [C:\re\workspace\8-2-build-windows-i586-cygwin\jdk8u31\2394\hotspot\src\share\vm\prims\jvm.cpp, line 1312]
Event: 10.917 Thread 0x08f55800 Exception <a 'java/security/PrivilegedActionException'> (0x11941310) thrown at [C:\re\workspace\8-2-build-windows-i586-cygwin\jdk8u31\2394\hotspot\src\share\vm\prims\jvm.cpp, line 1312]
Event: 10.917 Thread 0x08f55800 Exception <a 'java/security/PrivilegedActionException'> (0x11948610) thrown at [C:\re\workspace\8-2-build-windows-i586-cygwin\jdk8u31\2394\hotspot\src\share\vm\prims\jvm.cpp, line 1312]
Event: 10.947 Thread 0x08f56c00 Exception <a 'java/security/PrivilegedActionException'> (0x1166e908) thrown at [C:\re\workspace\8-2-build-windows-i586-cygwin\jdk8u31\2394\hotspot\src\share\vm\prims\jvm.cpp, line 1312]

Events (10 events):
Event: 12.298 Thread 0x08f57800 Thread added: 0x08f57800
Event: 12.299 Executing VM operation: RevokeBias
Event: 12.299 Executing VM operation: RevokeBias done
Event: 12.299 Thread 0x08f57800 Thread exited: 0x08f57800
Event: 12.318 Thread 0x08f57800 Thread added: 0x08f57800
Event: 12.319 Executing VM operation: RevokeBias
Event: 12.319 Executing VM operation: RevokeBias done
Event: 12.319 Thread 0x08f57800 Thread exited: 0x08f57800
Event: 12.350 Thread 0x08f57800 Thread added: 0x08f57800
Event: 12.350 Thread 0x08f58400 Thread added: 0x08f58400


Dynamic libraries:
0x001a0000 - 0x001d0000 	C:\Program Files (x86)\Java\jdk1.8.0_31\bin\java.exe
0x76ed0000 - 0x7703e000 	C:\Windows\SYSTEM32\ntdll.dll
0x76a90000 - 0x76bd0000 	C:\Windows\SYSTEM32\KERNEL32.DLL
0x75580000 - 0x75657000 	C:\Windows\SYSTEM32\KERNELBASE.dll
0x620c0000 - 0x62160000 	C:\Windows\system32\apphelp.dll
0x578f0000 - 0x57b55000 	C:\Windows\AppPatch\AcGenral.DLL
0x74f70000 - 0x75033000 	C:\Windows\SYSTEM32\msvcrt.dll
0x754d0000 - 0x75511000 	C:\Windows\SYSTEM32\sechost.dll
0x746d0000 - 0x746ee000 	C:\Windows\SYSTEM32\SspiCli.dll
0x75660000 - 0x756a5000 	C:\Windows\SYSTEM32\SHLWAPI.dll
0x73c50000 - 0x73d3d000 	C:\Windows\SYSTEM32\UxTheme.dll
0x74dd0000 - 0x74f23000 	C:\Windows\SYSTEM32\USER32.dll
0x746f0000 - 0x747fe000 	C:\Windows\SYSTEM32\GDI32.dll
0x6c9a0000 - 0x6c9c3000 	C:\Windows\SYSTEM32\WINMM.dll
0x6c3a0000 - 0x6c3b3000 	C:\Windows\SYSTEM32\samcli.dll
0x74bb0000 - 0x74cd8000 	C:\Windows\SYSTEM32\ole32.dll
0x75040000 - 0x750d5000 	C:\Windows\SYSTEM32\OLEAUT32.dll
0x61b00000 - 0x61b17000 	C:\Windows\SYSTEM32\MSACM32.dll
0x74620000 - 0x74628000 	C:\Windows\SYSTEM32\VERSION.dll
0x75750000 - 0x769fc000 	C:\Windows\SYSTEM32\SHELL32.dll
0x742f0000 - 0x7430b000 	C:\Windows\SYSTEM32\USERENV.dll
0x6c870000 - 0x6c88a000 	C:\Windows\SYSTEM32\dwmapi.dll
0x6c4f0000 - 0x6c63a000 	C:\Windows\SYSTEM32\urlmon.dll
0x750e0000 - 0x7515c000 	C:\Windows\SYSTEM32\ADVAPI32.dll
0x732d0000 - 0x73335000 	C:\Windows\SYSTEM32\WINSPOOL.DRV
0x733f0000 - 0x73406000 	C:\Windows\SYSTEM32\MPR.dll
0x74ce0000 - 0x74d9a000 	C:\Windows\SYSTEM32\RPCRT4.dll
0x746c0000 - 0x746ca000 	C:\Windows\SYSTEM32\CRYPTBASE.dll
0x76bd0000 - 0x76d4d000 	C:\Windows\SYSTEM32\combase.dll
0x6c970000 - 0x6c993000 	C:\Windows\SYSTEM32\WINMMBASE.dll
0x739d0000 - 0x739df000 	C:\Windows\SYSTEM32\profapi.dll
0x73790000 - 0x739c2000 	C:\Windows\SYSTEM32\iertutil.dll
0x73a70000 - 0x73c45000 	C:\Windows\SYSTEM32\WININET.dll
0x74660000 - 0x746b4000 	C:\Windows\SYSTEM32\bcryptPrimitives.dll
0x74f30000 - 0x74f6c000 	C:\Windows\SYSTEM32\cfgmgr32.dll
0x6c940000 - 0x6c961000 	C:\Windows\SYSTEM32\DEVOBJ.dll
0x74590000 - 0x7461b000 	C:\Windows\SYSTEM32\SHCORE.DLL
0x76d60000 - 0x76d87000 	C:\Windows\system32\IMM32.DLL
0x75240000 - 0x75353000 	C:\Windows\SYSTEM32\MSCTF.dll
0x74630000 - 0x7465e000 	C:\Windows\SYSTEM32\nvinit.dll
0x0f000000 - 0x0f006000 	C:\Program Files (x86)\NVIDIA Corporation\CoProcManager\_etoured.dll
0x735c0000 - 0x735eb000 	C:\Program Files (x86)\NVIDIA Corporation\CoProcManager\nvd3d9wrap.dll
0x74860000 - 0x74a11000 	C:\Windows\SYSTEM32\SETUPAPI.dll
0x735a0000 - 0x735bf000 	C:\Program Files (x86)\NVIDIA Corporation\CoProcManager\nvdxgiwrap.dll
0x740d0000 - 0x742d6000 	C:\Windows\WinSxS\x86_microsoft.windows.common-controls_6595b64144ccf1df_6.0.9600.17415_none_a9ed7f470139b3c1\COMCTL32.dll
0x6b670000 - 0x6b6eb000 	C:\Program Files (x86)\AVG\AVG2015\avghookx.dll
0x5cce0000 - 0x5cd9f000 	C:\Program Files (x86)\Java\jdk1.8.0_31\jre\bin\msvcr100.dll
0x57540000 - 0x578e4000 	C:\Program Files (x86)\Java\jdk1.8.0_31\jre\bin\client\jvm.dll
0x73540000 - 0x73548000 	C:\Windows\SYSTEM32\WSOCK32.dll
0x75570000 - 0x75576000 	C:\Windows\SYSTEM32\PSAPI.DLL
0x75160000 - 0x751b0000 	C:\Windows\SYSTEM32\WS2_32.dll
0x75560000 - 0x75567000 	C:\Windows\SYSTEM32\NSI.dll
0x62010000 - 0x6201c000 	C:\Program Files (x86)\Java\jdk1.8.0_31\jre\bin\verify.dll
0x5ccb0000 - 0x5ccd1000 	C:\Program Files (x86)\Java\jdk1.8.0_31\jre\bin\java.dll
0x5cc90000 - 0x5cca3000 	C:\Program Files (x86)\Java\jdk1.8.0_31\jre\bin\zip.dll
0x573f0000 - 0x57536000 	C:\Program Files (x86)\Java\jdk1.8.0_31\jre\bin\awt.dll
0x735f0000 - 0x735f9000 	C:\Windows\SYSTEM32\kernel.appcore.dll
0x66490000 - 0x66663000 	C:\Windows\system32\d3d9.dll
0x66120000 - 0x661fe000 	C:\Windows\SYSTEM32\nvumdshim.dll
0x5d070000 - 0x5e74e000 	C:\Windows\system32\igdumdim32.dll
0x64fe0000 - 0x65858000 	C:\Windows\SYSTEM32\igdusc32.dll
0x57fb0000 - 0x57fe9000 	C:\Program Files (x86)\Java\jdk1.8.0_31\jre\bin\fontmanager.dll
0x57f90000 - 0x57fa5000 	C:\Program Files (x86)\Java\jdk1.8.0_31\jre\bin\net.dll
0x6c700000 - 0x6c74b000 	C:\Windows\system32\mswsock.dll
0x61d50000 - 0x61d5f000 	C:\Program Files (x86)\Java\jdk1.8.0_31\jre\bin\nio.dll
0x57f60000 - 0x57f90000 	C:\Program Files (x86)\Java\jdk1.8.0_31\jre\bin\t2k.dll
0x57f40000 - 0x57f60000 	C:\Program Files (x86)\Java\jdk1.8.0_31\jre\bin\sunec.dll
0x61af0000 - 0x61af9000 	C:\Program Files (x86)\Java\jdk1.8.0_31\jre\bin\sunmscapi.dll
0x74a20000 - 0x74ba8000 	C:\Windows\SYSTEM32\CRYPT32.dll
0x76d90000 - 0x76d9e000 	C:\Windows\SYSTEM32\MSASN1.dll
0x6e790000 - 0x6e7a9000 	C:\Windows\SYSTEM32\CRYPTSP.dll
0x6e760000 - 0x6e790000 	C:\Windows\system32\rsaenh.dll
0x733d0000 - 0x733ee000 	C:\Windows\SYSTEM32\bcrypt.dll
0x743d0000 - 0x743f0000 	C:\Windows\SYSTEM32\IPHLPAPI.DLL
0x73a60000 - 0x73a68000 	C:\Windows\SYSTEM32\WINNSI.DLL
0x751b0000 - 0x7523d000 	C:\Windows\SYSTEM32\clbcatq.dll
0x6b710000 - 0x6b723000 	C:\Windows\SYSTEM32\dhcpcsvc6.DLL
0x6b6f0000 - 0x6b704000 	C:\Windows\SYSTEM32\dhcpcsvc.DLL
0x73580000 - 0x73591000 	C:\Windows\system32\napinsp.dll
0x73560000 - 0x73576000 	C:\Windows\system32\pnrpnsp.dll
0x6b200000 - 0x6b214000 	C:\Windows\system32\NLAapi.dll
0x6b870000 - 0x6b8ee000 	C:\Windows\SYSTEM32\DNSAPI.dll
0x73550000 - 0x7355a000 	C:\Windows\System32\winrnr.dll
0x6b1f0000 - 0x6b200000 	C:\Windows\system32\wshbth.dll
0x6b840000 - 0x6b861000 	C:\Program Files (x86)\Bonjour\mdnsNSP.dll
0x6b830000 - 0x6b838000 	C:\Windows\System32\rasadhlp.dll
0x6b7e0000 - 0x6b826000 	C:\Windows\System32\fwpuclnt.dll
0x573c0000 - 0x573e5000 	C:\Program Files (x86)\Java\jdk1.8.0_31\jre\bin\jpeg.dll
0x58850000 - 0x589bb000 	C:\Windows\SYSTEM32\WindowsCodecs.dll
0x5f190000 - 0x5f19a000 	C:\Program Files (x86)\Java\jdk1.8.0_31\jre\bin\management.dll
0x5cc40000 - 0x5cc4a000 	C:\Program Files (x86)\Java\jdk1.8.0_31\jre\bin\jsound.dll
0x573b0000 - 0x573b9000 	C:\Program Files (x86)\Java\jdk1.8.0_31\jre\bin\jsoundds.dll
0x5cda0000 - 0x5ce21000 	C:\Windows\SYSTEM32\DSOUND.dll
0x68c80000 - 0x68cc0000 	C:\Windows\SYSTEM32\POWRPROF.dll
0x68c20000 - 0x68c73000 	C:\Windows\SYSTEM32\MMDevAPI.DLL
0x5ce30000 - 0x5ce66000 	C:\Windows\SYSTEM32\wdmaud.drv
0x6b070000 - 0x6b077000 	C:\Windows\SYSTEM32\ksuser.dll
0x74410000 - 0x7441a000 	C:\Windows\SYSTEM32\AVRT.dll
0x68cc0000 - 0x68d20000 	C:\Windows\SYSTEM32\AUDIOSES.DLL
0x74400000 - 0x74409000 	C:\Windows\SYSTEM32\msacm32.drv
0x743f0000 - 0x743f8000 	C:\Windows\SYSTEM32\midimap.dll
0x572f0000 - 0x573ae000 	C:\Users\Piotr\AppData\Local\Temp\javacpp18615397474024\msvcr100.dll
0x57280000 - 0x572e9000 	C:\Users\Piotr\AppData\Local\Temp\javacpp18615397474024\msvcp100.dll
0x50700000 - 0x50906000 	C:\Users\Piotr\AppData\Local\Temp\javacpp18615397474024\opencv_core249.dll
0x50a40000 - 0x50b88000 	C:\Users\Piotr\AppData\Local\Temp\javacpp18615397474024\jniopencv_core.dll
0x50490000 - 0x506fd000 	C:\Users\Piotr\AppData\Local\Temp\javacpp18615397474024\opencv_imgproc249.dll
0x50c10000 - 0x50c90000 	C:\Users\Piotr\AppData\Local\Temp\javacpp18615397474024\jniopencv_imgproc.dll
0x70fc0000 - 0x71ef6000 	C:\Users\Piotr\AppData\Local\Temp\javacpp18615397474024\opencv_ffmpeg249.dll
0x50280000 - 0x50487000 	C:\Users\Piotr\AppData\Local\Temp\javacpp18615397474024\opencv_highgui249.dll
0x57260000 - 0x5727a000 	C:\Windows\SYSTEM32\AVIFIL32.dll
0x50a10000 - 0x50a33000 	C:\Windows\SYSTEM32\MSVFW32.dll
0x57240000 - 0x57254000 	C:\Windows\SYSTEM32\AVICAP32.dll
0x509d0000 - 0x50a0c000 	C:\Users\Piotr\AppData\Local\Temp\javacpp18615397474024\jniopencv_highgui.dll
0x6b0d0000 - 0x6b0e4000 	C:\Windows\SYSTEM32\devenum.dll
0x73750000 - 0x73778000 	C:\Windows\SYSTEM32\ntmarta.dll
0x75520000 - 0x7555d000 	C:\Windows\SYSTEM32\WINTRUST.dll
0x6b0c0000 - 0x6b0cb000 	C:\Windows\SYSTEM32\msdmo.dll
0x50990000 - 0x509c1000 	C:\Windows\SYSTEM32\qcap.dll
0x500e0000 - 0x5027f000 	C:\Windows\SYSTEM32\quartz.dll
0x6b080000 - 0x6b0c0000 	C:\Windows\SYSTEM32\ksproxy.ax
0x6b060000 - 0x6b06c000 	C:\Windows\SYSTEM32\vidcap.ax
0x6b040000 - 0x6b05f000 	C:\Windows\SYSTEM32\kswdmcap.ax
0x629c0000 - 0x62ac4000 	C:\Windows\SYSTEM32\MFC42.dll
0x62910000 - 0x629b9000 	C:\Windows\SYSTEM32\ODBC32.dll
0x50050000 - 0x500de000 	C:\Windows\SYSTEM32\qedit.dll
0x756b0000 - 0x7574b000 	C:\Windows\SYSTEM32\COMDLG32.dll
0x6c9d0000 - 0x6cb40000 	C:\Windows\WinSxS\x86_microsoft.windows.gdiplus_6595b64144ccf1df_1.1.9600.17415_none_dad8722c5bcc2d8f\gdiplus.dll
0x5e750000 - 0x5e83c000 	C:\Windows\SYSTEM32\DDRAW.dll

VM Arguments:
jvm_args: -Dfile.encoding=UTF-8 
java_command: wideokomunikator.main
java_class_path (initial): D:\Programowanie\javacv\javacv-bin\ffmpeg.jar;D:\Programowanie\javacv\javacv-bin\javacpp.jar;D:\Programowanie\javacv\javacv-bin\javacv.jar;D:\Programowanie\javacv\javacv-bin\opencv.jar;C:\Program Files\Java\jdk1.8.0_05\db\lib\derby.jar;C:\Program Files\Java\jdk1.8.0_05\db\lib\derbyclient.jar;C:\Program Files\Java\jdk1.8.0_05\db\lib\derbytools.jar;C:\Program Files\Java\jdk1.8.0_05\db\lib\derbynet.jar;D:\Programowanie\xuggle-xuggler-5.4.jar;D:\Programowanie\slf4j-simple-1.7.10.jar;D:\Programowanie\slf4j-api-1.7.10.jar;D:\Programowanie\javacv\javacv-bin\opencv-linux-x86.jar;D:\Programowanie\javacv\javacv-bin\opencv-linux-x86_64.jar;D:\Programowanie\javacv\javacv-bin\opencv-macosx-x86_64.jar;D:\Programowanie\javacv\javacv-bin\opencv-windows-x86.jar;D:\Programowanie\javacv\javacv-bin\opencv-windows-x86_64.jar;C:\Users\Piotr\Documents\NetBeansProjects\Wideokomunikator\build\classes
Launcher Type: SUN_STANDARD

Environment Variables:
JAVA_HOME=C:\Program Files\Java\jdk1.8.0_05
CLASSPATH=.;C:\PROGRA~2\JMF2.1.1e\lib\sound.jar;C:\PROGRA~2\JMF2.1.1e\lib\jmf.jar;C:\PROGRA~2\JMF2.1.1e\lib;.;.;.;c:\PROGRA~2\java\JMF21~1.1E\lib\sound.jar;c:\PROGRA~2\java\JMF21~1.1E\lib\jmf.jar;c:\PROGRA~2\java\JMF21~1.1E\lib;
PATH=C:\Program Files (x86)\NVIDIA Corporation\PhysX\Common;C:\ProgramData\Oracle\Java\javapath;C:\Python34\;C:\Python34\Scripts;C:\Program Files (x86)\Intel\iCLS Client\;C:\Program Files\Intel\iCLS Client\;C:\Windows\system32;C:\Windows;C:\Windows\System32\Wbem;C:\Windows\System32\WindowsPowerShell\v1.0\;C:\Program Files\Intel\Intel(R) Management Engine Components\DAL;C:\Program Files\Intel\Intel(R) Management Engine Components\IPT;C:\Program Files (x86)\Intel\Intel(R) Management Engine Components\DAL;C:\Program Files (x86)\Intel\Intel(R) Management Engine Components\IPT;C:\Program Files\nodejs\;C:\Windows\Microsoft.NET\Framework\v4.0.30319;C:\Program Files\Microsoft SQL Server\110\Tools\Binn\;C:\Program Files\Java\jdk1.8.0_05\bin;C:\Program Files\apache-ant-1.9.4\bin;%XUGGLE_HOME%\bin;C:\Program Files (x86)\QuickTime\QTSystem\;c:\PROGRA~2\java\JMF21~1.1E\lib;C:\Users\Piotr\AppData\Roaming\npm;C:\Program Files (x86)\Bitvise SSH Client;C:\Program Files\Java\jdk1.8.0_05\bin
USERNAME=Piotr
OS=Windows_NT
PROCESSOR_IDENTIFIER=Intel64 Family 6 Model 60 Stepping 3, GenuineIntel



---------------  S Y S T E M  ---------------

OS: Windows 8.1 , 64 bit Build 9600 

CPU:total 8 (4 cores per cpu, 2 threads per core) family 6 model 60 stepping 3, cmov, cx8, fxsr, mmx, sse, sse2, sse3, ssse3, sse4.1, sse4.2, popcnt, avx, avx2, aes, clmul, erms, lzcnt, ht, tsc, tscinvbit, bmi1, bmi2

Memory: 4k page, physical 15910992k(9433780k free), swap 36390992k(28400284k free)

vm_info: Java HotSpot(TM) Client VM (25.31-b07) for windows-x86 JRE (1.8.0_31-b13), built on Dec 17 2014 20:46:12 by "java_re" with MS VC++ 10.0 (VS2010)

time: Wed Feb 18 14:08:01 2015
elapsed time: 12 seconds (0d 0h 0m 12s)

