#
# A fatal error has been detected by the Java Runtime Environment:
#
#  EXCEPTION_ACCESS_VIOLATION (0xc0000005) at pc=0x0d1a32a0, pid=5844, tid=6816
#
# JRE version: Java(TM) SE Runtime Environment (8.0_31-b13) (build 1.8.0_31-b13)
# Java VM: Java HotSpot(TM) Client VM (25.31-b07 mixed mode windows-x86 )
# Problematic frame:
# C  0x0d1a32a0
#
# Failed to write core dump. Minidumps are not enabled by default on client versions of Windows
#
# If you would like to submit a bug report, please visit:
#   http://bugreport.java.com/bugreport/crash.jsp
# The crash happened outside the Java Virtual Machine in native code.
# See problematic frame for where to report the bug.
#

---------------  T H R E A D  ---------------

Current thread (0x08789400):  JavaThread "Thread-50" [_thread_in_native, id=6816, stack(0x09250000,0x092a0000)]

siginfo: ExceptionCode=0xc0000005, reading address 0x00000010

Registers:
EAX=0x000002c0, EBX=0x00000160, ECX=0x1f556d80, EDX=0x00000010
ESP=0x0929ed14, EBP=0x00000000, ESI=0x00000010, EDI=0x00000000
EIP=0x0d1a32a0, EFLAGS=0x00010206

Top of Stack: (sp=0x0929ed14)
0x0929ed14:   0e753300 000000f0 0cfd0243 1f556d80
0x0929ed24:   00000010 00000160 00000160 0e755f90
0x0929ed34:   00000000 00000140 000000f0 00000029
0x0929ed44:   00000051 00000000 00000000 0000000b
0x0929ed54:   0000ef08 30291d16 1e232d31 00000000
0x0929ed64:   00007c00 0e6e28c0 02020202 0d34c910
0x0929ed74:   81818181 1f556d80 00000160 0e754d90
0x0929ed84:   00000040 0e754c90 0d34cdc0 00000000 

Instructions: (pc=0x0d1a32a0)
0x0d1a3280:   83 ec 08 89 1c 24 8b 54 24 10 89 74 24 04 8b 4c
0x0d1a3290:   24 0c be 10 00 00 00 8b 5c 24 14 8d 04 1b 66 90
0x0d1a32a0:   0f 6f 02 0f 6f 62 08 0f 6f 0c 1a 0f 6f 6c 1a 08
0x0d1a32b0:   0f 7f 01 0f 7f 61 08 0f 7f 0c 19 0f 7f 6c 19 08 


Register to memory mapping:

EAX=0x000002c0 is an unknown value
EBX=0x00000160 is an unknown value
ECX=0x1f556d80 is an unknown value
EDX=0x00000010 is an unknown value
ESP=0x0929ed14 is pointing into the stack for thread: 0x08789400
EBP=0x00000000 is an unknown value
ESI=0x00000010 is an unknown value
EDI=0x00000000 is an unknown value


Stack: [0x09250000,0x092a0000],  sp=0x0929ed14,  free space=315k
Native frames: (J=compiled Java code, j=interpreted, Vv=VM code, C=native code)
C  0x0d1a32a0

Java frames: (J=compiled Java code, j=interpreted, Vv=VM code)
j  com.xuggle.xuggler.XugglerJNI.IStreamCoder_decodeVideo(JLcom/xuggle/xuggler/IStreamCoder;JLcom/xuggle/xuggler/IVideoPicture;JLcom/xuggle/xuggler/IPacket;I)I+0
j  com.xuggle.xuggler.IStreamCoder.decodeVideo(Lcom/xuggle/xuggler/IVideoPicture;Lcom/xuggle/xuggler/IPacket;I)I+16
j  wideokomunikator.audiovideo.AudioVideo.decodeVideo(Lcom/xuggle/xuggler/IPacket;I)V+58
j  wideokomunikator.audiovideo.AudioVideo.access$1400(Lwideokomunikator/audiovideo/AudioVideo;Lcom/xuggle/xuggler/IPacket;I)V+3
j  wideokomunikator.audiovideo.AudioVideo$Hendler.run()V+120
v  ~StubRoutines::call_stub

---------------  P R O C E S S  ---------------

Java Threads: ( => current thread )
=>0x08789400 JavaThread "Thread-50" [_thread_in_native, id=6816, stack(0x09250000,0x092a0000)]
  0x0878b400 JavaThread "Thread-17" [_thread_in_native, id=6136, stack(0x0f010000,0x0f060000)]
  0x0878a800 JavaThread "Thread-16" [_thread_blocked, id=7452, stack(0x0ef30000,0x0ef80000)]
  0x08789c00 JavaThread "Thread-19" [_thread_in_native, id=7308, stack(0x0eea0000,0x0eef0000)]
  0x08788800 JavaThread "Thread-18" [_thread_in_native, id=988, stack(0x0ee10000,0x0ee60000)]
  0x08532c00 JavaThread "Java Sound Event Dispatcher" daemon [_thread_blocked, id=5096, stack(0x0b0e0000,0x0b130000)]
  0x08532400 JavaThread "derby.rawStoreDaemon" daemon [_thread_blocked, id=8436, stack(0x0a9d0000,0x0aa20000)]
  0x08532000 JavaThread "DRDAConnThread_2" daemon [_thread_in_native, id=4076, stack(0x0a840000,0x0a890000)]
  0x08533800 JavaThread "NetworkServerThread_1" daemon [_thread_in_native, id=5608, stack(0x0a6b0000,0x0a700000)]
  0x054a3400 JavaThread "derby.NetworkServerStarter" daemon [_thread_blocked, id=5680, stack(0x0a620000,0x0a670000)]
  0x083d9000 JavaThread "Timer-0" daemon [_thread_blocked, id=1260, stack(0x0a490000,0x0a4e0000)]
  0x0830f800 JavaThread "D3D Screen Updater" daemon [_thread_blocked, id=2712, stack(0x09700000,0x09750000)]
  0x024cc800 JavaThread "DestroyJavaVM" [_thread_blocked, id=8608, stack(0x02390000,0x023e0000)]
  0x0553d400 JavaThread "Thread-4" [_thread_in_native, id=3112, stack(0x08c00000,0x08c50000)]
  0x05533c00 JavaThread "Thread-3" [_thread_blocked, id=2796, stack(0x08b70000,0x08bc0000)]
  0x05424000 JavaThread "TimerQueue" daemon [_thread_blocked, id=3596, stack(0x07b90000,0x07be0000)]
  0x053f4000 JavaThread "AWT-EventQueue-0" [_thread_blocked, id=1296, stack(0x07b00000,0x07b50000)]
  0x053a6000 JavaThread "AWT-Windows" daemon [_thread_in_native, id=6268, stack(0x05c20000,0x05c70000)]
  0x053a4c00 JavaThread "AWT-Shutdown" [_thread_blocked, id=1564, stack(0x05b90000,0x05be0000)]
  0x053a4000 JavaThread "Java2D Disposer" daemon [_thread_blocked, id=3204, stack(0x05b00000,0x05b50000)]
  0x04c0f800 JavaThread "Service Thread" daemon [_thread_blocked, id=192, stack(0x050d0000,0x05120000)]
  0x04bfa800 JavaThread "C1 CompilerThread0" daemon [_thread_blocked, id=8704, stack(0x05040000,0x05090000)]
  0x04bf9800 JavaThread "Attach Listener" daemon [_thread_blocked, id=8196, stack(0x04fb0000,0x05000000)]
  0x04bf7800 JavaThread "Signal Dispatcher" daemon [_thread_blocked, id=8100, stack(0x04f20000,0x04f70000)]
  0x04bc6800 JavaThread "Finalizer" daemon [_thread_blocked, id=3540, stack(0x04e90000,0x04ee0000)]
  0x0261e800 JavaThread "Reference Handler" daemon [_thread_blocked, id=3260, stack(0x04e00000,0x04e50000)]

Other Threads:
  0x0261d000 VMThread [stack: 0x04b70000,0x04bc0000] [id=6244]
  0x04c13800 WatcherThread [stack: 0x05160000,0x051b0000] [id=6808]

VM state:not at safepoint (normal execution)

VM Mutex/Monitor currently owned by a thread: None

Heap:
 def new generation   total 78656K, used 59818K [0x0f200000, 0x14750000, 0x14750000)
  eden space 69952K, -2147483648% used [0x0f200000, 0x1240c5b8, 0x13650000)
  from space 8704K,  98% used [0x13650000, 0x13eae2e8, 0x13ed0000)
  to   space 8704K,   0% used [0x13ed0000, 0x13ed0000, 0x14750000)
 tenured generation   total 174784K, used 127329K [0x14750000, 0x1f200000, 0x1f200000)
   the space 174784K,  72% used [0x14750000, 0x1c3a85e0, 0x1c3a8600, 0x1f200000)
 Metaspace       used 18539K, capacity 18744K, committed 18816K, reserved 18816K

Card table byte_map: [0x04620000,0x046b0000] byte_map_base: 0x045a7000

Polling page: 0x00860000

CodeCache: size=32768Kb used=2015Kb max_used=2015Kb free=30752Kb
 bounds [0x02620000, 0x02820000, 0x04620000]
 total_blobs=1313 nmethods=927 adapters=317
 compilation: enabled

Compilation events (10 events):
Event: 21.641 Thread 0x04bfa800  943             wideokomunikator.client.ClientConnection::access$100 (5 bytes)
Event: 21.642 Thread 0x04bfa800 nmethod 943 0x02814f88 code [0x02815080, 0x02815100]
Event: 21.946 Thread 0x04bfa800  944             sun.misc.Unsafe::getAndAddLong (27 bytes)
Event: 21.946 Thread 0x04bfa800 nmethod 944 0x02815188 code [0x02815280, 0x02815390]
Event: 21.969 Thread 0x04bfa800  945             sun.java2d.pipe.Region::dimAdd (20 bytes)
Event: 21.969 Thread 0x04bfa800 nmethod 945 0x02815408 code [0x02815500, 0x028155a0]
Event: 22.155 Thread 0x04bfa800  947             java.nio.Bits::byteOrder (20 bytes)
Event: 22.155 Thread 0x04bfa800 nmethod 947 0x02815888 code [0x02815980, 0x028159f0]
Event: 22.364 Thread 0x04bfa800  948             java.util.concurrent.atomic.AtomicBoolean::compareAndSet (35 bytes)
Event: 22.364 Thread 0x04bfa800 nmethod 948 0x02815a48 code [0x02815b40, 0x02815c00]

GC Heap History (10 events):
Event: 12.127 GC heap before
{Heap before GC invocations=40 (full 3):
 def new generation   total 78656K, used 73121K [0x0f200000, 0x14750000, 0x14750000)
  eden space 69952K, 100% used [0x0f200000, 0x13650000, 0x13650000)
  from space 8704K,  36% used [0x13ed0000, 0x141e85e8, 0x14750000)
  to   space 8704K,   0% used [0x13650000, 0x13650000, 0x13ed0000)
 tenured generation   total 174784K, used 121844K [0x14750000, 0x1f200000, 0x1f200000)
   the space 174784K,  69% used [0x14750000, 0x1be4d020, 0x1be4d200, 0x1f200000)
 Metaspace       used 16138K, capacity 16334K, committed 16384K, reserved 16768K
Event: 12.129 GC heap after
Heap after GC invocations=41 (full 3):
 def new generation   total 78656K, used 3173K [0x0f200000, 0x14750000, 0x14750000)
  eden space 69952K,   0% used [0x0f200000, 0x0f200000, 0x13650000)
  from space 8704K,  36% used [0x13650000, 0x13969500, 0x13ed0000)
  to   space 8704K,   0% used [0x13ed0000, 0x13ed0000, 0x14750000)
 tenured generation   total 174784K, used 121844K [0x14750000, 0x1f200000, 0x1f200000)
   the space 174784K,  69% used [0x14750000, 0x1be4d020, 0x1be4d200, 0x1f200000)
 Metaspace       used 16138K, capacity 16334K, committed 16384K, reserved 16768K
}
Event: 12.501 GC heap before
{Heap before GC invocations=41 (full 3):
 def new generation   total 78656K, used 73125K [0x0f200000, 0x14750000, 0x14750000)
  eden space 69952K, 100% used [0x0f200000, 0x13650000, 0x13650000)
  from space 8704K,  36% used [0x13650000, 0x13969500, 0x13ed0000)
  to   space 8704K,   0% used [0x13ed0000, 0x13ed0000, 0x14750000)
 tenured generation   total 174784K, used 121844K [0x14750000, 0x1f200000, 0x1f200000)
   the space 174784K,  69% used [0x14750000, 0x1be4d020, 0x1be4d200, 0x1f200000)
 Metaspace       used 16138K, capacity 16334K, committed 16384K, reserved 16768K
Event: 12.503 GC heap after
Heap after GC invocations=42 (full 3):
 def new generation   total 78656K, used 3173K [0x0f200000, 0x14750000, 0x14750000)
  eden space 69952K,   0% used [0x0f200000, 0x0f200000, 0x13650000)
  from space 8704K,  36% used [0x13ed0000, 0x141e9580, 0x14750000)
  to   space 8704K,   0% used [0x13650000, 0x13650000, 0x13ed0000)
 tenured generation   total 174784K, used 121844K [0x14750000, 0x1f200000, 0x1f200000)
   the space 174784K,  69% used [0x14750000, 0x1be4d020, 0x1be4d200, 0x1f200000)
 Metaspace       used 16138K, capacity 16334K, committed 16384K, reserved 16768K
}
Event: 12.876 GC heap before
{Heap before GC invocations=42 (full 3):
 def new generation   total 78656K, used 73125K [0x0f200000, 0x14750000, 0x14750000)
  eden space 69952K, 100% used [0x0f200000, 0x13650000, 0x13650000)
  from space 8704K,  36% used [0x13ed0000, 0x141e9580, 0x14750000)
  to   space 8704K,   0% used [0x13650000, 0x13650000, 0x13ed0000)
 tenured generation   total 174784K, used 121844K [0x14750000, 0x1f200000, 0x1f200000)
   the space 174784K,  69% used [0x14750000, 0x1be4d020, 0x1be4d200, 0x1f200000)
 Metaspace       used 16138K, capacity 16334K, committed 16384K, reserved 16768K
Event: 12.878 GC heap after
Heap after GC invocations=43 (full 3):
 def new generation   total 78656K, used 3173K [0x0f200000, 0x14750000, 0x14750000)
  eden space 69952K,   0% used [0x0f200000, 0x0f200000, 0x13650000)
  from space 8704K,  36% used [0x13650000, 0x13969688, 0x13ed0000)
  to   space 8704K,   0% used [0x13ed0000, 0x13ed0000, 0x14750000)
 tenured generation   total 174784K, used 121844K [0x14750000, 0x1f200000, 0x1f200000)
   the space 174784K,  69% used [0x14750000, 0x1be4d020, 0x1be4d200, 0x1f200000)
 Metaspace       used 16138K, capacity 16334K, committed 16384K, reserved 16768K
}
Event: 20.155 GC heap before
{Heap before GC invocations=43 (full 3):
 def new generation   total 78656K, used 71776K [0x0f200000, 0x14750000, 0x14750000)
  eden space 69952K,  98% used [0x0f200000, 0x134fea40, 0x13650000)
  from space 8704K,  36% used [0x13650000, 0x13969688, 0x13ed0000)
  to   space 8704K,   0% used [0x13ed0000, 0x13ed0000, 0x14750000)
 tenured generation   total 174784K, used 121844K [0x14750000, 0x1f200000, 0x1f200000)
   the space 174784K,  69% used [0x14750000, 0x1be4d020, 0x1be4d200, 0x1f200000)
 Metaspace       used 18539K, capacity 18744K, committed 18816K, reserved 18816K
Event: 20.163 GC heap after
Heap after GC invocations=44 (full 3):
 def new generation   total 78656K, used 8704K [0x0f200000, 0x14750000, 0x14750000)
  eden space 69952K,   0% used [0x0f200000, 0x0f200000, 0x13650000)
  from space 8704K, 100% used [0x13ed0000, 0x14750000, 0x14750000)
  to   space 8704K,   0% used [0x13650000, 0x13650000, 0x13ed0000)
 tenured generation   total 174784K, used 124343K [0x14750000, 0x1f200000, 0x1f200000)
   the space 174784K,  71% used [0x14750000, 0x1c0bdfe8, 0x1c0be000, 0x1f200000)
 Metaspace       used 18539K, capacity 18744K, committed 18816K, reserved 18816K
}
Event: 21.534 GC heap before
{Heap before GC invocations=44 (full 3):
 def new generation   total 78656K, used 78364K [0x0f200000, 0x14750000, 0x14750000)
  eden space 69952K,  99% used [0x0f200000, 0x13607188, 0x13650000)
  from space 8704K, 100% used [0x13ed0000, 0x14750000, 0x14750000)
  to   space 8704K,   0% used [0x13650000, 0x13650000, 0x13ed0000)
 tenured generation   total 174784K, used 124343K [0x14750000, 0x1f200000, 0x1f200000)
   the space 174784K,  71% used [0x14750000, 0x1c0bdfe8, 0x1c0be000, 0x1f200000)
 Metaspace       used 18539K, capacity 18744K, committed 18816K, reserved 18816K
Event: 21.541 GC heap after
Heap after GC invocations=45 (full 3):
 def new generation   total 78656K, used 8568K [0x0f200000, 0x14750000, 0x14750000)
  eden space 69952K,   0% used [0x0f200000, 0x0f200000, 0x13650000)
  from space 8704K,  98% used [0x13650000, 0x13eae2e8, 0x13ed0000)
  to   space 8704K,   0% used [0x13ed0000, 0x13ed0000, 0x14750000)
 tenured generation   total 174784K, used 127329K [0x14750000, 0x1f200000, 0x1f200000)
   the space 174784K,  72% used [0x14750000, 0x1c3a85e0, 0x1c3a8600, 0x1f200000)
 Metaspace       used 18539K, capacity 18744K, committed 18816K, reserved 18816K
}

Deoptimization events (0 events):
No events

Internal exceptions (10 events):
Event: 19.491 Thread 0x0878b400 Exception <a 'java/security/PrivilegedActionException'> (0x10dd2b38) thrown at [C:\re\workspace\8-2-build-windows-i586-cygwin\jdk8u31\2394\hotspot\src\share\vm\prims\jvm.cpp, line 1312]
Event: 19.491 Thread 0x0878b400 Exception <a 'java/security/PrivilegedActionException'> (0x10ddcad8) thrown at [C:\re\workspace\8-2-build-windows-i586-cygwin\jdk8u31\2394\hotspot\src\share\vm\prims\jvm.cpp, line 1312]
Event: 19.492 Thread 0x0878b400 Exception <a 'java/security/PrivilegedActionException'> (0x10de6680) thrown at [C:\re\workspace\8-2-build-windows-i586-cygwin\jdk8u31\2394\hotspot\src\share\vm\prims\jvm.cpp, line 1312]
Event: 19.492 Thread 0x0878b400 Exception <a 'java/security/PrivilegedActionException'> (0x10ded420) thrown at [C:\re\workspace\8-2-build-windows-i586-cygwin\jdk8u31\2394\hotspot\src\share\vm\prims\jvm.cpp, line 1312]
Event: 19.493 Thread 0x0878b400 Exception <a 'java/security/PrivilegedActionException'> (0x10df5798) thrown at [C:\re\workspace\8-2-build-windows-i586-cygwin\jdk8u31\2394\hotspot\src\share\vm\prims\jvm.cpp, line 1312]
Event: 19.493 Thread 0x0878b400 Exception <a 'java/security/PrivilegedActionException'> (0x10dfd370) thrown at [C:\re\workspace\8-2-build-windows-i586-cygwin\jdk8u31\2394\hotspot\src\share\vm\prims\jvm.cpp, line 1312]
Event: 19.494 Thread 0x0878b400 Exception <a 'java/security/PrivilegedActionException'> (0x10e0b250) thrown at [C:\re\workspace\8-2-build-windows-i586-cygwin\jdk8u31\2394\hotspot\src\share\vm\prims\jvm.cpp, line 1312]
Event: 19.498 Thread 0x0878b400 Exception <a 'java/security/PrivilegedActionException'> (0x11168f68) thrown at [C:\re\workspace\8-2-build-windows-i586-cygwin\jdk8u31\2394\hotspot\src\share\vm\prims\jvm.cpp, line 1312]
Event: 19.498 Thread 0x0878b400 Exception <a 'java/security/PrivilegedActionException'> (0x11170268) thrown at [C:\re\workspace\8-2-build-windows-i586-cygwin\jdk8u31\2394\hotspot\src\share\vm\prims\jvm.cpp, line 1312]
Event: 19.527 Thread 0x08789c00 Exception <a 'java/security/PrivilegedActionException'> (0x10e29de8) thrown at [C:\re\workspace\8-2-build-windows-i586-cygwin\jdk8u31\2394\hotspot\src\share\vm\prims\jvm.cpp, line 1312]

Events (10 events):
Event: 22.268 Thread 0x0878ac00 Thread added: 0x0878ac00
Event: 22.269 Executing VM operation: RevokeBias
Event: 22.270 Executing VM operation: RevokeBias done
Event: 22.270 Thread 0x0878ac00 Thread exited: 0x0878ac00
Event: 22.362 Thread 0x0878a000 Thread added: 0x0878a000
Event: 22.364 Executing VM operation: RevokeBias
Event: 22.364 Executing VM operation: RevokeBias done
Event: 22.364 Thread 0x0878a000 Thread exited: 0x0878a000
Event: 22.592 Thread 0x08789400 Thread added: 0x08789400
Event: 22.592 Thread 0x0878b800 Thread added: 0x0878b800


Dynamic libraries:
0x00320000 - 0x00350000 	C:\Program Files (x86)\Java\jdk1.8.0_31\bin\java.exe
0x770a0000 - 0x7720e000 	C:\Windows\SYSTEM32\ntdll.dll
0x75da0000 - 0x75ee0000 	C:\Windows\SYSTEM32\KERNEL32.DLL
0x763f0000 - 0x764c7000 	C:\Windows\SYSTEM32\KERNELBASE.dll
0x6ae80000 - 0x6af20000 	C:\Windows\system32\apphelp.dll
0x501b0000 - 0x50415000 	C:\Windows\AppPatch\AcGenral.DLL
0x76f00000 - 0x76fc3000 	C:\Windows\SYSTEM32\msvcrt.dll
0x76770000 - 0x767b1000 	C:\Windows\SYSTEM32\sechost.dll
0x748a0000 - 0x748be000 	C:\Windows\SYSTEM32\SspiCli.dll
0x76e90000 - 0x76ed5000 	C:\Windows\SYSTEM32\SHLWAPI.dll
0x73d60000 - 0x73e4d000 	C:\Windows\SYSTEM32\UxTheme.dll
0x767c0000 - 0x76913000 	C:\Windows\SYSTEM32\USER32.dll
0x748c0000 - 0x749ce000 	C:\Windows\SYSTEM32\GDI32.dll
0x6cde0000 - 0x6ce03000 	C:\Windows\SYSTEM32\WINMM.dll
0x6c790000 - 0x6c7a3000 	C:\Windows\SYSTEM32\samcli.dll
0x769c0000 - 0x76ae8000 	C:\Windows\SYSTEM32\ole32.dll
0x76920000 - 0x769b5000 	C:\Windows\SYSTEM32\OLEAUT32.dll
0x59450000 - 0x59467000 	C:\Windows\SYSTEM32\MSACM32.dll
0x74740000 - 0x74748000 	C:\Windows\SYSTEM32\VERSION.dll
0x74a50000 - 0x75cfc000 	C:\Windows\SYSTEM32\SHELL32.dll
0x74400000 - 0x7441b000 	C:\Windows\SYSTEM32\USERENV.dll
0x6ccb0000 - 0x6ccca000 	C:\Windows\SYSTEM32\dwmapi.dll
0x6c930000 - 0x6ca7a000 	C:\Windows\SYSTEM32\urlmon.dll
0x749d0000 - 0x74a4c000 	C:\Windows\SYSTEM32\ADVAPI32.dll
0x6cf80000 - 0x6cfe5000 	C:\Windows\SYSTEM32\WINSPOOL.DRV
0x6c7e0000 - 0x6c7f6000 	C:\Windows\SYSTEM32\MPR.dll
0x76250000 - 0x7630a000 	C:\Windows\SYSTEM32\RPCRT4.dll
0x74890000 - 0x7489a000 	C:\Windows\SYSTEM32\CRYPTBASE.dll
0x75ee0000 - 0x7605d000 	C:\Windows\SYSTEM32\combase.dll
0x6cdb0000 - 0x6cdd3000 	C:\Windows\SYSTEM32\WINMMBASE.dll
0x73ae0000 - 0x73aef000 	C:\Windows\SYSTEM32\profapi.dll
0x738a0000 - 0x73ad2000 	C:\Windows\SYSTEM32\iertutil.dll
0x73b80000 - 0x73d55000 	C:\Windows\SYSTEM32\WININET.dll
0x74830000 - 0x74884000 	C:\Windows\SYSTEM32\bcryptPrimitives.dll
0x764e0000 - 0x7651c000 	C:\Windows\SYSTEM32\cfgmgr32.dll
0x6cd80000 - 0x6cda1000 	C:\Windows\SYSTEM32\DEVOBJ.dll
0x746b0000 - 0x7473b000 	C:\Windows\SYSTEM32\SHCORE.DLL
0x76060000 - 0x76087000 	C:\Windows\system32\IMM32.DLL
0x76af0000 - 0x76c03000 	C:\Windows\SYSTEM32\MSCTF.dll
0x74750000 - 0x7477e000 	C:\Windows\SYSTEM32\nvinit.dll
0x0f000000 - 0x0f006000 	C:\Program Files (x86)\NVIDIA Corporation\CoProcManager\_etoured.dll
0x6bb90000 - 0x6bbbb000 	C:\Program Files (x86)\NVIDIA Corporation\CoProcManager\nvd3d9wrap.dll
0x76cd0000 - 0x76e81000 	C:\Windows\SYSTEM32\SETUPAPI.dll
0x6bb70000 - 0x6bb8f000 	C:\Program Files (x86)\NVIDIA Corporation\CoProcManager\nvdxgiwrap.dll
0x741e0000 - 0x743e6000 	C:\Windows\WinSxS\x86_microsoft.windows.common-controls_6595b64144ccf1df_6.0.9600.17415_none_a9ed7f470139b3c1\COMCTL32.dll
0x6b8e0000 - 0x6b95b000 	C:\Program Files (x86)\AVG\AVG2015\avghookx.dll
0x51b70000 - 0x51c2f000 	C:\Program Files (x86)\Java\jdk1.8.0_31\jre\bin\msvcr100.dll
0x77c50000 - 0x77ff4000 	C:\Program Files (x86)\Java\jdk1.8.0_31\jre\bin\client\jvm.dll
0x6c860000 - 0x6c868000 	C:\Windows\SYSTEM32\WSOCK32.dll
0x76230000 - 0x76236000 	C:\Windows\SYSTEM32\PSAPI.DLL
0x76310000 - 0x76360000 	C:\Windows\SYSTEM32\WS2_32.dll
0x764d0000 - 0x764d7000 	C:\Windows\SYSTEM32\NSI.dll
0x51b60000 - 0x51b6c000 	C:\Program Files (x86)\Java\jdk1.8.0_31\jre\bin\verify.dll
0x51ad0000 - 0x51af1000 	C:\Program Files (x86)\Java\jdk1.8.0_31\jre\bin\java.dll
0x51ab0000 - 0x51ac3000 	C:\Program Files (x86)\Java\jdk1.8.0_31\jre\bin\zip.dll
0x50060000 - 0x501a6000 	C:\Program Files (x86)\Java\jdk1.8.0_31\jre\bin\awt.dll
0x746a0000 - 0x746a9000 	C:\Windows\SYSTEM32\kernel.appcore.dll
0x63230000 - 0x63403000 	C:\Windows\system32\d3d9.dll
0x62bf0000 - 0x62cce000 	C:\Windows\SYSTEM32\nvumdshim.dll
0x5d220000 - 0x5e8fe000 	C:\Windows\system32\igdumdim32.dll
0x61bf0000 - 0x62468000 	C:\Windows\SYSTEM32\igdusc32.dll
0x50020000 - 0x50059000 	C:\Program Files (x86)\Java\jdk1.8.0_31\jre\bin\fontmanager.dll
0x50000000 - 0x50015000 	C:\Program Files (x86)\Java\jdk1.8.0_31\jre\bin\net.dll
0x6cb40000 - 0x6cb8b000 	C:\Windows\system32\mswsock.dll
0x51aa0000 - 0x51aaf000 	C:\Program Files (x86)\Java\jdk1.8.0_31\jre\bin\nio.dll
0x77c20000 - 0x77c50000 	C:\Program Files (x86)\Java\jdk1.8.0_31\jre\bin\t2k.dll
0x77c00000 - 0x77c20000 	C:\Program Files (x86)\Java\jdk1.8.0_31\jre\bin\sunec.dll
0x77bf0000 - 0x77bf9000 	C:\Program Files (x86)\Java\jdk1.8.0_31\jre\bin\sunmscapi.dll
0x76090000 - 0x76218000 	C:\Windows\SYSTEM32\CRYPT32.dll
0x765f0000 - 0x765fe000 	C:\Windows\SYSTEM32\MSASN1.dll
0x6ecf0000 - 0x6ed09000 	C:\Windows\SYSTEM32\CRYPTSP.dll
0x6ec60000 - 0x6ec90000 	C:\Windows\system32\rsaenh.dll
0x6ec40000 - 0x6ec5e000 	C:\Windows\SYSTEM32\bcrypt.dll
0x744e0000 - 0x74500000 	C:\Windows\SYSTEM32\IPHLPAPI.DLL
0x73b70000 - 0x73b78000 	C:\Windows\SYSTEM32\WINNSI.DLL
0x76360000 - 0x763ed000 	C:\Windows\SYSTEM32\clbcatq.dll
0x6b0e0000 - 0x6b0f3000 	C:\Windows\SYSTEM32\dhcpcsvc6.DLL
0x6b990000 - 0x6b9a4000 	C:\Windows\SYSTEM32\dhcpcsvc.DLL
0x6ba10000 - 0x6ba21000 	C:\Windows\system32\napinsp.dll
0x6b9f0000 - 0x6ba06000 	C:\Windows\system32\pnrpnsp.dll
0x6b9d0000 - 0x6b9e4000 	C:\Windows\system32\NLAapi.dll
0x6bc60000 - 0x6bcde000 	C:\Windows\SYSTEM32\DNSAPI.dll
0x6b9c0000 - 0x6b9ca000 	C:\Windows\System32\winrnr.dll
0x6b9b0000 - 0x6b9c0000 	C:\Windows\system32\wshbth.dll
0x6bc30000 - 0x6bc51000 	C:\Program Files (x86)\Bonjour\mdnsNSP.dll
0x6bc20000 - 0x6bc28000 	C:\Windows\System32\rasadhlp.dll
0x6bbd0000 - 0x6bc16000 	C:\Windows\System32\fwpuclnt.dll
0x77bc0000 - 0x77be5000 	C:\Program Files (x86)\Java\jdk1.8.0_31\jre\bin\jpeg.dll
0x59470000 - 0x595db000 	C:\Windows\SYSTEM32\WindowsCodecs.dll
0x77bb0000 - 0x77bba000 	C:\Program Files (x86)\Java\jdk1.8.0_31\jre\bin\management.dll
0x77ba0000 - 0x77baa000 	C:\Program Files (x86)\Java\jdk1.8.0_31\jre\bin\jsound.dll
0x77b90000 - 0x77b99000 	C:\Program Files (x86)\Java\jdk1.8.0_31\jre\bin\jsoundds.dll
0x62dc0000 - 0x62e41000 	C:\Windows\SYSTEM32\DSOUND.dll
0x6b730000 - 0x6b770000 	C:\Windows\SYSTEM32\POWRPROF.dll
0x659b0000 - 0x65a03000 	C:\Windows\SYSTEM32\MMDevAPI.DLL
0x57c80000 - 0x57cb6000 	C:\Windows\SYSTEM32\wdmaud.drv
0x6bb20000 - 0x6bb27000 	C:\Windows\SYSTEM32\ksuser.dll
0x5fb50000 - 0x5fb5a000 	C:\Windows\SYSTEM32\AVRT.dll
0x65a10000 - 0x65a70000 	C:\Windows\SYSTEM32\AUDIOSES.DLL
0x62470000 - 0x62479000 	C:\Windows\SYSTEM32\msacm32.drv
0x59440000 - 0x59448000 	C:\Windows\SYSTEM32\midimap.dll
0x77ad0000 - 0x77b8e000 	C:\Users\Piotr\AppData\Local\Temp\javacpp53937943104388\msvcr100.dll
0x77a60000 - 0x77ac9000 	C:\Users\Piotr\AppData\Local\Temp\javacpp53937943104388\msvcp100.dll
0x77850000 - 0x77a56000 	C:\Users\Piotr\AppData\Local\Temp\javacpp53937943104388\opencv_core249.dll
0x77700000 - 0x77848000 	C:\Users\Piotr\AppData\Local\Temp\javacpp53937943104388\jniopencv_core.dll
0x77490000 - 0x776fd000 	C:\Users\Piotr\AppData\Local\Temp\javacpp53937943104388\opencv_imgproc249.dll
0x77410000 - 0x77490000 	C:\Users\Piotr\AppData\Local\Temp\javacpp53937943104388\jniopencv_imgproc.dll
0x70fc0000 - 0x71ef6000 	C:\Users\Piotr\AppData\Local\Temp\javacpp53937943104388\opencv_ffmpeg249.dll
0x0b620000 - 0x0b827000 	C:\Users\Piotr\AppData\Local\Temp\javacpp53937943104388\opencv_highgui249.dll
0x773f0000 - 0x7740a000 	C:\Windows\SYSTEM32\AVIFIL32.dll
0x773c0000 - 0x773e3000 	C:\Windows\SYSTEM32\MSVFW32.dll
0x773a0000 - 0x773b4000 	C:\Windows\SYSTEM32\AVICAP32.dll
0x77360000 - 0x7739c000 	C:\Users\Piotr\AppData\Local\Temp\javacpp53937943104388\jniopencv_highgui.dll
0x60740000 - 0x60754000 	C:\Windows\SYSTEM32\devenum.dll
0x73800000 - 0x73828000 	C:\Windows\SYSTEM32\ntmarta.dll
0x765b0000 - 0x765ed000 	C:\Windows\SYSTEM32\WINTRUST.dll
0x6bb50000 - 0x6bb5b000 	C:\Windows\SYSTEM32\msdmo.dll
0x77320000 - 0x77351000 	C:\Windows\SYSTEM32\qcap.dll
0x34940000 - 0x34adf000 	C:\Windows\SYSTEM32\quartz.dll
0x5ebc0000 - 0x5ec00000 	C:\Windows\SYSTEM32\ksproxy.ax
0x60730000 - 0x6073c000 	C:\Windows\SYSTEM32\vidcap.ax
0x60710000 - 0x6072f000 	C:\Windows\SYSTEM32\kswdmcap.ax
0x5eab0000 - 0x5ebb4000 	C:\Windows\SYSTEM32\MFC42.dll
0x5ea00000 - 0x5eaa9000 	C:\Windows\SYSTEM32\ODBC32.dll
0x77290000 - 0x7731e000 	C:\Windows\SYSTEM32\qedit.dll
0x75d00000 - 0x75d9b000 	C:\Windows\SYSTEM32\COMDLG32.dll
0x6ce10000 - 0x6cf80000 	C:\Windows\WinSxS\x86_microsoft.windows.gdiplus_6595b64144ccf1df_1.1.9600.17415_none_dad8722c5bcc2d8f\gdiplus.dll
0x5e910000 - 0x5e9fc000 	C:\Windows\SYSTEM32\DDRAW.dll

VM Arguments:
jvm_args: -Dfile.encoding=UTF-8 
java_command: wideokomunikator.main
java_class_path (initial): D:\Programowanie\javacv\javacv-bin\ffmpeg.jar;D:\Programowanie\javacv\javacv-bin\javacpp.jar;D:\Programowanie\javacv\javacv-bin\javacv.jar;D:\Programowanie\javacv\javacv-bin\opencv.jar;C:\Program Files\Java\jdk1.8.0_05\db\lib\derby.jar;C:\Program Files\Java\jdk1.8.0_05\db\lib\derbyclient.jar;C:\Program Files\Java\jdk1.8.0_05\db\lib\derbytools.jar;C:\Program Files\Java\jdk1.8.0_05\db\lib\derbynet.jar;D:\Programowanie\xuggle-xuggler-5.4.jar;D:\Programowanie\slf4j-simple-1.7.10.jar;D:\Programowanie\slf4j-api-1.7.10.jar;D:\Programowanie\javacv\javacv-bin\opencv-linux-x86.jar;D:\Programowanie\javacv\javacv-bin\opencv-linux-x86_64.jar;D:\Programowanie\javacv\javacv-bin\opencv-macosx-x86_64.jar;D:\Programowanie\javacv\javacv-bin\opencv-windows-x86.jar;D:\Programowanie\javacv\javacv-bin\opencv-windows-x86_64.jar;C:\Users\Piotr\Documents\NetBeansProjects\Wideokomunikator\build\classes
Launcher Type: SUN_STANDARD

Environment Variables:
JAVA_HOME=C:\Program Files\Java\jdk1.8.0_05
CLASSPATH=.;C:\PROGRA~2\JMF2.1.1e\lib\sound.jar;C:\PROGRA~2\JMF2.1.1e\lib\jmf.jar;C:\PROGRA~2\JMF2.1.1e\lib;.;.;.;c:\PROGRA~2\java\JMF21~1.1E\lib\sound.jar;c:\PROGRA~2\java\JMF21~1.1E\lib\jmf.jar;c:\PROGRA~2\java\JMF21~1.1E\lib;
PATH=C:\Program Files (x86)\NVIDIA Corporation\PhysX\Common;C:\ProgramData\Oracle\Java\javapath;C:\Python34\;C:\Python34\Scripts;C:\Program Files (x86)\Intel\iCLS Client\;C:\Program Files\Intel\iCLS Client\;C:\Windows\system32;C:\Windows;C:\Windows\System32\Wbem;C:\Windows\System32\WindowsPowerShell\v1.0\;C:\Program Files\Intel\Intel(R) Management Engine Components\DAL;C:\Program Files\Intel\Intel(R) Management Engine Components\IPT;C:\Program Files (x86)\Intel\Intel(R) Management Engine Components\DAL;C:\Program Files (x86)\Intel\Intel(R) Management Engine Components\IPT;C:\Program Files\nodejs\;C:\Windows\Microsoft.NET\Framework\v4.0.30319;C:\Program Files\Microsoft SQL Server\110\Tools\Binn\;C:\Program Files\Java\jdk1.8.0_05\bin;C:\Program Files\apache-ant-1.9.4\bin;%XUGGLE_HOME%\bin;C:\Program Files (x86)\QuickTime\QTSystem\;c:\PROGRA~2\java\JMF21~1.1E\lib;C:\Users\Piotr\AppData\Roaming\npm;C:\Program Files (x86)\Bitvise SSH Client;C:\Program Files\Java\jdk1.8.0_05\bin
USERNAME=Piotr
OS=Windows_NT
PROCESSOR_IDENTIFIER=Intel64 Family 6 Model 60 Stepping 3, GenuineIntel



---------------  S Y S T E M  ---------------

OS: Windows 8.1 , 64 bit Build 9600 

CPU:total 8 (4 cores per cpu, 2 threads per core) family 6 model 60 stepping 3, cmov, cx8, fxsr, mmx, sse, sse2, sse3, ssse3, sse4.1, sse4.2, popcnt, avx, avx2, aes, clmul, erms, lzcnt, ht, tsc, tscinvbit, bmi1, bmi2

Memory: 4k page, physical 15910992k(10090856k free), swap 36390992k(28666272k free)

vm_info: Java HotSpot(TM) Client VM (25.31-b07) for windows-x86 JRE (1.8.0_31-b13), built on Dec 17 2014 20:46:12 by "java_re" with MS VC++ 10.0 (VS2010)

time: Tue Feb 17 23:14:55 2015
elapsed time: 22 seconds (0d 0h 0m 22s)

