#
# A fatal error has been detected by the Java Runtime Environment:
#
#  EXCEPTION_ACCESS_VIOLATION (0xc0000005) at pc=0x0d733cf0, pid=4912, tid=8708
#
# JRE version: Java(TM) SE Runtime Environment (8.0_31-b13) (build 1.8.0_31-b13)
# Java VM: Java HotSpot(TM) Client VM (25.31-b07 mixed mode windows-x86 )
# Problematic frame:
# C  0x0d733cf0
#
# Failed to write core dump. Minidumps are not enabled by default on client versions of Windows
#
# If you would like to submit a bug report, please visit:
#   http://bugreport.java.com/bugreport/crash.jsp
# The crash happened outside the Java Virtual Machine in native code.
# See problematic frame for where to report the bug.
#

---------------  T H R E A D  ---------------

Current thread (0x08db0800):  JavaThread "Thread-93" [_thread_in_native, id=8708, stack(0x09a80000,0x09ad0000)]

siginfo: ExceptionCode=0xc0000005, reading address 0x000079a8

Registers:
EAX=0x000002c0, EBX=0x00000160, ECX=0x209a0ec8, EDX=0x000079a8
ESP=0x09acf0a4, EBP=0x209a0ec8, ESI=0x00000004, EDI=0x00000150
EIP=0x0d733cf0, EFLAGS=0x00010202

Top of Stack: (sp=0x09acf0a4)
0x09acf0a4:   208b27a0 000000f0 0d57a427 209a0ec8
0x09acf0b4:   000079a8 00000160 00000000 00000001
0x09acf0c4:   00000000 00020002 00020002 00000000
0x09acf0d4:   00000000 00020002 00020002 00000000
0x09acf0e4:   00000000 00020002 00020002 00000000
0x09acf0f4:   20a9f3a9 00000000 00000000 00000003
0x09acf104:   0edc7020 209a03c0 00000160 208b4230
0x09acf114:   00000000 208b4130 000002a0 208df098 

Instructions: (pc=0x0d733cf0)
0x0d733cd0:   83 ec 08 89 1c 24 8b 54 24 10 89 74 24 04 8b 4c
0x0d733ce0:   24 0c be 04 00 00 00 8b 5c 24 14 8d 04 1b 66 90
0x0d733cf0:   0f 6e 02 0f 6e 0c 1a 0f 7e 01 0f 7e 0c 19 01 c2
0x0d733d00:   01 c1 0f 6e 02 0f 6e 0c 1a 0f 7e 01 0f 7e 0c 19 


Register to memory mapping:

EAX=0x000002c0 is an unknown value
EBX=0x00000160 is an unknown value
ECX=0x209a0ec8 is an unknown value
EDX=0x000079a8 is an unknown value
ESP=0x09acf0a4 is pointing into the stack for thread: 0x08db0800
EBP=0x209a0ec8 is an unknown value
ESI=0x00000004 is an unknown value
EDI=0x00000150 is an unknown value


Stack: [0x09a80000,0x09ad0000],  sp=0x09acf0a4,  free space=316k
Native frames: (J=compiled Java code, j=interpreted, Vv=VM code, C=native code)
C  0x0d733cf0

Java frames: (J=compiled Java code, j=interpreted, Vv=VM code)
j  com.xuggle.xuggler.XugglerJNI.IStreamCoder_decodeVideo(JLcom/xuggle/xuggler/IStreamCoder;JLcom/xuggle/xuggler/IVideoPicture;JLcom/xuggle/xuggler/IPacket;I)I+0
j  com.xuggle.xuggler.IStreamCoder.decodeVideo(Lcom/xuggle/xuggler/IVideoPicture;Lcom/xuggle/xuggler/IPacket;I)I+16
j  wideokomunikator.audiovideo.AudioVideo.decodeVideo(Lcom/xuggle/xuggler/IPacket;I)V+58
j  wideokomunikator.audiovideo.AudioVideo.access$1400(Lwideokomunikator/audiovideo/AudioVideo;Lcom/xuggle/xuggler/IPacket;I)V+3
j  wideokomunikator.audiovideo.AudioVideo$Hendler.run()V+80
v  ~StubRoutines::call_stub

---------------  P R O C E S S  ---------------

Java Threads: ( => current thread )
=>0x08db0800 JavaThread "Thread-93" [_thread_in_native, id=8708, stack(0x09a80000,0x09ad0000)]
  0x08dafc00 JavaThread "Thread-17" [_thread_in_native, id=8620, stack(0x1f630000,0x1f680000)]
  0x08daf800 JavaThread "Thread-16" [_thread_blocked, id=8632, stack(0x1f5a0000,0x1f5f0000)]
  0x08dad000 JavaThread "Thread-19" [_thread_in_native, id=6636, stack(0x1f510000,0x1f560000)]
  0x08db0400 JavaThread "Thread-18" [_thread_in_native, id=8428, stack(0x0f170000,0x0f1c0000)]
  0x08dad800 JavaThread "Java Sound Event Dispatcher" daemon [_thread_blocked, id=4292, stack(0x0b910000,0x0b960000)]
  0x08daec00 JavaThread "derby.rawStoreDaemon" daemon [_thread_blocked, id=2760, stack(0x0b220000,0x0b270000)]
  0x08daf000 JavaThread "DRDAConnThread_2" daemon [_thread_in_native, id=2152, stack(0x0b090000,0x0b0e0000)]
  0x08dae400 JavaThread "NetworkServerThread_1" daemon [_thread_in_native, id=8572, stack(0x0af00000,0x0af50000)]
  0x08cf9400 JavaThread "derby.NetworkServerStarter" daemon [_thread_blocked, id=4888, stack(0x0ae70000,0x0aec0000)]
  0x08d49800 JavaThread "Timer-0" daemon [_thread_blocked, id=4944, stack(0x0ace0000,0x0ad30000)]
  0x08b75800 JavaThread "D3D Screen Updater" daemon [_thread_blocked, id=6664, stack(0x09f20000,0x09f70000)]
  0x02fac800 JavaThread "DestroyJavaVM" [_thread_blocked, id=1296, stack(0x02bd0000,0x02c20000)]
  0x05db7c00 JavaThread "Thread-4" [_thread_in_native, id=7860, stack(0x09420000,0x09470000)]
  0x05d51800 JavaThread "Thread-3" [_thread_blocked, id=9104, stack(0x09390000,0x093e0000)]
  0x05c37400 JavaThread "TimerQueue" daemon [_thread_blocked, id=5388, stack(0x08400000,0x08450000)]
  0x05c03c00 JavaThread "AWT-EventQueue-0" [_thread_blocked, id=8616, stack(0x08370000,0x083c0000)]
  0x05bb1800 JavaThread "AWT-Windows" daemon [_thread_in_native, id=6792, stack(0x06460000,0x064b0000)]
  0x05bb0400 JavaThread "AWT-Shutdown" [_thread_blocked, id=5340, stack(0x063d0000,0x06420000)]
  0x05baf800 JavaThread "Java2D Disposer" daemon [_thread_blocked, id=1892, stack(0x06340000,0x06390000)]
  0x05443400 JavaThread "Service Thread" daemon [_thread_blocked, id=4452, stack(0x058e0000,0x05930000)]
  0x0544a800 JavaThread "C1 CompilerThread0" daemon [_thread_blocked, id=2648, stack(0x05850000,0x058a0000)]
  0x05449800 JavaThread "Attach Listener" daemon [_thread_blocked, id=5220, stack(0x057c0000,0x05810000)]
  0x05447800 JavaThread "Signal Dispatcher" daemon [_thread_blocked, id=9212, stack(0x05730000,0x05780000)]
  0x05416800 JavaThread "Finalizer" daemon [_thread_blocked, id=6008, stack(0x056a0000,0x056f0000)]
  0x02d3e800 JavaThread "Reference Handler" daemon [_thread_blocked, id=5344, stack(0x05610000,0x05660000)]

Other Threads:
  0x02d3d000 VMThread [stack: 0x02f00000,0x02f50000] [id=8460]
  0x05463800 WatcherThread [stack: 0x05970000,0x059c0000] [id=5128]

VM state:not at safepoint (normal execution)

VM Mutex/Monitor currently owned by a thread: None

Heap:
 def new generation   total 78656K, used 74652K [0x0f200000, 0x14750000, 0x14750000)
  eden space 69952K, -2147483648% used [0x0f200000, 0x13288ac8, 0x13650000)
  from space 8704K,  98% used [0x13ed0000, 0x1472e668, 0x14750000)
  to   space 8704K,   0% used [0x13650000, 0x13650000, 0x13ed0000)
 tenured generation   total 174784K, used 136212K [0x14750000, 0x1f200000, 0x1f200000)
   the space 174784K,  77% used [0x14750000, 0x1cc55380, 0x1cc55400, 0x1f200000)
 Metaspace       used 18541K, capacity 18744K, committed 18944K, reserved 19840K

Card table byte_map: [0x02e30000,0x02ec0000] byte_map_base: 0x02db7000

Polling page: 0x010e0000

CodeCache: size=32768Kb used=2072Kb max_used=2072Kb free=30695Kb
 bounds [0x02fb0000, 0x031b8000, 0x04fb0000]
 total_blobs=1352 nmethods=966 adapters=317
 compilation: enabled

Compilation events (10 events):
Event: 16.098 Thread 0x0544a800  984             com.xuggle.ferry.JNIMemoryManager::getMemoryModel (4 bytes)
Event: 16.098 Thread 0x0544a800 nmethod 984 0x031b5008 code [0x031b5100, 0x031b5170]
Event: 16.098 Thread 0x0544a800  985   !         com.xuggle.ferry.JNIMemoryManager::addReference (263 bytes)
Event: 16.098 Thread 0x0544a800 nmethod 985 0x031b51c8 code [0x031b5330, 0x031b572c]
Event: 16.126 Thread 0x0544a800  986             java.awt.Component::getFont_NoClientCode (29 bytes)
Event: 16.126 Thread 0x0544a800 nmethod 986 0x031b5bc8 code [0x031b5cd0, 0x031b5dbc]
Event: 16.143 Thread 0x0544a800  987   !         java.util.concurrent.locks.AbstractQueuedSynchronizer::acquireQueued (93 bytes)
Event: 16.144 Thread 0x0544a800 nmethod 987 0x031b5e88 code [0x031b5fe0, 0x031b62e8]
Event: 16.643 Thread 0x0544a800  988             java.util.concurrent.locks.AbstractQueuedSynchronizer::compareAndSetTail (13 bytes)
Event: 16.643 Thread 0x0544a800 nmethod 988 0x031b66c8 code [0x031b67c0, 0x031b6860]

GC Heap History (10 events):
Event: 11.970 GC heap before
{Heap before GC invocations=30 (full 3):
 def new generation   total 78656K, used 69520K [0x0f200000, 0x14750000, 0x14750000)
  eden space 69952K,  99% used [0x0f200000, 0x135e4250, 0x13650000)
  from space 8704K,   0% used [0x13650000, 0x13650000, 0x13ed0000)
  to   space 8704K,   0% used [0x13ed0000, 0x13ed0000, 0x14750000)
 tenured generation   total 174784K, used 120879K [0x14750000, 0x1f200000, 0x1f200000)
   the space 174784K,  69% used [0x14750000, 0x1bd5bdd0, 0x1bd5be00, 0x1f200000)
 Metaspace       used 18538K, capacity 18741K, committed 18944K, reserved 19840K
Event: 11.979 GC heap after
Heap after GC invocations=31 (full 3):
 def new generation   total 78656K, used 8704K [0x0f200000, 0x14750000, 0x14750000)
  eden space 69952K,   0% used [0x0f200000, 0x0f200000, 0x13650000)
  from space 8704K, 100% used [0x13ed0000, 0x14750000, 0x14750000)
  to   space 8704K,   0% used [0x13650000, 0x13650000, 0x13ed0000)
 tenured generation   total 174784K, used 124150K [0x14750000, 0x1f200000, 0x1f200000)
   the space 174784K,  71% used [0x14750000, 0x1c08dae8, 0x1c08dc00, 0x1f200000)
 Metaspace       used 18538K, capacity 18741K, committed 18944K, reserved 19840K
}
Event: 12.938 GC heap before
{Heap before GC invocations=31 (full 3):
 def new generation   total 78656K, used 77956K [0x0f200000, 0x14750000, 0x14750000)
  eden space 69952K,  98% used [0x0f200000, 0x135a1098, 0x13650000)
  from space 8704K, 100% used [0x13ed0000, 0x14750000, 0x14750000)
  to   space 8704K,   0% used [0x13650000, 0x13650000, 0x13ed0000)
 tenured generation   total 174784K, used 124150K [0x14750000, 0x1f200000, 0x1f200000)
   the space 174784K,  71% used [0x14750000, 0x1c08dae8, 0x1c08dc00, 0x1f200000)
 Metaspace       used 18541K, capacity 18744K, committed 18944K, reserved 19840K
Event: 12.946 GC heap after
Heap after GC invocations=32 (full 3):
 def new generation   total 78656K, used 8232K [0x0f200000, 0x14750000, 0x14750000)
  eden space 69952K,   0% used [0x0f200000, 0x0f200000, 0x13650000)
  from space 8704K,  94% used [0x13650000, 0x13e5a320, 0x13ed0000)
  to   space 8704K,   0% used [0x13ed0000, 0x13ed0000, 0x14750000)
 tenured generation   total 174784K, used 128262K [0x14750000, 0x1f200000, 0x1f200000)
   the space 174784K,  73% used [0x14750000, 0x1c491a10, 0x1c491c00, 0x1f200000)
 Metaspace       used 18541K, capacity 18744K, committed 18944K, reserved 19840K
}
Event: 13.922 GC heap before
{Heap before GC invocations=32 (full 3):
 def new generation   total 78656K, used 77380K [0x0f200000, 0x14750000, 0x14750000)
  eden space 69952K,  98% used [0x0f200000, 0x135870d0, 0x13650000)
  from space 8704K,  94% used [0x13650000, 0x13e5a320, 0x13ed0000)
  to   space 8704K,   0% used [0x13ed0000, 0x13ed0000, 0x14750000)
 tenured generation   total 174784K, used 128262K [0x14750000, 0x1f200000, 0x1f200000)
   the space 174784K,  73% used [0x14750000, 0x1c491a10, 0x1c491c00, 0x1f200000)
 Metaspace       used 18541K, capacity 18744K, committed 18944K, reserved 19840K
Event: 13.925 GC heap after
Heap after GC invocations=33 (full 3):
 def new generation   total 78656K, used 8234K [0x0f200000, 0x14750000, 0x14750000)
  eden space 69952K,   0% used [0x0f200000, 0x0f200000, 0x13650000)
  from space 8704K,  94% used [0x13ed0000, 0x146da8f8, 0x14750000)
  to   space 8704K,   0% used [0x13650000, 0x13650000, 0x13ed0000)
 tenured generation   total 174784K, used 131138K [0x14750000, 0x1f200000, 0x1f200000)
   the space 174784K,  75% used [0x14750000, 0x1c760980, 0x1c760a00, 0x1f200000)
 Metaspace       used 18541K, capacity 18744K, committed 18944K, reserved 19840K
}
Event: 14.833 GC heap before
{Heap before GC invocations=33 (full 3):
 def new generation   total 78656K, used 77792K [0x0f200000, 0x14750000, 0x14750000)
  eden space 69952K,  99% used [0x0f200000, 0x135eda70, 0x13650000)
  from space 8704K,  94% used [0x13ed0000, 0x146da8f8, 0x14750000)
  to   space 8704K,   0% used [0x13650000, 0x13650000, 0x13ed0000)
 tenured generation   total 174784K, used 131138K [0x14750000, 0x1f200000, 0x1f200000)
   the space 174784K,  75% used [0x14750000, 0x1c760980, 0x1c760a00, 0x1f200000)
 Metaspace       used 18541K, capacity 18744K, committed 18944K, reserved 19840K
Event: 14.837 GC heap after
Heap after GC invocations=34 (full 3):
 def new generation   total 78656K, used 8569K [0x0f200000, 0x14750000, 0x14750000)
  eden space 69952K,   0% used [0x0f200000, 0x0f200000, 0x13650000)
  from space 8704K,  98% used [0x13650000, 0x13eae500, 0x13ed0000)
  to   space 8704K,   0% used [0x13ed0000, 0x13ed0000, 0x14750000)
 tenured generation   total 174784K, used 133563K [0x14750000, 0x1f200000, 0x1f200000)
   the space 174784K,  76% used [0x14750000, 0x1c9bedb8, 0x1c9bee00, 0x1f200000)
 Metaspace       used 18541K, capacity 18744K, committed 18944K, reserved 19840K
}
Event: 15.889 GC heap before
{Heap before GC invocations=34 (full 3):
 def new generation   total 78656K, used 78401K [0x0f200000, 0x14750000, 0x14750000)
  eden space 69952K,  99% used [0x0f200000, 0x13632290, 0x13650000)
  from space 8704K,  98% used [0x13650000, 0x13eae500, 0x13ed0000)
  to   space 8704K,   0% used [0x13ed0000, 0x13ed0000, 0x14750000)
 tenured generation   total 174784K, used 133563K [0x14750000, 0x1f200000, 0x1f200000)
   the space 174784K,  76% used [0x14750000, 0x1c9bedb8, 0x1c9bee00, 0x1f200000)
 Metaspace       used 18541K, capacity 18744K, committed 18944K, reserved 19840K
Event: 15.892 GC heap after
Heap after GC invocations=35 (full 3):
 def new generation   total 78656K, used 8569K [0x0f200000, 0x14750000, 0x14750000)
  eden space 69952K,   0% used [0x0f200000, 0x0f200000, 0x13650000)
  from space 8704K,  98% used [0x13ed0000, 0x1472e668, 0x14750000)
  to   space 8704K,   0% used [0x13650000, 0x13650000, 0x13ed0000)
 tenured generation   total 174784K, used 136212K [0x14750000, 0x1f200000, 0x1f200000)
   the space 174784K,  77% used [0x14750000, 0x1cc55380, 0x1cc55400, 0x1f200000)
 Metaspace       used 18541K, capacity 18744K, committed 18944K, reserved 19840K
}

Deoptimization events (0 events):
No events

Internal exceptions (10 events):
Event: 11.614 Thread 0x08dafc00 Exception <a 'java/security/PrivilegedActionException'> (0x115b8618) thrown at [C:\re\workspace\8-2-build-windows-i586-cygwin\jdk8u31\2394\hotspot\src\share\vm\prims\jvm.cpp, line 1312]
Event: 11.615 Thread 0x08dafc00 Exception <a 'java/security/PrivilegedActionException'> (0x117524c0) thrown at [C:\re\workspace\8-2-build-windows-i586-cygwin\jdk8u31\2394\hotspot\src\share\vm\prims\jvm.cpp, line 1312]
Event: 11.615 Thread 0x08dafc00 Exception <a 'java/security/PrivilegedActionException'> (0x1175c068) thrown at [C:\re\workspace\8-2-build-windows-i586-cygwin\jdk8u31\2394\hotspot\src\share\vm\prims\jvm.cpp, line 1312]
Event: 11.615 Thread 0x08dafc00 Exception <a 'java/security/PrivilegedActionException'> (0x11762e08) thrown at [C:\re\workspace\8-2-build-windows-i586-cygwin\jdk8u31\2394\hotspot\src\share\vm\prims\jvm.cpp, line 1312]
Event: 11.616 Thread 0x08dafc00 Exception <a 'java/security/PrivilegedActionException'> (0x1176b180) thrown at [C:\re\workspace\8-2-build-windows-i586-cygwin\jdk8u31\2394\hotspot\src\share\vm\prims\jvm.cpp, line 1312]
Event: 11.616 Thread 0x08dafc00 Exception <a 'java/security/PrivilegedActionException'> (0x11772d58) thrown at [C:\re\workspace\8-2-build-windows-i586-cygwin\jdk8u31\2394\hotspot\src\share\vm\prims\jvm.cpp, line 1312]
Event: 11.617 Thread 0x08dafc00 Exception <a 'java/security/PrivilegedActionException'> (0x1177ea38) thrown at [C:\re\workspace\8-2-build-windows-i586-cygwin\jdk8u31\2394\hotspot\src\share\vm\prims\jvm.cpp, line 1312]
Event: 11.621 Thread 0x08dafc00 Exception <a 'java/security/PrivilegedActionException'> (0x117adac8) thrown at [C:\re\workspace\8-2-build-windows-i586-cygwin\jdk8u31\2394\hotspot\src\share\vm\prims\jvm.cpp, line 1312]
Event: 11.622 Thread 0x08dafc00 Exception <a 'java/security/PrivilegedActionException'> (0x11906e78) thrown at [C:\re\workspace\8-2-build-windows-i586-cygwin\jdk8u31\2394\hotspot\src\share\vm\prims\jvm.cpp, line 1312]
Event: 11.655 Thread 0x08dad000 Exception <a 'java/security/PrivilegedActionException'> (0x115cd248) thrown at [C:\re\workspace\8-2-build-windows-i586-cygwin\jdk8u31\2394\hotspot\src\share\vm\prims\jvm.cpp, line 1312]

Events (10 events):
Event: 16.412 Thread 0x08db0800 Thread added: 0x08db0800
Event: 16.413 Thread 0x08db0800 Thread exited: 0x08db0800
Event: 16.707 Thread 0x08dadc00 Thread added: 0x08dadc00
Event: 16.707 Thread 0x08dadc00 Thread exited: 0x08dadc00
Event: 16.727 Thread 0x08db0800 Thread added: 0x08db0800
Event: 16.727 Thread 0x08db0800 Thread exited: 0x08db0800
Event: 16.737 Thread 0x08db0800 Thread added: 0x08db0800
Event: 16.737 Thread 0x08db0800 Thread exited: 0x08db0800
Event: 16.824 Thread 0x08db0800 Thread added: 0x08db0800
Event: 16.824 Thread 0x08dadc00 Thread added: 0x08dadc00


Dynamic libraries:
0x00cd0000 - 0x00d00000 	C:\Program Files (x86)\Java\jdk1.8.0_31\bin\java.exe
0x77000000 - 0x7716e000 	C:\Windows\SYSTEM32\ntdll.dll
0x74c00000 - 0x74d40000 	C:\Windows\SYSTEM32\KERNEL32.DLL
0x764e0000 - 0x765b7000 	C:\Windows\SYSTEM32\KERNELBASE.dll
0x6b9b0000 - 0x6ba50000 	C:\Windows\system32\apphelp.dll
0x6a8c0000 - 0x6ab25000 	C:\Windows\AppPatch\AcGenral.DLL
0x76c20000 - 0x76ce3000 	C:\Windows\SYSTEM32\msvcrt.dll
0x76740000 - 0x76781000 	C:\Windows\SYSTEM32\sechost.dll
0x74800000 - 0x7481e000 	C:\Windows\SYSTEM32\SspiCli.dll
0x74db0000 - 0x74df5000 	C:\Windows\SYSTEM32\SHLWAPI.dll
0x73cc0000 - 0x73dad000 	C:\Windows\SYSTEM32\UxTheme.dll
0x76210000 - 0x76363000 	C:\Windows\SYSTEM32\USER32.dll
0x74860000 - 0x7496e000 	C:\Windows\SYSTEM32\GDI32.dll
0x6cd10000 - 0x6cd33000 	C:\Windows\SYSTEM32\WINMM.dll
0x6c7b0000 - 0x6c7c3000 	C:\Windows\SYSTEM32\samcli.dll
0x76df0000 - 0x76f18000 	C:\Windows\SYSTEM32\ole32.dll
0x760b0000 - 0x76145000 	C:\Windows\SYSTEM32\OLEAUT32.dll
0x745e0000 - 0x745f7000 	C:\Windows\SYSTEM32\MSACM32.dll
0x746a0000 - 0x746a8000 	C:\Windows\SYSTEM32\VERSION.dll
0x74e00000 - 0x760ac000 	C:\Windows\SYSTEM32\SHELL32.dll
0x74360000 - 0x7437b000 	C:\Windows\SYSTEM32\USERENV.dll
0x6cbe0000 - 0x6cbfa000 	C:\Windows\SYSTEM32\dwmapi.dll
0x6c850000 - 0x6c99a000 	C:\Windows\SYSTEM32\urlmon.dll
0x76920000 - 0x7699c000 	C:\Windows\SYSTEM32\ADVAPI32.dll
0x6ceb0000 - 0x6cf15000 	C:\Windows\SYSTEM32\WINSPOOL.DRV
0x6c800000 - 0x6c816000 	C:\Windows\SYSTEM32\MPR.dll
0x76150000 - 0x7620a000 	C:\Windows\SYSTEM32\RPCRT4.dll
0x747f0000 - 0x747fa000 	C:\Windows\SYSTEM32\CRYPTBASE.dll
0x765c0000 - 0x7673d000 	C:\Windows\SYSTEM32\combase.dll
0x6cce0000 - 0x6cd03000 	C:\Windows\SYSTEM32\WINMMBASE.dll
0x73a40000 - 0x73a4f000 	C:\Windows\SYSTEM32\profapi.dll
0x73720000 - 0x73952000 	C:\Windows\SYSTEM32\iertutil.dll
0x73ae0000 - 0x73cb5000 	C:\Windows\SYSTEM32\WININET.dll
0x74790000 - 0x747e4000 	C:\Windows\SYSTEM32\bcryptPrimitives.dll
0x74820000 - 0x7485c000 	C:\Windows\SYSTEM32\cfgmgr32.dll
0x6ccb0000 - 0x6ccd1000 	C:\Windows\SYSTEM32\DEVOBJ.dll
0x74600000 - 0x7468b000 	C:\Windows\SYSTEM32\SHCORE.DLL
0x74970000 - 0x74997000 	C:\Windows\system32\IMM32.DLL
0x76aa0000 - 0x76bb3000 	C:\Windows\SYSTEM32\MSCTF.dll
0x746b0000 - 0x746de000 	C:\Windows\SYSTEM32\nvinit.dll
0x0f000000 - 0x0f006000 	C:\Program Files (x86)\NVIDIA Corporation\CoProcManager\_etoured.dll
0x6af70000 - 0x6af9b000 	C:\Program Files (x86)\NVIDIA Corporation\CoProcManager\nvd3d9wrap.dll
0x749b0000 - 0x74b61000 	C:\Windows\SYSTEM32\SETUPAPI.dll
0x6af50000 - 0x6af6f000 	C:\Program Files (x86)\NVIDIA Corporation\CoProcManager\nvdxgiwrap.dll
0x74140000 - 0x74346000 	C:\Windows\WinSxS\x86_microsoft.windows.common-controls_6595b64144ccf1df_6.0.9600.17415_none_a9ed7f470139b3c1\COMCTL32.dll
0x6b810000 - 0x6b88d000 	C:\Program Files (x86)\AVG\AVG2015\avghookx.dll
0x74520000 - 0x745df000 	C:\Program Files (x86)\Java\jdk1.8.0_31\jre\bin\msvcr100.dll
0x68c40000 - 0x68fe4000 	C:\Program Files (x86)\Java\jdk1.8.0_31\jre\bin\client\jvm.dll
0x6ca60000 - 0x6ca68000 	C:\Windows\SYSTEM32\WSOCK32.dll
0x769a0000 - 0x769a6000 	C:\Windows\SYSTEM32\PSAPI.DLL
0x76a50000 - 0x76aa0000 	C:\Windows\SYSTEM32\WS2_32.dll
0x01070000 - 0x01077000 	C:\Windows\SYSTEM32\NSI.dll
0x74510000 - 0x7451c000 	C:\Program Files (x86)\Java\jdk1.8.0_31\jre\bin\verify.dll
0x744e0000 - 0x74501000 	C:\Program Files (x86)\Java\jdk1.8.0_31\jre\bin\java.dll
0x744c0000 - 0x744d3000 	C:\Program Files (x86)\Java\jdk1.8.0_31\jre\bin\zip.dll
0x6ada0000 - 0x6aee6000 	C:\Program Files (x86)\Java\jdk1.8.0_31\jre\bin\awt.dll
0x74690000 - 0x74699000 	C:\Windows\SYSTEM32\kernel.appcore.dll
0x5b240000 - 0x5b413000 	C:\Windows\system32\d3d9.dll
0x67900000 - 0x679de000 	C:\Windows\SYSTEM32\nvumdshim.dll
0x63520000 - 0x64bfe000 	C:\Windows\system32\igdumdim32.dll
0x62ca0000 - 0x63518000 	C:\Windows\SYSTEM32\igdusc32.dll
0x74480000 - 0x744b9000 	C:\Program Files (x86)\Java\jdk1.8.0_31\jre\bin\fontmanager.dll
0x74460000 - 0x74475000 	C:\Program Files (x86)\Java\jdk1.8.0_31\jre\bin\net.dll
0x6ca70000 - 0x6cabb000 	C:\Windows\system32\mswsock.dll
0x74410000 - 0x7441f000 	C:\Program Files (x86)\Java\jdk1.8.0_31\jre\bin\nio.dll
0x743e0000 - 0x74410000 	C:\Program Files (x86)\Java\jdk1.8.0_31\jre\bin\t2k.dll
0x743c0000 - 0x743e0000 	C:\Program Files (x86)\Java\jdk1.8.0_31\jre\bin\sunec.dll
0x743b0000 - 0x743b9000 	C:\Program Files (x86)\Java\jdk1.8.0_31\jre\bin\sunmscapi.dll
0x76790000 - 0x76918000 	C:\Windows\SYSTEM32\CRYPT32.dll
0x74d60000 - 0x74d6e000 	C:\Windows\SYSTEM32\MSASN1.dll
0x6ec50000 - 0x6ec69000 	C:\Windows\SYSTEM32\CRYPTSP.dll
0x6ebc0000 - 0x6ebf0000 	C:\Windows\system32\rsaenh.dll
0x6eba0000 - 0x6ebbe000 	C:\Windows\SYSTEM32\bcrypt.dll
0x74440000 - 0x74460000 	C:\Windows\SYSTEM32\IPHLPAPI.DLL
0x73ad0000 - 0x73ad8000 	C:\Windows\SYSTEM32\WINNSI.DLL
0x76cf0000 - 0x76d7d000 	C:\Windows\SYSTEM32\clbcatq.dll
0x5e6f0000 - 0x5e703000 	C:\Windows\SYSTEM32\dhcpcsvc6.DLL
0x6b8c0000 - 0x6b8d4000 	C:\Windows\SYSTEM32\dhcpcsvc.DLL
0x6b940000 - 0x6b951000 	C:\Windows\system32\napinsp.dll
0x6b920000 - 0x6b936000 	C:\Windows\system32\pnrpnsp.dll
0x6b900000 - 0x6b914000 	C:\Windows\system32\NLAapi.dll
0x6bb90000 - 0x6bc0e000 	C:\Windows\SYSTEM32\DNSAPI.dll
0x6b8f0000 - 0x6b8fa000 	C:\Windows\System32\winrnr.dll
0x6b8e0000 - 0x6b8f0000 	C:\Windows\system32\wshbth.dll
0x6bb60000 - 0x6bb81000 	C:\Program Files (x86)\Bonjour\mdnsNSP.dll
0x6bb50000 - 0x6bb58000 	C:\Windows\System32\rasadhlp.dll
0x6bb00000 - 0x6bb46000 	C:\Windows\System32\fwpuclnt.dll
0x6b620000 - 0x6b645000 	C:\Program Files (x86)\Java\jdk1.8.0_31\jre\bin\jpeg.dll
0x562f0000 - 0x5645b000 	C:\Windows\SYSTEM32\WindowsCodecs.dll
0x743a0000 - 0x743aa000 	C:\Program Files (x86)\Java\jdk1.8.0_31\jre\bin\management.dll
0x6b610000 - 0x6b61a000 	C:\Program Files (x86)\Java\jdk1.8.0_31\jre\bin\jsound.dll
0x6b600000 - 0x6b609000 	C:\Program Files (x86)\Java\jdk1.8.0_31\jre\bin\jsoundds.dll
0x66ae0000 - 0x66b61000 	C:\Windows\SYSTEM32\DSOUND.dll
0x6b580000 - 0x6b5c0000 	C:\Windows\SYSTEM32\POWRPROF.dll
0x6b650000 - 0x6b6a3000 	C:\Windows\SYSTEM32\MMDevAPI.DLL
0x6a880000 - 0x6a8b6000 	C:\Windows\SYSTEM32\wdmaud.drv
0x6b5f0000 - 0x6b5f7000 	C:\Windows\SYSTEM32\ksuser.dll
0x72f90000 - 0x72f9a000 	C:\Windows\SYSTEM32\AVRT.dll
0x5e690000 - 0x5e6f0000 	C:\Windows\SYSTEM32\AUDIOSES.DLL
0x6b5e0000 - 0x6b5e9000 	C:\Windows\SYSTEM32\msacm32.drv
0x6b5d0000 - 0x6b5d8000 	C:\Windows\SYSTEM32\midimap.dll
0x6a7c0000 - 0x6a87e000 	C:\Users\Piotr\AppData\Local\Temp\javacpp1574609778971\msvcr100.dll
0x6a750000 - 0x6a7b9000 	C:\Users\Piotr\AppData\Local\Temp\javacpp1574609778971\msvcp100.dll
0x690f0000 - 0x692f6000 	C:\Users\Piotr\AppData\Local\Temp\javacpp1574609778971\opencv_core249.dll
0x68af0000 - 0x68c38000 	C:\Users\Piotr\AppData\Local\Temp\javacpp1574609778971\jniopencv_core.dll
0x68880000 - 0x68aed000 	C:\Users\Piotr\AppData\Local\Temp\javacpp1574609778971\opencv_imgproc249.dll
0x69070000 - 0x690f0000 	C:\Users\Piotr\AppData\Local\Temp\javacpp1574609778971\jniopencv_imgproc.dll
0x70fc0000 - 0x71ef6000 	C:\Users\Piotr\AppData\Local\Temp\javacpp1574609778971\opencv_ffmpeg249.dll
0x68670000 - 0x68877000 	C:\Users\Piotr\AppData\Local\Temp\javacpp1574609778971\opencv_highgui249.dll
0x6abf0000 - 0x6ac0a000 	C:\Windows\SYSTEM32\AVIFIL32.dll
0x6a510000 - 0x6a533000 	C:\Windows\SYSTEM32\MSVFW32.dll
0x6a4f0000 - 0x6a504000 	C:\Windows\SYSTEM32\AVICAP32.dll
0x69030000 - 0x6906c000 	C:\Users\Piotr\AppData\Local\Temp\javacpp1574609778971\jniopencv_highgui.dll
0x66d40000 - 0x66d54000 	C:\Windows\SYSTEM32\devenum.dll
0x72f60000 - 0x72f88000 	C:\Windows\SYSTEM32\ntmarta.dll
0x74d70000 - 0x74dad000 	C:\Windows\SYSTEM32\WINTRUST.dll
0x66d30000 - 0x66d3b000 	C:\Windows\SYSTEM32\msdmo.dll
0x68430000 - 0x68461000 	C:\Windows\SYSTEM32\qcap.dll
0x68290000 - 0x6842f000 	C:\Windows\SYSTEM32\quartz.dll
0x68630000 - 0x68670000 	C:\Windows\SYSTEM32\ksproxy.ax
0x6abe0000 - 0x6abec000 	C:\Windows\SYSTEM32\vidcap.ax
0x6a4d0000 - 0x6a4ef000 	C:\Windows\SYSTEM32\kswdmcap.ax
0x68520000 - 0x68624000 	C:\Windows\SYSTEM32\MFC42.dll
0x68470000 - 0x68519000 	C:\Windows\SYSTEM32\ODBC32.dll
0x68200000 - 0x6828e000 	C:\Windows\SYSTEM32\qedit.dll
0x769b0000 - 0x76a4b000 	C:\Windows\SYSTEM32\COMDLG32.dll
0x6cd40000 - 0x6ceb0000 	C:\Windows\WinSxS\x86_microsoft.windows.gdiplus_6595b64144ccf1df_1.1.9600.17415_none_dad8722c5bcc2d8f\gdiplus.dll
0x64c00000 - 0x64cec000 	C:\Windows\SYSTEM32\DDRAW.dll

VM Arguments:
jvm_args: -Dfile.encoding=UTF-8 
java_command: wideokomunikator.main
java_class_path (initial): D:\Programowanie\javacv\javacv-bin\ffmpeg.jar;D:\Programowanie\javacv\javacv-bin\javacpp.jar;D:\Programowanie\javacv\javacv-bin\javacv.jar;D:\Programowanie\javacv\javacv-bin\opencv.jar;C:\Program Files\Java\jdk1.8.0_05\db\lib\derby.jar;C:\Program Files\Java\jdk1.8.0_05\db\lib\derbyclient.jar;C:\Program Files\Java\jdk1.8.0_05\db\lib\derbytools.jar;C:\Program Files\Java\jdk1.8.0_05\db\lib\derbynet.jar;D:\Programowanie\xuggle-xuggler-5.4.jar;D:\Programowanie\slf4j-simple-1.7.10.jar;D:\Programowanie\slf4j-api-1.7.10.jar;D:\Programowanie\javacv\javacv-bin\opencv-linux-x86.jar;D:\Programowanie\javacv\javacv-bin\opencv-linux-x86_64.jar;D:\Programowanie\javacv\javacv-bin\opencv-macosx-x86_64.jar;D:\Programowanie\javacv\javacv-bin\opencv-windows-x86.jar;D:\Programowanie\javacv\javacv-bin\opencv-windows-x86_64.jar;C:\Users\Piotr\Documents\NetBeansProjects\Wideokomunikator\build\classes
Launcher Type: SUN_STANDARD

Environment Variables:
JAVA_HOME=C:\Program Files\Java\jdk1.8.0_05
CLASSPATH=.;C:\PROGRA~2\JMF2.1.1e\lib\sound.jar;C:\PROGRA~2\JMF2.1.1e\lib\jmf.jar;C:\PROGRA~2\JMF2.1.1e\lib;.;.;.;c:\PROGRA~2\java\JMF21~1.1E\lib\sound.jar;c:\PROGRA~2\java\JMF21~1.1E\lib\jmf.jar;c:\PROGRA~2\java\JMF21~1.1E\lib;
PATH=C:\Program Files (x86)\NVIDIA Corporation\PhysX\Common;C:\ProgramData\Oracle\Java\javapath;C:\Python34\;C:\Python34\Scripts;C:\Program Files (x86)\Intel\iCLS Client\;C:\Program Files\Intel\iCLS Client\;C:\Windows\system32;C:\Windows;C:\Windows\System32\Wbem;C:\Windows\System32\WindowsPowerShell\v1.0\;C:\Program Files\Intel\Intel(R) Management Engine Components\DAL;C:\Program Files\Intel\Intel(R) Management Engine Components\IPT;C:\Program Files (x86)\Intel\Intel(R) Management Engine Components\DAL;C:\Program Files (x86)\Intel\Intel(R) Management Engine Components\IPT;C:\Program Files\nodejs\;C:\Windows\Microsoft.NET\Framework\v4.0.30319;C:\Program Files\Microsoft SQL Server\110\Tools\Binn\;C:\Program Files\Java\jdk1.8.0_05\bin;C:\Program Files\apache-ant-1.9.4\bin;C:\Program Files (x86)\QuickTime\QTSystem\;c:\PROGRA~2\java\JMF21~1.1E\lib;C:\Users\Piotr\AppData\Roaming\npm;C:\Program Files (x86)\Bitvise SSH Client;C:\Program Files\Java\jdk1.8.0_05\bin
USERNAME=Piotr
OS=Windows_NT
PROCESSOR_IDENTIFIER=Intel64 Family 6 Model 60 Stepping 3, GenuineIntel



---------------  S Y S T E M  ---------------

OS: Windows 8.1 , 64 bit Build 9600 

CPU:total 8 (4 cores per cpu, 2 threads per core) family 6 model 60 stepping 3, cmov, cx8, fxsr, mmx, sse, sse2, sse3, ssse3, sse4.1, sse4.2, popcnt, avx, avx2, aes, clmul, erms, lzcnt, ht, tsc, tscinvbit, bmi1, bmi2

Memory: 4k page, physical 15910992k(11206552k free), swap 36390992k(31042504k free)

vm_info: Java HotSpot(TM) Client VM (25.31-b07) for windows-x86 JRE (1.8.0_31-b13), built on Dec 17 2014 20:46:12 by "java_re" with MS VC++ 10.0 (VS2010)

time: Thu Feb 26 15:19:49 2015
elapsed time: 16 seconds (0d 0h 0m 16s)

