#
# A fatal error has been detected by the Java Runtime Environment:
#
#  EXCEPTION_ACCESS_VIOLATION (0xc0000005) at pc=0x000000006e9775bf, pid=3364, tid=5716
#
# JRE version: Java(TM) SE Runtime Environment (8.0-b132) (build 1.8.0-b132)
# Java VM: Java HotSpot(TM) 64-Bit Server VM (25.0-b70 mixed mode windows-amd64 compressed oops)
# Problematic frame:
# C  [xuggle487121322083340928.dll+0x2375bf]
#
# Failed to write core dump. Minidumps are not enabled by default on client versions of Windows
#
# If you would like to submit a bug report, please visit:
#   http://bugreport.sun.com/bugreport/crash.jsp
# The crash happened outside the Java Virtual Machine in native code.
# See problematic frame for where to report the bug.
#

---------------  T H R E A D  ---------------

Current thread (0x000000001f14c800):  JavaThread "Thread-5" [_thread_in_native, id=5716, stack(0x0000000022d20000,0x0000000022e20000)]

siginfo: ExceptionCode=0xc0000005, reading address 0x00000000000000a0

Registers:
RAX=0x0000000000000000, RBX=0x000000001f92adc0, RCX=0x0000000000000280, RDX=0x00000000000001e0
RSP=0x0000000022e1e710, RBP=0x000000001f9278c0, RSI=0x0000000022e1e7a0, RDI=0x0000000022e1e7fc
R8 =0x0000000000072000, R9 =0x000000001f92adc0, R10=0x0000000000000003, R11=0x0000000000000001
R12=0x00000000266e97f0, R13=0x000000000cc69180, R14=0x0000000022e1f000, R15=0x000000001f14c800
RIP=0x000000006e9775bf, EFLAGS=0x0000000000010246

Top of Stack: (sp=0x0000000022e1e710)
0x0000000022e1e710:   000000001f925b30 0000000000000000
0x0000000022e1e720:   000000006f387280 000000006f387300
0x0000000022e1e730:   000000000cc69180 0000000022e1f000
0x0000000022e1e740:   000000001f14c800 000000001f92adc0
0x0000000022e1e750:   00000000266e97f0 0000000000070800
0x0000000022e1e760:   000000001f9278c0 0000000000000000
0x0000000022e1e770:   000000000cc69180 000000006e977764
0x0000000022e1e780:   000000001f925b30 0000000022e1e790
0x0000000022e1e790:   000000001f925b30 0000000000000006
0x0000000022e1e7a0:   8000000000000000 8000000000000000
0x0000000022e1e7b0:   00000000266e97f0 0000000000070800
0x0000000022e1e7c0:   0000000000000000 0000000000000000
0x0000000022e1e7d0:   0000000000000000 0000000000000000
0x0000000022e1e7e0:   0000000000070800 ffffffffffffffff
0x0000000022e1e7f0:   0000000000000000 000000006e97647f
0x0000000022e1e800:   00000000000f4240 000000000cc69180 

Instructions: (pc=0x000000006e9775bf)
0x000000006e97759f:   00 00 00 8b 8b 94 00 00 00 45 31 c0 49 89 d9 e8
0x000000006e9775af:   2d 59 8b 00 85 c0 0f 85 15 01 00 00 48 8b 43 10
0x000000006e9775bf:   48 8b 80 a0 00 00 00 48 85 c0 0f 84 0c 01 00 00
0x000000006e9775cf:   49 89 f9 49 89 e8 48 89 f2 48 89 d9 ff d0 83 f8 


Register to memory mapping:

RAX=0x0000000000000000 is an unknown value
RBX=0x000000001f92adc0 is an unknown value
RCX=0x0000000000000280 is an unknown value
RDX=0x00000000000001e0 is an unknown value
RSP=0x0000000022e1e710 is pointing into the stack for thread: 0x000000001f14c800
RBP=0x000000001f9278c0 is an unknown value
RSI=0x0000000022e1e7a0 is pointing into the stack for thread: 0x000000001f14c800
RDI=0x0000000022e1e7fc is pointing into the stack for thread: 0x000000001f14c800
R8 =0x0000000000072000 is an unknown value
R9 =0x000000001f92adc0 is an unknown value
R10=0x0000000000000003 is an unknown value
R11=0x0000000000000001 is an unknown value
R12=0x00000000266e97f0 is an unknown value
R13=0x000000000cc69180 is an unknown value
R14=0x0000000022e1f000 is pointing into the stack for thread: 0x000000001f14c800
R15=0x000000001f14c800 is a thread


Stack: [0x0000000022d20000,0x0000000022e20000],  sp=0x0000000022e1e710,  free space=1017k
Native frames: (J=compiled Java code, j=interpreted, Vv=VM code, C=native code)
C  [xuggle487121322083340928.dll+0x2375bf]
C  [xuggle487121322083340928.dll+0x237764]
C  [xuggle487121322083340928.dll+0x271a4]
C  [xuggle487121322083340928.dll+0x727e2]
C  0x000000000f0251ae

Java frames: (J=compiled Java code, j=interpreted, Vv=VM code)
j  com.xuggle.xuggler.XugglerJNI.IStreamCoder_encodeVideo(JLcom/xuggle/xuggler/IStreamCoder;JLcom/xuggle/xuggler/IPacket;JLcom/xuggle/xuggler/IVideoPicture;I)I+0
j  com.xuggle.xuggler.IStreamCoder.encodeVideo(Lcom/xuggle/xuggler/IPacket;Lcom/xuggle/xuggler/IVideoPicture;I)I+16
j  wideokomunikator.AudioVideo$2.run()V+264
j  java.lang.Thread.run()V+11
v  ~StubRoutines::call_stub

---------------  P R O C E S S  ---------------

Java Threads: ( => current thread )
=>0x000000001f14c800 JavaThread "Thread-5" [_thread_in_native, id=5716, stack(0x0000000022d20000,0x0000000022e20000)]
  0x000000001f1dd800 JavaThread "Java Sound Event Dispatcher" daemon [_thread_blocked, id=7416, stack(0x0000000021010000,0x0000000021110000)]
  0x000000001ef89800 JavaThread "Thread-0" [_thread_in_native, id=4840, stack(0x000000001f9f0000,0x000000001faf0000)]
  0x000000001e2d7000 JavaThread "Service Thread" daemon [_thread_blocked, id=6172, stack(0x000000001ec10000,0x000000001ed10000)]
  0x000000001e248000 JavaThread "C1 CompilerThread3" daemon [_thread_blocked, id=6408, stack(0x000000001eb10000,0x000000001ec10000)]
  0x000000001e245800 JavaThread "C2 CompilerThread2" daemon [_thread_blocked, id=7912, stack(0x000000001ea10000,0x000000001eb10000)]
  0x000000001e23c800 JavaThread "C2 CompilerThread1" daemon [_thread_in_native, id=2436, stack(0x000000001e910000,0x000000001ea10000)]
  0x000000001e23a000 JavaThread "C2 CompilerThread0" daemon [_thread_blocked, id=4756, stack(0x000000001e810000,0x000000001e910000)]
  0x000000001e237800 JavaThread "Attach Listener" daemon [_thread_blocked, id=8840, stack(0x000000001e710000,0x000000001e810000)]
  0x000000001e236800 JavaThread "Signal Dispatcher" daemon [_thread_blocked, id=8580, stack(0x000000001e610000,0x000000001e710000)]
  0x0000000002ea7800 JavaThread "Finalizer" daemon [_thread_blocked, id=2188, stack(0x000000001e110000,0x000000001e210000)]
  0x000000000d21c800 JavaThread "Reference Handler" daemon [_thread_blocked, id=2444, stack(0x000000001e010000,0x000000001e110000)]
  0x0000000002cad800 JavaThread "main" [_thread_blocked, id=5948, stack(0x0000000002cb0000,0x0000000002db0000)]

Other Threads:
  0x000000000d218000 VMThread [stack: 0x000000000eef0000,0x000000000eff0000] [id=2700]
  0x000000001e2d9800 WatcherThread [stack: 0x000000001ed10000,0x000000001ee10000] [id=4796]

VM state:not at safepoint (normal execution)

VM Mutex/Monitor currently owned by a thread: None

Heap:
 PSYoungGen      total 8704K, used 2920K [0x000000076f100000, 0x0000000770380000, 0x00000007c0000000)
  eden space 7168K, 19% used [0x000000076f100000,0x000000076f261318,0x000000076f800000)
  from space 1536K, 98% used [0x000000076f800000,0x000000076f979078,0x000000076f980000)
  to   space 3584K, 0% used [0x0000000770000000,0x0000000770000000,0x0000000770380000)
 ParOldGen       total 248320K, used 5892K [0x00000006cd200000, 0x00000006dc480000, 0x000000076f100000)
  object space 248320K, 2% used [0x00000006cd200000,0x00000006cd7c1350,0x00000006dc480000)
 Metaspace       used 7964K, capacity 8022K, committed 8064K, reserved 1056768K
  class space    used 873K, capacity 882K, committed 896K, reserved 1048576K

Card table byte_map: [0x0000000003270000,0x0000000003a10000] byte_map_base: 0xffffffffffc07000

Marking Bits: (ParMarkBitMap*) 0x00000000596d13b0
 Begin Bits: [0x0000000004720000, 0x00000000083d8000)
 End Bits:   [0x00000000083d8000, 0x000000000c090000)

Polling page: 0x0000000000fe0000

CodeCache: size=245760Kb used=3043Kb max_used=3049Kb free=242717Kb
 bounds [0x000000000f010000, 0x000000000f310000, 0x000000001e010000]
 total_blobs=1121 nmethods=683 adapters=352
 compilation: enabled

Compilation events (10 events):
Event: 3.508 Thread 0x000000001e248000  680       3       java.nio.Buffer::remaining (10 bytes)
Event: 3.508 Thread 0x000000001e248000 nmethod 680 0x000000000f2fe510 code [0x000000000f2fe660, 0x000000000f2fe7b0]
Event: 3.518 Thread 0x000000001e245800 nmethod 678% 0x000000000f30ba50 code [0x000000000f30bd00, 0x000000000f30d800]
Event: 3.558 Thread 0x000000001e23c800  681       4       org.bytedeco.javacpp.helper.opencv_core$AbstractArray::flipCopyWithGamma (608 bytes)
Event: 3.565 Thread 0x000000001e248000  682       3       java.util.zip.ZipFile$ZipFileInputStream::finalize (5 bytes)
Event: 3.565 Thread 0x000000001e248000 nmethod 682 0x000000000f2fe190 code [0x000000000f2fe300, 0x000000000f2fe488]
Event: 3.565 Thread 0x000000001e248000  684   !   3       java.lang.ref.Finalizer::remove (94 bytes)
Event: 3.565 Thread 0x000000001e248000 nmethod 684 0x000000000f2fd9d0 code [0x000000000f2fdb40, 0x000000000f2fe050]
Event: 3.565 Thread 0x000000001e248000  683       3       java.util.zip.ZipFile$ZipFileInflaterInputStream::finalize (5 bytes)
Event: 3.565 Thread 0x000000001e248000 nmethod 683 0x000000000f2fd650 code [0x000000000f2fd7c0, 0x000000000f2fd948]

GC Heap History (10 events):
Event: 0.197 GC heap before
{Heap before GC invocations=5 (full 0):
 PSYoungGen      total 2560K, used 2544K [0x000000076f100000, 0x000000076f400000, 0x00000007c0000000)
  eden space 2048K, 100% used [0x000000076f100000,0x000000076f300000,0x000000076f300000)
  from space 512K, 96% used [0x000000076f380000,0x000000076f3fc010,0x000000076f400000)
  to   space 512K, 0% used [0x000000076f300000,0x000000076f300000,0x000000076f380000)
 ParOldGen       total 248320K, used 496K [0x00000006cd200000, 0x00000006dc480000, 0x000000076f100000)
  object space 248320K, 0% used [0x00000006cd200000,0x00000006cd27c200,0x00000006dc480000)
 Metaspace       used 3694K, capacity 4856K, committed 5120K, reserved 1056768K
  class space    used 396K, capacity 424K, committed 512K, reserved 1048576K
Event: 0.198 GC heap after
Heap after GC invocations=5 (full 0):
 PSYoungGen      total 2560K, used 496K [0x000000076f100000, 0x000000076f700000, 0x00000007c0000000)
  eden space 2048K, 0% used [0x000000076f100000,0x000000076f100000,0x000000076f300000)
  from space 512K, 96% used [0x000000076f300000,0x000000076f37c010,0x000000076f380000)
  to   space 1024K, 0% used [0x000000076f600000,0x000000076f600000,0x000000076f700000)
 ParOldGen       total 248320K, used 866K [0x00000006cd200000, 0x00000006dc480000, 0x000000076f100000)
  object space 248320K, 0% used [0x00000006cd200000,0x00000006cd2d89c0,0x00000006dc480000)
 Metaspace       used 3694K, capacity 4856K, committed 5120K, reserved 1056768K
  class space    used 396K, capacity 424K, committed 512K, reserved 1048576K
}
Event: 1.518 GC heap before
{Heap before GC invocations=6 (full 0):
 PSYoungGen      total 2560K, used 2544K [0x000000076f100000, 0x000000076f700000, 0x00000007c0000000)
  eden space 2048K, 100% used [0x000000076f100000,0x000000076f300000,0x000000076f300000)
  from space 512K, 96% used [0x000000076f300000,0x000000076f37c010,0x000000076f380000)
  to   space 1024K, 0% used [0x000000076f600000,0x000000076f600000,0x000000076f700000)
 ParOldGen       total 248320K, used 866K [0x00000006cd200000, 0x00000006dc480000, 0x000000076f100000)
  object space 248320K, 0% used [0x00000006cd200000,0x00000006cd2d89c0,0x00000006dc480000)
 Metaspace       used 5194K, capacity 5344K, committed 5504K, reserved 1056768K
  class space    used 570K, capacity 592K, committed 640K, reserved 1048576K
Event: 1.522 GC heap after
Heap after GC invocations=6 (full 0):
 PSYoungGen      total 4608K, used 1010K [0x000000076f100000, 0x000000076f800000, 0x00000007c0000000)
  eden space 3584K, 0% used [0x000000076f100000,0x000000076f100000,0x000000076f480000)
  from space 1024K, 98% used [0x000000076f600000,0x000000076f6fcb10,0x000000076f700000)
  to   space 1536K, 0% used [0x000000076f480000,0x000000076f480000,0x000000076f600000)
 ParOldGen       total 248320K, used 1000K [0x00000006cd200000, 0x00000006dc480000, 0x000000076f100000)
  object space 248320K, 0% used [0x00000006cd200000,0x00000006cd2fa0a0,0x00000006dc480000)
 Metaspace       used 5194K, capacity 5344K, committed 5504K, reserved 1056768K
  class space    used 570K, capacity 592K, committed 640K, reserved 1048576K
}
Event: 1.686 GC heap before
{Heap before GC invocations=7 (full 0):
 PSYoungGen      total 4608K, used 4594K [0x000000076f100000, 0x000000076f800000, 0x00000007c0000000)
  eden space 3584K, 100% used [0x000000076f100000,0x000000076f480000,0x000000076f480000)
  from space 1024K, 98% used [0x000000076f600000,0x000000076f6fcb10,0x000000076f700000)
  to   space 1536K, 0% used [0x000000076f480000,0x000000076f480000,0x000000076f600000)
 ParOldGen       total 248320K, used 1000K [0x00000006cd200000, 0x00000006dc480000, 0x000000076f100000)
  object space 248320K, 0% used [0x00000006cd200000,0x00000006cd2fa0a0,0x00000006dc480000)
 Metaspace       used 5563K, capacity 5728K, committed 5888K, reserved 1056768K
  class space    used 607K, capacity 656K, committed 768K, reserved 1048576K
Event: 1.688 GC heap after
Heap after GC invocations=7 (full 0):
 PSYoungGen      total 5120K, used 936K [0x000000076f100000, 0x000000076fb00000, 0x00000007c0000000)
  eden space 3584K, 0% used [0x000000076f100000,0x000000076f100000,0x000000076f480000)
  from space 1536K, 60% used [0x000000076f480000,0x000000076f56a060,0x000000076f600000)
  to   space 1536K, 0% used [0x000000076f980000,0x000000076f980000,0x000000076fb00000)
 ParOldGen       total 248320K, used 1304K [0x00000006cd200000, 0x00000006dc480000, 0x000000076f100000)
  object space 248320K, 0% used [0x00000006cd200000,0x00000006cd3460f0,0x00000006dc480000)
 Metaspace       used 5563K, capacity 5728K, committed 5888K, reserved 1056768K
  class space    used 607K, capacity 656K, committed 768K, reserved 1048576K
}
Event: 2.995 GC heap before
{Heap before GC invocations=8 (full 0):
 PSYoungGen      total 5120K, used 4520K [0x000000076f100000, 0x000000076fb00000, 0x00000007c0000000)
  eden space 3584K, 100% used [0x000000076f100000,0x000000076f480000,0x000000076f480000)
  from space 1536K, 60% used [0x000000076f480000,0x000000076f56a060,0x000000076f600000)
  to   space 1536K, 0% used [0x000000076f980000,0x000000076f980000,0x000000076fb00000)
 ParOldGen       total 248320K, used 1304K [0x00000006cd200000, 0x00000006dc480000, 0x000000076f100000)
  object space 248320K, 0% used [0x00000006cd200000,0x00000006cd3460f0,0x00000006dc480000)
 Metaspace       used 6731K, capacity 6774K, committed 6912K, reserved 1056768K
  class space    used 701K, capacity 722K, committed 768K, reserved 1048576K
Event: 2.997 GC heap after
Heap after GC invocations=8 (full 0):
 PSYoungGen      total 8704K, used 981K [0x000000076f100000, 0x000000076fb00000, 0x00000007c0000000)
  eden space 7168K, 0% used [0x000000076f100000,0x000000076f100000,0x000000076f800000)
  from space 1536K, 63% used [0x000000076f980000,0x000000076fa754e0,0x000000076fb00000)
  to   space 1536K, 0% used [0x000000076f800000,0x000000076f800000,0x000000076f980000)
 ParOldGen       total 248320K, used 1480K [0x00000006cd200000, 0x00000006dc480000, 0x000000076f100000)
  object space 248320K, 0% used [0x00000006cd200000,0x00000006cd3720f0,0x00000006dc480000)
 Metaspace       used 6731K, capacity 6774K, committed 6912K, reserved 1056768K
  class space    used 701K, capacity 722K, committed 768K, reserved 1048576K
}
Event: 3.561 GC heap before
{Heap before GC invocations=9 (full 0):
 PSYoungGen      total 8704K, used 7529K [0x000000076f100000, 0x000000076fb00000, 0x00000007c0000000)
  eden space 7168K, 91% used [0x000000076f100000,0x000000076f7652b0,0x000000076f800000)
  from space 1536K, 63% used [0x000000076f980000,0x000000076fa754e0,0x000000076fb00000)
  to   space 1536K, 0% used [0x000000076f800000,0x000000076f800000,0x000000076f980000)
 ParOldGen       total 248320K, used 1480K [0x00000006cd200000, 0x00000006dc480000, 0x000000076f100000)
  object space 248320K, 0% used [0x00000006cd200000,0x00000006cd3720f0,0x00000006dc480000)
 Metaspace       used 7963K, capacity 8022K, committed 8064K, reserved 1056768K
  class space    used 873K, capacity 882K, committed 896K, reserved 1048576K
Event: 3.564 GC heap after
Heap after GC invocations=9 (full 0):
 PSYoungGen      total 8704K, used 1508K [0x000000076f100000, 0x0000000770380000, 0x00000007c0000000)
  eden space 7168K, 0% used [0x000000076f100000,0x000000076f100000,0x000000076f800000)
  from space 1536K, 98% used [0x000000076f800000,0x000000076f979078,0x000000076f980000)
  to   space 3584K, 0% used [0x0000000770000000,0x0000000770000000,0x0000000770380000)
 ParOldGen       total 248320K, used 5892K [0x00000006cd200000, 0x00000006dc480000, 0x000000076f100000)
  object space 248320K, 2% used [0x00000006cd200000,0x00000006cd7c1350,0x00000006dc480000)
 Metaspace       used 7963K, capacity 8022K, committed 8064K, reserved 1056768K
  class space    used 873K, capacity 882K, committed 896K, reserved 1048576K
}

Deoptimization events (2 events):
Event: 1.470 Thread 0x0000000002cad800 Uncommon trap: reason=class_check action=maybe_recompile pc=0x000000000f1f1388 method=java.io.FilterInputStream.read([BII)I @ 7
Event: 1.470 Thread 0x0000000002cad800 Uncommon trap: reason=class_check action=maybe_recompile pc=0x000000000f1f1388 method=java.io.FilterInputStream.read([BII)I @ 7

Internal exceptions (10 events):
Event: 3.473 Thread 0x000000001f14c800 Exception <a 'java/security/PrivilegedActionException'> (0x000000076f5b54f8) thrown at [D:\re\workspace\8-2-build-windows-amd64-cygwin\jdk8\2238\hotspot\src\share\vm\prims\jvm.cpp, line 1248]
Event: 3.473 Thread 0x000000001f14c800 Exception <a 'java/io/FileNotFoundException'> (0x000000076f5bb5c0) thrown at [D:\re\workspace\8-2-build-windows-amd64-cygwin\jdk8\2238\hotspot\src\share\vm\prims\jni.cpp, line 716]
Event: 3.492 Thread 0x000000001f14c800 Exception <a 'java/security/PrivilegedActionException'> (0x000000076f5c0480) thrown at [D:\re\workspace\8-2-build-windows-amd64-cygwin\jdk8\2238\hotspot\src\share\vm\prims\jvm.cpp, line 1248]
Event: 3.492 Thread 0x000000001f14c800 Exception <a 'java/security/PrivilegedActionException'> (0x000000076f5c7158) thrown at [D:\re\workspace\8-2-build-windows-amd64-cygwin\jdk8\2238\hotspot\src\share\vm\prims\jvm.cpp, line 1248]
Event: 3.492 Thread 0x000000001f14c800 Exception <a 'java/security/PrivilegedActionException'> (0x000000076f5d4f10) thrown at [D:\re\workspace\8-2-build-windows-amd64-cygwin\jdk8\2238\hotspot\src\share\vm\prims\jvm.cpp, line 1248]
Event: 3.493 Thread 0x000000001f14c800 Exception <a 'java/security/PrivilegedActionException'> (0x000000076f5dc248) thrown at [D:\re\workspace\8-2-build-windows-amd64-cygwin\jdk8\2238\hotspot\src\share\vm\prims\jvm.cpp, line 1248]
Event: 3.493 Thread 0x000000001f14c800 Exception <a 'java/security/PrivilegedActionException'> (0x000000076f5e4a38) thrown at [D:\re\workspace\8-2-build-windows-amd64-cygwin\jdk8\2238\hotspot\src\share\vm\prims\jvm.cpp, line 1248]
Event: 3.494 Thread 0x000000001f14c800 Exception <a 'java/security/PrivilegedActionException'> (0x000000076f5ecde8) thrown at [D:\re\workspace\8-2-build-windows-amd64-cygwin\jdk8\2238\hotspot\src\share\vm\prims\jvm.cpp, line 1248]
Event: 3.497 Thread 0x000000001f14c800 Exception <a 'java/security/PrivilegedActionException'> (0x000000076f5fbcd8) thrown at [D:\re\workspace\8-2-build-windows-amd64-cygwin\jdk8\2238\hotspot\src\share\vm\prims\jvm.cpp, line 1248]
Event: 3.498 Thread 0x000000001f14c800 Exception <a 'java/security/PrivilegedActionException'> (0x000000076f605560) thrown at [D:\re\workspace\8-2-build-windows-amd64-cygwin\jdk8\2238\hotspot\src\share\vm\prims\jvm.cpp, line 1248]

Events (10 events):
Event: 3.494 loading class com/xuggle/xuggler/IVideoResampler
Event: 3.494 loading class com/xuggle/xuggler/IVideoResampler done
Event: 3.497 loading class com/xuggle/xuggler/video/ConverterFactory
Event: 3.497 loading class com/xuggle/xuggler/video/ConverterFactory done
Event: 3.498 loading class com/xuggle/xuggler/video/ConverterFactory$Type
Event: 3.498 loading class com/xuggle/xuggler/video/ConverterFactory$Type done
Event: 3.558 Thread 0x000000001f14c800 DEOPT PACKING pc=0x000000000f30844f sp=0x0000000022e1ec20
Event: 3.558 Thread 0x000000001f14c800 DEOPT UNPACKING pc=0x000000000f057604 sp=0x0000000022e1e990 mode 0
Event: 3.561 Executing VM operation: ParallelGCFailedAllocation
Event: 3.564 Executing VM operation: ParallelGCFailedAllocation done


Dynamic libraries:
0x00007ff65a0b0000 - 0x00007ff65a0e4000 	C:\Program Files\Java\jdk1.8.0\bin\java.exe
0x00007ff960ab0000 - 0x00007ff960c5c000 	C:\Windows\SYSTEM32\ntdll.dll
0x00007ff95e560000 - 0x00007ff95e69e000 	C:\Windows\system32\KERNEL32.DLL
0x00007ff95df60000 - 0x00007ff95e075000 	C:\Windows\system32\KERNELBASE.dll
0x00007ff95c730000 - 0x00007ff95c7be000 	C:\Windows\system32\apphelp.dll
0x00007ff94a820000 - 0x00007ff94a873000 	C:\Windows\AppPatch\AppPatch64\AcGenral.DLL
0x00007ff9608a0000 - 0x00007ff96094a000 	C:\Windows\system32\msvcrt.dll
0x00007ff95da50000 - 0x00007ff95da7e000 	C:\Windows\SYSTEM32\SspiCli.dll
0x00007ff95e1f0000 - 0x00007ff95e244000 	C:\Windows\system32\SHLWAPI.dll
0x00007ff960210000 - 0x00007ff960387000 	C:\Windows\system32\USER32.dll
0x00007ff9603a0000 - 0x00007ff960534000 	C:\Windows\system32\ole32.dll
0x00007ff95e930000 - 0x00007ff95fe48000 	C:\Windows\system32\SHELL32.dll
0x00007ff95d260000 - 0x00007ff95d281000 	C:\Windows\SYSTEM32\USERENV.dll
0x00007ff9605c0000 - 0x00007ff96066a000 	C:\Windows\system32\ADVAPI32.dll
0x00007ff954250000 - 0x00007ff95426e000 	C:\Windows\SYSTEM32\MPR.dll
0x00007ff95e260000 - 0x00007ff95e3a1000 	C:\Windows\system32\RPCRT4.dll
0x00007ff960560000 - 0x00007ff9605b9000 	C:\Windows\SYSTEM32\sechost.dll
0x00007ff960680000 - 0x00007ff960891000 	C:\Windows\SYSTEM32\combase.dll
0x00007ff960950000 - 0x00007ff960aa1000 	C:\Windows\system32\GDI32.dll
0x00007ff95dc00000 - 0x00007ff95dc15000 	C:\Windows\SYSTEM32\profapi.dll
0x00007ff95c670000 - 0x00007ff95c722000 	C:\Windows\SYSTEM32\SHCORE.dll
0x00007ff95ff10000 - 0x00007ff95ff46000 	C:\Windows\system32\IMM32.DLL
0x00007ff95e710000 - 0x00007ff95e863000 	C:\Windows\system32\MSCTF.dll
0x00007ff95dbb0000 - 0x00007ff95dbe2000 	C:\Windows\system32\nvinitx.dll
0x00007ff95dba0000 - 0x00007ff95dbaa000 	C:\Windows\SYSTEM32\VERSION.dll
0x000000000f000000 - 0x000000000f006000 	C:\Program Files\NVIDIA Corporation\CoProcManager\_etoured.dll
0x00007ff95bc40000 - 0x00007ff95bc72000 	C:\Program Files\NVIDIA Corporation\CoProcManager\nvd3d9wrapx.dll
0x00007ff960020000 - 0x00007ff9601fa000 	C:\Windows\system32\SETUPAPI.dll
0x00007ff95deb0000 - 0x00007ff95deff000 	C:\Windows\system32\CFGMGR32.dll
0x00007ff95bb60000 - 0x00007ff95bb82000 	C:\Program Files\NVIDIA Corporation\CoProcManager\nvdxgiwrapx.dll
0x00007ff95bc80000 - 0x00007ff95befb000 	C:\Windows\WinSxS\amd64_microsoft.windows.common-controls_6595b64144ccf1df_6.0.9600.17415_none_6240486fecbd8abb\COMCTL32.dll
0x00007ff9514e0000 - 0x00007ff951569000 	C:\Program Files (x86)\AVG\AVG2015\avghooka.dll
0x0000000059750000 - 0x0000000059822000 	C:\Program Files\Java\jdk1.8.0\jre\bin\msvcr100.dll
0x0000000058f20000 - 0x000000005974a000 	C:\Program Files\Java\jdk1.8.0\jre\bin\server\jvm.dll
0x00007ff954cf0000 - 0x00007ff954cf9000 	C:\Windows\SYSTEM32\WSOCK32.dll
0x00007ff95b530000 - 0x00007ff95b552000 	C:\Windows\SYSTEM32\WINMM.dll
0x00007ff960200000 - 0x00007ff960207000 	C:\Windows\system32\PSAPI.DLL
0x00007ff95e190000 - 0x00007ff95e1ea000 	C:\Windows\system32\WS2_32.dll
0x00007ff95b410000 - 0x00007ff95b43a000 	C:\Windows\SYSTEM32\WINMMBASE.dll
0x00007ff960390000 - 0x00007ff960399000 	C:\Windows\system32\NSI.dll
0x00007ff95c9c0000 - 0x00007ff95c9e8000 	C:\Windows\SYSTEM32\DEVOBJ.dll
0x0000000058f10000 - 0x0000000058f1f000 	C:\Program Files\Java\jdk1.8.0\jre\bin\verify.dll
0x0000000058ee0000 - 0x0000000058f08000 	C:\Program Files\Java\jdk1.8.0\jre\bin\java.dll
0x0000000058ec0000 - 0x0000000058ed6000 	C:\Program Files\Java\jdk1.8.0\jre\bin\zip.dll
0x00007ff95d5f0000 - 0x00007ff95d610000 	C:\Windows\SYSTEM32\CRYPTSP.dll
0x00007ff95d0f0000 - 0x00007ff95d126000 	C:\Windows\system32\rsaenh.dll
0x00007ff95d700000 - 0x00007ff95d726000 	C:\Windows\SYSTEM32\bcrypt.dll
0x00007ff95da80000 - 0x00007ff95dae3000 	C:\Windows\system32\bcryptprimitives.dll
0x00007ff95daf0000 - 0x00007ff95dafb000 	C:\Windows\SYSTEM32\CRYPTBASE.dll
0x0000000058ea0000 - 0x0000000058eba000 	C:\Program Files\Java\jdk1.8.0\jre\bin\net.dll
0x00007ff95d470000 - 0x00007ff95d4c9000 	C:\Windows\system32\mswsock.dll
0x00007ff954160000 - 0x00007ff954175000 	C:\Windows\system32\napinsp.dll
0x00007ff954180000 - 0x00007ff95419a000 	C:\Windows\system32\pnrpnsp.dll
0x00007ff95a440000 - 0x00007ff95a45b000 	C:\Windows\system32\NLAapi.dll
0x00007ff95d180000 - 0x00007ff95d224000 	C:\Windows\SYSTEM32\DNSAPI.dll
0x00007ff9541a0000 - 0x00007ff9541ad000 	C:\Windows\System32\winrnr.dll
0x00007ff9541b0000 - 0x00007ff9541c4000 	C:\Windows\system32\wshbth.dll
0x000000005bf50000 - 0x000000005bf76000 	C:\Program Files\Bonjour\mdnsNSP.dll
0x00007ff957c30000 - 0x00007ff957c5a000 	C:\Windows\SYSTEM32\Iphlpapi.DLL
0x00007ff957c20000 - 0x00007ff957c2a000 	C:\Windows\SYSTEM32\WINNSI.DLL
0x00007ff9541d0000 - 0x00007ff9541da000 	C:\Windows\System32\rasadhlp.dll
0x00007ff9577a0000 - 0x00007ff95780b000 	C:\Windows\System32\fwpuclnt.dll
0x0000000058e80000 - 0x0000000058e91000 	C:\Program Files\Java\jdk1.8.0\jre\bin\nio.dll
0x000000006e740000 - 0x000000006fda5000 	C:\Users\Piotr\AppData\Local\Temp\xuggle\xuggle487121322083340928.dll
0x00007ff94e020000 - 0x00007ff94e037000 	C:\Windows\SYSTEM32\AVICAP32.dll
0x00007ff94a7f0000 - 0x00007ff94a819000 	C:\Windows\SYSTEM32\MSVFW32.dll
0x0000000058e70000 - 0x0000000058e7c000 	C:\Program Files\Java\jdk1.8.0\jre\bin\jsound.dll
0x0000000058e60000 - 0x0000000058e6b000 	C:\Program Files\Java\jdk1.8.0\jre\bin\jsoundds.dll
0x00007ff937d90000 - 0x00007ff937e2d000 	C:\Windows\SYSTEM32\DSOUND.dll
0x00007ff95d290000 - 0x00007ff95d2d6000 	C:\Windows\SYSTEM32\POWRPROF.dll
0x00007ff95c9f0000 - 0x00007ff95c9fb000 	C:\Windows\SYSTEM32\kernel.appcore.dll
0x00007ff95b4b0000 - 0x00007ff95b520000 	C:\Windows\SYSTEM32\MMDevAPI.DLL
0x00007ff95c820000 - 0x00007ff95c949000 	C:\Windows\system32\uxtheme.dll
0x00007ff94a730000 - 0x00007ff94a76e000 	C:\Windows\SYSTEM32\wdmaud.drv
0x00007ff9581f0000 - 0x00007ff9581f8000 	C:\Windows\SYSTEM32\ksuser.dll
0x00007ff95b220000 - 0x00007ff95b22c000 	C:\Windows\SYSTEM32\AVRT.dll
0x00007ff94d5f0000 - 0x00007ff94d66e000 	C:\Windows\SYSTEM32\AUDIOSES.DLL
0x00007ff95ff50000 - 0x00007ff960011000 	C:\Windows\system32\OLEAUT32.dll
0x00007ff958590000 - 0x00007ff95859b000 	C:\Windows\SYSTEM32\msacm32.drv
0x00007ff9444b0000 - 0x00007ff9444cc000 	C:\Windows\SYSTEM32\MSACM32.dll
0x00007ff94e760000 - 0x00007ff94e76a000 	C:\Windows\SYSTEM32\midimap.dll
0x00007ff95fe50000 - 0x00007ff95ff06000 	C:\Windows\SYSTEM32\clbcatq.dll
0x0000000058e40000 - 0x0000000058e55000 	C:\Users\Piotr\AppData\Local\Temp\javacpp9774664767602\libusb0.dll
0x00007ff94a7c0000 - 0x00007ff94a7ec000 	C:\Users\Piotr\AppData\Local\Temp\javacpp9774664767602\freenect.dll
0x00007ff94a8b0000 - 0x00007ff94a8c9000 	C:\Users\Piotr\AppData\Local\Temp\javacpp9774664767602\pthreadVC2.dll
0x00007ff94a790000 - 0x00007ff94a7b7000 	C:\Users\Piotr\AppData\Local\Temp\javacpp9774664767602\jnifreenect.dll
0x00007ff9449a0000 - 0x00007ff9449c5000 	C:\Users\Piotr\AppData\Local\Temp\javacpp9774664767602\jnivideoInputLib.dll
0x000000005d2e0000 - 0x000000005d378000 	C:\Windows\SYSTEM32\MSVCP100.dll
0x00007ff944980000 - 0x00007ff944998000 	C:\Windows\System32\devenum.dll
0x00007ff95ae70000 - 0x00007ff95aea2000 	C:\Windows\SYSTEM32\ntmarta.dll
0x000000001ffa0000 - 0x000000001fff1000 	C:\Windows\system32\WINTRUST.dll
0x00007ff95dcd0000 - 0x00007ff95deaf000 	C:\Windows\system32\CRYPT32.dll
0x00007ff95dcb0000 - 0x00007ff95dcc1000 	C:\Windows\system32\MSASN1.dll
0x00007ff951590000 - 0x00007ff95159d000 	C:\Windows\SYSTEM32\msdmo.dll
0x00007ff9448b0000 - 0x00007ff9448dd000 	C:\Windows\System32\qcap.dll
0x00007ff933a60000 - 0x00007ff933c32000 	C:\Windows\System32\quartz.dll
0x00007ff95bf00000 - 0x00007ff95bf21000 	C:\Windows\system32\dwmapi.dll
0x00007ff938120000 - 0x00007ff93816b000 	C:\Windows\System32\ksproxy.ax
0x00007ff952090000 - 0x00007ff9522b1000 	C:\Windows\System32\d3d9.dll
0x00007ff94e630000 - 0x00007ff94e63e000 	C:\Windows\System32\vidcap.ax
0x00007ff943ca0000 - 0x00007ff943cc6000 	C:\Windows\System32\kswdmcap.ax
0x00007ff932d40000 - 0x00007ff932e8d000 	C:\Windows\System32\MFC42.dll
0x00007ff933990000 - 0x00007ff933a52000 	C:\Windows\System32\ODBC32.dll
0x00007ff932c90000 - 0x00007ff932d38000 	C:\Windows\System32\qedit.dll
0x00007ff95e870000 - 0x00007ff95e926000 	C:\Windows\system32\COMDLG32.dll
0x00007ff95ab30000 - 0x00007ff95ace0000 	C:\Windows\WinSxS\amd64_microsoft.windows.gdiplus_6595b64144ccf1df_1.1.9600.17415_none_932b3b5547500489\gdiplus.dll
0x00007ff9590e0000 - 0x00007ff9591d8000 	C:\Windows\System32\DDRAW.dll
0x00007ff959630000 - 0x00007ff959639000 	C:\Windows\System32\DCIMAN32.dll
0x00007ff95a480000 - 0x00007ff95a57d000 	C:\Windows\SYSTEM32\nvumdshimx.dll
0x00007ff9384c0000 - 0x00007ff939c63000 	C:\Windows\system32\igdumdim64.dll
0x00007ff932a90000 - 0x00007ff932c81000 	C:\Program Files\K-Lite Codec Pack x64\Filters\vsfilter.dll
0x00007ff95aaa0000 - 0x00007ff95ab22000 	C:\Windows\SYSTEM32\WINSPOOL.DRV
0x00007ff955df0000 - 0x00007ff956038000 	C:\Windows\SYSTEM32\WININET.dll
0x00007ff956040000 - 0x00007ff956307000 	C:\Windows\SYSTEM32\iertutil.dll
0x00007ff94a780000 - 0x00007ff94a78c000 	C:\Windows\SYSTEM32\msyuv.dll
0x0000000058d60000 - 0x0000000058e31000 	C:\Users\Piotr\AppData\Local\Temp\javacpp9774664767602\msvcr100.dll
0x0000000058cc0000 - 0x0000000058d58000 	C:\Users\Piotr\AppData\Local\Temp\javacpp9774664767602\msvcp100.dll
0x00007ff931860000 - 0x00007ff931ad2000 	C:\Users\Piotr\AppData\Local\Temp\javacpp9774664767602\opencv_core249.dll
0x00007ff9328e0000 - 0x00007ff932a85000 	C:\Users\Piotr\AppData\Local\Temp\javacpp9774664767602\jniopencv_core.dll
0x0000000057e10000 - 0x0000000057fa6000 	C:\Program Files\Java\jdk1.8.0\jre\bin\awt.dll
0x00007ff953860000 - 0x00007ff9539ea000 	C:\Windows\SYSTEM32\dbghelp.dll

VM Arguments:
jvm_args: -Dfile.encoding=UTF-8 
java_command: wideokomunikator.main
java_class_path (initial): D:\Programowanie\javacv\javacv-bin\ffmpeg.jar;D:\Programowanie\javacv\javacv-bin\javacpp.jar;D:\Programowanie\javacv\javacv-bin\javacv.jar;D:\Programowanie\javacv\javacv-bin\opencv.jar;C:\Program Files\Java\jdk1.8.0_05\db\lib\derby.jar;C:\Program Files\Java\jdk1.8.0_05\db\lib\derbyclient.jar;C:\Program Files\Java\jdk1.8.0_05\db\lib\derbytools.jar;C:\Program Files\Java\jdk1.8.0_05\db\lib\derbynet.jar;D:\Programowanie\xuggle-xuggler-5.4.jar;D:\Programowanie\slf4j-simple-1.7.10.jar;D:\Programowanie\slf4j-api-1.7.10.jar;C:\Users\Piotr\Documents\NetBeansProjects\Wideokomunikator\build\classes
Launcher Type: SUN_STANDARD

Environment Variables:
JAVA_HOME=C:\Program Files\Java\jdk1.8.0_05
CLASSPATH=.;C:\PROGRA~2\JMF2.1.1e\lib\sound.jar;C:\PROGRA~2\JMF2.1.1e\lib\jmf.jar;C:\PROGRA~2\JMF2.1.1e\lib;.;.;.;c:\PROGRA~2\java\JMF21~1.1E\lib\sound.jar;c:\PROGRA~2\java\JMF21~1.1E\lib\jmf.jar;c:\PROGRA~2\java\JMF21~1.1E\lib;
PATH=C:\Program Files (x86)\NVIDIA Corporation\PhysX\Common;C:\ProgramData\Oracle\Java\javapath;C:\Python34\;C:\Python34\Scripts;C:\Program Files (x86)\Intel\iCLS Client\;C:\Program Files\Intel\iCLS Client\;C:\Windows\system32;C:\Windows;C:\Windows\System32\Wbem;C:\Windows\System32\WindowsPowerShell\v1.0\;C:\Program Files\Intel\Intel(R) Management Engine Components\DAL;C:\Program Files\Intel\Intel(R) Management Engine Components\IPT;C:\Program Files (x86)\Intel\Intel(R) Management Engine Components\DAL;C:\Program Files (x86)\Intel\Intel(R) Management Engine Components\IPT;C:\Program Files\nodejs\;C:\Windows\Microsoft.NET\Framework\v4.0.30319;C:\Program Files\Microsoft SQL Server\110\Tools\Binn\;C:\Program Files\Java\jdk1.8.0_05\bin;C:\Program Files (x86)\QuickTime\QTSystem\;C:\Program Files\apache-ant-1.9.4\bin;1UGGLE_HOME\bin;c:\PROGRA~2\java\JMF21~1.1E\lib;C:\Users\Piotr\AppData\Roaming\npm;C:\Program Files (x86)\Bitvise SSH Client;C:\Program Files\Java\jdk1.8.0_05\bin
USERNAME=Piotr
OS=Windows_NT
PROCESSOR_IDENTIFIER=Intel64 Family 6 Model 60 Stepping 3, GenuineIntel



---------------  S Y S T E M  ---------------

OS: Windows 8.1 , 64 bit Build 9600 

CPU:total 8 (4 cores per cpu, 2 threads per core) family 6 model 60 stepping 3, cmov, cx8, fxsr, mmx, sse, sse2, sse3, ssse3, sse4.1, sse4.2, popcnt, avx, avx2, aes, clmul, erms, ht, tsc, tscinvbit

Memory: 4k page, physical 15910992k(9871876k free), swap 36390992k(27923892k free)

vm_info: Java HotSpot(TM) 64-Bit Server VM (25.0-b70) for windows-amd64 JRE (1.8.0-b132), built on Mar  4 2014 03:46:18 by "java_re" with MS VC++ 10.0 (VS2010)

time: Sat Feb 07 19:22:55 2015
elapsed time: 3 seconds

