#
# A fatal error has been detected by the Java Runtime Environment:
#
#  EXCEPTION_ACCESS_VIOLATION (0xc0000005) at pc=0x0d8132a0, pid=3496, tid=7012
#
# JRE version: Java(TM) SE Runtime Environment (8.0_31-b13) (build 1.8.0_31-b13)
# Java VM: Java HotSpot(TM) Client VM (25.31-b07 mixed mode windows-x86 )
# Problematic frame:
# C  0x0d8132a0
#
# Failed to write core dump. Minidumps are not enabled by default on client versions of Windows
#
# If you would like to submit a bug report, please visit:
#   http://bugreport.java.com/bugreport/crash.jsp
# The crash happened outside the Java Virtual Machine in native code.
# See problematic frame for where to report the bug.
#

---------------  T H R E A D  ---------------

Current thread (0x08d6cc00):  JavaThread "Thread-21" [_thread_in_native, id=7012, stack(0x09ae0000,0x09b30000)]

siginfo: ExceptionCode=0xc0000005, reading address 0x0000dd30

Registers:
EAX=0x000002c0, EBX=0x00000160, ECX=0x20bc25c0, EDX=0x0000dd30
ESP=0x09b2f164, EBP=0x00000000, ESI=0x00000010, EDI=0x00000000
EIP=0x0d8132a0, EFLAGS=0x00010202

Top of Stack: (sp=0x09b2f164)
0x09b2f164:   209a6580 000000f0 0d640243 20bc25c0
0x09b2f174:   0000dd30 00000160 00000008 00000000
0x09b2f184:   00000000 00000000 00000000 00000000
0x09b2f194:   00000000 00010001 00010001 122f40f8
0x09b2f1a4:   00000001 209a6580 0ee7f420 00000000
0x09b2f1b4:   00000000 209edfc0 209d2e78 0d9bc910
0x09b2f1c4:   209a6580 20bc25c0 00000160 209a8010
0x09b2f1d4:   000004c0 209a7f10 0d9bcdc0 00000280 

Instructions: (pc=0x0d8132a0)
0x0d813280:   83 ec 08 89 1c 24 8b 54 24 10 89 74 24 04 8b 4c
0x0d813290:   24 0c be 10 00 00 00 8b 5c 24 14 8d 04 1b 66 90
0x0d8132a0:   0f 6f 02 0f 6f 62 08 0f 6f 0c 1a 0f 6f 6c 1a 08
0x0d8132b0:   0f 7f 01 0f 7f 61 08 0f 7f 0c 19 0f 7f 6c 19 08 


Register to memory mapping:

EAX=0x000002c0 is an unknown value
EBX=0x00000160 is an unknown value
ECX=0x20bc25c0 is an unknown value
EDX=0x0000dd30 is an unknown value
ESP=0x09b2f164 is pointing into the stack for thread: 0x08d6cc00
EBP=0x00000000 is an unknown value
ESI=0x00000010 is an unknown value
EDI=0x00000000 is an unknown value


Stack: [0x09ae0000,0x09b30000],  sp=0x09b2f164,  free space=316k
Native frames: (J=compiled Java code, j=interpreted, Vv=VM code, C=native code)
C  0x0d8132a0

Java frames: (J=compiled Java code, j=interpreted, Vv=VM code)
j  com.xuggle.xuggler.XugglerJNI.IStreamCoder_decodeVideo(JLcom/xuggle/xuggler/IStreamCoder;JLcom/xuggle/xuggler/IVideoPicture;JLcom/xuggle/xuggler/IPacket;I)I+0
j  com.xuggle.xuggler.IStreamCoder.decodeVideo(Lcom/xuggle/xuggler/IVideoPicture;Lcom/xuggle/xuggler/IPacket;I)I+16
j  wideokomunikator.audiovideo.AudioVideo.decodeVideo(Lcom/xuggle/xuggler/IPacket;I)V+58
j  wideokomunikator.audiovideo.AudioVideo.access$1400(Lwideokomunikator/audiovideo/AudioVideo;Lcom/xuggle/xuggler/IPacket;I)V+3
j  wideokomunikator.audiovideo.AudioVideo$Hendler.run()V+120
v  ~StubRoutines::call_stub

---------------  P R O C E S S  ---------------

Java Threads: ( => current thread )
=>0x08d6cc00 JavaThread "Thread-21" [_thread_in_native, id=7012, stack(0x09ae0000,0x09b30000)]
  0x08d6d000 JavaThread "Thread-17" [_thread_in_Java, id=1684, stack(0x1f6b0000,0x1f700000)]
  0x08d6b800 JavaThread "Thread-16" [_thread_blocked, id=1312, stack(0x1f620000,0x1f670000)]
  0x08d6ac00 JavaThread "Thread-19" [_thread_in_native, id=2328, stack(0x1f590000,0x1f5e0000)]
  0x08d69800 JavaThread "Thread-18" [_thread_in_native, id=6896, stack(0x1f500000,0x1f550000)]
  0x08d6a400 JavaThread "Java Sound Event Dispatcher" daemon [_thread_blocked, id=7764, stack(0x0ba30000,0x0ba80000)]
  0x08d6c400 JavaThread "derby.rawStoreDaemon" daemon [_thread_blocked, id=6244, stack(0x0b190000,0x0b1e0000)]
  0x08d6c000 JavaThread "DRDAConnThread_2" daemon [_thread_in_native, id=6220, stack(0x0b100000,0x0b150000)]
  0x08d6b400 JavaThread "NetworkServerThread_1" daemon [_thread_in_native, id=1476, stack(0x0af70000,0x0afc0000)]
  0x05ee1c00 JavaThread "derby.NetworkServerStarter" daemon [_thread_blocked, id=8860, stack(0x0aee0000,0x0af30000)]
  0x08d27c00 JavaThread "Timer-0" daemon [_thread_blocked, id=8644, stack(0x0ad50000,0x0ada0000)]
  0x08c35800 JavaThread "D3D Screen Updater" daemon [_thread_blocked, id=4076, stack(0x09fd0000,0x0a020000)]
  0x0115c800 JavaThread "DestroyJavaVM" [_thread_blocked, id=3548, stack(0x013d0000,0x01420000)]
  0x05eb2400 JavaThread "Thread-4" [_thread_in_native, id=3228, stack(0x09520000,0x09570000)]
  0x05eaa400 JavaThread "Thread-3" [_thread_blocked, id=5628, stack(0x09490000,0x094e0000)]
  0x05d68000 JavaThread "TimerQueue" daemon [_thread_blocked, id=8956, stack(0x084e0000,0x08530000)]
  0x05d62400 JavaThread "AWT-EventQueue-0" [_thread_blocked, id=7668, stack(0x08450000,0x084a0000)]
  0x05d13400 JavaThread "AWT-Windows" daemon [_thread_in_native, id=2080, stack(0x06570000,0x065c0000)]
  0x05cea000 JavaThread "AWT-Shutdown" [_thread_blocked, id=8648, stack(0x064e0000,0x06530000)]
  0x05ce9400 JavaThread "Java2D Disposer" daemon [_thread_blocked, id=8216, stack(0x06450000,0x064a0000)]
  0x0557f800 JavaThread "Service Thread" daemon [_thread_blocked, id=1744, stack(0x05a40000,0x05a90000)]
  0x0556a800 JavaThread "C1 CompilerThread0" daemon [_thread_blocked, id=1564, stack(0x059b0000,0x05a00000)]
  0x05569800 JavaThread "Attach Listener" daemon [_thread_blocked, id=3504, stack(0x05920000,0x05970000)]
  0x05567800 JavaThread "Signal Dispatcher" daemon [_thread_blocked, id=2284, stack(0x05890000,0x058e0000)]
  0x05536800 JavaThread "Finalizer" daemon [_thread_blocked, id=900, stack(0x05800000,0x05850000)]
  0x02ece800 JavaThread "Reference Handler" daemon [_thread_blocked, id=2204, stack(0x05770000,0x057c0000)]

Other Threads:
  0x02ecd000 VMThread [stack: 0x054e0000,0x05530000] [id=8996]
  0x05583800 WatcherThread [stack: 0x05ad0000,0x05b20000] [id=5020]

VM state:not at safepoint (normal execution)

VM Mutex/Monitor currently owned by a thread:  ([mutex/lock_event])
[0x0115b1d8] Threads_lock - owner thread: 0x08d6ac00

Heap:
 def new generation   total 78656K, used 53894K [0x0f200000, 0x14750000, 0x14750000)
  eden space 69952K, -2147483648% used [0x0f200000, 0x126a1b50, 0x13650000)
  from space 8704K,   0% used [0x13650000, 0x13650000, 0x13ed0000)
  to   space 8704K,   0% used [0x13ed0000, 0x13ed0000, 0x14750000)
 tenured generation   total 174784K, used 120738K [0x14750000, 0x1f200000, 0x1f200000)
   the space 174784K,  69% used [0x14750000, 0x1bd38828, 0x1bd38a00, 0x1f200000)
 Metaspace       used 18539K, capacity 18741K, committed 18944K, reserved 19840K

Card table byte_map: [0x04f90000,0x05020000] byte_map_base: 0x04f17000

Polling page: 0x01190000

CodeCache: size=32768Kb used=1960Kb max_used=1960Kb free=30807Kb
 bounds [0x02f10000, 0x03100000, 0x04f10000]
 total_blobs=1257 nmethods=872 adapters=317
 compilation: enabled

Compilation events (10 events):
Event: 10.903 Thread 0x0556a800 nmethod 885% 0x030f1f48 code [0x030f2250, 0x030f3624]
Event: 10.904 Thread 0x0556a800  886             wideokomunikator.audiovideo.AudioVideo::toShort (52 bytes)
Event: 10.904 Thread 0x0556a800 nmethod 886 0x030f4488 code [0x030f4590, 0x030f4720]
Event: 10.919 Thread 0x0556a800  887             sun.net.www.protocol.jar.Handler::parseURL (201 bytes)
Event: 10.919 Thread 0x0556a800 nmethod 887 0x030f4848 code [0x030f4a10, 0x030f4ef4]
Event: 10.919 Thread 0x0556a800  888             sun.net.www.protocol.jar.Handler::indexOfBangSlash (52 bytes)
Event: 10.919 Thread 0x0556a800 nmethod 888 0x030f5588 code [0x030f56a0, 0x030f57f8]
Event: 10.920 Thread 0x0556a800  889             org.bytedeco.javacpp.helper.opencv_core$AbstractArray::flipCopyWithGamma (608 bytes)
Event: 10.921 Thread 0x0556a800 nmethod 889 0x030f5988 code [0x030f5c70, 0x030f6b04]
Event: 11.001 Thread 0x0556a800  890             sun.nio.cs.UTF_8$Encoder::encodeArrayLoop (489 bytes)

GC Heap History (10 events):
Event: 4.213 GC heap before
{Heap before GC invocations=30 (full 2):
 def new generation   total 44608K, used 42140K [0x0f200000, 0x12260000, 0x14750000)
  eden space 39680K, 100% used [0x0f200000, 0x118c0000, 0x118c0000)
  from space 4928K,  49% used [0x11d90000, 0x11ff71a0, 0x12260000)
  to   space 4928K,   0% used [0x118c0000, 0x118c0000, 0x11d90000)
 tenured generation   total 153860K, used 116787K [0x14750000, 0x1dd91000, 0x1f200000)
   the space 153860K,  75% used [0x14750000, 0x1b95cc20, 0x1b95ce00, 0x1dd91000)
 Metaspace       used 8989K, capacity 9119K, committed 9216K, reserved 9600K
Event: 4.215 GC heap after
Heap after GC invocations=31 (full 2):
 def new generation   total 44608K, used 2461K [0x0f200000, 0x12260000, 0x14750000)
  eden space 39680K,   0% used [0x0f200000, 0x0f200000, 0x118c0000)
  from space 4928K,  49% used [0x118c0000, 0x11b274e8, 0x11d90000)
  to   space 4928K,   0% used [0x11d90000, 0x11d90000, 0x12260000)
 tenured generation   total 153860K, used 116787K [0x14750000, 0x1dd91000, 0x1f200000)
   the space 153860K,  75% used [0x14750000, 0x1b95cc20, 0x1b95ce00, 0x1dd91000)
 Metaspace       used 8989K, capacity 9119K, committed 9216K, reserved 9600K
}
Event: 4.426 GC heap before
{Heap before GC invocations=31 (full 2):
 def new generation   total 44608K, used 42141K [0x0f200000, 0x12260000, 0x14750000)
  eden space 39680K, 100% used [0x0f200000, 0x118c0000, 0x118c0000)
  from space 4928K,  49% used [0x118c0000, 0x11b274e8, 0x11d90000)
  to   space 4928K,   0% used [0x11d90000, 0x11d90000, 0x12260000)
 tenured generation   total 153860K, used 116787K [0x14750000, 0x1dd91000, 0x1f200000)
   the space 153860K,  75% used [0x14750000, 0x1b95cc20, 0x1b95ce00, 0x1dd91000)
 Metaspace       used 8989K, capacity 9119K, committed 9216K, reserved 9600K
Event: 4.427 GC heap after
Heap after GC invocations=32 (full 2):
 def new generation   total 44608K, used 2465K [0x0f200000, 0x12260000, 0x14750000)
  eden space 39680K,   0% used [0x0f200000, 0x0f200000, 0x118c0000)
  from space 4928K,  50% used [0x11d90000, 0x11ff84a8, 0x12260000)
  to   space 4928K,   0% used [0x118c0000, 0x118c0000, 0x11d90000)
 tenured generation   total 153860K, used 116787K [0x14750000, 0x1dd91000, 0x1f200000)
   the space 153860K,  75% used [0x14750000, 0x1b95cc20, 0x1b95ce00, 0x1dd91000)
 Metaspace       used 8989K, capacity 9119K, committed 9216K, reserved 9600K
}
Event: 4.637 GC heap before
{Heap before GC invocations=32 (full 2):
 def new generation   total 44608K, used 42145K [0x0f200000, 0x12260000, 0x14750000)
  eden space 39680K, 100% used [0x0f200000, 0x118c0000, 0x118c0000)
  from space 4928K,  50% used [0x11d90000, 0x11ff84a8, 0x12260000)
  to   space 4928K,   0% used [0x118c0000, 0x118c0000, 0x11d90000)
 tenured generation   total 153860K, used 116787K [0x14750000, 0x1dd91000, 0x1f200000)
   the space 153860K,  75% used [0x14750000, 0x1b95cc20, 0x1b95ce00, 0x1dd91000)
 Metaspace       used 8989K, capacity 9119K, committed 9216K, reserved 9600K
Event: 4.638 GC heap after
Heap after GC invocations=33 (full 2):
 def new generation   total 44608K, used 2466K [0x0f200000, 0x12260000, 0x14750000)
  eden space 39680K,   0% used [0x0f200000, 0x0f200000, 0x118c0000)
  from space 4928K,  50% used [0x118c0000, 0x11b28be0, 0x11d90000)
  to   space 4928K,   0% used [0x11d90000, 0x11d90000, 0x12260000)
 tenured generation   total 153860K, used 116788K [0x14750000, 0x1dd91000, 0x1f200000)
   the space 153860K,  75% used [0x14750000, 0x1b95d208, 0x1b95d400, 0x1dd91000)
 Metaspace       used 8989K, capacity 9119K, committed 9216K, reserved 9600K
}
Event: 5.938 GC heap before
{Heap before GC invocations=33 (full 2):
 def new generation   total 44608K, used 42146K [0x0f200000, 0x12260000, 0x14750000)
  eden space 39680K, 100% used [0x0f200000, 0x118c0000, 0x118c0000)
  from space 4928K,  50% used [0x118c0000, 0x11b28be0, 0x11d90000)
  to   space 4928K,   0% used [0x11d90000, 0x11d90000, 0x12260000)
 tenured generation   total 153860K, used 116788K [0x14750000, 0x1dd91000, 0x1f200000)
   the space 153860K,  75% used [0x14750000, 0x1b95d208, 0x1b95d400, 0x1dd91000)
 Metaspace       used 12456K, capacity 12622K, committed 12672K, reserved 12672K
Event: 5.944 GC heap after
Heap after GC invocations=34 (full 2):
 def new generation   total 44608K, used 3090K [0x0f200000, 0x12260000, 0x14750000)
  eden space 39680K,   0% used [0x0f200000, 0x0f200000, 0x118c0000)
  from space 4928K,  62% used [0x11d90000, 0x12094ab0, 0x12260000)
  to   space 4928K,   0% used [0x118c0000, 0x118c0000, 0x11d90000)
 tenured generation   total 153860K, used 116791K [0x14750000, 0x1dd91000, 0x1f200000)
   the space 153860K,  75% used [0x14750000, 0x1b95df28, 0x1b95e000, 0x1dd91000)
 Metaspace       used 12456K, capacity 12622K, committed 12672K, reserved 12672K
}
Event: 6.239 GC heap before
{Heap before GC invocations=34 (full 2):
 def new generation   total 44608K, used 21104K [0x0f200000, 0x12260000, 0x14750000)
  eden space 39680K,  45% used [0x0f200000, 0x10397880, 0x118c0000)
  from space 4928K,  62% used [0x11d90000, 0x12094ab0, 0x12260000)
  to   space 4928K,   0% used [0x118c0000, 0x118c0000, 0x11d90000)
 tenured generation   total 153860K, used 116791K [0x14750000, 0x1dd91000, 0x1f200000)
   the space 153860K,  75% used [0x14750000, 0x1b95df28, 0x1b95e000, 0x1dd91000)
 Metaspace       used 14927K, capacity 15086K, committed 15148K, reserved 15744K
Event: 6.262 GC heap after
Heap after GC invocations=35 (full 3):
 def new generation   total 78656K, used 0K [0x0f200000, 0x14750000, 0x14750000)
  eden space 69952K,   0% used [0x0f200000, 0x0f200000, 0x13650000)
  from space 8704K,   0% used [0x13650000, 0x13650000, 0x13ed0000)
  to   space 8704K,   0% used [0x13ed0000, 0x13ed0000, 0x14750000)
 tenured generation   total 174784K, used 120738K [0x14750000, 0x1f200000, 0x1f200000)
   the space 174784K,  69% used [0x14750000, 0x1bd38828, 0x1bd38a00, 0x1f200000)
 Metaspace       used 14927K, capacity 15086K, committed 15148K, reserved 15744K
}

Deoptimization events (0 events):
No events

Internal exceptions (10 events):
Event: 10.911 Thread 0x08d6d000 Exception <a 'java/security/PrivilegedActionException'> (0x1162a5e8) thrown at [C:\re\workspace\8-2-build-windows-i586-cygwin\jdk8u31\2394\hotspot\src\share\vm\prims\jvm.cpp, line 1312]
Event: 10.911 Thread 0x08d6d000 Exception <a 'java/security/PrivilegedActionException'> (0x11634588) thrown at [C:\re\workspace\8-2-build-windows-i586-cygwin\jdk8u31\2394\hotspot\src\share\vm\prims\jvm.cpp, line 1312]
Event: 10.912 Thread 0x08d6d000 Exception <a 'java/security/PrivilegedActionException'> (0x117b1618) thrown at [C:\re\workspace\8-2-build-windows-i586-cygwin\jdk8u31\2394\hotspot\src\share\vm\prims\jvm.cpp, line 1312]
Event: 10.912 Thread 0x08d6d000 Exception <a 'java/security/PrivilegedActionException'> (0x117b83b8) thrown at [C:\re\workspace\8-2-build-windows-i586-cygwin\jdk8u31\2394\hotspot\src\share\vm\prims\jvm.cpp, line 1312]
Event: 10.913 Thread 0x08d6d000 Exception <a 'java/security/PrivilegedActionException'> (0x117c0730) thrown at [C:\re\workspace\8-2-build-windows-i586-cygwin\jdk8u31\2394\hotspot\src\share\vm\prims\jvm.cpp, line 1312]
Event: 10.913 Thread 0x08d6d000 Exception <a 'java/security/PrivilegedActionException'> (0x117c8308) thrown at [C:\re\workspace\8-2-build-windows-i586-cygwin\jdk8u31\2394\hotspot\src\share\vm\prims\jvm.cpp, line 1312]
Event: 10.914 Thread 0x08d6d000 Exception <a 'java/security/PrivilegedActionException'> (0x117d61e8) thrown at [C:\re\workspace\8-2-build-windows-i586-cygwin\jdk8u31\2394\hotspot\src\share\vm\prims\jvm.cpp, line 1312]
Event: 10.918 Thread 0x08d6d000 Exception <a 'java/security/PrivilegedActionException'> (0x11958fa0) thrown at [C:\re\workspace\8-2-build-windows-i586-cygwin\jdk8u31\2394\hotspot\src\share\vm\prims\jvm.cpp, line 1312]
Event: 10.919 Thread 0x08d6d000 Exception <a 'java/security/PrivilegedActionException'> (0x119602a0) thrown at [C:\re\workspace\8-2-build-windows-i586-cygwin\jdk8u31\2394\hotspot\src\share\vm\prims\jvm.cpp, line 1312]
Event: 10.953 Thread 0x08d6ac00 Exception <a 'java/security/PrivilegedActionException'> (0x116473e8) thrown at [C:\re\workspace\8-2-build-windows-i586-cygwin\jdk8u31\2394\hotspot\src\share\vm\prims\jvm.cpp, line 1312]

Events (10 events):
Event: 10.919 Executing VM operation: RevokeBias
Event: 10.919 Executing VM operation: RevokeBias done
Event: 10.953 loading class wideokomunikator/audiovideo/AudioVideo$Hendler
Event: 10.953 loading class wideokomunikator/audiovideo/AudioVideo$Hendler done
Event: 10.955 Thread 0x08d6cc00 Thread added: 0x08d6cc00
Event: 10.961 Executing VM operation: RevokeBias
Event: 10.961 Executing VM operation: RevokeBias done
Event: 10.961 Thread 0x08d6cc00 Thread exited: 0x08d6cc00
Event: 11.000 Thread 0x08d6cc00 Thread added: 0x08d6cc00
Event: 11.001 Thread 0x08d6a000 Thread added: 0x08d6a000


Dynamic libraries:
0x001a0000 - 0x001d0000 	C:\Program Files (x86)\Java\jdk1.8.0_31\bin\java.exe
0x76ed0000 - 0x7703e000 	C:\Windows\SYSTEM32\ntdll.dll
0x76a90000 - 0x76bd0000 	C:\Windows\SYSTEM32\KERNEL32.DLL
0x75580000 - 0x75657000 	C:\Windows\SYSTEM32\KERNELBASE.dll
0x620c0000 - 0x62160000 	C:\Windows\system32\apphelp.dll
0x578f0000 - 0x57b55000 	C:\Windows\AppPatch\AcGenral.DLL
0x74f70000 - 0x75033000 	C:\Windows\SYSTEM32\msvcrt.dll
0x754d0000 - 0x75511000 	C:\Windows\SYSTEM32\sechost.dll
0x746d0000 - 0x746ee000 	C:\Windows\SYSTEM32\SspiCli.dll
0x75660000 - 0x756a5000 	C:\Windows\SYSTEM32\SHLWAPI.dll
0x73c50000 - 0x73d3d000 	C:\Windows\SYSTEM32\UxTheme.dll
0x74dd0000 - 0x74f23000 	C:\Windows\SYSTEM32\USER32.dll
0x746f0000 - 0x747fe000 	C:\Windows\SYSTEM32\GDI32.dll
0x6c9a0000 - 0x6c9c3000 	C:\Windows\SYSTEM32\WINMM.dll
0x6c3a0000 - 0x6c3b3000 	C:\Windows\SYSTEM32\samcli.dll
0x74bb0000 - 0x74cd8000 	C:\Windows\SYSTEM32\ole32.dll
0x75040000 - 0x750d5000 	C:\Windows\SYSTEM32\OLEAUT32.dll
0x61b00000 - 0x61b17000 	C:\Windows\SYSTEM32\MSACM32.dll
0x74620000 - 0x74628000 	C:\Windows\SYSTEM32\VERSION.dll
0x75750000 - 0x769fc000 	C:\Windows\SYSTEM32\SHELL32.dll
0x742f0000 - 0x7430b000 	C:\Windows\SYSTEM32\USERENV.dll
0x6c870000 - 0x6c88a000 	C:\Windows\SYSTEM32\dwmapi.dll
0x6c4f0000 - 0x6c63a000 	C:\Windows\SYSTEM32\urlmon.dll
0x750e0000 - 0x7515c000 	C:\Windows\SYSTEM32\ADVAPI32.dll
0x732d0000 - 0x73335000 	C:\Windows\SYSTEM32\WINSPOOL.DRV
0x733f0000 - 0x73406000 	C:\Windows\SYSTEM32\MPR.dll
0x74ce0000 - 0x74d9a000 	C:\Windows\SYSTEM32\RPCRT4.dll
0x746c0000 - 0x746ca000 	C:\Windows\SYSTEM32\CRYPTBASE.dll
0x76bd0000 - 0x76d4d000 	C:\Windows\SYSTEM32\combase.dll
0x6c970000 - 0x6c993000 	C:\Windows\SYSTEM32\WINMMBASE.dll
0x739d0000 - 0x739df000 	C:\Windows\SYSTEM32\profapi.dll
0x73790000 - 0x739c2000 	C:\Windows\SYSTEM32\iertutil.dll
0x73a70000 - 0x73c45000 	C:\Windows\SYSTEM32\WININET.dll
0x74660000 - 0x746b4000 	C:\Windows\SYSTEM32\bcryptPrimitives.dll
0x74f30000 - 0x74f6c000 	C:\Windows\SYSTEM32\cfgmgr32.dll
0x6c940000 - 0x6c961000 	C:\Windows\SYSTEM32\DEVOBJ.dll
0x74590000 - 0x7461b000 	C:\Windows\SYSTEM32\SHCORE.DLL
0x76d60000 - 0x76d87000 	C:\Windows\system32\IMM32.DLL
0x75240000 - 0x75353000 	C:\Windows\SYSTEM32\MSCTF.dll
0x74630000 - 0x7465e000 	C:\Windows\SYSTEM32\nvinit.dll
0x0f000000 - 0x0f006000 	C:\Program Files (x86)\NVIDIA Corporation\CoProcManager\_etoured.dll
0x735c0000 - 0x735eb000 	C:\Program Files (x86)\NVIDIA Corporation\CoProcManager\nvd3d9wrap.dll
0x74860000 - 0x74a11000 	C:\Windows\SYSTEM32\SETUPAPI.dll
0x735a0000 - 0x735bf000 	C:\Program Files (x86)\NVIDIA Corporation\CoProcManager\nvdxgiwrap.dll
0x740d0000 - 0x742d6000 	C:\Windows\WinSxS\x86_microsoft.windows.common-controls_6595b64144ccf1df_6.0.9600.17415_none_a9ed7f470139b3c1\COMCTL32.dll
0x6b670000 - 0x6b6eb000 	C:\Program Files (x86)\AVG\AVG2015\avghookx.dll
0x57830000 - 0x578ef000 	C:\Program Files (x86)\Java\jdk1.8.0_31\jre\bin\msvcr100.dll
0x57480000 - 0x57824000 	C:\Program Files (x86)\Java\jdk1.8.0_31\jre\bin\client\jvm.dll
0x73540000 - 0x73548000 	C:\Windows\SYSTEM32\WSOCK32.dll
0x75570000 - 0x75576000 	C:\Windows\SYSTEM32\PSAPI.DLL
0x75160000 - 0x751b0000 	C:\Windows\SYSTEM32\WS2_32.dll
0x75560000 - 0x75567000 	C:\Windows\SYSTEM32\NSI.dll
0x62010000 - 0x6201c000 	C:\Program Files (x86)\Java\jdk1.8.0_31\jre\bin\verify.dll
0x57450000 - 0x57471000 	C:\Program Files (x86)\Java\jdk1.8.0_31\jre\bin\java.dll
0x57430000 - 0x57443000 	C:\Program Files (x86)\Java\jdk1.8.0_31\jre\bin\zip.dll
0x572e0000 - 0x57426000 	C:\Program Files (x86)\Java\jdk1.8.0_31\jre\bin\awt.dll
0x735f0000 - 0x735f9000 	C:\Windows\SYSTEM32\kernel.appcore.dll
0x66490000 - 0x66663000 	C:\Windows\system32\d3d9.dll
0x66120000 - 0x661fe000 	C:\Windows\SYSTEM32\nvumdshim.dll
0x5d070000 - 0x5e74e000 	C:\Windows\system32\igdumdim32.dll
0x64fe0000 - 0x65858000 	C:\Windows\SYSTEM32\igdusc32.dll
0x572a0000 - 0x572d9000 	C:\Program Files (x86)\Java\jdk1.8.0_31\jre\bin\fontmanager.dll
0x57280000 - 0x57295000 	C:\Program Files (x86)\Java\jdk1.8.0_31\jre\bin\net.dll
0x6c700000 - 0x6c74b000 	C:\Windows\system32\mswsock.dll
0x61d50000 - 0x61d5f000 	C:\Program Files (x86)\Java\jdk1.8.0_31\jre\bin\nio.dll
0x57250000 - 0x57280000 	C:\Program Files (x86)\Java\jdk1.8.0_31\jre\bin\t2k.dll
0x50c70000 - 0x50c90000 	C:\Program Files (x86)\Java\jdk1.8.0_31\jre\bin\sunec.dll
0x61af0000 - 0x61af9000 	C:\Program Files (x86)\Java\jdk1.8.0_31\jre\bin\sunmscapi.dll
0x74a20000 - 0x74ba8000 	C:\Windows\SYSTEM32\CRYPT32.dll
0x76d90000 - 0x76d9e000 	C:\Windows\SYSTEM32\MSASN1.dll
0x6e790000 - 0x6e7a9000 	C:\Windows\SYSTEM32\CRYPTSP.dll
0x6e760000 - 0x6e790000 	C:\Windows\system32\rsaenh.dll
0x733d0000 - 0x733ee000 	C:\Windows\SYSTEM32\bcrypt.dll
0x743d0000 - 0x743f0000 	C:\Windows\SYSTEM32\IPHLPAPI.DLL
0x73a60000 - 0x73a68000 	C:\Windows\SYSTEM32\WINNSI.DLL
0x751b0000 - 0x7523d000 	C:\Windows\SYSTEM32\clbcatq.dll
0x6b710000 - 0x6b723000 	C:\Windows\SYSTEM32\dhcpcsvc6.DLL
0x6b6f0000 - 0x6b704000 	C:\Windows\SYSTEM32\dhcpcsvc.DLL
0x73580000 - 0x73591000 	C:\Windows\system32\napinsp.dll
0x73560000 - 0x73576000 	C:\Windows\system32\pnrpnsp.dll
0x6b200000 - 0x6b214000 	C:\Windows\system32\NLAapi.dll
0x6b870000 - 0x6b8ee000 	C:\Windows\SYSTEM32\DNSAPI.dll
0x73550000 - 0x7355a000 	C:\Windows\System32\winrnr.dll
0x6b1f0000 - 0x6b200000 	C:\Windows\system32\wshbth.dll
0x6b840000 - 0x6b861000 	C:\Program Files (x86)\Bonjour\mdnsNSP.dll
0x6b830000 - 0x6b838000 	C:\Windows\System32\rasadhlp.dll
0x6b7e0000 - 0x6b826000 	C:\Windows\System32\fwpuclnt.dll
0x50c40000 - 0x50c65000 	C:\Program Files (x86)\Java\jdk1.8.0_31\jre\bin\jpeg.dll
0x58850000 - 0x589bb000 	C:\Windows\SYSTEM32\WindowsCodecs.dll
0x5f190000 - 0x5f19a000 	C:\Program Files (x86)\Java\jdk1.8.0_31\jre\bin\management.dll
0x5cc40000 - 0x5cc4a000 	C:\Program Files (x86)\Java\jdk1.8.0_31\jre\bin\jsound.dll
0x57240000 - 0x57249000 	C:\Program Files (x86)\Java\jdk1.8.0_31\jre\bin\jsoundds.dll
0x5cda0000 - 0x5ce21000 	C:\Windows\SYSTEM32\DSOUND.dll
0x68c80000 - 0x68cc0000 	C:\Windows\SYSTEM32\POWRPROF.dll
0x68c20000 - 0x68c73000 	C:\Windows\SYSTEM32\MMDevAPI.DLL
0x5ce30000 - 0x5ce66000 	C:\Windows\SYSTEM32\wdmaud.drv
0x6b070000 - 0x6b077000 	C:\Windows\SYSTEM32\ksuser.dll
0x74410000 - 0x7441a000 	C:\Windows\SYSTEM32\AVRT.dll
0x68cc0000 - 0x68d20000 	C:\Windows\SYSTEM32\AUDIOSES.DLL
0x74400000 - 0x74409000 	C:\Windows\SYSTEM32\msacm32.drv
0x743f0000 - 0x743f8000 	C:\Windows\SYSTEM32\midimap.dll
0x50ad0000 - 0x50b8e000 	C:\Users\Piotr\AppData\Local\Temp\javacpp18383797219314\msvcr100.dll
0x50a60000 - 0x50ac9000 	C:\Users\Piotr\AppData\Local\Temp\javacpp18383797219314\msvcp100.dll
0x50700000 - 0x50906000 	C:\Users\Piotr\AppData\Local\Temp\javacpp18383797219314\opencv_core249.dll
0x505b0000 - 0x506f8000 	C:\Users\Piotr\AppData\Local\Temp\javacpp18383797219314\jniopencv_core.dll
0x50340000 - 0x505ad000 	C:\Users\Piotr\AppData\Local\Temp\javacpp18383797219314\opencv_imgproc249.dll
0x509e0000 - 0x50a60000 	C:\Users\Piotr\AppData\Local\Temp\javacpp18383797219314\jniopencv_imgproc.dll
0x70fc0000 - 0x71ef6000 	C:\Users\Piotr\AppData\Local\Temp\javacpp18383797219314\opencv_ffmpeg249.dll
0x50130000 - 0x50337000 	C:\Users\Piotr\AppData\Local\Temp\javacpp18383797219314\opencv_highgui249.dll
0x50c20000 - 0x50c3a000 	C:\Windows\SYSTEM32\AVIFIL32.dll
0x50bf0000 - 0x50c13000 	C:\Windows\SYSTEM32\MSVFW32.dll
0x509c0000 - 0x509d4000 	C:\Windows\SYSTEM32\AVICAP32.dll
0x500f0000 - 0x5012c000 	C:\Users\Piotr\AppData\Local\Temp\javacpp18383797219314\jniopencv_highgui.dll
0x6b0d0000 - 0x6b0e4000 	C:\Windows\SYSTEM32\devenum.dll
0x73750000 - 0x73778000 	C:\Windows\SYSTEM32\ntmarta.dll
0x75520000 - 0x7555d000 	C:\Windows\SYSTEM32\WINTRUST.dll
0x6b0c0000 - 0x6b0cb000 	C:\Windows\SYSTEM32\msdmo.dll
0x500b0000 - 0x500e1000 	C:\Windows\SYSTEM32\qcap.dll
0x77e60000 - 0x77fff000 	C:\Windows\SYSTEM32\quartz.dll
0x6b080000 - 0x6b0c0000 	C:\Windows\SYSTEM32\ksproxy.ax
0x6b060000 - 0x6b06c000 	C:\Windows\SYSTEM32\vidcap.ax
0x6b040000 - 0x6b05f000 	C:\Windows\SYSTEM32\kswdmcap.ax
0x629c0000 - 0x62ac4000 	C:\Windows\SYSTEM32\MFC42.dll
0x62910000 - 0x629b9000 	C:\Windows\SYSTEM32\ODBC32.dll
0x50020000 - 0x500ae000 	C:\Windows\SYSTEM32\qedit.dll
0x756b0000 - 0x7574b000 	C:\Windows\SYSTEM32\COMDLG32.dll
0x6c9d0000 - 0x6cb40000 	C:\Windows\WinSxS\x86_microsoft.windows.gdiplus_6595b64144ccf1df_1.1.9600.17415_none_dad8722c5bcc2d8f\gdiplus.dll
0x5e750000 - 0x5e83c000 	C:\Windows\SYSTEM32\DDRAW.dll

VM Arguments:
jvm_args: -Dfile.encoding=UTF-8 
java_command: wideokomunikator.main
java_class_path (initial): D:\Programowanie\javacv\javacv-bin\ffmpeg.jar;D:\Programowanie\javacv\javacv-bin\javacpp.jar;D:\Programowanie\javacv\javacv-bin\javacv.jar;D:\Programowanie\javacv\javacv-bin\opencv.jar;C:\Program Files\Java\jdk1.8.0_05\db\lib\derby.jar;C:\Program Files\Java\jdk1.8.0_05\db\lib\derbyclient.jar;C:\Program Files\Java\jdk1.8.0_05\db\lib\derbytools.jar;C:\Program Files\Java\jdk1.8.0_05\db\lib\derbynet.jar;D:\Programowanie\xuggle-xuggler-5.4.jar;D:\Programowanie\slf4j-simple-1.7.10.jar;D:\Programowanie\slf4j-api-1.7.10.jar;D:\Programowanie\javacv\javacv-bin\opencv-linux-x86.jar;D:\Programowanie\javacv\javacv-bin\opencv-linux-x86_64.jar;D:\Programowanie\javacv\javacv-bin\opencv-macosx-x86_64.jar;D:\Programowanie\javacv\javacv-bin\opencv-windows-x86.jar;D:\Programowanie\javacv\javacv-bin\opencv-windows-x86_64.jar;C:\Users\Piotr\Documents\NetBeansProjects\Wideokomunikator\build\classes
Launcher Type: SUN_STANDARD

Environment Variables:
JAVA_HOME=C:\Program Files\Java\jdk1.8.0_05
CLASSPATH=.;C:\PROGRA~2\JMF2.1.1e\lib\sound.jar;C:\PROGRA~2\JMF2.1.1e\lib\jmf.jar;C:\PROGRA~2\JMF2.1.1e\lib;.;.;.;c:\PROGRA~2\java\JMF21~1.1E\lib\sound.jar;c:\PROGRA~2\java\JMF21~1.1E\lib\jmf.jar;c:\PROGRA~2\java\JMF21~1.1E\lib;
PATH=C:\Program Files (x86)\NVIDIA Corporation\PhysX\Common;C:\ProgramData\Oracle\Java\javapath;C:\Python34\;C:\Python34\Scripts;C:\Program Files (x86)\Intel\iCLS Client\;C:\Program Files\Intel\iCLS Client\;C:\Windows\system32;C:\Windows;C:\Windows\System32\Wbem;C:\Windows\System32\WindowsPowerShell\v1.0\;C:\Program Files\Intel\Intel(R) Management Engine Components\DAL;C:\Program Files\Intel\Intel(R) Management Engine Components\IPT;C:\Program Files (x86)\Intel\Intel(R) Management Engine Components\DAL;C:\Program Files (x86)\Intel\Intel(R) Management Engine Components\IPT;C:\Program Files\nodejs\;C:\Windows\Microsoft.NET\Framework\v4.0.30319;C:\Program Files\Microsoft SQL Server\110\Tools\Binn\;C:\Program Files\Java\jdk1.8.0_05\bin;C:\Program Files\apache-ant-1.9.4\bin;%XUGGLE_HOME%\bin;C:\Program Files (x86)\QuickTime\QTSystem\;c:\PROGRA~2\java\JMF21~1.1E\lib;C:\Users\Piotr\AppData\Roaming\npm;C:\Program Files (x86)\Bitvise SSH Client;C:\Program Files\Java\jdk1.8.0_05\bin
USERNAME=Piotr
OS=Windows_NT
PROCESSOR_IDENTIFIER=Intel64 Family 6 Model 60 Stepping 3, GenuineIntel



---------------  S Y S T E M  ---------------

OS: Windows 8.1 , 64 bit Build 9600 

CPU:total 8 (4 cores per cpu, 2 threads per core) family 6 model 60 stepping 3, cmov, cx8, fxsr, mmx, sse, sse2, sse3, ssse3, sse4.1, sse4.2, popcnt, avx, avx2, aes, clmul, erms, lzcnt, ht, tsc, tscinvbit, bmi1, bmi2

Memory: 4k page, physical 15910992k(9478232k free), swap 36390992k(28405432k free)

vm_info: Java HotSpot(TM) Client VM (25.31-b07) for windows-x86 JRE (1.8.0_31-b13), built on Dec 17 2014 20:46:12 by "java_re" with MS VC++ 10.0 (VS2010)

time: Wed Feb 18 14:04:08 2015
elapsed time: 11 seconds (0d 0h 0m 11s)

