#
# A fatal error has been detected by the Java Runtime Environment:
#
#  EXCEPTION_ACCESS_VIOLATION (0xc0000005) at pc=0x0bfd32a0, pid=1096, tid=8148
#
# JRE version: Java(TM) SE Runtime Environment (8.0_31-b13) (build 1.8.0_31-b13)
# Java VM: Java HotSpot(TM) Client VM (25.31-b07 mixed mode windows-x86 )
# Problematic frame:
# C  [xuggle4939925229113626151.dll+0x5432a0]
#
# Failed to write core dump. Minidumps are not enabled by default on client versions of Windows
#
# If you would like to submit a bug report, please visit:
#   http://bugreport.java.com/bugreport/crash.jsp
# The crash happened outside the Java Virtual Machine in native code.
# See problematic frame for where to report the bug.
#

---------------  T H R E A D  ---------------

Current thread (0x0944fc00):  JavaThread "Thread-26" [_thread_in_native, id=8148, stack(0x22af0000,0x22b40000)]

siginfo: ExceptionCode=0xc0000005, reading address 0x00006e40

Registers:
EAX=0x000002c0, EBX=0x00000160, ECX=0x225b0150, EDX=0x00006e40
ESP=0x22b3eb24, EBP=0x00000000, ESI=0x00000010, EDI=0x00000000
EIP=0x0bfd32a0, EFLAGS=0x00010206

Top of Stack: (sp=0x22b3eb24)
0x22b3eb24:   216f2740 000000f0 0be00243 225b0150
0x22b3eb34:   00006e40 00000160 00000008 00000000
0x22b3eb44:   00000000 00000140 000000f0 00000010
0x22b3eb54:   0c69df40 00000034 00000000 22522130
0x22b3eb64:   00000000 216f2740 0c57740b 0b34e140
0x22b3eb74:   00000010 2173a180 2171f038 0c17c910
0x22b3eb84:   216f2740 225b0150 00000160 216f41d0
0x22b3eb94:   00000100 216f40d0 0c17cdc0 00000140 

Instructions: (pc=0x0bfd32a0)
0x0bfd3280:   83 ec 08 89 1c 24 8b 54 24 10 89 74 24 04 8b 4c
0x0bfd3290:   24 0c be 10 00 00 00 8b 5c 24 14 8d 04 1b 66 90
0x0bfd32a0:   0f 6f 02 0f 6f 62 08 0f 6f 0c 1a 0f 6f 6c 1a 08
0x0bfd32b0:   0f 7f 01 0f 7f 61 08 0f 7f 0c 19 0f 7f 6c 19 08 


Register to memory mapping:

EAX=0x000002c0 is an unknown value
EBX=0x00000160 is an unknown value
ECX=0x225b0150 is an unknown value
EDX=0x00006e40 is an unknown value
ESP=0x22b3eb24 is pointing into the stack for thread: 0x0944fc00
EBP=0x00000000 is an unknown value
ESI=0x00000010 is an unknown value
EDI=0x00000000 is an unknown value


Stack: [0x22af0000,0x22b40000],  sp=0x22b3eb24,  free space=314k
Native frames: (J=compiled Java code, j=interpreted, Vv=VM code, C=native code)
C  [xuggle4939925229113626151.dll+0x5432a0]

Java frames: (J=compiled Java code, j=interpreted, Vv=VM code)
j  com.xuggle.xuggler.XugglerJNI.IStreamCoder_decodeVideo(JLcom/xuggle/xuggler/IStreamCoder;JLcom/xuggle/xuggler/IVideoPicture;JLcom/xuggle/xuggler/IPacket;I)I+0
j  com.xuggle.xuggler.IStreamCoder.decodeVideo(Lcom/xuggle/xuggler/IVideoPicture;Lcom/xuggle/xuggler/IPacket;I)I+16
j  wideokomunikator.audiovideo.AudioVideo.decodeVideo(Lwideokomunikator/audiovideo/Packet;I)V+65
j  wideokomunikator.audiovideo.AudioVideo.access$1600(Lwideokomunikator/audiovideo/AudioVideo;Lwideokomunikator/audiovideo/Packet;I)V+3
j  wideokomunikator.audiovideo.AudioVideo$7.run()V+76
j  java.lang.Thread.run()V+11
v  ~StubRoutines::call_stub

---------------  P R O C E S S  ---------------

Java Threads: ( => current thread )
  0x0944e400 JavaThread "Thread-29" [_thread_blocked, id=6952, stack(0x22d50000,0x22da0000)]
  0x09451c00 JavaThread "Thread-28" [_thread_blocked, id=4092, stack(0x22cc0000,0x22d10000)]
  0x09451800 JavaThread "Thread-27" [_thread_blocked, id=8728, stack(0x22c10000,0x22c60000)]
=>0x0944fc00 JavaThread "Thread-26" [_thread_in_native, id=8148, stack(0x22af0000,0x22b40000)]
  0x09450c00 JavaThread "Thread-17" [_thread_in_native, id=7860, stack(0x22140000,0x22190000)]
  0x0902f000 JavaThread "Thread-16" [_thread_blocked, id=7932, stack(0x220b0000,0x22100000)]
  0x09031800 JavaThread "Thread-21" [_thread_blocked, id=4076, stack(0x22020000,0x22070000)]
  0x09031000 JavaThread "Thread-20" [_thread_blocked, id=8944, stack(0x21f90000,0x21fe0000)]
  0x09032800 JavaThread "Thread-19" [_thread_in_native, id=3360, stack(0x21f00000,0x21f50000)]
  0x09030c00 JavaThread "Thread-18" [_thread_in_native, id=484, stack(0x21e70000,0x21ec0000)]
  0x09031c00 JavaThread "Java Sound Event Dispatcher" daemon [_thread_blocked, id=5928, stack(0x0d120000,0x0d170000)]
  0x0902fc00 JavaThread "derby.rawStoreDaemon" daemon [_thread_blocked, id=7856, stack(0x0b430000,0x0b480000)]
  0x0902f800 JavaThread "DRDAConnThread_2" daemon [_thread_in_native, id=7568, stack(0x0b2a0000,0x0b2f0000)]
  0x09030400 JavaThread "NetworkServerThread_1" daemon [_thread_in_native, id=8348, stack(0x0b110000,0x0b160000)]
  0x08fae000 JavaThread "derby.NetworkServerStarter" daemon [_thread_blocked, id=2528, stack(0x0b080000,0x0b0d0000)]
  0x08d8ac00 JavaThread "Timer-0" daemon [_thread_blocked, id=3064, stack(0x0aef0000,0x0af40000)]
  0x08def800 JavaThread "D3D Screen Updater" daemon [_thread_blocked, id=4980, stack(0x0a130000,0x0a180000)]
  0x02f5c800 JavaThread "DestroyJavaVM" [_thread_blocked, id=3880, stack(0x02cc0000,0x02d10000)]
  0x05e58000 JavaThread "Thread-4" [_thread_in_native, id=1360, stack(0x09650000,0x096a0000)]
  0x05e19c00 JavaThread "Thread-3" [_thread_blocked, id=3176, stack(0x095c0000,0x09610000)]
  0x05cd7400 JavaThread "TimerQueue" daemon [_thread_blocked, id=7552, stack(0x085f0000,0x08640000)]
  0x05cd6400 JavaThread "AWT-EventQueue-0" [_thread_blocked, id=7480, stack(0x08560000,0x085b0000)]
  0x05c87000 JavaThread "AWT-Windows" daemon [_thread_in_native, id=5368, stack(0x06650000,0x066a0000)]
  0x05c85800 JavaThread "AWT-Shutdown" [_thread_blocked, id=8288, stack(0x065c0000,0x06610000)]
  0x05c84c00 JavaThread "Java2D Disposer" daemon [_thread_blocked, id=4036, stack(0x06530000,0x06580000)]
  0x054d6c00 JavaThread "Service Thread" daemon [_thread_blocked, id=7808, stack(0x059b0000,0x05a00000)]
  0x054da800 JavaThread "C1 CompilerThread0" daemon [_thread_blocked, id=7344, stack(0x05920000,0x05970000)]
  0x054d9800 JavaThread "Attach Listener" daemon [_thread_blocked, id=3812, stack(0x05890000,0x058e0000)]
  0x054d7800 JavaThread "Signal Dispatcher" daemon [_thread_blocked, id=736, stack(0x05800000,0x05850000)]
  0x054a6800 JavaThread "Finalizer" daemon [_thread_blocked, id=3188, stack(0x05770000,0x057c0000)]
  0x02e8e800 JavaThread "Reference Handler" daemon [_thread_blocked, id=5192, stack(0x056e0000,0x05730000)]

Other Threads:
  0x02e8d000 VMThread [stack: 0x05450000,0x054a0000] [id=8312]
  0x054f9c00 WatcherThread [stack: 0x05a40000,0x05a90000] [id=6108]

VM state:not at safepoint (normal execution)

VM Mutex/Monitor currently owned by a thread: None

Heap:
 def new generation   total 78656K, used 13627K [0x0f200000, 0x14750000, 0x14750000)
  eden space 69952K, -2147483648% used [0x0f200000, 0x0f6cee28, 0x13650000)
  from space 8704K, 100% used [0x13ed0000, 0x14750000, 0x14750000)
  to   space 8704K,   0% used [0x13650000, 0x13650000, 0x13ed0000)
 tenured generation   total 174784K, used 125816K [0x14750000, 0x1f200000, 0x1f200000)
   the space 174784K,  71% used [0x14750000, 0x1c22e0c0, 0x1c22e200, 0x1f200000)
 Metaspace       used 18541K, capacity 18709K, committed 18816K, reserved 18816K

Card table byte_map: [0x04f60000,0x04ff0000] byte_map_base: 0x04ee7000

Polling page: 0x01300000

CodeCache: size=32768Kb used=1993Kb max_used=1993Kb free=30774Kb
 bounds [0x02f60000, 0x03158000, 0x04f60000]
 total_blobs=1290 nmethods=905 adapters=317
 compilation: enabled

Compilation events (10 events):
Event: 11.144 Thread 0x054da800  917             java.nio.DirectByteBuffer::ix (10 bytes)
Event: 11.144 Thread 0x054da800 nmethod 917 0x0314b288 code [0x0314b380, 0x0314b410]
Event: 11.144 Thread 0x054da800  919             java.nio.DirectByteBuffer::get (15 bytes)
Event: 11.144 Thread 0x054da800 nmethod 919 0x0314b448 code [0x0314b550, 0x0314b63c]
Event: 11.145 Thread 0x054da800  920 %           org.bytedeco.javacpp.helper.opencv_core$AbstractArray::flipCopyWithGamma @ 484 (608 bytes)
Event: 11.147 Thread 0x054da800 nmethod 920% 0x0314b708 code [0x0314ba10, 0x0314cde4]
Event: 11.208 Thread 0x054da800  921             sun.nio.cs.UTF_8$Encoder::encodeArrayLoop (489 bytes)
Event: 11.210 Thread 0x054da800 nmethod 921 0x0314dc48 code [0x0314df90, 0x0314ec8c]
Event: 11.239 Thread 0x054da800  922             org.bytedeco.javacpp.helper.opencv_core$AbstractArray::flipCopyWithGamma (608 bytes)
Event: 11.240 Thread 0x054da800 nmethod 922 0x03150508 code [0x031507f0, 0x03151684]

GC Heap History (10 events):
Event: 4.255 GC heap before
{Heap before GC invocations=26 (full 2):
 def new generation   total 69312K, used 64090K [0x0f200000, 0x13d30000, 0x14750000)
  eden space 61632K, 100% used [0x0f200000, 0x12e30000, 0x12e30000)
  from space 7680K,  32% used [0x12e30000, 0x13096a58, 0x135b0000)
  to   space 7680K,   0% used [0x135b0000, 0x135b0000, 0x13d30000)
 tenured generation   total 153860K, used 116778K [0x14750000, 0x1dd91000, 0x1f200000)
   the space 153860K,  75% used [0x14750000, 0x1b95aaa0, 0x1b95ac00, 0x1dd91000)
 Metaspace       used 8988K, capacity 9119K, committed 9216K, reserved 9600K
Event: 4.256 GC heap after
Heap after GC invocations=27 (full 2):
 def new generation   total 69312K, used 2458K [0x0f200000, 0x13d30000, 0x14750000)
  eden space 61632K,   0% used [0x0f200000, 0x0f200000, 0x12e30000)
  from space 7680K,  32% used [0x135b0000, 0x13816b80, 0x13d30000)
  to   space 7680K,   0% used [0x12e30000, 0x12e30000, 0x135b0000)
 tenured generation   total 153860K, used 116778K [0x14750000, 0x1dd91000, 0x1f200000)
   the space 153860K,  75% used [0x14750000, 0x1b95aaa0, 0x1b95ac00, 0x1dd91000)
 Metaspace       used 8988K, capacity 9119K, committed 9216K, reserved 9600K
}
Event: 4.584 GC heap before
{Heap before GC invocations=27 (full 2):
 def new generation   total 69312K, used 64090K [0x0f200000, 0x13d30000, 0x14750000)
  eden space 61632K, 100% used [0x0f200000, 0x12e30000, 0x12e30000)
  from space 7680K,  32% used [0x135b0000, 0x13816b80, 0x13d30000)
  to   space 7680K,   0% used [0x12e30000, 0x12e30000, 0x135b0000)
 tenured generation   total 153860K, used 116778K [0x14750000, 0x1dd91000, 0x1f200000)
   the space 153860K,  75% used [0x14750000, 0x1b95aaa0, 0x1b95ac00, 0x1dd91000)
 Metaspace       used 8988K, capacity 9119K, committed 9216K, reserved 9600K
Event: 4.586 GC heap after
Heap after GC invocations=28 (full 2):
 def new generation   total 69312K, used 2458K [0x0f200000, 0x13d30000, 0x14750000)
  eden space 61632K,   0% used [0x0f200000, 0x0f200000, 0x12e30000)
  from space 7680K,  32% used [0x12e30000, 0x13096b80, 0x135b0000)
  to   space 7680K,   0% used [0x135b0000, 0x135b0000, 0x13d30000)
 tenured generation   total 153860K, used 116778K [0x14750000, 0x1dd91000, 0x1f200000)
   the space 153860K,  75% used [0x14750000, 0x1b95aaa0, 0x1b95ac00, 0x1dd91000)
 Metaspace       used 8988K, capacity 9119K, committed 9216K, reserved 9600K
}
Event: 5.987 GC heap before
{Heap before GC invocations=28 (full 2):
 def new generation   total 69312K, used 64090K [0x0f200000, 0x13d30000, 0x14750000)
  eden space 61632K, 100% used [0x0f200000, 0x12e30000, 0x12e30000)
  from space 7680K,  32% used [0x12e30000, 0x13096be8, 0x135b0000)
  to   space 7680K,   0% used [0x135b0000, 0x135b0000, 0x13d30000)
 tenured generation   total 153860K, used 116778K [0x14750000, 0x1dd91000, 0x1f200000)
   the space 153860K,  75% used [0x14750000, 0x1b95aaa0, 0x1b95ac00, 0x1dd91000)
 Metaspace       used 12322K, capacity 12491K, committed 12544K, reserved 12672K
Event: 5.992 GC heap after
Heap after GC invocations=29 (full 2):
 def new generation   total 69312K, used 2971K [0x0f200000, 0x13d30000, 0x14750000)
  eden space 61632K,   0% used [0x0f200000, 0x0f200000, 0x12e30000)
  from space 7680K,  38% used [0x135b0000, 0x13896cc8, 0x13d30000)
  to   space 7680K,   0% used [0x12e30000, 0x12e30000, 0x135b0000)
 tenured generation   total 153860K, used 116778K [0x14750000, 0x1dd91000, 0x1f200000)
   the space 153860K,  75% used [0x14750000, 0x1b95aaa0, 0x1b95ac00, 0x1dd91000)
 Metaspace       used 12322K, capacity 12491K, committed 12544K, reserved 12672K
}
Event: 6.312 GC heap before
{Heap before GC invocations=29 (full 2):
 def new generation   total 69312K, used 22543K [0x0f200000, 0x13d30000, 0x14750000)
  eden space 61632K,  31% used [0x0f200000, 0x1051cf60, 0x12e30000)
  from space 7680K,  38% used [0x135b0000, 0x13896cc8, 0x13d30000)
  to   space 7680K,   0% used [0x12e30000, 0x12e30000, 0x135b0000)
 tenured generation   total 153860K, used 116778K [0x14750000, 0x1dd91000, 0x1f200000)
   the space 153860K,  75% used [0x14750000, 0x1b95aaa0, 0x1b95ac00, 0x1dd91000)
 Metaspace       used 14925K, capacity 15083K, committed 15148K, reserved 15744K
Event: 6.332 GC heap after
Heap after GC invocations=30 (full 3):
 def new generation   total 78656K, used 0K [0x0f200000, 0x14750000, 0x14750000)
  eden space 69952K,   0% used [0x0f200000, 0x0f200000, 0x13650000)
  from space 8704K,   0% used [0x13650000, 0x13650000, 0x13ed0000)
  to   space 8704K,   0% used [0x13ed0000, 0x13ed0000, 0x14750000)
 tenured generation   total 174784K, used 120879K [0x14750000, 0x1f200000, 0x1f200000)
   the space 174784K,  69% used [0x14750000, 0x1bd5bd60, 0x1bd5be00, 0x1f200000)
 Metaspace       used 14925K, capacity 15083K, committed 15148K, reserved 15744K
}
Event: 11.862 GC heap before
{Heap before GC invocations=30 (full 3):
 def new generation   total 78656K, used 69896K [0x0f200000, 0x14750000, 0x14750000)
  eden space 69952K,  99% used [0x0f200000, 0x136422a8, 0x13650000)
  from space 8704K,   0% used [0x13650000, 0x13650000, 0x13ed0000)
  to   space 8704K,   0% used [0x13ed0000, 0x13ed0000, 0x14750000)
 tenured generation   total 174784K, used 120879K [0x14750000, 0x1f200000, 0x1f200000)
   the space 174784K,  69% used [0x14750000, 0x1bd5bd60, 0x1bd5be00, 0x1f200000)
 Metaspace       used 18541K, capacity 18709K, committed 18816K, reserved 18816K
Event: 11.873 GC heap after
Heap after GC invocations=31 (full 3):
 def new generation   total 78656K, used 8704K [0x0f200000, 0x14750000, 0x14750000)
  eden space 69952K,   0% used [0x0f200000, 0x0f200000, 0x13650000)
  from space 8704K, 100% used [0x13ed0000, 0x14750000, 0x14750000)
  to   space 8704K,   0% used [0x13650000, 0x13650000, 0x13ed0000)
 tenured generation   total 174784K, used 125816K [0x14750000, 0x1f200000, 0x1f200000)
   the space 174784K,  71% used [0x14750000, 0x1c22e0c0, 0x1c22e200, 0x1f200000)
 Metaspace       used 18541K, capacity 18709K, committed 18816K, reserved 18816K
}

Deoptimization events (0 events):
No events

Internal exceptions (10 events):
Event: 11.116 Thread 0x0944f800 Exception <a 'java/security/PrivilegedActionException'> (0x11681478) thrown at [C:\re\workspace\8-2-build-windows-i586-cygwin\jdk8u31\2394\hotspot\src\share\vm\prims\jvm.cpp, line 1312]
Event: 11.155 Thread 0x09450c00 Exception <a 'java/security/PrivilegedActionException'> (0x115e5680) thrown at [C:\re\workspace\8-2-build-windows-i586-cygwin\jdk8u31\2394\hotspot\src\share\vm\prims\jvm.cpp, line 1312]
Event: 11.155 Thread 0x09450c00 Exception <a 'java/security/PrivilegedActionException'> (0x115f09a8) thrown at [C:\re\workspace\8-2-build-windows-i586-cygwin\jdk8u31\2394\hotspot\src\share\vm\prims\jvm.cpp, line 1312]
Event: 11.155 Thread 0x09450c00 Exception <a 'java/security/PrivilegedActionException'> (0x115f8be0) thrown at [C:\re\workspace\8-2-build-windows-i586-cygwin\jdk8u31\2394\hotspot\src\share\vm\prims\jvm.cpp, line 1312]
Event: 11.156 Thread 0x09450c00 Exception <a 'java/security/PrivilegedActionException'> (0x11916350) thrown at [C:\re\workspace\8-2-build-windows-i586-cygwin\jdk8u31\2394\hotspot\src\share\vm\prims\jvm.cpp, line 1312]
Event: 11.156 Thread 0x09450c00 Exception <a 'java/security/PrivilegedActionException'> (0x1191fef8) thrown at [C:\re\workspace\8-2-build-windows-i586-cygwin\jdk8u31\2394\hotspot\src\share\vm\prims\jvm.cpp, line 1312]
Event: 11.157 Thread 0x09450c00 Exception <a 'java/security/PrivilegedActionException'> (0x11926c98) thrown at [C:\re\workspace\8-2-build-windows-i586-cygwin\jdk8u31\2394\hotspot\src\share\vm\prims\jvm.cpp, line 1312]
Event: 11.157 Thread 0x09450c00 Exception <a 'java/security/PrivilegedActionException'> (0x1192f010) thrown at [C:\re\workspace\8-2-build-windows-i586-cygwin\jdk8u31\2394\hotspot\src\share\vm\prims\jvm.cpp, line 1312]
Event: 11.157 Thread 0x09450c00 Exception <a 'java/security/PrivilegedActionException'> (0x11936be8) thrown at [C:\re\workspace\8-2-build-windows-i586-cygwin\jdk8u31\2394\hotspot\src\share\vm\prims\jvm.cpp, line 1312]
Event: 11.158 Thread 0x09450c00 Exception <a 'java/security/PrivilegedActionException'> (0x119428c8) thrown at [C:\re\workspace\8-2-build-windows-i586-cygwin\jdk8u31\2394\hotspot\src\share\vm\prims\jvm.cpp, line 1312]

Events (10 events):
Event: 11.858 Executing VM operation: RevokeBias done
Event: 11.858 Thread 0x09451000 Thread exited: 0x09451000
Event: 11.862 Executing VM operation: GenCollectForAllocation
Event: 11.873 Executing VM operation: GenCollectForAllocation done
Event: 11.873 Executing VM operation: RevokeBias
Event: 11.873 Executing VM operation: RevokeBias done
Event: 11.897 Thread 0x0944f800 Thread added: 0x0944f800
Event: 11.897 Executing VM operation: RevokeBias
Event: 11.897 Executing VM operation: RevokeBias done
Event: 11.897 Thread 0x0944f800 Thread exited: 0x0944f800


Dynamic libraries:
0x01350000 - 0x01380000 	C:\Program Files (x86)\Java\jdk1.8.0_31\bin\java.exe
0x77750000 - 0x778be000 	C:\Windows\SYSTEM32\ntdll.dll
0x75260000 - 0x753a0000 	C:\Windows\SYSTEM32\KERNEL32.DLL
0x75a10000 - 0x75ae7000 	C:\Windows\SYSTEM32\KERNELBASE.dll
0x6c1a0000 - 0x6c240000 	C:\Windows\system32\apphelp.dll
0x78770000 - 0x789d5000 	C:\Windows\AppPatch\AcGenral.DLL
0x75860000 - 0x75923000 	C:\Windows\SYSTEM32\msvcrt.dll
0x77260000 - 0x772a1000 	C:\Windows\SYSTEM32\sechost.dll
0x74f50000 - 0x74f6e000 	C:\Windows\SYSTEM32\SspiCli.dll
0x77010000 - 0x77055000 	C:\Windows\SYSTEM32\SHLWAPI.dll
0x72120000 - 0x7220d000 	C:\Windows\SYSTEM32\UxTheme.dll
0x75100000 - 0x75253000 	C:\Windows\SYSTEM32\USER32.dll
0x774d0000 - 0x775de000 	C:\Windows\SYSTEM32\GDI32.dll
0x6d460000 - 0x6d483000 	C:\Windows\SYSTEM32\WINMM.dll
0x6cf00000 - 0x6cf13000 	C:\Windows\SYSTEM32\samcli.dll
0x773a0000 - 0x774c8000 	C:\Windows\SYSTEM32\ole32.dll
0x75cb0000 - 0x75d45000 	C:\Windows\SYSTEM32\OLEAUT32.dll
0x684b0000 - 0x684c7000 	C:\Windows\SYSTEM32\MSACM32.dll
0x74df0000 - 0x74df8000 	C:\Windows\SYSTEM32\VERSION.dll
0x75d60000 - 0x7700c000 	C:\Windows\SYSTEM32\SHELL32.dll
0x73160000 - 0x7317b000 	C:\Windows\SYSTEM32\USERENV.dll
0x6d330000 - 0x6d34a000 	C:\Windows\SYSTEM32\dwmapi.dll
0x6cfa0000 - 0x6d0ea000 	C:\Windows\SYSTEM32\urlmon.dll
0x75930000 - 0x759ac000 	C:\Windows\SYSTEM32\ADVAPI32.dll
0x6d600000 - 0x6d665000 	C:\Windows\SYSTEM32\WINSPOOL.DRV
0x6cf50000 - 0x6cf66000 	C:\Windows\SYSTEM32\MPR.dll
0x772e0000 - 0x7739a000 	C:\Windows\SYSTEM32\RPCRT4.dll
0x74f40000 - 0x74f4a000 	C:\Windows\SYSTEM32\CRYPTBASE.dll
0x75520000 - 0x7569d000 	C:\Windows\SYSTEM32\combase.dll
0x6d430000 - 0x6d453000 	C:\Windows\SYSTEM32\WINMMBASE.dll
0x71db0000 - 0x71dbf000 	C:\Windows\SYSTEM32\profapi.dll
0x71b30000 - 0x71d62000 	C:\Windows\SYSTEM32\iertutil.dll
0x71e50000 - 0x72025000 	C:\Windows\SYSTEM32\WININET.dll
0x74ee0000 - 0x74f34000 	C:\Windows\SYSTEM32\bcryptPrimitives.dll
0x77220000 - 0x7725c000 	C:\Windows\SYSTEM32\cfgmgr32.dll
0x6d400000 - 0x6d421000 	C:\Windows\SYSTEM32\DEVOBJ.dll
0x73480000 - 0x7350b000 	C:\Windows\SYSTEM32\SHCORE.DLL
0x75c80000 - 0x75ca7000 	C:\Windows\system32\IMM32.DLL
0x753a0000 - 0x754b3000 	C:\Windows\SYSTEM32\MSCTF.dll
0x74e00000 - 0x74e2e000 	C:\Windows\SYSTEM32\nvinit.dll
0x0f000000 - 0x0f006000 	C:\Program Files (x86)\NVIDIA Corporation\CoProcManager\_etoured.dll
0x6b660000 - 0x6b68b000 	C:\Program Files (x86)\NVIDIA Corporation\CoProcManager\nvd3d9wrap.dll
0x756a0000 - 0x75851000 	C:\Windows\SYSTEM32\SETUPAPI.dll
0x6b640000 - 0x6b65f000 	C:\Program Files (x86)\NVIDIA Corporation\CoProcManager\nvdxgiwrap.dll
0x72f40000 - 0x73146000 	C:\Windows\WinSxS\x86_microsoft.windows.common-controls_6595b64144ccf1df_6.0.9600.17415_none_a9ed7f470139b3c1\COMCTL32.dll
0x6be80000 - 0x6befd000 	C:\Program Files (x86)\AVG\AVG2015\avghookx.dll
0x77970000 - 0x77a2f000 	C:\Program Files (x86)\Java\jdk1.8.0_31\jre\bin\msvcr100.dll
0x6c730000 - 0x6cad4000 	C:\Program Files (x86)\Java\jdk1.8.0_31\jre\bin\client\jvm.dll
0x6d0f0000 - 0x6d0f8000 	C:\Windows\SYSTEM32\WSOCK32.dll
0x75d50000 - 0x75d56000 	C:\Windows\SYSTEM32\PSAPI.DLL
0x77060000 - 0x770b0000 	C:\Windows\SYSTEM32\WS2_32.dll
0x772b0000 - 0x772b7000 	C:\Windows\SYSTEM32\NSI.dll
0x67030000 - 0x6703c000 	C:\Program Files (x86)\Java\jdk1.8.0_31\jre\bin\verify.dll
0x5f030000 - 0x5f051000 	C:\Program Files (x86)\Java\jdk1.8.0_31\jre\bin\java.dll
0x60320000 - 0x60333000 	C:\Program Files (x86)\Java\jdk1.8.0_31\jre\bin\zip.dll
0x05e90000 - 0x05fd6000 	C:\Program Files (x86)\Java\jdk1.8.0_31\jre\bin\awt.dll
0x74de0000 - 0x74de9000 	C:\Windows\SYSTEM32\kernel.appcore.dll
0x61e70000 - 0x62043000 	C:\Windows\system32\d3d9.dll
0x69940000 - 0x69a1e000 	C:\Windows\SYSTEM32\nvumdshim.dll
0x5d690000 - 0x5ed6e000 	C:\Windows\system32\igdumdim32.dll
0x67070000 - 0x678e8000 	C:\Windows\SYSTEM32\igdusc32.dll
0x51480000 - 0x514b9000 	C:\Program Files (x86)\Java\jdk1.8.0_31\jre\bin\fontmanager.dll
0x5ffb0000 - 0x5ffc5000 	C:\Program Files (x86)\Java\jdk1.8.0_31\jre\bin\net.dll
0x6d1c0000 - 0x6d20b000 	C:\Windows\system32\mswsock.dll
0x67020000 - 0x6702f000 	C:\Program Files (x86)\Java\jdk1.8.0_31\jre\bin\nio.dll
0x51450000 - 0x51480000 	C:\Program Files (x86)\Java\jdk1.8.0_31\jre\bin\t2k.dll
0x51430000 - 0x51450000 	C:\Program Files (x86)\Java\jdk1.8.0_31\jre\bin\sunec.dll
0x66970000 - 0x66979000 	C:\Program Files (x86)\Java\jdk1.8.0_31\jre\bin\sunmscapi.dll
0x74f70000 - 0x750f8000 	C:\Windows\SYSTEM32\CRYPT32.dll
0x75af0000 - 0x75afe000 	C:\Windows\SYSTEM32\MSASN1.dll
0x6f340000 - 0x6f359000 	C:\Windows\SYSTEM32\CRYPTSP.dll
0x6f310000 - 0x6f340000 	C:\Windows\system32\rsaenh.dll
0x6f040000 - 0x6f05e000 	C:\Windows\SYSTEM32\bcrypt.dll
0x732c0000 - 0x732e0000 	C:\Windows\SYSTEM32\IPHLPAPI.DLL
0x71e40000 - 0x71e48000 	C:\Windows\SYSTEM32\WINNSI.DLL
0x75bf0000 - 0x75c7d000 	C:\Windows\SYSTEM32\clbcatq.dll
0x6ac00000 - 0x6ac13000 	C:\Windows\SYSTEM32\dhcpcsvc6.DLL
0x6bf30000 - 0x6bf44000 	C:\Windows\SYSTEM32\dhcpcsvc.DLL
0x6bfb0000 - 0x6bfc1000 	C:\Windows\system32\napinsp.dll
0x6bf90000 - 0x6bfa6000 	C:\Windows\system32\pnrpnsp.dll
0x6bf70000 - 0x6bf84000 	C:\Windows\system32\NLAapi.dll
0x6c2e0000 - 0x6c35e000 	C:\Windows\SYSTEM32\DNSAPI.dll
0x6bf60000 - 0x6bf6a000 	C:\Windows\System32\winrnr.dll
0x6bf50000 - 0x6bf60000 	C:\Windows\system32\wshbth.dll
0x6c2b0000 - 0x6c2d1000 	C:\Program Files (x86)\Bonjour\mdnsNSP.dll
0x6c2a0000 - 0x6c2a8000 	C:\Windows\System32\rasadhlp.dll
0x6c250000 - 0x6c296000 	C:\Windows\System32\fwpuclnt.dll
0x511e0000 - 0x51205000 	C:\Program Files (x86)\Java\jdk1.8.0_31\jre\bin\jpeg.dll
0x59010000 - 0x5917b000 	C:\Windows\SYSTEM32\WindowsCodecs.dll
0x5f020000 - 0x5f02a000 	C:\Program Files (x86)\Java\jdk1.8.0_31\jre\bin\management.dll
0x0ba90000 - 0x0d05f000 	C:\Users\Piotr\AppData\Local\Temp\xuggle\xuggle4939925229113626151.dll
0x511c0000 - 0x511d4000 	C:\Windows\SYSTEM32\AVICAP32.DLL
0x50050000 - 0x50073000 	C:\Windows\SYSTEM32\MSVFW32.dll
0x57fc0000 - 0x57fca000 	C:\Program Files (x86)\Java\jdk1.8.0_31\jre\bin\jsound.dll
0x51420000 - 0x51429000 	C:\Program Files (x86)\Java\jdk1.8.0_31\jre\bin\jsoundds.dll
0x605e0000 - 0x60661000 	C:\Windows\SYSTEM32\DSOUND.dll
0x6bcd0000 - 0x6bd10000 	C:\Windows\SYSTEM32\POWRPROF.dll
0x645f0000 - 0x64643000 	C:\Windows\SYSTEM32\MMDevAPI.DLL
0x60050000 - 0x60086000 	C:\Windows\SYSTEM32\wdmaud.drv
0x6c060000 - 0x6c067000 	C:\Windows\SYSTEM32\ksuser.dll
0x73470000 - 0x7347a000 	C:\Windows\SYSTEM32\AVRT.dll
0x64650000 - 0x646b0000 	C:\Windows\SYSTEM32\AUDIOSES.DLL
0x6ac90000 - 0x6ac99000 	C:\Windows\SYSTEM32\msacm32.drv
0x6ac80000 - 0x6ac88000 	C:\Windows\SYSTEM32\midimap.dll
0x77f80000 - 0x7803e000 	C:\Users\Piotr\AppData\Local\Temp\javacpp39737683249748\msvcr100.dll
0x77900000 - 0x77969000 	C:\Users\Piotr\AppData\Local\Temp\javacpp39737683249748\msvcp100.dll
0x0e690000 - 0x0e896000 	C:\Users\Piotr\AppData\Local\Temp\javacpp39737683249748\opencv_core249.dll
0x0e8a0000 - 0x0e9e8000 	C:\Users\Piotr\AppData\Local\Temp\javacpp39737683249748\jniopencv_core.dll
0x0e9f0000 - 0x0ec5d000 	C:\Users\Piotr\AppData\Local\Temp\javacpp39737683249748\opencv_imgproc249.dll
0x0e600000 - 0x0e680000 	C:\Users\Piotr\AppData\Local\Temp\javacpp39737683249748\jniopencv_imgproc.dll
0x1f200000 - 0x20136000 	C:\Users\Piotr\AppData\Local\Temp\javacpp39737683249748\opencv_ffmpeg249.dll
0x0ec60000 - 0x0ee67000 	C:\Users\Piotr\AppData\Local\Temp\javacpp39737683249748\opencv_highgui249.dll
0x50030000 - 0x5004a000 	C:\Windows\SYSTEM32\AVIFIL32.dll
0x778c0000 - 0x778fc000 	C:\Users\Piotr\AppData\Local\Temp\javacpp39737683249748\jniopencv_highgui.dll
0x6c070000 - 0x6c084000 	C:\Windows\SYSTEM32\devenum.dll
0x71380000 - 0x713a8000 	C:\Windows\SYSTEM32\ntmarta.dll
0x75bb0000 - 0x75bed000 	C:\Windows\SYSTEM32\WINTRUST.dll
0x6c0d0000 - 0x6c0db000 	C:\Windows\SYSTEM32\msdmo.dll
0x0ee80000 - 0x0eeb1000 	C:\Windows\SYSTEM32\qcap.dll
0x35300000 - 0x3549f000 	C:\Windows\SYSTEM32\quartz.dll
0x6c090000 - 0x6c0d0000 	C:\Windows\SYSTEM32\ksproxy.ax
0x6c050000 - 0x6c05c000 	C:\Windows\SYSTEM32\vidcap.ax
0x6c030000 - 0x6c04f000 	C:\Windows\SYSTEM32\kswdmcap.ax
0x5ef10000 - 0x5f014000 	C:\Windows\SYSTEM32\MFC42.dll
0x5ee60000 - 0x5ef09000 	C:\Windows\SYSTEM32\ODBC32.dll
0x0ef70000 - 0x0effe000 	C:\Windows\SYSTEM32\qedit.dll
0x75b10000 - 0x75bab000 	C:\Windows\SYSTEM32\COMDLG32.dll
0x6d490000 - 0x6d600000 	C:\Windows\WinSxS\x86_microsoft.windows.gdiplus_6595b64144ccf1df_1.1.9600.17415_none_dad8722c5bcc2d8f\gdiplus.dll

VM Arguments:
jvm_args: -Dfile.encoding=UTF-8 
java_command: wideokomunikator.main
java_class_path (initial): D:\Programowanie\javacv\javacv-bin\ffmpeg.jar;D:\Programowanie\javacv\javacv-bin\javacpp.jar;D:\Programowanie\javacv\javacv-bin\javacv.jar;D:\Programowanie\javacv\javacv-bin\opencv.jar;C:\Program Files\Java\jdk1.8.0_05\db\lib\derby.jar;C:\Program Files\Java\jdk1.8.0_05\db\lib\derbyclient.jar;C:\Program Files\Java\jdk1.8.0_05\db\lib\derbytools.jar;C:\Program Files\Java\jdk1.8.0_05\db\lib\derbynet.jar;D:\Programowanie\xuggle-xuggler-5.4.jar;D:\Programowanie\slf4j-simple-1.7.10.jar;D:\Programowanie\slf4j-api-1.7.10.jar;D:\Programowanie\javacv\javacv-bin\opencv-linux-x86.jar;D:\Programowanie\javacv\javacv-bin\opencv-linux-x86_64.jar;D:\Programowanie\javacv\javacv-bin\opencv-macosx-x86_64.jar;D:\Programowanie\javacv\javacv-bin\opencv-windows-x86.jar;D:\Programowanie\javacv\javacv-bin\opencv-windows-x86_64.jar;C:\Users\Piotr\Documents\NetBeansProjects\Wideokomunikator\build\classes
Launcher Type: SUN_STANDARD

Environment Variables:
JAVA_HOME=C:\Program Files\Java\jdk1.8.0_05
CLASSPATH=.;C:\PROGRA~2\JMF2.1.1e\lib\sound.jar;C:\PROGRA~2\JMF2.1.1e\lib\jmf.jar;C:\PROGRA~2\JMF2.1.1e\lib;.;.;.;c:\PROGRA~2\java\JMF21~1.1E\lib\sound.jar;c:\PROGRA~2\java\JMF21~1.1E\lib\jmf.jar;c:\PROGRA~2\java\JMF21~1.1E\lib;
PATH=C:\Program Files (x86)\NVIDIA Corporation\PhysX\Common;C:\ProgramData\Oracle\Java\javapath;C:\Python34\;C:\Python34\Scripts;C:\Program Files (x86)\Intel\iCLS Client\;C:\Program Files\Intel\iCLS Client\;C:\Windows\system32;C:\Windows;C:\Windows\System32\Wbem;C:\Windows\System32\WindowsPowerShell\v1.0\;C:\Program Files\Intel\Intel(R) Management Engine Components\DAL;C:\Program Files\Intel\Intel(R) Management Engine Components\IPT;C:\Program Files (x86)\Intel\Intel(R) Management Engine Components\DAL;C:\Program Files (x86)\Intel\Intel(R) Management Engine Components\IPT;C:\Program Files\nodejs\;C:\Windows\Microsoft.NET\Framework\v4.0.30319;C:\Program Files\Microsoft SQL Server\110\Tools\Binn\;C:\Program Files\Java\jdk1.8.0_05\bin;C:\Program Files\apache-ant-1.9.4\bin;C:\Program Files (x86)\QuickTime\QTSystem\;c:\PROGRA~2\java\JMF21~1.1E\lib;C:\Users\Piotr\AppData\Roaming\npm;C:\Program Files (x86)\Bitvise SSH Client;C:\Program Files\Java\jdk1.8.0_05\bin
USERNAME=Piotr
OS=Windows_NT
PROCESSOR_IDENTIFIER=Intel64 Family 6 Model 60 Stepping 3, GenuineIntel



---------------  S Y S T E M  ---------------

OS: Windows 8.1 , 64 bit Build 9600 

CPU:total 8 (4 cores per cpu, 2 threads per core) family 6 model 60 stepping 3, cmov, cx8, fxsr, mmx, sse, sse2, sse3, ssse3, sse4.1, sse4.2, popcnt, avx, avx2, aes, clmul, erms, lzcnt, ht, tsc, tscinvbit, bmi1, bmi2

Memory: 4k page, physical 15910992k(10386424k free), swap 36390992k(29040056k free)

vm_info: Java HotSpot(TM) Client VM (25.31-b07) for windows-x86 JRE (1.8.0_31-b13), built on Dec 17 2014 20:46:12 by "java_re" with MS VC++ 10.0 (VS2010)

time: Wed Mar 04 18:51:20 2015
elapsed time: 11 seconds (0d 0h 0m 11s)

