#
# A fatal error has been detected by the Java Runtime Environment:
#
#  EXCEPTION_ACCESS_VIOLATION (0xc0000005) at pc=0x1fd5d289, pid=2036, tid=4136
#
# JRE version: Java(TM) SE Runtime Environment (8.0_31-b13) (build 1.8.0_31-b13)
# Java VM: Java HotSpot(TM) Client VM (25.31-b07 mixed mode windows-x86 )
# Problematic frame:
# C  0x1fd5d289
#
# Failed to write core dump. Minidumps are not enabled by default on client versions of Windows
#
# If you would like to submit a bug report, please visit:
#   http://bugreport.java.com/bugreport/crash.jsp
# The crash happened outside the Java Virtual Machine in native code.
# See problematic frame for where to report the bug.
#

---------------  T H R E A D  ---------------

Current thread (0x0df80000):  JavaThread "Thread-26" [_thread_in_native, id=4136, stack(0x21e40000,0x21e90000)]

siginfo: ExceptionCode=0xc0000005, reading address 0x0048c166

Registers:
EAX=0x0048c166, EBX=0x21e8f24c, ECX=0x8abcde55, EDX=0x00000000
ESP=0x21e8f220, EBP=0x21e8f568, ESI=0x20c872b8, EDI=0x00000000
EIP=0x1fd5d289, EFLAGS=0x00010a96

Top of Stack: (sp=0x21e8f220)
0x21e8f220:   21e8f860 04bd9ff8 0df80000 0000000a
0x21e8f230:   00000039 089a3f3c 02a597e0 21e8f284
0x21e8f240:   00000000 752726e0 21e8f5a4 00000000
0x21e8f250:   00000000 21e8f2ec 0df80000 0511dbd8
0x21e8f260:   21e8f3b8 21e8f298 0df80000 0ba12fe0
0x21e8f270:   0ba12fe0 0df80000 21e8f568 1f21d5c3
0x21e8f280:   20c872b8 2012bea4 2012be74 00000000
0x21e8f290:   00000000 752726e0 21e8f4ac 1f2a6efe 

Instructions: (pc=0x1fd5d289)
0x1fd5d269:   24 6c 89 6c 24 58 8b 06 8b 48 f8 8b 40 fc c7 44
0x1fd5d279:   24 2c 00 00 00 00 c7 44 24 30 00 00 00 00 01 f1
0x1fd5d289:   8b 10 89 5c 24 1c 8b 5c 24 64 89 4c 24 10 8b 4c
0x1fd5d299:   24 68 c7 44 24 34 00 00 00 00 c7 44 24 38 00 00 


Register to memory mapping:

EAX=0x0048c166 is an unknown value
EBX=0x21e8f24c is pointing into the stack for thread: 0x0df80000
ECX=0x8abcde55 is an unknown value
EDX=0x00000000 is an unknown value
ESP=0x21e8f220 is pointing into the stack for thread: 0x0df80000
EBP=0x21e8f568 is pointing into the stack for thread: 0x0df80000
ESI=0x20c872b8 is an unknown value
EDI=0x00000000 is an unknown value


Stack: [0x21e40000,0x21e90000],  sp=0x21e8f220,  free space=316k
Native frames: (J=compiled Java code, j=interpreted, Vv=VM code, C=native code)
C  0x1fd5d289
C  0x1f25bd59
j  com.xuggle.xuggler.XugglerJNI.IStreamCoder_decodeAudio(JLcom/xuggle/xuggler/IStreamCoder;JLcom/xuggle/xuggler/IAudioSamples;JLcom/xuggle/xuggler/IPacket;I)I+0
j  com.xuggle.xuggler.IStreamCoder.decodeAudio(Lcom/xuggle/xuggler/IAudioSamples;Lcom/xuggle/xuggler/IPacket;I)I+16
j  wideokomunikator.audiovideo.AudioVideo.decodeAudio(Lwideokomunikator/audiovideo/Packet;I)V+79
j  wideokomunikator.audiovideo.AudioVideo.access$1900(Lwideokomunikator/audiovideo/AudioVideo;Lwideokomunikator/audiovideo/Packet;I)V+3
j  wideokomunikator.audiovideo.AudioVideo$8.run()V+76
j  java.lang.Thread.run()V+11
v  ~StubRoutines::call_stub
V  [jvm.dll+0x1473e5]
V  [jvm.dll+0x20d57e]
V  [jvm.dll+0x14747e]
V  [jvm.dll+0x147606]
V  [jvm.dll+0x147677]
V  [jvm.dll+0xf09df]
V  [jvm.dll+0x169acc]
V  [jvm.dll+0x16a35a]
V  [jvm.dll+0x1af0a6]
C  [msvcr100.dll+0x5c556]
C  [msvcr100.dll+0x5c600]
C  [KERNEL32.DLL+0x17c04]
C  [ntdll.dll+0x5b5af]
C  [ntdll.dll+0x5b57a]
C  0x00000000

Java frames: (J=compiled Java code, j=interpreted, Vv=VM code)
j  com.xuggle.xuggler.XugglerJNI.IStreamCoder_decodeAudio(JLcom/xuggle/xuggler/IStreamCoder;JLcom/xuggle/xuggler/IAudioSamples;JLcom/xuggle/xuggler/IPacket;I)I+0
j  com.xuggle.xuggler.IStreamCoder.decodeAudio(Lcom/xuggle/xuggler/IAudioSamples;Lcom/xuggle/xuggler/IPacket;I)I+16
j  wideokomunikator.audiovideo.AudioVideo.decodeAudio(Lwideokomunikator/audiovideo/Packet;I)V+79
j  wideokomunikator.audiovideo.AudioVideo.access$1900(Lwideokomunikator/audiovideo/AudioVideo;Lwideokomunikator/audiovideo/Packet;I)V+3
j  wideokomunikator.audiovideo.AudioVideo$8.run()V+76
j  java.lang.Thread.run()V+11
v  ~StubRoutines::call_stub

---------------  P R O C E S S  ---------------

Java Threads: ( => current thread )
  0x0df7c800 JavaThread "Thread-27" [_thread_blocked, id=8224, stack(0x21ed0000,0x21f20000)]
=>0x0df80000 JavaThread "Thread-26" [_thread_in_native, id=4136, stack(0x21e40000,0x21e90000)]
  0x0df7f800 JavaThread "Thread-24" [_thread_blocked, id=3428, stack(0x21d20000,0x21d70000)]
  0x0df7d400 JavaThread "Thread-17" [_thread_in_native, id=5316, stack(0x21400000,0x21450000)]
  0x0df7cc00 JavaThread "Thread-16" [_thread_blocked, id=7760, stack(0x21370000,0x213c0000)]
  0x0df7f000 JavaThread "Thread-21" [_thread_blocked, id=5104, stack(0x212e0000,0x21330000)]
  0x0df7ec00 JavaThread "Thread-20" [_thread_blocked, id=3796, stack(0x21250000,0x212a0000)]
  0x0df7e000 JavaThread "Thread-19" [_thread_in_native, id=1984, stack(0x211c0000,0x21210000)]
  0x0df7d800 JavaThread "Thread-18" [_thread_in_native, id=7648, stack(0x21130000,0x21180000)]
  0x08938c00 JavaThread "Java Sound Event Dispatcher" daemon [_thread_blocked, id=4048, stack(0x0b4e0000,0x0b530000)]
  0x08938000 JavaThread "derby.rawStoreDaemon" daemon [_thread_blocked, id=8488, stack(0x0ace0000,0x0ad30000)]
  0x08937000 JavaThread "DRDAConnThread_2" daemon [_thread_in_native, id=4244, stack(0x0ac50000,0x0aca0000)]
  0x08937800 JavaThread "NetworkServerThread_1" daemon [_thread_in_native, id=3772, stack(0x0aac0000,0x0ab10000)]
  0x05959400 JavaThread "derby.NetworkServerStarter" daemon [_thread_blocked, id=4452, stack(0x0aa30000,0x0aa80000)]
  0x088fe800 JavaThread "Timer-0" daemon [_thread_blocked, id=1228, stack(0x0a8a0000,0x0a8f0000)]
  0x08817c00 JavaThread "D3D Screen Updater" daemon [_thread_blocked, id=900, stack(0x09ad0000,0x09b20000)]
  0x029ac800 JavaThread "DestroyJavaVM" [_thread_blocked, id=2216, stack(0x01300000,0x01350000)]
  0x059d5800 JavaThread "Thread-4" [_thread_in_native, id=5324, stack(0x09060000,0x090b0000)]
  0x059d4800 JavaThread "Thread-3" [_thread_blocked, id=8672, stack(0x08fd0000,0x09020000)]
  0x0588dc00 JavaThread "TimerQueue" daemon [_thread_blocked, id=5360, stack(0x08020000,0x08070000)]
  0x0585b400 JavaThread "AWT-EventQueue-0" [_thread_blocked, id=8432, stack(0x07f90000,0x07fe0000)]
  0x0580b800 JavaThread "AWT-Windows" daemon [_thread_in_native, id=9088, stack(0x06090000,0x060e0000)]
  0x0580a400 JavaThread "AWT-Shutdown" [_thread_blocked, id=3184, stack(0x06000000,0x06050000)]
  0x05809c00 JavaThread "Java2D Disposer" daemon [_thread_blocked, id=8960, stack(0x05f70000,0x05fc0000)]
  0x05063400 JavaThread "Service Thread" daemon [_thread_blocked, id=3052, stack(0x05540000,0x05590000)]
  0x0506a800 JavaThread "C1 CompilerThread0" daemon [_thread_blocked, id=8196, stack(0x054b0000,0x05500000)]
  0x05069800 JavaThread "Attach Listener" daemon [_thread_blocked, id=2108, stack(0x05420000,0x05470000)]
  0x05067800 JavaThread "Signal Dispatcher" daemon [_thread_blocked, id=5012, stack(0x05390000,0x053e0000)]
  0x05036800 JavaThread "Finalizer" daemon [_thread_blocked, id=6396, stack(0x05300000,0x05350000)]
  0x0297e800 JavaThread "Reference Handler" daemon [_thread_blocked, id=3356, stack(0x05270000,0x052c0000)]

Other Threads:
  0x0297d000 VMThread [stack: 0x04fe0000,0x05030000] [id=1648]
  0x05083800 WatcherThread [stack: 0x055d0000,0x05620000] [id=3640]

VM state:not at safepoint (normal execution)

VM Mutex/Monitor currently owned by a thread: None

Heap:
 def new generation   total 78656K, used 56552K [0x0f200000, 0x14750000, 0x14750000)
  eden space 69952K,  68% used [0x0f200000, 0x120ba048, 0x13650000)
  from space 8704K, 100% used [0x13ed0000, 0x14750000, 0x14750000)
  to   space 8704K,   0% used [0x13650000, 0x13650000, 0x13ed0000)
 tenured generation   total 174784K, used 126452K [0x14750000, 0x1f200000, 0x1f200000)
   the space 174784K,  72% used [0x14750000, 0x1c2cd0d8, 0x1c2cd200, 0x1f200000)
 Metaspace       used 18539K, capacity 18744K, committed 18944K, reserved 19840K

Card table byte_map: [0x04a50000,0x04ae0000] byte_map_base: 0x049d7000

Polling page: 0x012c0000

CodeCache: size=32768Kb used=1974Kb max_used=1981Kb free=30793Kb
 bounds [0x02a50000, 0x02c40000, 0x04a50000]
 total_blobs=1296 nmethods=910 adapters=317
 compilation: enabled

Compilation events (10 events):
Event: 15.625 Thread 0x0506a800  928             java.awt.Rectangle::<init> (26 bytes)
Event: 15.625 Thread 0x0506a800 nmethod 928 0x02c3f408 code [0x02c3f500, 0x02c3f590]
Event: 15.674 Thread 0x0506a800  929             java.nio.Buffer::limit (62 bytes)
Event: 15.674 Thread 0x0506a800 nmethod 929 0x02c3f5c8 code [0x02c3f6d0, 0x02c3f7ec]
Event: 15.849 Thread 0x0506a800  930             java.nio.Bits::byteOrder (20 bytes)
Event: 15.849 Thread 0x0506a800 nmethod 930 0x02ba0848 code [0x02ba0940, 0x02ba09b0]
Event: 15.976 Thread 0x0506a800  931             java.util.concurrent.atomic.AtomicBoolean::compareAndSet (35 bytes)
Event: 15.977 Thread 0x0506a800 nmethod 931 0x02ba0648 code [0x02ba0740, 0x02ba0800]
Event: 15.982 Thread 0x0506a800  932             java.nio.Buffer::<init> (121 bytes)
Event: 15.982 Thread 0x0506a800 nmethod 932 0x02ba7988 code [0x02ba7b40, 0x02ba805c]

GC Heap History (10 events):
Event: 4.449 GC heap before
{Heap before GC invocations=31 (full 2):
 def new generation   total 44608K, used 42142K [0x0f200000, 0x12260000, 0x14750000)
  eden space 39680K, 100% used [0x0f200000, 0x118c0000, 0x118c0000)
  from space 4928K,  49% used [0x118c0000, 0x11b27aa0, 0x11d90000)
  to   space 4928K,   0% used [0x11d90000, 0x11d90000, 0x12260000)
 tenured generation   total 153860K, used 116782K [0x14750000, 0x1dd91000, 0x1f200000)
   the space 153860K,  75% used [0x14750000, 0x1b95b8d8, 0x1b95ba00, 0x1dd91000)
 Metaspace       used 9003K, capacity 9151K, committed 9216K, reserved 9600K
Event: 4.450 GC heap after
Heap after GC invocations=32 (full 2):
 def new generation   total 44608K, used 2462K [0x0f200000, 0x12260000, 0x14750000)
  eden space 39680K,   0% used [0x0f200000, 0x0f200000, 0x118c0000)
  from space 4928K,  49% used [0x11d90000, 0x11ff7aa0, 0x12260000)
  to   space 4928K,   0% used [0x118c0000, 0x118c0000, 0x11d90000)
 tenured generation   total 153860K, used 116782K [0x14750000, 0x1dd91000, 0x1f200000)
   the space 153860K,  75% used [0x14750000, 0x1b95b8d8, 0x1b95ba00, 0x1dd91000)
 Metaspace       used 9003K, capacity 9151K, committed 9216K, reserved 9600K
}
Event: 4.661 GC heap before
{Heap before GC invocations=32 (full 2):
 def new generation   total 44608K, used 42142K [0x0f200000, 0x12260000, 0x14750000)
  eden space 39680K, 100% used [0x0f200000, 0x118c0000, 0x118c0000)
  from space 4928K,  49% used [0x11d90000, 0x11ff7aa0, 0x12260000)
  to   space 4928K,   0% used [0x118c0000, 0x118c0000, 0x11d90000)
 tenured generation   total 153860K, used 116782K [0x14750000, 0x1dd91000, 0x1f200000)
   the space 153860K,  75% used [0x14750000, 0x1b95b8d8, 0x1b95ba00, 0x1dd91000)
 Metaspace       used 9003K, capacity 9151K, committed 9216K, reserved 9600K
Event: 4.662 GC heap after
Heap after GC invocations=33 (full 2):
 def new generation   total 44608K, used 2462K [0x0f200000, 0x12260000, 0x14750000)
  eden space 39680K,   0% used [0x0f200000, 0x0f200000, 0x118c0000)
  from space 4928K,  49% used [0x118c0000, 0x11b27aa0, 0x11d90000)
  to   space 4928K,   0% used [0x11d90000, 0x11d90000, 0x12260000)
 tenured generation   total 153860K, used 116782K [0x14750000, 0x1dd91000, 0x1f200000)
   the space 153860K,  75% used [0x14750000, 0x1b95b8d8, 0x1b95ba00, 0x1dd91000)
 Metaspace       used 9003K, capacity 9151K, committed 9216K, reserved 9600K
}
Event: 9.813 GC heap before
{Heap before GC invocations=33 (full 2):
 def new generation   total 44608K, used 42142K [0x0f200000, 0x12260000, 0x14750000)
  eden space 39680K, 100% used [0x0f200000, 0x118c0000, 0x118c0000)
  from space 4928K,  49% used [0x118c0000, 0x11b27aa0, 0x11d90000)
  to   space 4928K,   0% used [0x11d90000, 0x11d90000, 0x12260000)
 tenured generation   total 153860K, used 116782K [0x14750000, 0x1dd91000, 0x1f200000)
   the space 153860K,  75% used [0x14750000, 0x1b95b8d8, 0x1b95ba00, 0x1dd91000)
 Metaspace       used 12330K, capacity 12494K, committed 12544K, reserved 12672K
Event: 9.820 GC heap after
Heap after GC invocations=34 (full 2):
 def new generation   total 44608K, used 2998K [0x0f200000, 0x12260000, 0x14750000)
  eden space 39680K,   0% used [0x0f200000, 0x0f200000, 0x118c0000)
  from space 4928K,  60% used [0x11d90000, 0x1207dad8, 0x12260000)
  to   space 4928K,   0% used [0x118c0000, 0x118c0000, 0x11d90000)
 tenured generation   total 153860K, used 116782K [0x14750000, 0x1dd91000, 0x1f200000)
   the space 153860K,  75% used [0x14750000, 0x1b95b8d8, 0x1b95ba00, 0x1dd91000)
 Metaspace       used 12330K, capacity 12494K, committed 12544K, reserved 12672K
}
Event: 10.152 GC heap before
{Heap before GC invocations=34 (full 2):
 def new generation   total 44608K, used 21717K [0x0f200000, 0x12260000, 0x14750000)
  eden space 39680K,  47% used [0x0f200000, 0x10447cb0, 0x118c0000)
  from space 4928K,  60% used [0x11d90000, 0x1207dad8, 0x12260000)
  to   space 4928K,   0% used [0x118c0000, 0x118c0000, 0x11d90000)
 tenured generation   total 153860K, used 116782K [0x14750000, 0x1dd91000, 0x1f200000)
   the space 153860K,  75% used [0x14750000, 0x1b95b8d8, 0x1b95ba00, 0x1dd91000)
 Metaspace       used 14958K, capacity 15086K, committed 15148K, reserved 15744K
Event: 10.174 GC heap after
Heap after GC invocations=35 (full 3):
 def new generation   total 78656K, used 0K [0x0f200000, 0x14750000, 0x14750000)
  eden space 69952K,   0% used [0x0f200000, 0x0f200000, 0x13650000)
  from space 8704K,   0% used [0x13650000, 0x13650000, 0x13ed0000)
  to   space 8704K,   0% used [0x13ed0000, 0x13ed0000, 0x14750000)
 tenured generation   total 174784K, used 120691K [0x14750000, 0x1f200000, 0x1f200000)
   the space 174784K,  69% used [0x14750000, 0x1bd2cd88, 0x1bd2ce00, 0x1f200000)
 Metaspace       used 14958K, capacity 15086K, committed 15148K, reserved 15744K
}
Event: 15.405 GC heap before
{Heap before GC invocations=35 (full 3):
 def new generation   total 78656K, used 69901K [0x0f200000, 0x14750000, 0x14750000)
  eden space 69952K,  99% used [0x0f200000, 0x13643758, 0x13650000)
  from space 8704K,   0% used [0x13650000, 0x13650000, 0x13ed0000)
  to   space 8704K,   0% used [0x13ed0000, 0x13ed0000, 0x14750000)
 tenured generation   total 174784K, used 120691K [0x14750000, 0x1f200000, 0x1f200000)
   the space 174784K,  69% used [0x14750000, 0x1bd2cd88, 0x1bd2ce00, 0x1f200000)
 Metaspace       used 18534K, capacity 18741K, committed 18944K, reserved 19840K
Event: 15.417 GC heap after
Heap after GC invocations=36 (full 3):
 def new generation   total 78656K, used 8704K [0x0f200000, 0x14750000, 0x14750000)
  eden space 69952K,   0% used [0x0f200000, 0x0f200000, 0x13650000)
  from space 8704K, 100% used [0x13ed0000, 0x14750000, 0x14750000)
  to   space 8704K,   0% used [0x13650000, 0x13650000, 0x13ed0000)
 tenured generation   total 174784K, used 126452K [0x14750000, 0x1f200000, 0x1f200000)
   the space 174784K,  72% used [0x14750000, 0x1c2cd0d8, 0x1c2cd200, 0x1f200000)
 Metaspace       used 18534K, capacity 18741K, committed 18944K, reserved 19840K
}

Deoptimization events (0 events):
No events

Internal exceptions (10 events):
Event: 14.937 Thread 0x0df7d400 Exception <a 'java/security/PrivilegedActionException'> (0x117ade48) thrown at [C:\re\workspace\8-2-build-windows-i586-cygwin\jdk8u31\2394\hotspot\src\share\vm\prims\jvm.cpp, line 1312]
Event: 14.937 Thread 0x0df7d400 Exception <a 'java/security/PrivilegedActionException'> (0x117b5a20) thrown at [C:\re\workspace\8-2-build-windows-i586-cygwin\jdk8u31\2394\hotspot\src\share\vm\prims\jvm.cpp, line 1312]
Event: 14.938 Thread 0x0df7d400 Exception <a 'java/security/PrivilegedActionException'> (0x117c3900) thrown at [C:\re\workspace\8-2-build-windows-i586-cygwin\jdk8u31\2394\hotspot\src\share\vm\prims\jvm.cpp, line 1312]
Event: 14.950 Thread 0x0df7f000 Exception <a 'java/security/PrivilegedActionException'> (0x11a45108) thrown at [C:\re\workspace\8-2-build-windows-i586-cygwin\jdk8u31\2394\hotspot\src\share\vm\prims\jvm.cpp, line 1312]
Event: 14.951 Thread 0x0df7f000 Exception <a 'java/security/PrivilegedActionException'> (0x11a4c408) thrown at [C:\re\workspace\8-2-build-windows-i586-cygwin\jdk8u31\2394\hotspot\src\share\vm\prims\jvm.cpp, line 1312]
Event: 14.984 Thread 0x0df7e000 Exception <a 'java/security/PrivilegedActionException'> (0x115bf8f8) thrown at [C:\re\workspace\8-2-build-windows-i586-cygwin\jdk8u31\2394\hotspot\src\share\vm\prims\jvm.cpp, line 1312]
Event: 14.988 Thread 0x0df7e400 Exception <a 'java/security/PrivilegedActionException'> (0x11becfc0) thrown at [C:\re\workspace\8-2-build-windows-i586-cygwin\jdk8u31\2394\hotspot\src\share\vm\prims\jvm.cpp, line 1312]
Event: 14.989 Thread 0x0df7e400 Exception <a 'java/security/PrivilegedActionException'> (0x11bf42a8) thrown at [C:\re\workspace\8-2-build-windows-i586-cygwin\jdk8u31\2394\hotspot\src\share\vm\prims\jvm.cpp, line 1312]
Event: 14.990 Thread 0x0df7e400 Exception <a 'java/security/PrivilegedActionException'> (0x11bfb8e8) thrown at [C:\re\workspace\8-2-build-windows-i586-cygwin\jdk8u31\2394\hotspot\src\share\vm\prims\jvm.cpp, line 1312]
Event: 14.991 Thread 0x0df7e400 Exception <a 'java/security/PrivilegedActionException'> (0x11c02e98) thrown at [C:\re\workspace\8-2-build-windows-i586-cygwin\jdk8u31\2394\hotspot\src\share\vm\prims\jvm.cpp, line 1312]

Events (10 events):
Event: 15.965 Executing VM operation: RevokeBias done
Event: 15.965 Thread 0x0df7b800 Thread exited: 0x0df7b800
Event: 15.975 Thread 0x0df7b800 Thread added: 0x0df7b800
Event: 15.975 Executing VM operation: RevokeBias
Event: 15.975 Executing VM operation: RevokeBias done
Event: 15.975 Thread 0x0df7b800 Thread exited: 0x0df7b800
Event: 15.985 Thread 0x0df7b800 Thread added: 0x0df7b800
Event: 15.985 Executing VM operation: RevokeBias
Event: 15.985 Executing VM operation: RevokeBias done
Event: 15.985 Thread 0x0df7b800 Thread exited: 0x0df7b800


Dynamic libraries:
0x01350000 - 0x01380000 	C:\Program Files (x86)\Java\jdk1.8.0_31\bin\java.exe
0x77750000 - 0x778be000 	C:\Windows\SYSTEM32\ntdll.dll
0x75260000 - 0x753a0000 	C:\Windows\SYSTEM32\KERNEL32.DLL
0x75a10000 - 0x75ae7000 	C:\Windows\SYSTEM32\KERNELBASE.dll
0x6c1a0000 - 0x6c240000 	C:\Windows\system32\apphelp.dll
0x58580000 - 0x587e5000 	C:\Windows\AppPatch\AcGenral.DLL
0x75860000 - 0x75923000 	C:\Windows\SYSTEM32\msvcrt.dll
0x77260000 - 0x772a1000 	C:\Windows\SYSTEM32\sechost.dll
0x74f50000 - 0x74f6e000 	C:\Windows\SYSTEM32\SspiCli.dll
0x77010000 - 0x77055000 	C:\Windows\SYSTEM32\SHLWAPI.dll
0x72120000 - 0x7220d000 	C:\Windows\SYSTEM32\UxTheme.dll
0x75100000 - 0x75253000 	C:\Windows\SYSTEM32\USER32.dll
0x774d0000 - 0x775de000 	C:\Windows\SYSTEM32\GDI32.dll
0x6d460000 - 0x6d483000 	C:\Windows\SYSTEM32\WINMM.dll
0x6cf00000 - 0x6cf13000 	C:\Windows\SYSTEM32\samcli.dll
0x773a0000 - 0x774c8000 	C:\Windows\SYSTEM32\ole32.dll
0x75cb0000 - 0x75d45000 	C:\Windows\SYSTEM32\OLEAUT32.dll
0x605e0000 - 0x605f7000 	C:\Windows\SYSTEM32\MSACM32.dll
0x74df0000 - 0x74df8000 	C:\Windows\SYSTEM32\VERSION.dll
0x75d60000 - 0x7700c000 	C:\Windows\SYSTEM32\SHELL32.dll
0x73160000 - 0x7317b000 	C:\Windows\SYSTEM32\USERENV.dll
0x6d330000 - 0x6d34a000 	C:\Windows\SYSTEM32\dwmapi.dll
0x6cfa0000 - 0x6d0ea000 	C:\Windows\SYSTEM32\urlmon.dll
0x75930000 - 0x759ac000 	C:\Windows\SYSTEM32\ADVAPI32.dll
0x6d600000 - 0x6d665000 	C:\Windows\SYSTEM32\WINSPOOL.DRV
0x6cf50000 - 0x6cf66000 	C:\Windows\SYSTEM32\MPR.dll
0x772e0000 - 0x7739a000 	C:\Windows\SYSTEM32\RPCRT4.dll
0x74f40000 - 0x74f4a000 	C:\Windows\SYSTEM32\CRYPTBASE.dll
0x75520000 - 0x7569d000 	C:\Windows\SYSTEM32\combase.dll
0x6d430000 - 0x6d453000 	C:\Windows\SYSTEM32\WINMMBASE.dll
0x71db0000 - 0x71dbf000 	C:\Windows\SYSTEM32\profapi.dll
0x71b30000 - 0x71d62000 	C:\Windows\SYSTEM32\iertutil.dll
0x71e50000 - 0x72025000 	C:\Windows\SYSTEM32\WININET.dll
0x74ee0000 - 0x74f34000 	C:\Windows\SYSTEM32\bcryptPrimitives.dll
0x77220000 - 0x7725c000 	C:\Windows\SYSTEM32\cfgmgr32.dll
0x6d400000 - 0x6d421000 	C:\Windows\SYSTEM32\DEVOBJ.dll
0x73480000 - 0x7350b000 	C:\Windows\SYSTEM32\SHCORE.DLL
0x75c80000 - 0x75ca7000 	C:\Windows\system32\IMM32.DLL
0x753a0000 - 0x754b3000 	C:\Windows\SYSTEM32\MSCTF.dll
0x74e00000 - 0x74e2e000 	C:\Windows\SYSTEM32\nvinit.dll
0x0f000000 - 0x0f006000 	C:\Program Files (x86)\NVIDIA Corporation\CoProcManager\_etoured.dll
0x6b660000 - 0x6b68b000 	C:\Program Files (x86)\NVIDIA Corporation\CoProcManager\nvd3d9wrap.dll
0x756a0000 - 0x75851000 	C:\Windows\SYSTEM32\SETUPAPI.dll
0x6b640000 - 0x6b65f000 	C:\Program Files (x86)\NVIDIA Corporation\CoProcManager\nvdxgiwrap.dll
0x72f40000 - 0x73146000 	C:\Windows\WinSxS\x86_microsoft.windows.common-controls_6595b64144ccf1df_6.0.9600.17415_none_a9ed7f470139b3c1\COMCTL32.dll
0x6be80000 - 0x6befd000 	C:\Program Files (x86)\AVG\AVG2015\avghookx.dll
0x5f080000 - 0x5f13f000 	C:\Program Files (x86)\Java\jdk1.8.0_31\jre\bin\msvcr100.dll
0x581d0000 - 0x58574000 	C:\Program Files (x86)\Java\jdk1.8.0_31\jre\bin\client\jvm.dll
0x6d0f0000 - 0x6d0f8000 	C:\Windows\SYSTEM32\WSOCK32.dll
0x75d50000 - 0x75d56000 	C:\Windows\SYSTEM32\PSAPI.DLL
0x77060000 - 0x770b0000 	C:\Windows\SYSTEM32\WS2_32.dll
0x772b0000 - 0x772b7000 	C:\Windows\SYSTEM32\NSI.dll
0x6ad60000 - 0x6ad6c000 	C:\Program Files (x86)\Java\jdk1.8.0_31\jre\bin\verify.dll
0x60320000 - 0x60341000 	C:\Program Files (x86)\Java\jdk1.8.0_31\jre\bin\java.dll
0x60100000 - 0x60113000 	C:\Program Files (x86)\Java\jdk1.8.0_31\jre\bin\zip.dll
0x58080000 - 0x581c6000 	C:\Program Files (x86)\Java\jdk1.8.0_31\jre\bin\awt.dll
0x74de0000 - 0x74de9000 	C:\Windows\SYSTEM32\kernel.appcore.dll
0x61e70000 - 0x62043000 	C:\Windows\system32\d3d9.dll
0x69940000 - 0x69a1e000 	C:\Windows\SYSTEM32\nvumdshim.dll
0x5d690000 - 0x5ed6e000 	C:\Windows\system32\igdumdim32.dll
0x67070000 - 0x678e8000 	C:\Windows\SYSTEM32\igdusc32.dll
0x60050000 - 0x60089000 	C:\Program Files (x86)\Java\jdk1.8.0_31\jre\bin\fontmanager.dll
0x600e0000 - 0x600f5000 	C:\Program Files (x86)\Java\jdk1.8.0_31\jre\bin\net.dll
0x6d1c0000 - 0x6d20b000 	C:\Windows\system32\mswsock.dll
0x684b0000 - 0x684bf000 	C:\Program Files (x86)\Java\jdk1.8.0_31\jre\bin\nio.dll
0x5f050000 - 0x5f080000 	C:\Program Files (x86)\Java\jdk1.8.0_31\jre\bin\t2k.dll
0x5ffb0000 - 0x5ffd0000 	C:\Program Files (x86)\Java\jdk1.8.0_31\jre\bin\sunec.dll
0x68350000 - 0x68359000 	C:\Program Files (x86)\Java\jdk1.8.0_31\jre\bin\sunmscapi.dll
0x74f70000 - 0x750f8000 	C:\Windows\SYSTEM32\CRYPT32.dll
0x75af0000 - 0x75afe000 	C:\Windows\SYSTEM32\MSASN1.dll
0x6f340000 - 0x6f359000 	C:\Windows\SYSTEM32\CRYPTSP.dll
0x6f310000 - 0x6f340000 	C:\Windows\system32\rsaenh.dll
0x6f040000 - 0x6f05e000 	C:\Windows\SYSTEM32\bcrypt.dll
0x732c0000 - 0x732e0000 	C:\Windows\SYSTEM32\IPHLPAPI.DLL
0x71e40000 - 0x71e48000 	C:\Windows\SYSTEM32\WINNSI.DLL
0x75bf0000 - 0x75c7d000 	C:\Windows\SYSTEM32\clbcatq.dll
0x6ac00000 - 0x6ac13000 	C:\Windows\SYSTEM32\dhcpcsvc6.DLL
0x6bf30000 - 0x6bf44000 	C:\Windows\SYSTEM32\dhcpcsvc.DLL
0x6bfb0000 - 0x6bfc1000 	C:\Windows\system32\napinsp.dll
0x6bf90000 - 0x6bfa6000 	C:\Windows\system32\pnrpnsp.dll
0x6bf70000 - 0x6bf84000 	C:\Windows\system32\NLAapi.dll
0x6c2e0000 - 0x6c35e000 	C:\Windows\SYSTEM32\DNSAPI.dll
0x6bf60000 - 0x6bf6a000 	C:\Windows\System32\winrnr.dll
0x6bf50000 - 0x6bf60000 	C:\Windows\system32\wshbth.dll
0x6c2b0000 - 0x6c2d1000 	C:\Program Files (x86)\Bonjour\mdnsNSP.dll
0x6c2a0000 - 0x6c2a8000 	C:\Windows\System32\rasadhlp.dll
0x6c250000 - 0x6c296000 	C:\Windows\System32\fwpuclnt.dll
0x5f020000 - 0x5f045000 	C:\Program Files (x86)\Java\jdk1.8.0_31\jre\bin\jpeg.dll
0x59010000 - 0x5917b000 	C:\Windows\SYSTEM32\WindowsCodecs.dll
0x67020000 - 0x6702a000 	C:\Program Files (x86)\Java\jdk1.8.0_31\jre\bin\management.dll
0x66970000 - 0x6697a000 	C:\Program Files (x86)\Java\jdk1.8.0_31\jre\bin\jsound.dll
0x58070000 - 0x58079000 	C:\Program Files (x86)\Java\jdk1.8.0_31\jre\bin\jsoundds.dll
0x57fe0000 - 0x58061000 	C:\Windows\SYSTEM32\DSOUND.dll
0x6bcd0000 - 0x6bd10000 	C:\Windows\SYSTEM32\POWRPROF.dll
0x645f0000 - 0x64643000 	C:\Windows\SYSTEM32\MMDevAPI.DLL
0x51480000 - 0x514b6000 	C:\Windows\SYSTEM32\wdmaud.drv
0x6c060000 - 0x6c067000 	C:\Windows\SYSTEM32\ksuser.dll
0x73470000 - 0x7347a000 	C:\Windows\SYSTEM32\AVRT.dll
0x64650000 - 0x646b0000 	C:\Windows\SYSTEM32\AUDIOSES.DLL
0x57fd0000 - 0x57fd9000 	C:\Windows\SYSTEM32\msacm32.drv
0x57fc0000 - 0x57fc8000 	C:\Windows\SYSTEM32\midimap.dll
0x51300000 - 0x513be000 	C:\Users\Piotr\AppData\Local\Temp\javacpp20282802456179\msvcr100.dll
0x51290000 - 0x512f9000 	C:\Users\Piotr\AppData\Local\Temp\javacpp20282802456179\msvcp100.dll
0x77df0000 - 0x77ff6000 	C:\Users\Piotr\AppData\Local\Temp\javacpp20282802456179\opencv_core249.dll
0x77ca0000 - 0x77de8000 	C:\Users\Piotr\AppData\Local\Temp\javacpp20282802456179\jniopencv_core.dll
0x77a30000 - 0x77c9d000 	C:\Users\Piotr\AppData\Local\Temp\javacpp20282802456179\opencv_imgproc249.dll
0x51210000 - 0x51290000 	C:\Users\Piotr\AppData\Local\Temp\javacpp20282802456179\jniopencv_imgproc.dll
0x0ba60000 - 0x0c996000 	C:\Users\Piotr\AppData\Local\Temp\javacpp20282802456179\opencv_ffmpeg249.dll
0x0c9a0000 - 0x0cba7000 	C:\Users\Piotr\AppData\Local\Temp\javacpp20282802456179\opencv_highgui249.dll
0x51460000 - 0x5147a000 	C:\Windows\SYSTEM32\AVIFIL32.dll
0x51430000 - 0x51453000 	C:\Windows\SYSTEM32\MSVFW32.dll
0x511f0000 - 0x51204000 	C:\Windows\SYSTEM32\AVICAP32.dll
0x500b0000 - 0x500ec000 	C:\Users\Piotr\AppData\Local\Temp\javacpp20282802456179\jniopencv_highgui.dll
0x6c070000 - 0x6c084000 	C:\Windows\SYSTEM32\devenum.dll
0x71380000 - 0x713a8000 	C:\Windows\SYSTEM32\ntmarta.dll
0x75bb0000 - 0x75bed000 	C:\Windows\SYSTEM32\WINTRUST.dll
0x6c0d0000 - 0x6c0db000 	C:\Windows\SYSTEM32\msdmo.dll
0x50070000 - 0x500a1000 	C:\Windows\SYSTEM32\qcap.dll
0x34e90000 - 0x3502f000 	C:\Windows\SYSTEM32\quartz.dll
0x6c090000 - 0x6c0d0000 	C:\Windows\SYSTEM32\ksproxy.ax
0x6c050000 - 0x6c05c000 	C:\Windows\SYSTEM32\vidcap.ax
0x6c030000 - 0x6c04f000 	C:\Windows\SYSTEM32\kswdmcap.ax
0x5ef10000 - 0x5f014000 	C:\Windows\SYSTEM32\MFC42.dll
0x5ee60000 - 0x5ef09000 	C:\Windows\SYSTEM32\ODBC32.dll
0x779a0000 - 0x77a2e000 	C:\Windows\SYSTEM32\qedit.dll
0x75b10000 - 0x75bab000 	C:\Windows\SYSTEM32\COMDLG32.dll
0x6d490000 - 0x6d600000 	C:\Windows\WinSxS\x86_microsoft.windows.gdiplus_6595b64144ccf1df_1.1.9600.17415_none_dad8722c5bcc2d8f\gdiplus.dll
0x5ed70000 - 0x5ee5c000 	C:\Windows\SYSTEM32\DDRAW.dll

VM Arguments:
jvm_args: -Dfile.encoding=UTF-8 
java_command: wideokomunikator.main
java_class_path (initial): D:\Programowanie\javacv\javacv-bin\ffmpeg.jar;D:\Programowanie\javacv\javacv-bin\javacpp.jar;D:\Programowanie\javacv\javacv-bin\javacv.jar;D:\Programowanie\javacv\javacv-bin\opencv.jar;C:\Program Files\Java\jdk1.8.0_05\db\lib\derby.jar;C:\Program Files\Java\jdk1.8.0_05\db\lib\derbyclient.jar;C:\Program Files\Java\jdk1.8.0_05\db\lib\derbytools.jar;C:\Program Files\Java\jdk1.8.0_05\db\lib\derbynet.jar;D:\Programowanie\xuggle-xuggler-5.4.jar;D:\Programowanie\slf4j-simple-1.7.10.jar;D:\Programowanie\slf4j-api-1.7.10.jar;D:\Programowanie\javacv\javacv-bin\opencv-linux-x86.jar;D:\Programowanie\javacv\javacv-bin\opencv-linux-x86_64.jar;D:\Programowanie\javacv\javacv-bin\opencv-macosx-x86_64.jar;D:\Programowanie\javacv\javacv-bin\opencv-windows-x86.jar;D:\Programowanie\javacv\javacv-bin\opencv-windows-x86_64.jar;C:\Users\Piotr\Documents\NetBeansProjects\Wideokomunikator\build\classes
Launcher Type: SUN_STANDARD

Environment Variables:
JAVA_HOME=C:\Program Files\Java\jdk1.8.0_05
CLASSPATH=.;C:\PROGRA~2\JMF2.1.1e\lib\sound.jar;C:\PROGRA~2\JMF2.1.1e\lib\jmf.jar;C:\PROGRA~2\JMF2.1.1e\lib;.;.;.;c:\PROGRA~2\java\JMF21~1.1E\lib\sound.jar;c:\PROGRA~2\java\JMF21~1.1E\lib\jmf.jar;c:\PROGRA~2\java\JMF21~1.1E\lib;
PATH=C:\Program Files (x86)\NVIDIA Corporation\PhysX\Common;C:\ProgramData\Oracle\Java\javapath;C:\Python34\;C:\Python34\Scripts;C:\Program Files (x86)\Intel\iCLS Client\;C:\Program Files\Intel\iCLS Client\;C:\Windows\system32;C:\Windows;C:\Windows\System32\Wbem;C:\Windows\System32\WindowsPowerShell\v1.0\;C:\Program Files\Intel\Intel(R) Management Engine Components\DAL;C:\Program Files\Intel\Intel(R) Management Engine Components\IPT;C:\Program Files (x86)\Intel\Intel(R) Management Engine Components\DAL;C:\Program Files (x86)\Intel\Intel(R) Management Engine Components\IPT;C:\Program Files\nodejs\;C:\Windows\Microsoft.NET\Framework\v4.0.30319;C:\Program Files\Microsoft SQL Server\110\Tools\Binn\;C:\Program Files\Java\jdk1.8.0_05\bin;C:\Program Files\apache-ant-1.9.4\bin;C:\Program Files (x86)\QuickTime\QTSystem\;c:\PROGRA~2\java\JMF21~1.1E\lib;C:\Users\Piotr\AppData\Roaming\npm;C:\Program Files (x86)\Bitvise SSH Client;C:\Program Files\Java\jdk1.8.0_05\bin
USERNAME=Piotr
OS=Windows_NT
PROCESSOR_IDENTIFIER=Intel64 Family 6 Model 60 Stepping 3, GenuineIntel



---------------  S Y S T E M  ---------------

OS: Windows 8.1 , 64 bit Build 9600 

CPU:total 8 (4 cores per cpu, 2 threads per core) family 6 model 60 stepping 3, cmov, cx8, fxsr, mmx, sse, sse2, sse3, ssse3, sse4.1, sse4.2, popcnt, avx, avx2, aes, clmul, erms, lzcnt, ht, tsc, tscinvbit, bmi1, bmi2

Memory: 4k page, physical 15910992k(10368840k free), swap 36390992k(29563212k free)

vm_info: Java HotSpot(TM) Client VM (25.31-b07) for windows-x86 JRE (1.8.0_31-b13), built on Dec 17 2014 20:46:12 by "java_re" with MS VC++ 10.0 (VS2010)

time: Wed Mar 04 13:27:05 2015
elapsed time: 16 seconds (0d 0h 0m 16s)

