#
# A fatal error has been detected by the Java Runtime Environment:
#
#  EXCEPTION_ACCESS_VIOLATION (0xc0000005) at pc=0x0b162e69, pid=8252, tid=9088
#
# JRE version: Java(TM) SE Runtime Environment (8.0_31-b13) (build 1.8.0_31-b13)
# Java VM: Java HotSpot(TM) Client VM (25.31-b07 mixed mode windows-x86 )
# Problematic frame:
# C  [xuggle2736824875590614475.dll+0x532e69]
#
# Failed to write core dump. Minidumps are not enabled by default on client versions of Windows
#
# If you would like to submit a bug report, please visit:
#   http://bugreport.java.com/bugreport/crash.jsp
# The crash happened outside the Java Virtual Machine in native code.
# See problematic frame for where to report the bug.
#

---------------  T H R E A D  ---------------

Current thread (0x080bb400):  JavaThread "Thread-25" [_thread_in_native, id=9088, stack(0x214d0000,0x21520000)]

siginfo: ExceptionCode=0xc0000005, reading address 0x00007a28

Registers:
EAX=0x00007a2a, EBX=0x00000008, ECX=0x217ec060, EDX=0x00007a2a
ESP=0x2151f330, EBP=0x217ec060, ESI=0x00000160, EDI=0x00000160
EIP=0x0b162e69, EFLAGS=0x00010206

Top of Stack: (sp=0x2151f330)
0x2151f330:   2087afe0 000000f0 0000014d 0afaa7f2
0x2151f340:   00000160 00007a2a 00000160 00000000
0x2151f350:   00000001 00000000 00000000 00000000
0x2151f360:   00000000 00000000 00010001 00010001
0x2151f370:   11b6a240 1482b750 2151f378 21766400
0x2151f380:   00000000 218537cc 00000000 03030303
0x2151f390:   00000002 2087afe0 217eb560 00000160
0x2151f3a0:   2087ca70 0b31cd10 2087c970 00000000 

Instructions: (pc=0x0b162e69)
0x0b162e49:   00 00 89 74 24 04 89 ce 89 c1 89 7c 24 08 89 d0
0x0b162e59:   8b 7c 24 10 66 0f ef ff 66 0f 6f 35 50 5d 8c 0b
0x0b162e69:   f2 0f f0 48 fe 66 0f 6f c1 66 0f 68 cf 66 0f 60
0x0b162e79:   c7 66 0f 6f d1 66 0f 6f d9 66 0f 6f e1 66 0f 6f 


Register to memory mapping:

EAX=0x00007a2a is an unknown value
EBX=0x00000008 is an unknown value
ECX=0x217ec060 is an unknown value
EDX=0x00007a2a is an unknown value
ESP=0x2151f330 is pointing into the stack for thread: 0x080bb400
EBP=0x217ec060 is an unknown value
ESI=0x00000160 is an unknown value
EDI=0x00000160 is an unknown value


Stack: [0x214d0000,0x21520000],  sp=0x2151f330,  free space=316k
Native frames: (J=compiled Java code, j=interpreted, Vv=VM code, C=native code)
C  [xuggle2736824875590614475.dll+0x532e69]

Java frames: (J=compiled Java code, j=interpreted, Vv=VM code)
j  com.xuggle.xuggler.XugglerJNI.IStreamCoder_decodeVideo(JLcom/xuggle/xuggler/IStreamCoder;JLcom/xuggle/xuggler/IVideoPicture;JLcom/xuggle/xuggler/IPacket;I)I+0
j  com.xuggle.xuggler.IStreamCoder.decodeVideo(Lcom/xuggle/xuggler/IVideoPicture;Lcom/xuggle/xuggler/IPacket;I)I+16
j  wideokomunikator.audiovideo.AudioVideo.decodeVideo(Lwideokomunikator/audiovideo/Packet;I)V+65
j  wideokomunikator.audiovideo.AudioVideo.access$1600(Lwideokomunikator/audiovideo/AudioVideo;Lwideokomunikator/audiovideo/Packet;I)V+3
j  wideokomunikator.audiovideo.AudioVideo$7.run()V+76
j  java.lang.Thread.run()V+11
v  ~StubRoutines::call_stub

---------------  P R O C E S S  ---------------

Java Threads: ( => current thread )
  0x080b9c00 JavaThread "Thread-28" [_thread_blocked, id=8852, stack(0x215f0000,0x21640000)]
  0x080bb800 JavaThread "Thread-27" [_thread_blocked, id=4812, stack(0x21560000,0x215b0000)]
=>0x080bb400 JavaThread "Thread-25" [_thread_in_native, id=9088, stack(0x214d0000,0x21520000)]
  0x080ba800 JavaThread "Thread-26" [_thread_blocked, id=7812, stack(0x21440000,0x21490000)]
  0x080ba000 JavaThread "Thread-17" [_thread_in_native, id=3640, stack(0x21320000,0x21370000)]
  0x08197000 JavaThread "Thread-16" [_thread_blocked, id=8988, stack(0x21290000,0x212e0000)]
  0x08196800 JavaThread "Thread-21" [_thread_blocked, id=8176, stack(0x21200000,0x21250000)]
  0x08196400 JavaThread "Thread-20" [_thread_blocked, id=7292, stack(0x21170000,0x211c0000)]
  0x08194400 JavaThread "Thread-19" [_thread_in_native, id=7324, stack(0x210e0000,0x21130000)]
  0x08195000 JavaThread "Thread-18" [_thread_in_native, id=4380, stack(0x21050000,0x210a0000)]
  0x08193c00 JavaThread "Java Sound Event Dispatcher" daemon [_thread_blocked, id=7720, stack(0x0c2b0000,0x0c300000)]
  0x08195c00 JavaThread "derby.rawStoreDaemon" daemon [_thread_blocked, id=8824, stack(0x0a5d0000,0x0a620000)]
  0x08197400 JavaThread "DRDAConnThread_2" daemon [_thread_in_native, id=7332, stack(0x0a440000,0x0a490000)]
  0x08195800 JavaThread "NetworkServerThread_1" daemon [_thread_in_native, id=1932, stack(0x0a2b0000,0x0a300000)]
  0x07f36c00 JavaThread "derby.NetworkServerStarter" daemon [_thread_blocked, id=7344, stack(0x0a220000,0x0a270000)]
  0x080fb000 JavaThread "Timer-0" daemon [_thread_blocked, id=5360, stack(0x0a090000,0x0a0e0000)]
  0x07f8a800 JavaThread "D3D Screen Updater" daemon [_thread_blocked, id=8428, stack(0x092d0000,0x09320000)]
  0x0031c800 JavaThread "DestroyJavaVM" [_thread_blocked, id=7948, stack(0x00bc0000,0x00c10000)]
  0x0516ac00 JavaThread "Thread-4" [_thread_in_native, id=4552, stack(0x087e0000,0x08830000)]
  0x0516a000 JavaThread "Thread-3" [_thread_blocked, id=7688, stack(0x08750000,0x087a0000)]
  0x0502c000 JavaThread "TimerQueue" daemon [_thread_blocked, id=8332, stack(0x07790000,0x077e0000)]
  0x0502b000 JavaThread "AWT-EventQueue-0" [_thread_blocked, id=4372, stack(0x07700000,0x07750000)]
  0x04fb9800 JavaThread "AWT-Windows" daemon [_thread_in_native, id=1300, stack(0x05830000,0x05880000)]
  0x04fb7c00 JavaThread "AWT-Shutdown" [_thread_blocked, id=8556, stack(0x057a0000,0x057f0000)]
  0x04fb7400 JavaThread "Java2D Disposer" daemon [_thread_blocked, id=7480, stack(0x05710000,0x05760000)]
  0x00fc3400 JavaThread "Service Thread" daemon [_thread_blocked, id=2332, stack(0x04d00000,0x04d50000)]
  0x00fca800 JavaThread "C1 CompilerThread0" daemon [_thread_blocked, id=7656, stack(0x04c70000,0x04cc0000)]
  0x00fc9800 JavaThread "Attach Listener" daemon [_thread_blocked, id=7692, stack(0x04be0000,0x04c30000)]
  0x00fc7800 JavaThread "Signal Dispatcher" daemon [_thread_blocked, id=4256, stack(0x012b0000,0x01300000)]
  0x00f96800 JavaThread "Finalizer" daemon [_thread_blocked, id=4272, stack(0x01220000,0x01270000)]
  0x00d0e800 JavaThread "Reference Handler" daemon [_thread_blocked, id=3176, stack(0x01190000,0x011e0000)]

Other Threads:
  0x00d0d000 VMThread [stack: 0x00ee0000,0x00f30000] [id=4708]
  0x00fe3800 WatcherThread [stack: 0x04d90000,0x04de0000] [id=2528]

VM state:at safepoint (normal execution)

VM Mutex/Monitor currently owned by a thread:  ([mutex/lock_event])
[0x0031af68] Threads_lock - owner thread: 0x00d0d000
[0x0031bb88] Heap_lock - owner thread: 0x080ba800

Heap:
 def new generation   total 78656K, used 69760K [0x0f200000, 0x14750000, 0x14750000)
  eden space 69952K, -2147483648% used [0x0f200000, 0x13620040, 0x13650000)
  from space 8704K,   0% used [0x13650000, 0x13650000, 0x13ed0000)
  to   space 8704K,  67% used [0x13ed0000, 0x144830e0, 0x14750000)
 tenured generation   total 174784K, used 120879K [0x14750000, 0x1f200000, 0x1f200000)
   the space 174784K,  69% used [0x14750000, 0x1bd5bd20, 0x1bd5be00, 0x1f200000)
 Metaspace       used 18542K, capacity 18709K, committed 18816K, reserved 18816K

Card table byte_map: [0x00e10000,0x00ea0000] byte_map_base: 0x00d97000

Polling page: 0x00300000

CodeCache: size=32768Kb used=1997Kb max_used=1997Kb free=30770Kb
 bounds [0x02780000, 0x02978000, 0x04780000]
 total_blobs=1295 nmethods=910 adapters=317
 compilation: enabled

Compilation events (10 events):
Event: 11.441 Thread 0x00fca800  923             java.nio.DirectByteBuffer::ix (10 bytes)
Event: 11.441 Thread 0x00fca800 nmethod 923 0x0296c988 code [0x0296ca80, 0x0296cb10]
Event: 11.442 Thread 0x00fca800  925             java.nio.DirectByteBuffer::get (15 bytes)
Event: 11.442 Thread 0x00fca800 nmethod 925 0x0296cb48 code [0x0296cc50, 0x0296cd3c]
Event: 11.442 Thread 0x00fca800  926 %           org.bytedeco.javacpp.helper.opencv_core$AbstractArray::flipCopyWithGamma @ 484 (608 bytes)
Event: 11.444 Thread 0x00fca800 nmethod 926% 0x0296ce08 code [0x0296d110, 0x0296e4e4]
Event: 11.527 Thread 0x00fca800  927             sun.nio.cs.UTF_8$Encoder::encodeArrayLoop (489 bytes)
Event: 11.529 Thread 0x00fca800 nmethod 927 0x0296f348 code [0x0296f690, 0x0297038c]
Event: 11.536 Thread 0x00fca800  928             org.bytedeco.javacpp.helper.opencv_core$AbstractArray::flipCopyWithGamma (608 bytes)
Event: 11.538 Thread 0x00fca800 nmethod 928 0x02971c08 code [0x02971ef0, 0x02972d84]

GC Heap History (10 events):
Event: 3.842 GC heap before
{Heap before GC invocations=25 (full 2):
 def new generation   total 69312K, used 64097K [0x0f200000, 0x13d30000, 0x14750000)
  eden space 61632K, 100% used [0x0f200000, 0x12e30000, 0x12e30000)
  from space 7680K,  32% used [0x135b0000, 0x13818798, 0x13d30000)
  to   space 7680K,   0% used [0x12e30000, 0x12e30000, 0x135b0000)
 tenured generation   total 153860K, used 116777K [0x14750000, 0x1dd91000, 0x1f200000)
   the space 153860K,  75% used [0x14750000, 0x1b95a528, 0x1b95a600, 0x1dd91000)
 Metaspace       used 8989K, capacity 9119K, committed 9216K, reserved 9600K
Event: 3.843 GC heap after
Heap after GC invocations=26 (full 2):
 def new generation   total 69312K, used 2469K [0x0f200000, 0x13d30000, 0x14750000)
  eden space 61632K,   0% used [0x0f200000, 0x0f200000, 0x12e30000)
  from space 7680K,  32% used [0x12e30000, 0x130994b8, 0x135b0000)
  to   space 7680K,   0% used [0x135b0000, 0x135b0000, 0x13d30000)
 tenured generation   total 153860K, used 116777K [0x14750000, 0x1dd91000, 0x1f200000)
   the space 153860K,  75% used [0x14750000, 0x1b95a528, 0x1b95a600, 0x1dd91000)
 Metaspace       used 8989K, capacity 9119K, committed 9216K, reserved 9600K
}
Event: 4.172 GC heap before
{Heap before GC invocations=26 (full 2):
 def new generation   total 69312K, used 64101K [0x0f200000, 0x13d30000, 0x14750000)
  eden space 61632K, 100% used [0x0f200000, 0x12e30000, 0x12e30000)
  from space 7680K,  32% used [0x12e30000, 0x130994b8, 0x135b0000)
  to   space 7680K,   0% used [0x135b0000, 0x135b0000, 0x13d30000)
 tenured generation   total 153860K, used 116777K [0x14750000, 0x1dd91000, 0x1f200000)
   the space 153860K,  75% used [0x14750000, 0x1b95a528, 0x1b95a600, 0x1dd91000)
 Metaspace       used 8989K, capacity 9119K, committed 9216K, reserved 9600K
Event: 4.173 GC heap after
Heap after GC invocations=27 (full 2):
 def new generation   total 69312K, used 2469K [0x0f200000, 0x13d30000, 0x14750000)
  eden space 61632K,   0% used [0x0f200000, 0x0f200000, 0x12e30000)
  from space 7680K,  32% used [0x135b0000, 0x13819688, 0x13d30000)
  to   space 7680K,   0% used [0x12e30000, 0x12e30000, 0x135b0000)
 tenured generation   total 153860K, used 116777K [0x14750000, 0x1dd91000, 0x1f200000)
   the space 153860K,  75% used [0x14750000, 0x1b95a528, 0x1b95a600, 0x1dd91000)
 Metaspace       used 8989K, capacity 9119K, committed 9216K, reserved 9600K
}
Event: 4.499 GC heap before
{Heap before GC invocations=27 (full 2):
 def new generation   total 69312K, used 64101K [0x0f200000, 0x13d30000, 0x14750000)
  eden space 61632K, 100% used [0x0f200000, 0x12e30000, 0x12e30000)
  from space 7680K,  32% used [0x135b0000, 0x13819688, 0x13d30000)
  to   space 7680K,   0% used [0x12e30000, 0x12e30000, 0x135b0000)
 tenured generation   total 153860K, used 116777K [0x14750000, 0x1dd91000, 0x1f200000)
   the space 153860K,  75% used [0x14750000, 0x1b95a528, 0x1b95a600, 0x1dd91000)
 Metaspace       used 8989K, capacity 9119K, committed 9216K, reserved 9600K
Event: 4.501 GC heap after
Heap after GC invocations=28 (full 2):
 def new generation   total 69312K, used 2469K [0x0f200000, 0x13d30000, 0x14750000)
  eden space 61632K,   0% used [0x0f200000, 0x0f200000, 0x12e30000)
  from space 7680K,  32% used [0x12e30000, 0x13099688, 0x135b0000)
  to   space 7680K,   0% used [0x135b0000, 0x135b0000, 0x13d30000)
 tenured generation   total 153860K, used 116777K [0x14750000, 0x1dd91000, 0x1f200000)
   the space 153860K,  75% used [0x14750000, 0x1b95a528, 0x1b95a600, 0x1dd91000)
 Metaspace       used 8989K, capacity 9119K, committed 9216K, reserved 9600K
}
Event: 6.055 GC heap before
{Heap before GC invocations=28 (full 2):
 def new generation   total 69312K, used 64101K [0x0f200000, 0x13d30000, 0x14750000)
  eden space 61632K, 100% used [0x0f200000, 0x12e30000, 0x12e30000)
  from space 7680K,  32% used [0x12e30000, 0x13099688, 0x135b0000)
  to   space 7680K,   0% used [0x135b0000, 0x135b0000, 0x13d30000)
 tenured generation   total 153860K, used 116777K [0x14750000, 0x1dd91000, 0x1f200000)
   the space 153860K,  75% used [0x14750000, 0x1b95a528, 0x1b95a600, 0x1dd91000)
 Metaspace       used 12330K, capacity 12494K, committed 12544K, reserved 12672K
Event: 6.060 GC heap after
Heap after GC invocations=29 (full 2):
 def new generation   total 69312K, used 3005K [0x0f200000, 0x13d30000, 0x14750000)
  eden space 61632K,   0% used [0x0f200000, 0x0f200000, 0x12e30000)
  from space 7680K,  39% used [0x135b0000, 0x1389f538, 0x13d30000)
  to   space 7680K,   0% used [0x12e30000, 0x12e30000, 0x135b0000)
 tenured generation   total 153860K, used 116777K [0x14750000, 0x1dd91000, 0x1f200000)
   the space 153860K,  75% used [0x14750000, 0x1b95a528, 0x1b95a600, 0x1dd91000)
 Metaspace       used 12330K, capacity 12494K, committed 12544K, reserved 12672K
}
Event: 6.361 GC heap before
{Heap before GC invocations=29 (full 2):
 def new generation   total 69312K, used 22344K [0x0f200000, 0x13d30000, 0x14750000)
  eden space 61632K,  31% used [0x0f200000, 0x104e2e40, 0x12e30000)
  from space 7680K,  39% used [0x135b0000, 0x1389f538, 0x13d30000)
  to   space 7680K,   0% used [0x12e30000, 0x12e30000, 0x135b0000)
 tenured generation   total 153860K, used 116777K [0x14750000, 0x1dd91000, 0x1f200000)
   the space 153860K,  75% used [0x14750000, 0x1b95a528, 0x1b95a600, 0x1dd91000)
 Metaspace       used 14927K, capacity 15086K, committed 15148K, reserved 15744K
Event: 6.382 GC heap after
Heap after GC invocations=30 (full 3):
 def new generation   total 78656K, used 0K [0x0f200000, 0x14750000, 0x14750000)
  eden space 69952K,   0% used [0x0f200000, 0x0f200000, 0x13650000)
  from space 8704K,   0% used [0x13650000, 0x13650000, 0x13ed0000)
  to   space 8704K,   0% used [0x13ed0000, 0x13ed0000, 0x14750000)
 tenured generation   total 174784K, used 120879K [0x14750000, 0x1f200000, 0x1f200000)
   the space 174784K,  69% used [0x14750000, 0x1bd5bd20, 0x1bd5be00, 0x1f200000)
 Metaspace       used 14927K, capacity 15086K, committed 15148K, reserved 15744K
}

Deoptimization events (0 events):
No events

Internal exceptions (10 events):
Event: 11.404 Thread 0x080bac00 Exception <a 'java/security/PrivilegedActionException'> (0x116defa8) thrown at [C:\re\workspace\8-2-build-windows-i586-cygwin\jdk8u31\2394\hotspot\src\share\vm\prims\jvm.cpp, line 1312]
Event: 11.451 Thread 0x080ba000 Exception <a 'java/security/PrivilegedActionException'> (0x11639ba0) thrown at [C:\re\workspace\8-2-build-windows-i586-cygwin\jdk8u31\2394\hotspot\src\share\vm\prims\jvm.cpp, line 1312]
Event: 11.452 Thread 0x080ba000 Exception <a 'java/security/PrivilegedActionException'> (0x11644ec8) thrown at [C:\re\workspace\8-2-build-windows-i586-cygwin\jdk8u31\2394\hotspot\src\share\vm\prims\jvm.cpp, line 1312]
Event: 11.452 Thread 0x080ba000 Exception <a 'java/security/PrivilegedActionException'> (0x1164d100) thrown at [C:\re\workspace\8-2-build-windows-i586-cygwin\jdk8u31\2394\hotspot\src\share\vm\prims\jvm.cpp, line 1312]
Event: 11.453 Thread 0x080ba000 Exception <a 'java/security/PrivilegedActionException'> (0x116570a0) thrown at [C:\re\workspace\8-2-build-windows-i586-cygwin\jdk8u31\2394\hotspot\src\share\vm\prims\jvm.cpp, line 1312]
Event: 11.453 Thread 0x080ba000 Exception <a 'java/security/PrivilegedActionException'> (0x118daa00) thrown at [C:\re\workspace\8-2-build-windows-i586-cygwin\jdk8u31\2394\hotspot\src\share\vm\prims\jvm.cpp, line 1312]
Event: 11.453 Thread 0x080ba000 Exception <a 'java/security/PrivilegedActionException'> (0x118e17a0) thrown at [C:\re\workspace\8-2-build-windows-i586-cygwin\jdk8u31\2394\hotspot\src\share\vm\prims\jvm.cpp, line 1312]
Event: 11.454 Thread 0x080ba000 Exception <a 'java/security/PrivilegedActionException'> (0x118e9b18) thrown at [C:\re\workspace\8-2-build-windows-i586-cygwin\jdk8u31\2394\hotspot\src\share\vm\prims\jvm.cpp, line 1312]
Event: 11.454 Thread 0x080ba000 Exception <a 'java/security/PrivilegedActionException'> (0x118f16f0) thrown at [C:\re\workspace\8-2-build-windows-i586-cygwin\jdk8u31\2394\hotspot\src\share\vm\prims\jvm.cpp, line 1312]
Event: 11.455 Thread 0x080ba000 Exception <a 'java/security/PrivilegedActionException'> (0x118ff5d0) thrown at [C:\re\workspace\8-2-build-windows-i586-cygwin\jdk8u31\2394\hotspot\src\share\vm\prims\jvm.cpp, line 1312]

Events (10 events):
Event: 12.215 Executing VM operation: RevokeBias done
Event: 12.215 Thread 0x080bac00 Thread exited: 0x080bac00
Event: 12.235 Thread 0x080b8000 Thread added: 0x080b8000
Event: 12.235 Executing VM operation: RevokeBias
Event: 12.235 Executing VM operation: RevokeBias done
Event: 12.235 Thread 0x080b8000 Thread exited: 0x080b8000
Event: 12.255 Thread 0x080b9400 Thread added: 0x080b9400
Event: 12.255 Executing VM operation: RevokeBias
Event: 12.255 Executing VM operation: RevokeBias done
Event: 12.255 Thread 0x080b9400 Thread exited: 0x080b9400


Dynamic libraries:
0x01350000 - 0x01380000 	C:\Program Files (x86)\Java\jdk1.8.0_31\bin\java.exe
0x77750000 - 0x778be000 	C:\Windows\SYSTEM32\ntdll.dll
0x75260000 - 0x753a0000 	C:\Windows\SYSTEM32\KERNEL32.DLL
0x75a10000 - 0x75ae7000 	C:\Windows\SYSTEM32\KERNELBASE.dll
0x6c1a0000 - 0x6c240000 	C:\Windows\system32\apphelp.dll
0x78fb0000 - 0x79215000 	C:\Windows\AppPatch\AcGenral.DLL
0x75860000 - 0x75923000 	C:\Windows\SYSTEM32\msvcrt.dll
0x77260000 - 0x772a1000 	C:\Windows\SYSTEM32\sechost.dll
0x74f50000 - 0x74f6e000 	C:\Windows\SYSTEM32\SspiCli.dll
0x77010000 - 0x77055000 	C:\Windows\SYSTEM32\SHLWAPI.dll
0x72120000 - 0x7220d000 	C:\Windows\SYSTEM32\UxTheme.dll
0x75100000 - 0x75253000 	C:\Windows\SYSTEM32\USER32.dll
0x774d0000 - 0x775de000 	C:\Windows\SYSTEM32\GDI32.dll
0x6d460000 - 0x6d483000 	C:\Windows\SYSTEM32\WINMM.dll
0x6cf00000 - 0x6cf13000 	C:\Windows\SYSTEM32\samcli.dll
0x773a0000 - 0x774c8000 	C:\Windows\SYSTEM32\ole32.dll
0x75cb0000 - 0x75d45000 	C:\Windows\SYSTEM32\OLEAUT32.dll
0x684b0000 - 0x684c7000 	C:\Windows\SYSTEM32\MSACM32.dll
0x74df0000 - 0x74df8000 	C:\Windows\SYSTEM32\VERSION.dll
0x75d60000 - 0x7700c000 	C:\Windows\SYSTEM32\SHELL32.dll
0x73160000 - 0x7317b000 	C:\Windows\SYSTEM32\USERENV.dll
0x6d330000 - 0x6d34a000 	C:\Windows\SYSTEM32\dwmapi.dll
0x6cfa0000 - 0x6d0ea000 	C:\Windows\SYSTEM32\urlmon.dll
0x75930000 - 0x759ac000 	C:\Windows\SYSTEM32\ADVAPI32.dll
0x6d600000 - 0x6d665000 	C:\Windows\SYSTEM32\WINSPOOL.DRV
0x6cf50000 - 0x6cf66000 	C:\Windows\SYSTEM32\MPR.dll
0x772e0000 - 0x7739a000 	C:\Windows\SYSTEM32\RPCRT4.dll
0x74f40000 - 0x74f4a000 	C:\Windows\SYSTEM32\CRYPTBASE.dll
0x75520000 - 0x7569d000 	C:\Windows\SYSTEM32\combase.dll
0x6d430000 - 0x6d453000 	C:\Windows\SYSTEM32\WINMMBASE.dll
0x71db0000 - 0x71dbf000 	C:\Windows\SYSTEM32\profapi.dll
0x71b30000 - 0x71d62000 	C:\Windows\SYSTEM32\iertutil.dll
0x71e50000 - 0x72025000 	C:\Windows\SYSTEM32\WININET.dll
0x74ee0000 - 0x74f34000 	C:\Windows\SYSTEM32\bcryptPrimitives.dll
0x77220000 - 0x7725c000 	C:\Windows\SYSTEM32\cfgmgr32.dll
0x6d400000 - 0x6d421000 	C:\Windows\SYSTEM32\DEVOBJ.dll
0x73480000 - 0x7350b000 	C:\Windows\SYSTEM32\SHCORE.DLL
0x75c80000 - 0x75ca7000 	C:\Windows\system32\IMM32.DLL
0x753a0000 - 0x754b3000 	C:\Windows\SYSTEM32\MSCTF.dll
0x74e00000 - 0x74e2e000 	C:\Windows\SYSTEM32\nvinit.dll
0x0f000000 - 0x0f006000 	C:\Program Files (x86)\NVIDIA Corporation\CoProcManager\_etoured.dll
0x6b660000 - 0x6b68b000 	C:\Program Files (x86)\NVIDIA Corporation\CoProcManager\nvd3d9wrap.dll
0x756a0000 - 0x75851000 	C:\Windows\SYSTEM32\SETUPAPI.dll
0x6b640000 - 0x6b65f000 	C:\Program Files (x86)\NVIDIA Corporation\CoProcManager\nvdxgiwrap.dll
0x72f40000 - 0x73146000 	C:\Windows\WinSxS\x86_microsoft.windows.common-controls_6595b64144ccf1df_6.0.9600.17415_none_a9ed7f470139b3c1\COMCTL32.dll
0x6be80000 - 0x6befd000 	C:\Program Files (x86)\AVG\AVG2015\avghookx.dll
0x77970000 - 0x77a2f000 	C:\Program Files (x86)\Java\jdk1.8.0_31\jre\bin\msvcr100.dll
0x6c510000 - 0x6c8b4000 	C:\Program Files (x86)\Java\jdk1.8.0_31\jre\bin\client\jvm.dll
0x6d0f0000 - 0x6d0f8000 	C:\Windows\SYSTEM32\WSOCK32.dll
0x75d50000 - 0x75d56000 	C:\Windows\SYSTEM32\PSAPI.DLL
0x77060000 - 0x770b0000 	C:\Windows\SYSTEM32\WS2_32.dll
0x772b0000 - 0x772b7000 	C:\Windows\SYSTEM32\NSI.dll
0x67030000 - 0x6703c000 	C:\Program Files (x86)\Java\jdk1.8.0_31\jre\bin\verify.dll
0x5f030000 - 0x5f051000 	C:\Program Files (x86)\Java\jdk1.8.0_31\jre\bin\java.dll
0x60320000 - 0x60333000 	C:\Program Files (x86)\Java\jdk1.8.0_31\jre\bin\zip.dll
0x6cd60000 - 0x6cea6000 	C:\Program Files (x86)\Java\jdk1.8.0_31\jre\bin\awt.dll
0x74de0000 - 0x74de9000 	C:\Windows\SYSTEM32\kernel.appcore.dll
0x61e70000 - 0x62043000 	C:\Windows\system32\d3d9.dll
0x69940000 - 0x69a1e000 	C:\Windows\SYSTEM32\nvumdshim.dll
0x5d690000 - 0x5ed6e000 	C:\Windows\system32\igdumdim32.dll
0x67070000 - 0x678e8000 	C:\Windows\SYSTEM32\igdusc32.dll
0x51480000 - 0x514b9000 	C:\Program Files (x86)\Java\jdk1.8.0_31\jre\bin\fontmanager.dll
0x5ffb0000 - 0x5ffc5000 	C:\Program Files (x86)\Java\jdk1.8.0_31\jre\bin\net.dll
0x6d1c0000 - 0x6d20b000 	C:\Windows\system32\mswsock.dll
0x67020000 - 0x6702f000 	C:\Program Files (x86)\Java\jdk1.8.0_31\jre\bin\nio.dll
0x51450000 - 0x51480000 	C:\Program Files (x86)\Java\jdk1.8.0_31\jre\bin\t2k.dll
0x51430000 - 0x51450000 	C:\Program Files (x86)\Java\jdk1.8.0_31\jre\bin\sunec.dll
0x66970000 - 0x66979000 	C:\Program Files (x86)\Java\jdk1.8.0_31\jre\bin\sunmscapi.dll
0x74f70000 - 0x750f8000 	C:\Windows\SYSTEM32\CRYPT32.dll
0x75af0000 - 0x75afe000 	C:\Windows\SYSTEM32\MSASN1.dll
0x6f340000 - 0x6f359000 	C:\Windows\SYSTEM32\CRYPTSP.dll
0x6f310000 - 0x6f340000 	C:\Windows\system32\rsaenh.dll
0x6f040000 - 0x6f05e000 	C:\Windows\SYSTEM32\bcrypt.dll
0x732c0000 - 0x732e0000 	C:\Windows\SYSTEM32\IPHLPAPI.DLL
0x71e40000 - 0x71e48000 	C:\Windows\SYSTEM32\WINNSI.DLL
0x75bf0000 - 0x75c7d000 	C:\Windows\SYSTEM32\clbcatq.dll
0x6ac00000 - 0x6ac13000 	C:\Windows\SYSTEM32\dhcpcsvc6.DLL
0x6bf30000 - 0x6bf44000 	C:\Windows\SYSTEM32\dhcpcsvc.DLL
0x6bfb0000 - 0x6bfc1000 	C:\Windows\system32\napinsp.dll
0x6bf90000 - 0x6bfa6000 	C:\Windows\system32\pnrpnsp.dll
0x6bf70000 - 0x6bf84000 	C:\Windows\system32\NLAapi.dll
0x6c2e0000 - 0x6c35e000 	C:\Windows\SYSTEM32\DNSAPI.dll
0x6bf60000 - 0x6bf6a000 	C:\Windows\System32\winrnr.dll
0x6bf50000 - 0x6bf60000 	C:\Windows\system32\wshbth.dll
0x6c2b0000 - 0x6c2d1000 	C:\Program Files (x86)\Bonjour\mdnsNSP.dll
0x6c2a0000 - 0x6c2a8000 	C:\Windows\System32\rasadhlp.dll
0x6c250000 - 0x6c296000 	C:\Windows\System32\fwpuclnt.dll
0x511e0000 - 0x51205000 	C:\Program Files (x86)\Java\jdk1.8.0_31\jre\bin\jpeg.dll
0x59010000 - 0x5917b000 	C:\Windows\SYSTEM32\WindowsCodecs.dll
0x5f020000 - 0x5f02a000 	C:\Program Files (x86)\Java\jdk1.8.0_31\jre\bin\management.dll
0x0ac30000 - 0x0c1ff000 	C:\Users\Piotr\AppData\Local\Temp\xuggle\xuggle2736824875590614475.dll
0x511c0000 - 0x511d4000 	C:\Windows\SYSTEM32\AVICAP32.DLL
0x50050000 - 0x50073000 	C:\Windows\SYSTEM32\MSVFW32.dll
0x57fc0000 - 0x57fca000 	C:\Program Files (x86)\Java\jdk1.8.0_31\jre\bin\jsound.dll
0x51420000 - 0x51429000 	C:\Program Files (x86)\Java\jdk1.8.0_31\jre\bin\jsoundds.dll
0x605e0000 - 0x60661000 	C:\Windows\SYSTEM32\DSOUND.dll
0x6bcd0000 - 0x6bd10000 	C:\Windows\SYSTEM32\POWRPROF.dll
0x645f0000 - 0x64643000 	C:\Windows\SYSTEM32\MMDevAPI.DLL
0x60050000 - 0x60086000 	C:\Windows\SYSTEM32\wdmaud.drv
0x6c060000 - 0x6c067000 	C:\Windows\SYSTEM32\ksuser.dll
0x73470000 - 0x7347a000 	C:\Windows\SYSTEM32\AVRT.dll
0x64650000 - 0x646b0000 	C:\Windows\SYSTEM32\AUDIOSES.DLL
0x6ac90000 - 0x6ac99000 	C:\Windows\SYSTEM32\msacm32.drv
0x6ac80000 - 0x6ac88000 	C:\Windows\SYSTEM32\midimap.dll
0x78a30000 - 0x78aee000 	C:\Users\Piotr\AppData\Local\Temp\javacpp39035661939395\msvcr100.dll
0x77900000 - 0x77969000 	C:\Users\Piotr\AppData\Local\Temp\javacpp39035661939395\msvcp100.dll
0x0d980000 - 0x0db86000 	C:\Users\Piotr\AppData\Local\Temp\javacpp39035661939395\opencv_core249.dll
0x0d790000 - 0x0d8d8000 	C:\Users\Piotr\AppData\Local\Temp\javacpp39035661939395\jniopencv_core.dll
0x0db90000 - 0x0ddfd000 	C:\Users\Piotr\AppData\Local\Temp\javacpp39035661939395\opencv_imgproc249.dll
0x0d8f0000 - 0x0d970000 	C:\Users\Piotr\AppData\Local\Temp\javacpp39035661939395\jniopencv_imgproc.dll
0x0de00000 - 0x0ed36000 	C:\Users\Piotr\AppData\Local\Temp\javacpp39035661939395\opencv_ffmpeg249.dll
0x0ed40000 - 0x0ef47000 	C:\Users\Piotr\AppData\Local\Temp\javacpp39035661939395\opencv_highgui249.dll
0x50030000 - 0x5004a000 	C:\Windows\SYSTEM32\AVIFIL32.dll
0x778c0000 - 0x778fc000 	C:\Users\Piotr\AppData\Local\Temp\javacpp39035661939395\jniopencv_highgui.dll
0x6c070000 - 0x6c084000 	C:\Windows\SYSTEM32\devenum.dll
0x71380000 - 0x713a8000 	C:\Windows\SYSTEM32\ntmarta.dll
0x75bb0000 - 0x75bed000 	C:\Windows\SYSTEM32\WINTRUST.dll
0x6c0d0000 - 0x6c0db000 	C:\Windows\SYSTEM32\msdmo.dll
0x0ef60000 - 0x0ef91000 	C:\Windows\SYSTEM32\qcap.dll
0x349d0000 - 0x34b6f000 	C:\Windows\SYSTEM32\quartz.dll
0x6c090000 - 0x6c0d0000 	C:\Windows\SYSTEM32\ksproxy.ax
0x6c050000 - 0x6c05c000 	C:\Windows\SYSTEM32\vidcap.ax
0x6c030000 - 0x6c04f000 	C:\Windows\SYSTEM32\kswdmcap.ax
0x5ef10000 - 0x5f014000 	C:\Windows\SYSTEM32\MFC42.dll
0x5ee60000 - 0x5ef09000 	C:\Windows\SYSTEM32\ODBC32.dll
0x0f150000 - 0x0f1de000 	C:\Windows\SYSTEM32\qedit.dll
0x75b10000 - 0x75bab000 	C:\Windows\SYSTEM32\COMDLG32.dll
0x6d490000 - 0x6d600000 	C:\Windows\WinSxS\x86_microsoft.windows.gdiplus_6595b64144ccf1df_1.1.9600.17415_none_dad8722c5bcc2d8f\gdiplus.dll

VM Arguments:
jvm_args: -Dfile.encoding=UTF-8 
java_command: wideokomunikator.main
java_class_path (initial): D:\Programowanie\javacv\javacv-bin\ffmpeg.jar;D:\Programowanie\javacv\javacv-bin\javacpp.jar;D:\Programowanie\javacv\javacv-bin\javacv.jar;D:\Programowanie\javacv\javacv-bin\opencv.jar;C:\Program Files\Java\jdk1.8.0_05\db\lib\derby.jar;C:\Program Files\Java\jdk1.8.0_05\db\lib\derbyclient.jar;C:\Program Files\Java\jdk1.8.0_05\db\lib\derbytools.jar;C:\Program Files\Java\jdk1.8.0_05\db\lib\derbynet.jar;D:\Programowanie\xuggle-xuggler-5.4.jar;D:\Programowanie\slf4j-simple-1.7.10.jar;D:\Programowanie\slf4j-api-1.7.10.jar;D:\Programowanie\javacv\javacv-bin\opencv-linux-x86.jar;D:\Programowanie\javacv\javacv-bin\opencv-linux-x86_64.jar;D:\Programowanie\javacv\javacv-bin\opencv-macosx-x86_64.jar;D:\Programowanie\javacv\javacv-bin\opencv-windows-x86.jar;D:\Programowanie\javacv\javacv-bin\opencv-windows-x86_64.jar;C:\Users\Piotr\Documents\NetBeansProjects\Wideokomunikator\build\classes
Launcher Type: SUN_STANDARD

Environment Variables:
JAVA_HOME=C:\Program Files\Java\jdk1.8.0_05
CLASSPATH=.;C:\PROGRA~2\JMF2.1.1e\lib\sound.jar;C:\PROGRA~2\JMF2.1.1e\lib\jmf.jar;C:\PROGRA~2\JMF2.1.1e\lib;.;.;.;c:\PROGRA~2\java\JMF21~1.1E\lib\sound.jar;c:\PROGRA~2\java\JMF21~1.1E\lib\jmf.jar;c:\PROGRA~2\java\JMF21~1.1E\lib;
PATH=C:\Program Files (x86)\NVIDIA Corporation\PhysX\Common;C:\ProgramData\Oracle\Java\javapath;C:\Python34\;C:\Python34\Scripts;C:\Program Files (x86)\Intel\iCLS Client\;C:\Program Files\Intel\iCLS Client\;C:\Windows\system32;C:\Windows;C:\Windows\System32\Wbem;C:\Windows\System32\WindowsPowerShell\v1.0\;C:\Program Files\Intel\Intel(R) Management Engine Components\DAL;C:\Program Files\Intel\Intel(R) Management Engine Components\IPT;C:\Program Files (x86)\Intel\Intel(R) Management Engine Components\DAL;C:\Program Files (x86)\Intel\Intel(R) Management Engine Components\IPT;C:\Program Files\nodejs\;C:\Windows\Microsoft.NET\Framework\v4.0.30319;C:\Program Files\Microsoft SQL Server\110\Tools\Binn\;C:\Program Files\Java\jdk1.8.0_05\bin;C:\Program Files\apache-ant-1.9.4\bin;C:\Program Files (x86)\QuickTime\QTSystem\;c:\PROGRA~2\java\JMF21~1.1E\lib;C:\Users\Piotr\AppData\Roaming\npm;C:\Program Files (x86)\Bitvise SSH Client;C:\Program Files\Java\jdk1.8.0_05\bin
USERNAME=Piotr
OS=Windows_NT
PROCESSOR_IDENTIFIER=Intel64 Family 6 Model 60 Stepping 3, GenuineIntel



---------------  S Y S T E M  ---------------

OS: Windows 8.1 , 64 bit Build 9600 

CPU:total 8 (4 cores per cpu, 2 threads per core) family 6 model 60 stepping 3, cmov, cx8, fxsr, mmx, sse, sse2, sse3, ssse3, sse4.1, sse4.2, popcnt, avx, avx2, aes, clmul, erms, lzcnt, ht, tsc, tscinvbit, bmi1, bmi2

Memory: 4k page, physical 15910992k(10382628k free), swap 36390992k(29047128k free)

vm_info: Java HotSpot(TM) Client VM (25.31-b07) for windows-x86 JRE (1.8.0_31-b13), built on Dec 17 2014 20:46:12 by "java_re" with MS VC++ 10.0 (VS2010)

time: Wed Mar 04 18:39:38 2015
elapsed time: 12 seconds (0d 0h 0m 12s)

