#
# A fatal error has been detected by the Java Runtime Environment:
#
#  EXCEPTION_ACCESS_VIOLATION (0xc0000005) at pc=0x0abd119a, pid=8348, tid=8328
#
# JRE version: Java(TM) SE Runtime Environment (8.0_31-b13) (build 1.8.0_31-b13)
# Java VM: Java HotSpot(TM) Client VM (25.31-b07 mixed mode windows-x86 )
# Problematic frame:
# C  [xuggle225645994894831762.dll+0x30119a]
#
# Failed to write core dump. Minidumps are not enabled by default on client versions of Windows
#
# If you would like to submit a bug report, please visit:
#   http://bugreport.java.com/bugreport/crash.jsp
# The crash happened outside the Java Virtual Machine in native code.
# See problematic frame for where to report the bug.
#

---------------  T H R E A D  ---------------

Current thread (0x088d3000):  JavaThread "Thread-26" [_thread_in_native, id=8328, stack(0x21a80000,0x21ad0000)]

siginfo: ExceptionCode=0xc0000005, reading address 0xc394e426

Registers:
EAX=0x00000000, EBX=0x21acedc8, ECX=0x00000000, EDX=0xc394e426
ESP=0x21aceb40, EBP=0xc394e426, ESI=0x41444ef4, EDI=0x207246e0
EIP=0x0abd119a, EFLAGS=0x00010246

Top of Stack: (sp=0x21aceb40)
0x21aceb40:   027803b2 21acf200 0c8481b0 21aced00
0x21aceb50:   21acebcc 6c546b85 0c8481b0 00000000
0x21aceb60:   21aced48 088d3000 6c547451 088d3000
0x21aceb70:   084e93a8 21aced48 088d3000 084f4cc8
0x21aceb80:   04819f88 10f4b568 21acf200 0278be21
0x21aceb90:   21acf250 21aced48 088d3000 084e9488
0x21aceba0:   08334900 08334910 083349f4 000000ec
0x21acebb0:   20724aa0 04819f88 088d3000 0000000a 

Instructions: (pc=0x0abd119a)
0x0abd117a:   00 89 84 24 80 00 00 00 89 5c 24 70 8b 9c 24 60
0x0abd118a:   02 00 00 8b 4b 08 8b 13 89 c8 83 e1 07 c1 e8 03
0x0abd119a:   8b 04 02 0f c8 d3 e0 c1 e8 f4 3d ff 0f 00 00 0f
0x0abd11aa:   84 bf 12 00 00 8b 5c 24 70 c7 84 24 90 00 00 00 


Register to memory mapping:

EAX=0x00000000 is an unknown value
EBX=0x21acedc8 is pointing into the stack for thread: 0x088d3000
ECX=0x00000000 is an unknown value
EDX=0xc394e426 is an unknown value
ESP=0x21aceb40 is pointing into the stack for thread: 0x088d3000
EBP=0xc394e426 is an unknown value
ESI=0x41444ef4 is an unknown value
EDI=0x207246e0 is an unknown value


Stack: [0x21a80000,0x21ad0000],  sp=0x21aceb40,  free space=314k
Native frames: (J=compiled Java code, j=interpreted, Vv=VM code, C=native code)
C  [xuggle225645994894831762.dll+0x30119a]

Java frames: (J=compiled Java code, j=interpreted, Vv=VM code)
j  com.xuggle.xuggler.XugglerJNI.IStreamCoder_decodeAudio(JLcom/xuggle/xuggler/IStreamCoder;JLcom/xuggle/xuggler/IAudioSamples;JLcom/xuggle/xuggler/IPacket;I)I+0
j  com.xuggle.xuggler.IStreamCoder.decodeAudio(Lcom/xuggle/xuggler/IAudioSamples;Lcom/xuggle/xuggler/IPacket;I)I+16
j  wideokomunikator.audiovideo.AudioVideo.decodeAudio(Lwideokomunikator/audiovideo/Packet;I)V+79
j  wideokomunikator.audiovideo.AudioVideo.access$1800(Lwideokomunikator/audiovideo/AudioVideo;Lwideokomunikator/audiovideo/Packet;I)V+3
j  wideokomunikator.audiovideo.AudioVideo$8.run()V+76
j  java.lang.Thread.run()V+11
v  ~StubRoutines::call_stub

---------------  P R O C E S S  ---------------

Java Threads: ( => current thread )
  0x088d1000 JavaThread "Thread-27" [_thread_blocked, id=9052, stack(0x210d0000,0x21120000)]
=>0x088d3000 JavaThread "Thread-26" [_thread_in_native, id=8328, stack(0x21a80000,0x21ad0000)]
  0x088d2400 JavaThread "Thread-25" [_thread_blocked, id=4824, stack(0x219f0000,0x21a40000)]
  0x08366400 JavaThread "Thread-16" [_thread_in_native, id=6940, stack(0x21040000,0x21090000)]
  0x08366c00 JavaThread "Thread-21" [_thread_blocked, id=7732, stack(0x20fb0000,0x21000000)]
  0x08366000 JavaThread "Thread-20" [_thread_blocked, id=7360, stack(0x20f20000,0x20f70000)]
  0x08365800 JavaThread "Thread-19" [_thread_in_native, id=7756, stack(0x20e90000,0x20ee0000)]
  0x08365000 JavaThread "Thread-18" [_thread_in_native, id=8372, stack(0x20e00000,0x20e50000)]
  0x08368400 JavaThread "Java Sound Event Dispatcher" daemon [_thread_blocked, id=4468, stack(0x0bfb0000,0x0c000000)]
  0x08367c00 JavaThread "derby.rawStoreDaemon" daemon [_thread_blocked, id=8964, stack(0x0a270000,0x0a2c0000)]
  0x08368800 JavaThread "DRDAConnThread_2" daemon [_thread_in_native, id=4688, stack(0x0a0e0000,0x0a130000)]
  0x08367000 JavaThread "NetworkServerThread_1" daemon [_thread_in_native, id=3064, stack(0x09f50000,0x09fa0000)]
  0x0845c800 JavaThread "derby.NetworkServerStarter" daemon [_thread_blocked, id=3872, stack(0x09ec0000,0x09f10000)]
  0x08312400 JavaThread "Timer-0" daemon [_thread_blocked, id=3300, stack(0x09d30000,0x09d80000)]
  0x0824cc00 JavaThread "D3D Screen Updater" daemon [_thread_blocked, id=9104, stack(0x08f70000,0x08fc0000)]
  0x010ac800 JavaThread "DestroyJavaVM" [_thread_blocked, id=7988, stack(0x01000000,0x01050000)]
  0x055b5c00 JavaThread "Thread-4" [_thread_in_native, id=3344, stack(0x074c0000,0x07510000)]
  0x055b5000 JavaThread "Thread-3" [_thread_blocked, id=1096, stack(0x07430000,0x07480000)]
  0x05497800 JavaThread "TimerQueue" daemon [_thread_blocked, id=4328, stack(0x07bf0000,0x07c40000)]
  0x05462c00 JavaThread "AWT-EventQueue-0" [_thread_blocked, id=8556, stack(0x07b60000,0x07bb0000)]
  0x053ee800 JavaThread "AWT-Windows" daemon [_thread_in_native, id=9136, stack(0x05c70000,0x05cc0000)]
  0x053ed400 JavaThread "AWT-Shutdown" [_thread_blocked, id=4448, stack(0x05be0000,0x05c30000)]
  0x053ec800 JavaThread "Java2D Disposer" daemon [_thread_blocked, id=8176, stack(0x05b50000,0x05ba0000)]
  0x04c63400 JavaThread "Service Thread" daemon [_thread_blocked, id=1228, stack(0x05140000,0x05190000)]
  0x04c6a800 JavaThread "C1 CompilerThread0" daemon [_thread_blocked, id=120, stack(0x050b0000,0x05100000)]
  0x04c69800 JavaThread "Attach Listener" daemon [_thread_blocked, id=7596, stack(0x05020000,0x05070000)]
  0x04c67800 JavaThread "Signal Dispatcher" daemon [_thread_blocked, id=4288, stack(0x04f90000,0x04fe0000)]
  0x04c36800 JavaThread "Finalizer" daemon [_thread_blocked, id=6032, stack(0x04f00000,0x04f50000)]
  0x011ae800 JavaThread "Reference Handler" daemon [_thread_blocked, id=3560, stack(0x04e70000,0x04ec0000)]

Other Threads:
  0x011ad000 VMThread [stack: 0x04be0000,0x04c30000] [id=6116]
  0x04c83800 WatcherThread [stack: 0x051d0000,0x05220000] [id=6248]

VM state:not at safepoint (normal execution)

VM Mutex/Monitor currently owned by a thread: None

Heap:
 def new generation   total 78656K, used 47934K [0x0f200000, 0x14750000, 0x14750000)
  eden space 69952K,  56% used [0x0f200000, 0x1184fac0, 0x13650000)
  from space 8704K, 100% used [0x13ed0000, 0x14750000, 0x14750000)
  to   space 8704K,   0% used [0x13650000, 0x13650000, 0x13ed0000)
 tenured generation   total 174784K, used 123160K [0x14750000, 0x1f200000, 0x1f200000)
   the space 174784K,  70% used [0x14750000, 0x1bf96090, 0x1bf96200, 0x1f200000)
 Metaspace       used 18493K, capacity 18677K, committed 18816K, reserved 18816K

Card table byte_map: [0x01230000,0x012c0000] byte_map_base: 0x011b7000

Polling page: 0x007a0000

CodeCache: size=32768Kb used=2080Kb max_used=2080Kb free=30687Kb
 bounds [0x02780000, 0x02990000, 0x04780000]
 total_blobs=1395 nmethods=1009 adapters=317
 compilation: enabled

Compilation events (10 events):
Event: 32.207 Thread 0x04c6a800 1027   !         java.awt.EventQueue::postEventPrivate (104 bytes)
Event: 32.207 Thread 0x04c6a800 nmethod 1027 0x02986648 code [0x029867c0, 0x029869cc]
Event: 32.207 Thread 0x04c6a800 1028             java.awt.EventQueue::getPriority (78 bytes)
Event: 32.207 Thread 0x04c6a800 nmethod 1028 0x02986c08 code [0x02986d10, 0x02986ea0]
Event: 32.208 Thread 0x04c6a800 1029             java.awt.EventQueue::postEvent (172 bytes)
Event: 32.208 Thread 0x04c6a800 nmethod 1029 0x02986f48 code [0x02987110, 0x02987640]
Event: 32.208 Thread 0x04c6a800 1030             java.awt.EventQueue::coalesceEvent (86 bytes)
Event: 32.209 Thread 0x04c6a800 nmethod 1030 0x02987c48 code [0x02987d90, 0x02988040]
Event: 32.453 Thread 0x04c6a800 1031             javax.swing.RepaintManager::currentManager (37 bytes)
Event: 32.453 Thread 0x04c6a800 nmethod 1031 0x029881c8 code [0x029882f0, 0x02988444]

GC Heap History (10 events):
Event: 4.291 GC heap before
{Heap before GC invocations=26 (full 2):
 def new generation   total 69312K, used 64093K [0x0f200000, 0x13d30000, 0x14750000)
  eden space 61632K, 100% used [0x0f200000, 0x12e30000, 0x12e30000)
  from space 7680K,  32% used [0x12e30000, 0x13097540, 0x135b0000)
  to   space 7680K,   0% used [0x135b0000, 0x135b0000, 0x13d30000)
 tenured generation   total 153860K, used 116778K [0x14750000, 0x1dd91000, 0x1f200000)
   the space 153860K,  75% used [0x14750000, 0x1b95a860, 0x1b95aa00, 0x1dd91000)
 Metaspace       used 9005K, capacity 9151K, committed 9216K, reserved 9600K
Event: 4.292 GC heap after
Heap after GC invocations=27 (full 2):
 def new generation   total 69312K, used 2462K [0x0f200000, 0x13d30000, 0x14750000)
  eden space 61632K,   0% used [0x0f200000, 0x0f200000, 0x12e30000)
  from space 7680K,  32% used [0x135b0000, 0x13817b00, 0x13d30000)
  to   space 7680K,   0% used [0x12e30000, 0x12e30000, 0x135b0000)
 tenured generation   total 153860K, used 116778K [0x14750000, 0x1dd91000, 0x1f200000)
   the space 153860K,  75% used [0x14750000, 0x1b95a860, 0x1b95aa00, 0x1dd91000)
 Metaspace       used 9005K, capacity 9151K, committed 9216K, reserved 9600K
}
Event: 4.618 GC heap before
{Heap before GC invocations=27 (full 2):
 def new generation   total 69312K, used 64094K [0x0f200000, 0x13d30000, 0x14750000)
  eden space 61632K, 100% used [0x0f200000, 0x12e30000, 0x12e30000)
  from space 7680K,  32% used [0x135b0000, 0x13817b00, 0x13d30000)
  to   space 7680K,   0% used [0x12e30000, 0x12e30000, 0x135b0000)
 tenured generation   total 153860K, used 116778K [0x14750000, 0x1dd91000, 0x1f200000)
   the space 153860K,  75% used [0x14750000, 0x1b95a860, 0x1b95aa00, 0x1dd91000)
 Metaspace       used 9005K, capacity 9151K, committed 9216K, reserved 9600K
Event: 4.619 GC heap after
Heap after GC invocations=28 (full 2):
 def new generation   total 69312K, used 2463K [0x0f200000, 0x13d30000, 0x14750000)
  eden space 61632K,   0% used [0x0f200000, 0x0f200000, 0x12e30000)
  from space 7680K,  32% used [0x12e30000, 0x13097da0, 0x135b0000)
  to   space 7680K,   0% used [0x135b0000, 0x135b0000, 0x13d30000)
 tenured generation   total 153860K, used 116778K [0x14750000, 0x1dd91000, 0x1f200000)
   the space 153860K,  75% used [0x14750000, 0x1b95a860, 0x1b95aa00, 0x1dd91000)
 Metaspace       used 9005K, capacity 9151K, committed 9216K, reserved 9600K
}
Event: 10.477 GC heap before
{Heap before GC invocations=28 (full 2):
 def new generation   total 69312K, used 64095K [0x0f200000, 0x13d30000, 0x14750000)
  eden space 61632K, 100% used [0x0f200000, 0x12e30000, 0x12e30000)
  from space 7680K,  32% used [0x12e30000, 0x13097da0, 0x135b0000)
  to   space 7680K,   0% used [0x135b0000, 0x135b0000, 0x13d30000)
 tenured generation   total 153860K, used 116778K [0x14750000, 0x1dd91000, 0x1f200000)
   the space 153860K,  75% used [0x14750000, 0x1b95a860, 0x1b95aa00, 0x1dd91000)
 Metaspace       used 12322K, capacity 12491K, committed 12544K, reserved 12672K
Event: 10.483 GC heap after
Heap after GC invocations=29 (full 2):
 def new generation   total 69312K, used 2951K [0x0f200000, 0x13d30000, 0x14750000)
  eden space 61632K,   0% used [0x0f200000, 0x0f200000, 0x12e30000)
  from space 7680K,  38% used [0x135b0000, 0x13891e48, 0x13d30000)
  to   space 7680K,   0% used [0x12e30000, 0x12e30000, 0x135b0000)
 tenured generation   total 153860K, used 116778K [0x14750000, 0x1dd91000, 0x1f200000)
   the space 153860K,  75% used [0x14750000, 0x1b95a860, 0x1b95aa00, 0x1dd91000)
 Metaspace       used 12322K, capacity 12491K, committed 12544K, reserved 12672K
}
Event: 10.796 GC heap before
{Heap before GC invocations=29 (full 2):
 def new generation   total 69312K, used 22554K [0x0f200000, 0x13d30000, 0x14750000)
  eden space 61632K,  31% used [0x0f200000, 0x10524ab8, 0x12e30000)
  from space 7680K,  38% used [0x135b0000, 0x13891e48, 0x13d30000)
  to   space 7680K,   0% used [0x12e30000, 0x12e30000, 0x135b0000)
 tenured generation   total 153860K, used 116778K [0x14750000, 0x1dd91000, 0x1f200000)
   the space 153860K,  75% used [0x14750000, 0x1b95a860, 0x1b95aa00, 0x1dd91000)
 Metaspace       used 14925K, capacity 15083K, committed 15148K, reserved 15744K
Event: 10.821 GC heap after
Heap after GC invocations=30 (full 3):
 def new generation   total 78656K, used 0K [0x0f200000, 0x14750000, 0x14750000)
  eden space 69952K,   0% used [0x0f200000, 0x0f200000, 0x13650000)
  from space 8704K,   0% used [0x13650000, 0x13650000, 0x13ed0000)
  to   space 8704K,   0% used [0x13ed0000, 0x13ed0000, 0x14750000)
 tenured generation   total 174784K, used 120863K [0x14750000, 0x1f200000, 0x1f200000)
   the space 174784K,  69% used [0x14750000, 0x1bd57cf8, 0x1bd57e00, 0x1f200000)
 Metaspace       used 14925K, capacity 15083K, committed 15148K, reserved 15744K
}
Event: 20.953 GC heap before
{Heap before GC invocations=30 (full 3):
 def new generation   total 78656K, used 69952K [0x0f200000, 0x14750000, 0x14750000)
  eden space 69952K, 100% used [0x0f200000, 0x13650000, 0x13650000)
  from space 8704K,   0% used [0x13650000, 0x13650000, 0x13ed0000)
  to   space 8704K,   0% used [0x13ed0000, 0x13ed0000, 0x14750000)
 tenured generation   total 174784K, used 120863K [0x14750000, 0x1f200000, 0x1f200000)
   the space 174784K,  69% used [0x14750000, 0x1bd57cf8, 0x1bd57e00, 0x1f200000)
 Metaspace       used 18492K, capacity 18677K, committed 18816K, reserved 18816K
Event: 20.964 GC heap after
Heap after GC invocations=31 (full 3):
 def new generation   total 78656K, used 8704K [0x0f200000, 0x14750000, 0x14750000)
  eden space 69952K,   0% used [0x0f200000, 0x0f200000, 0x13650000)
  from space 8704K, 100% used [0x13ed0000, 0x14750000, 0x14750000)
  to   space 8704K,   0% used [0x13650000, 0x13650000, 0x13ed0000)
 tenured generation   total 174784K, used 123160K [0x14750000, 0x1f200000, 0x1f200000)
   the space 174784K,  70% used [0x14750000, 0x1bf96090, 0x1bf96200, 0x1f200000)
 Metaspace       used 18492K, capacity 18677K, committed 18816K, reserved 18816K
}

Deoptimization events (0 events):
No events

Internal exceptions (10 events):
Event: 16.321 Thread 0x08367800 Exception <a 'java/security/PrivilegedActionException'> (0x125615f8) thrown at [C:\re\workspace\8-2-build-windows-i586-cygwin\jdk8u31\2394\hotspot\src\share\vm\prims\jvm.cpp, line 1312]
Event: 16.323 Thread 0x08366400 Exception <a 'java/security/PrivilegedActionException'> (0x12601820) thrown at [C:\re\workspace\8-2-build-windows-i586-cygwin\jdk8u31\2394\hotspot\src\share\vm\prims\jvm.cpp, line 1312]
Event: 16.323 Thread 0x08366400 Exception <a 'java/security/PrivilegedActionException'> (0x1260cf90) thrown at [C:\re\workspace\8-2-build-windows-i586-cygwin\jdk8u31\2394\hotspot\src\share\vm\prims\jvm.cpp, line 1312]
Event: 16.324 Thread 0x08366400 Exception <a 'java/security/PrivilegedActionException'> (0x1261a3e0) thrown at [C:\re\workspace\8-2-build-windows-i586-cygwin\jdk8u31\2394\hotspot\src\share\vm\prims\jvm.cpp, line 1312]
Event: 16.325 Thread 0x08366400 Exception <a 'java/security/PrivilegedActionException'> (0x12627a60) thrown at [C:\re\workspace\8-2-build-windows-i586-cygwin\jdk8u31\2394\hotspot\src\share\vm\prims\jvm.cpp, line 1312]
Event: 16.326 Thread 0x08366400 Exception <a 'java/security/PrivilegedActionException'> (0x12630bb8) thrown at [C:\re\workspace\8-2-build-windows-i586-cygwin\jdk8u31\2394\hotspot\src\share\vm\prims\jvm.cpp, line 1312]
Event: 16.326 Thread 0x08366400 Exception <a 'java/security/PrivilegedActionException'> (0x12639690) thrown at [C:\re\workspace\8-2-build-windows-i586-cygwin\jdk8u31\2394\hotspot\src\share\vm\prims\jvm.cpp, line 1312]
Event: 16.362 Thread 0x08365000 Exception <a 'java/security/PrivilegedActionException'> (0x1257cf88) thrown at [C:\re\workspace\8-2-build-windows-i586-cygwin\jdk8u31\2394\hotspot\src\share\vm\prims\jvm.cpp, line 1312]
Event: 16.368 Thread 0x088d1800 Exception <a 'java/security/PrivilegedActionException'> (0x126eaff8) thrown at [C:\re\workspace\8-2-build-windows-i586-cygwin\jdk8u31\2394\hotspot\src\share\vm\prims\jvm.cpp, line 1312]
Event: 16.368 Thread 0x088d1800 Exception <a 'java/security/PrivilegedActionException'> (0x126f22d0) thrown at [C:\re\workspace\8-2-build-windows-i586-cygwin\jdk8u31\2394\hotspot\src\share\vm\prims\jvm.cpp, line 1312]

Events (10 events):
Event: 32.183 Thread 0x088d0400 Thread added: 0x088d0400
Event: 32.184 Thread 0x088d0400 Thread exited: 0x088d0400
Event: 32.304 Thread 0x088d1800 Thread added: 0x088d1800
Event: 32.304 Thread 0x088d1800 Thread exited: 0x088d1800
Event: 32.436 Thread 0x088d3800 Thread added: 0x088d3800
Event: 32.436 Thread 0x088d3800 Thread exited: 0x088d3800
Event: 32.559 Thread 0x088d3800 Thread added: 0x088d3800
Event: 32.559 Thread 0x088d3800 Thread exited: 0x088d3800
Event: 32.682 Thread 0x088d3800 Thread added: 0x088d3800
Event: 32.682 Thread 0x088d3800 Thread exited: 0x088d3800


Dynamic libraries:
0x01350000 - 0x01380000 	C:\Program Files (x86)\Java\jdk1.8.0_31\bin\java.exe
0x77750000 - 0x778be000 	C:\Windows\SYSTEM32\ntdll.dll
0x75260000 - 0x753a0000 	C:\Windows\SYSTEM32\KERNEL32.DLL
0x75a10000 - 0x75ae7000 	C:\Windows\SYSTEM32\KERNELBASE.dll
0x6c1a0000 - 0x6c240000 	C:\Windows\system32\apphelp.dll
0x78dd0000 - 0x79035000 	C:\Windows\AppPatch\AcGenral.DLL
0x75860000 - 0x75923000 	C:\Windows\SYSTEM32\msvcrt.dll
0x77260000 - 0x772a1000 	C:\Windows\SYSTEM32\sechost.dll
0x74f50000 - 0x74f6e000 	C:\Windows\SYSTEM32\SspiCli.dll
0x77010000 - 0x77055000 	C:\Windows\SYSTEM32\SHLWAPI.dll
0x72120000 - 0x7220d000 	C:\Windows\SYSTEM32\UxTheme.dll
0x75100000 - 0x75253000 	C:\Windows\SYSTEM32\USER32.dll
0x774d0000 - 0x775de000 	C:\Windows\SYSTEM32\GDI32.dll
0x6d460000 - 0x6d483000 	C:\Windows\SYSTEM32\WINMM.dll
0x6cf00000 - 0x6cf13000 	C:\Windows\SYSTEM32\samcli.dll
0x773a0000 - 0x774c8000 	C:\Windows\SYSTEM32\ole32.dll
0x75cb0000 - 0x75d45000 	C:\Windows\SYSTEM32\OLEAUT32.dll
0x684b0000 - 0x684c7000 	C:\Windows\SYSTEM32\MSACM32.dll
0x74df0000 - 0x74df8000 	C:\Windows\SYSTEM32\VERSION.dll
0x75d60000 - 0x7700c000 	C:\Windows\SYSTEM32\SHELL32.dll
0x73160000 - 0x7317b000 	C:\Windows\SYSTEM32\USERENV.dll
0x6d330000 - 0x6d34a000 	C:\Windows\SYSTEM32\dwmapi.dll
0x6cfa0000 - 0x6d0ea000 	C:\Windows\SYSTEM32\urlmon.dll
0x75930000 - 0x759ac000 	C:\Windows\SYSTEM32\ADVAPI32.dll
0x6d600000 - 0x6d665000 	C:\Windows\SYSTEM32\WINSPOOL.DRV
0x6cf50000 - 0x6cf66000 	C:\Windows\SYSTEM32\MPR.dll
0x772e0000 - 0x7739a000 	C:\Windows\SYSTEM32\RPCRT4.dll
0x74f40000 - 0x74f4a000 	C:\Windows\SYSTEM32\CRYPTBASE.dll
0x75520000 - 0x7569d000 	C:\Windows\SYSTEM32\combase.dll
0x6d430000 - 0x6d453000 	C:\Windows\SYSTEM32\WINMMBASE.dll
0x71db0000 - 0x71dbf000 	C:\Windows\SYSTEM32\profapi.dll
0x71b30000 - 0x71d62000 	C:\Windows\SYSTEM32\iertutil.dll
0x71e50000 - 0x72025000 	C:\Windows\SYSTEM32\WININET.dll
0x74ee0000 - 0x74f34000 	C:\Windows\SYSTEM32\bcryptPrimitives.dll
0x77220000 - 0x7725c000 	C:\Windows\SYSTEM32\cfgmgr32.dll
0x6d400000 - 0x6d421000 	C:\Windows\SYSTEM32\DEVOBJ.dll
0x73480000 - 0x7350b000 	C:\Windows\SYSTEM32\SHCORE.DLL
0x75c80000 - 0x75ca7000 	C:\Windows\system32\IMM32.DLL
0x753a0000 - 0x754b3000 	C:\Windows\SYSTEM32\MSCTF.dll
0x74e00000 - 0x74e2e000 	C:\Windows\SYSTEM32\nvinit.dll
0x0f000000 - 0x0f006000 	C:\Program Files (x86)\NVIDIA Corporation\CoProcManager\_etoured.dll
0x6b660000 - 0x6b68b000 	C:\Program Files (x86)\NVIDIA Corporation\CoProcManager\nvd3d9wrap.dll
0x756a0000 - 0x75851000 	C:\Windows\SYSTEM32\SETUPAPI.dll
0x6b640000 - 0x6b65f000 	C:\Program Files (x86)\NVIDIA Corporation\CoProcManager\nvdxgiwrap.dll
0x72f40000 - 0x73146000 	C:\Windows\WinSxS\x86_microsoft.windows.common-controls_6595b64144ccf1df_6.0.9600.17415_none_a9ed7f470139b3c1\COMCTL32.dll
0x6be80000 - 0x6befd000 	C:\Program Files (x86)\AVG\AVG2015\avghookx.dll
0x781e0000 - 0x7829f000 	C:\Program Files (x86)\Java\jdk1.8.0_31\jre\bin\msvcr100.dll
0x6c400000 - 0x6c7a4000 	C:\Program Files (x86)\Java\jdk1.8.0_31\jre\bin\client\jvm.dll
0x6d0f0000 - 0x6d0f8000 	C:\Windows\SYSTEM32\WSOCK32.dll
0x75d50000 - 0x75d56000 	C:\Windows\SYSTEM32\PSAPI.DLL
0x77060000 - 0x770b0000 	C:\Windows\SYSTEM32\WS2_32.dll
0x772b0000 - 0x772b7000 	C:\Windows\SYSTEM32\NSI.dll
0x5ffc0000 - 0x5ffcc000 	C:\Program Files (x86)\Java\jdk1.8.0_31\jre\bin\verify.dll
0x6d370000 - 0x6d391000 	C:\Program Files (x86)\Java\jdk1.8.0_31\jre\bin\java.dll
0x6f300000 - 0x6f313000 	C:\Program Files (x86)\Java\jdk1.8.0_31\jre\bin\zip.dll
0x6cab0000 - 0x6cbf6000 	C:\Program Files (x86)\Java\jdk1.8.0_31\jre\bin\awt.dll
0x74de0000 - 0x74de9000 	C:\Windows\SYSTEM32\kernel.appcore.dll
0x61e70000 - 0x62043000 	C:\Windows\system32\d3d9.dll
0x69940000 - 0x69a1e000 	C:\Windows\SYSTEM32\nvumdshim.dll
0x5d690000 - 0x5ed6e000 	C:\Windows\system32\igdumdim32.dll
0x67070000 - 0x678e8000 	C:\Windows\SYSTEM32\igdusc32.dll
0x6ce50000 - 0x6ce89000 	C:\Program Files (x86)\Java\jdk1.8.0_31\jre\bin\fontmanager.dll
0x6eb00000 - 0x6eb15000 	C:\Program Files (x86)\Java\jdk1.8.0_31\jre\bin\net.dll
0x6d1c0000 - 0x6d20b000 	C:\Windows\system32\mswsock.dll
0x5ffb0000 - 0x5ffbf000 	C:\Program Files (x86)\Java\jdk1.8.0_31\jre\bin\nio.dll
0x6f210000 - 0x6f240000 	C:\Program Files (x86)\Java\jdk1.8.0_31\jre\bin\t2k.dll
0x6e900000 - 0x6e920000 	C:\Program Files (x86)\Java\jdk1.8.0_31\jre\bin\sunec.dll
0x5f020000 - 0x5f029000 	C:\Program Files (x86)\Java\jdk1.8.0_31\jre\bin\sunmscapi.dll
0x74f70000 - 0x750f8000 	C:\Windows\SYSTEM32\CRYPT32.dll
0x75af0000 - 0x75afe000 	C:\Windows\SYSTEM32\MSASN1.dll
0x6f340000 - 0x6f359000 	C:\Windows\SYSTEM32\CRYPTSP.dll
0x081a0000 - 0x081d0000 	C:\Windows\system32\rsaenh.dll
0x6f040000 - 0x6f05e000 	C:\Windows\SYSTEM32\bcrypt.dll
0x732c0000 - 0x732e0000 	C:\Windows\SYSTEM32\IPHLPAPI.DLL
0x71e40000 - 0x71e48000 	C:\Windows\SYSTEM32\WINNSI.DLL
0x75bf0000 - 0x75c7d000 	C:\Windows\SYSTEM32\clbcatq.dll
0x6ac00000 - 0x6ac13000 	C:\Windows\SYSTEM32\dhcpcsvc6.DLL
0x6bf30000 - 0x6bf44000 	C:\Windows\SYSTEM32\dhcpcsvc.DLL
0x6bfb0000 - 0x6bfc1000 	C:\Windows\system32\napinsp.dll
0x6bf90000 - 0x6bfa6000 	C:\Windows\system32\pnrpnsp.dll
0x6bf70000 - 0x6bf84000 	C:\Windows\system32\NLAapi.dll
0x6c2e0000 - 0x6c35e000 	C:\Windows\SYSTEM32\DNSAPI.dll
0x6bf60000 - 0x6bf6a000 	C:\Windows\System32\winrnr.dll
0x6bf50000 - 0x6bf60000 	C:\Windows\system32\wshbth.dll
0x6c2b0000 - 0x6c2d1000 	C:\Program Files (x86)\Bonjour\mdnsNSP.dll
0x6c2a0000 - 0x6c2a8000 	C:\Windows\System32\rasadhlp.dll
0x6c250000 - 0x6c296000 	C:\Windows\System32\fwpuclnt.dll
0x6ea00000 - 0x6ea25000 	C:\Program Files (x86)\Java\jdk1.8.0_31\jre\bin\jpeg.dll
0x59010000 - 0x5917b000 	C:\Windows\SYSTEM32\WindowsCodecs.dll
0x57fc0000 - 0x57fca000 	C:\Program Files (x86)\Java\jdk1.8.0_31\jre\bin\management.dll
0x0a8d0000 - 0x0be9f000 	C:\Users\Piotr\AppData\Local\Temp\xuggle\xuggle225645994894831762.dll
0x079a0000 - 0x079b4000 	C:\Windows\SYSTEM32\AVICAP32.DLL
0x079c0000 - 0x079e3000 	C:\Windows\SYSTEM32\MSVFW32.dll
0x51420000 - 0x5142a000 	C:\Program Files (x86)\Java\jdk1.8.0_31\jre\bin\jsound.dll
0x778c0000 - 0x778c9000 	C:\Program Files (x86)\Java\jdk1.8.0_31\jre\bin\jsoundds.dll
0x605e0000 - 0x60661000 	C:\Windows\SYSTEM32\DSOUND.dll
0x6bcd0000 - 0x6bd10000 	C:\Windows\SYSTEM32\POWRPROF.dll
0x645f0000 - 0x64643000 	C:\Windows\SYSTEM32\MMDevAPI.DLL
0x60050000 - 0x60086000 	C:\Windows\SYSTEM32\wdmaud.drv
0x6c060000 - 0x6c067000 	C:\Windows\SYSTEM32\ksuser.dll
0x73470000 - 0x7347a000 	C:\Windows\SYSTEM32\AVRT.dll
0x64650000 - 0x646b0000 	C:\Windows\SYSTEM32\AUDIOSES.DLL
0x6ac90000 - 0x6ac99000 	C:\Windows\SYSTEM32\msacm32.drv
0x6ac80000 - 0x6ac88000 	C:\Windows\SYSTEM32\midimap.dll
0x77db0000 - 0x77e6e000 	C:\Users\Piotr\AppData\Local\Temp\javacpp34511084233434\msvcr100.dll
0x0d470000 - 0x0d4d9000 	C:\Users\Piotr\AppData\Local\Temp\javacpp34511084233434\msvcp100.dll
0x0d5b0000 - 0x0d7b6000 	C:\Users\Piotr\AppData\Local\Temp\javacpp34511084233434\opencv_core249.dll
0x0d7c0000 - 0x0d908000 	C:\Users\Piotr\AppData\Local\Temp\javacpp34511084233434\jniopencv_core.dll
0x0d910000 - 0x0db7d000 	C:\Users\Piotr\AppData\Local\Temp\javacpp34511084233434\opencv_imgproc249.dll
0x0d500000 - 0x0d580000 	C:\Users\Piotr\AppData\Local\Temp\javacpp34511084233434\jniopencv_imgproc.dll
0x0db80000 - 0x0eab6000 	C:\Users\Piotr\AppData\Local\Temp\javacpp34511084233434\opencv_ffmpeg249.dll
0x0eac0000 - 0x0ecc7000 	C:\Users\Piotr\AppData\Local\Temp\javacpp34511084233434\opencv_highgui249.dll
0x0ecd0000 - 0x0ecea000 	C:\Windows\SYSTEM32\AVIFIL32.dll
0x0ecf0000 - 0x0ed2c000 	C:\Users\Piotr\AppData\Local\Temp\javacpp34511084233434\jniopencv_highgui.dll
0x6c070000 - 0x6c084000 	C:\Windows\SYSTEM32\devenum.dll
0x71380000 - 0x713a8000 	C:\Windows\SYSTEM32\ntmarta.dll
0x75bb0000 - 0x75bed000 	C:\Windows\SYSTEM32\WINTRUST.dll
0x6c0d0000 - 0x6c0db000 	C:\Windows\SYSTEM32\msdmo.dll
0x0ed30000 - 0x0ed61000 	C:\Windows\SYSTEM32\qcap.dll
0x35230000 - 0x353cf000 	C:\Windows\SYSTEM32\quartz.dll
0x6c090000 - 0x6c0d0000 	C:\Windows\SYSTEM32\ksproxy.ax
0x6c050000 - 0x6c05c000 	C:\Windows\SYSTEM32\vidcap.ax
0x6c030000 - 0x6c04f000 	C:\Windows\SYSTEM32\kswdmcap.ax
0x5ef10000 - 0x5f014000 	C:\Windows\SYSTEM32\MFC42.dll
0x5ee60000 - 0x5ef09000 	C:\Windows\SYSTEM32\ODBC32.dll
0x0f100000 - 0x0f18e000 	C:\Windows\SYSTEM32\qedit.dll
0x75b10000 - 0x75bab000 	C:\Windows\SYSTEM32\COMDLG32.dll
0x6d490000 - 0x6d600000 	C:\Windows\WinSxS\x86_microsoft.windows.gdiplus_6595b64144ccf1df_1.1.9600.17415_none_dad8722c5bcc2d8f\gdiplus.dll

VM Arguments:
jvm_args: -Dfile.encoding=UTF-8 
java_command: wideokomunikator.main
java_class_path (initial): D:\Programowanie\javacv\javacv-bin\ffmpeg.jar;D:\Programowanie\javacv\javacv-bin\javacpp.jar;D:\Programowanie\javacv\javacv-bin\javacv.jar;D:\Programowanie\javacv\javacv-bin\opencv.jar;C:\Program Files\Java\jdk1.8.0_05\db\lib\derby.jar;C:\Program Files\Java\jdk1.8.0_05\db\lib\derbyclient.jar;C:\Program Files\Java\jdk1.8.0_05\db\lib\derbytools.jar;C:\Program Files\Java\jdk1.8.0_05\db\lib\derbynet.jar;D:\Programowanie\xuggle-xuggler-5.4.jar;D:\Programowanie\slf4j-simple-1.7.10.jar;D:\Programowanie\slf4j-api-1.7.10.jar;D:\Programowanie\javacv\javacv-bin\opencv-linux-x86.jar;D:\Programowanie\javacv\javacv-bin\opencv-linux-x86_64.jar;D:\Programowanie\javacv\javacv-bin\opencv-macosx-x86_64.jar;D:\Programowanie\javacv\javacv-bin\opencv-windows-x86.jar;D:\Programowanie\javacv\javacv-bin\opencv-windows-x86_64.jar;C:\Users\Piotr\Documents\NetBeansProjects\Wideokomunikator\build\classes
Launcher Type: SUN_STANDARD

Environment Variables:
JAVA_HOME=C:\Program Files\Java\jdk1.8.0_05
CLASSPATH=.;C:\PROGRA~2\JMF2.1.1e\lib\sound.jar;C:\PROGRA~2\JMF2.1.1e\lib\jmf.jar;C:\PROGRA~2\JMF2.1.1e\lib;.;.;.;c:\PROGRA~2\java\JMF21~1.1E\lib\sound.jar;c:\PROGRA~2\java\JMF21~1.1E\lib\jmf.jar;c:\PROGRA~2\java\JMF21~1.1E\lib;
PATH=C:\Program Files (x86)\NVIDIA Corporation\PhysX\Common;C:\ProgramData\Oracle\Java\javapath;C:\Python34\;C:\Python34\Scripts;C:\Program Files (x86)\Intel\iCLS Client\;C:\Program Files\Intel\iCLS Client\;C:\Windows\system32;C:\Windows;C:\Windows\System32\Wbem;C:\Windows\System32\WindowsPowerShell\v1.0\;C:\Program Files\Intel\Intel(R) Management Engine Components\DAL;C:\Program Files\Intel\Intel(R) Management Engine Components\IPT;C:\Program Files (x86)\Intel\Intel(R) Management Engine Components\DAL;C:\Program Files (x86)\Intel\Intel(R) Management Engine Components\IPT;C:\Program Files\nodejs\;C:\Windows\Microsoft.NET\Framework\v4.0.30319;C:\Program Files\Microsoft SQL Server\110\Tools\Binn\;C:\Program Files\Java\jdk1.8.0_05\bin;C:\Program Files\apache-ant-1.9.4\bin;C:\Program Files (x86)\QuickTime\QTSystem\;c:\PROGRA~2\java\JMF21~1.1E\lib;C:\Users\Piotr\AppData\Roaming\npm;C:\Program Files (x86)\Bitvise SSH Client;C:\Program Files\Java\jdk1.8.0_05\bin
USERNAME=Piotr
OS=Windows_NT
PROCESSOR_IDENTIFIER=Intel64 Family 6 Model 60 Stepping 3, GenuineIntel



---------------  S Y S T E M  ---------------

OS: Windows 8.1 , 64 bit Build 9600 

CPU:total 8 (4 cores per cpu, 2 threads per core) family 6 model 60 stepping 3, cmov, cx8, fxsr, mmx, sse, sse2, sse3, ssse3, sse4.1, sse4.2, popcnt, avx, avx2, aes, clmul, erms, lzcnt, ht, tsc, tscinvbit, bmi1, bmi2

Memory: 4k page, physical 15910992k(10569856k free), swap 36390992k(29284004k free)

vm_info: Java HotSpot(TM) Client VM (25.31-b07) for windows-x86 JRE (1.8.0_31-b13), built on Dec 17 2014 20:46:12 by "java_re" with MS VC++ 10.0 (VS2010)

time: Wed Mar 04 17:24:29 2015
elapsed time: 32 seconds (0d 0h 0m 32s)

