#
# A fatal error has been detected by the Java Runtime Environment:
#
#  EXCEPTION_ACCESS_VIOLATION (0xc0000005) at pc=0x0d2f32a0, pid=2448, tid=6224
#
# JRE version: Java(TM) SE Runtime Environment (8.0_31-b13) (build 1.8.0_31-b13)
# Java VM: Java HotSpot(TM) Client VM (25.31-b07 mixed mode, sharing windows-x86 )
# Problematic frame:
# C  0x0d2f32a0
#
# Failed to write core dump. Minidumps are not enabled by default on client versions of Windows
#
# If you would like to submit a bug report, please visit:
#   http://bugreport.java.com/bugreport/crash.jsp
# The crash happened outside the Java Virtual Machine in native code.
# See problematic frame for where to report the bug.
#

---------------  T H R E A D  ---------------

Current thread (0x0a396000):  JavaThread "Thread-539" [_thread_in_native, id=6224, stack(0x09020000,0x09070000)]

siginfo: ExceptionCode=0xc0000005, reading address 0x00000010

Registers:
EAX=0x00000380, EBX=0x000001c0, ECX=0x1f7c2e00, EDX=0x00000010
ESP=0x0906ee04, EBP=0x00000000, ESI=0x00000010, EDI=0x00000000
EIP=0x0d2f32a0, EFLAGS=0x00010202

Top of Stack: (sp=0x0906ee04)
0x0906ee04:   1f520060 00000130 0d120243 1f7c2e00
0x0906ee14:   00000010 000001c0 000001c0 1f522cf0
0x0906ee24:   00000000 00000190 0000012c 00000033
0x0906ee34:   00000065 00000000 00000000 0000006f
0x0906ee44:   0000ee64 fffffffe 0e95d000 00000000
0x0906ee54:   00007c00 0e956400 0d095feb 0d49c910
0x0906ee64:   0e95dba0 1f7c2e00 000001c0 1f521af0
0x0906ee74:   00000040 1f5219f0 0d49cdc0 00000000 

Instructions: (pc=0x0d2f32a0)
0x0d2f3280:   83 ec 08 89 1c 24 8b 54 24 10 89 74 24 04 8b 4c
0x0d2f3290:   24 0c be 10 00 00 00 8b 5c 24 14 8d 04 1b 66 90
0x0d2f32a0:   0f 6f 02 0f 6f 62 08 0f 6f 0c 1a 0f 6f 6c 1a 08
0x0d2f32b0:   0f 7f 01 0f 7f 61 08 0f 7f 0c 19 0f 7f 6c 19 08 


Register to memory mapping:

EAX=0x00000380 is an unknown value
EBX=0x000001c0 is an unknown value
ECX=0x1f7c2e00 is an unknown value
EDX=0x00000010 is an unknown value
ESP=0x0906ee04 is pointing into the stack for thread: 0x0a396000
EBP=0x00000000 is an unknown value
ESI=0x00000010 is an unknown value
EDI=0x00000000 is an unknown value


Stack: [0x09020000,0x09070000],  sp=0x0906ee04,  free space=315k
Native frames: (J=compiled Java code, j=interpreted, Vv=VM code, C=native code)
C  0x0d2f32a0

Java frames: (J=compiled Java code, j=interpreted, Vv=VM code)
j  com.xuggle.xuggler.XugglerJNI.IStreamCoder_decodeVideo(JLcom/xuggle/xuggler/IStreamCoder;JLcom/xuggle/xuggler/IVideoPicture;JLcom/xuggle/xuggler/IPacket;I)I+0
j  com.xuggle.xuggler.IStreamCoder.decodeVideo(Lcom/xuggle/xuggler/IVideoPicture;Lcom/xuggle/xuggler/IPacket;I)I+16
j  wideokomunikator.audiovideo.AudioVideo.decodeVideo(Lcom/xuggle/xuggler/IPacket;I)V+58
j  wideokomunikator.audiovideo.AudioVideo.access$2200(Lwideokomunikator/audiovideo/AudioVideo;Lcom/xuggle/xuggler/IPacket;I)V+3
j  wideokomunikator.audiovideo.AudioVideo$Hendler.run()V+891
v  ~StubRoutines::call_stub

---------------  P R O C E S S  ---------------

Java Threads: ( => current thread )
=>0x0a396000 JavaThread "Thread-539" [_thread_in_native, id=6224, stack(0x09020000,0x09070000)]
  0x0a397800 JavaThread "Thread-18" [_thread_in_native, id=4804, stack(0x1f420000,0x1f470000)]
  0x0a0e4400 JavaThread "Thread-17" [_thread_blocked, id=9124, stack(0x1f390000,0x1f3e0000)]
  0x0a0e3c00 JavaThread "Thread-20" [_thread_in_native, id=5916, stack(0x1f300000,0x1f350000)]
  0x0a0e3800 JavaThread "Thread-19" [_thread_in_native, id=736, stack(0x0f150000,0x0f1a0000)]
  0x0a0e3000 JavaThread "Java Sound Event Dispatcher" daemon [_thread_blocked, id=7516, stack(0x0b4c0000,0x0b510000)]
  0x0a0e5800 JavaThread "derby.rawStoreDaemon" daemon [_thread_blocked, id=4660, stack(0x0add0000,0x0ae20000)]
  0x0a0e6400 JavaThread "DRDAConnThread_2" daemon [_thread_in_native, id=5792, stack(0x0ad40000,0x0ad90000)]
  0x0a0e5000 JavaThread "NetworkServerThread_1" daemon [_thread_in_native, id=1200, stack(0x0abb0000,0x0ac00000)]
  0x0a0e5c00 JavaThread "derby.NetworkServerStarter" daemon [_thread_blocked, id=8728, stack(0x0ab20000,0x0ab70000)]
  0x0a0e4c00 JavaThread "Timer-0" daemon [_thread_blocked, id=8288, stack(0x0a990000,0x0a9e0000)]
  0x0635f400 JavaThread "D3D Screen Updater" daemon [_thread_blocked, id=5636, stack(0x094c0000,0x09510000)]
  0x0260c800 JavaThread "DestroyJavaVM" [_thread_blocked, id=6268, stack(0x007e0000,0x00830000)]
  0x0631c000 JavaThread "Thread-5" [_thread_in_native, id=1348, stack(0x08b60000,0x08bb0000)]
  0x062c7c00 JavaThread "Thread-4" [_thread_blocked, id=6212, stack(0x08ad0000,0x08b20000)]
  0x061ee400 JavaThread "TimerQueue" daemon [_thread_blocked, id=8764, stack(0x08930000,0x08980000)]
  0x061dc000 JavaThread "AWT-EventQueue-0" [_thread_blocked, id=6236, stack(0x088a0000,0x088f0000)]
  0x061a0400 JavaThread "AWT-Windows" daemon [_thread_in_native, id=7916, stack(0x05ff0000,0x06040000)]
  0x06197800 JavaThread "AWT-Shutdown" [_thread_blocked, id=1996, stack(0x05f60000,0x05fb0000)]
  0x0619f800 JavaThread "Java2D Disposer" daemon [_thread_blocked, id=3252, stack(0x05e20000,0x05e70000)]
  0x06170c00 JavaThread "Thread-0" [_thread_in_native, id=8108, stack(0x05c70000,0x05cc0000)]
  0x02512800 JavaThread "Service Thread" daemon [_thread_blocked, id=7136, stack(0x05950000,0x059a0000)]
  0x024e1400 JavaThread "C1 CompilerThread0" daemon [_thread_blocked, id=4968, stack(0x058c0000,0x05910000)]
  0x024e0800 JavaThread "Attach Listener" daemon [_thread_blocked, id=8904, stack(0x05830000,0x05880000)]
  0x024de800 JavaThread "Signal Dispatcher" daemon [_thread_blocked, id=1344, stack(0x057a0000,0x057f0000)]
  0x02478800 JavaThread "Finalizer" daemon [_thread_blocked, id=7972, stack(0x051b0000,0x05200000)]
  0x02476000 JavaThread "Reference Handler" daemon [_thread_blocked, id=6132, stack(0x05120000,0x05170000)]

Other Threads:
  0x02474400 VMThread [stack: 0x05090000,0x050e0000] [id=3276]
  0x02518800 WatcherThread [stack: 0x059e0000,0x05a30000] [id=7864]

VM state:not at safepoint (normal execution)

VM Mutex/Monitor currently owned by a thread: None

Heap:
 def new generation   total 78656K, used 45408K [0x0f200000, 0x14750000, 0x14750000)
  eden space 69952K, -2147483648% used [0x0f200000, 0x115d81e8, 0x13650000)
  from space 8704K, 100% used [0x13ed0000, 0x14750000, 0x14750000)
  to   space 8704K,   0% used [0x13650000, 0x13650000, 0x13ed0000)
 tenured generation   total 174784K, used 160118K [0x14750000, 0x1f200000, 0x1f200000)
   the space 174784K,  91% used [0x14750000, 0x1e3adae0, 0x1e3adc00, 0x1f200000)
 Metaspace       used 11141K, capacity 11307K, committed 11392K, reserved 11648K

Card table byte_map: [0x02550000,0x025e0000] byte_map_base: 0x024d7000

Polling page: 0x00690000

CodeCache: size=32768Kb used=2370Kb max_used=2370Kb free=30397Kb
 bounds [0x02610000, 0x02868000, 0x04610000]
 total_blobs=1614 nmethods=1228 adapters=317
 compilation: enabled

Compilation events (10 events):
Event: 60.930 Thread 0x024e1400 1241             java.nio.Buffer::nextPutIndex (38 bytes)
Event: 60.931 Thread 0x024e1400 nmethod 1241 0x0285ee88 code [0x0285ef90, 0x0285f06c]
Event: 61.051 Thread 0x024e1400 1242             java.awt.image.DataBuffer::<init> (40 bytes)
Event: 61.052 Thread 0x024e1400 nmethod 1242 0x0285f108 code [0x0285f210, 0x0285f36c]
Event: 61.360 Thread 0x024e1400 1243             javax.swing.JComponent::isOptimizedDrawingEnabled (2 bytes)
Event: 61.361 Thread 0x024e1400 nmethod 1243 0x0285f408 code [0x0285f500, 0x0285f580]
Event: 62.059 Thread 0x024e1400 1244             com.xuggle.xuggler.IMediaData::getByteBuffer (57 bytes)
Event: 62.060 Thread 0x024e1400 nmethod 1244 0x02860108 code [0x02860270, 0x028605d0]
Event: 62.748 Thread 0x024e1400 1249             sun.java2d.pipe.Region::getInstanceXYXY (12 bytes)
Event: 62.748 Thread 0x024e1400 nmethod 1249 0x02860908 code [0x02860a00, 0x02860ad0]

GC Heap History (10 events):
Event: 57.660 GC heap before
{Heap before GC invocations=77 (full 6):
 def new generation   total 78656K, used 78214K [0x0f200000, 0x14750000, 0x14750000)
  eden space 69952K,  99% used [0x0f200000, 0x135fbe50, 0x13650000)
  from space 8704K,  98% used [0x13650000, 0x13eb5a60, 0x13ed0000)
  to   space 8704K,   0% used [0x13ed0000, 0x13ed0000, 0x14750000)
 tenured generation   total 174784K, used 147449K [0x14750000, 0x1f200000, 0x1f200000)
   the space 174784K,  84% used [0x14750000, 0x1d74e440, 0x1d74e600, 0x1f200000)
 Metaspace       used 11140K, capacity 11307K, committed 11392K, reserved 11648K
Event: 57.663 GC heap after
Heap after GC invocations=78 (full 6):
 def new generation   total 78656K, used 8501K [0x0f200000, 0x14750000, 0x14750000)
  eden space 69952K,   0% used [0x0f200000, 0x0f200000, 0x13650000)
  from space 8704K,  97% used [0x13ed0000, 0x1471d600, 0x14750000)
  to   space 8704K,   0% used [0x13650000, 0x13650000, 0x13ed0000)
 tenured generation   total 174784K, used 150222K [0x14750000, 0x1f200000, 0x1f200000)
   the space 174784K,  85% used [0x14750000, 0x1da03b90, 0x1da03c00, 0x1f200000)
 Metaspace       used 11140K, capacity 11307K, committed 11392K, reserved 11648K
}
Event: 58.861 GC heap before
{Heap before GC invocations=78 (full 6):
 def new generation   total 78656K, used 77235K [0x0f200000, 0x14750000, 0x14750000)
  eden space 69952K,  98% used [0x0f200000, 0x1351f940, 0x13650000)
  from space 8704K,  97% used [0x13ed0000, 0x1471d600, 0x14750000)
  to   space 8704K,   0% used [0x13650000, 0x13650000, 0x13ed0000)
 tenured generation   total 174784K, used 150222K [0x14750000, 0x1f200000, 0x1f200000)
   the space 174784K,  85% used [0x14750000, 0x1da03b90, 0x1da03c00, 0x1f200000)
 Metaspace       used 11141K, capacity 11307K, committed 11392K, reserved 11648K
Event: 58.864 GC heap after
Heap after GC invocations=79 (full 6):
 def new generation   total 78656K, used 8598K [0x0f200000, 0x14750000, 0x14750000)
  eden space 69952K,   0% used [0x0f200000, 0x0f200000, 0x13650000)
  from space 8704K,  98% used [0x13650000, 0x13eb58c8, 0x13ed0000)
  to   space 8704K,   0% used [0x13ed0000, 0x13ed0000, 0x14750000)
 tenured generation   total 174784K, used 152547K [0x14750000, 0x1f200000, 0x1f200000)
   the space 174784K,  87% used [0x14750000, 0x1dc48f18, 0x1dc49000, 0x1f200000)
 Metaspace       used 11141K, capacity 11307K, committed 11392K, reserved 11648K
}
Event: 60.121 GC heap before
{Heap before GC invocations=79 (full 6):
 def new generation   total 78656K, used 78035K [0x0f200000, 0x14750000, 0x14750000)
  eden space 69952K,  99% used [0x0f200000, 0x135cf340, 0x13650000)
  from space 8704K,  98% used [0x13650000, 0x13eb58c8, 0x13ed0000)
  to   space 8704K,   0% used [0x13ed0000, 0x13ed0000, 0x14750000)
 tenured generation   total 174784K, used 152547K [0x14750000, 0x1f200000, 0x1f200000)
   the space 174784K,  87% used [0x14750000, 0x1dc48f18, 0x1dc49000, 0x1f200000)
 Metaspace       used 11141K, capacity 11307K, committed 11392K, reserved 11648K
Event: 60.123 GC heap after
Heap after GC invocations=80 (full 6):
 def new generation   total 78656K, used 8597K [0x0f200000, 0x14750000, 0x14750000)
  eden space 69952K,   0% used [0x0f200000, 0x0f200000, 0x13650000)
  from space 8704K,  98% used [0x13ed0000, 0x147356b8, 0x14750000)
  to   space 8704K,   0% used [0x13650000, 0x13650000, 0x13ed0000)
 tenured generation   total 174784K, used 154421K [0x14750000, 0x1f200000, 0x1f200000)
   the space 174784K,  88% used [0x14750000, 0x1de1d478, 0x1de1d600, 0x1f200000)
 Metaspace       used 11141K, capacity 11307K, committed 11392K, reserved 11648K
}
Event: 61.327 GC heap before
{Heap before GC invocations=80 (full 6):
 def new generation   total 78656K, used 78301K [0x0f200000, 0x14750000, 0x14750000)
  eden space 69952K,  99% used [0x0f200000, 0x13611e20, 0x13650000)
  from space 8704K,  98% used [0x13ed0000, 0x147356b8, 0x14750000)
  to   space 8704K,   0% used [0x13650000, 0x13650000, 0x13ed0000)
 tenured generation   total 174784K, used 154421K [0x14750000, 0x1f200000, 0x1f200000)
   the space 174784K,  88% used [0x14750000, 0x1de1d478, 0x1de1d600, 0x1f200000)
 Metaspace       used 11141K, capacity 11307K, committed 11392K, reserved 11648K
Event: 61.330 GC heap after
Heap after GC invocations=81 (full 6):
 def new generation   total 78656K, used 8600K [0x0f200000, 0x14750000, 0x14750000)
  eden space 69952K,   0% used [0x0f200000, 0x0f200000, 0x13650000)
  from space 8704K,  98% used [0x13650000, 0x13eb61f0, 0x13ed0000)
  to   space 8704K,   0% used [0x13ed0000, 0x13ed0000, 0x14750000)
 tenured generation   total 174784K, used 157194K [0x14750000, 0x1f200000, 0x1f200000)
   the space 174784K,  89% used [0x14750000, 0x1e0d2998, 0x1e0d2a00, 0x1f200000)
 Metaspace       used 11141K, capacity 11307K, committed 11392K, reserved 11648K
}
Event: 62.556 GC heap before
{Heap before GC invocations=81 (full 6):
 def new generation   total 78656K, used 78296K [0x0f200000, 0x14750000, 0x14750000)
  eden space 69952K,  99% used [0x0f200000, 0x1360fe48, 0x13650000)
  from space 8704K,  98% used [0x13650000, 0x13eb61f0, 0x13ed0000)
  to   space 8704K,   0% used [0x13ed0000, 0x13ed0000, 0x14750000)
 tenured generation   total 174784K, used 157194K [0x14750000, 0x1f200000, 0x1f200000)
   the space 174784K,  89% used [0x14750000, 0x1e0d2998, 0x1e0d2a00, 0x1f200000)
 Metaspace       used 11141K, capacity 11307K, committed 11392K, reserved 11648K
Event: 62.559 GC heap after
Heap after GC invocations=82 (full 6):
 def new generation   total 78656K, used 8704K [0x0f200000, 0x14750000, 0x14750000)
  eden space 69952K,   0% used [0x0f200000, 0x0f200000, 0x13650000)
  from space 8704K, 100% used [0x13ed0000, 0x14750000, 0x14750000)
  to   space 8704K,   0% used [0x13650000, 0x13650000, 0x13ed0000)
 tenured generation   total 174784K, used 160118K [0x14750000, 0x1f200000, 0x1f200000)
   the space 174784K,  91% used [0x14750000, 0x1e3adae0, 0x1e3adc00, 0x1f200000)
 Metaspace       used 11141K, capacity 11307K, committed 11392K, reserved 11648K
}

Deoptimization events (0 events):
No events

Internal exceptions (10 events):
Event: 11.393 Thread 0x0a397800 Exception <a 'java/security/PrivilegedActionException'> (0x0ff92ad0) thrown at [C:\re\workspace\8-2-build-windows-i586-cygwin\jdk8u31\2394\hotspot\src\share\vm\prims\jvm.cpp, line 1312]
Event: 11.393 Thread 0x0a397800 Exception <a 'java/security/PrivilegedActionException'> (0x100a93f8) thrown at [C:\re\workspace\8-2-build-windows-i586-cygwin\jdk8u31\2394\hotspot\src\share\vm\prims\jvm.cpp, line 1312]
Event: 11.394 Thread 0x0a397800 Exception <a 'java/security/PrivilegedActionException'> (0x100b2fa0) thrown at [C:\re\workspace\8-2-build-windows-i586-cygwin\jdk8u31\2394\hotspot\src\share\vm\prims\jvm.cpp, line 1312]
Event: 11.394 Thread 0x0a397800 Exception <a 'java/security/PrivilegedActionException'> (0x100b9d40) thrown at [C:\re\workspace\8-2-build-windows-i586-cygwin\jdk8u31\2394\hotspot\src\share\vm\prims\jvm.cpp, line 1312]
Event: 11.395 Thread 0x0a397800 Exception <a 'java/security/PrivilegedActionException'> (0x100c20f8) thrown at [C:\re\workspace\8-2-build-windows-i586-cygwin\jdk8u31\2394\hotspot\src\share\vm\prims\jvm.cpp, line 1312]
Event: 11.395 Thread 0x0a397800 Exception <a 'java/security/PrivilegedActionException'> (0x100c9cd0) thrown at [C:\re\workspace\8-2-build-windows-i586-cygwin\jdk8u31\2394\hotspot\src\share\vm\prims\jvm.cpp, line 1312]
Event: 11.396 Thread 0x0a397800 Exception <a 'java/security/PrivilegedActionException'> (0x100dc6d0) thrown at [C:\re\workspace\8-2-build-windows-i586-cygwin\jdk8u31\2394\hotspot\src\share\vm\prims\jvm.cpp, line 1312]
Event: 11.401 Thread 0x0a397800 Exception <a 'java/security/PrivilegedActionException'> (0x100ecbd8) thrown at [C:\re\workspace\8-2-build-windows-i586-cygwin\jdk8u31\2394\hotspot\src\share\vm\prims\jvm.cpp, line 1312]
Event: 11.402 Thread 0x0a397800 Exception <a 'java/security/PrivilegedActionException'> (0x100f3ed8) thrown at [C:\re\workspace\8-2-build-windows-i586-cygwin\jdk8u31\2394\hotspot\src\share\vm\prims\jvm.cpp, line 1312]
Event: 11.430 Thread 0x0a0e3c00 Exception <a 'java/security/PrivilegedActionException'> (0x0ff2f4b0) thrown at [C:\re\workspace\8-2-build-windows-i586-cygwin\jdk8u31\2394\hotspot\src\share\vm\prims\jvm.cpp, line 1312]

Events (10 events):
Event: 62.746 Thread 0x0a395400 Thread added: 0x0a395400
Event: 62.748 Thread 0x0a395400 Thread exited: 0x0a395400
Event: 62.864 Thread 0x0a396000 Thread added: 0x0a396000
Event: 62.866 Thread 0x0a396000 Thread exited: 0x0a396000
Event: 62.954 Thread 0x0a395400 Thread added: 0x0a395400
Event: 62.956 Thread 0x0a395400 Thread exited: 0x0a395400
Event: 63.050 Thread 0x0a396000 Thread added: 0x0a396000
Event: 63.051 Thread 0x0a396000 Thread exited: 0x0a396000
Event: 63.283 Thread 0x0a396000 Thread added: 0x0a396000
Event: 63.283 Thread 0x0a398000 Thread added: 0x0a398000


Dynamic libraries:
0x00320000 - 0x00350000 	C:\Program Files (x86)\Java\jdk1.8.0_31\bin\java.exe
0x770a0000 - 0x7720e000 	C:\Windows\SYSTEM32\ntdll.dll
0x75da0000 - 0x75ee0000 	C:\Windows\SYSTEM32\KERNEL32.DLL
0x763f0000 - 0x764c7000 	C:\Windows\SYSTEM32\KERNELBASE.dll
0x6ae80000 - 0x6af20000 	C:\Windows\system32\apphelp.dll
0x582b0000 - 0x58515000 	C:\Windows\AppPatch\AcGenral.DLL
0x76f00000 - 0x76fc3000 	C:\Windows\SYSTEM32\msvcrt.dll
0x76770000 - 0x767b1000 	C:\Windows\SYSTEM32\sechost.dll
0x748a0000 - 0x748be000 	C:\Windows\SYSTEM32\SspiCli.dll
0x76e90000 - 0x76ed5000 	C:\Windows\SYSTEM32\SHLWAPI.dll
0x73d60000 - 0x73e4d000 	C:\Windows\SYSTEM32\UxTheme.dll
0x767c0000 - 0x76913000 	C:\Windows\SYSTEM32\USER32.dll
0x748c0000 - 0x749ce000 	C:\Windows\SYSTEM32\GDI32.dll
0x6cde0000 - 0x6ce03000 	C:\Windows\SYSTEM32\WINMM.dll
0x6c790000 - 0x6c7a3000 	C:\Windows\SYSTEM32\samcli.dll
0x769c0000 - 0x76ae8000 	C:\Windows\SYSTEM32\ole32.dll
0x76920000 - 0x769b5000 	C:\Windows\SYSTEM32\OLEAUT32.dll
0x6ae10000 - 0x6ae27000 	C:\Windows\SYSTEM32\MSACM32.dll
0x74740000 - 0x74748000 	C:\Windows\SYSTEM32\VERSION.dll
0x74a50000 - 0x75cfc000 	C:\Windows\SYSTEM32\SHELL32.dll
0x74400000 - 0x7441b000 	C:\Windows\SYSTEM32\USERENV.dll
0x6ccb0000 - 0x6ccca000 	C:\Windows\SYSTEM32\dwmapi.dll
0x6c930000 - 0x6ca7a000 	C:\Windows\SYSTEM32\urlmon.dll
0x749d0000 - 0x74a4c000 	C:\Windows\SYSTEM32\ADVAPI32.dll
0x6cf80000 - 0x6cfe5000 	C:\Windows\SYSTEM32\WINSPOOL.DRV
0x6c7e0000 - 0x6c7f6000 	C:\Windows\SYSTEM32\MPR.dll
0x76250000 - 0x7630a000 	C:\Windows\SYSTEM32\RPCRT4.dll
0x74890000 - 0x7489a000 	C:\Windows\SYSTEM32\CRYPTBASE.dll
0x75ee0000 - 0x7605d000 	C:\Windows\SYSTEM32\combase.dll
0x6cdb0000 - 0x6cdd3000 	C:\Windows\SYSTEM32\WINMMBASE.dll
0x73ae0000 - 0x73aef000 	C:\Windows\SYSTEM32\profapi.dll
0x738a0000 - 0x73ad2000 	C:\Windows\SYSTEM32\iertutil.dll
0x73b80000 - 0x73d55000 	C:\Windows\SYSTEM32\WININET.dll
0x74830000 - 0x74884000 	C:\Windows\SYSTEM32\bcryptPrimitives.dll
0x764e0000 - 0x7651c000 	C:\Windows\SYSTEM32\cfgmgr32.dll
0x6cd80000 - 0x6cda1000 	C:\Windows\SYSTEM32\DEVOBJ.dll
0x746b0000 - 0x7473b000 	C:\Windows\SYSTEM32\SHCORE.DLL
0x76060000 - 0x76087000 	C:\Windows\system32\IMM32.DLL
0x76af0000 - 0x76c03000 	C:\Windows\SYSTEM32\MSCTF.dll
0x74750000 - 0x7477e000 	C:\Windows\SYSTEM32\nvinit.dll
0x0f000000 - 0x0f006000 	C:\Program Files (x86)\NVIDIA Corporation\CoProcManager\_etoured.dll
0x6bb90000 - 0x6bbbb000 	C:\Program Files (x86)\NVIDIA Corporation\CoProcManager\nvd3d9wrap.dll
0x76cd0000 - 0x76e81000 	C:\Windows\SYSTEM32\SETUPAPI.dll
0x6bb70000 - 0x6bb8f000 	C:\Program Files (x86)\NVIDIA Corporation\CoProcManager\nvdxgiwrap.dll
0x741e0000 - 0x743e6000 	C:\Windows\WinSxS\x86_microsoft.windows.common-controls_6595b64144ccf1df_6.0.9600.17415_none_a9ed7f470139b3c1\COMCTL32.dll
0x6b8e0000 - 0x6b95b000 	C:\Program Files (x86)\AVG\AVG2015\avghookx.dll
0x62e60000 - 0x62f1f000 	C:\Program Files (x86)\Java\jdk1.8.0_31\jre\bin\msvcr100.dll
0x57f00000 - 0x582a4000 	C:\Program Files (x86)\Java\jdk1.8.0_31\jre\bin\client\jvm.dll
0x6c860000 - 0x6c868000 	C:\Windows\SYSTEM32\WSOCK32.dll
0x76230000 - 0x76236000 	C:\Windows\SYSTEM32\PSAPI.DLL
0x76310000 - 0x76360000 	C:\Windows\SYSTEM32\WS2_32.dll
0x764d0000 - 0x764d7000 	C:\Windows\SYSTEM32\NSI.dll
0x6a2f0000 - 0x6a2fc000 	C:\Program Files (x86)\Java\jdk1.8.0_31\jre\bin\verify.dll
0x630c0000 - 0x630e1000 	C:\Program Files (x86)\Java\jdk1.8.0_31\jre\bin\java.dll
0x6a240000 - 0x6a253000 	C:\Program Files (x86)\Java\jdk1.8.0_31\jre\bin\zip.dll
0x62e40000 - 0x62e55000 	C:\Program Files (x86)\Java\jdk1.8.0_31\jre\bin\net.dll
0x6cb40000 - 0x6cb8b000 	C:\Windows\system32\mswsock.dll
0x6bc60000 - 0x6bcde000 	C:\Windows\SYSTEM32\DNSAPI.dll
0x6bc30000 - 0x6bc51000 	C:\Program Files (x86)\Bonjour\mdnsNSP.dll
0x744e0000 - 0x74500000 	C:\Windows\SYSTEM32\Iphlpapi.DLL
0x73b70000 - 0x73b78000 	C:\Windows\SYSTEM32\WINNSI.DLL
0x6bc20000 - 0x6bc28000 	C:\Windows\System32\rasadhlp.dll
0x6bbd0000 - 0x6bc16000 	C:\Windows\System32\fwpuclnt.dll
0x62cf0000 - 0x62e36000 	C:\Program Files (x86)\Java\jdk1.8.0_31\jre\bin\awt.dll
0x746a0000 - 0x746a9000 	C:\Windows\SYSTEM32\kernel.appcore.dll
0x63230000 - 0x63403000 	C:\Windows\system32\d3d9.dll
0x62bf0000 - 0x62cce000 	C:\Windows\SYSTEM32\nvumdshim.dll
0x5d220000 - 0x5e8fe000 	C:\Windows\system32\igdumdim32.dll
0x61bf0000 - 0x62468000 	C:\Windows\SYSTEM32\igdusc32.dll
0x624c0000 - 0x624f9000 	C:\Program Files (x86)\Java\jdk1.8.0_31\jre\bin\fontmanager.dll
0x630b0000 - 0x630bf000 	C:\Program Files (x86)\Java\jdk1.8.0_31\jre\bin\nio.dll
0x62490000 - 0x624c0000 	C:\Program Files (x86)\Java\jdk1.8.0_31\jre\bin\t2k.dll
0x62cd0000 - 0x62cf0000 	C:\Program Files (x86)\Java\jdk1.8.0_31\jre\bin\sunec.dll
0x62480000 - 0x62489000 	C:\Program Files (x86)\Java\jdk1.8.0_31\jre\bin\sunmscapi.dll
0x76090000 - 0x76218000 	C:\Windows\SYSTEM32\CRYPT32.dll
0x765f0000 - 0x765fe000 	C:\Windows\SYSTEM32\MSASN1.dll
0x6ecf0000 - 0x6ed09000 	C:\Windows\SYSTEM32\CRYPTSP.dll
0x6ec60000 - 0x6ec90000 	C:\Windows\system32\rsaenh.dll
0x6ec40000 - 0x6ec5e000 	C:\Windows\SYSTEM32\bcrypt.dll
0x76360000 - 0x763ed000 	C:\Windows\SYSTEM32\clbcatq.dll
0x6b0e0000 - 0x6b0f3000 	C:\Windows\SYSTEM32\dhcpcsvc6.DLL
0x6b990000 - 0x6b9a4000 	C:\Windows\SYSTEM32\dhcpcsvc.DLL
0x6ba10000 - 0x6ba21000 	C:\Windows\system32\napinsp.dll
0x6b9f0000 - 0x6ba06000 	C:\Windows\system32\pnrpnsp.dll
0x6b9d0000 - 0x6b9e4000 	C:\Windows\system32\NLAapi.dll
0x6b9c0000 - 0x6b9ca000 	C:\Windows\System32\winrnr.dll
0x6b9b0000 - 0x6b9c0000 	C:\Windows\system32\wshbth.dll
0x60780000 - 0x607a5000 	C:\Program Files (x86)\Java\jdk1.8.0_31\jre\bin\jpeg.dll
0x59470000 - 0x595db000 	C:\Windows\SYSTEM32\WindowsCodecs.dll
0x62470000 - 0x6247a000 	C:\Program Files (x86)\Java\jdk1.8.0_31\jre\bin\management.dll
0x5cdf0000 - 0x5cdfa000 	C:\Program Files (x86)\Java\jdk1.8.0_31\jre\bin\jsound.dll
0x5cde0000 - 0x5cde9000 	C:\Program Files (x86)\Java\jdk1.8.0_31\jre\bin\jsoundds.dll
0x5cd50000 - 0x5cdd1000 	C:\Windows\SYSTEM32\DSOUND.dll
0x6b730000 - 0x6b770000 	C:\Windows\SYSTEM32\POWRPROF.dll
0x659b0000 - 0x65a03000 	C:\Windows\SYSTEM32\MMDevAPI.DLL
0x5cd10000 - 0x5cd46000 	C:\Windows\SYSTEM32\wdmaud.drv
0x6bb20000 - 0x6bb27000 	C:\Windows\SYSTEM32\ksuser.dll
0x5fb50000 - 0x5fb5a000 	C:\Windows\SYSTEM32\AVRT.dll
0x65a10000 - 0x65a70000 	C:\Windows\SYSTEM32\AUDIOSES.DLL
0x5cd00000 - 0x5cd09000 	C:\Windows\SYSTEM32\msacm32.drv
0x59460000 - 0x59468000 	C:\Windows\SYSTEM32\midimap.dll
0x57e40000 - 0x57efe000 	C:\Users\Piotr\AppData\Local\Temp\javacpp42451229988859\msvcr100.dll
0x57dd0000 - 0x57e39000 	C:\Users\Piotr\AppData\Local\Temp\javacpp42451229988859\msvcp100.dll
0x57bc0000 - 0x57dc6000 	C:\Users\Piotr\AppData\Local\Temp\javacpp42451229988859\opencv_core249.dll
0x57a70000 - 0x57bb8000 	C:\Users\Piotr\AppData\Local\Temp\javacpp42451229988859\jniopencv_core.dll
0x517b0000 - 0x51a1d000 	C:\Users\Piotr\AppData\Local\Temp\javacpp42451229988859\opencv_imgproc249.dll
0x51d20000 - 0x51da0000 	C:\Users\Piotr\AppData\Local\Temp\javacpp42451229988859\jniopencv_imgproc.dll
0x70fc0000 - 0x71ef6000 	C:\Users\Piotr\AppData\Local\Temp\javacpp42451229988859\opencv_ffmpeg249.dll
0x515a0000 - 0x517a7000 	C:\Users\Piotr\AppData\Local\Temp\javacpp42451229988859\opencv_highgui249.dll
0x59440000 - 0x5945a000 	C:\Windows\SYSTEM32\AVIFIL32.dll
0x59320000 - 0x59343000 	C:\Windows\SYSTEM32\MSVFW32.dll
0x59300000 - 0x59314000 	C:\Windows\SYSTEM32\AVICAP32.dll
0x57a30000 - 0x57a6c000 	C:\Users\Piotr\AppData\Local\Temp\javacpp42451229988859\jniopencv_highgui.dll
0x60740000 - 0x60754000 	C:\Windows\SYSTEM32\devenum.dll
0x73800000 - 0x73828000 	C:\Windows\SYSTEM32\ntmarta.dll
0x765b0000 - 0x765ed000 	C:\Windows\SYSTEM32\WINTRUST.dll
0x6bb50000 - 0x6bb5b000 	C:\Windows\SYSTEM32\msdmo.dll
0x51ce0000 - 0x51d11000 	C:\Windows\SYSTEM32\qcap.dll
0x51400000 - 0x5159f000 	C:\Windows\SYSTEM32\quartz.dll
0x5ebc0000 - 0x5ec00000 	C:\Windows\SYSTEM32\ksproxy.ax
0x60730000 - 0x6073c000 	C:\Windows\SYSTEM32\vidcap.ax
0x60710000 - 0x6072f000 	C:\Windows\SYSTEM32\kswdmcap.ax
0x5eab0000 - 0x5ebb4000 	C:\Windows\SYSTEM32\MFC42.dll
0x5ea00000 - 0x5eaa9000 	C:\Windows\SYSTEM32\ODBC32.dll
0x51c50000 - 0x51cde000 	C:\Windows\SYSTEM32\qedit.dll
0x75d00000 - 0x75d9b000 	C:\Windows\SYSTEM32\COMDLG32.dll
0x6ce10000 - 0x6cf80000 	C:\Windows\WinSxS\x86_microsoft.windows.gdiplus_6595b64144ccf1df_1.1.9600.17415_none_dad8722c5bcc2d8f\gdiplus.dll
0x5e910000 - 0x5e9fc000 	C:\Windows\SYSTEM32\DDRAW.dll

VM Arguments:
jvm_args: -Dfile.encoding=UTF-8 
java_command: wideokomunikator.main
java_class_path (initial): D:\Programowanie\javacv\javacv-bin\ffmpeg.jar;D:\Programowanie\javacv\javacv-bin\javacpp.jar;D:\Programowanie\javacv\javacv-bin\javacv.jar;D:\Programowanie\javacv\javacv-bin\opencv.jar;C:\Program Files\Java\jdk1.8.0_05\db\lib\derby.jar;C:\Program Files\Java\jdk1.8.0_05\db\lib\derbyclient.jar;C:\Program Files\Java\jdk1.8.0_05\db\lib\derbytools.jar;C:\Program Files\Java\jdk1.8.0_05\db\lib\derbynet.jar;D:\Programowanie\xuggle-xuggler-5.4.jar;D:\Programowanie\slf4j-simple-1.7.10.jar;D:\Programowanie\slf4j-api-1.7.10.jar;D:\Programowanie\javacv\javacv-bin\opencv-linux-x86.jar;D:\Programowanie\javacv\javacv-bin\opencv-linux-x86_64.jar;D:\Programowanie\javacv\javacv-bin\opencv-macosx-x86_64.jar;D:\Programowanie\javacv\javacv-bin\opencv-windows-x86.jar;D:\Programowanie\javacv\javacv-bin\opencv-windows-x86_64.jar;C:\Users\Piotr\Documents\NetBeansProjects\Wideokomunikator\build\classes
Launcher Type: SUN_STANDARD

Environment Variables:
JAVA_HOME=C:\Program Files\Java\jdk1.8.0_05
CLASSPATH=.;C:\PROGRA~2\JMF2.1.1e\lib\sound.jar;C:\PROGRA~2\JMF2.1.1e\lib\jmf.jar;C:\PROGRA~2\JMF2.1.1e\lib;.;.;.;c:\PROGRA~2\java\JMF21~1.1E\lib\sound.jar;c:\PROGRA~2\java\JMF21~1.1E\lib\jmf.jar;c:\PROGRA~2\java\JMF21~1.1E\lib;
PATH=C:\Program Files (x86)\NVIDIA Corporation\PhysX\Common;C:\ProgramData\Oracle\Java\javapath;C:\Python34\;C:\Python34\Scripts;C:\Program Files (x86)\Intel\iCLS Client\;C:\Program Files\Intel\iCLS Client\;C:\Windows\system32;C:\Windows;C:\Windows\System32\Wbem;C:\Windows\System32\WindowsPowerShell\v1.0\;C:\Program Files\Intel\Intel(R) Management Engine Components\DAL;C:\Program Files\Intel\Intel(R) Management Engine Components\IPT;C:\Program Files (x86)\Intel\Intel(R) Management Engine Components\DAL;C:\Program Files (x86)\Intel\Intel(R) Management Engine Components\IPT;C:\Program Files\nodejs\;C:\Windows\Microsoft.NET\Framework\v4.0.30319;C:\Program Files\Microsoft SQL Server\110\Tools\Binn\;C:\Program Files\Java\jdk1.8.0_05\bin;C:\Program Files\apache-ant-1.9.4\bin;%XUGGLE_HOME%\bin;C:\Program Files (x86)\QuickTime\QTSystem\;c:\PROGRA~2\java\JMF21~1.1E\lib;C:\Users\Piotr\AppData\Roaming\npm;C:\Program Files (x86)\Bitvise SSH Client;C:\Program Files\Java\jdk1.8.0_05\bin
USERNAME=Piotr
OS=Windows_NT
PROCESSOR_IDENTIFIER=Intel64 Family 6 Model 60 Stepping 3, GenuineIntel



---------------  S Y S T E M  ---------------

OS: Windows 8.1 , 64 bit Build 9600 

CPU:total 8 (4 cores per cpu, 2 threads per core) family 6 model 60 stepping 3, cmov, cx8, fxsr, mmx, sse, sse2, sse3, ssse3, sse4.1, sse4.2, popcnt, avx, avx2, aes, clmul, erms, lzcnt, ht, tsc, tscinvbit, bmi1, bmi2

Memory: 4k page, physical 15910992k(10865220k free), swap 36390992k(29925520k free)

vm_info: Java HotSpot(TM) Client VM (25.31-b07) for windows-x86 JRE (1.8.0_31-b13), built on Dec 17 2014 20:46:12 by "java_re" with MS VC++ 10.0 (VS2010)

time: Tue Feb 17 20:04:17 2015
elapsed time: 63 seconds (0d 0h 1m 3s)

