#
# A fatal error has been detected by the Java Runtime Environment:
#
#  EXCEPTION_ACCESS_VIOLATION (0xc0000005) at pc=0x0d2a32a0, pid=2380, tid=3288
#
# JRE version: Java(TM) SE Runtime Environment (8.0_31-b13) (build 1.8.0_31-b13)
# Java VM: Java HotSpot(TM) Client VM (25.31-b07 mixed mode, sharing windows-x86 )
# Problematic frame:
# C  0x0d2a32a0
#
# Failed to write core dump. Minidumps are not enabled by default on client versions of Windows
#
# If you would like to submit a bug report, please visit:
#   http://bugreport.java.com/bugreport/crash.jsp
# The crash happened outside the Java Virtual Machine in native code.
# See problematic frame for where to report the bug.
#

---------------  T H R E A D  ---------------

Current thread (0x0a32b000):  JavaThread "Thread-423" [_thread_in_native, id=3288, stack(0x08fe0000,0x09030000)]

siginfo: ExceptionCode=0xc0000005, reading address 0x00006e10

Registers:
EAX=0x000002c0, EBX=0x00000160, ECX=0x1f55e520, EDX=0x00006e10
ESP=0x0902eec4, EBP=0x00000000, ESI=0x00000010, EDI=0x00000000
EIP=0x0d2a32a0, EFLAGS=0x00010202

Top of Stack: (sp=0x0902eec4)
0x0902eec4:   0e8536a0 000000f0 0d0d0243 1f55e520
0x0902eed4:   00006e10 00000160 000000b0 0e856330
0x0902eee4:   00000000 00000140 000000f0 00000029
0x0902eef4:   00000051 00000000 00000000 00000061
0x0902ef04:   00000002 0e8536a0 0e922700 00000000
0x0902ef14:   00000000 0e8532c0 0d045feb 0d44c910
0x0902ef24:   0e922700 1f55e520 00000160 0e855130
0x0902ef34:   00000040 0e855030 0d44cdc0 00000140 

Instructions: (pc=0x0d2a32a0)
0x0d2a3280:   83 ec 08 89 1c 24 8b 54 24 10 89 74 24 04 8b 4c
0x0d2a3290:   24 0c be 10 00 00 00 8b 5c 24 14 8d 04 1b 66 90
0x0d2a32a0:   0f 6f 02 0f 6f 62 08 0f 6f 0c 1a 0f 6f 6c 1a 08
0x0d2a32b0:   0f 7f 01 0f 7f 61 08 0f 7f 0c 19 0f 7f 6c 19 08 


Register to memory mapping:

EAX=0x000002c0 is an unknown value
EBX=0x00000160 is an unknown value
ECX=0x1f55e520 is an unknown value
EDX=0x00006e10 is an unknown value
ESP=0x0902eec4 is pointing into the stack for thread: 0x0a32b000
EBP=0x00000000 is an unknown value
ESI=0x00000010 is an unknown value
EDI=0x00000000 is an unknown value


Stack: [0x08fe0000,0x09030000],  sp=0x0902eec4,  free space=315k
Native frames: (J=compiled Java code, j=interpreted, Vv=VM code, C=native code)
C  0x0d2a32a0

Java frames: (J=compiled Java code, j=interpreted, Vv=VM code)
j  com.xuggle.xuggler.XugglerJNI.IStreamCoder_decodeVideo(JLcom/xuggle/xuggler/IStreamCoder;JLcom/xuggle/xuggler/IVideoPicture;JLcom/xuggle/xuggler/IPacket;I)I+0
j  com.xuggle.xuggler.IStreamCoder.decodeVideo(Lcom/xuggle/xuggler/IVideoPicture;Lcom/xuggle/xuggler/IPacket;I)I+16
j  wideokomunikator.audiovideo.AudioVideo.decodeVideo(Lcom/xuggle/xuggler/IPacket;I)V+58
j  wideokomunikator.audiovideo.AudioVideo.access$2200(Lwideokomunikator/audiovideo/AudioVideo;Lcom/xuggle/xuggler/IPacket;I)V+3
j  wideokomunikator.audiovideo.AudioVideo$Hendler.run()V+891
v  ~StubRoutines::call_stub

---------------  P R O C E S S  ---------------

Java Threads: ( => current thread )
=>0x0a32b000 JavaThread "Thread-423" [_thread_in_native, id=3288, stack(0x08fe0000,0x09030000)]
  0x0a329c00 JavaThread "Thread-18" [_thread_in_native, id=8968, stack(0x0f170000,0x0f1c0000)]
  0x0644f400 JavaThread "Thread-17" [_thread_blocked, id=4740, stack(0x0f0e0000,0x0f130000)]
  0x0644fc00 JavaThread "Thread-20" [_thread_in_native, id=4652, stack(0x0f050000,0x0f0a0000)]
  0x0644e800 JavaThread "Thread-19" [_thread_in_native, id=6876, stack(0x0ef90000,0x0efe0000)]
  0x0644e400 JavaThread "Java Sound Event Dispatcher" daemon [_thread_blocked, id=8640, stack(0x0b4e0000,0x0b530000)]
  0x0644d400 JavaThread "derby.rawStoreDaemon" daemon [_thread_blocked, id=8424, stack(0x0aea0000,0x0aef0000)]
  0x06450800 JavaThread "DRDAConnThread_2" daemon [_thread_in_native, id=3568, stack(0x0ad10000,0x0ad60000)]
  0x0644dc00 JavaThread "NetworkServerThread_1" daemon [_thread_in_native, id=6836, stack(0x0ab80000,0x0abd0000)]
  0x06451000 JavaThread "derby.NetworkServerStarter" daemon [_thread_blocked, id=8852, stack(0x0aaf0000,0x0ab40000)]
  0x06450000 JavaThread "Timer-0" daemon [_thread_blocked, id=7392, stack(0x0a960000,0x0a9b0000)]
  0x06383000 JavaThread "D3D Screen Updater" daemon [_thread_blocked, id=8452, stack(0x09480000,0x094d0000)]
  0x0254c800 JavaThread "DestroyJavaVM" [_thread_blocked, id=1780, stack(0x02200000,0x02250000)]
  0x062bac00 JavaThread "Thread-5" [_thread_in_native, id=1276, stack(0x08a90000,0x08ae0000)]
  0x062ba400 JavaThread "Thread-4" [_thread_blocked, id=5868, stack(0x08a00000,0x08a50000)]
  0x06207400 JavaThread "TimerQueue" daemon [_thread_blocked, id=5972, stack(0x08860000,0x088b0000)]
  0x061f2c00 JavaThread "AWT-EventQueue-0" [_thread_blocked, id=9028, stack(0x087d0000,0x08820000)]
  0x061b4000 JavaThread "AWT-Windows" daemon [_thread_in_native, id=2296, stack(0x05f20000,0x05f70000)]
  0x061b3400 JavaThread "AWT-Shutdown" [_thread_blocked, id=9116, stack(0x05de0000,0x05e30000)]
  0x061b2c00 JavaThread "Java2D Disposer" daemon [_thread_blocked, id=6532, stack(0x05d50000,0x05da0000)]
  0x0612b800 JavaThread "Thread-0" [_thread_in_native, id=1832, stack(0x05bc0000,0x05c10000)]
  0x0236e400 JavaThread "Service Thread" daemon [_thread_blocked, id=8732, stack(0x05870000,0x058c0000)]
  0x02340800 JavaThread "C1 CompilerThread0" daemon [_thread_blocked, id=2756, stack(0x057e0000,0x05830000)]
  0x0233f800 JavaThread "Attach Listener" daemon [_thread_blocked, id=8032, stack(0x051f0000,0x05240000)]
  0x0233d800 JavaThread "Signal Dispatcher" daemon [_thread_blocked, id=7080, stack(0x05160000,0x051b0000)]
  0x022d8800 JavaThread "Finalizer" daemon [_thread_blocked, id=3868, stack(0x050d0000,0x05120000)]
  0x022d6000 JavaThread "Reference Handler" daemon [_thread_blocked, id=7448, stack(0x04600000,0x04650000)]

Other Threads:
  0x022d4400 VMThread [stack: 0x045b0000,0x04600000] [id=3904]
  0x02372800 WatcherThread [stack: 0x05900000,0x05950000] [id=7720]

VM state:not at safepoint (normal execution)

VM Mutex/Monitor currently owned by a thread: None

Heap:
 def new generation   total 78656K, used 43835K [0x0f200000, 0x14750000, 0x14750000)
  eden space 69952K, -2147483648% used [0x0f200000, 0x114608e8, 0x13650000)
  from space 8704K,  99% used [0x13650000, 0x13ebe438, 0x13ed0000)
  to   space 8704K,   0% used [0x13ed0000, 0x13ed0000, 0x14750000)
 tenured generation   total 174784K, used 148435K [0x14750000, 0x1f200000, 0x1f200000)
   the space 174784K,  84% used [0x14750000, 0x1d844c80, 0x1d844e00, 0x1f200000)
 Metaspace       used 11137K, capacity 11334K, committed 11520K, reserved 11648K

Card table byte_map: [0x02480000,0x02510000] byte_map_base: 0x02407000

Polling page: 0x00700000

CodeCache: size=32768Kb used=2358Kb max_used=2358Kb free=30409Kb
 bounds [0x02550000, 0x027a0000, 0x04550000]
 total_blobs=1601 nmethods=1215 adapters=317
 compilation: enabled

Compilation events (10 events):
Event: 50.483 Thread 0x02340800 1232             com.xuggle.xuggler.IVideoPicture::getHeight (9 bytes)
Event: 50.483 Thread 0x02340800 nmethod 1232 0x0279c248 code [0x0279c340, 0x0279c3ec]
Event: 50.768 Thread 0x02340800 1233             javax.swing.JComponent::repaint (19 bytes)
Event: 50.769 Thread 0x02340800 nmethod 1233 0x0279c448 code [0x0279c580, 0x0279c850]
Event: 50.819 Thread 0x02340800 1234   !         java.awt.event.InvocationEvent::finishedDispatching (53 bytes)
Event: 50.820 Thread 0x02340800 nmethod 1234 0x0279cb08 code [0x0279cc20, 0x0279ce68]
Event: 50.868 Thread 0x02340800 1235   !         java.awt.event.InvocationEvent::dispatch (69 bytes)
Event: 50.869 Thread 0x02340800 nmethod 1235 0x0279cfc8 code [0x0279d0f0, 0x0279d2d0]
Event: 51.269 Thread 0x02340800 1236             java.util.concurrent.locks.AbstractQueuedSynchronizer$ConditionObject::unlinkCancelledWaiters (67 bytes)
Event: 51.270 Thread 0x02340800 nmethod 1236 0x0279d408 code [0x0279d500, 0x0279d610]

GC Heap History (10 events):
Event: 45.335 GC heap before
{Heap before GC invocations=55 (full 4):
 def new generation   total 78656K, used 78107K [0x0f200000, 0x14750000, 0x14750000)
  eden space 69952K,  99% used [0x0f200000, 0x13649b90, 0x13650000)
  from space 8704K,  93% used [0x13ed0000, 0x146cd2d8, 0x14750000)
  to   space 8704K,   0% used [0x13650000, 0x13650000, 0x13ed0000)
 tenured generation   total 174784K, used 136790K [0x14750000, 0x1f200000, 0x1f200000)
   the space 174784K,  78% used [0x14750000, 0x1cce5bd0, 0x1cce5c00, 0x1f200000)
 Metaspace       used 11137K, capacity 11302K, committed 11392K, reserved 11648K
Event: 45.338 GC heap after
Heap after GC invocations=56 (full 4):
 def new generation   total 78656K, used 8524K [0x0f200000, 0x14750000, 0x14750000)
  eden space 69952K,   0% used [0x0f200000, 0x0f200000, 0x13650000)
  from space 8704K,  97% used [0x13650000, 0x13ea3328, 0x13ed0000)
  to   space 8704K,   0% used [0x13ed0000, 0x13ed0000, 0x14750000)
 tenured generation   total 174784K, used 139665K [0x14750000, 0x1f200000, 0x1f200000)
   the space 174784K,  79% used [0x14750000, 0x1cfb4448, 0x1cfb4600, 0x1f200000)
 Metaspace       used 11137K, capacity 11302K, committed 11392K, reserved 11648K
}
Event: 46.595 GC heap before
{Heap before GC invocations=56 (full 4):
 def new generation   total 78656K, used 77954K [0x0f200000, 0x14750000, 0x14750000)
  eden space 69952K,  99% used [0x0f200000, 0x135cd610, 0x13650000)
  from space 8704K,  97% used [0x13650000, 0x13ea3328, 0x13ed0000)
  to   space 8704K,   0% used [0x13ed0000, 0x13ed0000, 0x14750000)
 tenured generation   total 174784K, used 139665K [0x14750000, 0x1f200000, 0x1f200000)
   the space 174784K,  79% used [0x14750000, 0x1cfb4448, 0x1cfb4600, 0x1f200000)
 Metaspace       used 11137K, capacity 11302K, committed 11392K, reserved 11648K
Event: 46.598 GC heap after
Heap after GC invocations=57 (full 4):
 def new generation   total 78656K, used 8648K [0x0f200000, 0x14750000, 0x14750000)
  eden space 69952K,   0% used [0x0f200000, 0x0f200000, 0x13650000)
  from space 8704K,  99% used [0x13ed0000, 0x14742130, 0x14750000)
  to   space 8704K,   0% used [0x13650000, 0x13650000, 0x13ed0000)
 tenured generation   total 174784K, used 141307K [0x14750000, 0x1f200000, 0x1f200000)
   the space 174784K,  80% used [0x14750000, 0x1d14eca0, 0x1d14ee00, 0x1f200000)
 Metaspace       used 11137K, capacity 11302K, committed 11392K, reserved 11648K
}
Event: 47.960 GC heap before
{Heap before GC invocations=57 (full 4):
 def new generation   total 78656K, used 78594K [0x0f200000, 0x14750000, 0x14750000)
  eden space 69952K,  99% used [0x0f200000, 0x1364e798, 0x13650000)
  from space 8704K,  99% used [0x13ed0000, 0x14742130, 0x14750000)
  to   space 8704K,   0% used [0x13650000, 0x13650000, 0x13ed0000)
 tenured generation   total 174784K, used 141307K [0x14750000, 0x1f200000, 0x1f200000)
   the space 174784K,  80% used [0x14750000, 0x1d14eca0, 0x1d14ee00, 0x1f200000)
 Metaspace       used 11137K, capacity 11302K, committed 11392K, reserved 11648K
Event: 47.963 GC heap after
Heap after GC invocations=58 (full 4):
 def new generation   total 78656K, used 8631K [0x0f200000, 0x14750000, 0x14750000)
  eden space 69952K,   0% used [0x0f200000, 0x0f200000, 0x13650000)
  from space 8704K,  99% used [0x13650000, 0x13ebdda0, 0x13ed0000)
  to   space 8704K,   0% used [0x13ed0000, 0x13ed0000, 0x14750000)
 tenured generation   total 174784K, used 143747K [0x14750000, 0x1f200000, 0x1f200000)
   the space 174784K,  82% used [0x14750000, 0x1d3b0dc0, 0x1d3b0e00, 0x1f200000)
 Metaspace       used 11137K, capacity 11302K, committed 11392K, reserved 11648K
}
Event: 49.408 GC heap before
{Heap before GC invocations=58 (full 4):
 def new generation   total 78656K, used 78488K [0x0f200000, 0x14750000, 0x14750000)
  eden space 69952K,  99% used [0x0f200000, 0x136383d8, 0x13650000)
  from space 8704K,  99% used [0x13650000, 0x13ebdda0, 0x13ed0000)
  to   space 8704K,   0% used [0x13ed0000, 0x13ed0000, 0x14750000)
 tenured generation   total 174784K, used 143747K [0x14750000, 0x1f200000, 0x1f200000)
   the space 174784K,  82% used [0x14750000, 0x1d3b0dc0, 0x1d3b0e00, 0x1f200000)
 Metaspace       used 11137K, capacity 11302K, committed 11392K, reserved 11648K
Event: 49.411 GC heap after
Heap after GC invocations=59 (full 4):
 def new generation   total 78656K, used 8687K [0x0f200000, 0x14750000, 0x14750000)
  eden space 69952K,   0% used [0x0f200000, 0x0f200000, 0x13650000)
  from space 8704K,  99% used [0x13ed0000, 0x1474bf78, 0x14750000)
  to   space 8704K,   0% used [0x13650000, 0x13650000, 0x13ed0000)
 tenured generation   total 174784K, used 146459K [0x14750000, 0x1f200000, 0x1f200000)
   the space 174784K,  83% used [0x14750000, 0x1d656db0, 0x1d656e00, 0x1f200000)
 Metaspace       used 11137K, capacity 11302K, committed 11392K, reserved 11648K
}
Event: 50.691 GC heap before
{Heap before GC invocations=59 (full 4):
 def new generation   total 78656K, used 78106K [0x0f200000, 0x14750000, 0x14750000)
  eden space 69952K,  99% used [0x0f200000, 0x135caa08, 0x13650000)
  from space 8704K,  99% used [0x13ed0000, 0x1474bf78, 0x14750000)
  to   space 8704K,   0% used [0x13650000, 0x13650000, 0x13ed0000)
 tenured generation   total 174784K, used 146459K [0x14750000, 0x1f200000, 0x1f200000)
   the space 174784K,  83% used [0x14750000, 0x1d656db0, 0x1d656e00, 0x1f200000)
 Metaspace       used 11137K, capacity 11302K, committed 11392K, reserved 11648K
Event: 50.694 GC heap after
Heap after GC invocations=60 (full 4):
 def new generation   total 78656K, used 8633K [0x0f200000, 0x14750000, 0x14750000)
  eden space 69952K,   0% used [0x0f200000, 0x0f200000, 0x13650000)
  from space 8704K,  99% used [0x13650000, 0x13ebe438, 0x13ed0000)
  to   space 8704K,   0% used [0x13ed0000, 0x13ed0000, 0x14750000)
 tenured generation   total 174784K, used 148435K [0x14750000, 0x1f200000, 0x1f200000)
   the space 174784K,  84% used [0x14750000, 0x1d844c80, 0x1d844e00, 0x1f200000)
 Metaspace       used 11137K, capacity 11302K, committed 11392K, reserved 11648K
}

Deoptimization events (0 events):
No events

Internal exceptions (10 events):
Event: 11.184 Thread 0x0a329c00 Exception <a 'java/security/PrivilegedActionException'> (0x12833358) thrown at [C:\re\workspace\8-2-build-windows-i586-cygwin\jdk8u31\2394\hotspot\src\share\vm\prims\jvm.cpp, line 1312]
Event: 11.185 Thread 0x0a329c00 Exception <a 'java/security/PrivilegedActionException'> (0x1283d2f8) thrown at [C:\re\workspace\8-2-build-windows-i586-cygwin\jdk8u31\2394\hotspot\src\share\vm\prims\jvm.cpp, line 1312]
Event: 11.185 Thread 0x0a329c00 Exception <a 'java/security/PrivilegedActionException'> (0x1296fc40) thrown at [C:\re\workspace\8-2-build-windows-i586-cygwin\jdk8u31\2394\hotspot\src\share\vm\prims\jvm.cpp, line 1312]
Event: 11.186 Thread 0x0a329c00 Exception <a 'java/security/PrivilegedActionException'> (0x129769e0) thrown at [C:\re\workspace\8-2-build-windows-i586-cygwin\jdk8u31\2394\hotspot\src\share\vm\prims\jvm.cpp, line 1312]
Event: 11.186 Thread 0x0a329c00 Exception <a 'java/security/PrivilegedActionException'> (0x1297ed58) thrown at [C:\re\workspace\8-2-build-windows-i586-cygwin\jdk8u31\2394\hotspot\src\share\vm\prims\jvm.cpp, line 1312]
Event: 11.186 Thread 0x0a329c00 Exception <a 'java/security/PrivilegedActionException'> (0x12986930) thrown at [C:\re\workspace\8-2-build-windows-i586-cygwin\jdk8u31\2394\hotspot\src\share\vm\prims\jvm.cpp, line 1312]
Event: 11.187 Thread 0x0a329c00 Exception <a 'java/security/PrivilegedActionException'> (0x12994810) thrown at [C:\re\workspace\8-2-build-windows-i586-cygwin\jdk8u31\2394\hotspot\src\share\vm\prims\jvm.cpp, line 1312]
Event: 11.192 Thread 0x0a329c00 Exception <a 'java/security/PrivilegedActionException'> (0x129a4d60) thrown at [C:\re\workspace\8-2-build-windows-i586-cygwin\jdk8u31\2394\hotspot\src\share\vm\prims\jvm.cpp, line 1312]
Event: 11.193 Thread 0x0a329c00 Exception <a 'java/security/PrivilegedActionException'> (0x12b1e630) thrown at [C:\re\workspace\8-2-build-windows-i586-cygwin\jdk8u31\2394\hotspot\src\share\vm\prims\jvm.cpp, line 1312]
Event: 11.222 Thread 0x0644fc00 Exception <a 'java/security/PrivilegedActionException'> (0x127c8868) thrown at [C:\re\workspace\8-2-build-windows-i586-cygwin\jdk8u31\2394\hotspot\src\share\vm\prims\jvm.cpp, line 1312]

Events (10 events):
Event: 50.995 Thread 0x0a328400 Thread added: 0x0a328400
Event: 50.996 Thread 0x0a328400 Thread exited: 0x0a328400
Event: 51.090 Thread 0x0a327c00 Thread added: 0x0a327c00
Event: 51.092 Thread 0x0a327c00 Thread exited: 0x0a327c00
Event: 51.416 Thread 0x0a327c00 Thread added: 0x0a327c00
Event: 51.417 Thread 0x0a327c00 Thread exited: 0x0a327c00
Event: 51.427 Thread 0x0a327c00 Thread added: 0x0a327c00
Event: 51.427 Thread 0x0a327c00 Thread exited: 0x0a327c00
Event: 51.503 Thread 0x0a32b000 Thread added: 0x0a32b000
Event: 51.504 Thread 0x0a327c00 Thread added: 0x0a327c00


Dynamic libraries:
0x00320000 - 0x00350000 	C:\Program Files (x86)\Java\jdk1.8.0_31\bin\java.exe
0x770a0000 - 0x7720e000 	C:\Windows\SYSTEM32\ntdll.dll
0x75da0000 - 0x75ee0000 	C:\Windows\SYSTEM32\KERNEL32.DLL
0x763f0000 - 0x764c7000 	C:\Windows\SYSTEM32\KERNELBASE.dll
0x6ae80000 - 0x6af20000 	C:\Windows\system32\apphelp.dll
0x582b0000 - 0x58515000 	C:\Windows\AppPatch\AcGenral.DLL
0x76f00000 - 0x76fc3000 	C:\Windows\SYSTEM32\msvcrt.dll
0x76770000 - 0x767b1000 	C:\Windows\SYSTEM32\sechost.dll
0x748a0000 - 0x748be000 	C:\Windows\SYSTEM32\SspiCli.dll
0x76e90000 - 0x76ed5000 	C:\Windows\SYSTEM32\SHLWAPI.dll
0x73d60000 - 0x73e4d000 	C:\Windows\SYSTEM32\UxTheme.dll
0x767c0000 - 0x76913000 	C:\Windows\SYSTEM32\USER32.dll
0x748c0000 - 0x749ce000 	C:\Windows\SYSTEM32\GDI32.dll
0x6cde0000 - 0x6ce03000 	C:\Windows\SYSTEM32\WINMM.dll
0x6c790000 - 0x6c7a3000 	C:\Windows\SYSTEM32\samcli.dll
0x769c0000 - 0x76ae8000 	C:\Windows\SYSTEM32\ole32.dll
0x76920000 - 0x769b5000 	C:\Windows\SYSTEM32\OLEAUT32.dll
0x6ae10000 - 0x6ae27000 	C:\Windows\SYSTEM32\MSACM32.dll
0x74740000 - 0x74748000 	C:\Windows\SYSTEM32\VERSION.dll
0x74a50000 - 0x75cfc000 	C:\Windows\SYSTEM32\SHELL32.dll
0x74400000 - 0x7441b000 	C:\Windows\SYSTEM32\USERENV.dll
0x6ccb0000 - 0x6ccca000 	C:\Windows\SYSTEM32\dwmapi.dll
0x6c930000 - 0x6ca7a000 	C:\Windows\SYSTEM32\urlmon.dll
0x749d0000 - 0x74a4c000 	C:\Windows\SYSTEM32\ADVAPI32.dll
0x6cf80000 - 0x6cfe5000 	C:\Windows\SYSTEM32\WINSPOOL.DRV
0x6c7e0000 - 0x6c7f6000 	C:\Windows\SYSTEM32\MPR.dll
0x76250000 - 0x7630a000 	C:\Windows\SYSTEM32\RPCRT4.dll
0x74890000 - 0x7489a000 	C:\Windows\SYSTEM32\CRYPTBASE.dll
0x75ee0000 - 0x7605d000 	C:\Windows\SYSTEM32\combase.dll
0x6cdb0000 - 0x6cdd3000 	C:\Windows\SYSTEM32\WINMMBASE.dll
0x73ae0000 - 0x73aef000 	C:\Windows\SYSTEM32\profapi.dll
0x738a0000 - 0x73ad2000 	C:\Windows\SYSTEM32\iertutil.dll
0x73b80000 - 0x73d55000 	C:\Windows\SYSTEM32\WININET.dll
0x74830000 - 0x74884000 	C:\Windows\SYSTEM32\bcryptPrimitives.dll
0x764e0000 - 0x7651c000 	C:\Windows\SYSTEM32\cfgmgr32.dll
0x6cd80000 - 0x6cda1000 	C:\Windows\SYSTEM32\DEVOBJ.dll
0x746b0000 - 0x7473b000 	C:\Windows\SYSTEM32\SHCORE.DLL
0x76060000 - 0x76087000 	C:\Windows\system32\IMM32.DLL
0x76af0000 - 0x76c03000 	C:\Windows\SYSTEM32\MSCTF.dll
0x74750000 - 0x7477e000 	C:\Windows\SYSTEM32\nvinit.dll
0x0f000000 - 0x0f006000 	C:\Program Files (x86)\NVIDIA Corporation\CoProcManager\_etoured.dll
0x6bb90000 - 0x6bbbb000 	C:\Program Files (x86)\NVIDIA Corporation\CoProcManager\nvd3d9wrap.dll
0x76cd0000 - 0x76e81000 	C:\Windows\SYSTEM32\SETUPAPI.dll
0x6bb70000 - 0x6bb8f000 	C:\Program Files (x86)\NVIDIA Corporation\CoProcManager\nvdxgiwrap.dll
0x741e0000 - 0x743e6000 	C:\Windows\WinSxS\x86_microsoft.windows.common-controls_6595b64144ccf1df_6.0.9600.17415_none_a9ed7f470139b3c1\COMCTL32.dll
0x6b8e0000 - 0x6b95b000 	C:\Program Files (x86)\AVG\AVG2015\avghookx.dll
0x62e60000 - 0x62f1f000 	C:\Program Files (x86)\Java\jdk1.8.0_31\jre\bin\msvcr100.dll
0x57f00000 - 0x582a4000 	C:\Program Files (x86)\Java\jdk1.8.0_31\jre\bin\client\jvm.dll
0x6c860000 - 0x6c868000 	C:\Windows\SYSTEM32\WSOCK32.dll
0x76230000 - 0x76236000 	C:\Windows\SYSTEM32\PSAPI.DLL
0x76310000 - 0x76360000 	C:\Windows\SYSTEM32\WS2_32.dll
0x764d0000 - 0x764d7000 	C:\Windows\SYSTEM32\NSI.dll
0x6a2f0000 - 0x6a2fc000 	C:\Program Files (x86)\Java\jdk1.8.0_31\jre\bin\verify.dll
0x630c0000 - 0x630e1000 	C:\Program Files (x86)\Java\jdk1.8.0_31\jre\bin\java.dll
0x6a240000 - 0x6a253000 	C:\Program Files (x86)\Java\jdk1.8.0_31\jre\bin\zip.dll
0x62e40000 - 0x62e55000 	C:\Program Files (x86)\Java\jdk1.8.0_31\jre\bin\net.dll
0x6cb40000 - 0x6cb8b000 	C:\Windows\system32\mswsock.dll
0x6bc60000 - 0x6bcde000 	C:\Windows\SYSTEM32\DNSAPI.dll
0x6bc30000 - 0x6bc51000 	C:\Program Files (x86)\Bonjour\mdnsNSP.dll
0x744e0000 - 0x74500000 	C:\Windows\SYSTEM32\Iphlpapi.DLL
0x73b70000 - 0x73b78000 	C:\Windows\SYSTEM32\WINNSI.DLL
0x6bc20000 - 0x6bc28000 	C:\Windows\System32\rasadhlp.dll
0x6bbd0000 - 0x6bc16000 	C:\Windows\System32\fwpuclnt.dll
0x62cf0000 - 0x62e36000 	C:\Program Files (x86)\Java\jdk1.8.0_31\jre\bin\awt.dll
0x746a0000 - 0x746a9000 	C:\Windows\SYSTEM32\kernel.appcore.dll
0x63230000 - 0x63403000 	C:\Windows\system32\d3d9.dll
0x62bf0000 - 0x62cce000 	C:\Windows\SYSTEM32\nvumdshim.dll
0x5d220000 - 0x5e8fe000 	C:\Windows\system32\igdumdim32.dll
0x61bf0000 - 0x62468000 	C:\Windows\SYSTEM32\igdusc32.dll
0x624c0000 - 0x624f9000 	C:\Program Files (x86)\Java\jdk1.8.0_31\jre\bin\fontmanager.dll
0x630b0000 - 0x630bf000 	C:\Program Files (x86)\Java\jdk1.8.0_31\jre\bin\nio.dll
0x62490000 - 0x624c0000 	C:\Program Files (x86)\Java\jdk1.8.0_31\jre\bin\t2k.dll
0x62cd0000 - 0x62cf0000 	C:\Program Files (x86)\Java\jdk1.8.0_31\jre\bin\sunec.dll
0x62480000 - 0x62489000 	C:\Program Files (x86)\Java\jdk1.8.0_31\jre\bin\sunmscapi.dll
0x76090000 - 0x76218000 	C:\Windows\SYSTEM32\CRYPT32.dll
0x765f0000 - 0x765fe000 	C:\Windows\SYSTEM32\MSASN1.dll
0x6ecf0000 - 0x6ed09000 	C:\Windows\SYSTEM32\CRYPTSP.dll
0x6ec60000 - 0x6ec90000 	C:\Windows\system32\rsaenh.dll
0x6ec40000 - 0x6ec5e000 	C:\Windows\SYSTEM32\bcrypt.dll
0x76360000 - 0x763ed000 	C:\Windows\SYSTEM32\clbcatq.dll
0x6b0e0000 - 0x6b0f3000 	C:\Windows\SYSTEM32\dhcpcsvc6.DLL
0x6b990000 - 0x6b9a4000 	C:\Windows\SYSTEM32\dhcpcsvc.DLL
0x6ba10000 - 0x6ba21000 	C:\Windows\system32\napinsp.dll
0x6b9f0000 - 0x6ba06000 	C:\Windows\system32\pnrpnsp.dll
0x6b9d0000 - 0x6b9e4000 	C:\Windows\system32\NLAapi.dll
0x6b9c0000 - 0x6b9ca000 	C:\Windows\System32\winrnr.dll
0x6b9b0000 - 0x6b9c0000 	C:\Windows\system32\wshbth.dll
0x60780000 - 0x607a5000 	C:\Program Files (x86)\Java\jdk1.8.0_31\jre\bin\jpeg.dll
0x59470000 - 0x595db000 	C:\Windows\SYSTEM32\WindowsCodecs.dll
0x62470000 - 0x6247a000 	C:\Program Files (x86)\Java\jdk1.8.0_31\jre\bin\management.dll
0x5cdf0000 - 0x5cdfa000 	C:\Program Files (x86)\Java\jdk1.8.0_31\jre\bin\jsound.dll
0x5cde0000 - 0x5cde9000 	C:\Program Files (x86)\Java\jdk1.8.0_31\jre\bin\jsoundds.dll
0x5cd50000 - 0x5cdd1000 	C:\Windows\SYSTEM32\DSOUND.dll
0x6b730000 - 0x6b770000 	C:\Windows\SYSTEM32\POWRPROF.dll
0x659b0000 - 0x65a03000 	C:\Windows\SYSTEM32\MMDevAPI.DLL
0x5cd10000 - 0x5cd46000 	C:\Windows\SYSTEM32\wdmaud.drv
0x6bb20000 - 0x6bb27000 	C:\Windows\SYSTEM32\ksuser.dll
0x5fb50000 - 0x5fb5a000 	C:\Windows\SYSTEM32\AVRT.dll
0x65a10000 - 0x65a70000 	C:\Windows\SYSTEM32\AUDIOSES.DLL
0x5cd00000 - 0x5cd09000 	C:\Windows\SYSTEM32\msacm32.drv
0x59460000 - 0x59468000 	C:\Windows\SYSTEM32\midimap.dll
0x57e40000 - 0x57efe000 	C:\Users\Piotr\AppData\Local\Temp\javacpp42798378363664\msvcr100.dll
0x57dd0000 - 0x57e39000 	C:\Users\Piotr\AppData\Local\Temp\javacpp42798378363664\msvcp100.dll
0x57bc0000 - 0x57dc6000 	C:\Users\Piotr\AppData\Local\Temp\javacpp42798378363664\opencv_core249.dll
0x57a70000 - 0x57bb8000 	C:\Users\Piotr\AppData\Local\Temp\javacpp42798378363664\jniopencv_core.dll
0x517b0000 - 0x51a1d000 	C:\Users\Piotr\AppData\Local\Temp\javacpp42798378363664\opencv_imgproc249.dll
0x51d20000 - 0x51da0000 	C:\Users\Piotr\AppData\Local\Temp\javacpp42798378363664\jniopencv_imgproc.dll
0x70fc0000 - 0x71ef6000 	C:\Users\Piotr\AppData\Local\Temp\javacpp42798378363664\opencv_ffmpeg249.dll
0x515a0000 - 0x517a7000 	C:\Users\Piotr\AppData\Local\Temp\javacpp42798378363664\opencv_highgui249.dll
0x59440000 - 0x5945a000 	C:\Windows\SYSTEM32\AVIFIL32.dll
0x59320000 - 0x59343000 	C:\Windows\SYSTEM32\MSVFW32.dll
0x59300000 - 0x59314000 	C:\Windows\SYSTEM32\AVICAP32.dll
0x57a30000 - 0x57a6c000 	C:\Users\Piotr\AppData\Local\Temp\javacpp42798378363664\jniopencv_highgui.dll
0x60740000 - 0x60754000 	C:\Windows\SYSTEM32\devenum.dll
0x73800000 - 0x73828000 	C:\Windows\SYSTEM32\ntmarta.dll
0x765b0000 - 0x765ed000 	C:\Windows\SYSTEM32\WINTRUST.dll
0x6bb50000 - 0x6bb5b000 	C:\Windows\SYSTEM32\msdmo.dll
0x51ce0000 - 0x51d11000 	C:\Windows\SYSTEM32\qcap.dll
0x51400000 - 0x5159f000 	C:\Windows\SYSTEM32\quartz.dll
0x5ebc0000 - 0x5ec00000 	C:\Windows\SYSTEM32\ksproxy.ax
0x60730000 - 0x6073c000 	C:\Windows\SYSTEM32\vidcap.ax
0x60710000 - 0x6072f000 	C:\Windows\SYSTEM32\kswdmcap.ax
0x5eab0000 - 0x5ebb4000 	C:\Windows\SYSTEM32\MFC42.dll
0x5ea00000 - 0x5eaa9000 	C:\Windows\SYSTEM32\ODBC32.dll
0x51c50000 - 0x51cde000 	C:\Windows\SYSTEM32\qedit.dll
0x75d00000 - 0x75d9b000 	C:\Windows\SYSTEM32\COMDLG32.dll
0x6ce10000 - 0x6cf80000 	C:\Windows\WinSxS\x86_microsoft.windows.gdiplus_6595b64144ccf1df_1.1.9600.17415_none_dad8722c5bcc2d8f\gdiplus.dll
0x5e910000 - 0x5e9fc000 	C:\Windows\SYSTEM32\DDRAW.dll

VM Arguments:
jvm_args: -Dfile.encoding=UTF-8 
java_command: wideokomunikator.main
java_class_path (initial): D:\Programowanie\javacv\javacv-bin\ffmpeg.jar;D:\Programowanie\javacv\javacv-bin\javacpp.jar;D:\Programowanie\javacv\javacv-bin\javacv.jar;D:\Programowanie\javacv\javacv-bin\opencv.jar;C:\Program Files\Java\jdk1.8.0_05\db\lib\derby.jar;C:\Program Files\Java\jdk1.8.0_05\db\lib\derbyclient.jar;C:\Program Files\Java\jdk1.8.0_05\db\lib\derbytools.jar;C:\Program Files\Java\jdk1.8.0_05\db\lib\derbynet.jar;D:\Programowanie\xuggle-xuggler-5.4.jar;D:\Programowanie\slf4j-simple-1.7.10.jar;D:\Programowanie\slf4j-api-1.7.10.jar;D:\Programowanie\javacv\javacv-bin\opencv-linux-x86.jar;D:\Programowanie\javacv\javacv-bin\opencv-linux-x86_64.jar;D:\Programowanie\javacv\javacv-bin\opencv-macosx-x86_64.jar;D:\Programowanie\javacv\javacv-bin\opencv-windows-x86.jar;D:\Programowanie\javacv\javacv-bin\opencv-windows-x86_64.jar;C:\Users\Piotr\Documents\NetBeansProjects\Wideokomunikator\build\classes
Launcher Type: SUN_STANDARD

Environment Variables:
JAVA_HOME=C:\Program Files\Java\jdk1.8.0_05
CLASSPATH=.;C:\PROGRA~2\JMF2.1.1e\lib\sound.jar;C:\PROGRA~2\JMF2.1.1e\lib\jmf.jar;C:\PROGRA~2\JMF2.1.1e\lib;.;.;.;c:\PROGRA~2\java\JMF21~1.1E\lib\sound.jar;c:\PROGRA~2\java\JMF21~1.1E\lib\jmf.jar;c:\PROGRA~2\java\JMF21~1.1E\lib;
PATH=C:\Program Files (x86)\NVIDIA Corporation\PhysX\Common;C:\ProgramData\Oracle\Java\javapath;C:\Python34\;C:\Python34\Scripts;C:\Program Files (x86)\Intel\iCLS Client\;C:\Program Files\Intel\iCLS Client\;C:\Windows\system32;C:\Windows;C:\Windows\System32\Wbem;C:\Windows\System32\WindowsPowerShell\v1.0\;C:\Program Files\Intel\Intel(R) Management Engine Components\DAL;C:\Program Files\Intel\Intel(R) Management Engine Components\IPT;C:\Program Files (x86)\Intel\Intel(R) Management Engine Components\DAL;C:\Program Files (x86)\Intel\Intel(R) Management Engine Components\IPT;C:\Program Files\nodejs\;C:\Windows\Microsoft.NET\Framework\v4.0.30319;C:\Program Files\Microsoft SQL Server\110\Tools\Binn\;C:\Program Files\Java\jdk1.8.0_05\bin;C:\Program Files\apache-ant-1.9.4\bin;%XUGGLE_HOME%\bin;C:\Program Files (x86)\QuickTime\QTSystem\;c:\PROGRA~2\java\JMF21~1.1E\lib;C:\Users\Piotr\AppData\Roaming\npm;C:\Program Files (x86)\Bitvise SSH Client;C:\Program Files\Java\jdk1.8.0_05\bin
USERNAME=Piotr
OS=Windows_NT
PROCESSOR_IDENTIFIER=Intel64 Family 6 Model 60 Stepping 3, GenuineIntel



---------------  S Y S T E M  ---------------

OS: Windows 8.1 , 64 bit Build 9600 

CPU:total 8 (4 cores per cpu, 2 threads per core) family 6 model 60 stepping 3, cmov, cx8, fxsr, mmx, sse, sse2, sse3, ssse3, sse4.1, sse4.2, popcnt, avx, avx2, aes, clmul, erms, lzcnt, ht, tsc, tscinvbit, bmi1, bmi2

Memory: 4k page, physical 15910992k(10458108k free), swap 36390992k(29438116k free)

vm_info: Java HotSpot(TM) Client VM (25.31-b07) for windows-x86 JRE (1.8.0_31-b13), built on Dec 17 2014 20:46:12 by "java_re" with MS VC++ 10.0 (VS2010)

time: Tue Feb 17 20:09:52 2015
elapsed time: 51 seconds (0d 0h 0m 51s)

