#
# A fatal error has been detected by the Java Runtime Environment:
#
#  EXCEPTION_ACCESS_VIOLATION (0xc0000005) at pc=0x0abc119a, pid=5292, tid=7268
#
# JRE version: Java(TM) SE Runtime Environment (8.0_31-b13) (build 1.8.0_31-b13)
# Java VM: Java HotSpot(TM) Client VM (25.31-b07 mixed mode windows-x86 )
# Problematic frame:
# C  [xuggle3121587396335872553.dll+0x30119a]
#
# Failed to write core dump. Minidumps are not enabled by default on client versions of Windows
#
# If you would like to submit a bug report, please visit:
#   http://bugreport.java.com/bugreport/crash.jsp
# The crash happened outside the Java Virtual Machine in native code.
# See problematic frame for where to report the bug.
#

---------------  T H R E A D  ---------------

Current thread (0x084a3400):  JavaThread "Thread-26" [_thread_in_native, id=7268, stack(0x21900000,0x21950000)]

siginfo: ExceptionCode=0xc0000005, reading address 0xc4113f76

Registers:
EAX=0x00000000, EBX=0x2194f2e8, ECX=0x00000000, EDX=0xc4113f76
ESP=0x2194f060, EBP=0xc4113f76, ESI=0x41444f12, EDI=0x205d1760
EIP=0x0abc119a, EFLAGS=0x00010246

Top of Stack: (sp=0x2194f060)
0x2194f060:   027803b2 2194f720 054a38f8 2194f200
0x2194f070:   2194f0ec 6cb16b85 054a38f8 00000000
0x2194f080:   2194f268 084a3400 6cb17451 084a3400
0x2194f090:   08727310 2194f268 084a3400 087c3ab8
0x2194f0a0:   04819f88 0fb16d08 2194f720 0278be21
0x2194f0b0:   2194f770 2194f268 084a3400 087275b0
0x2194f0c0:   05426228 05426238 0542631c 000000ec
0x2194f0d0:   205d2140 04819f88 084a3400 0000000a 

Instructions: (pc=0x0abc119a)
0x0abc117a:   00 89 84 24 80 00 00 00 89 5c 24 70 8b 9c 24 60
0x0abc118a:   02 00 00 8b 4b 08 8b 13 89 c8 83 e1 07 c1 e8 03
0x0abc119a:   8b 04 02 0f c8 d3 e0 c1 e8 f4 3d ff 0f 00 00 0f
0x0abc11aa:   84 bf 12 00 00 8b 5c 24 70 c7 84 24 90 00 00 00 


Register to memory mapping:

EAX=0x00000000 is an unknown value
EBX=0x2194f2e8 is pointing into the stack for thread: 0x084a3400
ECX=0x00000000 is an unknown value
EDX=0xc4113f76 is an unknown value
ESP=0x2194f060 is pointing into the stack for thread: 0x084a3400
EBP=0xc4113f76 is an unknown value
ESI=0x41444f12 is an unknown value
EDI=0x205d1760 is an unknown value


Stack: [0x21900000,0x21950000],  sp=0x2194f060,  free space=316k
Native frames: (J=compiled Java code, j=interpreted, Vv=VM code, C=native code)
C  [xuggle3121587396335872553.dll+0x30119a]

Java frames: (J=compiled Java code, j=interpreted, Vv=VM code)
j  com.xuggle.xuggler.XugglerJNI.IStreamCoder_decodeAudio(JLcom/xuggle/xuggler/IStreamCoder;JLcom/xuggle/xuggler/IAudioSamples;JLcom/xuggle/xuggler/IPacket;I)I+0
j  com.xuggle.xuggler.IStreamCoder.decodeAudio(Lcom/xuggle/xuggler/IAudioSamples;Lcom/xuggle/xuggler/IPacket;I)I+16
j  wideokomunikator.audiovideo.AudioVideo.decodeAudio(Lwideokomunikator/audiovideo/Packet;I)V+79
j  wideokomunikator.audiovideo.AudioVideo.access$1800(Lwideokomunikator/audiovideo/AudioVideo;Lwideokomunikator/audiovideo/Packet;I)V+3
j  wideokomunikator.audiovideo.AudioVideo$8.run()V+81
j  java.lang.Thread.run()V+11
v  ~StubRoutines::call_stub

---------------  P R O C E S S  ---------------

Java Threads: ( => current thread )
  0x084a2400 JavaThread "Thread-25" [_thread_blocked, id=4732, stack(0x21a20000,0x21a70000)]
  0x084a5000 JavaThread "Thread-27" [_thread_blocked, id=1168, stack(0x21990000,0x219e0000)]
=>0x084a3400 JavaThread "Thread-26" [_thread_in_native, id=7268, stack(0x21900000,0x21950000)]
  0x084a5c00 JavaThread "Thread-17" [_thread_in_native, id=7784, stack(0x20f50000,0x20fa0000)]
  0x083db000 JavaThread "Thread-16" [_thread_blocked, id=1068, stack(0x20ec0000,0x20f10000)]
  0x083da800 JavaThread "Thread-21" [_thread_blocked, id=1220, stack(0x20e30000,0x20e80000)]
  0x083dd400 JavaThread "Thread-20" [_thread_blocked, id=7844, stack(0x20da0000,0x20df0000)]
  0x083dd000 JavaThread "Thread-19" [_thread_in_native, id=6192, stack(0x20d10000,0x20d60000)]
  0x083dc800 JavaThread "Thread-18" [_thread_in_native, id=3304, stack(0x20c80000,0x20cd0000)]
  0x083de400 JavaThread "Java Sound Event Dispatcher" daemon [_thread_blocked, id=9052, stack(0x0bed0000,0x0bf20000)]
  0x083dc400 JavaThread "derby.rawStoreDaemon" daemon [_thread_blocked, id=8200, stack(0x0a1b0000,0x0a200000)]
  0x083db800 JavaThread "DRDAConnThread_2" daemon [_thread_in_native, id=3388, stack(0x0a020000,0x0a070000)]
  0x083ddc00 JavaThread "NetworkServerThread_1" daemon [_thread_in_native, id=3032, stack(0x09e90000,0x09ee0000)]
  0x0829b000 JavaThread "derby.NetworkServerStarter" daemon [_thread_blocked, id=8728, stack(0x09e00000,0x09e50000)]
  0x0836cc00 JavaThread "Timer-0" daemon [_thread_blocked, id=6952, stack(0x09010000,0x09060000)]
  0x081c0000 JavaThread "D3D Screen Updater" daemon [_thread_blocked, id=3420, stack(0x08ee0000,0x08f30000)]
  0x0078c800 JavaThread "DestroyJavaVM" [_thread_blocked, id=8788, stack(0x00f70000,0x00fc0000)]
  0x05515400 JavaThread "Thread-4" [_thread_in_native, id=8144, stack(0x07470000,0x074c0000)]
  0x05514400 JavaThread "Thread-3" [_thread_blocked, id=7488, stack(0x073e0000,0x07430000)]
  0x05406000 JavaThread "TimerQueue" daemon [_thread_blocked, id=3640, stack(0x07b90000,0x07be0000)]
  0x053d3800 JavaThread "AWT-EventQueue-0" [_thread_blocked, id=4216, stack(0x07b00000,0x07b50000)]
  0x05383400 JavaThread "AWT-Windows" daemon [_thread_in_native, id=4692, stack(0x05c00000,0x05c50000)]
  0x05382000 JavaThread "AWT-Shutdown" [_thread_blocked, id=7988, stack(0x05b70000,0x05bc0000)]
  0x05381000 JavaThread "Java2D Disposer" daemon [_thread_blocked, id=8176, stack(0x05ae0000,0x05b30000)]
  0x04c13400 JavaThread "Service Thread" daemon [_thread_blocked, id=8108, stack(0x050b0000,0x05100000)]
  0x04c1a800 JavaThread "C1 CompilerThread0" daemon [_thread_blocked, id=4048, stack(0x05020000,0x05070000)]
  0x04c19800 JavaThread "Attach Listener" daemon [_thread_blocked, id=5904, stack(0x04f90000,0x04fe0000)]
  0x04c17800 JavaThread "Signal Dispatcher" daemon [_thread_blocked, id=9088, stack(0x04f00000,0x04f50000)]
  0x04be6800 JavaThread "Finalizer" daemon [_thread_blocked, id=1364, stack(0x04e70000,0x04ec0000)]
  0x0121e800 JavaThread "Reference Handler" daemon [_thread_blocked, id=3812, stack(0x04de0000,0x04e30000)]

Other Threads:
  0x0121d000 VMThread [stack: 0x012b0000,0x01300000] [id=992]
  0x04c33800 WatcherThread [stack: 0x05140000,0x05190000] [id=8376]

VM state:not at safepoint (normal execution)

VM Mutex/Monitor currently owned by a thread: None

Heap:
 def new generation   total 78656K, used 69453K [0x0f200000, 0x14750000, 0x14750000)
  eden space 69952K,  86% used [0x0f200000, 0x12d537f0, 0x13650000)
  from space 8704K, 100% used [0x13650000, 0x13ed0000, 0x13ed0000)
  to   space 8704K,   0% used [0x13ed0000, 0x13ed0000, 0x14750000)
 tenured generation   total 174784K, used 147533K [0x14750000, 0x1f200000, 0x1f200000)
   the space 174784K,  84% used [0x14750000, 0x1d763400, 0x1d763400, 0x1f200000)
 Metaspace       used 18532K, capacity 18712K, committed 18816K, reserved 18816K

Card table byte_map: [0x01220000,0x012b0000] byte_map_base: 0x011a7000

Polling page: 0x00760000

CodeCache: size=32768Kb used=1999Kb max_used=1999Kb free=30768Kb
 bounds [0x02780000, 0x02978000, 0x04780000]
 total_blobs=1310 nmethods=924 adapters=317
 compilation: enabled

Compilation events (10 events):
Event: 16.166 Thread 0x04c1a800  941             java.util.concurrent.locks.AbstractQueuedSynchronizer$ConditionObject::awaitNanos (156 bytes)
Event: 16.166 Thread 0x04c1a800 nmethod 941 0x02972bc8 code [0x02972da0, 0x02973378]
Event: 16.916 Thread 0x04c1a800  942             java.lang.Math::round (70 bytes)
Event: 16.916 Thread 0x04c1a800 nmethod 942 0x02973a88 code [0x02973b80, 0x02973cf0]
Event: 17.170 Thread 0x04c1a800  943             java.util.concurrent.atomic.AtomicLong::<init> (10 bytes)
Event: 17.170 Thread 0x04c1a800 nmethod 943 0x02973d48 code [0x02973e40, 0x02973ee0]
Event: 17.307 Thread 0x04c1a800  944             java.util.HashMap::getOrDefault (23 bytes)
Event: 17.307 Thread 0x04c1a800 nmethod 944 0x02973f48 code [0x02974060, 0x02974168]
Event: 17.365 Thread 0x04c1a800  945             java.lang.Long::<init> (10 bytes)
Event: 17.365 Thread 0x04c1a800 nmethod 945 0x02974248 code [0x02974340, 0x029743d0]

GC Heap History (10 events):
Event: 4.520 GC heap before
{Heap before GC invocations=27 (full 2):
 def new generation   total 69312K, used 64102K [0x0f200000, 0x13d30000, 0x14750000)
  eden space 61632K, 100% used [0x0f200000, 0x12e30000, 0x12e30000)
  from space 7680K,  32% used [0x135b0000, 0x13819980, 0x13d30000)
  to   space 7680K,   0% used [0x12e30000, 0x12e30000, 0x135b0000)
 tenured generation   total 153860K, used 116778K [0x14750000, 0x1dd91000, 0x1f200000)
   the space 153860K,  75% used [0x14750000, 0x1b95aae8, 0x1b95ac00, 0x1dd91000)
 Metaspace       used 9006K, capacity 9151K, committed 9216K, reserved 9600K
Event: 4.521 GC heap after
Heap after GC invocations=28 (full 2):
 def new generation   total 69312K, used 2470K [0x0f200000, 0x13d30000, 0x14750000)
  eden space 61632K,   0% used [0x0f200000, 0x0f200000, 0x12e30000)
  from space 7680K,  32% used [0x12e30000, 0x13099980, 0x135b0000)
  to   space 7680K,   0% used [0x135b0000, 0x135b0000, 0x13d30000)
 tenured generation   total 153860K, used 116778K [0x14750000, 0x1dd91000, 0x1f200000)
   the space 153860K,  75% used [0x14750000, 0x1b95aae8, 0x1b95ac00, 0x1dd91000)
 Metaspace       used 9006K, capacity 9151K, committed 9216K, reserved 9600K
}
Event: 5.951 GC heap before
{Heap before GC invocations=28 (full 2):
 def new generation   total 69312K, used 64102K [0x0f200000, 0x13d30000, 0x14750000)
  eden space 61632K, 100% used [0x0f200000, 0x12e30000, 0x12e30000)
  from space 7680K,  32% used [0x12e30000, 0x13099980, 0x135b0000)
  to   space 7680K,   0% used [0x135b0000, 0x135b0000, 0x13d30000)
 tenured generation   total 153860K, used 116778K [0x14750000, 0x1dd91000, 0x1f200000)
   the space 153860K,  75% used [0x14750000, 0x1b95aae8, 0x1b95ac00, 0x1dd91000)
 Metaspace       used 12324K, capacity 12494K, committed 12544K, reserved 12672K
Event: 5.956 GC heap after
Heap after GC invocations=29 (full 2):
 def new generation   total 69312K, used 2960K [0x0f200000, 0x13d30000, 0x14750000)
  eden space 61632K,   0% used [0x0f200000, 0x0f200000, 0x12e30000)
  from space 7680K,  38% used [0x135b0000, 0x13894220, 0x13d30000)
  to   space 7680K,   0% used [0x12e30000, 0x12e30000, 0x135b0000)
 tenured generation   total 153860K, used 116778K [0x14750000, 0x1dd91000, 0x1f200000)
   the space 153860K,  75% used [0x14750000, 0x1b95aae8, 0x1b95ac00, 0x1dd91000)
 Metaspace       used 12324K, capacity 12494K, committed 12544K, reserved 12672K
}
Event: 6.288 GC heap before
{Heap before GC invocations=29 (full 2):
 def new generation   total 69312K, used 22595K [0x0f200000, 0x13d30000, 0x14750000)
  eden space 61632K,  31% used [0x0f200000, 0x1052cbb8, 0x12e30000)
  from space 7680K,  38% used [0x135b0000, 0x13894220, 0x13d30000)
  to   space 7680K,   0% used [0x12e30000, 0x12e30000, 0x135b0000)
 tenured generation   total 153860K, used 116778K [0x14750000, 0x1dd91000, 0x1f200000)
   the space 153860K,  75% used [0x14750000, 0x1b95aae8, 0x1b95ac00, 0x1dd91000)
 Metaspace       used 14959K, capacity 15086K, committed 15148K, reserved 15744K
Event: 6.311 GC heap after
Heap after GC invocations=30 (full 3):
 def new generation   total 78656K, used 0K [0x0f200000, 0x14750000, 0x14750000)
  eden space 69952K,   0% used [0x0f200000, 0x0f200000, 0x13650000)
  from space 8704K,   0% used [0x13650000, 0x13650000, 0x13ed0000)
  to   space 8704K,   0% used [0x13ed0000, 0x13ed0000, 0x14750000)
 tenured generation   total 174784K, used 120676K [0x14750000, 0x1f200000, 0x1f200000)
   the space 174784K,  69% used [0x14750000, 0x1bd29068, 0x1bd29200, 0x1f200000)
 Metaspace       used 14959K, capacity 15086K, committed 15148K, reserved 15744K
}
Event: 12.866 GC heap before
{Heap before GC invocations=30 (full 3):
 def new generation   total 78656K, used 69798K [0x0f200000, 0x14750000, 0x14750000)
  eden space 69952K,  99% used [0x0f200000, 0x13629aa0, 0x13650000)
  from space 8704K,   0% used [0x13650000, 0x13650000, 0x13ed0000)
  to   space 8704K,   0% used [0x13ed0000, 0x13ed0000, 0x14750000)
 tenured generation   total 174784K, used 120676K [0x14750000, 0x1f200000, 0x1f200000)
   the space 174784K,  69% used [0x14750000, 0x1bd29068, 0x1bd29200, 0x1f200000)
 Metaspace       used 18530K, capacity 18709K, committed 18816K, reserved 18816K
Event: 12.877 GC heap after
Heap after GC invocations=31 (full 3):
 def new generation   total 78656K, used 8704K [0x0f200000, 0x14750000, 0x14750000)
  eden space 69952K,   0% used [0x0f200000, 0x0f200000, 0x13650000)
  from space 8704K, 100% used [0x13ed0000, 0x14750000, 0x14750000)
  to   space 8704K,   0% used [0x13650000, 0x13650000, 0x13ed0000)
 tenured generation   total 174784K, used 127829K [0x14750000, 0x1f200000, 0x1f200000)
   the space 174784K,  73% used [0x14750000, 0x1c4255f0, 0x1c425600, 0x1f200000)
 Metaspace       used 18530K, capacity 18709K, committed 18816K, reserved 18816K
}
Event: 15.361 GC heap before
{Heap before GC invocations=31 (full 3):
 def new generation   total 78656K, used 78493K [0x0f200000, 0x14750000, 0x14750000)
  eden space 69952K,  99% used [0x0f200000, 0x136275d8, 0x13650000)
  from space 8704K, 100% used [0x13ed0000, 0x14750000, 0x14750000)
  to   space 8704K,   0% used [0x13650000, 0x13650000, 0x13ed0000)
 tenured generation   total 174784K, used 127829K [0x14750000, 0x1f200000, 0x1f200000)
   the space 174784K,  73% used [0x14750000, 0x1c4255f0, 0x1c425600, 0x1f200000)
 Metaspace       used 18532K, capacity 18712K, committed 18816K, reserved 18816K
Event: 15.373 GC heap after
Heap after GC invocations=32 (full 3):
 def new generation   total 78656K, used 8704K [0x0f200000, 0x14750000, 0x14750000)
  eden space 69952K,   0% used [0x0f200000, 0x0f200000, 0x13650000)
  from space 8704K, 100% used [0x13650000, 0x13ed0000, 0x13ed0000)
  to   space 8704K,   0% used [0x13ed0000, 0x13ed0000, 0x14750000)
 tenured generation   total 174784K, used 147533K [0x14750000, 0x1f200000, 0x1f200000)
   the space 174784K,  84% used [0x14750000, 0x1d763400, 0x1d763400, 0x1f200000)
 Metaspace       used 18532K, capacity 18712K, committed 18816K, reserved 18816K
}

Deoptimization events (0 events):
No events

Internal exceptions (10 events):
Event: 11.727 Thread 0x084a4800 Exception <a 'java/security/PrivilegedActionException'> (0x116c7e30) thrown at [C:\re\workspace\8-2-build-windows-i586-cygwin\jdk8u31\2394\hotspot\src\share\vm\prims\jvm.cpp, line 1312]
Event: 11.765 Thread 0x084a5c00 Exception <a 'java/security/PrivilegedActionException'> (0x115d0560) thrown at [C:\re\workspace\8-2-build-windows-i586-cygwin\jdk8u31\2394\hotspot\src\share\vm\prims\jvm.cpp, line 1312]
Event: 11.766 Thread 0x084a5c00 Exception <a 'java/security/PrivilegedActionException'> (0x115db888) thrown at [C:\re\workspace\8-2-build-windows-i586-cygwin\jdk8u31\2394\hotspot\src\share\vm\prims\jvm.cpp, line 1312]
Event: 11.767 Thread 0x084a5c00 Exception <a 'java/security/PrivilegedActionException'> (0x115e3ac0) thrown at [C:\re\workspace\8-2-build-windows-i586-cygwin\jdk8u31\2394\hotspot\src\share\vm\prims\jvm.cpp, line 1312]
Event: 11.767 Thread 0x084a5c00 Exception <a 'java/security/PrivilegedActionException'> (0x1186ed40) thrown at [C:\re\workspace\8-2-build-windows-i586-cygwin\jdk8u31\2394\hotspot\src\share\vm\prims\jvm.cpp, line 1312]
Event: 11.767 Thread 0x084a5c00 Exception <a 'java/security/PrivilegedActionException'> (0x118788e8) thrown at [C:\re\workspace\8-2-build-windows-i586-cygwin\jdk8u31\2394\hotspot\src\share\vm\prims\jvm.cpp, line 1312]
Event: 11.768 Thread 0x084a5c00 Exception <a 'java/security/PrivilegedActionException'> (0x1187f688) thrown at [C:\re\workspace\8-2-build-windows-i586-cygwin\jdk8u31\2394\hotspot\src\share\vm\prims\jvm.cpp, line 1312]
Event: 11.768 Thread 0x084a5c00 Exception <a 'java/security/PrivilegedActionException'> (0x11887a00) thrown at [C:\re\workspace\8-2-build-windows-i586-cygwin\jdk8u31\2394\hotspot\src\share\vm\prims\jvm.cpp, line 1312]
Event: 11.768 Thread 0x084a5c00 Exception <a 'java/security/PrivilegedActionException'> (0x1188f5d8) thrown at [C:\re\workspace\8-2-build-windows-i586-cygwin\jdk8u31\2394\hotspot\src\share\vm\prims\jvm.cpp, line 1312]
Event: 11.769 Thread 0x084a5c00 Exception <a 'java/security/PrivilegedActionException'> (0x1189b2b8) thrown at [C:\re\workspace\8-2-build-windows-i586-cygwin\jdk8u31\2394\hotspot\src\share\vm\prims\jvm.cpp, line 1312]

Events (10 events):
Event: 17.363 Thread 0x084a3000 Thread added: 0x084a3000
Event: 17.363 Thread 0x084a3000 Thread exited: 0x084a3000
Event: 17.367 Thread 0x084a4800 Thread added: 0x084a4800
Event: 17.367 Thread 0x084a4800 Thread exited: 0x084a4800
Event: 17.621 Thread 0x084a4800 Thread added: 0x084a4800
Event: 17.622 Thread 0x084a5400 Thread added: 0x084a5400
Event: 17.622 Thread 0x084a4800 Thread exited: 0x084a4800
Event: 17.622 Thread 0x084a5400 Thread exited: 0x084a5400
Event: 17.623 Executing VM operation: RevokeBias
Event: 17.623 Executing VM operation: RevokeBias done


Dynamic libraries:
0x01350000 - 0x01380000 	C:\Program Files (x86)\Java\jdk1.8.0_31\bin\java.exe
0x77750000 - 0x778be000 	C:\Windows\SYSTEM32\ntdll.dll
0x75260000 - 0x753a0000 	C:\Windows\SYSTEM32\KERNEL32.DLL
0x75a10000 - 0x75ae7000 	C:\Windows\SYSTEM32\KERNELBASE.dll
0x6c1a0000 - 0x6c240000 	C:\Windows\system32\apphelp.dll
0x78340000 - 0x785a5000 	C:\Windows\AppPatch\AcGenral.DLL
0x75860000 - 0x75923000 	C:\Windows\SYSTEM32\msvcrt.dll
0x77260000 - 0x772a1000 	C:\Windows\SYSTEM32\sechost.dll
0x74f50000 - 0x74f6e000 	C:\Windows\SYSTEM32\SspiCli.dll
0x77010000 - 0x77055000 	C:\Windows\SYSTEM32\SHLWAPI.dll
0x72120000 - 0x7220d000 	C:\Windows\SYSTEM32\UxTheme.dll
0x75100000 - 0x75253000 	C:\Windows\SYSTEM32\USER32.dll
0x774d0000 - 0x775de000 	C:\Windows\SYSTEM32\GDI32.dll
0x6d460000 - 0x6d483000 	C:\Windows\SYSTEM32\WINMM.dll
0x6cf00000 - 0x6cf13000 	C:\Windows\SYSTEM32\samcli.dll
0x773a0000 - 0x774c8000 	C:\Windows\SYSTEM32\ole32.dll
0x75cb0000 - 0x75d45000 	C:\Windows\SYSTEM32\OLEAUT32.dll
0x684b0000 - 0x684c7000 	C:\Windows\SYSTEM32\MSACM32.dll
0x74df0000 - 0x74df8000 	C:\Windows\SYSTEM32\VERSION.dll
0x75d60000 - 0x7700c000 	C:\Windows\SYSTEM32\SHELL32.dll
0x73160000 - 0x7317b000 	C:\Windows\SYSTEM32\USERENV.dll
0x6d330000 - 0x6d34a000 	C:\Windows\SYSTEM32\dwmapi.dll
0x6cfa0000 - 0x6d0ea000 	C:\Windows\SYSTEM32\urlmon.dll
0x75930000 - 0x759ac000 	C:\Windows\SYSTEM32\ADVAPI32.dll
0x6d600000 - 0x6d665000 	C:\Windows\SYSTEM32\WINSPOOL.DRV
0x6cf50000 - 0x6cf66000 	C:\Windows\SYSTEM32\MPR.dll
0x772e0000 - 0x7739a000 	C:\Windows\SYSTEM32\RPCRT4.dll
0x74f40000 - 0x74f4a000 	C:\Windows\SYSTEM32\CRYPTBASE.dll
0x75520000 - 0x7569d000 	C:\Windows\SYSTEM32\combase.dll
0x6d430000 - 0x6d453000 	C:\Windows\SYSTEM32\WINMMBASE.dll
0x71db0000 - 0x71dbf000 	C:\Windows\SYSTEM32\profapi.dll
0x71b30000 - 0x71d62000 	C:\Windows\SYSTEM32\iertutil.dll
0x71e50000 - 0x72025000 	C:\Windows\SYSTEM32\WININET.dll
0x74ee0000 - 0x74f34000 	C:\Windows\SYSTEM32\bcryptPrimitives.dll
0x77220000 - 0x7725c000 	C:\Windows\SYSTEM32\cfgmgr32.dll
0x6d400000 - 0x6d421000 	C:\Windows\SYSTEM32\DEVOBJ.dll
0x73480000 - 0x7350b000 	C:\Windows\SYSTEM32\SHCORE.DLL
0x75c80000 - 0x75ca7000 	C:\Windows\system32\IMM32.DLL
0x753a0000 - 0x754b3000 	C:\Windows\SYSTEM32\MSCTF.dll
0x74e00000 - 0x74e2e000 	C:\Windows\SYSTEM32\nvinit.dll
0x0f000000 - 0x0f006000 	C:\Program Files (x86)\NVIDIA Corporation\CoProcManager\_etoured.dll
0x6b660000 - 0x6b68b000 	C:\Program Files (x86)\NVIDIA Corporation\CoProcManager\nvd3d9wrap.dll
0x756a0000 - 0x75851000 	C:\Windows\SYSTEM32\SETUPAPI.dll
0x6b640000 - 0x6b65f000 	C:\Program Files (x86)\NVIDIA Corporation\CoProcManager\nvdxgiwrap.dll
0x72f40000 - 0x73146000 	C:\Windows\WinSxS\x86_microsoft.windows.common-controls_6595b64144ccf1df_6.0.9600.17415_none_a9ed7f470139b3c1\COMCTL32.dll
0x6be80000 - 0x6befd000 	C:\Program Files (x86)\AVG\AVG2015\avghookx.dll
0x77970000 - 0x77a2f000 	C:\Program Files (x86)\Java\jdk1.8.0_31\jre\bin\msvcr100.dll
0x6c9d0000 - 0x6cd74000 	C:\Program Files (x86)\Java\jdk1.8.0_31\jre\bin\client\jvm.dll
0x6d0f0000 - 0x6d0f8000 	C:\Windows\SYSTEM32\WSOCK32.dll
0x75d50000 - 0x75d56000 	C:\Windows\SYSTEM32\PSAPI.DLL
0x77060000 - 0x770b0000 	C:\Windows\SYSTEM32\WS2_32.dll
0x772b0000 - 0x772b7000 	C:\Windows\SYSTEM32\NSI.dll
0x67030000 - 0x6703c000 	C:\Program Files (x86)\Java\jdk1.8.0_31\jre\bin\verify.dll
0x5f030000 - 0x5f051000 	C:\Program Files (x86)\Java\jdk1.8.0_31\jre\bin\java.dll
0x60320000 - 0x60333000 	C:\Program Files (x86)\Java\jdk1.8.0_31\jre\bin\zip.dll
0x6c660000 - 0x6c7a6000 	C:\Program Files (x86)\Java\jdk1.8.0_31\jre\bin\awt.dll
0x74de0000 - 0x74de9000 	C:\Windows\SYSTEM32\kernel.appcore.dll
0x61e70000 - 0x62043000 	C:\Windows\system32\d3d9.dll
0x69940000 - 0x69a1e000 	C:\Windows\SYSTEM32\nvumdshim.dll
0x5d690000 - 0x5ed6e000 	C:\Windows\system32\igdumdim32.dll
0x67070000 - 0x678e8000 	C:\Windows\SYSTEM32\igdusc32.dll
0x51480000 - 0x514b9000 	C:\Program Files (x86)\Java\jdk1.8.0_31\jre\bin\fontmanager.dll
0x5ffb0000 - 0x5ffc5000 	C:\Program Files (x86)\Java\jdk1.8.0_31\jre\bin\net.dll
0x6d1c0000 - 0x6d20b000 	C:\Windows\system32\mswsock.dll
0x67020000 - 0x6702f000 	C:\Program Files (x86)\Java\jdk1.8.0_31\jre\bin\nio.dll
0x51450000 - 0x51480000 	C:\Program Files (x86)\Java\jdk1.8.0_31\jre\bin\t2k.dll
0x51430000 - 0x51450000 	C:\Program Files (x86)\Java\jdk1.8.0_31\jre\bin\sunec.dll
0x66970000 - 0x66979000 	C:\Program Files (x86)\Java\jdk1.8.0_31\jre\bin\sunmscapi.dll
0x74f70000 - 0x750f8000 	C:\Windows\SYSTEM32\CRYPT32.dll
0x75af0000 - 0x75afe000 	C:\Windows\SYSTEM32\MSASN1.dll
0x6f340000 - 0x6f359000 	C:\Windows\SYSTEM32\CRYPTSP.dll
0x6f310000 - 0x6f340000 	C:\Windows\system32\rsaenh.dll
0x6f040000 - 0x6f05e000 	C:\Windows\SYSTEM32\bcrypt.dll
0x732c0000 - 0x732e0000 	C:\Windows\SYSTEM32\IPHLPAPI.DLL
0x71e40000 - 0x71e48000 	C:\Windows\SYSTEM32\WINNSI.DLL
0x75bf0000 - 0x75c7d000 	C:\Windows\SYSTEM32\clbcatq.dll
0x6ac00000 - 0x6ac13000 	C:\Windows\SYSTEM32\dhcpcsvc6.DLL
0x6bf30000 - 0x6bf44000 	C:\Windows\SYSTEM32\dhcpcsvc.DLL
0x6bfb0000 - 0x6bfc1000 	C:\Windows\system32\napinsp.dll
0x6bf90000 - 0x6bfa6000 	C:\Windows\system32\pnrpnsp.dll
0x6bf70000 - 0x6bf84000 	C:\Windows\system32\NLAapi.dll
0x6c2e0000 - 0x6c35e000 	C:\Windows\SYSTEM32\DNSAPI.dll
0x6bf60000 - 0x6bf6a000 	C:\Windows\System32\winrnr.dll
0x6bf50000 - 0x6bf60000 	C:\Windows\system32\wshbth.dll
0x6c2b0000 - 0x6c2d1000 	C:\Program Files (x86)\Bonjour\mdnsNSP.dll
0x6c2a0000 - 0x6c2a8000 	C:\Windows\System32\rasadhlp.dll
0x6c250000 - 0x6c296000 	C:\Windows\System32\fwpuclnt.dll
0x511e0000 - 0x51205000 	C:\Program Files (x86)\Java\jdk1.8.0_31\jre\bin\jpeg.dll
0x59010000 - 0x5917b000 	C:\Windows\SYSTEM32\WindowsCodecs.dll
0x5f020000 - 0x5f02a000 	C:\Program Files (x86)\Java\jdk1.8.0_31\jre\bin\management.dll
0x0a8c0000 - 0x0be8f000 	C:\Users\Piotr\AppData\Local\Temp\xuggle\xuggle3121587396335872553.dll
0x511c0000 - 0x511d4000 	C:\Windows\SYSTEM32\AVICAP32.DLL
0x50050000 - 0x50073000 	C:\Windows\SYSTEM32\MSVFW32.dll
0x57fc0000 - 0x57fca000 	C:\Program Files (x86)\Java\jdk1.8.0_31\jre\bin\jsound.dll
0x51420000 - 0x51429000 	C:\Program Files (x86)\Java\jdk1.8.0_31\jre\bin\jsoundds.dll
0x605e0000 - 0x60661000 	C:\Windows\SYSTEM32\DSOUND.dll
0x6bcd0000 - 0x6bd10000 	C:\Windows\SYSTEM32\POWRPROF.dll
0x645f0000 - 0x64643000 	C:\Windows\SYSTEM32\MMDevAPI.DLL
0x60050000 - 0x60086000 	C:\Windows\SYSTEM32\wdmaud.drv
0x6c060000 - 0x6c067000 	C:\Windows\SYSTEM32\ksuser.dll
0x73470000 - 0x7347a000 	C:\Windows\SYSTEM32\AVRT.dll
0x64650000 - 0x646b0000 	C:\Windows\SYSTEM32\AUDIOSES.DLL
0x6ac90000 - 0x6ac99000 	C:\Windows\SYSTEM32\msacm32.drv
0x6ac80000 - 0x6ac88000 	C:\Windows\SYSTEM32\midimap.dll
0x788d0000 - 0x7898e000 	C:\Users\Piotr\AppData\Local\Temp\javacpp33927691178854\msvcr100.dll
0x77900000 - 0x77969000 	C:\Users\Piotr\AppData\Local\Temp\javacpp33927691178854\msvcp100.dll
0x0d450000 - 0x0d656000 	C:\Users\Piotr\AppData\Local\Temp\javacpp33927691178854\opencv_core249.dll
0x0d660000 - 0x0d7a8000 	C:\Users\Piotr\AppData\Local\Temp\javacpp33927691178854\jniopencv_core.dll
0x0d7b0000 - 0x0da1d000 	C:\Users\Piotr\AppData\Local\Temp\javacpp33927691178854\opencv_imgproc249.dll
0x0d3b0000 - 0x0d430000 	C:\Users\Piotr\AppData\Local\Temp\javacpp33927691178854\jniopencv_imgproc.dll
0x0da20000 - 0x0e956000 	C:\Users\Piotr\AppData\Local\Temp\javacpp33927691178854\opencv_ffmpeg249.dll
0x0e960000 - 0x0eb67000 	C:\Users\Piotr\AppData\Local\Temp\javacpp33927691178854\opencv_highgui249.dll
0x50030000 - 0x5004a000 	C:\Windows\SYSTEM32\AVIFIL32.dll
0x778c0000 - 0x778fc000 	C:\Users\Piotr\AppData\Local\Temp\javacpp33927691178854\jniopencv_highgui.dll
0x6c070000 - 0x6c084000 	C:\Windows\SYSTEM32\devenum.dll
0x71380000 - 0x713a8000 	C:\Windows\SYSTEM32\ntmarta.dll
0x75bb0000 - 0x75bed000 	C:\Windows\SYSTEM32\WINTRUST.dll
0x6c0d0000 - 0x6c0db000 	C:\Windows\SYSTEM32\msdmo.dll
0x0eb70000 - 0x0eba1000 	C:\Windows\SYSTEM32\qcap.dll
0x351f0000 - 0x3538f000 	C:\Windows\SYSTEM32\quartz.dll
0x6c090000 - 0x6c0d0000 	C:\Windows\SYSTEM32\ksproxy.ax
0x6c050000 - 0x6c05c000 	C:\Windows\SYSTEM32\vidcap.ax
0x6c030000 - 0x6c04f000 	C:\Windows\SYSTEM32\kswdmcap.ax
0x5ef10000 - 0x5f014000 	C:\Windows\SYSTEM32\MFC42.dll
0x5ee60000 - 0x5ef09000 	C:\Windows\SYSTEM32\ODBC32.dll
0x0ef30000 - 0x0efbe000 	C:\Windows\SYSTEM32\qedit.dll
0x75b10000 - 0x75bab000 	C:\Windows\SYSTEM32\COMDLG32.dll
0x6d490000 - 0x6d600000 	C:\Windows\WinSxS\x86_microsoft.windows.gdiplus_6595b64144ccf1df_1.1.9600.17415_none_dad8722c5bcc2d8f\gdiplus.dll

VM Arguments:
jvm_args: -Dfile.encoding=UTF-8 
java_command: wideokomunikator.main
java_class_path (initial): D:\Programowanie\javacv\javacv-bin\ffmpeg.jar;D:\Programowanie\javacv\javacv-bin\javacpp.jar;D:\Programowanie\javacv\javacv-bin\javacv.jar;D:\Programowanie\javacv\javacv-bin\opencv.jar;C:\Program Files\Java\jdk1.8.0_05\db\lib\derby.jar;C:\Program Files\Java\jdk1.8.0_05\db\lib\derbyclient.jar;C:\Program Files\Java\jdk1.8.0_05\db\lib\derbytools.jar;C:\Program Files\Java\jdk1.8.0_05\db\lib\derbynet.jar;D:\Programowanie\xuggle-xuggler-5.4.jar;D:\Programowanie\slf4j-simple-1.7.10.jar;D:\Programowanie\slf4j-api-1.7.10.jar;D:\Programowanie\javacv\javacv-bin\opencv-linux-x86.jar;D:\Programowanie\javacv\javacv-bin\opencv-linux-x86_64.jar;D:\Programowanie\javacv\javacv-bin\opencv-macosx-x86_64.jar;D:\Programowanie\javacv\javacv-bin\opencv-windows-x86.jar;D:\Programowanie\javacv\javacv-bin\opencv-windows-x86_64.jar;C:\Users\Piotr\Documents\NetBeansProjects\Wideokomunikator\build\classes
Launcher Type: SUN_STANDARD

Environment Variables:
JAVA_HOME=C:\Program Files\Java\jdk1.8.0_05
CLASSPATH=.;C:\PROGRA~2\JMF2.1.1e\lib\sound.jar;C:\PROGRA~2\JMF2.1.1e\lib\jmf.jar;C:\PROGRA~2\JMF2.1.1e\lib;.;.;.;c:\PROGRA~2\java\JMF21~1.1E\lib\sound.jar;c:\PROGRA~2\java\JMF21~1.1E\lib\jmf.jar;c:\PROGRA~2\java\JMF21~1.1E\lib;
PATH=C:\Program Files (x86)\NVIDIA Corporation\PhysX\Common;C:\ProgramData\Oracle\Java\javapath;C:\Python34\;C:\Python34\Scripts;C:\Program Files (x86)\Intel\iCLS Client\;C:\Program Files\Intel\iCLS Client\;C:\Windows\system32;C:\Windows;C:\Windows\System32\Wbem;C:\Windows\System32\WindowsPowerShell\v1.0\;C:\Program Files\Intel\Intel(R) Management Engine Components\DAL;C:\Program Files\Intel\Intel(R) Management Engine Components\IPT;C:\Program Files (x86)\Intel\Intel(R) Management Engine Components\DAL;C:\Program Files (x86)\Intel\Intel(R) Management Engine Components\IPT;C:\Program Files\nodejs\;C:\Windows\Microsoft.NET\Framework\v4.0.30319;C:\Program Files\Microsoft SQL Server\110\Tools\Binn\;C:\Program Files\Java\jdk1.8.0_05\bin;C:\Program Files\apache-ant-1.9.4\bin;C:\Program Files (x86)\QuickTime\QTSystem\;c:\PROGRA~2\java\JMF21~1.1E\lib;C:\Users\Piotr\AppData\Roaming\npm;C:\Program Files (x86)\Bitvise SSH Client;C:\Program Files\Java\jdk1.8.0_05\bin
USERNAME=Piotr
OS=Windows_NT
PROCESSOR_IDENTIFIER=Intel64 Family 6 Model 60 Stepping 3, GenuineIntel



---------------  S Y S T E M  ---------------

OS: Windows 8.1 , 64 bit Build 9600 

CPU:total 8 (4 cores per cpu, 2 threads per core) family 6 model 60 stepping 3, cmov, cx8, fxsr, mmx, sse, sse2, sse3, ssse3, sse4.1, sse4.2, popcnt, avx, avx2, aes, clmul, erms, lzcnt, ht, tsc, tscinvbit, bmi1, bmi2

Memory: 4k page, physical 15910992k(10635340k free), swap 36390992k(29401180k free)

vm_info: Java HotSpot(TM) Client VM (25.31-b07) for windows-x86 JRE (1.8.0_31-b13), built on Dec 17 2014 20:46:12 by "java_re" with MS VC++ 10.0 (VS2010)

time: Wed Mar 04 17:14:35 2015
elapsed time: 17 seconds (0d 0h 0m 17s)

