#
# A fatal error has been detected by the Java Runtime Environment:
#
#  EXCEPTION_ACCESS_VIOLATION (0xc0000005) at pc=0x2010c880, pid=2960, tid=204
#
# JRE version: Java(TM) SE Runtime Environment (8.0_31-b13) (build 1.8.0_31-b13)
# Java VM: Java HotSpot(TM) Client VM (25.31-b07 mixed mode windows-x86 )
# Problematic frame:
# C  0x2010c880
#
# Failed to write core dump. Minidumps are not enabled by default on client versions of Windows
#
# If you would like to submit a bug report, please visit:
#   http://bugreport.java.com/bugreport/crash.jsp
# The crash happened outside the Java Virtual Machine in native code.
# See problematic frame for where to report the bug.
#

---------------  T H R E A D  ---------------

Current thread (0x090a5c00):  JavaThread "Thread-25" [_thread_in_native, id=204, stack(0x21460000,0x214b0000)]

siginfo: ExceptionCode=0xc0000005, ExceptionInformation=0x00000008 0x2010c880

Registers:
EAX=0x000000ff, EBX=0x1ffaafe0, ECX=0x000000b0, EDX=0x20d31f10
ESP=0x214aef1c, EBP=0x00000160, ESI=0x00000025, EDI=0x00000000
EIP=0x2010c880, EFLAGS=0x00010246

Top of Stack: (sp=0x214aef1c)
0x214aef1c:   0bce77c4 20d31f10 00000160 00000002
0x214aef2c:   000000b0 1ffadc70 000007a8 00000c00
0x214aef3c:   7586b2e4 00000001 00000051 0000013b
0x214aef4c:   1ffae6b0 1ffaafe0 00000000 62626262
0x214aef5c:   62626262 00000000 00007c00 214aef88
0x214aef6c:   05050505 80808080 80808080 20d31f10
0x214aef7c:   00000160 20d42528 20d30a40 00000000
0x214aef8c:   1ffaafe0 0000004c 00000002 20d42a10 

Instructions: (pc=0x2010c880)
0x2010c860:   00 00 00 00 00 00 00 00 9d af 33 d7 c0 41 40 08
0x2010c870:   c0 00 e2 00 d8 5e d2 20 00 00 00 00 00 00 00 10
0x2010c880:   00 00 00 00 04 00 00 00 08 00 00 00 0c 00 00 00
0x2010c890:   10 00 00 00 14 00 00 00 18 00 00 00 1c 00 00 00 


Register to memory mapping:

EAX=0x000000ff is an unknown value
EBX=0x1ffaafe0 is an unknown value
ECX=0x000000b0 is an unknown value
EDX=0x20d31f10 is an unknown value
ESP=0x214aef1c is pointing into the stack for thread: 0x090a5c00
EBP=0x00000160 is an unknown value
ESI=0x00000025 is an unknown value
EDI=0x00000000 is an unknown value


Stack: [0x21460000,0x214b0000],  sp=0x214aef1c,  free space=315k
Native frames: (J=compiled Java code, j=interpreted, Vv=VM code, C=native code)
C  0x2010c880

Java frames: (J=compiled Java code, j=interpreted, Vv=VM code)
j  com.xuggle.xuggler.XugglerJNI.IStreamCoder_decodeVideo(JLcom/xuggle/xuggler/IStreamCoder;JLcom/xuggle/xuggler/IVideoPicture;JLcom/xuggle/xuggler/IPacket;I)I+0
j  com.xuggle.xuggler.IStreamCoder.decodeVideo(Lcom/xuggle/xuggler/IVideoPicture;Lcom/xuggle/xuggler/IPacket;I)I+16
j  wideokomunikator.audiovideo.AudioVideo.decodeVideo(Lwideokomunikator/audiovideo/Packet;I)V+65
j  wideokomunikator.audiovideo.AudioVideo.access$1600(Lwideokomunikator/audiovideo/AudioVideo;Lwideokomunikator/audiovideo/Packet;I)V+3
j  wideokomunikator.audiovideo.AudioVideo$7.run()V+76
j  java.lang.Thread.run()V+11
v  ~StubRoutines::call_stub

---------------  P R O C E S S  ---------------

Java Threads: ( => current thread )
  0x090a7800 JavaThread "Thread-29" [_thread_blocked, id=5524, stack(0x21610000,0x21660000)]
  0x090a3c00 JavaThread "Thread-30" [_thread_blocked, id=1880, stack(0x21580000,0x215d0000)]
  0x090a4000 JavaThread "Thread-28" [_thread_blocked, id=3632, stack(0x214f0000,0x21540000)]
=>0x090a5c00 JavaThread "Thread-25" [_thread_in_native, id=204, stack(0x21460000,0x214b0000)]
  0x090a5400 JavaThread "Thread-27" [_thread_blocked, id=3356, stack(0x213d0000,0x21420000)]
  0x090a7400 JavaThread "Thread-26" [_thread_blocked, id=7844, stack(0x21340000,0x21390000)]
  0x090a6c00 JavaThread "Thread-17" [_thread_in_native, id=120, stack(0x20990000,0x209e0000)]
  0x08dbd800 JavaThread "Thread-16" [_thread_blocked, id=3396, stack(0x20900000,0x20950000)]
  0x08dbd400 JavaThread "Thread-21" [_thread_blocked, id=2044, stack(0x20870000,0x208c0000)]
  0x08dbbc00 JavaThread "Thread-20" [_thread_blocked, id=4692, stack(0x207e0000,0x20830000)]
  0x08dbc800 JavaThread "Thread-19" [_thread_in_native, id=8896, stack(0x20750000,0x207a0000)]
  0x08dbcc00 JavaThread "Thread-18" [_thread_in_native, id=5356, stack(0x206c0000,0x20710000)]
  0x08dbac00 JavaThread "Java Sound Event Dispatcher" daemon [_thread_blocked, id=4136, stack(0x0d020000,0x0d070000)]
  0x08dbb400 JavaThread "derby.rawStoreDaemon" daemon [_thread_blocked, id=1876, stack(0x0b320000,0x0b370000)]
  0x08dbc000 JavaThread "DRDAConnThread_2" daemon [_thread_in_native, id=9108, stack(0x0b190000,0x0b1e0000)]
  0x08dba800 JavaThread "NetworkServerThread_1" daemon [_thread_in_native, id=9004, stack(0x0b000000,0x0b050000)]
  0x05ea5000 JavaThread "derby.NetworkServerStarter" daemon [_thread_blocked, id=5988, stack(0x0af70000,0x0afc0000)]
  0x08da6000 JavaThread "Timer-0" daemon [_thread_blocked, id=7524, stack(0x0ade0000,0x0ae30000)]
  0x08ca4000 JavaThread "D3D Screen Updater" daemon [_thread_blocked, id=8348, stack(0x0a020000,0x0a070000)]
  0x02e6c800 JavaThread "DestroyJavaVM" [_thread_blocked, id=8196, stack(0x02d00000,0x02d50000)]
  0x05e7b800 JavaThread "Thread-4" [_thread_in_native, id=6100, stack(0x09550000,0x095a0000)]
  0x05e77800 JavaThread "Thread-3" [_thread_blocked, id=1724, stack(0x094c0000,0x09510000)]
  0x05d5ac00 JavaThread "TimerQueue" daemon [_thread_blocked, id=8504, stack(0x084e0000,0x08530000)]
  0x05d23800 JavaThread "AWT-EventQueue-0" [_thread_blocked, id=6796, stack(0x08450000,0x084a0000)]
  0x05cac400 JavaThread "AWT-Windows" daemon [_thread_in_native, id=8652, stack(0x06550000,0x065a0000)]
  0x05caac00 JavaThread "AWT-Shutdown" [_thread_blocked, id=8148, stack(0x064c0000,0x06510000)]
  0x05caa000 JavaThread "Java2D Disposer" daemon [_thread_blocked, id=8364, stack(0x06430000,0x06480000)]
  0x05524400 JavaThread "Service Thread" daemon [_thread_blocked, id=7096, stack(0x05a00000,0x05a50000)]
  0x0552b800 JavaThread "C1 CompilerThread0" daemon [_thread_blocked, id=1740, stack(0x05970000,0x059c0000)]
  0x0552a800 JavaThread "Attach Listener" daemon [_thread_blocked, id=4664, stack(0x058e0000,0x05930000)]
  0x05528800 JavaThread "Signal Dispatcher" daemon [_thread_blocked, id=8060, stack(0x05850000,0x058a0000)]
  0x054f6800 JavaThread "Finalizer" daemon [_thread_blocked, id=6952, stack(0x057c0000,0x05810000)]
  0x02f6e800 JavaThread "Reference Handler" daemon [_thread_blocked, id=8512, stack(0x05730000,0x05780000)]

Other Threads:
  0x02f6d000 VMThread [stack: 0x054a0000,0x054f0000] [id=4552]
  0x05544800 WatcherThread [stack: 0x05a90000,0x05ae0000] [id=8852]

VM state:not at safepoint (normal execution)

VM Mutex/Monitor currently owned by a thread: None

Heap:
 def new generation   total 78656K, used 48271K [0x0f200000, 0x14750000, 0x14750000)
  eden space 69952K, -2147483648% used [0x0f200000, 0x12123d48, 0x13650000)
  from space 8704K,   0% used [0x13650000, 0x13650000, 0x13ed0000)
  to   space 8704K,   0% used [0x13ed0000, 0x13ed0000, 0x14750000)
 tenured generation   total 174784K, used 121334K [0x14750000, 0x1f200000, 0x1f200000)
   the space 174784K,  69% used [0x14750000, 0x1bdcd980, 0x1bdcda00, 0x1f200000)
 Metaspace       used 18543K, capacity 18741K, committed 18816K, reserved 18816K

Card table byte_map: [0x04f70000,0x05000000] byte_map_base: 0x04ef7000

Polling page: 0x01320000

CodeCache: size=32768Kb used=1982Kb max_used=1982Kb free=30785Kb
 bounds [0x02f70000, 0x03160000, 0x04f70000]
 total_blobs=1279 nmethods=893 adapters=317
 compilation: enabled

Compilation events (10 events):
Event: 14.480 Thread 0x0552b800 nmethod 906 0x0315a488 code [0x0315a590, 0x0315a69c]
Event: 14.480 Thread 0x0552b800  907             java.nio.DirectByteBuffer::ix (10 bytes)
Event: 14.480 Thread 0x0552b800 nmethod 907 0x0315aa48 code [0x0315ab40, 0x0315abd0]
Event: 14.480 Thread 0x0552b800  909             java.nio.DirectByteBuffer::get (15 bytes)
Event: 14.481 Thread 0x0552b800 nmethod 909 0x0315ac08 code [0x0315ad10, 0x0315adfc]
Event: 14.481 Thread 0x0552b800  910 %           org.bytedeco.javacpp.helper.opencv_core$AbstractArray::flipCopyWithGamma @ 484 (608 bytes)
Event: 14.483 Thread 0x0552b800 nmethod 910% 0x0315aec8 code [0x0315b1d0, 0x0315c5a4]
Event: 14.491 Thread 0x0552b800  911             sun.misc.URLClassPath$JarLoader::access$400 (5 bytes)
Event: 14.491 Thread 0x0552b800 nmethod 911 0x0315d408 code [0x0315d500, 0x0315d570]
Event: 14.536 Thread 0x0552b800  912             sun.nio.cs.UTF_8$Encoder::encodeArrayLoop (489 bytes)

GC Heap History (10 events):
Event: 4.169 GC heap before
{Heap before GC invocations=30 (full 2):
 def new generation   total 44608K, used 42034K [0x0f200000, 0x12260000, 0x14750000)
  eden space 39680K, 100% used [0x0f200000, 0x118c0000, 0x118c0000)
  from space 4928K,  47% used [0x11d90000, 0x11fdcb70, 0x12260000)
  to   space 4928K,   0% used [0x118c0000, 0x118c0000, 0x11d90000)
 tenured generation   total 153860K, used 116900K [0x14750000, 0x1dd91000, 0x1f200000)
   the space 153860K,  75% used [0x14750000, 0x1b979050, 0x1b979200, 0x1dd91000)
 Metaspace       used 8989K, capacity 9119K, committed 9216K, reserved 9600K
Event: 4.170 GC heap after
Heap after GC invocations=31 (full 2):
 def new generation   total 44608K, used 2354K [0x0f200000, 0x12260000, 0x14750000)
  eden space 39680K,   0% used [0x0f200000, 0x0f200000, 0x118c0000)
  from space 4928K,  47% used [0x118c0000, 0x11b0cb70, 0x11d90000)
  to   space 4928K,   0% used [0x11d90000, 0x11d90000, 0x12260000)
 tenured generation   total 153860K, used 116900K [0x14750000, 0x1dd91000, 0x1f200000)
   the space 153860K,  75% used [0x14750000, 0x1b979050, 0x1b979200, 0x1dd91000)
 Metaspace       used 8989K, capacity 9119K, committed 9216K, reserved 9600K
}
Event: 4.373 GC heap before
{Heap before GC invocations=31 (full 2):
 def new generation   total 44608K, used 42034K [0x0f200000, 0x12260000, 0x14750000)
  eden space 39680K, 100% used [0x0f200000, 0x118c0000, 0x118c0000)
  from space 4928K,  47% used [0x118c0000, 0x11b0cb70, 0x11d90000)
  to   space 4928K,   0% used [0x11d90000, 0x11d90000, 0x12260000)
 tenured generation   total 153860K, used 116900K [0x14750000, 0x1dd91000, 0x1f200000)
   the space 153860K,  75% used [0x14750000, 0x1b979050, 0x1b979200, 0x1dd91000)
 Metaspace       used 8989K, capacity 9119K, committed 9216K, reserved 9600K
Event: 4.374 GC heap after
Heap after GC invocations=32 (full 2):
 def new generation   total 44608K, used 2354K [0x0f200000, 0x12260000, 0x14750000)
  eden space 39680K,   0% used [0x0f200000, 0x0f200000, 0x118c0000)
  from space 4928K,  47% used [0x11d90000, 0x11fdcb70, 0x12260000)
  to   space 4928K,   0% used [0x118c0000, 0x118c0000, 0x11d90000)
 tenured generation   total 153860K, used 116900K [0x14750000, 0x1dd91000, 0x1f200000)
   the space 153860K,  75% used [0x14750000, 0x1b979050, 0x1b979200, 0x1dd91000)
 Metaspace       used 8989K, capacity 9119K, committed 9216K, reserved 9600K
}
Event: 4.587 GC heap before
{Heap before GC invocations=32 (full 2):
 def new generation   total 44608K, used 42034K [0x0f200000, 0x12260000, 0x14750000)
  eden space 39680K, 100% used [0x0f200000, 0x118c0000, 0x118c0000)
  from space 4928K,  47% used [0x11d90000, 0x11fdcb70, 0x12260000)
  to   space 4928K,   0% used [0x118c0000, 0x118c0000, 0x11d90000)
 tenured generation   total 153860K, used 116900K [0x14750000, 0x1dd91000, 0x1f200000)
   the space 153860K,  75% used [0x14750000, 0x1b979050, 0x1b979200, 0x1dd91000)
 Metaspace       used 8989K, capacity 9119K, committed 9216K, reserved 9600K
Event: 4.588 GC heap after
Heap after GC invocations=33 (full 2):
 def new generation   total 44608K, used 2354K [0x0f200000, 0x12260000, 0x14750000)
  eden space 39680K,   0% used [0x0f200000, 0x0f200000, 0x118c0000)
  from space 4928K,  47% used [0x118c0000, 0x11b0cb70, 0x11d90000)
  to   space 4928K,   0% used [0x11d90000, 0x11d90000, 0x12260000)
 tenured generation   total 153860K, used 116900K [0x14750000, 0x1dd91000, 0x1f200000)
   the space 153860K,  75% used [0x14750000, 0x1b979050, 0x1b979200, 0x1dd91000)
 Metaspace       used 8989K, capacity 9119K, committed 9216K, reserved 9600K
}
Event: 9.073 GC heap before
{Heap before GC invocations=33 (full 2):
 def new generation   total 44608K, used 42034K [0x0f200000, 0x12260000, 0x14750000)
  eden space 39680K, 100% used [0x0f200000, 0x118c0000, 0x118c0000)
  from space 4928K,  47% used [0x118c0000, 0x11b0cb70, 0x11d90000)
  to   space 4928K,   0% used [0x11d90000, 0x11d90000, 0x12260000)
 tenured generation   total 153860K, used 116900K [0x14750000, 0x1dd91000, 0x1f200000)
   the space 153860K,  75% used [0x14750000, 0x1b979050, 0x1b979200, 0x1dd91000)
 Metaspace       used 12336K, capacity 12491K, committed 12544K, reserved 12672K
Event: 9.079 GC heap after
Heap after GC invocations=34 (full 2):
 def new generation   total 44608K, used 4928K [0x0f200000, 0x12260000, 0x14750000)
  eden space 39680K,   0% used [0x0f200000, 0x0f200000, 0x118c0000)
  from space 4928K, 100% used [0x11d90000, 0x12260000, 0x12260000)
  to   space 4928K,   0% used [0x118c0000, 0x118c0000, 0x11d90000)
 tenured generation   total 153860K, used 117284K [0x14750000, 0x1dd91000, 0x1f200000)
   the space 153860K,  76% used [0x14750000, 0x1b9d93c0, 0x1b9d9400, 0x1dd91000)
 Metaspace       used 12336K, capacity 12491K, committed 12544K, reserved 12672K
}
Event: 9.391 GC heap before
{Heap before GC invocations=34 (full 2):
 def new generation   total 44608K, used 23610K [0x0f200000, 0x12260000, 0x14750000)
  eden space 39680K,  47% used [0x0f200000, 0x1043e9d0, 0x118c0000)
  from space 4928K, 100% used [0x11d90000, 0x12260000, 0x12260000)
  to   space 4928K,   0% used [0x118c0000, 0x118c0000, 0x11d90000)
 tenured generation   total 153860K, used 117284K [0x14750000, 0x1dd91000, 0x1f200000)
   the space 153860K,  76% used [0x14750000, 0x1b9d93c0, 0x1b9d9400, 0x1dd91000)
 Metaspace       used 14926K, capacity 15083K, committed 15148K, reserved 15744K
Event: 9.411 GC heap after
Heap after GC invocations=35 (full 3):
 def new generation   total 78656K, used 0K [0x0f200000, 0x14750000, 0x14750000)
  eden space 69952K,   0% used [0x0f200000, 0x0f200000, 0x13650000)
  from space 8704K,   0% used [0x13650000, 0x13650000, 0x13ed0000)
  to   space 8704K,   0% used [0x13ed0000, 0x13ed0000, 0x14750000)
 tenured generation   total 174784K, used 121334K [0x14750000, 0x1f200000, 0x1f200000)
   the space 174784K,  69% used [0x14750000, 0x1bdcd980, 0x1bdcda00, 0x1f200000)
 Metaspace       used 14926K, capacity 15083K, committed 15148K, reserved 15744K
}

Deoptimization events (0 events):
No events

Internal exceptions (10 events):
Event: 14.453 Thread 0x090a6000 Exception <a 'java/security/PrivilegedActionException'> (0x117370a8) thrown at [C:\re\workspace\8-2-build-windows-i586-cygwin\jdk8u31\2394\hotspot\src\share\vm\prims\jvm.cpp, line 1312]
Event: 14.490 Thread 0x090a6c00 Exception <a 'java/security/PrivilegedActionException'> (0x11657840) thrown at [C:\re\workspace\8-2-build-windows-i586-cygwin\jdk8u31\2394\hotspot\src\share\vm\prims\jvm.cpp, line 1312]
Event: 14.491 Thread 0x090a6c00 Exception <a 'java/security/PrivilegedActionException'> (0x11662b68) thrown at [C:\re\workspace\8-2-build-windows-i586-cygwin\jdk8u31\2394\hotspot\src\share\vm\prims\jvm.cpp, line 1312]
Event: 14.491 Thread 0x090a6c00 Exception <a 'java/security/PrivilegedActionException'> (0x1166ada0) thrown at [C:\re\workspace\8-2-build-windows-i586-cygwin\jdk8u31\2394\hotspot\src\share\vm\prims\jvm.cpp, line 1312]
Event: 14.491 Thread 0x090a6c00 Exception <a 'java/security/PrivilegedActionException'> (0x11674d40) thrown at [C:\re\workspace\8-2-build-windows-i586-cygwin\jdk8u31\2394\hotspot\src\share\vm\prims\jvm.cpp, line 1312]
Event: 14.491 Thread 0x090a6c00 Exception <a 'java/security/PrivilegedActionException'> (0x1198ffb0) thrown at [C:\re\workspace\8-2-build-windows-i586-cygwin\jdk8u31\2394\hotspot\src\share\vm\prims\jvm.cpp, line 1312]
Event: 14.492 Thread 0x090a6c00 Exception <a 'java/security/PrivilegedActionException'> (0x11996d50) thrown at [C:\re\workspace\8-2-build-windows-i586-cygwin\jdk8u31\2394\hotspot\src\share\vm\prims\jvm.cpp, line 1312]
Event: 14.493 Thread 0x090a6c00 Exception <a 'java/security/PrivilegedActionException'> (0x1199f0c8) thrown at [C:\re\workspace\8-2-build-windows-i586-cygwin\jdk8u31\2394\hotspot\src\share\vm\prims\jvm.cpp, line 1312]
Event: 14.493 Thread 0x090a6c00 Exception <a 'java/security/PrivilegedActionException'> (0x119a6ca0) thrown at [C:\re\workspace\8-2-build-windows-i586-cygwin\jdk8u31\2394\hotspot\src\share\vm\prims\jvm.cpp, line 1312]
Event: 14.494 Thread 0x090a6c00 Exception <a 'java/security/PrivilegedActionException'> (0x119b4b80) thrown at [C:\re\workspace\8-2-build-windows-i586-cygwin\jdk8u31\2394\hotspot\src\share\vm\prims\jvm.cpp, line 1312]

Events (10 events):
Event: 14.499 Executing VM operation: RevokeBias
Event: 14.499 Executing VM operation: RevokeBias done
Event: 14.499 Executing VM operation: RevokeBias
Event: 14.499 Executing VM operation: RevokeBias done
Event: 14.528 Thread 0x090a8000 Thread added: 0x090a8000
Event: 14.528 Executing VM operation: RevokeBias
Event: 14.528 Executing VM operation: RevokeBias done
Event: 14.528 Thread 0x090a8000 Thread exited: 0x090a8000
Event: 14.535 Executing VM operation: RevokeBias
Event: 14.536 Executing VM operation: RevokeBias done


Dynamic libraries:
0x01350000 - 0x01380000 	C:\Program Files (x86)\Java\jdk1.8.0_31\bin\java.exe
0x77750000 - 0x778be000 	C:\Windows\SYSTEM32\ntdll.dll
0x75260000 - 0x753a0000 	C:\Windows\SYSTEM32\KERNEL32.DLL
0x75a10000 - 0x75ae7000 	C:\Windows\SYSTEM32\KERNELBASE.dll
0x6c1a0000 - 0x6c240000 	C:\Windows\system32\apphelp.dll
0x58580000 - 0x587e5000 	C:\Windows\AppPatch\AcGenral.DLL
0x75860000 - 0x75923000 	C:\Windows\SYSTEM32\msvcrt.dll
0x77260000 - 0x772a1000 	C:\Windows\SYSTEM32\sechost.dll
0x74f50000 - 0x74f6e000 	C:\Windows\SYSTEM32\SspiCli.dll
0x77010000 - 0x77055000 	C:\Windows\SYSTEM32\SHLWAPI.dll
0x72120000 - 0x7220d000 	C:\Windows\SYSTEM32\UxTheme.dll
0x75100000 - 0x75253000 	C:\Windows\SYSTEM32\USER32.dll
0x774d0000 - 0x775de000 	C:\Windows\SYSTEM32\GDI32.dll
0x6d460000 - 0x6d483000 	C:\Windows\SYSTEM32\WINMM.dll
0x6cf00000 - 0x6cf13000 	C:\Windows\SYSTEM32\samcli.dll
0x773a0000 - 0x774c8000 	C:\Windows\SYSTEM32\ole32.dll
0x75cb0000 - 0x75d45000 	C:\Windows\SYSTEM32\OLEAUT32.dll
0x605e0000 - 0x605f7000 	C:\Windows\SYSTEM32\MSACM32.dll
0x74df0000 - 0x74df8000 	C:\Windows\SYSTEM32\VERSION.dll
0x75d60000 - 0x7700c000 	C:\Windows\SYSTEM32\SHELL32.dll
0x73160000 - 0x7317b000 	C:\Windows\SYSTEM32\USERENV.dll
0x6d330000 - 0x6d34a000 	C:\Windows\SYSTEM32\dwmapi.dll
0x6cfa0000 - 0x6d0ea000 	C:\Windows\SYSTEM32\urlmon.dll
0x75930000 - 0x759ac000 	C:\Windows\SYSTEM32\ADVAPI32.dll
0x6d600000 - 0x6d665000 	C:\Windows\SYSTEM32\WINSPOOL.DRV
0x6cf50000 - 0x6cf66000 	C:\Windows\SYSTEM32\MPR.dll
0x772e0000 - 0x7739a000 	C:\Windows\SYSTEM32\RPCRT4.dll
0x74f40000 - 0x74f4a000 	C:\Windows\SYSTEM32\CRYPTBASE.dll
0x75520000 - 0x7569d000 	C:\Windows\SYSTEM32\combase.dll
0x6d430000 - 0x6d453000 	C:\Windows\SYSTEM32\WINMMBASE.dll
0x71db0000 - 0x71dbf000 	C:\Windows\SYSTEM32\profapi.dll
0x71b30000 - 0x71d62000 	C:\Windows\SYSTEM32\iertutil.dll
0x71e50000 - 0x72025000 	C:\Windows\SYSTEM32\WININET.dll
0x74ee0000 - 0x74f34000 	C:\Windows\SYSTEM32\bcryptPrimitives.dll
0x77220000 - 0x7725c000 	C:\Windows\SYSTEM32\cfgmgr32.dll
0x6d400000 - 0x6d421000 	C:\Windows\SYSTEM32\DEVOBJ.dll
0x73480000 - 0x7350b000 	C:\Windows\SYSTEM32\SHCORE.DLL
0x75c80000 - 0x75ca7000 	C:\Windows\system32\IMM32.DLL
0x753a0000 - 0x754b3000 	C:\Windows\SYSTEM32\MSCTF.dll
0x74e00000 - 0x74e2e000 	C:\Windows\SYSTEM32\nvinit.dll
0x0f000000 - 0x0f006000 	C:\Program Files (x86)\NVIDIA Corporation\CoProcManager\_etoured.dll
0x6b660000 - 0x6b68b000 	C:\Program Files (x86)\NVIDIA Corporation\CoProcManager\nvd3d9wrap.dll
0x756a0000 - 0x75851000 	C:\Windows\SYSTEM32\SETUPAPI.dll
0x6b640000 - 0x6b65f000 	C:\Program Files (x86)\NVIDIA Corporation\CoProcManager\nvdxgiwrap.dll
0x72f40000 - 0x73146000 	C:\Windows\WinSxS\x86_microsoft.windows.common-controls_6595b64144ccf1df_6.0.9600.17415_none_a9ed7f470139b3c1\COMCTL32.dll
0x6be80000 - 0x6befd000 	C:\Program Files (x86)\AVG\AVG2015\avghookx.dll
0x5f080000 - 0x5f13f000 	C:\Program Files (x86)\Java\jdk1.8.0_31\jre\bin\msvcr100.dll
0x581d0000 - 0x58574000 	C:\Program Files (x86)\Java\jdk1.8.0_31\jre\bin\client\jvm.dll
0x6d0f0000 - 0x6d0f8000 	C:\Windows\SYSTEM32\WSOCK32.dll
0x75d50000 - 0x75d56000 	C:\Windows\SYSTEM32\PSAPI.DLL
0x77060000 - 0x770b0000 	C:\Windows\SYSTEM32\WS2_32.dll
0x772b0000 - 0x772b7000 	C:\Windows\SYSTEM32\NSI.dll
0x6ad60000 - 0x6ad6c000 	C:\Program Files (x86)\Java\jdk1.8.0_31\jre\bin\verify.dll
0x60320000 - 0x60341000 	C:\Program Files (x86)\Java\jdk1.8.0_31\jre\bin\java.dll
0x60100000 - 0x60113000 	C:\Program Files (x86)\Java\jdk1.8.0_31\jre\bin\zip.dll
0x58080000 - 0x581c6000 	C:\Program Files (x86)\Java\jdk1.8.0_31\jre\bin\awt.dll
0x74de0000 - 0x74de9000 	C:\Windows\SYSTEM32\kernel.appcore.dll
0x61e70000 - 0x62043000 	C:\Windows\system32\d3d9.dll
0x69940000 - 0x69a1e000 	C:\Windows\SYSTEM32\nvumdshim.dll
0x5d690000 - 0x5ed6e000 	C:\Windows\system32\igdumdim32.dll
0x67070000 - 0x678e8000 	C:\Windows\SYSTEM32\igdusc32.dll
0x60050000 - 0x60089000 	C:\Program Files (x86)\Java\jdk1.8.0_31\jre\bin\fontmanager.dll
0x600e0000 - 0x600f5000 	C:\Program Files (x86)\Java\jdk1.8.0_31\jre\bin\net.dll
0x6d1c0000 - 0x6d20b000 	C:\Windows\system32\mswsock.dll
0x684b0000 - 0x684bf000 	C:\Program Files (x86)\Java\jdk1.8.0_31\jre\bin\nio.dll
0x5f050000 - 0x5f080000 	C:\Program Files (x86)\Java\jdk1.8.0_31\jre\bin\t2k.dll
0x5ffb0000 - 0x5ffd0000 	C:\Program Files (x86)\Java\jdk1.8.0_31\jre\bin\sunec.dll
0x68350000 - 0x68359000 	C:\Program Files (x86)\Java\jdk1.8.0_31\jre\bin\sunmscapi.dll
0x74f70000 - 0x750f8000 	C:\Windows\SYSTEM32\CRYPT32.dll
0x75af0000 - 0x75afe000 	C:\Windows\SYSTEM32\MSASN1.dll
0x6f340000 - 0x6f359000 	C:\Windows\SYSTEM32\CRYPTSP.dll
0x6f310000 - 0x6f340000 	C:\Windows\system32\rsaenh.dll
0x6f040000 - 0x6f05e000 	C:\Windows\SYSTEM32\bcrypt.dll
0x732c0000 - 0x732e0000 	C:\Windows\SYSTEM32\IPHLPAPI.DLL
0x71e40000 - 0x71e48000 	C:\Windows\SYSTEM32\WINNSI.DLL
0x75bf0000 - 0x75c7d000 	C:\Windows\SYSTEM32\clbcatq.dll
0x6ac00000 - 0x6ac13000 	C:\Windows\SYSTEM32\dhcpcsvc6.DLL
0x6bf30000 - 0x6bf44000 	C:\Windows\SYSTEM32\dhcpcsvc.DLL
0x6bfb0000 - 0x6bfc1000 	C:\Windows\system32\napinsp.dll
0x6bf90000 - 0x6bfa6000 	C:\Windows\system32\pnrpnsp.dll
0x6bf70000 - 0x6bf84000 	C:\Windows\system32\NLAapi.dll
0x6c2e0000 - 0x6c35e000 	C:\Windows\SYSTEM32\DNSAPI.dll
0x6bf60000 - 0x6bf6a000 	C:\Windows\System32\winrnr.dll
0x6bf50000 - 0x6bf60000 	C:\Windows\system32\wshbth.dll
0x6c2b0000 - 0x6c2d1000 	C:\Program Files (x86)\Bonjour\mdnsNSP.dll
0x6c2a0000 - 0x6c2a8000 	C:\Windows\System32\rasadhlp.dll
0x6c250000 - 0x6c296000 	C:\Windows\System32\fwpuclnt.dll
0x5f020000 - 0x5f045000 	C:\Program Files (x86)\Java\jdk1.8.0_31\jre\bin\jpeg.dll
0x59010000 - 0x5917b000 	C:\Windows\SYSTEM32\WindowsCodecs.dll
0x67020000 - 0x6702a000 	C:\Program Files (x86)\Java\jdk1.8.0_31\jre\bin\management.dll
0x0b980000 - 0x0cf4f000 	C:\Users\Piotr\AppData\Local\Temp\xuggle\xuggle6311188872454849702.dll
0x58060000 - 0x58074000 	C:\Windows\SYSTEM32\AVICAP32.DLL
0x58030000 - 0x58053000 	C:\Windows\SYSTEM32\MSVFW32.dll
0x66970000 - 0x6697a000 	C:\Program Files (x86)\Java\jdk1.8.0_31\jre\bin\jsound.dll
0x58020000 - 0x58029000 	C:\Program Files (x86)\Java\jdk1.8.0_31\jre\bin\jsoundds.dll
0x51430000 - 0x514b1000 	C:\Windows\SYSTEM32\DSOUND.dll
0x6bcd0000 - 0x6bd10000 	C:\Windows\SYSTEM32\POWRPROF.dll
0x645f0000 - 0x64643000 	C:\Windows\SYSTEM32\MMDevAPI.DLL
0x57fe0000 - 0x58016000 	C:\Windows\SYSTEM32\wdmaud.drv
0x6c060000 - 0x6c067000 	C:\Windows\SYSTEM32\ksuser.dll
0x73470000 - 0x7347a000 	C:\Windows\SYSTEM32\AVRT.dll
0x64650000 - 0x646b0000 	C:\Windows\SYSTEM32\AUDIOSES.DLL
0x57fd0000 - 0x57fd9000 	C:\Windows\SYSTEM32\msacm32.drv
0x57fc0000 - 0x57fc8000 	C:\Windows\SYSTEM32\midimap.dll
0x51300000 - 0x513be000 	C:\Users\Piotr\AppData\Local\Temp\javacpp39977958362039\msvcr100.dll
0x51290000 - 0x512f9000 	C:\Users\Piotr\AppData\Local\Temp\javacpp39977958362039\msvcp100.dll
0x77df0000 - 0x77ff6000 	C:\Users\Piotr\AppData\Local\Temp\javacpp39977958362039\opencv_core249.dll
0x77ca0000 - 0x77de8000 	C:\Users\Piotr\AppData\Local\Temp\javacpp39977958362039\jniopencv_core.dll
0x77a30000 - 0x77c9d000 	C:\Users\Piotr\AppData\Local\Temp\javacpp39977958362039\opencv_imgproc249.dll
0x51210000 - 0x51290000 	C:\Users\Piotr\AppData\Local\Temp\javacpp39977958362039\jniopencv_imgproc.dll
0x0d560000 - 0x0e496000 	C:\Users\Piotr\AppData\Local\Temp\javacpp39977958362039\opencv_ffmpeg249.dll
0x0e4a0000 - 0x0e6a7000 	C:\Users\Piotr\AppData\Local\Temp\javacpp39977958362039\opencv_highgui249.dll
0x511f0000 - 0x5120a000 	C:\Windows\SYSTEM32\AVIFIL32.dll
0x500b0000 - 0x500ec000 	C:\Users\Piotr\AppData\Local\Temp\javacpp39977958362039\jniopencv_highgui.dll
0x6c070000 - 0x6c084000 	C:\Windows\SYSTEM32\devenum.dll
0x71380000 - 0x713a8000 	C:\Windows\SYSTEM32\ntmarta.dll
0x75bb0000 - 0x75bed000 	C:\Windows\SYSTEM32\WINTRUST.dll
0x6c0d0000 - 0x6c0db000 	C:\Windows\SYSTEM32\msdmo.dll
0x50070000 - 0x500a1000 	C:\Windows\SYSTEM32\qcap.dll
0x34760000 - 0x348ff000 	C:\Windows\SYSTEM32\quartz.dll
0x6c090000 - 0x6c0d0000 	C:\Windows\SYSTEM32\ksproxy.ax
0x6c050000 - 0x6c05c000 	C:\Windows\SYSTEM32\vidcap.ax
0x6c030000 - 0x6c04f000 	C:\Windows\SYSTEM32\kswdmcap.ax
0x5ef10000 - 0x5f014000 	C:\Windows\SYSTEM32\MFC42.dll
0x5ee60000 - 0x5ef09000 	C:\Windows\SYSTEM32\ODBC32.dll
0x779a0000 - 0x77a2e000 	C:\Windows\SYSTEM32\qedit.dll
0x75b10000 - 0x75bab000 	C:\Windows\SYSTEM32\COMDLG32.dll
0x6d490000 - 0x6d600000 	C:\Windows\WinSxS\x86_microsoft.windows.gdiplus_6595b64144ccf1df_1.1.9600.17415_none_dad8722c5bcc2d8f\gdiplus.dll

VM Arguments:
jvm_args: -Dfile.encoding=UTF-8 
java_command: wideokomunikator.main
java_class_path (initial): D:\Programowanie\javacv\javacv-bin\ffmpeg.jar;D:\Programowanie\javacv\javacv-bin\javacpp.jar;D:\Programowanie\javacv\javacv-bin\javacv.jar;D:\Programowanie\javacv\javacv-bin\opencv.jar;C:\Program Files\Java\jdk1.8.0_05\db\lib\derby.jar;C:\Program Files\Java\jdk1.8.0_05\db\lib\derbyclient.jar;C:\Program Files\Java\jdk1.8.0_05\db\lib\derbytools.jar;C:\Program Files\Java\jdk1.8.0_05\db\lib\derbynet.jar;D:\Programowanie\xuggle-xuggler-5.4.jar;D:\Programowanie\slf4j-simple-1.7.10.jar;D:\Programowanie\slf4j-api-1.7.10.jar;D:\Programowanie\javacv\javacv-bin\opencv-linux-x86.jar;D:\Programowanie\javacv\javacv-bin\opencv-linux-x86_64.jar;D:\Programowanie\javacv\javacv-bin\opencv-macosx-x86_64.jar;D:\Programowanie\javacv\javacv-bin\opencv-windows-x86.jar;D:\Programowanie\javacv\javacv-bin\opencv-windows-x86_64.jar;C:\Users\Piotr\Documents\NetBeansProjects\Wideokomunikator\build\classes
Launcher Type: SUN_STANDARD

Environment Variables:
JAVA_HOME=C:\Program Files\Java\jdk1.8.0_05
CLASSPATH=.;C:\PROGRA~2\JMF2.1.1e\lib\sound.jar;C:\PROGRA~2\JMF2.1.1e\lib\jmf.jar;C:\PROGRA~2\JMF2.1.1e\lib;.;.;.;c:\PROGRA~2\java\JMF21~1.1E\lib\sound.jar;c:\PROGRA~2\java\JMF21~1.1E\lib\jmf.jar;c:\PROGRA~2\java\JMF21~1.1E\lib;
PATH=C:\Program Files (x86)\NVIDIA Corporation\PhysX\Common;C:\ProgramData\Oracle\Java\javapath;C:\Python34\;C:\Python34\Scripts;C:\Program Files (x86)\Intel\iCLS Client\;C:\Program Files\Intel\iCLS Client\;C:\Windows\system32;C:\Windows;C:\Windows\System32\Wbem;C:\Windows\System32\WindowsPowerShell\v1.0\;C:\Program Files\Intel\Intel(R) Management Engine Components\DAL;C:\Program Files\Intel\Intel(R) Management Engine Components\IPT;C:\Program Files (x86)\Intel\Intel(R) Management Engine Components\DAL;C:\Program Files (x86)\Intel\Intel(R) Management Engine Components\IPT;C:\Program Files\nodejs\;C:\Windows\Microsoft.NET\Framework\v4.0.30319;C:\Program Files\Microsoft SQL Server\110\Tools\Binn\;C:\Program Files\Java\jdk1.8.0_05\bin;C:\Program Files\apache-ant-1.9.4\bin;C:\Program Files (x86)\QuickTime\QTSystem\;c:\PROGRA~2\java\JMF21~1.1E\lib;C:\Users\Piotr\AppData\Roaming\npm;C:\Program Files (x86)\Bitvise SSH Client;C:\Program Files\Java\jdk1.8.0_05\bin
USERNAME=Piotr
OS=Windows_NT
PROCESSOR_IDENTIFIER=Intel64 Family 6 Model 60 Stepping 3, GenuineIntel



---------------  S Y S T E M  ---------------

OS: Windows 8.1 , 64 bit Build 9600 

CPU:total 8 (4 cores per cpu, 2 threads per core) family 6 model 60 stepping 3, cmov, cx8, fxsr, mmx, sse, sse2, sse3, ssse3, sse4.1, sse4.2, popcnt, avx, avx2, aes, clmul, erms, lzcnt, ht, tsc, tscinvbit, bmi1, bmi2

Memory: 4k page, physical 15910992k(10504476k free), swap 36390992k(29136048k free)

vm_info: Java HotSpot(TM) Client VM (25.31-b07) for windows-x86 JRE (1.8.0_31-b13), built on Dec 17 2014 20:46:12 by "java_re" with MS VC++ 10.0 (VS2010)

time: Wed Mar 04 18:55:19 2015
elapsed time: 14 seconds (0d 0h 0m 14s)

