#
# A fatal error has been detected by the Java Runtime Environment:
#
#  EXCEPTION_ACCESS_VIOLATION (0xc0000005) at pc=0x0b58119a, pid=1020, tid=4224
#
# JRE version: Java(TM) SE Runtime Environment (8.0_31-b13) (build 1.8.0_31-b13)
# Java VM: Java HotSpot(TM) Client VM (25.31-b07 mixed mode windows-x86 )
# Problematic frame:
# C  [xuggle7776065814798579025.dll+0x30119a]
#
# Failed to write core dump. Minidumps are not enabled by default on client versions of Windows
#
# If you would like to submit a bug report, please visit:
#   http://bugreport.java.com/bugreport/crash.jsp
# The crash happened outside the Java Virtual Machine in native code.
# See problematic frame for where to report the bug.
#

---------------  T H R E A D  ---------------

Current thread (0x05c2a000):  JavaThread "Thread-38" [_thread_in_native, id=4224, stack(0x1fc40000,0x1fc90000)]

siginfo: ExceptionCode=0xc0000005, reading address 0xc487a3b6

Registers:
EAX=0x00000000, EBX=0x1fc8ee78, ECX=0x00000000, EDX=0xc487a3b6
ESP=0x1fc8ebf0, EBP=0xc487a3b6, ESI=0x41444ef5, EDI=0x0a1d5bc0
EIP=0x0b58119a, EFLAGS=0x00010246

Top of Stack: (sp=0x1fc8ebf0)
0x1fc8ebf0:   025203b2 1fc8f2b0 05d0b730 1fc8ee00
0x1fc8ec00:   1fc8ec7c 6a6a6b85 05d0b730 00000000
0x1fc8ec10:   1fc8edf8 05c2a000 6a6a7451 05c2a000
0x1fc8ec20:   06199a50 1fc8edf8 05c2a000 05d0bcd0
0x1fc8ec30:   04729f88 0f3827c0 1fc8f2b0 0252be21
0x1fc8ec40:   1fc8f300 1fc8edf8 05c2a000 06199790
0x1fc8ec50:   05c44cc0 05c44cd0 05c44db4 000000ec
0x1fc8ec60:   0a1db760 04729f88 05c2a000 0000000a 

Instructions: (pc=0x0b58119a)
0x0b58117a:   00 89 84 24 80 00 00 00 89 5c 24 70 8b 9c 24 60
0x0b58118a:   02 00 00 8b 4b 08 8b 13 89 c8 83 e1 07 c1 e8 03
0x0b58119a:   8b 04 02 0f c8 d3 e0 c1 e8 f4 3d ff 0f 00 00 0f
0x0b5811aa:   84 bf 12 00 00 8b 5c 24 70 c7 84 24 90 00 00 00 


Register to memory mapping:

EAX=0x00000000 is an unknown value
EBX=0x1fc8ee78 is pointing into the stack for thread: 0x05c2a000
ECX=0x00000000 is an unknown value
EDX=0xc487a3b6 is an unknown value
ESP=0x1fc8ebf0 is pointing into the stack for thread: 0x05c2a000
EBP=0xc487a3b6 is an unknown value
ESI=0x41444ef5 is an unknown value
EDI=0x0a1d5bc0 is an unknown value


Stack: [0x1fc40000,0x1fc90000],  sp=0x1fc8ebf0,  free space=314k
Native frames: (J=compiled Java code, j=interpreted, Vv=VM code, C=native code)
C  [xuggle7776065814798579025.dll+0x30119a]

Java frames: (J=compiled Java code, j=interpreted, Vv=VM code)
j  com.xuggle.xuggler.XugglerJNI.IStreamCoder_decodeAudio(JLcom/xuggle/xuggler/IStreamCoder;JLcom/xuggle/xuggler/IAudioSamples;JLcom/xuggle/xuggler/IPacket;I)I+0
j  com.xuggle.xuggler.IStreamCoder.decodeAudio(Lcom/xuggle/xuggler/IAudioSamples;Lcom/xuggle/xuggler/IPacket;I)I+16
j  wideokomunikator.audiovideo.AudioVideo.decodeAudio(Lwideokomunikator/audiovideo/Packet;I)V+79
j  wideokomunikator.audiovideo.AudioVideo.access$2400(Lwideokomunikator/audiovideo/AudioVideo;Lwideokomunikator/audiovideo/Packet;I)V+3
j  wideokomunikator.audiovideo.AudioVideo$8.run()V+139
j  java.lang.Thread.run()V+11
v  ~StubRoutines::call_stub

---------------  P R O C E S S  ---------------

Java Threads: ( => current thread )
  0x05c2e000 JavaThread "Thread-43" [_thread_blocked, id=4596, stack(0x1fd20000,0x1fd70000)]
  0x05c29c00 JavaThread "Thread-40" [_thread_blocked, id=3260, stack(0x09d50000,0x09da0000)]
  0x05c2e400 JavaThread "Thread-39" [_thread_blocked, id=4228, stack(0x1fcd0000,0x1fd20000)]
=>0x05c2a000 JavaThread "Thread-38" [_thread_in_native, id=4224, stack(0x1fc40000,0x1fc90000)]
  0x05c2ac00 JavaThread "Thread-27" [_thread_in_native, id=1312, stack(0x1f290000,0x1f2e0000)]
  0x05c2a800 JavaThread "Thread-31" [_thread_blocked, id=7748, stack(0x1f200000,0x1f250000)]
  0x05c2d400 JavaThread "Thread-26" [_thread_blocked, id=7068, stack(0x0f170000,0x0f1c0000)]
  0x05c2b800 JavaThread "Thread-30" [_thread_blocked, id=4108, stack(0x0f0e0000,0x0f130000)]
  0x05c29400 JavaThread "Thread-29" [_thread_in_native, id=5320, stack(0x0f050000,0x0f0a0000)]
  0x05c2b400 JavaThread "Thread-28" [_thread_in_native, id=848, stack(0x0efb0000,0x0f000000)]
  0x05c2c800 JavaThread "Java Sound Event Dispatcher" daemon [_thread_blocked, id=5456, stack(0x0cad0000,0x0cb20000)]
  0x05c2cc00 JavaThread "Thread-23" [_thread_in_native, id=5484, stack(0x0b230000,0x0b280000)]
  0x05bfc800 JavaThread "Thread-22" [_thread_in_native, id=1572, stack(0x0a350000,0x0a3a0000)]
  0x05bfdc00 JavaThread "Thread-19" [_thread_in_native, id=168, stack(0x0a3a0000,0x0a3f0000)]
  0x05bff000 JavaThread "D3D Screen Updater" daemon [_thread_blocked, id=8072, stack(0x0a2f0000,0x0a340000)]
  0x05bfd000 JavaThread "DestroyJavaVM" [_thread_blocked, id=760, stack(0x00720000,0x00770000)]
  0x05c00000 JavaThread "Thread-10" [_thread_in_native, id=7920, stack(0x09430000,0x09480000)]
  0x05bff400 JavaThread "Thread-9" [_thread_blocked, id=7084, stack(0x095e0000,0x09630000)]
  0x05bfd400 JavaThread "Thread-8" [_thread_blocked, id=400, stack(0x09550000,0x095a0000)]
  0x05bfe800 JavaThread "Thread-7" [_thread_in_native, id=3020, stack(0x094c0000,0x09510000)]
  0x053b5000 JavaThread "TimerQueue" daemon [_thread_blocked, id=6964, stack(0x09290000,0x092e0000)]
  0x05f15000 JavaThread "AWT-EventQueue-0" [_thread_blocked, id=3172, stack(0x09200000,0x09250000)]
  0x05d6a800 JavaThread "AWT-Windows" daemon [_thread_in_native, id=4476, stack(0x07220000,0x07270000)]
  0x05d6a400 JavaThread "AWT-Shutdown" [_thread_blocked, id=4924, stack(0x07190000,0x071e0000)]
  0x054e1800 JavaThread "Java2D Disposer" daemon [_thread_blocked, id=1100, stack(0x07100000,0x07150000)]
  0x05e85000 JavaThread "Thread-0" [_thread_in_native, id=7948, stack(0x06a60000,0x06ab0000)]
  0x05504400 JavaThread "derby.rawStoreDaemon" daemon [_thread_blocked, id=4456, stack(0x066d0000,0x06720000)]
  0x054ffc00 JavaThread "DRDAConnThread_2" daemon [_thread_in_native, id=4020, stack(0x06640000,0x06690000)]
  0x054f2000 JavaThread "NetworkServerThread_1" daemon [_thread_in_native, id=1732, stack(0x064b0000,0x06500000)]
  0x04c83400 JavaThread "derby.NetworkServerStarter" daemon [_thread_blocked, id=1560, stack(0x06420000,0x06470000)]
  0x0552d000 JavaThread "Timer-0" daemon [_thread_blocked, id=3572, stack(0x05870000,0x058c0000)]
  0x04b73400 JavaThread "Service Thread" daemon [_thread_blocked, id=2176, stack(0x05050000,0x050a0000)]
  0x04b7a800 JavaThread "C1 CompilerThread0" daemon [_thread_blocked, id=7672, stack(0x04fc0000,0x05010000)]
  0x04b79800 JavaThread "Attach Listener" daemon [_thread_blocked, id=7812, stack(0x04f30000,0x04f80000)]
  0x04b77800 JavaThread "Signal Dispatcher" daemon [_thread_blocked, id=1832, stack(0x04ea0000,0x04ef0000)]
  0x04b46800 JavaThread "Finalizer" daemon [_thread_blocked, id=5552, stack(0x04e10000,0x04e60000)]
  0x024fe800 JavaThread "Reference Handler" daemon [_thread_blocked, id=5340, stack(0x04d80000,0x04dd0000)]

Other Threads:
  0x024fd000 VMThread [stack: 0x04af0000,0x04b40000] [id=6232]
  0x04b93800 WatcherThread [stack: 0x050e0000,0x05130000] [id=7096]

VM state:not at safepoint (normal execution)

VM Mutex/Monitor currently owned by a thread: None

Heap:
 def new generation   total 12672K, used 7235K [0x0f200000, 0x0ffb0000, 0x14750000)
  eden space 11328K,  63% used [0x0f200000, 0x0f910c28, 0x0fd10000)
  from space 1344K,   0% used [0x0fe60000, 0x0fe60000, 0x0ffb0000)
  to   space 1344K,   0% used [0x0fd10000, 0x0fd10000, 0x0fe60000)
 tenured generation   total 27780K, used 15463K [0x14750000, 0x16271000, 0x1f200000)
   the space 27780K,  55% used [0x14750000, 0x15669e68, 0x1566a000, 0x16271000)
 Metaspace       used 18940K, capacity 19135K, committed 19200K, reserved 19840K

Card table byte_map: [0x045a0000,0x04630000] byte_map_base: 0x04527000

Polling page: 0x00690000

CodeCache: size=32768Kb used=2268Kb max_used=2268Kb free=30499Kb
 bounds [0x02520000, 0x02758000, 0x04520000]
 total_blobs=1534 nmethods=1148 adapters=317
 compilation: enabled

Compilation events (10 events):
Event: 26.646 Thread 0x04b7a800 1165             java.awt.image.BufferedImage::<init> (1013 bytes)
Event: 26.671 Thread 0x04b7a800 nmethod 1165 0x02751dc8 code [0x027521a0, 0x0275372c]
Event: 26.692 Thread 0x04b7a800 1166   !         java.util.concurrent.DelayQueue::take (214 bytes)
Event: 26.693 Thread 0x04b7a800 nmethod 1166 0x027554c8 code [0x02755700, 0x02755ed0]
Event: 26.693 Thread 0x04b7a800 1167             java.awt.Rectangle::setRect (135 bytes)
Event: 26.694 Thread 0x04b7a800 nmethod 1167 0x02756c88 code [0x02756dc0, 0x02756fe0]
Event: 26.694 Thread 0x04b7a800 1168             javax.swing.SwingUtilities::calculateInnerArea (79 bytes)
Event: 26.694 Thread 0x04b7a800 nmethod 1168 0x02757108 code [0x02757210, 0x0275734c]
Event: 26.694 Thread 0x04b7a800 1169             java.awt.Rectangle::equals (68 bytes)
Event: 26.694 Thread 0x04b7a800 nmethod 1169 0x02757448 code [0x02757550, 0x0275769c]

GC Heap History (10 events):
Event: 25.853 GC heap before
{Heap before GC invocations=118 (full 25):
 def new generation   total 12672K, used 11749K [0x0f200000, 0x0ffb0000, 0x14750000)
  eden space 11328K,  91% used [0x0f200000, 0x0fc2cd20, 0x0fd10000)
  from space 1344K,  98% used [0x0fd10000, 0x0fe5c7c0, 0x0fe60000)
  to   space 1344K,   0% used [0x0fe60000, 0x0fe60000, 0x0ffb0000)
 tenured generation   total 27780K, used 25310K [0x14750000, 0x16271000, 0x1f200000)
   the space 27780K,  91% used [0x14750000, 0x16007968, 0x16007a00, 0x16271000)
 Metaspace       used 18952K, capacity 19150K, committed 19200K, reserved 19840K
Event: 25.877 GC heap after
Heap after GC invocations=119 (full 26):
 def new generation   total 12672K, used 0K [0x0f200000, 0x0ffb0000, 0x14750000)
  eden space 11328K,   0% used [0x0f200000, 0x0f200000, 0x0fd10000)
  from space 1344K,   0% used [0x0fe60000, 0x0fe60000, 0x0ffb0000)
  to   space 1344K,   0% used [0x0fd10000, 0x0fd10000, 0x0fe60000)
 tenured generation   total 27780K, used 15316K [0x14750000, 0x16271000, 0x1f200000)
   the space 27780K,  55% used [0x14750000, 0x15645170, 0x15645200, 0x16271000)
 Metaspace       used 18952K, capacity 19150K, committed 19200K, reserved 19840K
}
Event: 26.052 GC heap before
{Heap before GC invocations=119 (full 26):
 def new generation   total 12672K, used 10690K [0x0f200000, 0x0ffb0000, 0x14750000)
  eden space 11328K,  94% used [0x0f200000, 0x0fc70960, 0x0fd10000)
  from space 1344K,   0% used [0x0fe60000, 0x0fe60000, 0x0ffb0000)
  to   space 1344K,   0% used [0x0fd10000, 0x0fd10000, 0x0fe60000)
 tenured generation   total 27780K, used 15316K [0x14750000, 0x16271000, 0x1f200000)
   the space 27780K,  55% used [0x14750000, 0x15645170, 0x15645200, 0x16271000)
 Metaspace       used 18952K, capacity 19150K, committed 19200K, reserved 19840K
Event: 26.054 GC heap after
Heap after GC invocations=120 (full 26):
 def new generation   total 12672K, used 1330K [0x0f200000, 0x0ffb0000, 0x14750000)
  eden space 11328K,   0% used [0x0f200000, 0x0f200000, 0x0fd10000)
  from space 1344K,  99% used [0x0fd10000, 0x0fe5cb88, 0x0fe60000)
  to   space 1344K,   0% used [0x0fe60000, 0x0fe60000, 0x0ffb0000)
 tenured generation   total 27780K, used 19755K [0x14750000, 0x16271000, 0x1f200000)
   the space 27780K,  71% used [0x14750000, 0x15a9ac58, 0x15a9ae00, 0x16271000)
 Metaspace       used 18952K, capacity 19150K, committed 19200K, reserved 19840K
}
Event: 26.247 GC heap before
{Heap before GC invocations=120 (full 26):
 def new generation   total 12672K, used 11747K [0x0f200000, 0x0ffb0000, 0x14750000)
  eden space 11328K,  91% used [0x0f200000, 0x0fc2c1c0, 0x0fd10000)
  from space 1344K,  99% used [0x0fd10000, 0x0fe5cb88, 0x0fe60000)
  to   space 1344K,   0% used [0x0fe60000, 0x0fe60000, 0x0ffb0000)
 tenured generation   total 27780K, used 19755K [0x14750000, 0x16271000, 0x1f200000)
   the space 27780K,  71% used [0x14750000, 0x15a9ac58, 0x15a9ae00, 0x16271000)
 Metaspace       used 18952K, capacity 19150K, committed 19200K, reserved 19840K
Event: 26.249 GC heap after
Heap after GC invocations=121 (full 26):
 def new generation   total 12672K, used 1328K [0x0f200000, 0x0ffb0000, 0x14750000)
  eden space 11328K,   0% used [0x0f200000, 0x0f200000, 0x0fd10000)
  from space 1344K,  98% used [0x0fe60000, 0x0ffac0f8, 0x0ffb0000)
  to   space 1344K,   0% used [0x0fd10000, 0x0fd10000, 0x0fe60000)
 tenured generation   total 27780K, used 22512K [0x14750000, 0x16271000, 0x1f200000)
   the space 27780K,  81% used [0x14750000, 0x15d4c398, 0x15d4c400, 0x16271000)
 Metaspace       used 18952K, capacity 19150K, committed 19200K, reserved 19840K
}
Event: 26.461 GC heap before
{Heap before GC invocations=121 (full 26):
 def new generation   total 12672K, used 12016K [0x0f200000, 0x0ffb0000, 0x14750000)
  eden space 11328K,  94% used [0x0f200000, 0x0fc702c0, 0x0fd10000)
  from space 1344K,  98% used [0x0fe60000, 0x0ffac0f8, 0x0ffb0000)
  to   space 1344K,   0% used [0x0fd10000, 0x0fd10000, 0x0fe60000)
 tenured generation   total 27780K, used 22512K [0x14750000, 0x16271000, 0x1f200000)
   the space 27780K,  81% used [0x14750000, 0x15d4c398, 0x15d4c400, 0x16271000)
 Metaspace       used 18952K, capacity 19150K, committed 19200K, reserved 19840K
Event: 26.463 GC heap after
Heap after GC invocations=122 (full 26):
 def new generation   total 12672K, used 1192K [0x0f200000, 0x0ffb0000, 0x14750000)
  eden space 11328K,   0% used [0x0f200000, 0x0f200000, 0x0fd10000)
  from space 1344K,  88% used [0x0fd10000, 0x0fe3a1b8, 0x0fe60000)
  to   space 1344K,   0% used [0x0fe60000, 0x0fe60000, 0x0ffb0000)
 tenured generation   total 27780K, used 25593K [0x14750000, 0x16271000, 0x1f200000)
   the space 27780K,  92% used [0x14750000, 0x1604e658, 0x1604e800, 0x16271000)
 Metaspace       used 18952K, capacity 19150K, committed 19200K, reserved 19840K
}
Event: 26.646 GC heap before
{Heap before GC invocations=122 (full 26):
 def new generation   total 12672K, used 11614K [0x0f200000, 0x0ffb0000, 0x14750000)
  eden space 11328K,  92% used [0x0f200000, 0x0fc2d7f8, 0x0fd10000)
  from space 1344K,  88% used [0x0fd10000, 0x0fe3a1b8, 0x0fe60000)
  to   space 1344K,   0% used [0x0fe60000, 0x0fe60000, 0x0ffb0000)
 tenured generation   total 27780K, used 25593K [0x14750000, 0x16271000, 0x1f200000)
   the space 27780K,  92% used [0x14750000, 0x1604e658, 0x1604e800, 0x16271000)
 Metaspace       used 18952K, capacity 19150K, committed 19200K, reserved 19840K
Event: 26.669 GC heap after
Heap after GC invocations=123 (full 27):
 def new generation   total 12672K, used 0K [0x0f200000, 0x0ffb0000, 0x14750000)
  eden space 11328K,   0% used [0x0f200000, 0x0f200000, 0x0fd10000)
  from space 1344K,   0% used [0x0fe60000, 0x0fe60000, 0x0ffb0000)
  to   space 1344K,   0% used [0x0fd10000, 0x0fd10000, 0x0fe60000)
 tenured generation   total 27780K, used 15463K [0x14750000, 0x16271000, 0x1f200000)
   the space 27780K,  55% used [0x14750000, 0x15669e68, 0x1566a000, 0x16271000)
 Metaspace       used 18940K, capacity 19135K, committed 19200K, reserved 19840K
}

Deoptimization events (0 events):
No events

Internal exceptions (10 events):
Event: 7.441 Thread 0x05c2ac00 Exception <a 'java/security/PrivilegedActionException'> (0x0f6a7ec8) thrown at [C:\re\workspace\8-2-build-windows-i586-cygwin\jdk8u31\2394\hotspot\src\share\vm\prims\jvm.cpp, line 1312]
Event: 7.442 Thread 0x05c2ac00 Exception <a 'java/security/PrivilegedActionException'> (0x0f890100) thrown at [C:\re\workspace\8-2-build-windows-i586-cygwin\jdk8u31\2394\hotspot\src\share\vm\prims\jvm.cpp, line 1312]
Event: 7.442 Thread 0x05c2ac00 Exception <a 'java/security/PrivilegedActionException'> (0x0f899f48) thrown at [C:\re\workspace\8-2-build-windows-i586-cygwin\jdk8u31\2394\hotspot\src\share\vm\prims\jvm.cpp, line 1312]
Event: 7.443 Thread 0x05c2ac00 Exception <a 'java/security/PrivilegedActionException'> (0x0f8a2810) thrown at [C:\re\workspace\8-2-build-windows-i586-cygwin\jdk8u31\2394\hotspot\src\share\vm\prims\jvm.cpp, line 1312]
Event: 7.443 Thread 0x05c2ac00 Exception <a 'java/security/PrivilegedActionException'> (0x0f8adb78) thrown at [C:\re\workspace\8-2-build-windows-i586-cygwin\jdk8u31\2394\hotspot\src\share\vm\prims\jvm.cpp, line 1312]
Event: 7.443 Thread 0x05c2ac00 Exception <a 'java/security/PrivilegedActionException'> (0x0f8b4a90) thrown at [C:\re\workspace\8-2-build-windows-i586-cygwin\jdk8u31\2394\hotspot\src\share\vm\prims\jvm.cpp, line 1312]
Event: 7.444 Thread 0x05c2ac00 Exception <a 'java/security/PrivilegedActionException'> (0x0f8bce18) thrown at [C:\re\workspace\8-2-build-windows-i586-cygwin\jdk8u31\2394\hotspot\src\share\vm\prims\jvm.cpp, line 1312]
Event: 7.444 Thread 0x05c2ac00 Exception <a 'java/security/PrivilegedActionException'> (0x0f8c4aa8) thrown at [C:\re\workspace\8-2-build-windows-i586-cygwin\jdk8u31\2394\hotspot\src\share\vm\prims\jvm.cpp, line 1312]
Event: 7.445 Thread 0x05c2ac00 Exception <a 'java/security/PrivilegedActionException'> (0x0f8d2b38) thrown at [C:\re\workspace\8-2-build-windows-i586-cygwin\jdk8u31\2394\hotspot\src\share\vm\prims\jvm.cpp, line 1312]
Event: 7.452 Thread 0x05c2c000 Exception <a 'java/security/PrivilegedActionException'> (0x0fa6be08) thrown at [C:\re\workspace\8-2-build-windows-i586-cygwin\jdk8u31\2394\hotspot\src\share\vm\prims\jvm.cpp, line 1312]

Events (10 events):
Event: 26.762 Thread 0x05c30c00 Thread added: 0x05c30c00
Event: 26.763 Thread 0x05c2ec00 Thread exited: 0x05c2ec00
Event: 26.763 Thread 0x05c30000 Thread added: 0x05c30000
Event: 26.763 Thread 0x05c30400 Thread exited: 0x05c30400
Event: 26.763 Thread 0x05c2d800 Thread added: 0x05c2d800
Event: 26.763 Thread 0x05c30c00 Thread exited: 0x05c30c00
Event: 26.763 Thread 0x05c2ec00 Thread added: 0x05c2ec00
Event: 26.763 Thread 0x05c30000 Thread exited: 0x05c30000
Event: 26.763 Thread 0x05c2d800 Thread exited: 0x05c2d800
Event: 26.763 Thread 0x05c2ec00 Thread exited: 0x05c2ec00


Dynamic libraries:
0x00d20000 - 0x00d50000 	C:\Program Files (x86)\Java\jdk1.8.0_31\bin\java.exe
0x77a40000 - 0x77bae000 	C:\Windows\SYSTEM32\ntdll.dll
0x76b20000 - 0x76c60000 	C:\Windows\SYSTEM32\KERNEL32.DLL
0x77450000 - 0x77527000 	C:\Windows\SYSTEM32\KERNELBASE.dll
0x740c0000 - 0x74160000 	C:\Windows\system32\apphelp.dll
0x6a910000 - 0x6ab75000 	C:\Windows\AppPatch\AcGenral.DLL
0x752f0000 - 0x753b3000 	C:\Windows\SYSTEM32\msvcrt.dll
0x77200000 - 0x77241000 	C:\Windows\SYSTEM32\sechost.dll
0x75240000 - 0x7525e000 	C:\Windows\SYSTEM32\SspiCli.dll
0x771a0000 - 0x771e5000 	C:\Windows\SYSTEM32\SHLWAPI.dll
0x747c0000 - 0x748ad000 	C:\Windows\SYSTEM32\UxTheme.dll
0x77250000 - 0x773a3000 	C:\Windows\SYSTEM32\USER32.dll
0x777c0000 - 0x778ce000 	C:\Windows\SYSTEM32\GDI32.dll
0x6d5a0000 - 0x6d5c3000 	C:\Windows\SYSTEM32\WINMM.dll
0x6cf40000 - 0x6cf53000 	C:\Windows\SYSTEM32\samcli.dll
0x75440000 - 0x75568000 	C:\Windows\SYSTEM32\ole32.dll
0x757c0000 - 0x75855000 	C:\Windows\SYSTEM32\OLEAUT32.dll
0x75060000 - 0x75077000 	C:\Windows\SYSTEM32\MSACM32.dll
0x75190000 - 0x75198000 	C:\Windows\SYSTEM32\VERSION.dll
0x75870000 - 0x76b1c000 	C:\Windows\SYSTEM32\SHELL32.dll
0x74e60000 - 0x74e7b000 	C:\Windows\SYSTEM32\USERENV.dll
0x6d470000 - 0x6d48a000 	C:\Windows\SYSTEM32\dwmapi.dll
0x6d0b0000 - 0x6d1fa000 	C:\Windows\SYSTEM32\urlmon.dll
0x77530000 - 0x775ac000 	C:\Windows\SYSTEM32\ADVAPI32.dll
0x6d740000 - 0x6d7a5000 	C:\Windows\SYSTEM32\WINSPOOL.DRV
0x73fb0000 - 0x73fc6000 	C:\Windows\SYSTEM32\MPR.dll
0x770e0000 - 0x7719a000 	C:\Windows\SYSTEM32\RPCRT4.dll
0x75230000 - 0x7523a000 	C:\Windows\SYSTEM32\CRYPTBASE.dll
0x76c60000 - 0x76ddd000 	C:\Windows\SYSTEM32\combase.dll
0x6d570000 - 0x6d593000 	C:\Windows\SYSTEM32\WINMMBASE.dll
0x74540000 - 0x7454f000 	C:\Windows\SYSTEM32\profapi.dll
0x74300000 - 0x74532000 	C:\Windows\SYSTEM32\iertutil.dll
0x745e0000 - 0x747b5000 	C:\Windows\SYSTEM32\WININET.dll
0x751d0000 - 0x75224000 	C:\Windows\SYSTEM32\bcryptPrimitives.dll
0x778d0000 - 0x7790c000 	C:\Windows\SYSTEM32\cfgmgr32.dll
0x6d540000 - 0x6d561000 	C:\Windows\SYSTEM32\DEVOBJ.dll
0x75100000 - 0x7518b000 	C:\Windows\SYSTEM32\SHCORE.DLL
0x75400000 - 0x75427000 	C:\Windows\system32\IMM32.DLL
0x76f60000 - 0x77073000 	C:\Windows\SYSTEM32\MSCTF.dll
0x751a0000 - 0x751ce000 	C:\Windows\SYSTEM32\nvinit.dll
0x0f000000 - 0x0f006000 	C:\Program Files (x86)\NVIDIA Corporation\CoProcManager\_etoured.dll
0x6bbc0000 - 0x6bbeb000 	C:\Program Files (x86)\NVIDIA Corporation\CoProcManager\nvd3d9wrap.dll
0x77600000 - 0x777b1000 	C:\Windows\SYSTEM32\SETUPAPI.dll
0x6bba0000 - 0x6bbbf000 	C:\Program Files (x86)\NVIDIA Corporation\CoProcManager\nvdxgiwrap.dll
0x74c40000 - 0x74e46000 	C:\Windows\WinSxS\x86_microsoft.windows.common-controls_6595b64144ccf1df_6.0.9600.17415_none_a9ed7f470139b3c1\COMCTL32.dll
0x6c130000 - 0x6c1ad000 	C:\Program Files (x86)\AVG\AVG2015\avghookx.dll
0x6b460000 - 0x6b51f000 	C:\Program Files (x86)\Java\jdk1.8.0_31\jre\bin\msvcr100.dll
0x6a560000 - 0x6a904000 	C:\Program Files (x86)\Java\jdk1.8.0_31\jre\bin\client\jvm.dll
0x740b0000 - 0x740b8000 	C:\Windows\SYSTEM32\WSOCK32.dll
0x771f0000 - 0x771f6000 	C:\Windows\SYSTEM32\PSAPI.DLL
0x775b0000 - 0x77600000 	C:\Windows\SYSTEM32\WS2_32.dll
0x76f50000 - 0x76f57000 	C:\Windows\SYSTEM32\NSI.dll
0x75050000 - 0x7505c000 	C:\Program Files (x86)\Java\jdk1.8.0_31\jre\bin\verify.dll
0x74020000 - 0x74041000 	C:\Program Files (x86)\Java\jdk1.8.0_31\jre\bin\java.dll
0x75030000 - 0x75043000 	C:\Program Files (x86)\Java\jdk1.8.0_31\jre\bin\zip.dll
0x74f70000 - 0x74f85000 	C:\Program Files (x86)\Java\jdk1.8.0_31\jre\bin\net.dll
0x6d2c0000 - 0x6d30b000 	C:\Windows\system32\mswsock.dll
0x6d450000 - 0x6d470000 	C:\Program Files (x86)\Java\jdk1.8.0_31\jre\bin\sunec.dll
0x6f490000 - 0x6f4a9000 	C:\Windows\SYSTEM32\CRYPTSP.dll
0x6f400000 - 0x6f430000 	C:\Windows\system32\rsaenh.dll
0x6f3e0000 - 0x6f3fe000 	C:\Windows\SYSTEM32\bcrypt.dll
0x74f40000 - 0x74f60000 	C:\Windows\SYSTEM32\IPHLPAPI.DLL
0x745d0000 - 0x745d8000 	C:\Windows\SYSTEM32\WINNSI.DLL
0x6b350000 - 0x6b363000 	C:\Windows\SYSTEM32\dhcpcsvc6.DLL
0x6c1e0000 - 0x6c1f4000 	C:\Windows\SYSTEM32\dhcpcsvc.DLL
0x74fd0000 - 0x74fdf000 	C:\Program Files (x86)\Java\jdk1.8.0_31\jre\bin\nio.dll
0x6c260000 - 0x6c271000 	C:\Windows\system32\napinsp.dll
0x6c240000 - 0x6c256000 	C:\Windows\system32\pnrpnsp.dll
0x6c220000 - 0x6c234000 	C:\Windows\system32\NLAapi.dll
0x6c410000 - 0x6c48e000 	C:\Windows\SYSTEM32\DNSAPI.dll
0x6c210000 - 0x6c21a000 	C:\Windows\System32\winrnr.dll
0x6c200000 - 0x6c210000 	C:\Windows\system32\wshbth.dll
0x6c3e0000 - 0x6c401000 	C:\Program Files (x86)\Bonjour\mdnsNSP.dll
0x6c3d0000 - 0x6c3d8000 	C:\Windows\System32\rasadhlp.dll
0x6c380000 - 0x6c3c6000 	C:\Windows\System32\fwpuclnt.dll
0x74010000 - 0x74019000 	C:\Program Files (x86)\Java\jdk1.8.0_31\jre\bin\sunmscapi.dll
0x75570000 - 0x756f8000 	C:\Windows\SYSTEM32\CRYPT32.dll
0x75430000 - 0x7543e000 	C:\Windows\SYSTEM32\MSASN1.dll
0x6d440000 - 0x6d44a000 	C:\Program Files (x86)\Java\jdk1.8.0_31\jre\bin\management.dll
0x6b1f0000 - 0x6b336000 	C:\Program Files (x86)\Java\jdk1.8.0_31\jre\bin\awt.dll
0x74160000 - 0x74169000 	C:\Windows\SYSTEM32\kernel.appcore.dll
0x5ead0000 - 0x5eca3000 	C:\Windows\system32\d3d9.dll
0x68160000 - 0x6823e000 	C:\Windows\SYSTEM32\nvumdshim.dll
0x63500000 - 0x64bde000 	C:\Windows\system32\igdumdim32.dll
0x66b80000 - 0x673f8000 	C:\Windows\SYSTEM32\igdusc32.dll
0x6b420000 - 0x6b459000 	C:\Program Files (x86)\Java\jdk1.8.0_31\jre\bin\fontmanager.dll
0x6b3f0000 - 0x6b420000 	C:\Program Files (x86)\Java\jdk1.8.0_31\jre\bin\t2k.dll
0x75260000 - 0x752ed000 	C:\Windows\SYSTEM32\clbcatq.dll
0x5ecb0000 - 0x5ee1b000 	C:\Windows\SYSTEM32\WindowsCodecs.dll
0x0b280000 - 0x0c84f000 	C:\Users\Piotr\AppData\Local\Temp\xuggle\xuggle7776065814798579025.dll
0x6b3d0000 - 0x6b3e4000 	C:\Windows\SYSTEM32\AVICAP32.DLL
0x6b3a0000 - 0x6b3c3000 	C:\Windows\SYSTEM32\MSVFW32.dll
0x6b390000 - 0x6b39a000 	C:\Program Files (x86)\Java\jdk1.8.0_31\jre\bin\jsound.dll
0x6b380000 - 0x6b389000 	C:\Program Files (x86)\Java\jdk1.8.0_31\jre\bin\jsoundds.dll
0x6b160000 - 0x6b1e1000 	C:\Windows\SYSTEM32\DSOUND.dll
0x6bf80000 - 0x6bfc0000 	C:\Windows\SYSTEM32\POWRPROF.dll
0x74050000 - 0x740a3000 	C:\Windows\SYSTEM32\MMDevAPI.DLL
0x6b120000 - 0x6b156000 	C:\Windows\SYSTEM32\wdmaud.drv
0x586e0000 - 0x586e7000 	C:\Windows\SYSTEM32\ksuser.dll
0x73fe0000 - 0x73fea000 	C:\Windows\SYSTEM32\AVRT.dll
0x62e90000 - 0x62ef0000 	C:\Windows\SYSTEM32\AUDIOSES.DLL
0x6b370000 - 0x6b379000 	C:\Windows\SYSTEM32\msacm32.drv
0x6b110000 - 0x6b118000 	C:\Windows\SYSTEM32\midimap.dll
0x6a4a0000 - 0x6a55e000 	C:\Users\Piotr\AppData\Local\Temp\javacpp12762912758902\msvcr100.dll
0x6a430000 - 0x6a499000 	C:\Users\Piotr\AppData\Local\Temp\javacpp12762912758902\msvcp100.dll
0x6a220000 - 0x6a426000 	C:\Users\Piotr\AppData\Local\Temp\javacpp12762912758902\opencv_core249.dll
0x6a0d0000 - 0x6a218000 	C:\Users\Piotr\AppData\Local\Temp\javacpp12762912758902\jniopencv_core.dll
0x69e60000 - 0x6a0cd000 	C:\Users\Piotr\AppData\Local\Temp\javacpp12762912758902\opencv_imgproc249.dll
0x69de0000 - 0x69e60000 	C:\Users\Piotr\AppData\Local\Temp\javacpp12762912758902\jniopencv_imgproc.dll
0x70fc0000 - 0x71ef6000 	C:\Users\Piotr\AppData\Local\Temp\javacpp12762912758902\opencv_ffmpeg249.dll
0x69bd0000 - 0x69dd7000 	C:\Users\Piotr\AppData\Local\Temp\javacpp12762912758902\opencv_highgui249.dll
0x69bb0000 - 0x69bca000 	C:\Windows\SYSTEM32\AVIFIL32.dll
0x69b70000 - 0x69bac000 	C:\Users\Piotr\AppData\Local\Temp\javacpp12762912758902\jniopencv_highgui.dll
0x58740000 - 0x58754000 	C:\Windows\SYSTEM32\devenum.dll
0x742c0000 - 0x742e8000 	C:\Windows\SYSTEM32\ntmarta.dll
0x753c0000 - 0x753fd000 	C:\Windows\SYSTEM32\WINTRUST.dll
0x58730000 - 0x5873b000 	C:\Windows\SYSTEM32\msdmo.dll
0x69b30000 - 0x69b61000 	C:\Windows\SYSTEM32\qcap.dll
0x69990000 - 0x69b2f000 	C:\Windows\SYSTEM32\quartz.dll
0x586f0000 - 0x58730000 	C:\Windows\SYSTEM32\ksproxy.ax
0x586d0000 - 0x586dc000 	C:\Windows\SYSTEM32\vidcap.ax
0x586b0000 - 0x586cf000 	C:\Windows\SYSTEM32\kswdmcap.ax
0x585a0000 - 0x586a4000 	C:\Windows\SYSTEM32\MFC42.dll
0x584f0000 - 0x58599000 	C:\Windows\SYSTEM32\ODBC32.dll
0x69900000 - 0x6998e000 	C:\Windows\SYSTEM32\qedit.dll
0x773b0000 - 0x7744b000 	C:\Windows\SYSTEM32\COMDLG32.dll
0x6d5d0000 - 0x6d740000 	C:\Windows\WinSxS\x86_microsoft.windows.gdiplus_6595b64144ccf1df_1.1.9600.17415_none_dad8722c5bcc2d8f\gdiplus.dll
0x64be0000 - 0x64ccc000 	C:\Windows\SYSTEM32\DDRAW.dll

VM Arguments:
jvm_args: -Dfile.encoding=UTF-8 
java_command: wideokomunikator.main
java_class_path (initial): D:\Programowanie\javacv\javacv-bin\ffmpeg.jar;D:\Programowanie\javacv\javacv-bin\javacpp.jar;D:\Programowanie\javacv\javacv-bin\javacv.jar;D:\Programowanie\javacv\javacv-bin\opencv.jar;C:\Program Files\Java\jdk1.8.0_05\db\lib\derby.jar;C:\Program Files\Java\jdk1.8.0_05\db\lib\derbyclient.jar;C:\Program Files\Java\jdk1.8.0_05\db\lib\derbytools.jar;C:\Program Files\Java\jdk1.8.0_05\db\lib\derbynet.jar;D:\Programowanie\xuggle-xuggler-5.4.jar;D:\Programowanie\slf4j-simple-1.7.10.jar;D:\Programowanie\slf4j-api-1.7.10.jar;D:\Programowanie\javacv\javacv-bin\opencv-linux-x86.jar;D:\Programowanie\javacv\javacv-bin\opencv-linux-x86_64.jar;D:\Programowanie\javacv\javacv-bin\opencv-macosx-x86_64.jar;D:\Programowanie\javacv\javacv-bin\opencv-windows-x86.jar;D:\Programowanie\javacv\javacv-bin\opencv-windows-x86_64.jar;C:\Users\Piotr\Documents\NetBeansProjects\Wideokomunikator\build\classes
Launcher Type: SUN_STANDARD

Environment Variables:
JAVA_HOME=C:\Program Files\Java\jdk1.8.0_05
CLASSPATH=.;C:\PROGRA~2\JMF2.1.1e\lib\sound.jar;C:\PROGRA~2\JMF2.1.1e\lib\jmf.jar;C:\PROGRA~2\JMF2.1.1e\lib;.;.;.;c:\PROGRA~2\java\JMF21~1.1E\lib\sound.jar;c:\PROGRA~2\java\JMF21~1.1E\lib\jmf.jar;c:\PROGRA~2\java\JMF21~1.1E\lib;
PATH=C:\Program Files (x86)\NVIDIA Corporation\PhysX\Common;C:\ProgramData\Oracle\Java\javapath;C:\Python34\;C:\Python34\Scripts;C:\Program Files (x86)\Intel\iCLS Client\;C:\Program Files\Intel\iCLS Client\;C:\Windows\system32;C:\Windows;C:\Windows\System32\Wbem;C:\Windows\System32\WindowsPowerShell\v1.0\;C:\Program Files\Intel\Intel(R) Management Engine Components\DAL;C:\Program Files\Intel\Intel(R) Management Engine Components\IPT;C:\Program Files (x86)\Intel\Intel(R) Management Engine Components\DAL;C:\Program Files (x86)\Intel\Intel(R) Management Engine Components\IPT;C:\Program Files\nodejs\;C:\Windows\Microsoft.NET\Framework\v4.0.30319;C:\Program Files\Microsoft SQL Server\110\Tools\Binn\;C:\Program Files\Java\jdk1.8.0_05\bin;C:\Program Files\apache-ant-1.9.4\bin;C:\Program Files (x86)\QuickTime\QTSystem\;c:\PROGRA~2\java\JMF21~1.1E\lib;C:\Users\Piotr\AppData\Roaming\npm;C:\Program Files (x86)\Bitvise SSH Client;C:\Program Files\Java\jdk1.8.0_05\bin
USERNAME=Piotr
OS=Windows_NT
PROCESSOR_IDENTIFIER=Intel64 Family 6 Model 60 Stepping 3, GenuineIntel



---------------  S Y S T E M  ---------------

OS: Windows 8.1 , 64 bit Build 9600 

CPU:total 8 (4 cores per cpu, 2 threads per core) family 6 model 60 stepping 3, cmov, cx8, fxsr, mmx, sse, sse2, sse3, ssse3, sse4.1, sse4.2, popcnt, avx, avx2, aes, clmul, erms, lzcnt, ht, tsc, tscinvbit, bmi1, bmi2

Memory: 4k page, physical 15910992k(10953116k free), swap 36390992k(30746456k free)

vm_info: Java HotSpot(TM) Client VM (25.31-b07) for windows-x86 JRE (1.8.0_31-b13), built on Dec 17 2014 20:46:12 by "java_re" with MS VC++ 10.0 (VS2010)

time: Sat Mar 07 00:05:30 2015
elapsed time: 26 seconds (0d 0h 0m 26s)

