#
# A fatal error has been detected by the Java Runtime Environment:
#
#  EXCEPTION_ACCESS_VIOLATION (0xc0000005) at pc=0x0ae2119a, pid=7296, tid=7692
#
# JRE version: Java(TM) SE Runtime Environment (8.0_31-b13) (build 1.8.0_31-b13)
# Java VM: Java HotSpot(TM) Client VM (25.31-b07 mixed mode windows-x86 )
# Problematic frame:
# C  [xuggle2605416845348681100.dll+0x30119a]
#
# Failed to write core dump. Minidumps are not enabled by default on client versions of Windows
#
# If you would like to submit a bug report, please visit:
#   http://bugreport.java.com/bugreport/crash.jsp
# The crash happened outside the Java Virtual Machine in native code.
# See problematic frame for where to report the bug.
#

---------------  T H R E A D  ---------------

Current thread (0x08c0dc00):  JavaThread "Thread-29" [_thread_in_native, id=7692, stack(0x23c20000,0x23c70000)]

siginfo: ExceptionCode=0xc0000005, reading address 0xc74529a6

Registers:
EAX=0x00000000, EBX=0x23c6f0e8, ECX=0x00000000, EDX=0xc74529a6
ESP=0x23c6ee60, EBP=0xc74529a6, ESI=0x41444ef7, EDI=0x218fc120
EIP=0x0ae2119a, EFLAGS=0x00010246

Top of Stack: (sp=0x23c6ee60)
0x23c6ee60:   029003b2 23c6f520 08be4890 23c6f000
0x23c6ee70:   23c6eeec 6c8b6b85 08be4890 00000000
0x23c6ee80:   23c6f068 08c0dc00 6c8b7451 08c0dc00
0x23c6ee90:   0886fab0 23c6f068 08c0dc00 08be4570
0x23c6eea0:   04aa9f88 102b1ac8 23c6f520 0290be21
0x23c6eeb0:   23c6f570 23c6f068 08c0dc00 0886fb10
0x23c6eec0:   08768da8 08768db8 08768e9c 000000ec
0x23c6eed0:   2198d020 04aa9f88 08c0dc00 0000000a 

Instructions: (pc=0x0ae2119a)
0x0ae2117a:   00 89 84 24 80 00 00 00 89 5c 24 70 8b 9c 24 60
0x0ae2118a:   02 00 00 8b 4b 08 8b 13 89 c8 83 e1 07 c1 e8 03
0x0ae2119a:   8b 04 02 0f c8 d3 e0 c1 e8 f4 3d ff 0f 00 00 0f
0x0ae211aa:   84 bf 12 00 00 8b 5c 24 70 c7 84 24 90 00 00 00 


Register to memory mapping:

EAX=0x00000000 is an unknown value
EBX=0x23c6f0e8 is pointing into the stack for thread: 0x08c0dc00
ECX=0x00000000 is an unknown value
EDX=0xc74529a6 is an unknown value
ESP=0x23c6ee60 is pointing into the stack for thread: 0x08c0dc00
EBP=0xc74529a6 is an unknown value
ESI=0x41444ef7 is an unknown value
EDI=0x218fc120 is an unknown value


Stack: [0x23c20000,0x23c70000],  sp=0x23c6ee60,  free space=315k
Native frames: (J=compiled Java code, j=interpreted, Vv=VM code, C=native code)
C  [xuggle2605416845348681100.dll+0x30119a]

Java frames: (J=compiled Java code, j=interpreted, Vv=VM code)
j  com.xuggle.xuggler.XugglerJNI.IStreamCoder_decodeAudio(JLcom/xuggle/xuggler/IStreamCoder;JLcom/xuggle/xuggler/IAudioSamples;JLcom/xuggle/xuggler/IPacket;I)I+0
j  com.xuggle.xuggler.IStreamCoder.decodeAudio(Lcom/xuggle/xuggler/IAudioSamples;Lcom/xuggle/xuggler/IPacket;I)I+16
j  wideokomunikator.audiovideo.AudioVideo.decodeAudio(Lwideokomunikator/audiovideo/Packet;I)V+79
j  wideokomunikator.audiovideo.AudioVideo.access$1800(Lwideokomunikator/audiovideo/AudioVideo;Lwideokomunikator/audiovideo/Packet;I)V+3
j  wideokomunikator.audiovideo.AudioVideo$8.run()V+76
j  java.lang.Thread.run()V+11
v  ~StubRoutines::call_stub

---------------  P R O C E S S  ---------------

Java Threads: ( => current thread )
  0x08c0e400 JavaThread "Thread-28" [_thread_blocked, id=736, stack(0x23d40000,0x23d90000)]
=>0x08c0dc00 JavaThread "Thread-29" [_thread_in_native, id=7692, stack(0x23c20000,0x23c70000)]
  0x08c0cc00 JavaThread "Thread-24" [_thread_blocked, id=8864, stack(0x23b00000,0x23b50000)]
  0x08c08c00 JavaThread "Thread-16" [_thread_in_native, id=6804, stack(0x200a0000,0x200f0000)]
  0x08c0ac00 JavaThread "Thread-15" [_thread_blocked, id=4580, stack(0x20010000,0x20060000)]
  0x08c08400 JavaThread "Thread-20" [_thread_blocked, id=8176, stack(0x1ff80000,0x1ffd0000)]
  0x08c0a400 JavaThread "Thread-19" [_thread_blocked, id=4448, stack(0x1fef0000,0x1ff40000)]
  0x08c08000 JavaThread "Thread-18" [_thread_in_native, id=6940, stack(0x1fe60000,0x1feb0000)]
  0x085ce400 JavaThread "Thread-17" [_thread_in_native, id=2244, stack(0x1fdd0000,0x1fe20000)]
  0x085cdc00 JavaThread "Java Sound Event Dispatcher" daemon [_thread_blocked, id=9048, stack(0x07b10000,0x07b60000)]
  0x085cd800 JavaThread "derby.rawStoreDaemon" daemon [_thread_blocked, id=6952, stack(0x0a5c0000,0x0a610000)]
  0x085cf000 JavaThread "DRDAConnThread_2" daemon [_thread_in_native, id=4480, stack(0x0a330000,0x0a380000)]
  0x085ce800 JavaThread "NetworkServerThread_1" daemon [_thread_in_native, id=5116, stack(0x0a1a0000,0x0a1f0000)]
  0x0862c000 JavaThread "derby.NetworkServerStarter" daemon [_thread_blocked, id=6108, stack(0x0a110000,0x0a160000)]
  0x0859a800 JavaThread "Timer-0" daemon [_thread_blocked, id=9152, stack(0x0a080000,0x0a0d0000)]
  0x08496c00 JavaThread "D3D Screen Updater" daemon [_thread_blocked, id=7760, stack(0x091c0000,0x09210000)]
  0x0130c800 JavaThread "DestroyJavaVM" [_thread_blocked, id=5012, stack(0x01260000,0x012b0000)]
  0x057fb000 JavaThread "Thread-4" [_thread_in_native, id=3424, stack(0x07750000,0x077a0000)]
  0x057f3c00 JavaThread "Thread-3" [_thread_blocked, id=8924, stack(0x076c0000,0x07710000)]
  0x056ea400 JavaThread "TimerQueue" daemon [_thread_blocked, id=1832, stack(0x07e70000,0x07ec0000)]
  0x056b5c00 JavaThread "AWT-EventQueue-0" [_thread_blocked, id=5152, stack(0x07de0000,0x07e30000)]
  0x0566c400 JavaThread "AWT-Windows" daemon [_thread_in_native, id=7620, stack(0x05ee0000,0x05f30000)]
  0x0566b000 JavaThread "AWT-Shutdown" [_thread_blocked, id=8220, stack(0x05e50000,0x05ea0000)]
  0x0566a400 JavaThread "Java2D Disposer" daemon [_thread_blocked, id=1388, stack(0x05dc0000,0x05e10000)]
  0x04f13000 JavaThread "Service Thread" daemon [_thread_blocked, id=8144, stack(0x05390000,0x053e0000)]
  0x04efa800 JavaThread "C1 CompilerThread0" daemon [_thread_blocked, id=7240, stack(0x05300000,0x05350000)]
  0x04ef9800 JavaThread "Attach Listener" daemon [_thread_blocked, id=3772, stack(0x05270000,0x052c0000)]
  0x04ef7800 JavaThread "Signal Dispatcher" daemon [_thread_blocked, id=8400, stack(0x051e0000,0x05230000)]
  0x04ec6800 JavaThread "Finalizer" daemon [_thread_blocked, id=6216, stack(0x05150000,0x051a0000)]
  0x0287e800 JavaThread "Reference Handler" daemon [_thread_blocked, id=1876, stack(0x050c0000,0x05110000)]

Other Threads:
  0x0287d000 VMThread [stack: 0x04e70000,0x04ec0000] [id=3376]
  0x04f17400 WatcherThread [stack: 0x05420000,0x05470000] [id=8848]

VM state:not at safepoint (normal execution)

VM Mutex/Monitor currently owned by a thread: None

Heap:
 def new generation   total 78656K, used 49735K [0x0f200000, 0x14750000, 0x14750000)
  eden space 69952K,  58% used [0x0f200000, 0x11a11d08, 0x13650000)
  from space 8704K, 100% used [0x13ed0000, 0x14750000, 0x14750000)
  to   space 8704K,   0% used [0x13650000, 0x13650000, 0x13ed0000)
 tenured generation   total 174784K, used 162164K [0x14750000, 0x1f200000, 0x1f200000)
   the space 174784K,  92% used [0x14750000, 0x1e5ad378, 0x1e5ad400, 0x1f200000)
 Metaspace       used 18706K, capacity 18894K, committed 19072K, reserved 19840K

Card table byte_map: [0x04980000,0x04a10000] byte_map_base: 0x04907000

Polling page: 0x009e0000

CodeCache: size=32768Kb used=2188Kb max_used=2188Kb free=30579Kb
 bounds [0x02900000, 0x02b28000, 0x04900000]
 total_blobs=1454 nmethods=1068 adapters=317
 compilation: enabled

Compilation events (10 events):
Event: 91.565 Thread 0x04efa800 nmethod 1088 0x02a68048 code [0x02a68140, 0x02a681e0]
Event: 91.845 Thread 0x04efa800 1089             com.xuggle.ferry.JNIReference::delete (39 bytes)
Event: 91.845 Thread 0x04efa800 nmethod 1089 0x02a67bc8 code [0x02a67cd0, 0x02a67ecc]
Event: 91.845 Thread 0x04efa800 1090             sun.misc.Unsafe::getAndSetLong (24 bytes)
Event: 91.846 Thread 0x04efa800 nmethod 1090 0x029b4c48 code [0x029b4d40, 0x029b4e40]
Event: 91.846 Thread 0x04efa800 1091             com.xuggle.ferry.JNIMemoryManager::gcInternal (25 bytes)
Event: 91.846 Thread 0x04efa800 nmethod 1091 0x029b4708 code [0x029b4830, 0x029b4ab8]
Event: 92.630 Thread 0x04efa800 1092             java.lang.Long::<init> (10 bytes)
Event: 92.631 Thread 0x04efa800 nmethod 1092 0x02b20f88 code [0x02b21080, 0x02b21110]
Event: 92.851 Thread 0x04efa800 1093             sun.nio.cs.UTF_8$Encoder::encodeArrayLoop (489 bytes)

GC Heap History (10 events):
Event: 15.598 GC heap before
{Heap before GC invocations=28 (full 2):
 def new generation   total 69312K, used 64083K [0x0f200000, 0x13d30000, 0x14750000)
  eden space 61632K, 100% used [0x0f200000, 0x12e30000, 0x12e30000)
  from space 7680K,  31% used [0x12e30000, 0x13094cd0, 0x135b0000)
  to   space 7680K,   0% used [0x135b0000, 0x135b0000, 0x13d30000)
 tenured generation   total 153856K, used 116776K [0x14750000, 0x1dd90000, 0x1f200000)
   the space 153856K,  75% used [0x14750000, 0x1b95a3e0, 0x1b95a400, 0x1dd90000)
 Metaspace       used 12352K, capacity 12491K, committed 12672K, reserved 12672K
Event: 15.604 GC heap after
Heap after GC invocations=29 (full 2):
 def new generation   total 69312K, used 2887K [0x0f200000, 0x13d30000, 0x14750000)
  eden space 61632K,   0% used [0x0f200000, 0x0f200000, 0x12e30000)
  from space 7680K,  37% used [0x135b0000, 0x13881e70, 0x13d30000)
  to   space 7680K,   0% used [0x12e30000, 0x12e30000, 0x135b0000)
 tenured generation   total 153856K, used 116776K [0x14750000, 0x1dd90000, 0x1f200000)
   the space 153856K,  75% used [0x14750000, 0x1b95a3e0, 0x1b95a400, 0x1dd90000)
 Metaspace       used 12352K, capacity 12491K, committed 12672K, reserved 12672K
}
Event: 15.915 GC heap before
{Heap before GC invocations=29 (full 2):
 def new generation   total 69312K, used 23191K [0x0f200000, 0x13d30000, 0x14750000)
  eden space 61632K,  32% used [0x0f200000, 0x105d40b8, 0x12e30000)
  from space 7680K,  37% used [0x135b0000, 0x13881e70, 0x13d30000)
  to   space 7680K,   0% used [0x12e30000, 0x12e30000, 0x135b0000)
 tenured generation   total 153856K, used 116776K [0x14750000, 0x1dd90000, 0x1f200000)
   the space 153856K,  75% used [0x14750000, 0x1b95a3e0, 0x1b95a400, 0x1dd90000)
 Metaspace       used 14904K, capacity 15051K, committed 15148K, reserved 15744K
Event: 15.941 GC heap after
Heap after GC invocations=30 (full 3):
 def new generation   total 78656K, used 0K [0x0f200000, 0x14750000, 0x14750000)
  eden space 69952K,   0% used [0x0f200000, 0x0f200000, 0x13650000)
  from space 8704K,   0% used [0x13650000, 0x13650000, 0x13ed0000)
  to   space 8704K,   0% used [0x13ed0000, 0x13ed0000, 0x14750000)
 tenured generation   total 174784K, used 120959K [0x14750000, 0x1f200000, 0x1f200000)
   the space 174784K,  69% used [0x14750000, 0x1bd6fdd0, 0x1bd6fe00, 0x1f200000)
 Metaspace       used 14892K, capacity 15036K, committed 15148K, reserved 15744K
}
Event: 86.021 GC heap before
{Heap before GC invocations=30 (full 3):
 def new generation   total 78656K, used 69844K [0x0f200000, 0x14750000, 0x14750000)
  eden space 69952K,  99% used [0x0f200000, 0x13635100, 0x13650000)
  from space 8704K,   0% used [0x13650000, 0x13650000, 0x13ed0000)
  to   space 8704K,   0% used [0x13ed0000, 0x13ed0000, 0x14750000)
 tenured generation   total 174784K, used 120959K [0x14750000, 0x1f200000, 0x1f200000)
   the space 174784K,  69% used [0x14750000, 0x1bd6fdd0, 0x1bd6fe00, 0x1f200000)
 Metaspace       used 18690K, capacity 18891K, committed 19072K, reserved 19840K
Event: 86.038 GC heap after
Heap after GC invocations=31 (full 3):
 def new generation   total 78656K, used 8704K [0x0f200000, 0x14750000, 0x14750000)
  eden space 69952K,   0% used [0x0f200000, 0x0f200000, 0x13650000)
  from space 8704K, 100% used [0x13ed0000, 0x14750000, 0x14750000)
  to   space 8704K,   0% used [0x13650000, 0x13650000, 0x13ed0000)
 tenured generation   total 174784K, used 127968K [0x14750000, 0x1f200000, 0x1f200000)
   the space 174784K,  73% used [0x14750000, 0x1c448030, 0x1c448200, 0x1f200000)
 Metaspace       used 18690K, capacity 18891K, committed 19072K, reserved 19840K
}
Event: 88.931 GC heap before
{Heap before GC invocations=31 (full 3):
 def new generation   total 78656K, used 77910K [0x0f200000, 0x14750000, 0x14750000)
  eden space 69952K,  98% used [0x0f200000, 0x13595948, 0x13650000)
  from space 8704K, 100% used [0x13ed0000, 0x14750000, 0x14750000)
  to   space 8704K,   0% used [0x13650000, 0x13650000, 0x13ed0000)
 tenured generation   total 174784K, used 127968K [0x14750000, 0x1f200000, 0x1f200000)
   the space 174784K,  73% used [0x14750000, 0x1c448030, 0x1c448200, 0x1f200000)
 Metaspace       used 18693K, capacity 18894K, committed 19072K, reserved 19840K
Event: 88.944 GC heap after
Heap after GC invocations=32 (full 3):
 def new generation   total 78656K, used 8704K [0x0f200000, 0x14750000, 0x14750000)
  eden space 69952K,   0% used [0x0f200000, 0x0f200000, 0x13650000)
  from space 8704K, 100% used [0x13650000, 0x13ed0000, 0x13ed0000)
  to   space 8704K,   0% used [0x13ed0000, 0x13ed0000, 0x14750000)
 tenured generation   total 174784K, used 145239K [0x14750000, 0x1f200000, 0x1f200000)
   the space 174784K,  83% used [0x14750000, 0x1d525da0, 0x1d525e00, 0x1f200000)
 Metaspace       used 18693K, capacity 18894K, committed 19072K, reserved 19840K
}
Event: 91.826 GC heap before
{Heap before GC invocations=32 (full 3):
 def new generation   total 78656K, used 78474K [0x0f200000, 0x14750000, 0x14750000)
  eden space 69952K,  99% used [0x0f200000, 0x13622a30, 0x13650000)
  from space 8704K, 100% used [0x13650000, 0x13ed0000, 0x13ed0000)
  to   space 8704K,   0% used [0x13ed0000, 0x13ed0000, 0x14750000)
 tenured generation   total 174784K, used 145239K [0x14750000, 0x1f200000, 0x1f200000)
   the space 174784K,  83% used [0x14750000, 0x1d525da0, 0x1d525e00, 0x1f200000)
 Metaspace       used 18693K, capacity 18894K, committed 19072K, reserved 19840K
Event: 91.841 GC heap after
Heap after GC invocations=33 (full 3):
 def new generation   total 78656K, used 8704K [0x0f200000, 0x14750000, 0x14750000)
  eden space 69952K,   0% used [0x0f200000, 0x0f200000, 0x13650000)
  from space 8704K, 100% used [0x13ed0000, 0x14750000, 0x14750000)
  to   space 8704K,   0% used [0x13650000, 0x13650000, 0x13ed0000)
 tenured generation   total 174784K, used 162164K [0x14750000, 0x1f200000, 0x1f200000)
   the space 174784K,  92% used [0x14750000, 0x1e5ad378, 0x1e5ad400, 0x1f200000)
 Metaspace       used 18693K, capacity 18894K, committed 19072K, reserved 19840K
}

Deoptimization events (0 events):
No events

Internal exceptions (10 events):
Event: 84.728 Thread 0x08c08c00 Exception <a 'java/security/PrivilegedActionException'> (0x116c7af8) thrown at [C:\re\workspace\8-2-build-windows-i586-cygwin\jdk8u31\2394\hotspot\src\share\vm\prims\jvm.cpp, line 1312]
Event: 84.728 Thread 0x08c08c00 Exception <a 'java/security/PrivilegedActionException'> (0x116ce898) thrown at [C:\re\workspace\8-2-build-windows-i586-cygwin\jdk8u31\2394\hotspot\src\share\vm\prims\jvm.cpp, line 1312]
Event: 84.729 Thread 0x08c08c00 Exception <a 'java/security/PrivilegedActionException'> (0x116d6c10) thrown at [C:\re\workspace\8-2-build-windows-i586-cygwin\jdk8u31\2394\hotspot\src\share\vm\prims\jvm.cpp, line 1312]
Event: 84.729 Thread 0x08c08c00 Exception <a 'java/security/PrivilegedActionException'> (0x116de7e8) thrown at [C:\re\workspace\8-2-build-windows-i586-cygwin\jdk8u31\2394\hotspot\src\share\vm\prims\jvm.cpp, line 1312]
Event: 84.730 Thread 0x08c08c00 Exception <a 'java/security/PrivilegedActionException'> (0x116ec6c8) thrown at [C:\re\workspace\8-2-build-windows-i586-cygwin\jdk8u31\2394\hotspot\src\share\vm\prims\jvm.cpp, line 1312]
Event: 92.463 Thread 0x085ce400 Exception <a 'java/security/PrivilegedActionException'> (0x101d6240) thrown at [C:\re\workspace\8-2-build-windows-i586-cygwin\jdk8u31\2394\hotspot\src\share\vm\prims\jvm.cpp, line 1312]
Event: 92.470 Thread 0x08c0a000 Exception <a 'java/security/PrivilegedActionException'> (0x10212fa8) thrown at [C:\re\workspace\8-2-build-windows-i586-cygwin\jdk8u31\2394\hotspot\src\share\vm\prims\jvm.cpp, line 1312]
Event: 92.472 Thread 0x08c0b000 Exception <a 'java/security/PrivilegedActionException'> (0x1023a070) thrown at [C:\re\workspace\8-2-build-windows-i586-cygwin\jdk8u31\2394\hotspot\src\share\vm\prims\jvm.cpp, line 1312]
Event: 92.474 Thread 0x08c0b000 Exception <a 'java/security/PrivilegedActionException'> (0x102416b0) thrown at [C:\re\workspace\8-2-build-windows-i586-cygwin\jdk8u31\2394\hotspot\src\share\vm\prims\jvm.cpp, line 1312]
Event: 92.505 Thread 0x08c09800 Exception <a 'java/lang/NullPointerException'> (0x103cc780) thrown at [C:\re\workspace\8-2-build-windows-i586-cygwin\jdk8u31\2394\hotspot\src\share\vm\interpreter\linkResolver.cpp, line 1178]

Events (10 events):
Event: 92.846 Executing VM operation: RevokeBias done
Event: 92.846 Thread 0x08c0a000 Thread exited: 0x08c0a000
Event: 92.846 Executing VM operation: RevokeBias
Event: 92.846 Executing VM operation: RevokeBias done
Event: 92.846 Thread 0x08c0b000 Thread exited: 0x08c0b000
Event: 92.851 Executing VM operation: RevokeBias
Event: 92.851 Executing VM operation: RevokeBias done
Event: 92.851 Executing VM operation: RevokeBias
Event: 92.851 Executing VM operation: RevokeBias done
Event: 92.851 Thread 0x08c0ec00 Thread exited: 0x08c0ec00


Dynamic libraries:
0x01350000 - 0x01380000 	C:\Program Files (x86)\Java\jdk1.8.0_31\bin\java.exe
0x77750000 - 0x778be000 	C:\Windows\SYSTEM32\ntdll.dll
0x75260000 - 0x753a0000 	C:\Windows\SYSTEM32\KERNEL32.DLL
0x75a10000 - 0x75ae7000 	C:\Windows\SYSTEM32\KERNELBASE.dll
0x6c1a0000 - 0x6c240000 	C:\Windows\system32\apphelp.dll
0x78160000 - 0x783c5000 	C:\Windows\AppPatch\AcGenral.DLL
0x75860000 - 0x75923000 	C:\Windows\SYSTEM32\msvcrt.dll
0x77260000 - 0x772a1000 	C:\Windows\SYSTEM32\sechost.dll
0x74f50000 - 0x74f6e000 	C:\Windows\SYSTEM32\SspiCli.dll
0x77010000 - 0x77055000 	C:\Windows\SYSTEM32\SHLWAPI.dll
0x72120000 - 0x7220d000 	C:\Windows\SYSTEM32\UxTheme.dll
0x75100000 - 0x75253000 	C:\Windows\SYSTEM32\USER32.dll
0x774d0000 - 0x775de000 	C:\Windows\SYSTEM32\GDI32.dll
0x6d460000 - 0x6d483000 	C:\Windows\SYSTEM32\WINMM.dll
0x6cf00000 - 0x6cf13000 	C:\Windows\SYSTEM32\samcli.dll
0x773a0000 - 0x774c8000 	C:\Windows\SYSTEM32\ole32.dll
0x75cb0000 - 0x75d45000 	C:\Windows\SYSTEM32\OLEAUT32.dll
0x684b0000 - 0x684c7000 	C:\Windows\SYSTEM32\MSACM32.dll
0x74df0000 - 0x74df8000 	C:\Windows\SYSTEM32\VERSION.dll
0x75d60000 - 0x7700c000 	C:\Windows\SYSTEM32\SHELL32.dll
0x73160000 - 0x7317b000 	C:\Windows\SYSTEM32\USERENV.dll
0x6d330000 - 0x6d34a000 	C:\Windows\SYSTEM32\dwmapi.dll
0x6cfa0000 - 0x6d0ea000 	C:\Windows\SYSTEM32\urlmon.dll
0x75930000 - 0x759ac000 	C:\Windows\SYSTEM32\ADVAPI32.dll
0x6d600000 - 0x6d665000 	C:\Windows\SYSTEM32\WINSPOOL.DRV
0x6cf50000 - 0x6cf66000 	C:\Windows\SYSTEM32\MPR.dll
0x772e0000 - 0x7739a000 	C:\Windows\SYSTEM32\RPCRT4.dll
0x74f40000 - 0x74f4a000 	C:\Windows\SYSTEM32\CRYPTBASE.dll
0x75520000 - 0x7569d000 	C:\Windows\SYSTEM32\combase.dll
0x6d430000 - 0x6d453000 	C:\Windows\SYSTEM32\WINMMBASE.dll
0x71db0000 - 0x71dbf000 	C:\Windows\SYSTEM32\profapi.dll
0x71b30000 - 0x71d62000 	C:\Windows\SYSTEM32\iertutil.dll
0x71e50000 - 0x72025000 	C:\Windows\SYSTEM32\WININET.dll
0x74ee0000 - 0x74f34000 	C:\Windows\SYSTEM32\bcryptPrimitives.dll
0x77220000 - 0x7725c000 	C:\Windows\SYSTEM32\cfgmgr32.dll
0x6d400000 - 0x6d421000 	C:\Windows\SYSTEM32\DEVOBJ.dll
0x73480000 - 0x7350b000 	C:\Windows\SYSTEM32\SHCORE.DLL
0x75c80000 - 0x75ca7000 	C:\Windows\system32\IMM32.DLL
0x753a0000 - 0x754b3000 	C:\Windows\SYSTEM32\MSCTF.dll
0x74e00000 - 0x74e2e000 	C:\Windows\SYSTEM32\nvinit.dll
0x0f000000 - 0x0f006000 	C:\Program Files (x86)\NVIDIA Corporation\CoProcManager\_etoured.dll
0x6b660000 - 0x6b68b000 	C:\Program Files (x86)\NVIDIA Corporation\CoProcManager\nvd3d9wrap.dll
0x756a0000 - 0x75851000 	C:\Windows\SYSTEM32\SETUPAPI.dll
0x6b640000 - 0x6b65f000 	C:\Program Files (x86)\NVIDIA Corporation\CoProcManager\nvdxgiwrap.dll
0x72f40000 - 0x73146000 	C:\Windows\WinSxS\x86_microsoft.windows.common-controls_6595b64144ccf1df_6.0.9600.17415_none_a9ed7f470139b3c1\COMCTL32.dll
0x6be80000 - 0x6befd000 	C:\Program Files (x86)\AVG\AVG2015\avghookx.dll
0x77970000 - 0x77a2f000 	C:\Program Files (x86)\Java\jdk1.8.0_31\jre\bin\msvcr100.dll
0x6c770000 - 0x6cb14000 	C:\Program Files (x86)\Java\jdk1.8.0_31\jre\bin\client\jvm.dll
0x6d0f0000 - 0x6d0f8000 	C:\Windows\SYSTEM32\WSOCK32.dll
0x75d50000 - 0x75d56000 	C:\Windows\SYSTEM32\PSAPI.DLL
0x77060000 - 0x770b0000 	C:\Windows\SYSTEM32\WS2_32.dll
0x772b0000 - 0x772b7000 	C:\Windows\SYSTEM32\NSI.dll
0x67030000 - 0x6703c000 	C:\Program Files (x86)\Java\jdk1.8.0_31\jre\bin\verify.dll
0x5f030000 - 0x5f051000 	C:\Program Files (x86)\Java\jdk1.8.0_31\jre\bin\java.dll
0x60320000 - 0x60333000 	C:\Program Files (x86)\Java\jdk1.8.0_31\jre\bin\zip.dll
0x6c5b0000 - 0x6c6f6000 	C:\Program Files (x86)\Java\jdk1.8.0_31\jre\bin\awt.dll
0x74de0000 - 0x74de9000 	C:\Windows\SYSTEM32\kernel.appcore.dll
0x61e70000 - 0x62043000 	C:\Windows\system32\d3d9.dll
0x69940000 - 0x69a1e000 	C:\Windows\SYSTEM32\nvumdshim.dll
0x5d690000 - 0x5ed6e000 	C:\Windows\system32\igdumdim32.dll
0x67070000 - 0x678e8000 	C:\Windows\SYSTEM32\igdusc32.dll
0x51480000 - 0x514b9000 	C:\Program Files (x86)\Java\jdk1.8.0_31\jre\bin\fontmanager.dll
0x5ffb0000 - 0x5ffc5000 	C:\Program Files (x86)\Java\jdk1.8.0_31\jre\bin\net.dll
0x6d1c0000 - 0x6d20b000 	C:\Windows\system32\mswsock.dll
0x67020000 - 0x6702f000 	C:\Program Files (x86)\Java\jdk1.8.0_31\jre\bin\nio.dll
0x51450000 - 0x51480000 	C:\Program Files (x86)\Java\jdk1.8.0_31\jre\bin\t2k.dll
0x51430000 - 0x51450000 	C:\Program Files (x86)\Java\jdk1.8.0_31\jre\bin\sunec.dll
0x66970000 - 0x66979000 	C:\Program Files (x86)\Java\jdk1.8.0_31\jre\bin\sunmscapi.dll
0x74f70000 - 0x750f8000 	C:\Windows\SYSTEM32\CRYPT32.dll
0x75af0000 - 0x75afe000 	C:\Windows\SYSTEM32\MSASN1.dll
0x6f340000 - 0x6f359000 	C:\Windows\SYSTEM32\CRYPTSP.dll
0x6f310000 - 0x6f340000 	C:\Windows\system32\rsaenh.dll
0x6f040000 - 0x6f05e000 	C:\Windows\SYSTEM32\bcrypt.dll
0x732c0000 - 0x732e0000 	C:\Windows\SYSTEM32\IPHLPAPI.DLL
0x71e40000 - 0x71e48000 	C:\Windows\SYSTEM32\WINNSI.DLL
0x75bf0000 - 0x75c7d000 	C:\Windows\SYSTEM32\clbcatq.dll
0x6ac00000 - 0x6ac13000 	C:\Windows\SYSTEM32\dhcpcsvc6.DLL
0x6bf30000 - 0x6bf44000 	C:\Windows\SYSTEM32\dhcpcsvc.DLL
0x6bfb0000 - 0x6bfc1000 	C:\Windows\system32\napinsp.dll
0x6bf90000 - 0x6bfa6000 	C:\Windows\system32\pnrpnsp.dll
0x6bf70000 - 0x6bf84000 	C:\Windows\system32\NLAapi.dll
0x6c2e0000 - 0x6c35e000 	C:\Windows\SYSTEM32\DNSAPI.dll
0x6bf60000 - 0x6bf6a000 	C:\Windows\System32\winrnr.dll
0x6bf50000 - 0x6bf60000 	C:\Windows\system32\wshbth.dll
0x6c2b0000 - 0x6c2d1000 	C:\Program Files (x86)\Bonjour\mdnsNSP.dll
0x6c2a0000 - 0x6c2a8000 	C:\Windows\System32\rasadhlp.dll
0x6c250000 - 0x6c296000 	C:\Windows\System32\fwpuclnt.dll
0x511e0000 - 0x51205000 	C:\Program Files (x86)\Java\jdk1.8.0_31\jre\bin\jpeg.dll
0x59010000 - 0x5917b000 	C:\Windows\SYSTEM32\WindowsCodecs.dll
0x5f020000 - 0x5f02a000 	C:\Program Files (x86)\Java\jdk1.8.0_31\jre\bin\management.dll
0x6b960000 - 0x6b9e9000 	C:\Windows\WinSxS\x86_microsoft.windows.common-controls_6595b64144ccf1df_5.82.9600.17415_none_7c5769eaaa0aa358\comctl32.dll
0x0ab20000 - 0x0c0ef000 	C:\Users\Piotr\AppData\Local\Temp\xuggle\xuggle2605416845348681100.dll
0x511c0000 - 0x511d4000 	C:\Windows\SYSTEM32\AVICAP32.DLL
0x50050000 - 0x50073000 	C:\Windows\SYSTEM32\MSVFW32.dll
0x57fc0000 - 0x57fca000 	C:\Program Files (x86)\Java\jdk1.8.0_31\jre\bin\jsound.dll
0x51420000 - 0x51429000 	C:\Program Files (x86)\Java\jdk1.8.0_31\jre\bin\jsoundds.dll
0x605e0000 - 0x60661000 	C:\Windows\SYSTEM32\DSOUND.dll
0x6bcd0000 - 0x6bd10000 	C:\Windows\SYSTEM32\POWRPROF.dll
0x645f0000 - 0x64643000 	C:\Windows\SYSTEM32\MMDevAPI.DLL
0x60050000 - 0x60086000 	C:\Windows\SYSTEM32\wdmaud.drv
0x6c060000 - 0x6c067000 	C:\Windows\SYSTEM32\ksuser.dll
0x73470000 - 0x7347a000 	C:\Windows\SYSTEM32\AVRT.dll
0x64650000 - 0x646b0000 	C:\Windows\SYSTEM32\AUDIOSES.DLL
0x6ac90000 - 0x6ac99000 	C:\Windows\SYSTEM32\msacm32.drv
0x6ac80000 - 0x6ac88000 	C:\Windows\SYSTEM32\midimap.dll
0x77b70000 - 0x77c2e000 	C:\Users\Piotr\AppData\Local\Temp\javacpp35022918680161\msvcr100.dll
0x77900000 - 0x77969000 	C:\Users\Piotr\AppData\Local\Temp\javacpp35022918680161\msvcp100.dll
0x0c5b0000 - 0x0c7b6000 	C:\Users\Piotr\AppData\Local\Temp\javacpp35022918680161\opencv_core249.dll
0x0f0b0000 - 0x0f1f8000 	C:\Users\Piotr\AppData\Local\Temp\javacpp35022918680161\jniopencv_core.dll
0x0c7c0000 - 0x0ca2d000 	C:\Users\Piotr\AppData\Local\Temp\javacpp35022918680161\opencv_imgproc249.dll
0x0c400000 - 0x0c480000 	C:\Users\Piotr\AppData\Local\Temp\javacpp35022918680161\jniopencv_imgproc.dll
0x0ca30000 - 0x0d966000 	C:\Users\Piotr\AppData\Local\Temp\javacpp35022918680161\opencv_ffmpeg249.dll
0x0d970000 - 0x0db77000 	C:\Users\Piotr\AppData\Local\Temp\javacpp35022918680161\opencv_highgui249.dll
0x50030000 - 0x5004a000 	C:\Windows\SYSTEM32\AVIFIL32.dll
0x778c0000 - 0x778fc000 	C:\Users\Piotr\AppData\Local\Temp\javacpp35022918680161\jniopencv_highgui.dll
0x6c070000 - 0x6c084000 	C:\Windows\SYSTEM32\devenum.dll
0x71380000 - 0x713a8000 	C:\Windows\SYSTEM32\ntmarta.dll
0x75bb0000 - 0x75bed000 	C:\Windows\SYSTEM32\WINTRUST.dll
0x6c0d0000 - 0x6c0db000 	C:\Windows\SYSTEM32\msdmo.dll
0x0db80000 - 0x0dbb1000 	C:\Windows\SYSTEM32\qcap.dll
0x346b0000 - 0x3484f000 	C:\Windows\SYSTEM32\quartz.dll
0x6c090000 - 0x6c0d0000 	C:\Windows\SYSTEM32\ksproxy.ax
0x6c050000 - 0x6c05c000 	C:\Windows\SYSTEM32\vidcap.ax
0x6c030000 - 0x6c04f000 	C:\Windows\SYSTEM32\kswdmcap.ax
0x5ef10000 - 0x5f014000 	C:\Windows\SYSTEM32\MFC42.dll
0x5ee60000 - 0x5ef09000 	C:\Windows\SYSTEM32\ODBC32.dll
0x0df30000 - 0x0dfbe000 	C:\Windows\SYSTEM32\qedit.dll
0x75b10000 - 0x75bab000 	C:\Windows\SYSTEM32\COMDLG32.dll

VM Arguments:
jvm_args: -Dfile.encoding=UTF-8 
java_command: wideokomunikator.main
java_class_path (initial): D:\Programowanie\javacv\javacv-bin\ffmpeg.jar;D:\Programowanie\javacv\javacv-bin\javacpp.jar;D:\Programowanie\javacv\javacv-bin\javacv.jar;D:\Programowanie\javacv\javacv-bin\opencv.jar;C:\Program Files\Java\jdk1.8.0_05\db\lib\derby.jar;C:\Program Files\Java\jdk1.8.0_05\db\lib\derbyclient.jar;C:\Program Files\Java\jdk1.8.0_05\db\lib\derbytools.jar;C:\Program Files\Java\jdk1.8.0_05\db\lib\derbynet.jar;D:\Programowanie\xuggle-xuggler-5.4.jar;D:\Programowanie\slf4j-simple-1.7.10.jar;D:\Programowanie\slf4j-api-1.7.10.jar;D:\Programowanie\javacv\javacv-bin\opencv-linux-x86.jar;D:\Programowanie\javacv\javacv-bin\opencv-linux-x86_64.jar;D:\Programowanie\javacv\javacv-bin\opencv-macosx-x86_64.jar;D:\Programowanie\javacv\javacv-bin\opencv-windows-x86.jar;D:\Programowanie\javacv\javacv-bin\opencv-windows-x86_64.jar;C:\Users\Piotr\Documents\NetBeansProjects\Wideokomunikator\build\classes
Launcher Type: SUN_STANDARD

Environment Variables:
JAVA_HOME=C:\Program Files\Java\jdk1.8.0_05
CLASSPATH=.;C:\PROGRA~2\JMF2.1.1e\lib\sound.jar;C:\PROGRA~2\JMF2.1.1e\lib\jmf.jar;C:\PROGRA~2\JMF2.1.1e\lib;.;.;.;c:\PROGRA~2\java\JMF21~1.1E\lib\sound.jar;c:\PROGRA~2\java\JMF21~1.1E\lib\jmf.jar;c:\PROGRA~2\java\JMF21~1.1E\lib;
PATH=C:\Program Files (x86)\NVIDIA Corporation\PhysX\Common;C:\ProgramData\Oracle\Java\javapath;C:\Python34\;C:\Python34\Scripts;C:\Program Files (x86)\Intel\iCLS Client\;C:\Program Files\Intel\iCLS Client\;C:\Windows\system32;C:\Windows;C:\Windows\System32\Wbem;C:\Windows\System32\WindowsPowerShell\v1.0\;C:\Program Files\Intel\Intel(R) Management Engine Components\DAL;C:\Program Files\Intel\Intel(R) Management Engine Components\IPT;C:\Program Files (x86)\Intel\Intel(R) Management Engine Components\DAL;C:\Program Files (x86)\Intel\Intel(R) Management Engine Components\IPT;C:\Program Files\nodejs\;C:\Windows\Microsoft.NET\Framework\v4.0.30319;C:\Program Files\Microsoft SQL Server\110\Tools\Binn\;C:\Program Files\Java\jdk1.8.0_05\bin;C:\Program Files\apache-ant-1.9.4\bin;C:\Program Files (x86)\QuickTime\QTSystem\;c:\PROGRA~2\java\JMF21~1.1E\lib;C:\Users\Piotr\AppData\Roaming\npm;C:\Program Files (x86)\Bitvise SSH Client;C:\Program Files\Java\jdk1.8.0_05\bin
USERNAME=Piotr
OS=Windows_NT
PROCESSOR_IDENTIFIER=Intel64 Family 6 Model 60 Stepping 3, GenuineIntel



---------------  S Y S T E M  ---------------

OS: Windows 8.1 , 64 bit Build 9600 

CPU:total 8 (4 cores per cpu, 2 threads per core) family 6 model 60 stepping 3, cmov, cx8, fxsr, mmx, sse, sse2, sse3, ssse3, sse4.1, sse4.2, popcnt, avx, avx2, aes, clmul, erms, lzcnt, ht, tsc, tscinvbit, bmi1, bmi2

Memory: 4k page, physical 15910992k(10553600k free), swap 36390992k(29347264k free)

vm_info: Java HotSpot(TM) Client VM (25.31-b07) for windows-x86 JRE (1.8.0_31-b13), built on Dec 17 2014 20:46:12 by "java_re" with MS VC++ 10.0 (VS2010)

time: Wed Mar 04 17:32:52 2015
elapsed time: 92 seconds (0d 0h 1m 32s)

