#
# A fatal error has been detected by the Java Runtime Environment:
#
#  EXCEPTION_ACCESS_VIOLATION (0xc0000005) at pc=0x0bf62e69, pid=6248, tid=6568
#
# JRE version: Java(TM) SE Runtime Environment (8.0_31-b13) (build 1.8.0_31-b13)
# Java VM: Java HotSpot(TM) Client VM (25.31-b07 mixed mode windows-x86 )
# Problematic frame:
# C  [xuggle854666605464448581.dll+0x532e69]
#
# Failed to write core dump. Minidumps are not enabled by default on client versions of Windows
#
# If you would like to submit a bug report, please visit:
#   http://bugreport.java.com/bugreport/crash.jsp
# The crash happened outside the Java Virtual Machine in native code.
# See problematic frame for where to report the bug.
#

---------------  T H R E A D  ---------------

Current thread (0x08ed5800):  JavaThread "Thread-26" [_thread_in_native, id=6568, stack(0x22350000,0x223a0000)]

siginfo: ExceptionCode=0xc0000005, reading address 0x0000012e

Registers:
EAX=0x00000130, EBX=0x00000008, ECX=0x21ceb260, EDX=0x00000130
ESP=0x2239ebd0, EBP=0x000000f0, ESI=0x00000160, EDI=0x00000160
EIP=0x0bf62e69, EFLAGS=0x00010202

Top of Stack: (sp=0x2239ebd0)
0x2239ebd0:   20f42740 00003020 00000130 0bdaffee
0x2239ebe0:   00000160 00000130 00000160 00000000
0x2239ebf0:   00000001 ffffffff 2239ec38 03023be0
0x2239ec00:   00000029 00000051 00000008 00000000
0x2239ec10:   11b36b98 1482b750 2239ec18 21cc99e0
0x2239ec20:   00000000 00007c00 20f8a180 00000000
0x2239ec30:   0c11cd10 20f42740 21ceb260 00000160
0x2239ec40:   00000b00 000004c2 20f440d0 00000100 

Instructions: (pc=0x0bf62e69)
0x0bf62e49:   00 00 89 74 24 04 89 ce 89 c1 89 7c 24 08 89 d0
0x0bf62e59:   8b 7c 24 10 66 0f ef ff 66 0f 6f 35 50 5d 6c 0c
0x0bf62e69:   f2 0f f0 48 fe 66 0f 6f c1 66 0f 68 cf 66 0f 60
0x0bf62e79:   c7 66 0f 6f d1 66 0f 6f d9 66 0f 6f e1 66 0f 6f 


Register to memory mapping:

EAX=0x00000130 is an unknown value
EBX=0x00000008 is an unknown value
ECX=0x21ceb260 is an unknown value
EDX=0x00000130 is an unknown value
ESP=0x2239ebd0 is pointing into the stack for thread: 0x08ed5800
EBP=0x000000f0 is an unknown value
ESI=0x00000160 is an unknown value
EDI=0x00000160 is an unknown value


Stack: [0x22350000,0x223a0000],  sp=0x2239ebd0,  free space=314k
Native frames: (J=compiled Java code, j=interpreted, Vv=VM code, C=native code)
C  [xuggle854666605464448581.dll+0x532e69]

Java frames: (J=compiled Java code, j=interpreted, Vv=VM code)
j  com.xuggle.xuggler.XugglerJNI.IStreamCoder_decodeVideo(JLcom/xuggle/xuggler/IStreamCoder;JLcom/xuggle/xuggler/IVideoPicture;JLcom/xuggle/xuggler/IPacket;I)I+0
j  com.xuggle.xuggler.IStreamCoder.decodeVideo(Lcom/xuggle/xuggler/IVideoPicture;Lcom/xuggle/xuggler/IPacket;I)I+16
j  wideokomunikator.audiovideo.AudioVideo.decodeVideo(Lwideokomunikator/audiovideo/Packet;I)V+65
j  wideokomunikator.audiovideo.AudioVideo.access$1600(Lwideokomunikator/audiovideo/AudioVideo;Lwideokomunikator/audiovideo/Packet;I)V+3
j  wideokomunikator.audiovideo.AudioVideo$7.run()V+76
j  java.lang.Thread.run()V+11
v  ~StubRoutines::call_stub

---------------  P R O C E S S  ---------------

Java Threads: ( => current thread )
  0x08ed3400 JavaThread "Thread-30" [_thread_blocked, id=9104, stack(0x22590000,0x225e0000)]
  0x08ed6000 JavaThread "Thread-27" [_thread_blocked, id=7880, stack(0x223e0000,0x22430000)]
=>0x08ed5800 JavaThread "Thread-26" [_thread_in_native, id=6568, stack(0x22350000,0x223a0000)]
  0x08ed5400 JavaThread "Thread-17" [_thread_in_native, id=7756, stack(0x21910000,0x21960000)]
  0x08e0b000 JavaThread "Thread-16" [_thread_blocked, id=3268, stack(0x21880000,0x218d0000)]
  0x08e09c00 JavaThread "Thread-21" [_thread_blocked, id=4820, stack(0x217f0000,0x21840000)]
  0x08e09800 JavaThread "Thread-20" [_thread_blocked, id=8848, stack(0x21760000,0x217b0000)]
  0x08e07800 JavaThread "Thread-19" [_thread_in_native, id=5324, stack(0x216d0000,0x21720000)]
  0x08e08400 JavaThread "Thread-18" [_thread_in_native, id=3424, stack(0x21640000,0x21690000)]
  0x08e08c00 JavaThread "Java Sound Event Dispatcher" daemon [_thread_blocked, id=3240, stack(0x0b7b0000,0x0b800000)]
  0x08e07c00 JavaThread "derby.rawStoreDaemon" daemon [_thread_blocked, id=3260, stack(0x0b190000,0x0b1e0000)]
  0x08e0a400 JavaThread "DRDAConnThread_2" daemon [_thread_in_native, id=7856, stack(0x0b100000,0x0b150000)]
  0x08e09000 JavaThread "NetworkServerThread_1" daemon [_thread_in_native, id=484, stack(0x0af70000,0x0afc0000)]
  0x08ddd400 JavaThread "derby.NetworkServerStarter" daemon [_thread_blocked, id=2216, stack(0x0aee0000,0x0af30000)]
  0x08d25400 JavaThread "Timer-0" daemon [_thread_blocked, id=2528, stack(0x0a0f0000,0x0a140000)]
  0x08cf7800 JavaThread "D3D Screen Updater" daemon [_thread_blocked, id=488, stack(0x09fc0000,0x0a010000)]
  0x010ac800 JavaThread "DestroyJavaVM" [_thread_blocked, id=9044, stack(0x012e0000,0x01330000)]
  0x05ee5000 JavaThread "Thread-4" [_thread_in_native, id=5972, stack(0x09560000,0x095b0000)]
  0x05ee4c00 JavaThread "Thread-3" [_thread_blocked, id=3248, stack(0x094d0000,0x09520000)]
  0x05d92000 JavaThread "TimerQueue" daemon [_thread_blocked, id=7984, stack(0x08510000,0x08560000)]
  0x05d91000 JavaThread "AWT-EventQueue-0" [_thread_blocked, id=5360, stack(0x08480000,0x084d0000)]
  0x05d1ac00 JavaThread "AWT-Windows" daemon [_thread_in_native, id=3868, stack(0x065a0000,0x065f0000)]
  0x05d19800 JavaThread "AWT-Shutdown" [_thread_blocked, id=9040, stack(0x06510000,0x06560000)]
  0x05d18800 JavaThread "Java2D Disposer" daemon [_thread_blocked, id=5904, stack(0x06480000,0x064d0000)]
  0x055af400 JavaThread "Service Thread" daemon [_thread_blocked, id=8428, stack(0x05a70000,0x05ac0000)]
  0x0559a800 JavaThread "C1 CompilerThread0" daemon [_thread_blocked, id=3352, stack(0x059e0000,0x05a30000)]
  0x05599800 JavaThread "Attach Listener" daemon [_thread_blocked, id=4304, stack(0x05950000,0x059a0000)]
  0x05597800 JavaThread "Signal Dispatcher" daemon [_thread_blocked, id=4600, stack(0x058c0000,0x05910000)]
  0x05566800 JavaThread "Finalizer" daemon [_thread_blocked, id=8888, stack(0x05830000,0x05880000)]
  0x02f3e800 JavaThread "Reference Handler" daemon [_thread_blocked, id=4552, stack(0x057a0000,0x057f0000)]

Other Threads:
  0x02f3d000 VMThread [stack: 0x05510000,0x05560000] [id=2396]
  0x055b3800 WatcherThread [stack: 0x05b00000,0x05b50000] [id=8024]

VM state:not at safepoint (normal execution)

VM Mutex/Monitor currently owned by a thread: None

Heap:
 def new generation   total 78656K, used 66862K [0x0f200000, 0x14750000, 0x14750000)
  eden space 69952K, -2147483648% used [0x0f200000, 0x1334ba30, 0x13650000)
  from space 8704K,   0% used [0x13650000, 0x13650000, 0x13ed0000)
  to   space 8704K,   0% used [0x13ed0000, 0x13ed0000, 0x14750000)
 tenured generation   total 174784K, used 120676K [0x14750000, 0x1f200000, 0x1f200000)
   the space 174784K,  69% used [0x14750000, 0x1bd29100, 0x1bd29200, 0x1f200000)
 Metaspace       used 18538K, capacity 18709K, committed 18816K, reserved 18816K

Card table byte_map: [0x05020000,0x050b0000] byte_map_base: 0x04fa7000

Polling page: 0x01090000

CodeCache: size=32768Kb used=1967Kb max_used=1972Kb free=30800Kb
 bounds [0x03020000, 0x03210000, 0x05020000]
 total_blobs=1273 nmethods=888 adapters=317
 compilation: enabled

Compilation events (10 events):
Event: 12.082 Thread 0x0559a800  905             java.util.concurrent.locks.ReentrantLock$NonfairSync::lock (25 bytes)
Event: 12.082 Thread 0x0559a800 nmethod 905 0x03170308 code [0x03170430, 0x03170590]
Event: 12.210 Thread 0x0559a800  907             sun.java2d.pipe.RenderQueue::lock (4 bytes)
Event: 12.210 Thread 0x0559a800 nmethod 907 0x031db6c8 code [0x031db7d0, 0x031db86c]
Event: 12.210 Thread 0x0559a800  908             sun.awt.SunToolkit::awtLock (7 bytes)
Event: 12.211 Thread 0x0559a800 nmethod 908 0x031db488 code [0x031db590, 0x031db61c]
Event: 12.211 Thread 0x0559a800  909             sun.java2d.pipe.RenderQueue::unlock (4 bytes)
Event: 12.211 Thread 0x0559a800 nmethod 909 0x031db208 code [0x031db310, 0x031db3bc]
Event: 12.211 Thread 0x0559a800  910             sun.awt.SunToolkit::awtUnlock (7 bytes)
Event: 12.211 Thread 0x0559a800 nmethod 910 0x031daf88 code [0x031db090, 0x031db12c]

GC Heap History (10 events):
Event: 4.056 GC heap before
{Heap before GC invocations=25 (full 2):
 def new generation   total 69312K, used 64108K [0x0f200000, 0x13d30000, 0x14750000)
  eden space 61632K, 100% used [0x0f200000, 0x12e30000, 0x12e30000)
  from space 7680K,  32% used [0x135b0000, 0x1381b0e0, 0x13d30000)
  to   space 7680K,   0% used [0x12e30000, 0x12e30000, 0x135b0000)
 tenured generation   total 153860K, used 116778K [0x14750000, 0x1dd91000, 0x1f200000)
   the space 153860K,  75% used [0x14750000, 0x1b95a920, 0x1b95aa00, 0x1dd91000)
 Metaspace       used 9005K, capacity 9151K, committed 9216K, reserved 9600K
Event: 4.057 GC heap after
Heap after GC invocations=26 (full 2):
 def new generation   total 69312K, used 2478K [0x0f200000, 0x13d30000, 0x14750000)
  eden space 61632K,   0% used [0x0f200000, 0x0f200000, 0x12e30000)
  from space 7680K,  32% used [0x12e30000, 0x1309bb60, 0x135b0000)
  to   space 7680K,   0% used [0x135b0000, 0x135b0000, 0x13d30000)
 tenured generation   total 153860K, used 116778K [0x14750000, 0x1dd91000, 0x1f200000)
   the space 153860K,  75% used [0x14750000, 0x1b95a920, 0x1b95aa00, 0x1dd91000)
 Metaspace       used 9005K, capacity 9151K, committed 9216K, reserved 9600K
}
Event: 4.383 GC heap before
{Heap before GC invocations=26 (full 2):
 def new generation   total 69312K, used 64110K [0x0f200000, 0x13d30000, 0x14750000)
  eden space 61632K, 100% used [0x0f200000, 0x12e30000, 0x12e30000)
  from space 7680K,  32% used [0x12e30000, 0x1309bb60, 0x135b0000)
  to   space 7680K,   0% used [0x135b0000, 0x135b0000, 0x13d30000)
 tenured generation   total 153860K, used 116778K [0x14750000, 0x1dd91000, 0x1f200000)
   the space 153860K,  75% used [0x14750000, 0x1b95a920, 0x1b95aa00, 0x1dd91000)
 Metaspace       used 9005K, capacity 9151K, committed 9216K, reserved 9600K
Event: 4.384 GC heap after
Heap after GC invocations=27 (full 2):
 def new generation   total 69312K, used 2479K [0x0f200000, 0x13d30000, 0x14750000)
  eden space 61632K,   0% used [0x0f200000, 0x0f200000, 0x12e30000)
  from space 7680K,  32% used [0x135b0000, 0x1381bc88, 0x13d30000)
  to   space 7680K,   0% used [0x12e30000, 0x12e30000, 0x135b0000)
 tenured generation   total 153860K, used 116778K [0x14750000, 0x1dd91000, 0x1f200000)
   the space 153860K,  75% used [0x14750000, 0x1b95a920, 0x1b95aa00, 0x1dd91000)
 Metaspace       used 9005K, capacity 9151K, committed 9216K, reserved 9600K
}
Event: 4.701 GC heap before
{Heap before GC invocations=27 (full 2):
 def new generation   total 69312K, used 64111K [0x0f200000, 0x13d30000, 0x14750000)
  eden space 61632K, 100% used [0x0f200000, 0x12e30000, 0x12e30000)
  from space 7680K,  32% used [0x135b0000, 0x1381bc88, 0x13d30000)
  to   space 7680K,   0% used [0x12e30000, 0x12e30000, 0x135b0000)
 tenured generation   total 153860K, used 116778K [0x14750000, 0x1dd91000, 0x1f200000)
   the space 153860K,  75% used [0x14750000, 0x1b95a920, 0x1b95aa00, 0x1dd91000)
 Metaspace       used 9005K, capacity 9151K, committed 9216K, reserved 9600K
Event: 4.702 GC heap after
Heap after GC invocations=28 (full 2):
 def new generation   total 69312K, used 2479K [0x0f200000, 0x13d30000, 0x14750000)
  eden space 61632K,   0% used [0x0f200000, 0x0f200000, 0x12e30000)
  from space 7680K,  32% used [0x12e30000, 0x1309bc88, 0x135b0000)
  to   space 7680K,   0% used [0x135b0000, 0x135b0000, 0x13d30000)
 tenured generation   total 153860K, used 116778K [0x14750000, 0x1dd91000, 0x1f200000)
   the space 153860K,  75% used [0x14750000, 0x1b95a920, 0x1b95aa00, 0x1dd91000)
 Metaspace       used 9005K, capacity 9151K, committed 9216K, reserved 9600K
}
Event: 6.029 GC heap before
{Heap before GC invocations=28 (full 2):
 def new generation   total 69312K, used 64111K [0x0f200000, 0x13d30000, 0x14750000)
  eden space 61632K, 100% used [0x0f200000, 0x12e30000, 0x12e30000)
  from space 7680K,  32% used [0x12e30000, 0x1309bc88, 0x135b0000)
  to   space 7680K,   0% used [0x135b0000, 0x135b0000, 0x13d30000)
 tenured generation   total 153860K, used 116778K [0x14750000, 0x1dd91000, 0x1f200000)
   the space 153860K,  75% used [0x14750000, 0x1b95a920, 0x1b95aa00, 0x1dd91000)
 Metaspace       used 12323K, capacity 12491K, committed 12544K, reserved 12672K
Event: 6.034 GC heap after
Heap after GC invocations=29 (full 2):
 def new generation   total 69312K, used 2964K [0x0f200000, 0x13d30000, 0x14750000)
  eden space 61632K,   0% used [0x0f200000, 0x0f200000, 0x12e30000)
  from space 7680K,  38% used [0x135b0000, 0x138951a8, 0x13d30000)
  to   space 7680K,   0% used [0x12e30000, 0x12e30000, 0x135b0000)
 tenured generation   total 153860K, used 116778K [0x14750000, 0x1dd91000, 0x1f200000)
   the space 153860K,  75% used [0x14750000, 0x1b95a920, 0x1b95aa00, 0x1dd91000)
 Metaspace       used 12323K, capacity 12491K, committed 12544K, reserved 12672K
}
Event: 6.359 GC heap before
{Heap before GC invocations=29 (full 2):
 def new generation   total 69312K, used 22790K [0x0f200000, 0x13d30000, 0x14750000)
  eden space 61632K,  32% used [0x0f200000, 0x1055c658, 0x12e30000)
  from space 7680K,  38% used [0x135b0000, 0x138951a8, 0x13d30000)
  to   space 7680K,   0% used [0x12e30000, 0x12e30000, 0x135b0000)
 tenured generation   total 153860K, used 116778K [0x14750000, 0x1dd91000, 0x1f200000)
   the space 153860K,  75% used [0x14750000, 0x1b95a920, 0x1b95aa00, 0x1dd91000)
 Metaspace       used 14956K, capacity 15083K, committed 15148K, reserved 15744K
Event: 6.381 GC heap after
Heap after GC invocations=30 (full 3):
 def new generation   total 78656K, used 0K [0x0f200000, 0x14750000, 0x14750000)
  eden space 69952K,   0% used [0x0f200000, 0x0f200000, 0x13650000)
  from space 8704K,   0% used [0x13650000, 0x13650000, 0x13ed0000)
  to   space 8704K,   0% used [0x13ed0000, 0x13ed0000, 0x14750000)
 tenured generation   total 174784K, used 120676K [0x14750000, 0x1f200000, 0x1f200000)
   the space 174784K,  69% used [0x14750000, 0x1bd29100, 0x1bd29200, 0x1f200000)
 Metaspace       used 14956K, capacity 15083K, committed 15148K, reserved 15744K
}

Deoptimization events (0 events):
No events

Internal exceptions (10 events):
Event: 11.741 Thread 0x08ed6400 Exception <a 'java/security/PrivilegedActionException'> (0x116cae08) thrown at [C:\re\workspace\8-2-build-windows-i586-cygwin\jdk8u31\2394\hotspot\src\share\vm\prims\jvm.cpp, line 1312]
Event: 11.775 Thread 0x08ed5400 Exception <a 'java/security/PrivilegedActionException'> (0x115eb3e0) thrown at [C:\re\workspace\8-2-build-windows-i586-cygwin\jdk8u31\2394\hotspot\src\share\vm\prims\jvm.cpp, line 1312]
Event: 11.776 Thread 0x08ed5400 Exception <a 'java/security/PrivilegedActionException'> (0x115f6708) thrown at [C:\re\workspace\8-2-build-windows-i586-cygwin\jdk8u31\2394\hotspot\src\share\vm\prims\jvm.cpp, line 1312]
Event: 11.776 Thread 0x08ed5400 Exception <a 'java/security/PrivilegedActionException'> (0x115fe940) thrown at [C:\re\workspace\8-2-build-windows-i586-cygwin\jdk8u31\2394\hotspot\src\share\vm\prims\jvm.cpp, line 1312]
Event: 11.776 Thread 0x08ed5400 Exception <a 'java/security/PrivilegedActionException'> (0x116088e0) thrown at [C:\re\workspace\8-2-build-windows-i586-cygwin\jdk8u31\2394\hotspot\src\share\vm\prims\jvm.cpp, line 1312]
Event: 11.777 Thread 0x08ed5400 Exception <a 'java/security/PrivilegedActionException'> (0x118c5e00) thrown at [C:\re\workspace\8-2-build-windows-i586-cygwin\jdk8u31\2394\hotspot\src\share\vm\prims\jvm.cpp, line 1312]
Event: 11.777 Thread 0x08ed5400 Exception <a 'java/security/PrivilegedActionException'> (0x118ccba0) thrown at [C:\re\workspace\8-2-build-windows-i586-cygwin\jdk8u31\2394\hotspot\src\share\vm\prims\jvm.cpp, line 1312]
Event: 11.777 Thread 0x08ed5400 Exception <a 'java/security/PrivilegedActionException'> (0x118d4f18) thrown at [C:\re\workspace\8-2-build-windows-i586-cygwin\jdk8u31\2394\hotspot\src\share\vm\prims\jvm.cpp, line 1312]
Event: 11.778 Thread 0x08ed5400 Exception <a 'java/security/PrivilegedActionException'> (0x118dcaf0) thrown at [C:\re\workspace\8-2-build-windows-i586-cygwin\jdk8u31\2394\hotspot\src\share\vm\prims\jvm.cpp, line 1312]
Event: 11.779 Thread 0x08ed5400 Exception <a 'java/security/PrivilegedActionException'> (0x118ea9d0) thrown at [C:\re\workspace\8-2-build-windows-i586-cygwin\jdk8u31\2394\hotspot\src\share\vm\prims\jvm.cpp, line 1312]

Events (10 events):
Event: 12.203 Executing VM operation: RevokeBias done
Event: 12.203 Thread 0x08ed4000 Thread exited: 0x08ed4000
Event: 12.233 Thread 0x08ed6400 Thread added: 0x08ed6400
Event: 12.234 Executing VM operation: RevokeBias
Event: 12.234 Executing VM operation: RevokeBias done
Event: 12.234 Thread 0x08ed6400 Thread exited: 0x08ed6400
Event: 12.295 Thread 0x08ed6400 Thread added: 0x08ed6400
Event: 12.296 Executing VM operation: RevokeBias
Event: 12.296 Executing VM operation: RevokeBias done
Event: 12.296 Thread 0x08ed6400 Thread exited: 0x08ed6400


Dynamic libraries:
0x01350000 - 0x01380000 	C:\Program Files (x86)\Java\jdk1.8.0_31\bin\java.exe
0x77750000 - 0x778be000 	C:\Windows\SYSTEM32\ntdll.dll
0x75260000 - 0x753a0000 	C:\Windows\SYSTEM32\KERNEL32.DLL
0x75a10000 - 0x75ae7000 	C:\Windows\SYSTEM32\KERNELBASE.dll
0x6c1a0000 - 0x6c240000 	C:\Windows\system32\apphelp.dll
0x58580000 - 0x587e5000 	C:\Windows\AppPatch\AcGenral.DLL
0x75860000 - 0x75923000 	C:\Windows\SYSTEM32\msvcrt.dll
0x77260000 - 0x772a1000 	C:\Windows\SYSTEM32\sechost.dll
0x74f50000 - 0x74f6e000 	C:\Windows\SYSTEM32\SspiCli.dll
0x77010000 - 0x77055000 	C:\Windows\SYSTEM32\SHLWAPI.dll
0x72120000 - 0x7220d000 	C:\Windows\SYSTEM32\UxTheme.dll
0x75100000 - 0x75253000 	C:\Windows\SYSTEM32\USER32.dll
0x774d0000 - 0x775de000 	C:\Windows\SYSTEM32\GDI32.dll
0x6d460000 - 0x6d483000 	C:\Windows\SYSTEM32\WINMM.dll
0x6cf00000 - 0x6cf13000 	C:\Windows\SYSTEM32\samcli.dll
0x773a0000 - 0x774c8000 	C:\Windows\SYSTEM32\ole32.dll
0x75cb0000 - 0x75d45000 	C:\Windows\SYSTEM32\OLEAUT32.dll
0x605e0000 - 0x605f7000 	C:\Windows\SYSTEM32\MSACM32.dll
0x74df0000 - 0x74df8000 	C:\Windows\SYSTEM32\VERSION.dll
0x75d60000 - 0x7700c000 	C:\Windows\SYSTEM32\SHELL32.dll
0x73160000 - 0x7317b000 	C:\Windows\SYSTEM32\USERENV.dll
0x6d330000 - 0x6d34a000 	C:\Windows\SYSTEM32\dwmapi.dll
0x6cfa0000 - 0x6d0ea000 	C:\Windows\SYSTEM32\urlmon.dll
0x75930000 - 0x759ac000 	C:\Windows\SYSTEM32\ADVAPI32.dll
0x6d600000 - 0x6d665000 	C:\Windows\SYSTEM32\WINSPOOL.DRV
0x6cf50000 - 0x6cf66000 	C:\Windows\SYSTEM32\MPR.dll
0x772e0000 - 0x7739a000 	C:\Windows\SYSTEM32\RPCRT4.dll
0x74f40000 - 0x74f4a000 	C:\Windows\SYSTEM32\CRYPTBASE.dll
0x75520000 - 0x7569d000 	C:\Windows\SYSTEM32\combase.dll
0x6d430000 - 0x6d453000 	C:\Windows\SYSTEM32\WINMMBASE.dll
0x71db0000 - 0x71dbf000 	C:\Windows\SYSTEM32\profapi.dll
0x71b30000 - 0x71d62000 	C:\Windows\SYSTEM32\iertutil.dll
0x71e50000 - 0x72025000 	C:\Windows\SYSTEM32\WININET.dll
0x74ee0000 - 0x74f34000 	C:\Windows\SYSTEM32\bcryptPrimitives.dll
0x77220000 - 0x7725c000 	C:\Windows\SYSTEM32\cfgmgr32.dll
0x6d400000 - 0x6d421000 	C:\Windows\SYSTEM32\DEVOBJ.dll
0x73480000 - 0x7350b000 	C:\Windows\SYSTEM32\SHCORE.DLL
0x75c80000 - 0x75ca7000 	C:\Windows\system32\IMM32.DLL
0x753a0000 - 0x754b3000 	C:\Windows\SYSTEM32\MSCTF.dll
0x74e00000 - 0x74e2e000 	C:\Windows\SYSTEM32\nvinit.dll
0x0f000000 - 0x0f006000 	C:\Program Files (x86)\NVIDIA Corporation\CoProcManager\_etoured.dll
0x6b660000 - 0x6b68b000 	C:\Program Files (x86)\NVIDIA Corporation\CoProcManager\nvd3d9wrap.dll
0x756a0000 - 0x75851000 	C:\Windows\SYSTEM32\SETUPAPI.dll
0x6b640000 - 0x6b65f000 	C:\Program Files (x86)\NVIDIA Corporation\CoProcManager\nvdxgiwrap.dll
0x72f40000 - 0x73146000 	C:\Windows\WinSxS\x86_microsoft.windows.common-controls_6595b64144ccf1df_6.0.9600.17415_none_a9ed7f470139b3c1\COMCTL32.dll
0x6be80000 - 0x6befd000 	C:\Program Files (x86)\AVG\AVG2015\avghookx.dll
0x5f080000 - 0x5f13f000 	C:\Program Files (x86)\Java\jdk1.8.0_31\jre\bin\msvcr100.dll
0x581d0000 - 0x58574000 	C:\Program Files (x86)\Java\jdk1.8.0_31\jre\bin\client\jvm.dll
0x6d0f0000 - 0x6d0f8000 	C:\Windows\SYSTEM32\WSOCK32.dll
0x75d50000 - 0x75d56000 	C:\Windows\SYSTEM32\PSAPI.DLL
0x77060000 - 0x770b0000 	C:\Windows\SYSTEM32\WS2_32.dll
0x772b0000 - 0x772b7000 	C:\Windows\SYSTEM32\NSI.dll
0x6ad60000 - 0x6ad6c000 	C:\Program Files (x86)\Java\jdk1.8.0_31\jre\bin\verify.dll
0x60320000 - 0x60341000 	C:\Program Files (x86)\Java\jdk1.8.0_31\jre\bin\java.dll
0x60100000 - 0x60113000 	C:\Program Files (x86)\Java\jdk1.8.0_31\jre\bin\zip.dll
0x58080000 - 0x581c6000 	C:\Program Files (x86)\Java\jdk1.8.0_31\jre\bin\awt.dll
0x74de0000 - 0x74de9000 	C:\Windows\SYSTEM32\kernel.appcore.dll
0x61e70000 - 0x62043000 	C:\Windows\system32\d3d9.dll
0x69940000 - 0x69a1e000 	C:\Windows\SYSTEM32\nvumdshim.dll
0x5d690000 - 0x5ed6e000 	C:\Windows\system32\igdumdim32.dll
0x67070000 - 0x678e8000 	C:\Windows\SYSTEM32\igdusc32.dll
0x60050000 - 0x60089000 	C:\Program Files (x86)\Java\jdk1.8.0_31\jre\bin\fontmanager.dll
0x600e0000 - 0x600f5000 	C:\Program Files (x86)\Java\jdk1.8.0_31\jre\bin\net.dll
0x6d1c0000 - 0x6d20b000 	C:\Windows\system32\mswsock.dll
0x684b0000 - 0x684bf000 	C:\Program Files (x86)\Java\jdk1.8.0_31\jre\bin\nio.dll
0x5f050000 - 0x5f080000 	C:\Program Files (x86)\Java\jdk1.8.0_31\jre\bin\t2k.dll
0x5ffb0000 - 0x5ffd0000 	C:\Program Files (x86)\Java\jdk1.8.0_31\jre\bin\sunec.dll
0x68350000 - 0x68359000 	C:\Program Files (x86)\Java\jdk1.8.0_31\jre\bin\sunmscapi.dll
0x74f70000 - 0x750f8000 	C:\Windows\SYSTEM32\CRYPT32.dll
0x75af0000 - 0x75afe000 	C:\Windows\SYSTEM32\MSASN1.dll
0x6f340000 - 0x6f359000 	C:\Windows\SYSTEM32\CRYPTSP.dll
0x6f310000 - 0x6f340000 	C:\Windows\system32\rsaenh.dll
0x6f040000 - 0x6f05e000 	C:\Windows\SYSTEM32\bcrypt.dll
0x732c0000 - 0x732e0000 	C:\Windows\SYSTEM32\IPHLPAPI.DLL
0x71e40000 - 0x71e48000 	C:\Windows\SYSTEM32\WINNSI.DLL
0x75bf0000 - 0x75c7d000 	C:\Windows\SYSTEM32\clbcatq.dll
0x6ac00000 - 0x6ac13000 	C:\Windows\SYSTEM32\dhcpcsvc6.DLL
0x6bf30000 - 0x6bf44000 	C:\Windows\SYSTEM32\dhcpcsvc.DLL
0x6bfb0000 - 0x6bfc1000 	C:\Windows\system32\napinsp.dll
0x6bf90000 - 0x6bfa6000 	C:\Windows\system32\pnrpnsp.dll
0x6bf70000 - 0x6bf84000 	C:\Windows\system32\NLAapi.dll
0x6c2e0000 - 0x6c35e000 	C:\Windows\SYSTEM32\DNSAPI.dll
0x6bf60000 - 0x6bf6a000 	C:\Windows\System32\winrnr.dll
0x6bf50000 - 0x6bf60000 	C:\Windows\system32\wshbth.dll
0x6c2b0000 - 0x6c2d1000 	C:\Program Files (x86)\Bonjour\mdnsNSP.dll
0x6c2a0000 - 0x6c2a8000 	C:\Windows\System32\rasadhlp.dll
0x6c250000 - 0x6c296000 	C:\Windows\System32\fwpuclnt.dll
0x5f020000 - 0x5f045000 	C:\Program Files (x86)\Java\jdk1.8.0_31\jre\bin\jpeg.dll
0x59010000 - 0x5917b000 	C:\Windows\SYSTEM32\WindowsCodecs.dll
0x67020000 - 0x6702a000 	C:\Program Files (x86)\Java\jdk1.8.0_31\jre\bin\management.dll
0x0ba30000 - 0x0cfff000 	C:\Users\Piotr\AppData\Local\Temp\xuggle\xuggle854666605464448581.dll
0x58060000 - 0x58074000 	C:\Windows\SYSTEM32\AVICAP32.DLL
0x58030000 - 0x58053000 	C:\Windows\SYSTEM32\MSVFW32.dll
0x66970000 - 0x6697a000 	C:\Program Files (x86)\Java\jdk1.8.0_31\jre\bin\jsound.dll
0x58020000 - 0x58029000 	C:\Program Files (x86)\Java\jdk1.8.0_31\jre\bin\jsoundds.dll
0x51430000 - 0x514b1000 	C:\Windows\SYSTEM32\DSOUND.dll
0x6bcd0000 - 0x6bd10000 	C:\Windows\SYSTEM32\POWRPROF.dll
0x645f0000 - 0x64643000 	C:\Windows\SYSTEM32\MMDevAPI.DLL
0x57fe0000 - 0x58016000 	C:\Windows\SYSTEM32\wdmaud.drv
0x6c060000 - 0x6c067000 	C:\Windows\SYSTEM32\ksuser.dll
0x73470000 - 0x7347a000 	C:\Windows\SYSTEM32\AVRT.dll
0x64650000 - 0x646b0000 	C:\Windows\SYSTEM32\AUDIOSES.DLL
0x57fd0000 - 0x57fd9000 	C:\Windows\SYSTEM32\msacm32.drv
0x57fc0000 - 0x57fc8000 	C:\Windows\SYSTEM32\midimap.dll
0x51300000 - 0x513be000 	C:\Users\Piotr\AppData\Local\Temp\javacpp40141906386862\msvcr100.dll
0x51290000 - 0x512f9000 	C:\Users\Piotr\AppData\Local\Temp\javacpp40141906386862\msvcp100.dll
0x77df0000 - 0x77ff6000 	C:\Users\Piotr\AppData\Local\Temp\javacpp40141906386862\opencv_core249.dll
0x77ca0000 - 0x77de8000 	C:\Users\Piotr\AppData\Local\Temp\javacpp40141906386862\jniopencv_core.dll
0x77a30000 - 0x77c9d000 	C:\Users\Piotr\AppData\Local\Temp\javacpp40141906386862\opencv_imgproc249.dll
0x51210000 - 0x51290000 	C:\Users\Piotr\AppData\Local\Temp\javacpp40141906386862\jniopencv_imgproc.dll
0x1f200000 - 0x20136000 	C:\Users\Piotr\AppData\Local\Temp\javacpp40141906386862\opencv_ffmpeg249.dll
0x0e5f0000 - 0x0e7f7000 	C:\Users\Piotr\AppData\Local\Temp\javacpp40141906386862\opencv_highgui249.dll
0x511f0000 - 0x5120a000 	C:\Windows\SYSTEM32\AVIFIL32.dll
0x500b0000 - 0x500ec000 	C:\Users\Piotr\AppData\Local\Temp\javacpp40141906386862\jniopencv_highgui.dll
0x6c070000 - 0x6c084000 	C:\Windows\SYSTEM32\devenum.dll
0x71380000 - 0x713a8000 	C:\Windows\SYSTEM32\ntmarta.dll
0x75bb0000 - 0x75bed000 	C:\Windows\SYSTEM32\WINTRUST.dll
0x6c0d0000 - 0x6c0db000 	C:\Windows\SYSTEM32\msdmo.dll
0x50070000 - 0x500a1000 	C:\Windows\SYSTEM32\qcap.dll
0x34de0000 - 0x34f7f000 	C:\Windows\SYSTEM32\quartz.dll
0x6c090000 - 0x6c0d0000 	C:\Windows\SYSTEM32\ksproxy.ax
0x6c050000 - 0x6c05c000 	C:\Windows\SYSTEM32\vidcap.ax
0x6c030000 - 0x6c04f000 	C:\Windows\SYSTEM32\kswdmcap.ax
0x5ef10000 - 0x5f014000 	C:\Windows\SYSTEM32\MFC42.dll
0x5ee60000 - 0x5ef09000 	C:\Windows\SYSTEM32\ODBC32.dll
0x779a0000 - 0x77a2e000 	C:\Windows\SYSTEM32\qedit.dll
0x75b10000 - 0x75bab000 	C:\Windows\SYSTEM32\COMDLG32.dll
0x6d490000 - 0x6d600000 	C:\Windows\WinSxS\x86_microsoft.windows.gdiplus_6595b64144ccf1df_1.1.9600.17415_none_dad8722c5bcc2d8f\gdiplus.dll

VM Arguments:
jvm_args: -Dfile.encoding=UTF-8 
java_command: wideokomunikator.main
java_class_path (initial): D:\Programowanie\javacv\javacv-bin\ffmpeg.jar;D:\Programowanie\javacv\javacv-bin\javacpp.jar;D:\Programowanie\javacv\javacv-bin\javacv.jar;D:\Programowanie\javacv\javacv-bin\opencv.jar;C:\Program Files\Java\jdk1.8.0_05\db\lib\derby.jar;C:\Program Files\Java\jdk1.8.0_05\db\lib\derbyclient.jar;C:\Program Files\Java\jdk1.8.0_05\db\lib\derbytools.jar;C:\Program Files\Java\jdk1.8.0_05\db\lib\derbynet.jar;D:\Programowanie\xuggle-xuggler-5.4.jar;D:\Programowanie\slf4j-simple-1.7.10.jar;D:\Programowanie\slf4j-api-1.7.10.jar;D:\Programowanie\javacv\javacv-bin\opencv-linux-x86.jar;D:\Programowanie\javacv\javacv-bin\opencv-linux-x86_64.jar;D:\Programowanie\javacv\javacv-bin\opencv-macosx-x86_64.jar;D:\Programowanie\javacv\javacv-bin\opencv-windows-x86.jar;D:\Programowanie\javacv\javacv-bin\opencv-windows-x86_64.jar;C:\Users\Piotr\Documents\NetBeansProjects\Wideokomunikator\build\classes
Launcher Type: SUN_STANDARD

Environment Variables:
JAVA_HOME=C:\Program Files\Java\jdk1.8.0_05
CLASSPATH=.;C:\PROGRA~2\JMF2.1.1e\lib\sound.jar;C:\PROGRA~2\JMF2.1.1e\lib\jmf.jar;C:\PROGRA~2\JMF2.1.1e\lib;.;.;.;c:\PROGRA~2\java\JMF21~1.1E\lib\sound.jar;c:\PROGRA~2\java\JMF21~1.1E\lib\jmf.jar;c:\PROGRA~2\java\JMF21~1.1E\lib;
PATH=C:\Program Files (x86)\NVIDIA Corporation\PhysX\Common;C:\ProgramData\Oracle\Java\javapath;C:\Python34\;C:\Python34\Scripts;C:\Program Files (x86)\Intel\iCLS Client\;C:\Program Files\Intel\iCLS Client\;C:\Windows\system32;C:\Windows;C:\Windows\System32\Wbem;C:\Windows\System32\WindowsPowerShell\v1.0\;C:\Program Files\Intel\Intel(R) Management Engine Components\DAL;C:\Program Files\Intel\Intel(R) Management Engine Components\IPT;C:\Program Files (x86)\Intel\Intel(R) Management Engine Components\DAL;C:\Program Files (x86)\Intel\Intel(R) Management Engine Components\IPT;C:\Program Files\nodejs\;C:\Windows\Microsoft.NET\Framework\v4.0.30319;C:\Program Files\Microsoft SQL Server\110\Tools\Binn\;C:\Program Files\Java\jdk1.8.0_05\bin;C:\Program Files\apache-ant-1.9.4\bin;C:\Program Files (x86)\QuickTime\QTSystem\;c:\PROGRA~2\java\JMF21~1.1E\lib;C:\Users\Piotr\AppData\Roaming\npm;C:\Program Files (x86)\Bitvise SSH Client;C:\Program Files\Java\jdk1.8.0_05\bin
USERNAME=Piotr
OS=Windows_NT
PROCESSOR_IDENTIFIER=Intel64 Family 6 Model 60 Stepping 3, GenuineIntel



---------------  S Y S T E M  ---------------

OS: Windows 8.1 , 64 bit Build 9600 

CPU:total 8 (4 cores per cpu, 2 threads per core) family 6 model 60 stepping 3, cmov, cx8, fxsr, mmx, sse, sse2, sse3, ssse3, sse4.1, sse4.2, popcnt, avx, avx2, aes, clmul, erms, lzcnt, ht, tsc, tscinvbit, bmi1, bmi2

Memory: 4k page, physical 15910992k(10464616k free), swap 36390992k(29130592k free)

vm_info: Java HotSpot(TM) Client VM (25.31-b07) for windows-x86 JRE (1.8.0_31-b13), built on Dec 17 2014 20:46:12 by "java_re" with MS VC++ 10.0 (VS2010)

time: Wed Mar 04 18:58:04 2015
elapsed time: 12 seconds (0d 0h 0m 12s)

