#
# A fatal error has been detected by the Java Runtime Environment:
#
#  EXCEPTION_ACCESS_VIOLATION (0xc0000005) at pc=0x000000006ea4c0ef, pid=6832, tid=2532
#
# JRE version: Java(TM) SE Runtime Environment (8.0-b132) (build 1.8.0-b132)
# Java VM: Java HotSpot(TM) 64-Bit Server VM (25.0-b70 mixed mode windows-amd64 compressed oops)
# Problematic frame:
# C  [xuggle8339412850498112417.dll+0x30c0ef]
#
# Failed to write core dump. Minidumps are not enabled by default on client versions of Windows
#
# If you would like to submit a bug report, please visit:
#   http://bugreport.sun.com/bugreport/crash.jsp
# The crash happened outside the Java Virtual Machine in native code.
# See problematic frame for where to report the bug.
#

---------------  T H R E A D  ---------------

Current thread (0x00000000210ca800):  JavaThread "Thread-4" [_thread_in_native, id=2532, stack(0x00000000223b0000,0x00000000224b0000)]

siginfo: ExceptionCode=0xc0000005, reading address 0xffffffffe1cff7c7

Registers:
RAX=0x00000000bebbb1b7, RBX=0x0000000021960650, RCX=0x000000000000000b, RDX=0x000000000000000b
RSP=0x00000000224ae8a0, RBP=0x00000000224aed0c, RSI=0x00000000218e8650, RDI=0x000000000a227cf8
R8 =0x000000000a227cf8, R9 =0x00000000224aec90, R10=0xffffffffe1cff7c7, R11=0x0000000041444f9e
R12=0x00000000224aeab0, R13=0xffffffffe3144765, R14=0x00000000224af1b0, R15=0x00000000210ca800
RIP=0x000000006ea4c0ef, EFLAGS=0x0000000000010216

Top of Stack: (sp=0x00000000224ae8a0)
0x00000000224ae8a0:   00000000224ae8d8 000000106e745a6a
0x00000000224ae8b0:   00000000224ae8e0 000000006e745a6a
0x00000000224ae8c0:   0000000000000001 0000000020edae50
0x00000000224ae8d0:   0000000020fa86c0 00000000572226b0
0x00000000224ae8e0:   ffffffffe1cff7c7 ffffffffe3144765
0x00000000224ae8f0:   0a227cf000000000 000000000a227cf8
0x00000000224ae900:   00000000224aec90 00000000218e8650
0x00000000224ae910:   00000000224aed0c 00000000224aeab0
0x00000000224ae920:   0000000000000000 000000000c66d898
0x00000000224ae930:   00000000224af1b0 000000006e977b9b
0x00000000224ae940:   00000000240bd9a0 0000000000000000
0x00000000224ae950:   000000000002ee40 000000006e75a39e
0x00000000224ae960:   0000000000000000 000000000c66d898
0x00000000224ae970:   0000000000000000 000000000f016f70
0x00000000224ae980:   00000000224aea10 000000006e7650ce
0x00000000224ae990:   00000000240bd9f0 0000000000000000 

Instructions: (pc=0x000000006ea4c0ef)
0x000000006ea4c0cf:   d1 89 44 24 54 c7 44 24 50 00 00 00 00 b8 b7 b1
0x000000006ea4c0df:   bb be 4c 89 54 24 40 89 7c 24 58 4c 89 6c 24 48
0x000000006ea4c0ef:   41 8b 3a 89 4c 24 50 0f cf c1 ef f5 81 ff b7 02
0x000000006ea4c0ff:   00 00 0f 85 6f 01 00 00 89 d7 83 e1 07 83 c2 0d 


Register to memory mapping:

RAX=0x00000000bebbb1b7 is an unknown value
RBX=0x0000000021960650 is an unknown value
RCX=0x000000000000000b is an unknown value
RDX=0x000000000000000b is an unknown value
RSP=0x00000000224ae8a0 is pointing into the stack for thread: 0x00000000210ca800
RBP=0x00000000224aed0c is pointing into the stack for thread: 0x00000000210ca800
RSI=0x00000000218e8650 is an unknown value
RDI=0x000000000a227cf8 is an unknown value
R8 =0x000000000a227cf8 is an unknown value
R9 =0x00000000224aec90 is pointing into the stack for thread: 0x00000000210ca800
R10=0xffffffffe1cff7c7 is an unknown value
R11=0x0000000041444f9e is an unknown value
R12=0x00000000224aeab0 is pointing into the stack for thread: 0x00000000210ca800
R13=0xffffffffe3144765 is an unknown value
R14=0x00000000224af1b0 is pointing into the stack for thread: 0x00000000210ca800
R15=0x00000000210ca800 is a thread


Stack: [0x00000000223b0000,0x00000000224b0000],  sp=0x00000000224ae8a0,  free space=1018k
Native frames: (J=compiled Java code, j=interpreted, Vv=VM code, C=native code)
C  [xuggle8339412850498112417.dll+0x30c0ef]
C  [xuggle8339412850498112417.dll+0x237b9b]
C  [xuggle8339412850498112417.dll+0x250ce]
C  [xuggle8339412850498112417.dll+0x71e9c]
C  0x000000000f0251ae

Java frames: (J=compiled Java code, j=interpreted, Vv=VM code)
j  com.xuggle.xuggler.XugglerJNI.IStreamCoder_decodeAudio(JLcom/xuggle/xuggler/IStreamCoder;JLcom/xuggle/xuggler/IAudioSamples;JLcom/xuggle/xuggler/IPacket;I)I+0
j  com.xuggle.xuggler.IStreamCoder.decodeAudio(Lcom/xuggle/xuggler/IAudioSamples;Lcom/xuggle/xuggler/IPacket;I)I+16
j  wideokomunikator.server.conference.Server.decodeAudio(Lcom/xuggle/xuggler/IPacket;)V+39
j  wideokomunikator.server.conference.Server.run()V+109
j  java.lang.Thread.run()V+11
v  ~StubRoutines::call_stub

---------------  P R O C E S S  ---------------

Java Threads: ( => current thread )
  0x0000000023146800 JavaThread "Thread-8" [_thread_in_native, id=5176, stack(0x0000000026f40000,0x0000000027040000)]
  0x0000000023311000 JavaThread "Thread-7" [_thread_blocked, id=7408, stack(0x0000000026e40000,0x0000000026f40000)]
  0x00000000210da800 JavaThread "D3D Screen Updater" daemon [_thread_blocked, id=832, stack(0x00000000225b0000,0x00000000226b0000)]
  0x00000000210d6000 JavaThread "Thread-5" [_thread_in_native, id=1096, stack(0x00000000224b0000,0x00000000225b0000)]
=>0x00000000210ca800 JavaThread "Thread-4" [_thread_in_native, id=2532, stack(0x00000000223b0000,0x00000000224b0000)]
  0x00000000210be800 JavaThread "AWT-EventQueue-0" [_thread_blocked, id=8664, stack(0x00000000222b0000,0x00000000223b0000)]
  0x0000000020edc000 JavaThread "Java Sound Event Dispatcher" daemon [_thread_blocked, id=3512, stack(0x0000000021db0000,0x0000000021eb0000)]
  0x000000000ee50000 JavaThread "AWT-Windows" daemon [_thread_in_native, id=8568, stack(0x000000001ee70000,0x000000001ef70000)]
  0x000000000ee42800 JavaThread "AWT-Shutdown" [_thread_blocked, id=5036, stack(0x000000001ed70000,0x000000001ee70000)]
  0x000000000ee41800 JavaThread "Java2D Disposer" daemon [_thread_blocked, id=4380, stack(0x000000001ec70000,0x000000001ed70000)]
  0x000000000eb7e000 JavaThread "Service Thread" daemon [_thread_blocked, id=7824, stack(0x000000001e510000,0x000000001e610000)]
  0x000000000eafc800 JavaThread "C1 CompilerThread3" daemon [_thread_blocked, id=7600, stack(0x000000001e410000,0x000000001e510000)]
  0x000000000eaf8000 JavaThread "C2 CompilerThread2" daemon [_thread_blocked, id=4692, stack(0x000000001e310000,0x000000001e410000)]
  0x000000000eae6800 JavaThread "C2 CompilerThread1" daemon [_thread_blocked, id=7404, stack(0x000000001e210000,0x000000001e310000)]
  0x000000000eaf5000 JavaThread "C2 CompilerThread0" daemon [_thread_blocked, id=4356, stack(0x000000001e110000,0x000000001e210000)]
  0x000000000eaf2800 JavaThread "Attach Listener" daemon [_thread_blocked, id=4468, stack(0x000000001e010000,0x000000001e110000)]
  0x000000000eaf1800 JavaThread "Signal Dispatcher" daemon [_thread_blocked, id=8692, stack(0x000000000eec0000,0x000000000efc0000)]
  0x0000000002788000 JavaThread "Finalizer" daemon [_thread_blocked, id=6536, stack(0x000000000e9c0000,0x000000000eac0000)]
  0x000000000277f000 JavaThread "Reference Handler" daemon [_thread_blocked, id=3204, stack(0x000000000e8c0000,0x000000000e9c0000)]
  0x000000000258d800 JavaThread "main" [_thread_blocked, id=4724, stack(0x0000000002590000,0x0000000002690000)]

Other Threads:
  0x000000000caf9000 VMThread [stack: 0x000000000e7c0000,0x000000000e8c0000] [id=7396]
  0x000000000eb88800 WatcherThread [stack: 0x000000001e610000,0x000000001e710000] [id=4904]

VM state:not at safepoint (normal execution)

VM Mutex/Monitor currently owned by a thread: None

Heap:
 PSYoungGen      total 11264K, used 5050K [0x000000076f100000, 0x0000000770500000, 0x00000007c0000000)
  eden space 7680K, 21% used [0x000000076f100000,0x000000076f294f80,0x000000076f880000)
  from space 3584K, 95% used [0x000000076f880000,0x000000076fbd9a20,0x000000076fc00000)
  to   space 4096K, 0% used [0x0000000770100000,0x0000000770100000,0x0000000770500000)
 ParOldGen       total 248320K, used 7459K [0x00000006cd200000, 0x00000006dc480000, 0x000000076f100000)
  object space 248320K, 3% used [0x00000006cd200000,0x00000006cd948cf0,0x00000006dc480000)
 Metaspace       used 11605K, capacity 11702K, committed 11904K, reserved 1060864K
  class space    used 1345K, capacity 1358K, committed 1408K, reserved 1048576K

Card table byte_map: [0x0000000002b50000,0x00000000032f0000] byte_map_base: 0xffffffffff4e7000

Marking Bits: (ParMarkBitMap*) 0x00000000578a13b0
 Begin Bits: [0x0000000004000000, 0x0000000007cb8000)
 End Bits:   [0x0000000007cb8000, 0x000000000b970000)

Polling page: 0x0000000000a50000

CodeCache: size=245760Kb used=3146Kb max_used=3146Kb free=242613Kb
 bounds [0x000000000f010000, 0x000000000f330000, 0x000000001e010000]
 total_blobs=1337 nmethods=764 adapters=487
 compilation: enabled

Compilation events (10 events):
Event: 3.112 Thread 0x000000000eafc800 nmethod 758 0x000000000f31ced0 code [0x000000000f31d040, 0x000000000f31d290]
Event: 3.112 Thread 0x000000000eafc800  759       3       java.lang.Class::isAnnotationPresent (6 bytes)
Event: 3.113 Thread 0x000000000eafc800 nmethod 759 0x000000000f31d390 code [0x000000000f31d540, 0x000000000f31dae8]
Event: 3.113 Thread 0x000000000eafc800  760       3       java.lang.reflect.AnnotatedElement::isAnnotationPresent (16 bytes)
Event: 3.113 Thread 0x000000000eafc800 nmethod 760 0x000000000f31ddd0 code [0x000000000f31df40, 0x000000000f31e1a8]
Event: 3.113 Thread 0x000000000eafc800  761       3       sun.net.www.ParseUtil::canonizeString (195 bytes)
Event: 3.114 Thread 0x000000000eafc800 nmethod 761 0x000000000f31e250 code [0x000000000f31e600, 0x000000000f320a08]
Event: 3.114 Thread 0x000000000eafc800  762       3       java.net.URLStreamHandler::setURL (159 bytes)
Event: 3.114 Thread 0x000000000eafc800 nmethod 762 0x000000000f3219d0 code [0x000000000f321c40, 0x000000000f322f28]
Event: 3.114 Thread 0x000000000eafc800  763   !   3       sun.misc.URLClassPath$JarLoader::checkResource (55 bytes)

GC Heap History (10 events):
Event: 0.220 GC heap before
{Heap before GC invocations=5 (full 0):
 PSYoungGen      total 2560K, used 2544K [0x000000076f100000, 0x000000076f400000, 0x00000007c0000000)
  eden space 2048K, 100% used [0x000000076f100000,0x000000076f300000,0x000000076f300000)
  from space 512K, 96% used [0x000000076f380000,0x000000076f3fc010,0x000000076f400000)
  to   space 512K, 0% used [0x000000076f300000,0x000000076f300000,0x000000076f380000)
 ParOldGen       total 248320K, used 796K [0x00000006cd200000, 0x00000006dc480000, 0x000000076f100000)
  object space 248320K, 0% used [0x00000006cd200000,0x00000006cd2c7158,0x00000006dc480000)
 Metaspace       used 6427K, capacity 6544K, committed 6656K, reserved 1056768K
  class space    used 715K, capacity 748K, committed 768K, reserved 1048576K
Event: 0.222 GC heap after
Heap after GC invocations=5 (full 0):
 PSYoungGen      total 2560K, used 512K [0x000000076f100000, 0x000000076f800000, 0x00000007c0000000)
  eden space 2048K, 0% used [0x000000076f100000,0x000000076f100000,0x000000076f300000)
  from space 512K, 100% used [0x000000076f300000,0x000000076f380000,0x000000076f380000)
  to   space 1536K, 0% used [0x000000076f680000,0x000000076f680000,0x000000076f800000)
 ParOldGen       total 248320K, used 1131K [0x00000006cd200000, 0x00000006dc480000, 0x000000076f100000)
  object space 248320K, 0% used [0x00000006cd200000,0x00000006cd31ae90,0x00000006dc480000)
 Metaspace       used 6427K, capacity 6544K, committed 6656K, reserved 1056768K
  class space    used 715K, capacity 748K, committed 768K, reserved 1048576K
}
Event: 0.487 GC heap before
{Heap before GC invocations=6 (full 0):
 PSYoungGen      total 2560K, used 2560K [0x000000076f100000, 0x000000076f800000, 0x00000007c0000000)
  eden space 2048K, 100% used [0x000000076f100000,0x000000076f300000,0x000000076f300000)
  from space 512K, 100% used [0x000000076f300000,0x000000076f380000,0x000000076f380000)
  to   space 1536K, 0% used [0x000000076f680000,0x000000076f680000,0x000000076f800000)
 ParOldGen       total 248320K, used 1131K [0x00000006cd200000, 0x00000006dc480000, 0x000000076f100000)
  object space 248320K, 0% used [0x00000006cd200000,0x00000006cd31ae90,0x00000006dc480000)
 Metaspace       used 7182K, capacity 7280K, committed 7552K, reserved 1056768K
  class space    used 797K, capacity 844K, committed 896K, reserved 1048576K
Event: 0.488 GC heap after
Heap after GC invocations=6 (full 0):
 PSYoungGen      total 5632K, used 1013K [0x000000076f100000, 0x000000076f800000, 0x00000007c0000000)
  eden space 4096K, 0% used [0x000000076f100000,0x000000076f100000,0x000000076f500000)
  from space 1536K, 65% used [0x000000076f680000,0x000000076f77d4e8,0x000000076f800000)
  to   space 1536K, 0% used [0x000000076f500000,0x000000076f500000,0x000000076f680000)
 ParOldGen       total 248320K, used 1139K [0x00000006cd200000, 0x00000006dc480000, 0x000000076f100000)
  object space 248320K, 0% used [0x00000006cd200000,0x00000006cd31ce90,0x00000006dc480000)
 Metaspace       used 7182K, capacity 7280K, committed 7552K, reserved 1056768K
  class space    used 797K, capacity 844K, committed 896K, reserved 1048576K
}
Event: 0.592 GC heap before
{Heap before GC invocations=7 (full 0):
 PSYoungGen      total 5632K, used 4111K [0x000000076f100000, 0x000000076f800000, 0x00000007c0000000)
  eden space 4096K, 75% used [0x000000076f100000,0x000000076f406ac8,0x000000076f500000)
  from space 1536K, 65% used [0x000000076f680000,0x000000076f77d4e8,0x000000076f800000)
  to   space 1536K, 0% used [0x000000076f500000,0x000000076f500000,0x000000076f680000)
 ParOldGen       total 248320K, used 1139K [0x00000006cd200000, 0x00000006dc480000, 0x000000076f100000)
  object space 248320K, 0% used [0x00000006cd200000,0x00000006cd31ce90,0x00000006dc480000)
 Metaspace       used 8877K, capacity 8976K, committed 9088K, reserved 1056768K
  class space    used 1042K, capacity 1068K, committed 1152K, reserved 1048576K
Event: 0.595 GC heap after
Heap after GC invocations=7 (full 0):
 PSYoungGen      total 5632K, used 1504K [0x000000076f100000, 0x000000076ff00000, 0x00000007c0000000)
  eden space 4096K, 0% used [0x000000076f100000,0x000000076f100000,0x000000076f500000)
  from space 1536K, 97% used [0x000000076f500000,0x000000076f678210,0x000000076f680000)
  to   space 3072K, 0% used [0x000000076fc00000,0x000000076fc00000,0x000000076ff00000)
 ParOldGen       total 248320K, used 3961K [0x00000006cd200000, 0x00000006dc480000, 0x000000076f100000)
  object space 248320K, 1% used [0x00000006cd200000,0x00000006cd5de6e0,0x00000006dc480000)
 Metaspace       used 8877K, capacity 8976K, committed 9088K, reserved 1056768K
  class space    used 1042K, capacity 1068K, committed 1152K, reserved 1048576K
}
Event: 1.699 GC heap before
{Heap before GC invocations=8 (full 0):
 PSYoungGen      total 5632K, used 5600K [0x000000076f100000, 0x000000076ff00000, 0x00000007c0000000)
  eden space 4096K, 100% used [0x000000076f100000,0x000000076f500000,0x000000076f500000)
  from space 1536K, 97% used [0x000000076f500000,0x000000076f678210,0x000000076f680000)
  to   space 3072K, 0% used [0x000000076fc00000,0x000000076fc00000,0x000000076ff00000)
 ParOldGen       total 248320K, used 3961K [0x00000006cd200000, 0x00000006dc480000, 0x000000076f100000)
  object space 248320K, 1% used [0x00000006cd200000,0x00000006cd5de6e0,0x00000006dc480000)
 Metaspace       used 9856K, capacity 9968K, committed 10240K, reserved 1058816K
  class space    used 1138K, capacity 1164K, committed 1280K, reserved 1048576K
Event: 1.701 GC heap after
Heap after GC invocations=8 (full 0):
 PSYoungGen      total 10752K, used 3048K [0x000000076f100000, 0x0000000770000000, 0x00000007c0000000)
  eden space 7680K, 0% used [0x000000076f100000,0x000000076f100000,0x000000076f880000)
  from space 3072K, 99% used [0x000000076fc00000,0x000000076fefa270,0x000000076ff00000)
  to   space 3584K, 0% used [0x000000076f880000,0x000000076f880000,0x000000076fc00000)
 ParOldGen       total 248320K, used 6250K [0x00000006cd200000, 0x00000006dc480000, 0x000000076f100000)
  object space 248320K, 2% used [0x00000006cd200000,0x00000006cd81aae0,0x00000006dc480000)
 Metaspace       used 9856K, capacity 9968K, committed 10240K, reserved 1058816K
  class space    used 1138K, capacity 1164K, committed 1280K, reserved 1048576K
}
Event: 3.075 GC heap before
{Heap before GC invocations=9 (full 0):
 PSYoungGen      total 10752K, used 10728K [0x000000076f100000, 0x0000000770000000, 0x00000007c0000000)
  eden space 7680K, 100% used [0x000000076f100000,0x000000076f880000,0x000000076f880000)
  from space 3072K, 99% used [0x000000076fc00000,0x000000076fefa270,0x000000076ff00000)
  to   space 3584K, 0% used [0x000000076f880000,0x000000076f880000,0x000000076fc00000)
 ParOldGen       total 248320K, used 6250K [0x00000006cd200000, 0x00000006dc480000, 0x000000076f100000)
  object space 248320K, 2% used [0x00000006cd200000,0x00000006cd81aae0,0x00000006dc480000)
 Metaspace       used 11433K, capacity 11542K, committed 11648K, reserved 1058816K
  class space    used 1312K, capacity 1326K, committed 1408K, reserved 1048576K
Event: 3.077 GC heap after
Heap after GC invocations=9 (full 0):
 PSYoungGen      total 11264K, used 3430K [0x000000076f100000, 0x0000000770500000, 0x00000007c0000000)
  eden space 7680K, 0% used [0x000000076f100000,0x000000076f100000,0x000000076f880000)
  from space 3584K, 95% used [0x000000076f880000,0x000000076fbd9a20,0x000000076fc00000)
  to   space 4096K, 0% used [0x0000000770100000,0x0000000770100000,0x0000000770500000)
 ParOldGen       total 248320K, used 7459K [0x00000006cd200000, 0x00000006dc480000, 0x000000076f100000)
  object space 248320K, 3% used [0x00000006cd200000,0x00000006cd948cf0,0x00000006dc480000)
 Metaspace       used 11433K, capacity 11542K, committed 11648K, reserved 1058816K
  class space    used 1312K, capacity 1326K, committed 1408K, reserved 1048576K
}

Deoptimization events (2 events):
Event: 0.490 Thread 0x000000000258d800 Uncommon trap: reason=class_check action=maybe_recompile pc=0x000000000f20bfc8 method=java.io.FilterInputStream.read([BII)I @ 7
Event: 0.490 Thread 0x000000000258d800 Uncommon trap: reason=class_check action=maybe_recompile pc=0x000000000f20bfc8 method=java.io.FilterInputStream.read([BII)I @ 7

Internal exceptions (10 events):
Event: 3.093 Thread 0x0000000023146800 Exception <a 'java/security/PrivilegedActionException'> (0x000000076f1b29b8) thrown at [D:\re\workspace\8-2-build-windows-amd64-cygwin\jdk8\2238\hotspot\src\share\vm\prims\jvm.cpp, line 1248]
Event: 3.093 Thread 0x0000000023146800 Exception <a 'java/security/PrivilegedActionException'> (0x000000076f1b6038) thrown at [D:\re\workspace\8-2-build-windows-amd64-cygwin\jdk8\2238\hotspot\src\share\vm\prims\jvm.cpp, line 1248]
Event: 3.093 Thread 0x0000000023146800 Exception <a 'java/security/PrivilegedActionException'> (0x000000076f1b98c8) thrown at [D:\re\workspace\8-2-build-windows-amd64-cygwin\jdk8\2238\hotspot\src\share\vm\prims\jvm.cpp, line 1248]
Event: 3.093 Thread 0x0000000023146800 Exception <a 'java/security/PrivilegedActionException'> (0x000000076f1be560) thrown at [D:\re\workspace\8-2-build-windows-amd64-cygwin\jdk8\2238\hotspot\src\share\vm\prims\jvm.cpp, line 1248]
Event: 3.094 Thread 0x0000000023146800 Exception <a 'java/security/PrivilegedActionException'> (0x000000076f1c2318) thrown at [D:\re\workspace\8-2-build-windows-amd64-cygwin\jdk8\2238\hotspot\src\share\vm\prims\jvm.cpp, line 1248]
Event: 3.111 Thread 0x0000000023311000 Exception <a 'java/security/PrivilegedActionException'> (0x000000076f2262e8) thrown at [D:\re\workspace\8-2-build-windows-amd64-cygwin\jdk8\2238\hotspot\src\share\vm\prims\jvm.cpp, line 1248]
Event: 3.112 Thread 0x0000000023311000 Exception <a 'java/security/PrivilegedActionException'> (0x000000076f23b050) thrown at [D:\re\workspace\8-2-build-windows-amd64-cygwin\jdk8\2238\hotspot\src\share\vm\prims\jvm.cpp, line 1248]
Event: 3.113 Thread 0x0000000023311000 Exception <a 'java/security/PrivilegedActionException'> (0x000000076f2439b8) thrown at [D:\re\workspace\8-2-build-windows-amd64-cygwin\jdk8\2238\hotspot\src\share\vm\prims\jvm.cpp, line 1248]
Event: 3.113 Thread 0x0000000023146800 Exception <a 'java/security/PrivilegedActionException'> (0x000000076f234548) thrown at [D:\re\workspace\8-2-build-windows-amd64-cygwin\jdk8\2238\hotspot\src\share\vm\prims\jvm.cpp, line 1248]
Event: 3.113 Thread 0x0000000023311000 Exception <a 'java/security/PrivilegedActionException'> (0x000000076f24b178) thrown at [D:\re\workspace\8-2-build-windows-amd64-cygwin\jdk8\2238\hotspot\src\share\vm\prims\jvm.cpp, line 1248]

Events (10 events):
Event: 3.111 loading class com/xuggle/xuggler/IAudioSamples$Format
Event: 3.111 loading class com/xuggle/xuggler/IAudioSamples$Format done
Event: 3.112 loading class com/xuggle/xuggler/IAudioSamples$Format$SwigNext
Event: 3.112 loading class com/xuggle/xuggler/IAudioSamples$Format$SwigNext done
Event: 3.113 loading class com/xuggle/xuggler/ICodec$Type
Event: 3.113 loading class com/xuggle/xuggler/ICodec$Type done
Event: 3.113 loading class org/bytedeco/javacpp/helper/opencv_core$AbstractIplImage$ReleaseDeallocator
Event: 3.113 loading class org/bytedeco/javacpp/helper/opencv_core$AbstractIplImage$ReleaseDeallocator done
Event: 3.113 loading class com/xuggle/xuggler/ICodec$Type$SwigNext
Event: 3.113 loading class com/xuggle/xuggler/ICodec$Type$SwigNext done


Dynamic libraries:
0x00007ff680870000 - 0x00007ff6808a4000 	C:\Program Files\Java\jdk1.8.0\bin\java.exe
0x00007ffb451b0000 - 0x00007ffb4535c000 	C:\Windows\SYSTEM32\ntdll.dll
0x00007ffb44d90000 - 0x00007ffb44ece000 	C:\Windows\system32\KERNEL32.DLL
0x00007ffb423d0000 - 0x00007ffb424e5000 	C:\Windows\system32\KERNELBASE.dll
0x00007ffb40e30000 - 0x00007ffb40ebe000 	C:\Windows\system32\apphelp.dll
0x00007ffb35f20000 - 0x00007ffb35f73000 	C:\Windows\AppPatch\AppPatch64\AcGenral.DLL
0x00007ffb44ed0000 - 0x00007ffb44f7a000 	C:\Windows\system32\msvcrt.dll
0x00007ffb42150000 - 0x00007ffb4217e000 	C:\Windows\SYSTEM32\SspiCli.dll
0x00007ffb428a0000 - 0x00007ffb428f4000 	C:\Windows\system32\SHLWAPI.dll
0x00007ffb42b60000 - 0x00007ffb42cd7000 	C:\Windows\system32\USER32.dll
0x00007ffb449d0000 - 0x00007ffb44b64000 	C:\Windows\system32\ole32.dll
0x00007ffb43370000 - 0x00007ffb44888000 	C:\Windows\system32\SHELL32.dll
0x00007ffb418d0000 - 0x00007ffb418f1000 	C:\Windows\SYSTEM32\USERENV.dll
0x00007ffb44920000 - 0x00007ffb449ca000 	C:\Windows\system32\ADVAPI32.dll
0x00007ffb392f0000 - 0x00007ffb3930e000 	C:\Windows\SYSTEM32\MPR.dll
0x00007ffb42940000 - 0x00007ffb42a81000 	C:\Windows\system32\RPCRT4.dll
0x00007ffb42840000 - 0x00007ffb42899000 	C:\Windows\SYSTEM32\sechost.dll
0x00007ffb43130000 - 0x00007ffb43341000 	C:\Windows\SYSTEM32\combase.dll
0x00007ffb45050000 - 0x00007ffb451a1000 	C:\Windows\system32\GDI32.dll
0x00007ffb42300000 - 0x00007ffb42315000 	C:\Windows\SYSTEM32\profapi.dll
0x00007ffb40d70000 - 0x00007ffb40e22000 	C:\Windows\SYSTEM32\SHCORE.dll
0x00007ffb42900000 - 0x00007ffb42936000 	C:\Windows\system32\IMM32.DLL
0x00007ffb44b70000 - 0x00007ffb44cc3000 	C:\Windows\system32\MSCTF.dll
0x00007ffb422b0000 - 0x00007ffb422e2000 	C:\Windows\system32\nvinitx.dll
0x00007ffb422a0000 - 0x00007ffb422aa000 	C:\Windows\SYSTEM32\VERSION.dll
0x000000000f000000 - 0x000000000f006000 	C:\Program Files\NVIDIA Corporation\CoProcManager\_etoured.dll
0x00007ffb40340000 - 0x00007ffb40372000 	C:\Program Files\NVIDIA Corporation\CoProcManager\nvd3d9wrapx.dll
0x00007ffb42d40000 - 0x00007ffb42f1a000 	C:\Windows\system32\SETUPAPI.dll
0x00007ffb424f0000 - 0x00007ffb4253f000 	C:\Windows\system32\CFGMGR32.dll
0x00007ffb40250000 - 0x00007ffb40272000 	C:\Program Files\NVIDIA Corporation\CoProcManager\nvdxgiwrapx.dll
0x00007ffb40380000 - 0x00007ffb405fb000 	C:\Windows\WinSxS\amd64_microsoft.windows.common-controls_6595b64144ccf1df_6.0.9600.17415_none_6240486fecbd8abb\COMCTL32.dll
0x00007ffb35ba0000 - 0x00007ffb35c29000 	C:\Program Files (x86)\AVG\AVG2015\avghooka.dll
0x0000000057920000 - 0x00000000579f2000 	C:\Program Files\Java\jdk1.8.0\jre\bin\msvcr100.dll
0x00000000570f0000 - 0x000000005791a000 	C:\Program Files\Java\jdk1.8.0\jre\bin\server\jvm.dll
0x00007ffb393f0000 - 0x00007ffb393f9000 	C:\Windows\SYSTEM32\WSOCK32.dll
0x00007ffb3fc20000 - 0x00007ffb3fc42000 	C:\Windows\SYSTEM32\WINMM.dll
0x00007ffb44910000 - 0x00007ffb44917000 	C:\Windows\system32\PSAPI.DLL
0x00007ffb42f20000 - 0x00007ffb42f7a000 	C:\Windows\system32\WS2_32.dll
0x00007ffb3f960000 - 0x00007ffb3f98a000 	C:\Windows\SYSTEM32\WINMMBASE.dll
0x00007ffb42830000 - 0x00007ffb42839000 	C:\Windows\system32\NSI.dll
0x00007ffb410a0000 - 0x00007ffb410c8000 	C:\Windows\SYSTEM32\DEVOBJ.dll
0x0000000058760000 - 0x000000005876f000 	C:\Program Files\Java\jdk1.8.0\jre\bin\verify.dll
0x00000000570c0000 - 0x00000000570e8000 	C:\Program Files\Java\jdk1.8.0\jre\bin\java.dll
0x00000000570a0000 - 0x00000000570b6000 	C:\Program Files\Java\jdk1.8.0\jre\bin\zip.dll
0x0000000056f00000 - 0x0000000057096000 	C:\Program Files\Java\jdk1.8.0\jre\bin\awt.dll
0x00007ffb42a90000 - 0x00007ffb42b51000 	C:\Windows\system32\OLEAUT32.dll
0x00007ffb40600000 - 0x00007ffb40621000 	C:\Windows\system32\DWMAPI.DLL
0x00007ffb40f20000 - 0x00007ffb41049000 	C:\Windows\system32\uxtheme.dll
0x00007ffb41110000 - 0x00007ffb4111b000 	C:\Windows\SYSTEM32\kernel.appcore.dll
0x00007ffb421f0000 - 0x00007ffb421fb000 	C:\Windows\SYSTEM32\CRYPTBASE.dll
0x00007ffb42180000 - 0x00007ffb421e3000 	C:\Windows\SYSTEM32\bcryptPrimitives.dll
0x00007ffb36790000 - 0x00007ffb369b1000 	C:\Windows\system32\d3d9.dll
0x00007ffb3f250000 - 0x00007ffb3f34d000 	C:\Windows\SYSTEM32\nvumdshimx.dll
0x00007ffb19fb0000 - 0x00007ffb1b753000 	C:\Windows\system32\igdumdim64.dll
0x00007ffb3ceb0000 - 0x00007ffb3d85c000 	C:\Windows\SYSTEM32\igdusc64.dll
0x0000000056ee0000 - 0x0000000056efa000 	C:\Program Files\Java\jdk1.8.0\jre\bin\net.dll
0x00007ffb41b90000 - 0x00007ffb41be9000 	C:\Windows\system32\mswsock.dll
0x00007ffb41bf0000 - 0x00007ffb41c10000 	C:\Windows\SYSTEM32\CRYPTSP.dll
0x00007ffb417c0000 - 0x00007ffb417f6000 	C:\Windows\system32\rsaenh.dll
0x00007ffb41e40000 - 0x00007ffb41e66000 	C:\Windows\SYSTEM32\bcrypt.dll
0x00007ffb38840000 - 0x00007ffb38855000 	C:\Windows\system32\napinsp.dll
0x00007ffb38860000 - 0x00007ffb3887a000 	C:\Windows\system32\pnrpnsp.dll
0x00007ffb3dea0000 - 0x00007ffb3debb000 	C:\Windows\system32\NLAapi.dll
0x00007ffb41990000 - 0x00007ffb41a34000 	C:\Windows\SYSTEM32\DNSAPI.dll
0x00007ffb38880000 - 0x00007ffb3888d000 	C:\Windows\System32\winrnr.dll
0x00007ffb388a0000 - 0x00007ffb388b4000 	C:\Windows\system32\wshbth.dll
0x000000005a130000 - 0x000000005a156000 	C:\Program Files\Bonjour\mdnsNSP.dll
0x00007ffb3c2d0000 - 0x00007ffb3c2fa000 	C:\Windows\SYSTEM32\Iphlpapi.DLL
0x00007ffb3c2c0000 - 0x00007ffb3c2ca000 	C:\Windows\SYSTEM32\WINNSI.DLL
0x00007ffb38890000 - 0x00007ffb3889a000 	C:\Windows\System32\rasadhlp.dll
0x00007ffb3bef0000 - 0x00007ffb3bf5b000 	C:\Windows\System32\fwpuclnt.dll
0x0000000056ec0000 - 0x0000000056ed1000 	C:\Program Files\Java\jdk1.8.0\jre\bin\nio.dll
0x000000006e740000 - 0x000000006fda5000 	C:\Users\Piotr\AppData\Local\Temp\xuggle\xuggle8339412850498112417.dll
0x00007ffb3ca20000 - 0x00007ffb3ca37000 	C:\Windows\SYSTEM32\AVICAP32.dll
0x00007ffb3bd70000 - 0x00007ffb3bd99000 	C:\Windows\SYSTEM32\MSVFW32.dll
0x0000000056eb0000 - 0x0000000056ebc000 	C:\Program Files\Java\jdk1.8.0\jre\bin\jsound.dll
0x0000000056ea0000 - 0x0000000056eab000 	C:\Program Files\Java\jdk1.8.0\jre\bin\jsoundds.dll
0x00007ffb19b80000 - 0x00007ffb19c1d000 	C:\Windows\SYSTEM32\DSOUND.dll
0x00007ffb41900000 - 0x00007ffb41946000 	C:\Windows\SYSTEM32\POWRPROF.dll
0x00007ffb3fbb0000 - 0x00007ffb3fc20000 	C:\Windows\SYSTEM32\MMDevAPI.DLL
0x00007ffb35ee0000 - 0x00007ffb35f1e000 	C:\Windows\SYSTEM32\wdmaud.drv
0x00007ffb3da90000 - 0x00007ffb3da98000 	C:\Windows\SYSTEM32\ksuser.dll
0x00007ffb3f920000 - 0x00007ffb3f92c000 	C:\Windows\SYSTEM32\AVRT.dll
0x00007ffb33ae0000 - 0x00007ffb33b5e000 	C:\Windows\SYSTEM32\AUDIOSES.DLL
0x00007ffb3ca10000 - 0x00007ffb3ca1b000 	C:\Windows\SYSTEM32\msacm32.drv
0x00007ffb36430000 - 0x00007ffb3644c000 	C:\Windows\SYSTEM32\MSACM32.dll
0x00007ffb3ca00000 - 0x00007ffb3ca0a000 	C:\Windows\SYSTEM32\midimap.dll
0x00007ffb44cd0000 - 0x00007ffb44d86000 	C:\Windows\SYSTEM32\clbcatq.dll
0x0000000056e50000 - 0x0000000056e97000 	C:\Program Files\Java\jdk1.8.0\jre\bin\fontmanager.dll
0x0000000056e30000 - 0x0000000056e45000 	C:\Users\Piotr\AppData\Local\Temp\javacpp1260462863462\libusb0.dll
0x00007ffb2d200000 - 0x00007ffb2d22c000 	C:\Users\Piotr\AppData\Local\Temp\javacpp1260462863462\freenect.dll
0x00007ffb35ea0000 - 0x00007ffb35eb9000 	C:\Users\Piotr\AppData\Local\Temp\javacpp1260462863462\pthreadVC2.dll
0x00007ffb29480000 - 0x00007ffb294a7000 	C:\Users\Piotr\AppData\Local\Temp\javacpp1260462863462\jnifreenect.dll
0x00007ffb28ab0000 - 0x00007ffb28ad5000 	C:\Users\Piotr\AppData\Local\Temp\javacpp1260462863462\jnivideoInputLib.dll
0x000000005b4c0000 - 0x000000005b558000 	C:\Windows\SYSTEM32\MSVCP100.dll
0x00007ffb35e00000 - 0x00007ffb35e18000 	C:\Windows\System32\devenum.dll
0x00007ffb3f180000 - 0x00007ffb3f1b2000 	C:\Windows\SYSTEM32\ntmarta.dll
0x00007ffb42540000 - 0x00007ffb42591000 	C:\Windows\system32\WINTRUST.dll
0x00007ffb42650000 - 0x00007ffb4282f000 	C:\Windows\system32\CRYPT32.dll
0x000000001ef70000 - 0x000000001ef81000 	C:\Windows\system32\MSASN1.dll
0x00007ffb3a070000 - 0x00007ffb3a07d000 	C:\Windows\SYSTEM32\msdmo.dll
0x00007ffb28050000 - 0x00007ffb2807d000 	C:\Windows\System32\qcap.dll
0x00007ffb27bd0000 - 0x00007ffb27da2000 	C:\Windows\System32\quartz.dll
0x00007ffb27e80000 - 0x00007ffb27ecb000 	C:\Windows\System32\ksproxy.ax
0x00007ffb35d10000 - 0x00007ffb35d1e000 	C:\Windows\System32\vidcap.ax
0x00007ffb27e50000 - 0x00007ffb27e76000 	C:\Windows\System32\kswdmcap.ax
0x00007ffb27460000 - 0x00007ffb275ad000 	C:\Windows\System32\MFC42.dll
0x00007ffb27b00000 - 0x00007ffb27bc2000 	C:\Windows\System32\ODBC32.dll
0x00007ffb273b0000 - 0x00007ffb27458000 	C:\Windows\System32\qedit.dll
0x00007ffb44f80000 - 0x00007ffb45036000 	C:\Windows\system32\COMDLG32.dll
0x00007ffb3f400000 - 0x00007ffb3f5b0000 	C:\Windows\WinSxS\amd64_microsoft.windows.gdiplus_6595b64144ccf1df_1.1.9600.17415_none_932b3b5547500489\gdiplus.dll
0x00007ffb3d970000 - 0x00007ffb3da68000 	C:\Windows\System32\DDRAW.dll
0x00007ffb3f1d0000 - 0x00007ffb3f1d9000 	C:\Windows\System32\DCIMAN32.dll
0x00007ffb26170000 - 0x00007ffb26361000 	C:\Program Files\K-Lite Codec Pack x64\Filters\vsfilter.dll
0x00007ffb3f020000 - 0x00007ffb3f0a2000 	C:\Windows\SYSTEM32\WINSPOOL.DRV
0x00007ffb3a620000 - 0x00007ffb3a868000 	C:\Windows\SYSTEM32\WININET.dll
0x00007ffb3ab70000 - 0x00007ffb3ae37000 	C:\Windows\SYSTEM32\iertutil.dll
0x00007ffb2e100000 - 0x00007ffb2e10c000 	C:\Windows\SYSTEM32\msyuv.dll
0x0000000056d50000 - 0x0000000056e21000 	C:\Users\Piotr\AppData\Local\Temp\javacpp1260462863462\msvcr100.dll
0x0000000056cb0000 - 0x0000000056d48000 	C:\Users\Piotr\AppData\Local\Temp\javacpp1260462863462\msvcp100.dll
0x00007ffb18490000 - 0x00007ffb18702000 	C:\Users\Piotr\AppData\Local\Temp\javacpp1260462863462\opencv_core249.dll
0x00007ffb17850000 - 0x00007ffb179f5000 	C:\Users\Piotr\AppData\Local\Temp\javacpp1260462863462\jniopencv_core.dll
0x00007ffb37d20000 - 0x00007ffb37eaa000 	C:\Windows\SYSTEM32\dbghelp.dll

VM Arguments:
jvm_args: -Dfile.encoding=UTF-8 
java_command: wideokomunikator.main
java_class_path (initial): D:\Programowanie\javacv\javacv-bin\ffmpeg.jar;D:\Programowanie\javacv\javacv-bin\javacpp.jar;D:\Programowanie\javacv\javacv-bin\javacv.jar;D:\Programowanie\javacv\javacv-bin\opencv.jar;C:\Program Files\Java\jdk1.8.0_05\db\lib\derby.jar;C:\Program Files\Java\jdk1.8.0_05\db\lib\derbyclient.jar;C:\Program Files\Java\jdk1.8.0_05\db\lib\derbytools.jar;C:\Program Files\Java\jdk1.8.0_05\db\lib\derbynet.jar;D:\Programowanie\xuggle-xuggler-5.4.jar;D:\Programowanie\slf4j-simple-1.7.10.jar;D:\Programowanie\slf4j-api-1.7.10.jar;C:\Users\Piotr\Documents\NetBeansProjects\Wideokomunikator\build\classes
Launcher Type: SUN_STANDARD

Environment Variables:
JAVA_HOME=C:\Program Files\Java\jdk1.8.0_05
CLASSPATH=.;C:\PROGRA~2\JMF2.1.1e\lib\sound.jar;C:\PROGRA~2\JMF2.1.1e\lib\jmf.jar;C:\PROGRA~2\JMF2.1.1e\lib;.;.;.;c:\PROGRA~2\java\JMF21~1.1E\lib\sound.jar;c:\PROGRA~2\java\JMF21~1.1E\lib\jmf.jar;c:\PROGRA~2\java\JMF21~1.1E\lib;
PATH=C:\Program Files (x86)\NVIDIA Corporation\PhysX\Common;C:\ProgramData\Oracle\Java\javapath;C:\Python34\;C:\Python34\Scripts;C:\Program Files (x86)\Intel\iCLS Client\;C:\Program Files\Intel\iCLS Client\;C:\Windows\system32;C:\Windows;C:\Windows\System32\Wbem;C:\Windows\System32\WindowsPowerShell\v1.0\;C:\Program Files\Intel\Intel(R) Management Engine Components\DAL;C:\Program Files\Intel\Intel(R) Management Engine Components\IPT;C:\Program Files (x86)\Intel\Intel(R) Management Engine Components\DAL;C:\Program Files (x86)\Intel\Intel(R) Management Engine Components\IPT;C:\Program Files\nodejs\;C:\Windows\Microsoft.NET\Framework\v4.0.30319;C:\Program Files\Microsoft SQL Server\110\Tools\Binn\;C:\Program Files\Java\jdk1.8.0_05\bin;C:\Program Files (x86)\QuickTime\QTSystem\;C:\Program Files\apache-ant-1.9.4\bin;1UGGLE_HOME\bin;c:\PROGRA~2\java\JMF21~1.1E\lib;C:\Users\Piotr\AppData\Roaming\npm;C:\Program Files (x86)\Bitvise SSH Client;C:\Program Files\Java\jdk1.8.0_05\bin
USERNAME=Piotr
OS=Windows_NT
PROCESSOR_IDENTIFIER=Intel64 Family 6 Model 60 Stepping 3, GenuineIntel



---------------  S Y S T E M  ---------------

OS: Windows 8.1 , 64 bit Build 9600 

CPU:total 8 (4 cores per cpu, 2 threads per core) family 6 model 60 stepping 3, cmov, cx8, fxsr, mmx, sse, sse2, sse3, ssse3, sse4.1, sse4.2, popcnt, avx, avx2, aes, clmul, erms, ht, tsc, tscinvbit

Memory: 4k page, physical 15910992k(11027288k free), swap 36390992k(30272772k free)

vm_info: Java HotSpot(TM) 64-Bit Server VM (25.0-b70) for windows-amd64 JRE (1.8.0-b132), built on Mar  4 2014 03:46:18 by "java_re" with MS VC++ 10.0 (VS2010)

time: Mon Feb 09 12:13:13 2015
elapsed time: 3 seconds

