#
# A fatal error has been detected by the Java Runtime Environment:
#
#  EXCEPTION_ACCESS_VIOLATION (0xc0000005) at pc=0x0b9e119a, pid=4416, tid=2804
#
# JRE version: Java(TM) SE Runtime Environment (8.0_31-b13) (build 1.8.0_31-b13)
# Java VM: Java HotSpot(TM) Client VM (25.31-b07 mixed mode windows-x86 )
# Problematic frame:
# C  [xuggle28690891628678279.dll+0x30119a]
#
# Failed to write core dump. Minidumps are not enabled by default on client versions of Windows
#
# If you would like to submit a bug report, please visit:
#   http://bugreport.java.com/bugreport/crash.jsp
# The crash happened outside the Java Virtual Machine in native code.
# See problematic frame for where to report the bug.
#

---------------  T H R E A D  ---------------

Current thread (0x06143c00):  JavaThread "Thread-40" [_thread_in_native, id=2804, stack(0x207d0000,0x20820000)]

siginfo: ExceptionCode=0xc0000005, reading address 0xc4f08cd6

Registers:
EAX=0x00000000, EBX=0x2081edb8, ECX=0x00000000, EDX=0xc4f08cd6
ESP=0x2081eb30, EBP=0xc4f08cd6, ESI=0x41444f0e, EDI=0x0a600d00
EIP=0x0b9e119a, EFLAGS=0x00010246

Top of Stack: (sp=0x2081eb30)
0x2081eb30:   029a03b2 2081f1f0 065bf3e8 2081ed00
0x2081eb40:   2081ebbc 6a6a6b85 065bf3e8 00000000
0x2081eb50:   2081ed38 06143c00 6a6a7451 06143c00
0x2081eb60:   05eba2e0 2081ed38 06143c00 065bf0c8
0x2081eb70:   04b49f88 0f387568 2081f1f0 029abe21
0x2081eb80:   2081f240 2081ed38 06143c00 05eb9fe0
0x2081eb90:   057bf9b0 057bf9c0 057bfaa4 000000ec
0x2081eba0:   0a604360 04b49f88 06143c00 0000000a 

Instructions: (pc=0x0b9e119a)
0x0b9e117a:   00 89 84 24 80 00 00 00 89 5c 24 70 8b 9c 24 60
0x0b9e118a:   02 00 00 8b 4b 08 8b 13 89 c8 83 e1 07 c1 e8 03
0x0b9e119a:   8b 04 02 0f c8 d3 e0 c1 e8 f4 3d ff 0f 00 00 0f
0x0b9e11aa:   84 bf 12 00 00 8b 5c 24 70 c7 84 24 90 00 00 00 


Register to memory mapping:

EAX=0x00000000 is an unknown value
EBX=0x2081edb8 is pointing into the stack for thread: 0x06143c00
ECX=0x00000000 is an unknown value
EDX=0xc4f08cd6 is an unknown value
ESP=0x2081eb30 is pointing into the stack for thread: 0x06143c00
EBP=0xc4f08cd6 is an unknown value
ESI=0x41444f0e is an unknown value
EDI=0x0a600d00 is an unknown value


Stack: [0x207d0000,0x20820000],  sp=0x2081eb30,  free space=314k
Native frames: (J=compiled Java code, j=interpreted, Vv=VM code, C=native code)
C  [xuggle28690891628678279.dll+0x30119a]

Java frames: (J=compiled Java code, j=interpreted, Vv=VM code)
j  com.xuggle.xuggler.XugglerJNI.IStreamCoder_decodeAudio(JLcom/xuggle/xuggler/IStreamCoder;JLcom/xuggle/xuggler/IAudioSamples;JLcom/xuggle/xuggler/IPacket;I)I+0
j  com.xuggle.xuggler.IStreamCoder.decodeAudio(Lcom/xuggle/xuggler/IAudioSamples;Lcom/xuggle/xuggler/IPacket;I)I+16
j  wideokomunikator.audiovideo.AudioVideo.decodeAudio(Lwideokomunikator/audiovideo/Packet;I)V+79
j  wideokomunikator.audiovideo.AudioVideo.access$2400(Lwideokomunikator/audiovideo/AudioVideo;Lwideokomunikator/audiovideo/Packet;I)V+3
j  wideokomunikator.audiovideo.AudioVideo$8.run()V+139
j  java.lang.Thread.run()V+11
v  ~StubRoutines::call_stub

---------------  P R O C E S S  ---------------

Java Threads: ( => current thread )
  0x0613fc00 JavaThread "Thread-43" [_thread_blocked, id=7388, stack(0x21260000,0x212b0000)]
=>0x06143c00 JavaThread "Thread-40" [_thread_in_native, id=2804, stack(0x207d0000,0x20820000)]
  0x06145c00 JavaThread "Thread-39" [_thread_blocked, id=4988, stack(0x20740000,0x20790000)]
  0x06140400 JavaThread "Thread-38" [_thread_blocked, id=8104, stack(0x20860000,0x208b0000)]
  0x06142400 JavaThread "Thread-27" [_thread_in_native, id=3392, stack(0x206b0000,0x20700000)]
  0x06141000 JavaThread "Thread-31" [_thread_blocked, id=4956, stack(0x20620000,0x20670000)]
  0x06143400 JavaThread "Thread-26" [_thread_blocked, id=8064, stack(0x20590000,0x205e0000)]
  0x06143000 JavaThread "Thread-30" [_thread_blocked, id=6260, stack(0x20500000,0x20550000)]
  0x06141c00 JavaThread "Thread-29" [_thread_in_native, id=5184, stack(0x20470000,0x204c0000)]
  0x0613f800 JavaThread "Thread-28" [_thread_in_native, id=4228, stack(0x203e0000,0x20430000)]
  0x06140800 JavaThread "Java Sound Event Dispatcher" daemon [_thread_blocked, id=4688, stack(0x0ced0000,0x0cf20000)]
  0x06141400 JavaThread "Thread-23" [_thread_in_native, id=3760, stack(0x0b690000,0x0b6e0000)]
  0x060afc00 JavaThread "Thread-22" [_thread_in_native, id=7960, stack(0x0a790000,0x0a7e0000)]
  0x060b0000 JavaThread "Thread-19" [_thread_in_native, id=6444, stack(0x0a7e0000,0x0a830000)]
  0x060ae800 JavaThread "D3D Screen Updater" daemon [_thread_blocked, id=400, stack(0x0a720000,0x0a770000)]
  0x060af000 JavaThread "DestroyJavaVM" [_thread_blocked, id=4692, stack(0x00c50000,0x00ca0000)]
  0x060ae400 JavaThread "Thread-10" [_thread_in_native, id=3240, stack(0x097d0000,0x09820000)]
  0x060adc00 JavaThread "Thread-9" [_thread_blocked, id=1452, stack(0x09a10000,0x09a60000)]
  0x060ad400 JavaThread "Thread-8" [_thread_blocked, id=6448, stack(0x09980000,0x099d0000)]
  0x060ad000 JavaThread "Thread-7" [_thread_in_native, id=3664, stack(0x098f0000,0x09940000)]
  0x05f1ac00 JavaThread "TimerQueue" daemon [_thread_blocked, id=3552, stack(0x096c0000,0x09710000)]
  0x06000000 JavaThread "AWT-EventQueue-0" [_thread_blocked, id=1064, stack(0x09630000,0x09680000)]
  0x05f1a000 JavaThread "AWT-Windows" daemon [_thread_in_native, id=6140, stack(0x07630000,0x07680000)]
  0x061e1400 JavaThread "AWT-Shutdown" [_thread_blocked, id=2092, stack(0x075a0000,0x075f0000)]
  0x061e0c00 JavaThread "Java2D Disposer" daemon [_thread_blocked, id=4304, stack(0x07510000,0x07560000)]
  0x05fc8800 JavaThread "Thread-0" [_thread_in_native, id=4260, stack(0x06e90000,0x06ee0000)]
  0x058d8800 JavaThread "derby.rawStoreDaemon" daemon [_thread_blocked, id=7964, stack(0x06b00000,0x06b50000)]
  0x05e96000 JavaThread "DRDAConnThread_2" daemon [_thread_in_native, id=5180, stack(0x06a70000,0x06ac0000)]
  0x05930800 JavaThread "NetworkServerThread_1" daemon [_thread_in_native, id=3504, stack(0x068e0000,0x06930000)]
  0x05938c00 JavaThread "derby.NetworkServerStarter" daemon [_thread_blocked, id=2760, stack(0x06850000,0x068a0000)]
  0x05886c00 JavaThread "Timer-0" daemon [_thread_blocked, id=3568, stack(0x05d80000,0x05dd0000)]
  0x04fb7800 JavaThread "Service Thread" daemon [_thread_blocked, id=3668, stack(0x05470000,0x054c0000)]
  0x04f9a800 JavaThread "C1 CompilerThread0" daemon [_thread_blocked, id=5476, stack(0x053e0000,0x05430000)]
  0x04f99800 JavaThread "Attach Listener" daemon [_thread_blocked, id=2032, stack(0x05350000,0x053a0000)]
  0x04f97800 JavaThread "Signal Dispatcher" daemon [_thread_blocked, id=3992, stack(0x052c0000,0x05310000)]
  0x04f66800 JavaThread "Finalizer" daemon [_thread_blocked, id=3068, stack(0x05230000,0x05280000)]
  0x0291e800 JavaThread "Reference Handler" daemon [_thread_blocked, id=6728, stack(0x051a0000,0x051f0000)]

Other Threads:
  0x0291d000 VMThread [stack: 0x04f10000,0x04f60000] [id=6236]
  0x04fbbc00 WatcherThread [stack: 0x05500000,0x05550000] [id=4392]

VM state:not at safepoint (normal execution)

VM Mutex/Monitor currently owned by a thread: None

Heap:
 def new generation   total 12096K, used 3365K [0x0f200000, 0x0ff20000, 0x14750000)
  eden space 10752K,  20% used [0x0f200000, 0x0f41d1a0, 0x0fc80000)
  from space 1344K,  89% used [0x0fc80000, 0x0fdac360, 0x0fdd0000)
  to   space 1344K,   0% used [0x0fdd0000, 0x0fdd0000, 0x0ff20000)
 tenured generation   total 26660K, used 22563K [0x14750000, 0x16159000, 0x1f200000)
   the space 26660K,  84% used [0x14750000, 0x15d58cd0, 0x15d58e00, 0x16159000)
 Metaspace       used 18952K, capacity 19150K, committed 19200K, reserved 19840K

Card table byte_map: [0x04a20000,0x04ab0000] byte_map_base: 0x049a7000

Polling page: 0x00c30000

CodeCache: size=32768Kb used=2145Kb max_used=2145Kb free=30622Kb
 bounds [0x029a0000, 0x02bc0000, 0x049a0000]
 total_blobs=1447 nmethods=1061 adapters=317
 compilation: enabled

Compilation events (10 events):
Event: 15.850 Thread 0x04f9a800 1078             java.util.PriorityQueue::peek (18 bytes)
Event: 15.851 Thread 0x04f9a800 nmethod 1078 0x02bb7d08 code [0x02bb7e00, 0x02bb7ec0]
Event: 15.994 Thread 0x04f9a800 1079             java.awt.Component::getFont (5 bytes)
Event: 15.996 Thread 0x04f9a800 nmethod 1079 0x02bb7f88 code [0x02bb8090, 0x02bb817c]
Event: 16.099 Thread 0x04f9a800 1081             java.awt.Rectangle::reshape (22 bytes)
Event: 16.099 Thread 0x04f9a800 nmethod 1081 0x02bb8548 code [0x02bb8640, 0x02bb86d0]
Event: 16.164 Thread 0x04f9a800 1082             com.xuggle.xuggler.IPixelFormat$Type::swigValue (5 bytes)
Event: 16.164 Thread 0x04f9a800 nmethod 1082 0x02bb8708 code [0x02bb8800, 0x02bb8880]
Event: 16.227 Thread 0x04f9a800 1083             java.util.concurrent.locks.AbstractQueuedSynchronizer$Node::predecessor (19 bytes)
Event: 16.227 Thread 0x04f9a800 nmethod 1083 0x02bb88c8 code [0x02bb89d0, 0x02bb8abc]

GC Heap History (10 events):
Event: 15.376 GC heap before
{Heap before GC invocations=66 (full 13):
 def new generation   total 12096K, used 12005K [0x0f200000, 0x0ff20000, 0x14750000)
  eden space 10752K,  99% used [0x0f200000, 0x0fc6d5b8, 0x0fc80000)
  from space 1344K,  98% used [0x0fdd0000, 0x0ff1c178, 0x0ff20000)
  to   space 1344K,   0% used [0x0fc80000, 0x0fc80000, 0x0fdd0000)
 tenured generation   total 26660K, used 19270K [0x14750000, 0x16159000, 0x1f200000)
   the space 26660K,  72% used [0x14750000, 0x15a21bd0, 0x15a21c00, 0x16159000)
 Metaspace       used 18952K, capacity 19150K, committed 19200K, reserved 19840K
Event: 15.378 GC heap after
Heap after GC invocations=67 (full 13):
 def new generation   total 12096K, used 1329K [0x0f200000, 0x0ff20000, 0x14750000)
  eden space 10752K,   0% used [0x0f200000, 0x0f200000, 0x0fc80000)
  from space 1344K,  98% used [0x0fc80000, 0x0fdcc548, 0x0fdd0000)
  to   space 1344K,   0% used [0x0fdd0000, 0x0fdd0000, 0x0ff20000)
 tenured generation   total 26660K, used 22215K [0x14750000, 0x16159000, 0x1f200000)
   the space 26660K,  83% used [0x14750000, 0x15d01d00, 0x15d01e00, 0x16159000)
 Metaspace       used 18952K, capacity 19150K, committed 19200K, reserved 19840K
}
Event: 15.582 GC heap before
{Heap before GC invocations=67 (full 13):
 def new generation   total 12096K, used 11734K [0x0f200000, 0x0ff20000, 0x14750000)
  eden space 10752K,  96% used [0x0f200000, 0x0fc29570, 0x0fc80000)
  from space 1344K,  98% used [0x0fc80000, 0x0fdcc548, 0x0fdd0000)
  to   space 1344K,   0% used [0x0fdd0000, 0x0fdd0000, 0x0ff20000)
 tenured generation   total 26660K, used 22215K [0x14750000, 0x16159000, 0x1f200000)
   the space 26660K,  83% used [0x14750000, 0x15d01d00, 0x15d01e00, 0x16159000)
 Metaspace       used 18952K, capacity 19150K, committed 19200K, reserved 19840K
Event: 15.584 GC heap after
Heap after GC invocations=68 (full 13):
 def new generation   total 12096K, used 1327K [0x0f200000, 0x0ff20000, 0x14750000)
  eden space 10752K,   0% used [0x0f200000, 0x0f200000, 0x0fc80000)
  from space 1344K,  98% used [0x0fdd0000, 0x0ff1bfc8, 0x0ff20000)
  to   space 1344K,   0% used [0x0fc80000, 0x0fc80000, 0x0fdd0000)
 tenured generation   total 26660K, used 24971K [0x14750000, 0x16159000, 0x1f200000)
   the space 26660K,  93% used [0x14750000, 0x15fb2f60, 0x15fb3000, 0x16159000)
 Metaspace       used 18952K, capacity 19150K, committed 19200K, reserved 19840K
}
Event: 15.776 GC heap before
{Heap before GC invocations=68 (full 13):
 def new generation   total 12096K, used 12003K [0x0f200000, 0x0ff20000, 0x14750000)
  eden space 10752K,  99% used [0x0f200000, 0x0fc6cd28, 0x0fc80000)
  from space 1344K,  98% used [0x0fdd0000, 0x0ff1bfc8, 0x0ff20000)
  to   space 1344K,   0% used [0x0fc80000, 0x0fc80000, 0x0fdd0000)
 tenured generation   total 26660K, used 24971K [0x14750000, 0x16159000, 0x1f200000)
   the space 26660K,  93% used [0x14750000, 0x15fb2f60, 0x15fb3000, 0x16159000)
 Metaspace       used 18952K, capacity 19150K, committed 19200K, reserved 19840K
Event: 15.799 GC heap after
Heap after GC invocations=69 (full 14):
 def new generation   total 12096K, used 0K [0x0f200000, 0x0ff20000, 0x14750000)
  eden space 10752K,   0% used [0x0f200000, 0x0f200000, 0x0fc80000)
  from space 1344K,   0% used [0x0fc80000, 0x0fc80000, 0x0fdd0000)
  to   space 1344K,   0% used [0x0fdd0000, 0x0fdd0000, 0x0ff20000)
 tenured generation   total 26660K, used 15491K [0x14750000, 0x16159000, 0x1f200000)
   the space 26660K,  58% used [0x14750000, 0x15670e80, 0x15671000, 0x16159000)
 Metaspace       used 18952K, capacity 19150K, committed 19200K, reserved 19840K
}
Event: 15.994 GC heap before
{Heap before GC invocations=69 (full 14):
 def new generation   total 12096K, used 10674K [0x0f200000, 0x0ff20000, 0x14750000)
  eden space 10752K,  99% used [0x0f200000, 0x0fc6cbb8, 0x0fc80000)
  from space 1344K,   0% used [0x0fc80000, 0x0fc80000, 0x0fdd0000)
  to   space 1344K,   0% used [0x0fdd0000, 0x0fdd0000, 0x0ff20000)
 tenured generation   total 26660K, used 15491K [0x14750000, 0x16159000, 0x1f200000)
   the space 26660K,  58% used [0x14750000, 0x15670e80, 0x15671000, 0x16159000)
 Metaspace       used 18952K, capacity 19150K, committed 19200K, reserved 19840K
Event: 15.996 GC heap after
Heap after GC invocations=70 (full 14):
 def new generation   total 12096K, used 1330K [0x0f200000, 0x0ff20000, 0x14750000)
  eden space 10752K,   0% used [0x0f200000, 0x0f200000, 0x0fc80000)
  from space 1344K,  98% used [0x0fdd0000, 0x0ff1c840, 0x0ff20000)
  to   space 1344K,   0% used [0x0fc80000, 0x0fc80000, 0x0fdd0000)
 tenured generation   total 26660K, used 19930K [0x14750000, 0x16159000, 0x1f200000)
   the space 26660K,  74% used [0x14750000, 0x15ac6968, 0x15ac6a00, 0x16159000)
 Metaspace       used 18952K, capacity 19150K, committed 19200K, reserved 19840K
}
Event: 16.179 GC heap before
{Heap before GC invocations=70 (full 14):
 def new generation   total 12096K, used 11457K [0x0f200000, 0x0ff20000, 0x14750000)
  eden space 10752K,  94% used [0x0f200000, 0x0fbe3ca8, 0x0fc80000)
  from space 1344K,  98% used [0x0fdd0000, 0x0ff1c840, 0x0ff20000)
  to   space 1344K,   0% used [0x0fc80000, 0x0fc80000, 0x0fdd0000)
 tenured generation   total 26660K, used 19930K [0x14750000, 0x16159000, 0x1f200000)
   the space 26660K,  74% used [0x14750000, 0x15ac6968, 0x15ac6a00, 0x16159000)
 Metaspace       used 18952K, capacity 19150K, committed 19200K, reserved 19840K
Event: 16.181 GC heap after
Heap after GC invocations=71 (full 14):
 def new generation   total 12096K, used 1200K [0x0f200000, 0x0ff20000, 0x14750000)
  eden space 10752K,   0% used [0x0f200000, 0x0f200000, 0x0fc80000)
  from space 1344K,  89% used [0x0fc80000, 0x0fdac360, 0x0fdd0000)
  to   space 1344K,   0% used [0x0fdd0000, 0x0fdd0000, 0x0ff20000)
 tenured generation   total 26660K, used 22563K [0x14750000, 0x16159000, 0x1f200000)
   the space 26660K,  84% used [0x14750000, 0x15d58cd0, 0x15d58e00, 0x16159000)
 Metaspace       used 18952K, capacity 19150K, committed 19200K, reserved 19840K
}

Deoptimization events (0 events):
No events

Internal exceptions (10 events):
Event: 7.369 Thread 0x06142400 Exception <a 'java/security/PrivilegedActionException'> (0x0f6af218) thrown at [C:\re\workspace\8-2-build-windows-i586-cygwin\jdk8u31\2394\hotspot\src\share\vm\prims\jvm.cpp, line 1312]
Event: 7.370 Thread 0x06142400 Exception <a 'java/security/PrivilegedActionException'> (0x0f870698) thrown at [C:\re\workspace\8-2-build-windows-i586-cygwin\jdk8u31\2394\hotspot\src\share\vm\prims\jvm.cpp, line 1312]
Event: 7.370 Thread 0x06142400 Exception <a 'java/security/PrivilegedActionException'> (0x0f8788e8) thrown at [C:\re\workspace\8-2-build-windows-i586-cygwin\jdk8u31\2394\hotspot\src\share\vm\prims\jvm.cpp, line 1312]
Event: 7.371 Thread 0x06142400 Exception <a 'java/security/PrivilegedActionException'> (0x0f8811e0) thrown at [C:\re\workspace\8-2-build-windows-i586-cygwin\jdk8u31\2394\hotspot\src\share\vm\prims\jvm.cpp, line 1312]
Event: 7.371 Thread 0x06142400 Exception <a 'java/security/PrivilegedActionException'> (0x0f88c4d8) thrown at [C:\re\workspace\8-2-build-windows-i586-cygwin\jdk8u31\2394\hotspot\src\share\vm\prims\jvm.cpp, line 1312]
Event: 7.372 Thread 0x06142400 Exception <a 'java/security/PrivilegedActionException'> (0x0f8932c8) thrown at [C:\re\workspace\8-2-build-windows-i586-cygwin\jdk8u31\2394\hotspot\src\share\vm\prims\jvm.cpp, line 1312]
Event: 7.372 Thread 0x06142400 Exception <a 'java/security/PrivilegedActionException'> (0x0f89b680) thrown at [C:\re\workspace\8-2-build-windows-i586-cygwin\jdk8u31\2394\hotspot\src\share\vm\prims\jvm.cpp, line 1312]
Event: 7.372 Thread 0x06142400 Exception <a 'java/security/PrivilegedActionException'> (0x0f8a32c0) thrown at [C:\re\workspace\8-2-build-windows-i586-cygwin\jdk8u31\2394\hotspot\src\share\vm\prims\jvm.cpp, line 1312]
Event: 7.373 Thread 0x06142400 Exception <a 'java/security/PrivilegedActionException'> (0x0f8b1368) thrown at [C:\re\workspace\8-2-build-windows-i586-cygwin\jdk8u31\2394\hotspot\src\share\vm\prims\jvm.cpp, line 1312]
Event: 7.384 Thread 0x06142800 Exception <a 'java/security/PrivilegedActionException'> (0x0fa4b0c0) thrown at [C:\re\workspace\8-2-build-windows-i586-cygwin\jdk8u31\2394\hotspot\src\share\vm\prims\jvm.cpp, line 1312]

Events (10 events):
Event: 16.179 Executing VM operation: GenCollectForAllocation
Event: 16.181 Executing VM operation: GenCollectForAllocation done
Event: 16.217 Thread 0x06144800 Thread added: 0x06144800
Event: 16.217 Thread 0x06144000 Thread added: 0x06144000
Event: 16.218 Thread 0x06144800 Thread exited: 0x06144800
Event: 16.218 Thread 0x06142800 Thread added: 0x06142800
Event: 16.218 Thread 0x06144000 Thread exited: 0x06144000
Event: 16.218 Thread 0x06146800 Thread added: 0x06146800
Event: 16.218 Thread 0x06142800 Thread exited: 0x06142800
Event: 16.218 Thread 0x06146800 Thread exited: 0x06146800


Dynamic libraries:
0x00d20000 - 0x00d50000 	C:\Program Files (x86)\Java\jdk1.8.0_31\bin\java.exe
0x77a40000 - 0x77bae000 	C:\Windows\SYSTEM32\ntdll.dll
0x76b20000 - 0x76c60000 	C:\Windows\SYSTEM32\KERNEL32.DLL
0x77450000 - 0x77527000 	C:\Windows\SYSTEM32\KERNELBASE.dll
0x740c0000 - 0x74160000 	C:\Windows\system32\apphelp.dll
0x6a910000 - 0x6ab75000 	C:\Windows\AppPatch\AcGenral.DLL
0x752f0000 - 0x753b3000 	C:\Windows\SYSTEM32\msvcrt.dll
0x77200000 - 0x77241000 	C:\Windows\SYSTEM32\sechost.dll
0x75240000 - 0x7525e000 	C:\Windows\SYSTEM32\SspiCli.dll
0x771a0000 - 0x771e5000 	C:\Windows\SYSTEM32\SHLWAPI.dll
0x747c0000 - 0x748ad000 	C:\Windows\SYSTEM32\UxTheme.dll
0x77250000 - 0x773a3000 	C:\Windows\SYSTEM32\USER32.dll
0x777c0000 - 0x778ce000 	C:\Windows\SYSTEM32\GDI32.dll
0x6d5a0000 - 0x6d5c3000 	C:\Windows\SYSTEM32\WINMM.dll
0x6cf40000 - 0x6cf53000 	C:\Windows\SYSTEM32\samcli.dll
0x75440000 - 0x75568000 	C:\Windows\SYSTEM32\ole32.dll
0x757c0000 - 0x75855000 	C:\Windows\SYSTEM32\OLEAUT32.dll
0x75060000 - 0x75077000 	C:\Windows\SYSTEM32\MSACM32.dll
0x75190000 - 0x75198000 	C:\Windows\SYSTEM32\VERSION.dll
0x75870000 - 0x76b1c000 	C:\Windows\SYSTEM32\SHELL32.dll
0x74e60000 - 0x74e7b000 	C:\Windows\SYSTEM32\USERENV.dll
0x6d470000 - 0x6d48a000 	C:\Windows\SYSTEM32\dwmapi.dll
0x6d0b0000 - 0x6d1fa000 	C:\Windows\SYSTEM32\urlmon.dll
0x77530000 - 0x775ac000 	C:\Windows\SYSTEM32\ADVAPI32.dll
0x6d740000 - 0x6d7a5000 	C:\Windows\SYSTEM32\WINSPOOL.DRV
0x73fb0000 - 0x73fc6000 	C:\Windows\SYSTEM32\MPR.dll
0x770e0000 - 0x7719a000 	C:\Windows\SYSTEM32\RPCRT4.dll
0x75230000 - 0x7523a000 	C:\Windows\SYSTEM32\CRYPTBASE.dll
0x76c60000 - 0x76ddd000 	C:\Windows\SYSTEM32\combase.dll
0x6d570000 - 0x6d593000 	C:\Windows\SYSTEM32\WINMMBASE.dll
0x74540000 - 0x7454f000 	C:\Windows\SYSTEM32\profapi.dll
0x74300000 - 0x74532000 	C:\Windows\SYSTEM32\iertutil.dll
0x745e0000 - 0x747b5000 	C:\Windows\SYSTEM32\WININET.dll
0x751d0000 - 0x75224000 	C:\Windows\SYSTEM32\bcryptPrimitives.dll
0x778d0000 - 0x7790c000 	C:\Windows\SYSTEM32\cfgmgr32.dll
0x6d540000 - 0x6d561000 	C:\Windows\SYSTEM32\DEVOBJ.dll
0x75100000 - 0x7518b000 	C:\Windows\SYSTEM32\SHCORE.DLL
0x75400000 - 0x75427000 	C:\Windows\system32\IMM32.DLL
0x76f60000 - 0x77073000 	C:\Windows\SYSTEM32\MSCTF.dll
0x751a0000 - 0x751ce000 	C:\Windows\SYSTEM32\nvinit.dll
0x0f000000 - 0x0f006000 	C:\Program Files (x86)\NVIDIA Corporation\CoProcManager\_etoured.dll
0x6bbc0000 - 0x6bbeb000 	C:\Program Files (x86)\NVIDIA Corporation\CoProcManager\nvd3d9wrap.dll
0x77600000 - 0x777b1000 	C:\Windows\SYSTEM32\SETUPAPI.dll
0x6bba0000 - 0x6bbbf000 	C:\Program Files (x86)\NVIDIA Corporation\CoProcManager\nvdxgiwrap.dll
0x74c40000 - 0x74e46000 	C:\Windows\WinSxS\x86_microsoft.windows.common-controls_6595b64144ccf1df_6.0.9600.17415_none_a9ed7f470139b3c1\COMCTL32.dll
0x6c130000 - 0x6c1ad000 	C:\Program Files (x86)\AVG\AVG2015\avghookx.dll
0x6b460000 - 0x6b51f000 	C:\Program Files (x86)\Java\jdk1.8.0_31\jre\bin\msvcr100.dll
0x6a560000 - 0x6a904000 	C:\Program Files (x86)\Java\jdk1.8.0_31\jre\bin\client\jvm.dll
0x740b0000 - 0x740b8000 	C:\Windows\SYSTEM32\WSOCK32.dll
0x771f0000 - 0x771f6000 	C:\Windows\SYSTEM32\PSAPI.DLL
0x775b0000 - 0x77600000 	C:\Windows\SYSTEM32\WS2_32.dll
0x76f50000 - 0x76f57000 	C:\Windows\SYSTEM32\NSI.dll
0x75050000 - 0x7505c000 	C:\Program Files (x86)\Java\jdk1.8.0_31\jre\bin\verify.dll
0x74020000 - 0x74041000 	C:\Program Files (x86)\Java\jdk1.8.0_31\jre\bin\java.dll
0x75030000 - 0x75043000 	C:\Program Files (x86)\Java\jdk1.8.0_31\jre\bin\zip.dll
0x74f70000 - 0x74f85000 	C:\Program Files (x86)\Java\jdk1.8.0_31\jre\bin\net.dll
0x6d2c0000 - 0x6d30b000 	C:\Windows\system32\mswsock.dll
0x6d450000 - 0x6d470000 	C:\Program Files (x86)\Java\jdk1.8.0_31\jre\bin\sunec.dll
0x6f490000 - 0x6f4a9000 	C:\Windows\SYSTEM32\CRYPTSP.dll
0x6f400000 - 0x6f430000 	C:\Windows\system32\rsaenh.dll
0x6f3e0000 - 0x6f3fe000 	C:\Windows\SYSTEM32\bcrypt.dll
0x74f40000 - 0x74f60000 	C:\Windows\SYSTEM32\IPHLPAPI.DLL
0x745d0000 - 0x745d8000 	C:\Windows\SYSTEM32\WINNSI.DLL
0x6b350000 - 0x6b363000 	C:\Windows\SYSTEM32\dhcpcsvc6.DLL
0x6c1e0000 - 0x6c1f4000 	C:\Windows\SYSTEM32\dhcpcsvc.DLL
0x74fd0000 - 0x74fdf000 	C:\Program Files (x86)\Java\jdk1.8.0_31\jre\bin\nio.dll
0x6c260000 - 0x6c271000 	C:\Windows\system32\napinsp.dll
0x6c240000 - 0x6c256000 	C:\Windows\system32\pnrpnsp.dll
0x6c220000 - 0x6c234000 	C:\Windows\system32\NLAapi.dll
0x6c410000 - 0x6c48e000 	C:\Windows\SYSTEM32\DNSAPI.dll
0x6c210000 - 0x6c21a000 	C:\Windows\System32\winrnr.dll
0x6c200000 - 0x6c210000 	C:\Windows\system32\wshbth.dll
0x6c3e0000 - 0x6c401000 	C:\Program Files (x86)\Bonjour\mdnsNSP.dll
0x6c3d0000 - 0x6c3d8000 	C:\Windows\System32\rasadhlp.dll
0x6c380000 - 0x6c3c6000 	C:\Windows\System32\fwpuclnt.dll
0x74010000 - 0x74019000 	C:\Program Files (x86)\Java\jdk1.8.0_31\jre\bin\sunmscapi.dll
0x75570000 - 0x756f8000 	C:\Windows\SYSTEM32\CRYPT32.dll
0x75430000 - 0x7543e000 	C:\Windows\SYSTEM32\MSASN1.dll
0x6d440000 - 0x6d44a000 	C:\Program Files (x86)\Java\jdk1.8.0_31\jre\bin\management.dll
0x6b1f0000 - 0x6b336000 	C:\Program Files (x86)\Java\jdk1.8.0_31\jre\bin\awt.dll
0x74160000 - 0x74169000 	C:\Windows\SYSTEM32\kernel.appcore.dll
0x5ead0000 - 0x5eca3000 	C:\Windows\system32\d3d9.dll
0x68160000 - 0x6823e000 	C:\Windows\SYSTEM32\nvumdshim.dll
0x63500000 - 0x64bde000 	C:\Windows\system32\igdumdim32.dll
0x66b80000 - 0x673f8000 	C:\Windows\SYSTEM32\igdusc32.dll
0x6b420000 - 0x6b459000 	C:\Program Files (x86)\Java\jdk1.8.0_31\jre\bin\fontmanager.dll
0x6b3f0000 - 0x6b420000 	C:\Program Files (x86)\Java\jdk1.8.0_31\jre\bin\t2k.dll
0x75260000 - 0x752ed000 	C:\Windows\SYSTEM32\clbcatq.dll
0x5ecb0000 - 0x5ee1b000 	C:\Windows\SYSTEM32\WindowsCodecs.dll
0x0b6e0000 - 0x0ccaf000 	C:\Users\Piotr\AppData\Local\Temp\xuggle\xuggle28690891628678279.dll
0x6b3d0000 - 0x6b3e4000 	C:\Windows\SYSTEM32\AVICAP32.DLL
0x6b3a0000 - 0x6b3c3000 	C:\Windows\SYSTEM32\MSVFW32.dll
0x6b390000 - 0x6b39a000 	C:\Program Files (x86)\Java\jdk1.8.0_31\jre\bin\jsound.dll
0x6b380000 - 0x6b389000 	C:\Program Files (x86)\Java\jdk1.8.0_31\jre\bin\jsoundds.dll
0x6b160000 - 0x6b1e1000 	C:\Windows\SYSTEM32\DSOUND.dll
0x6bf80000 - 0x6bfc0000 	C:\Windows\SYSTEM32\POWRPROF.dll
0x74050000 - 0x740a3000 	C:\Windows\SYSTEM32\MMDevAPI.DLL
0x6b120000 - 0x6b156000 	C:\Windows\SYSTEM32\wdmaud.drv
0x586e0000 - 0x586e7000 	C:\Windows\SYSTEM32\ksuser.dll
0x73fe0000 - 0x73fea000 	C:\Windows\SYSTEM32\AVRT.dll
0x62e90000 - 0x62ef0000 	C:\Windows\SYSTEM32\AUDIOSES.DLL
0x6b370000 - 0x6b379000 	C:\Windows\SYSTEM32\msacm32.drv
0x6b110000 - 0x6b118000 	C:\Windows\SYSTEM32\midimap.dll
0x6a4a0000 - 0x6a55e000 	C:\Users\Piotr\AppData\Local\Temp\javacpp12132041987977\msvcr100.dll
0x6a430000 - 0x6a499000 	C:\Users\Piotr\AppData\Local\Temp\javacpp12132041987977\msvcp100.dll
0x6a220000 - 0x6a426000 	C:\Users\Piotr\AppData\Local\Temp\javacpp12132041987977\opencv_core249.dll
0x6a0d0000 - 0x6a218000 	C:\Users\Piotr\AppData\Local\Temp\javacpp12132041987977\jniopencv_core.dll
0x69e60000 - 0x6a0cd000 	C:\Users\Piotr\AppData\Local\Temp\javacpp12132041987977\opencv_imgproc249.dll
0x69de0000 - 0x69e60000 	C:\Users\Piotr\AppData\Local\Temp\javacpp12132041987977\jniopencv_imgproc.dll
0x70fc0000 - 0x71ef6000 	C:\Users\Piotr\AppData\Local\Temp\javacpp12132041987977\opencv_ffmpeg249.dll
0x69bd0000 - 0x69dd7000 	C:\Users\Piotr\AppData\Local\Temp\javacpp12132041987977\opencv_highgui249.dll
0x69bb0000 - 0x69bca000 	C:\Windows\SYSTEM32\AVIFIL32.dll
0x69b70000 - 0x69bac000 	C:\Users\Piotr\AppData\Local\Temp\javacpp12132041987977\jniopencv_highgui.dll
0x58740000 - 0x58754000 	C:\Windows\SYSTEM32\devenum.dll
0x742c0000 - 0x742e8000 	C:\Windows\SYSTEM32\ntmarta.dll
0x753c0000 - 0x753fd000 	C:\Windows\SYSTEM32\WINTRUST.dll
0x58730000 - 0x5873b000 	C:\Windows\SYSTEM32\msdmo.dll
0x69b30000 - 0x69b61000 	C:\Windows\SYSTEM32\qcap.dll
0x69990000 - 0x69b2f000 	C:\Windows\SYSTEM32\quartz.dll
0x586f0000 - 0x58730000 	C:\Windows\SYSTEM32\ksproxy.ax
0x586d0000 - 0x586dc000 	C:\Windows\SYSTEM32\vidcap.ax
0x586b0000 - 0x586cf000 	C:\Windows\SYSTEM32\kswdmcap.ax
0x585a0000 - 0x586a4000 	C:\Windows\SYSTEM32\MFC42.dll
0x584f0000 - 0x58599000 	C:\Windows\SYSTEM32\ODBC32.dll
0x69900000 - 0x6998e000 	C:\Windows\SYSTEM32\qedit.dll
0x773b0000 - 0x7744b000 	C:\Windows\SYSTEM32\COMDLG32.dll
0x6d5d0000 - 0x6d740000 	C:\Windows\WinSxS\x86_microsoft.windows.gdiplus_6595b64144ccf1df_1.1.9600.17415_none_dad8722c5bcc2d8f\gdiplus.dll
0x64be0000 - 0x64ccc000 	C:\Windows\SYSTEM32\DDRAW.dll

VM Arguments:
jvm_args: -Dfile.encoding=UTF-8 
java_command: wideokomunikator.main
java_class_path (initial): D:\Programowanie\javacv\javacv-bin\ffmpeg.jar;D:\Programowanie\javacv\javacv-bin\javacpp.jar;D:\Programowanie\javacv\javacv-bin\javacv.jar;D:\Programowanie\javacv\javacv-bin\opencv.jar;C:\Program Files\Java\jdk1.8.0_05\db\lib\derby.jar;C:\Program Files\Java\jdk1.8.0_05\db\lib\derbyclient.jar;C:\Program Files\Java\jdk1.8.0_05\db\lib\derbytools.jar;C:\Program Files\Java\jdk1.8.0_05\db\lib\derbynet.jar;D:\Programowanie\xuggle-xuggler-5.4.jar;D:\Programowanie\slf4j-simple-1.7.10.jar;D:\Programowanie\slf4j-api-1.7.10.jar;D:\Programowanie\javacv\javacv-bin\opencv-linux-x86.jar;D:\Programowanie\javacv\javacv-bin\opencv-linux-x86_64.jar;D:\Programowanie\javacv\javacv-bin\opencv-macosx-x86_64.jar;D:\Programowanie\javacv\javacv-bin\opencv-windows-x86.jar;D:\Programowanie\javacv\javacv-bin\opencv-windows-x86_64.jar;C:\Users\Piotr\Documents\NetBeansProjects\Wideokomunikator\build\classes
Launcher Type: SUN_STANDARD

Environment Variables:
JAVA_HOME=C:\Program Files\Java\jdk1.8.0_05
CLASSPATH=.;C:\PROGRA~2\JMF2.1.1e\lib\sound.jar;C:\PROGRA~2\JMF2.1.1e\lib\jmf.jar;C:\PROGRA~2\JMF2.1.1e\lib;.;.;.;c:\PROGRA~2\java\JMF21~1.1E\lib\sound.jar;c:\PROGRA~2\java\JMF21~1.1E\lib\jmf.jar;c:\PROGRA~2\java\JMF21~1.1E\lib;
PATH=C:\Program Files (x86)\NVIDIA Corporation\PhysX\Common;C:\ProgramData\Oracle\Java\javapath;C:\Python34\;C:\Python34\Scripts;C:\Program Files (x86)\Intel\iCLS Client\;C:\Program Files\Intel\iCLS Client\;C:\Windows\system32;C:\Windows;C:\Windows\System32\Wbem;C:\Windows\System32\WindowsPowerShell\v1.0\;C:\Program Files\Intel\Intel(R) Management Engine Components\DAL;C:\Program Files\Intel\Intel(R) Management Engine Components\IPT;C:\Program Files (x86)\Intel\Intel(R) Management Engine Components\DAL;C:\Program Files (x86)\Intel\Intel(R) Management Engine Components\IPT;C:\Program Files\nodejs\;C:\Windows\Microsoft.NET\Framework\v4.0.30319;C:\Program Files\Microsoft SQL Server\110\Tools\Binn\;C:\Program Files\Java\jdk1.8.0_05\bin;C:\Program Files\apache-ant-1.9.4\bin;C:\Program Files (x86)\QuickTime\QTSystem\;c:\PROGRA~2\java\JMF21~1.1E\lib;C:\Users\Piotr\AppData\Roaming\npm;C:\Program Files (x86)\Bitvise SSH Client;C:\Program Files\Java\jdk1.8.0_05\bin
USERNAME=Piotr
OS=Windows_NT
PROCESSOR_IDENTIFIER=Intel64 Family 6 Model 60 Stepping 3, GenuineIntel



---------------  S Y S T E M  ---------------

OS: Windows 8.1 , 64 bit Build 9600 

CPU:total 8 (4 cores per cpu, 2 threads per core) family 6 model 60 stepping 3, cmov, cx8, fxsr, mmx, sse, sse2, sse3, ssse3, sse4.1, sse4.2, popcnt, avx, avx2, aes, clmul, erms, lzcnt, ht, tsc, tscinvbit, bmi1, bmi2

Memory: 4k page, physical 15910992k(10999088k free), swap 36390992k(30780508k free)

vm_info: Java HotSpot(TM) Client VM (25.31-b07) for windows-x86 JRE (1.8.0_31-b13), built on Dec 17 2014 20:46:12 by "java_re" with MS VC++ 10.0 (VS2010)

time: Fri Mar 06 23:54:48 2015
elapsed time: 16 seconds (0d 0h 0m 16s)

