#
# A fatal error has been detected by the Java Runtime Environment:
#
#  EXCEPTION_ACCESS_VIOLATION (0xc0000005) at pc=0x0be4119a, pid=4452, tid=3204
#
# JRE version: Java(TM) SE Runtime Environment (8.0_31-b13) (build 1.8.0_31-b13)
# Java VM: Java HotSpot(TM) Client VM (25.31-b07 mixed mode windows-x86 )
# Problematic frame:
# C  [xuggle2566335012450080844.dll+0x30119a]
#
# Failed to write core dump. Minidumps are not enabled by default on client versions of Windows
#
# If you would like to submit a bug report, please visit:
#   http://bugreport.java.com/bugreport/crash.jsp
# The crash happened outside the Java Virtual Machine in native code.
# See problematic frame for where to report the bug.
#

---------------  T H R E A D  ---------------

Current thread (0x064ed800):  JavaThread "Thread-40" [_thread_in_native, id=3204, stack(0x21570000,0x215c0000)]

siginfo: ExceptionCode=0xc0000005, reading address 0xc5584896

Registers:
EAX=0x00000000, EBX=0x215bf558, ECX=0x00000000, EDX=0xc5584896
ESP=0x215bf2d0, EBP=0xc5584896, ESI=0x41444ef4, EDI=0x20112c00
EIP=0x0be4119a, EFLAGS=0x00010246

Top of Stack: (sp=0x215bf2d0)
0x215bf2d0:   02e203b2 215bf990 069751f8 215bf400
0x215bf2e0:   215bf35c 58da6b85 069751f8 00000000
0x215bf2f0:   215bf4d8 064ed800 58da7451 064ed800
0x215bf300:   0694b658 215bf4d8 064ed800 06974e38
0x215bf310:   04fa9f88 0fdbfbd0 215bf990 02e2be21
0x215bf320:   215bf9e0 215bf4d8 064ed800 0694b6d8
0x215bf330:   0649bcf8 0649bd08 0649bdec 000000ec
0x215bf340:   0aa93a60 04fa9f88 064ed800 0000000a 

Instructions: (pc=0x0be4119a)
0x0be4117a:   00 89 84 24 80 00 00 00 89 5c 24 70 8b 9c 24 60
0x0be4118a:   02 00 00 8b 4b 08 8b 13 89 c8 83 e1 07 c1 e8 03
0x0be4119a:   8b 04 02 0f c8 d3 e0 c1 e8 f4 3d ff 0f 00 00 0f
0x0be411aa:   84 bf 12 00 00 8b 5c 24 70 c7 84 24 90 00 00 00 


Register to memory mapping:

EAX=0x00000000 is an unknown value
EBX=0x215bf558 is pointing into the stack for thread: 0x064ed800
ECX=0x00000000 is an unknown value
EDX=0xc5584896 is an unknown value
ESP=0x215bf2d0 is pointing into the stack for thread: 0x064ed800
EBP=0xc5584896 is an unknown value
ESI=0x41444ef4 is an unknown value
EDI=0x20112c00 is an unknown value


Stack: [0x21570000,0x215c0000],  sp=0x215bf2d0,  free space=316k
Native frames: (J=compiled Java code, j=interpreted, Vv=VM code, C=native code)
C  [xuggle2566335012450080844.dll+0x30119a]

Java frames: (J=compiled Java code, j=interpreted, Vv=VM code)
j  com.xuggle.xuggler.XugglerJNI.IStreamCoder_decodeAudio(JLcom/xuggle/xuggler/IStreamCoder;JLcom/xuggle/xuggler/IAudioSamples;JLcom/xuggle/xuggler/IPacket;I)I+0
j  com.xuggle.xuggler.IStreamCoder.decodeAudio(Lcom/xuggle/xuggler/IAudioSamples;Lcom/xuggle/xuggler/IPacket;I)I+16
j  wideokomunikator.audiovideo.AudioVideo.decodeAudio(Lwideokomunikator/audiovideo/Packet;I)V+79
j  wideokomunikator.audiovideo.AudioVideo.access$1800(Lwideokomunikator/audiovideo/AudioVideo;Lwideokomunikator/audiovideo/Packet;I)V+3
j  wideokomunikator.audiovideo.AudioVideo$8.run()V+76
j  java.lang.Thread.run()V+11
v  ~StubRoutines::call_stub

---------------  P R O C E S S  ---------------

Java Threads: ( => current thread )
  0x064eb800 JavaThread "Thread-43" [_thread_blocked, id=3400, stack(0x20b30000,0x20b80000)]
  0x064eb000 JavaThread "Thread-42" [_thread_blocked, id=7596, stack(0x0a5e0000,0x0a630000)]
  0x064ed000 JavaThread "Thread-41" [_thread_blocked, id=5884, stack(0x21600000,0x21650000)]
=>0x064ed800 JavaThread "Thread-40" [_thread_in_native, id=3204, stack(0x21570000,0x215c0000)]
  0x064e8400 JavaThread "Thread-39" [_thread_blocked, id=5916, stack(0x214e0000,0x21530000)]
  0x064e7400 JavaThread "Thread-38" [_thread_blocked, id=7592, stack(0x21450000,0x214a0000)]
  0x064e9400 JavaThread "Thread-27" [_thread_in_native, id=1472, stack(0x20aa0000,0x20af0000)]
  0x064eac00 JavaThread "Thread-26" [_thread_blocked, id=1300, stack(0x20a10000,0x20a60000)]
  0x064e8c00 JavaThread "Thread-31" [_thread_blocked, id=7800, stack(0x20980000,0x209d0000)]
  0x064e6c00 JavaThread "Thread-30" [_thread_blocked, id=8940, stack(0x208f0000,0x20940000)]
  0x064ea400 JavaThread "Thread-29" [_thread_in_native, id=992, stack(0x20860000,0x208b0000)]
  0x064e7800 JavaThread "Thread-28" [_thread_in_native, id=7796, stack(0x207d0000,0x20820000)]
  0x064e6800 JavaThread "Java Sound Event Dispatcher" daemon [_thread_blocked, id=1360, stack(0x0d330000,0x0d380000)]
  0x064e6000 JavaThread "Thread-23" [_thread_in_native, id=5888, stack(0x0baf0000,0x0bb40000)]
  0x06612c00 JavaThread "Thread-22" [_thread_in_native, id=6940, stack(0x0b670000,0x0b6c0000)]
  0x0660f800 JavaThread "Thread-19" [_thread_in_native, id=3288, stack(0x0ba10000,0x0ba60000)]
  0x06611800 JavaThread "D3D Screen Updater" daemon [_thread_blocked, id=1880, stack(0x0abb0000,0x0ac00000)]
  0x06612400 JavaThread "DestroyJavaVM" [_thread_blocked, id=8476, stack(0x02c00000,0x02c50000)]
  0x06610400 JavaThread "Thread-10" [_thread_in_native, id=3152, stack(0x09c30000,0x09c80000)]
  0x06610c00 JavaThread "Thread-9" [_thread_blocked, id=8452, stack(0x09e70000,0x09ec0000)]
  0x06611000 JavaThread "Thread-8" [_thread_blocked, id=8188, stack(0x09de0000,0x09e30000)]
  0x0660f000 JavaThread "Thread-7" [_thread_in_native, id=8236, stack(0x09d50000,0x09da0000)]
  0x05c59400 JavaThread "TimerQueue" daemon [_thread_blocked, id=2404, stack(0x09b20000,0x09b70000)]
  0x06386c00 JavaThread "AWT-EventQueue-0" [_thread_blocked, id=5876, stack(0x09a90000,0x09ae0000)]
  0x065e1000 JavaThread "AWT-Windows" daemon [_thread_in_native, id=5352, stack(0x07a80000,0x07ad0000)]
  0x065e0c00 JavaThread "AWT-Shutdown" [_thread_blocked, id=1220, stack(0x079f0000,0x07a40000)]
  0x065e0400 JavaThread "Java2D Disposer" daemon [_thread_blocked, id=6096, stack(0x07960000,0x079b0000)]
  0x0627a400 JavaThread "Thread-0" [_thread_in_native, id=8992, stack(0x072e0000,0x07330000)]
  0x0627c800 JavaThread "derby.rawStoreDaemon" daemon [_thread_blocked, id=4604, stack(0x06f50000,0x06fa0000)]
  0x06241000 JavaThread "DRDAConnThread_2" daemon [_thread_in_native, id=1488, stack(0x06ec0000,0x06f10000)]
  0x05d6e400 JavaThread "NetworkServerThread_1" daemon [_thread_in_native, id=3344, stack(0x06d30000,0x06d80000)]
  0x05da7800 JavaThread "derby.NetworkServerStarter" daemon [_thread_blocked, id=1056, stack(0x06ca0000,0x06cf0000)]
  0x05cfdc00 JavaThread "Timer-0" daemon [_thread_blocked, id=7844, stack(0x06b10000,0x06b60000)]
  0x0540f800 JavaThread "Service Thread" daemon [_thread_blocked, id=9176, stack(0x058d0000,0x05920000)]
  0x053fa800 JavaThread "C1 CompilerThread0" daemon [_thread_blocked, id=3036, stack(0x05840000,0x05890000)]
  0x053f9800 JavaThread "Attach Listener" daemon [_thread_blocked, id=7756, stack(0x057b0000,0x05800000)]
  0x053f7800 JavaThread "Signal Dispatcher" daemon [_thread_blocked, id=2420, stack(0x05720000,0x05770000)]
  0x053c6800 JavaThread "Finalizer" daemon [_thread_blocked, id=1916, stack(0x05690000,0x056e0000)]
  0x02e1e800 JavaThread "Reference Handler" daemon [_thread_blocked, id=3268, stack(0x05600000,0x05650000)]

Other Threads:
  0x02e1d000 VMThread [stack: 0x05370000,0x053c0000] [id=9088]
  0x05413800 WatcherThread [stack: 0x05960000,0x059b0000] [id=6568]

VM state:not at safepoint (normal execution)

VM Mutex/Monitor currently owned by a thread: None

Heap:
 def new generation   total 45888K, used 17277K [0x0f200000, 0x123c0000, 0x14750000)
  eden space 40832K,  29% used [0x0f200000, 0x0fdf3238, 0x119e0000)
  from space 5056K,  99% used [0x11ed0000, 0x123bc590, 0x123c0000)
  to   space 5056K,   0% used [0x119e0000, 0x119e0000, 0x11ed0000)
 tenured generation   total 156640K, used 131207K [0x14750000, 0x1e048000, 0x1f200000)
   the space 156640K,  83% used [0x14750000, 0x1c771c70, 0x1c771e00, 0x1e048000)
 Metaspace       used 18995K, capacity 19190K, committed 19328K, reserved 19840K

Card table byte_map: [0x04e20000,0x04eb0000] byte_map_base: 0x04da7000

Polling page: 0x00f40000

CodeCache: size=32768Kb used=2100Kb max_used=2100Kb free=30667Kb
 bounds [0x02e20000, 0x03030000, 0x04e20000]
 total_blobs=1361 nmethods=973 adapters=319
 compilation: enabled

Compilation events (10 events):
Event: 14.209 Thread 0x053fa800  990             java.nio.Buffer::<init> (121 bytes)
Event: 14.209 Thread 0x053fa800 nmethod 990 0x0302ac88 code [0x0302ae40, 0x0302b35c]
Event: 14.274 Thread 0x053fa800  991   !         javax.swing.RepaintManager::addDirtyRegion0 (205 bytes)
Event: 14.275 Thread 0x053fa800 nmethod 991 0x0302b808 code [0x0302b9c0, 0x0302c2a8]
Event: 14.383 Thread 0x053fa800  993             sun.misc.Unsafe::getAndAddInt (27 bytes)
Event: 14.383 Thread 0x053fa800 nmethod 993 0x0302cb08 code [0x0302cc00, 0x0302ccc0]
Event: 14.455 Thread 0x053fa800  994             java.lang.ThreadLocal$ThreadLocalMap::<init> (148 bytes)
Event: 14.455 Thread 0x053fa800 nmethod 994 0x0302cd48 code [0x0302ce80, 0x0302d1d8]
Event: 14.925 Thread 0x053fa800  995             sun.misc.Unsafe::getAndAddLong (27 bytes)
Event: 14.925 Thread 0x053fa800 nmethod 995 0x0302d5c8 code [0x0302d6c0, 0x0302d7d0]

GC Heap History (10 events):
Event: 5.284 GC heap before
{Heap before GC invocations=42 (full 3):
 def new generation   total 45888K, used 43357K [0x0f200000, 0x123c0000, 0x14750000)
  eden space 40832K, 100% used [0x0f200000, 0x119e0000, 0x119e0000)
  from space 5056K,  49% used [0x119e0000, 0x11c57428, 0x11ed0000)
  to   space 5056K,   0% used [0x11ed0000, 0x11ed0000, 0x123c0000)
 tenured generation   total 156640K, used 115954K [0x14750000, 0x1e048000, 0x1f200000)
   the space 156640K,  74% used [0x14750000, 0x1b88cb10, 0x1b88cc00, 0x1e048000)
 Metaspace       used 15889K, capacity 16065K, committed 16128K, reserved 16768K
Event: 5.285 GC heap after
Heap after GC invocations=43 (full 3):
 def new generation   total 45888K, used 2525K [0x0f200000, 0x123c0000, 0x14750000)
  eden space 40832K,   0% used [0x0f200000, 0x0f200000, 0x119e0000)
  from space 5056K,  49% used [0x11ed0000, 0x12147428, 0x123c0000)
  to   space 5056K,   0% used [0x119e0000, 0x119e0000, 0x11ed0000)
 tenured generation   total 156640K, used 115954K [0x14750000, 0x1e048000, 0x1f200000)
   the space 156640K,  74% used [0x14750000, 0x1b88cb10, 0x1b88cc00, 0x1e048000)
 Metaspace       used 15889K, capacity 16065K, committed 16128K, reserved 16768K
}
Event: 5.498 GC heap before
{Heap before GC invocations=43 (full 3):
 def new generation   total 45888K, used 43357K [0x0f200000, 0x123c0000, 0x14750000)
  eden space 40832K, 100% used [0x0f200000, 0x119e0000, 0x119e0000)
  from space 5056K,  49% used [0x11ed0000, 0x12147428, 0x123c0000)
  to   space 5056K,   0% used [0x119e0000, 0x119e0000, 0x11ed0000)
 tenured generation   total 156640K, used 115954K [0x14750000, 0x1e048000, 0x1f200000)
   the space 156640K,  74% used [0x14750000, 0x1b88cb10, 0x1b88cc00, 0x1e048000)
 Metaspace       used 15889K, capacity 16065K, committed 16128K, reserved 16768K
Event: 5.500 GC heap after
Heap after GC invocations=44 (full 3):
 def new generation   total 45888K, used 2509K [0x0f200000, 0x123c0000, 0x14750000)
  eden space 40832K,   0% used [0x0f200000, 0x0f200000, 0x119e0000)
  from space 5056K,  49% used [0x119e0000, 0x11c536b8, 0x11ed0000)
  to   space 5056K,   0% used [0x11ed0000, 0x11ed0000, 0x123c0000)
 tenured generation   total 156640K, used 115970K [0x14750000, 0x1e048000, 0x1f200000)
   the space 156640K,  74% used [0x14750000, 0x1b890880, 0x1b890a00, 0x1e048000)
 Metaspace       used 15889K, capacity 16065K, committed 16128K, reserved 16768K
}
Event: 11.870 GC heap before
{Heap before GC invocations=44 (full 3):
 def new generation   total 45888K, used 43247K [0x0f200000, 0x123c0000, 0x14750000)
  eden space 40832K,  99% used [0x0f200000, 0x119c87b8, 0x119e0000)
  from space 5056K,  49% used [0x119e0000, 0x11c536b8, 0x11ed0000)
  to   space 5056K,   0% used [0x11ed0000, 0x11ed0000, 0x123c0000)
 tenured generation   total 156640K, used 115970K [0x14750000, 0x1e048000, 0x1f200000)
   the space 156640K,  74% used [0x14750000, 0x1b890880, 0x1b890a00, 0x1e048000)
 Metaspace       used 18988K, capacity 19188K, committed 19200K, reserved 19840K
Event: 11.876 GC heap after
Heap after GC invocations=45 (full 3):
 def new generation   total 45888K, used 5056K [0x0f200000, 0x123c0000, 0x14750000)
  eden space 40832K,   0% used [0x0f200000, 0x0f200000, 0x119e0000)
  from space 5056K, 100% used [0x11ed0000, 0x123c0000, 0x123c0000)
  to   space 5056K,   0% used [0x119e0000, 0x119e0000, 0x11ed0000)
 tenured generation   total 156640K, used 118061K [0x14750000, 0x1e048000, 0x1f200000)
   the space 156640K,  75% used [0x14750000, 0x1ba9b4d0, 0x1ba9b600, 0x1e048000)
 Metaspace       used 18988K, capacity 19188K, committed 19200K, reserved 19840K
}
Event: 13.277 GC heap before
{Heap before GC invocations=45 (full 3):
 def new generation   total 45888K, used 45284K [0x0f200000, 0x123c0000, 0x14750000)
  eden space 40832K,  98% used [0x0f200000, 0x119492e8, 0x119e0000)
  from space 5056K, 100% used [0x11ed0000, 0x123c0000, 0x123c0000)
  to   space 5056K,   0% used [0x119e0000, 0x119e0000, 0x11ed0000)
 tenured generation   total 156640K, used 118061K [0x14750000, 0x1e048000, 0x1f200000)
   the space 156640K,  75% used [0x14750000, 0x1ba9b4d0, 0x1ba9b600, 0x1e048000)
 Metaspace       used 18990K, capacity 19190K, committed 19328K, reserved 19840K
Event: 13.283 GC heap after
Heap after GC invocations=46 (full 3):
 def new generation   total 45888K, used 5047K [0x0f200000, 0x123c0000, 0x14750000)
  eden space 40832K,   0% used [0x0f200000, 0x0f200000, 0x119e0000)
  from space 5056K,  99% used [0x119e0000, 0x11ecde88, 0x11ed0000)
  to   space 5056K,   0% used [0x11ed0000, 0x11ed0000, 0x123c0000)
 tenured generation   total 156640K, used 125022K [0x14750000, 0x1e048000, 0x1f200000)
   the space 156640K,  79% used [0x14750000, 0x1c167b20, 0x1c167c00, 0x1e048000)
 Metaspace       used 18990K, capacity 19190K, committed 19328K, reserved 19840K
}
Event: 14.678 GC heap before
{Heap before GC invocations=46 (full 3):
 def new generation   total 45888K, used 45450K [0x0f200000, 0x123c0000, 0x14750000)
  eden space 40832K,  98% used [0x0f200000, 0x11974a58, 0x119e0000)
  from space 5056K,  99% used [0x119e0000, 0x11ecde88, 0x11ed0000)
  to   space 5056K,   0% used [0x11ed0000, 0x11ed0000, 0x123c0000)
 tenured generation   total 156640K, used 125022K [0x14750000, 0x1e048000, 0x1f200000)
   the space 156640K,  79% used [0x14750000, 0x1c167b20, 0x1c167c00, 0x1e048000)
 Metaspace       used 18995K, capacity 19190K, committed 19328K, reserved 19840K
Event: 14.683 GC heap after
Heap after GC invocations=47 (full 3):
 def new generation   total 45888K, used 5041K [0x0f200000, 0x123c0000, 0x14750000)
  eden space 40832K,   0% used [0x0f200000, 0x0f200000, 0x119e0000)
  from space 5056K,  99% used [0x11ed0000, 0x123bc590, 0x123c0000)
  to   space 5056K,   0% used [0x119e0000, 0x119e0000, 0x11ed0000)
 tenured generation   total 156640K, used 131207K [0x14750000, 0x1e048000, 0x1f200000)
   the space 156640K,  83% used [0x14750000, 0x1c771c70, 0x1c771e00, 0x1e048000)
 Metaspace       used 18995K, capacity 19190K, committed 19328K, reserved 19840K
}

Deoptimization events (0 events):
No events

Internal exceptions (10 events):
Event: 11.703 Thread 0x064e8000 Exception <a 'java/security/PrivilegedActionException'> (0x11394720) thrown at [C:\re\workspace\8-2-build-windows-i586-cygwin\jdk8u31\2394\hotspot\src\share\vm\prims\jvm.cpp, line 1312]
Event: 11.777 Thread 0x064e9400 Exception <a 'java/security/PrivilegedActionException'> (0x111393e0) thrown at [C:\re\workspace\8-2-build-windows-i586-cygwin\jdk8u31\2394\hotspot\src\share\vm\prims\jvm.cpp, line 1312]
Event: 11.778 Thread 0x064e9400 Exception <a 'java/security/PrivilegedActionException'> (0x11144708) thrown at [C:\re\workspace\8-2-build-windows-i586-cygwin\jdk8u31\2394\hotspot\src\share\vm\prims\jvm.cpp, line 1312]
Event: 11.778 Thread 0x064e9400 Exception <a 'java/security/PrivilegedActionException'> (0x1114c940) thrown at [C:\re\workspace\8-2-build-windows-i586-cygwin\jdk8u31\2394\hotspot\src\share\vm\prims\jvm.cpp, line 1312]
Event: 11.778 Thread 0x064e9400 Exception <a 'java/security/PrivilegedActionException'> (0x111568e0) thrown at [C:\re\workspace\8-2-build-windows-i586-cygwin\jdk8u31\2394\hotspot\src\share\vm\prims\jvm.cpp, line 1312]
Event: 11.778 Thread 0x064e9400 Exception <a 'java/security/PrivilegedActionException'> (0x11160488) thrown at [C:\re\workspace\8-2-build-windows-i586-cygwin\jdk8u31\2394\hotspot\src\share\vm\prims\jvm.cpp, line 1312]
Event: 11.779 Thread 0x064e9400 Exception <a 'java/security/PrivilegedActionException'> (0x11167228) thrown at [C:\re\workspace\8-2-build-windows-i586-cygwin\jdk8u31\2394\hotspot\src\share\vm\prims\jvm.cpp, line 1312]
Event: 11.780 Thread 0x064e9400 Exception <a 'java/security/PrivilegedActionException'> (0x1116f5a0) thrown at [C:\re\workspace\8-2-build-windows-i586-cygwin\jdk8u31\2394\hotspot\src\share\vm\prims\jvm.cpp, line 1312]
Event: 11.780 Thread 0x064e9400 Exception <a 'java/security/PrivilegedActionException'> (0x11177178) thrown at [C:\re\workspace\8-2-build-windows-i586-cygwin\jdk8u31\2394\hotspot\src\share\vm\prims\jvm.cpp, line 1312]
Event: 11.781 Thread 0x064e9400 Exception <a 'java/security/PrivilegedActionException'> (0x11185058) thrown at [C:\re\workspace\8-2-build-windows-i586-cygwin\jdk8u31\2394\hotspot\src\share\vm\prims\jvm.cpp, line 1312]

Events (10 events):
Event: 14.888 Thread 0x064e8000 Thread added: 0x064e8000
Event: 14.888 Thread 0x064e8000 Thread exited: 0x064e8000
Event: 14.959 Thread 0x064e9800 Thread added: 0x064e9800
Event: 14.960 Thread 0x064e9800 Thread exited: 0x064e9800
Event: 14.960 Thread 0x064e8000 Thread added: 0x064e8000
Event: 14.960 Thread 0x064e8000 Thread exited: 0x064e8000
Event: 14.980 Thread 0x064e9800 Thread added: 0x064e9800
Event: 14.981 Thread 0x064e9800 Thread exited: 0x064e9800
Event: 14.981 Thread 0x064e8000 Thread added: 0x064e8000
Event: 14.981 Thread 0x064e8000 Thread exited: 0x064e8000


Dynamic libraries:
0x01350000 - 0x01380000 	C:\Program Files (x86)\Java\jdk1.8.0_31\bin\java.exe
0x77750000 - 0x778be000 	C:\Windows\SYSTEM32\ntdll.dll
0x75260000 - 0x753a0000 	C:\Windows\SYSTEM32\KERNEL32.DLL
0x75a10000 - 0x75ae7000 	C:\Windows\SYSTEM32\KERNELBASE.dll
0x6c1a0000 - 0x6c240000 	C:\Windows\system32\apphelp.dll
0x6aed0000 - 0x6b135000 	C:\Windows\AppPatch\AcGenral.DLL
0x75860000 - 0x75923000 	C:\Windows\SYSTEM32\msvcrt.dll
0x77260000 - 0x772a1000 	C:\Windows\SYSTEM32\sechost.dll
0x74f50000 - 0x74f6e000 	C:\Windows\SYSTEM32\SspiCli.dll
0x77010000 - 0x77055000 	C:\Windows\SYSTEM32\SHLWAPI.dll
0x72120000 - 0x7220d000 	C:\Windows\SYSTEM32\UxTheme.dll
0x75100000 - 0x75253000 	C:\Windows\SYSTEM32\USER32.dll
0x774d0000 - 0x775de000 	C:\Windows\SYSTEM32\GDI32.dll
0x6d460000 - 0x6d483000 	C:\Windows\SYSTEM32\WINMM.dll
0x6cf00000 - 0x6cf13000 	C:\Windows\SYSTEM32\samcli.dll
0x773a0000 - 0x774c8000 	C:\Windows\SYSTEM32\ole32.dll
0x75cb0000 - 0x75d45000 	C:\Windows\SYSTEM32\OLEAUT32.dll
0x6b320000 - 0x6b337000 	C:\Windows\SYSTEM32\MSACM32.dll
0x74df0000 - 0x74df8000 	C:\Windows\SYSTEM32\VERSION.dll
0x75d60000 - 0x7700c000 	C:\Windows\SYSTEM32\SHELL32.dll
0x73160000 - 0x7317b000 	C:\Windows\SYSTEM32\USERENV.dll
0x6d330000 - 0x6d34a000 	C:\Windows\SYSTEM32\dwmapi.dll
0x6cfa0000 - 0x6d0ea000 	C:\Windows\SYSTEM32\urlmon.dll
0x75930000 - 0x759ac000 	C:\Windows\SYSTEM32\ADVAPI32.dll
0x6d600000 - 0x6d665000 	C:\Windows\SYSTEM32\WINSPOOL.DRV
0x6cf50000 - 0x6cf66000 	C:\Windows\SYSTEM32\MPR.dll
0x772e0000 - 0x7739a000 	C:\Windows\SYSTEM32\RPCRT4.dll
0x74f40000 - 0x74f4a000 	C:\Windows\SYSTEM32\CRYPTBASE.dll
0x75520000 - 0x7569d000 	C:\Windows\SYSTEM32\combase.dll
0x6d430000 - 0x6d453000 	C:\Windows\SYSTEM32\WINMMBASE.dll
0x71db0000 - 0x71dbf000 	C:\Windows\SYSTEM32\profapi.dll
0x71b30000 - 0x71d62000 	C:\Windows\SYSTEM32\iertutil.dll
0x71e50000 - 0x72025000 	C:\Windows\SYSTEM32\WININET.dll
0x74ee0000 - 0x74f34000 	C:\Windows\SYSTEM32\bcryptPrimitives.dll
0x77220000 - 0x7725c000 	C:\Windows\SYSTEM32\cfgmgr32.dll
0x6d400000 - 0x6d421000 	C:\Windows\SYSTEM32\DEVOBJ.dll
0x73480000 - 0x7350b000 	C:\Windows\SYSTEM32\SHCORE.DLL
0x75c80000 - 0x75ca7000 	C:\Windows\system32\IMM32.DLL
0x753a0000 - 0x754b3000 	C:\Windows\SYSTEM32\MSCTF.dll
0x74e00000 - 0x74e2e000 	C:\Windows\SYSTEM32\nvinit.dll
0x0f000000 - 0x0f006000 	C:\Program Files (x86)\NVIDIA Corporation\CoProcManager\_etoured.dll
0x6b660000 - 0x6b68b000 	C:\Program Files (x86)\NVIDIA Corporation\CoProcManager\nvd3d9wrap.dll
0x756a0000 - 0x75851000 	C:\Windows\SYSTEM32\SETUPAPI.dll
0x6b640000 - 0x6b65f000 	C:\Program Files (x86)\NVIDIA Corporation\CoProcManager\nvdxgiwrap.dll
0x72f40000 - 0x73146000 	C:\Windows\WinSxS\x86_microsoft.windows.common-controls_6595b64144ccf1df_6.0.9600.17415_none_a9ed7f470139b3c1\COMCTL32.dll
0x6be80000 - 0x6befd000 	C:\Program Files (x86)\AVG\AVG2015\avghookx.dll
0x68510000 - 0x685cf000 	C:\Program Files (x86)\Java\jdk1.8.0_31\jre\bin\msvcr100.dll
0x58c60000 - 0x59004000 	C:\Program Files (x86)\Java\jdk1.8.0_31\jre\bin\client\jvm.dll
0x6d0f0000 - 0x6d0f8000 	C:\Windows\SYSTEM32\WSOCK32.dll
0x75d50000 - 0x75d56000 	C:\Windows\SYSTEM32\PSAPI.DLL
0x77060000 - 0x770b0000 	C:\Windows\SYSTEM32\WS2_32.dll
0x772b0000 - 0x772b7000 	C:\Windows\SYSTEM32\NSI.dll
0x6b6c0000 - 0x6b6cc000 	C:\Program Files (x86)\Java\jdk1.8.0_31\jre\bin\verify.dll
0x6ae20000 - 0x6ae41000 	C:\Program Files (x86)\Java\jdk1.8.0_31\jre\bin\java.dll
0x6aeb0000 - 0x6aec3000 	C:\Program Files (x86)\Java\jdk1.8.0_31\jre\bin\zip.dll
0x6ad80000 - 0x6ad95000 	C:\Program Files (x86)\Java\jdk1.8.0_31\jre\bin\net.dll
0x6d1c0000 - 0x6d20b000 	C:\Windows\system32\mswsock.dll
0x6c2e0000 - 0x6c35e000 	C:\Windows\SYSTEM32\DNSAPI.dll
0x6c2b0000 - 0x6c2d1000 	C:\Program Files (x86)\Bonjour\mdnsNSP.dll
0x732c0000 - 0x732e0000 	C:\Windows\SYSTEM32\Iphlpapi.DLL
0x71e40000 - 0x71e48000 	C:\Windows\SYSTEM32\WINNSI.DLL
0x6c2a0000 - 0x6c2a8000 	C:\Windows\System32\rasadhlp.dll
0x6c250000 - 0x6c296000 	C:\Windows\System32\fwpuclnt.dll
0x6ad60000 - 0x6ad80000 	C:\Program Files (x86)\Java\jdk1.8.0_31\jre\bin\sunec.dll
0x6f340000 - 0x6f359000 	C:\Windows\SYSTEM32\CRYPTSP.dll
0x6f310000 - 0x6f340000 	C:\Windows\system32\rsaenh.dll
0x6f040000 - 0x6f05e000 	C:\Windows\SYSTEM32\bcrypt.dll
0x6ac00000 - 0x6ac13000 	C:\Windows\SYSTEM32\dhcpcsvc6.DLL
0x6bf30000 - 0x6bf44000 	C:\Windows\SYSTEM32\dhcpcsvc.DLL
0x6b310000 - 0x6b31f000 	C:\Program Files (x86)\Java\jdk1.8.0_31\jre\bin\nio.dll
0x6bfb0000 - 0x6bfc1000 	C:\Windows\system32\napinsp.dll
0x6bf90000 - 0x6bfa6000 	C:\Windows\system32\pnrpnsp.dll
0x6bf70000 - 0x6bf84000 	C:\Windows\system32\NLAapi.dll
0x6bf60000 - 0x6bf6a000 	C:\Windows\System32\winrnr.dll
0x6bf50000 - 0x6bf60000 	C:\Windows\system32\wshbth.dll
0x6ae10000 - 0x6ae19000 	C:\Program Files (x86)\Java\jdk1.8.0_31\jre\bin\sunmscapi.dll
0x74f70000 - 0x750f8000 	C:\Windows\SYSTEM32\CRYPT32.dll
0x75af0000 - 0x75afe000 	C:\Windows\SYSTEM32\MSASN1.dll
0x6ad00000 - 0x6ad0a000 	C:\Program Files (x86)\Java\jdk1.8.0_31\jre\bin\management.dll
0x60400000 - 0x60546000 	C:\Program Files (x86)\Java\jdk1.8.0_31\jre\bin\awt.dll
0x74de0000 - 0x74de9000 	C:\Windows\SYSTEM32\kernel.appcore.dll
0x61e70000 - 0x62043000 	C:\Windows\system32\d3d9.dll
0x69940000 - 0x69a1e000 	C:\Windows\SYSTEM32\nvumdshim.dll
0x5d690000 - 0x5ed6e000 	C:\Windows\system32\igdumdim32.dll
0x67070000 - 0x678e8000 	C:\Windows\SYSTEM32\igdusc32.dll
0x6acc0000 - 0x6acf9000 	C:\Program Files (x86)\Java\jdk1.8.0_31\jre\bin\fontmanager.dll
0x6ac90000 - 0x6acc0000 	C:\Program Files (x86)\Java\jdk1.8.0_31\jre\bin\t2k.dll
0x684e0000 - 0x68505000 	C:\Program Files (x86)\Java\jdk1.8.0_31\jre\bin\jpeg.dll
0x75bf0000 - 0x75c7d000 	C:\Windows\SYSTEM32\clbcatq.dll
0x59010000 - 0x5917b000 	C:\Windows\SYSTEM32\WindowsCodecs.dll
0x0bb40000 - 0x0d10f000 	C:\Users\Piotr\AppData\Local\Temp\xuggle\xuggle2566335012450080844.dll
0x684c0000 - 0x684d4000 	C:\Windows\SYSTEM32\AVICAP32.DLL
0x68380000 - 0x683a3000 	C:\Windows\SYSTEM32\MSVFW32.dll
0x6ac80000 - 0x6ac8a000 	C:\Program Files (x86)\Java\jdk1.8.0_31\jre\bin\jsound.dll
0x684b0000 - 0x684b9000 	C:\Program Files (x86)\Java\jdk1.8.0_31\jre\bin\jsoundds.dll
0x605e0000 - 0x60661000 	C:\Windows\SYSTEM32\DSOUND.dll
0x6bcd0000 - 0x6bd10000 	C:\Windows\SYSTEM32\POWRPROF.dll
0x645f0000 - 0x64643000 	C:\Windows\SYSTEM32\MMDevAPI.DLL
0x67030000 - 0x67066000 	C:\Windows\SYSTEM32\wdmaud.drv
0x6c060000 - 0x6c067000 	C:\Windows\SYSTEM32\ksuser.dll
0x73470000 - 0x7347a000 	C:\Windows\SYSTEM32\AVRT.dll
0x64650000 - 0x646b0000 	C:\Windows\SYSTEM32\AUDIOSES.DLL
0x68370000 - 0x68379000 	C:\Windows\SYSTEM32\msacm32.drv
0x68360000 - 0x68368000 	C:\Windows\SYSTEM32\midimap.dll
0x60340000 - 0x603fe000 	C:\Users\Piotr\AppData\Local\Temp\javacpp40434504052221\msvcr100.dll
0x60120000 - 0x60189000 	C:\Users\Piotr\AppData\Local\Temp\javacpp40434504052221\msvcp100.dll
0x58a50000 - 0x58c56000 	C:\Users\Piotr\AppData\Local\Temp\javacpp40434504052221\opencv_core249.dll
0x5f080000 - 0x5f1c8000 	C:\Users\Piotr\AppData\Local\Temp\javacpp40434504052221\jniopencv_core.dll
0x587e0000 - 0x58a4d000 	C:\Users\Piotr\AppData\Local\Temp\javacpp40434504052221\opencv_imgproc249.dll
0x58760000 - 0x587e0000 	C:\Users\Piotr\AppData\Local\Temp\javacpp40434504052221\jniopencv_imgproc.dll
0x0d910000 - 0x0e846000 	C:\Users\Piotr\AppData\Local\Temp\javacpp40434504052221\opencv_ffmpeg249.dll
0x58550000 - 0x58757000 	C:\Users\Piotr\AppData\Local\Temp\javacpp40434504052221\opencv_highgui249.dll
0x60320000 - 0x6033a000 	C:\Windows\SYSTEM32\AVIFIL32.dll
0x600e0000 - 0x6011c000 	C:\Users\Piotr\AppData\Local\Temp\javacpp40434504052221\jniopencv_highgui.dll
0x6c070000 - 0x6c084000 	C:\Windows\SYSTEM32\devenum.dll
0x71380000 - 0x713a8000 	C:\Windows\SYSTEM32\ntmarta.dll
0x75bb0000 - 0x75bed000 	C:\Windows\SYSTEM32\WINTRUST.dll
0x6c0d0000 - 0x6c0db000 	C:\Windows\SYSTEM32\msdmo.dll
0x60050000 - 0x60081000 	C:\Windows\SYSTEM32\qcap.dll
0x583b0000 - 0x5854f000 	C:\Windows\SYSTEM32\quartz.dll
0x6c090000 - 0x6c0d0000 	C:\Windows\SYSTEM32\ksproxy.ax
0x6c050000 - 0x6c05c000 	C:\Windows\SYSTEM32\vidcap.ax
0x6c030000 - 0x6c04f000 	C:\Windows\SYSTEM32\kswdmcap.ax
0x5ef10000 - 0x5f014000 	C:\Windows\SYSTEM32\MFC42.dll
0x5ee60000 - 0x5ef09000 	C:\Windows\SYSTEM32\ODBC32.dll
0x58320000 - 0x583ae000 	C:\Windows\SYSTEM32\qedit.dll
0x75b10000 - 0x75bab000 	C:\Windows\SYSTEM32\COMDLG32.dll
0x6d490000 - 0x6d600000 	C:\Windows\WinSxS\x86_microsoft.windows.gdiplus_6595b64144ccf1df_1.1.9600.17415_none_dad8722c5bcc2d8f\gdiplus.dll

VM Arguments:
jvm_args: -Dfile.encoding=UTF-8 
java_command: wideokomunikator.main
java_class_path (initial): D:\Programowanie\javacv\javacv-bin\ffmpeg.jar;D:\Programowanie\javacv\javacv-bin\javacpp.jar;D:\Programowanie\javacv\javacv-bin\javacv.jar;D:\Programowanie\javacv\javacv-bin\opencv.jar;C:\Program Files\Java\jdk1.8.0_05\db\lib\derby.jar;C:\Program Files\Java\jdk1.8.0_05\db\lib\derbyclient.jar;C:\Program Files\Java\jdk1.8.0_05\db\lib\derbytools.jar;C:\Program Files\Java\jdk1.8.0_05\db\lib\derbynet.jar;D:\Programowanie\xuggle-xuggler-5.4.jar;D:\Programowanie\slf4j-simple-1.7.10.jar;D:\Programowanie\slf4j-api-1.7.10.jar;D:\Programowanie\javacv\javacv-bin\opencv-linux-x86.jar;D:\Programowanie\javacv\javacv-bin\opencv-linux-x86_64.jar;D:\Programowanie\javacv\javacv-bin\opencv-macosx-x86_64.jar;D:\Programowanie\javacv\javacv-bin\opencv-windows-x86.jar;D:\Programowanie\javacv\javacv-bin\opencv-windows-x86_64.jar;C:\Users\Piotr\Documents\NetBeansProjects\Wideokomunikator\build\classes
Launcher Type: SUN_STANDARD

Environment Variables:
JAVA_HOME=C:\Program Files\Java\jdk1.8.0_05
CLASSPATH=.;C:\PROGRA~2\JMF2.1.1e\lib\sound.jar;C:\PROGRA~2\JMF2.1.1e\lib\jmf.jar;C:\PROGRA~2\JMF2.1.1e\lib;.;.;.;c:\PROGRA~2\java\JMF21~1.1E\lib\sound.jar;c:\PROGRA~2\java\JMF21~1.1E\lib\jmf.jar;c:\PROGRA~2\java\JMF21~1.1E\lib;
PATH=C:\Program Files (x86)\NVIDIA Corporation\PhysX\Common;C:\ProgramData\Oracle\Java\javapath;C:\Python34\;C:\Python34\Scripts;C:\Program Files (x86)\Intel\iCLS Client\;C:\Program Files\Intel\iCLS Client\;C:\Windows\system32;C:\Windows;C:\Windows\System32\Wbem;C:\Windows\System32\WindowsPowerShell\v1.0\;C:\Program Files\Intel\Intel(R) Management Engine Components\DAL;C:\Program Files\Intel\Intel(R) Management Engine Components\IPT;C:\Program Files (x86)\Intel\Intel(R) Management Engine Components\DAL;C:\Program Files (x86)\Intel\Intel(R) Management Engine Components\IPT;C:\Program Files\nodejs\;C:\Windows\Microsoft.NET\Framework\v4.0.30319;C:\Program Files\Microsoft SQL Server\110\Tools\Binn\;C:\Program Files\Java\jdk1.8.0_05\bin;C:\Program Files\apache-ant-1.9.4\bin;C:\Program Files (x86)\QuickTime\QTSystem\;c:\PROGRA~2\java\JMF21~1.1E\lib;C:\Users\Piotr\AppData\Roaming\npm;C:\Program Files (x86)\Bitvise SSH Client;C:\Program Files\Java\jdk1.8.0_05\bin
USERNAME=Piotr
OS=Windows_NT
PROCESSOR_IDENTIFIER=Intel64 Family 6 Model 60 Stepping 3, GenuineIntel



---------------  S Y S T E M  ---------------

OS: Windows 8.1 , 64 bit Build 9600 

CPU:total 8 (4 cores per cpu, 2 threads per core) family 6 model 60 stepping 3, cmov, cx8, fxsr, mmx, sse, sse2, sse3, ssse3, sse4.1, sse4.2, popcnt, avx, avx2, aes, clmul, erms, lzcnt, ht, tsc, tscinvbit, bmi1, bmi2

Memory: 4k page, physical 15910992k(10505372k free), swap 36390992k(29201688k free)

vm_info: Java HotSpot(TM) Client VM (25.31-b07) for windows-x86 JRE (1.8.0_31-b13), built on Dec 17 2014 20:46:12 by "java_re" with MS VC++ 10.0 (VS2010)

time: Wed Mar 04 19:03:00 2015
elapsed time: 15 seconds (0d 0h 0m 15s)

