#
# A fatal error has been detected by the Java Runtime Environment:
#
#  EXCEPTION_ACCESS_VIOLATION (0xc0000005) at pc=0x0d4c32a0, pid=216, tid=8448
#
# JRE version: Java(TM) SE Runtime Environment (8.0_31-b13) (build 1.8.0_31-b13)
# Java VM: Java HotSpot(TM) Client VM (25.31-b07 mixed mode windows-x86 )
# Problematic frame:
# C  0x0d4c32a0
#
# Failed to write core dump. Minidumps are not enabled by default on client versions of Windows
#
# If you would like to submit a bug report, please visit:
#   http://bugreport.java.com/bugreport/crash.jsp
# The crash happened outside the Java Virtual Machine in native code.
# See problematic frame for where to report the bug.
#

---------------  T H R E A D  ---------------

Current thread (0x08b2cc00):  JavaThread "Thread-70" [_thread_in_native, id=8448, stack(0x1f430000,0x1f480000)]

siginfo: ExceptionCode=0xc0000005, reading address 0x00006f20

Registers:
EAX=0x000002c0, EBX=0x00000160, ECX=0x206f5520, EDX=0x00006f20
ESP=0x1f47ef64, EBP=0x206f5520, ESI=0x00000010, EDI=0x00000150
EIP=0x0d4c32a0, EFLAGS=0x00010202

Top of Stack: (sp=0x1f47ef64)
0x1f47ef64:   20522640 000000f0 0d2f46ee 206f5520
0x1f47ef74:   00006f20 00000160 00000160 205252d0
0x1f47ef84:   00000000 00000140 000000f0 00000029
0x1f47ef94:   00000051 00000000 00000000 20817830
0x1f47efa4:   2061cdb0 00000100 0eb45d80 00000000
0x1f47efb4:   207c7730 2056a080 2054ef38 0d66c910
0x1f47efc4:   20522640 206f5520 00000160 00000480
0x1f47efd4:   00000000 20523fd0 00000120 00000140 

Instructions: (pc=0x0d4c32a0)
0x0d4c3280:   83 ec 08 89 1c 24 8b 54 24 10 89 74 24 04 8b 4c
0x0d4c3290:   24 0c be 10 00 00 00 8b 5c 24 14 8d 04 1b 66 90
0x0d4c32a0:   0f 6f 02 0f 6f 62 08 0f 6f 0c 1a 0f 6f 6c 1a 08
0x0d4c32b0:   0f 7f 01 0f 7f 61 08 0f 7f 0c 19 0f 7f 6c 19 08 


Register to memory mapping:

EAX=0x000002c0 is an unknown value
EBX=0x00000160 is an unknown value
ECX=0x206f5520 is an unknown value
EDX=0x00006f20 is an unknown value
ESP=0x1f47ef64 is pointing into the stack for thread: 0x08b2cc00
EBP=0x206f5520 is an unknown value
ESI=0x00000010 is an unknown value
EDI=0x00000150 is an unknown value


Stack: [0x1f430000,0x1f480000],  sp=0x1f47ef64,  free space=315k
Native frames: (J=compiled Java code, j=interpreted, Vv=VM code, C=native code)
C  0x0d4c32a0

Java frames: (J=compiled Java code, j=interpreted, Vv=VM code)
j  com.xuggle.xuggler.XugglerJNI.IStreamCoder_decodeVideo(JLcom/xuggle/xuggler/IStreamCoder;JLcom/xuggle/xuggler/IVideoPicture;JLcom/xuggle/xuggler/IPacket;I)I+0
j  com.xuggle.xuggler.IStreamCoder.decodeVideo(Lcom/xuggle/xuggler/IVideoPicture;Lcom/xuggle/xuggler/IPacket;I)I+16
j  wideokomunikator.audiovideo.AudioVideo.decodeVideo(Lcom/xuggle/xuggler/IPacket;I)V+58
j  wideokomunikator.audiovideo.AudioVideo.access$1400(Lwideokomunikator/audiovideo/AudioVideo;Lcom/xuggle/xuggler/IPacket;I)V+3
j  wideokomunikator.audiovideo.AudioVideo$Hendler.run()V+92
v  ~StubRoutines::call_stub

---------------  P R O C E S S  ---------------

Java Threads: ( => current thread )
=>0x08b2cc00 JavaThread "Thread-70" [_thread_in_native, id=8448, stack(0x1f430000,0x1f480000)]
  0x08b2fc00 JavaThread "Thread-17" [_thread_in_native, id=5432, stack(0x1f3a0000,0x1f3f0000)]
  0x08b2f000 JavaThread "Thread-16" [_thread_blocked, id=4320, stack(0x1f310000,0x1f360000)]
  0x08b2e800 JavaThread "Thread-19" [_thread_in_native, id=2584, stack(0x0f160000,0x0f1b0000)]
  0x08b2e400 JavaThread "Thread-18" [_thread_in_native, id=6888, stack(0x0ef80000,0x0efd0000)]
  0x08b2dc00 JavaThread "Java Sound Event Dispatcher" daemon [_thread_blocked, id=7648, stack(0x0b670000,0x0b6c0000)]
  0x08b2d800 JavaThread "derby.rawStoreDaemon" daemon [_thread_blocked, id=8276, stack(0x0ae70000,0x0aec0000)]
  0x08b2d000 JavaThread "DRDAConnThread_2" daemon [_thread_in_native, id=4256, stack(0x0ade0000,0x0ae30000)]
  0x08b2f800 JavaThread "NetworkServerThread_1" daemon [_thread_in_native, id=1120, stack(0x0ac50000,0x0aca0000)]
  0x08b6a400 JavaThread "derby.NetworkServerStarter" daemon [_thread_blocked, id=2440, stack(0x0abc0000,0x0ac10000)]
  0x08aab800 JavaThread "Timer-0" daemon [_thread_blocked, id=3036, stack(0x0aa30000,0x0aa80000)]
  0x089fb800 JavaThread "D3D Screen Updater" daemon [_thread_blocked, id=4292, stack(0x09c70000,0x09cc0000)]
  0x02cec800 JavaThread "DestroyJavaVM" [_thread_blocked, id=6920, stack(0x029b0000,0x02a00000)]
  0x05b55800 JavaThread "Thread-4" [_thread_in_native, id=540, stack(0x09220000,0x09270000)]
  0x05b54800 JavaThread "Thread-3" [_thread_blocked, id=8884, stack(0x09190000,0x091e0000)]
  0x05a47000 JavaThread "TimerQueue" daemon [_thread_blocked, id=7268, stack(0x081c0000,0x08210000)]
  0x05a14000 JavaThread "AWT-EventQueue-0" [_thread_blocked, id=8172, stack(0x08130000,0x08180000)]
  0x059cb000 JavaThread "AWT-Windows" daemon [_thread_in_native, id=5440, stack(0x06240000,0x06290000)]
  0x059c9c00 JavaThread "AWT-Shutdown" [_thread_blocked, id=1864, stack(0x061b0000,0x06200000)]
  0x059c9400 JavaThread "Java2D Disposer" daemon [_thread_blocked, id=4080, stack(0x06120000,0x06170000)]
  0x05213400 JavaThread "Service Thread" daemon [_thread_blocked, id=8208, stack(0x056f0000,0x05740000)]
  0x0521a800 JavaThread "C1 CompilerThread0" daemon [_thread_blocked, id=1568, stack(0x05660000,0x056b0000)]
  0x05219800 JavaThread "Attach Listener" daemon [_thread_blocked, id=1756, stack(0x055d0000,0x05620000)]
  0x05217800 JavaThread "Signal Dispatcher" daemon [_thread_blocked, id=7636, stack(0x05540000,0x05590000)]
  0x051e6800 JavaThread "Finalizer" daemon [_thread_blocked, id=5692, stack(0x054b0000,0x05500000)]
  0x02c2e800 JavaThread "Reference Handler" daemon [_thread_blocked, id=7292, stack(0x05420000,0x05470000)]

Other Threads:
  0x02c2d000 VMThread [stack: 0x05190000,0x051e0000] [id=4984]
  0x05235000 WatcherThread [stack: 0x05780000,0x057d0000] [id=8636]

VM state:not at safepoint (normal execution)

VM Mutex/Monitor currently owned by a thread: None

Heap:
 def new generation   total 78656K, used 54530K [0x0f200000, 0x14750000, 0x14750000)
  eden space 69952K,  65% used [0x0f200000, 0x11ec09e8, 0x13650000)
  from space 8704K, 100% used [0x13ed0000, 0x14750000, 0x14750000)
  to   space 8704K,   0% used [0x13650000, 0x13650000, 0x13ed0000)
 tenured generation   total 174784K, used 137008K [0x14750000, 0x1f200000, 0x1f200000)
   the space 174784K,  78% used [0x14750000, 0x1cd1c168, 0x1cd1c200, 0x1f200000)
 Metaspace       used 18540K, capacity 18744K, committed 18816K, reserved 18816K

Card table byte_map: [0x02c30000,0x02cc0000] byte_map_base: 0x02bb7000

Polling page: 0x00d90000

CodeCache: size=32768Kb used=2002Kb max_used=2002Kb free=30766Kb
 bounds [0x02cf0000, 0x02ee8000, 0x04cf0000]
 total_blobs=1299 nmethods=912 adapters=318
 compilation: enabled

Compilation events (10 events):
Event: 12.904 Thread 0x0521a800 nmethod 928 0x02ede548 code [0x02ede900, 0x02edfb1c]
Event: 12.915 Thread 0x0521a800  929             com.xuggle.xuggler.IPixelFormat$Type::swigToEnum (110 bytes)
Event: 12.915 Thread 0x0521a800 nmethod 929 0x02ee0e48 code [0x02ee0fd0, 0x02ee137c]
Event: 12.915 Thread 0x0521a800  930             java.util.IdentityHashMap::maskNull (12 bytes)
Event: 12.915 Thread 0x0521a800 nmethod 930 0x02ee17c8 code [0x02ee18c0, 0x02ee1940]
Event: 12.915 Thread 0x0521a800  931             java.util.IdentityHashMap::hash (18 bytes)
Event: 12.915 Thread 0x0521a800 nmethod 931 0x02ee1988 code [0x02ee1a80, 0x02ee1b1c]
Event: 12.977 Thread 0x0521a800  932   !         sun.awt.AWTAutoShutdown::setToolkitBusy (124 bytes)
Event: 12.977 Thread 0x0521a800 nmethod 932 0x02ee1b88 code [0x02ee1cd0, 0x02ee213c]
Event: 13.015 Thread 0x0521a800  933             sun.nio.cs.UTF_8$Encoder::encodeArrayLoop (489 bytes)

GC Heap History (10 events):
Event: 5.945 GC heap before
{Heap before GC invocations=28 (full 2):
 def new generation   total 69312K, used 64101K [0x0f200000, 0x13d30000, 0x14750000)
  eden space 61632K, 100% used [0x0f200000, 0x12e30000, 0x12e30000)
  from space 7680K,  32% used [0x12e30000, 0x130997c8, 0x135b0000)
  to   space 7680K,   0% used [0x135b0000, 0x135b0000, 0x13d30000)
 tenured generation   total 153860K, used 116778K [0x14750000, 0x1dd91000, 0x1f200000)
   the space 153860K,  75% used [0x14750000, 0x1b95a868, 0x1b95aa00, 0x1dd91000)
 Metaspace       used 12326K, capacity 12491K, committed 12544K, reserved 12672K
Event: 5.950 GC heap after
Heap after GC invocations=29 (full 2):
 def new generation   total 69312K, used 2977K [0x0f200000, 0x13d30000, 0x14750000)
  eden space 61632K,   0% used [0x0f200000, 0x0f200000, 0x12e30000)
  from space 7680K,  38% used [0x135b0000, 0x13898770, 0x13d30000)
  to   space 7680K,   0% used [0x12e30000, 0x12e30000, 0x135b0000)
 tenured generation   total 153860K, used 116778K [0x14750000, 0x1dd91000, 0x1f200000)
   the space 153860K,  75% used [0x14750000, 0x1b95a868, 0x1b95aa00, 0x1dd91000)
 Metaspace       used 12326K, capacity 12491K, committed 12544K, reserved 12672K
}
Event: 6.257 GC heap before
{Heap before GC invocations=29 (full 2):
 def new generation   total 69312K, used 22738K [0x0f200000, 0x13d30000, 0x14750000)
  eden space 61632K,  32% used [0x0f200000, 0x1054c3c0, 0x12e30000)
  from space 7680K,  38% used [0x135b0000, 0x13898770, 0x13d30000)
  to   space 7680K,   0% used [0x12e30000, 0x12e30000, 0x135b0000)
 tenured generation   total 153860K, used 116778K [0x14750000, 0x1dd91000, 0x1f200000)
   the space 153860K,  75% used [0x14750000, 0x1b95a868, 0x1b95aa00, 0x1dd91000)
 Metaspace       used 14956K, capacity 15083K, committed 15148K, reserved 15744K
Event: 6.279 GC heap after
Heap after GC invocations=30 (full 3):
 def new generation   total 78656K, used 0K [0x0f200000, 0x14750000, 0x14750000)
  eden space 69952K,   0% used [0x0f200000, 0x0f200000, 0x13650000)
  from space 8704K,   0% used [0x13650000, 0x13650000, 0x13ed0000)
  to   space 8704K,   0% used [0x13ed0000, 0x13ed0000, 0x14750000)
 tenured generation   total 174784K, used 120691K [0x14750000, 0x1f200000, 0x1f200000)
   the space 174784K,  69% used [0x14750000, 0x1bd2ce00, 0x1bd2ce00, 0x1f200000)
 Metaspace       used 14956K, capacity 15083K, committed 15148K, reserved 15744K
}
Event: 11.423 GC heap before
{Heap before GC invocations=30 (full 3):
 def new generation   total 78656K, used 70265K [0x0f200000, 0x14750000, 0x14750000)
  eden space 69952K,  99% used [0x0f200000, 0x1362dbe0, 0x13650000)
  from space 8704K,   5% used [0x13650000, 0x136c0830, 0x13ed0000)
  to   space 8704K,   0% used [0x13ed0000, 0x13ed0000, 0x14750000)
 tenured generation   total 174784K, used 120691K [0x14750000, 0x1f200000, 0x1f200000)
   the space 174784K,  69% used [0x14750000, 0x1bd2ce00, 0x1bd2ce00, 0x1f200000)
 Metaspace       used 18537K, capacity 18741K, committed 18816K, reserved 18816K
Event: 11.434 GC heap after
Heap after GC invocations=31 (full 3):
 def new generation   total 78656K, used 8704K [0x0f200000, 0x14750000, 0x14750000)
  eden space 69952K,   0% used [0x0f200000, 0x0f200000, 0x13650000)
  from space 8704K, 100% used [0x13ed0000, 0x14750000, 0x14750000)
  to   space 8704K,   0% used [0x13650000, 0x13650000, 0x13ed0000)
 tenured generation   total 174784K, used 124409K [0x14750000, 0x1f200000, 0x1f200000)
   the space 174784K,  71% used [0x14750000, 0x1c0ce4f0, 0x1c0ce600, 0x1f200000)
 Metaspace       used 18537K, capacity 18741K, committed 18816K, reserved 18816K
}
Event: 11.888 GC heap before
{Heap before GC invocations=31 (full 3):
 def new generation   total 78656K, used 78302K [0x0f200000, 0x14750000, 0x14750000)
  eden space 69952K,  99% used [0x0f200000, 0x135f7868, 0x13650000)
  from space 8704K, 100% used [0x13ed0000, 0x14750000, 0x14750000)
  to   space 8704K,   0% used [0x13650000, 0x13650000, 0x13ed0000)
 tenured generation   total 174784K, used 124409K [0x14750000, 0x1f200000, 0x1f200000)
   the space 174784K,  71% used [0x14750000, 0x1c0ce4f0, 0x1c0ce600, 0x1f200000)
 Metaspace       used 18540K, capacity 18744K, committed 18816K, reserved 18816K
Event: 11.896 GC heap after
Heap after GC invocations=32 (full 3):
 def new generation   total 78656K, used 8346K [0x0f200000, 0x14750000, 0x14750000)
  eden space 69952K,   0% used [0x0f200000, 0x0f200000, 0x13650000)
  from space 8704K,  95% used [0x13650000, 0x13e76a10, 0x13ed0000)
  to   space 8704K,   0% used [0x13ed0000, 0x13ed0000, 0x14750000)
 tenured generation   total 174784K, used 128520K [0x14750000, 0x1f200000, 0x1f200000)
   the space 174784K,  73% used [0x14750000, 0x1c4d2228, 0x1c4d2400, 0x1f200000)
 Metaspace       used 18540K, capacity 18744K, committed 18816K, reserved 18816K
}
Event: 12.685 GC heap before
{Heap before GC invocations=32 (full 3):
 def new generation   total 78656K, used 78249K [0x0f200000, 0x14750000, 0x14750000)
  eden space 69952K,  99% used [0x0f200000, 0x13643a20, 0x13650000)
  from space 8704K,  95% used [0x13650000, 0x13e76a10, 0x13ed0000)
  to   space 8704K,   0% used [0x13ed0000, 0x13ed0000, 0x14750000)
 tenured generation   total 174784K, used 128520K [0x14750000, 0x1f200000, 0x1f200000)
   the space 174784K,  73% used [0x14750000, 0x1c4d2228, 0x1c4d2400, 0x1f200000)
 Metaspace       used 18540K, capacity 18744K, committed 18816K, reserved 18816K
Event: 12.691 GC heap after
Heap after GC invocations=33 (full 3):
 def new generation   total 78656K, used 8704K [0x0f200000, 0x14750000, 0x14750000)
  eden space 69952K,   0% used [0x0f200000, 0x0f200000, 0x13650000)
  from space 8704K, 100% used [0x13ed0000, 0x14750000, 0x14750000)
  to   space 8704K,   0% used [0x13650000, 0x13650000, 0x13ed0000)
 tenured generation   total 174784K, used 137008K [0x14750000, 0x1f200000, 0x1f200000)
   the space 174784K,  78% used [0x14750000, 0x1cd1c168, 0x1cd1c200, 0x1f200000)
 Metaspace       used 18540K, capacity 18744K, committed 18816K, reserved 18816K
}

Deoptimization events (0 events):
No events

Internal exceptions (10 events):
Event: 11.219 Thread 0x08b2fc00 Exception <a 'java/security/PrivilegedActionException'> (0x115f3980) thrown at [C:\re\workspace\8-2-build-windows-i586-cygwin\jdk8u31\2394\hotspot\src\share\vm\prims\jvm.cpp, line 1312]
Event: 11.219 Thread 0x08b2fc00 Exception <a 'java/security/PrivilegedActionException'> (0x115fd920) thrown at [C:\re\workspace\8-2-build-windows-i586-cygwin\jdk8u31\2394\hotspot\src\share\vm\prims\jvm.cpp, line 1312]
Event: 11.220 Thread 0x08b2fc00 Exception <a 'java/security/PrivilegedActionException'> (0x11775ea0) thrown at [C:\re\workspace\8-2-build-windows-i586-cygwin\jdk8u31\2394\hotspot\src\share\vm\prims\jvm.cpp, line 1312]
Event: 11.220 Thread 0x08b2fc00 Exception <a 'java/security/PrivilegedActionException'> (0x1177cc40) thrown at [C:\re\workspace\8-2-build-windows-i586-cygwin\jdk8u31\2394\hotspot\src\share\vm\prims\jvm.cpp, line 1312]
Event: 11.221 Thread 0x08b2fc00 Exception <a 'java/security/PrivilegedActionException'> (0x11784fb8) thrown at [C:\re\workspace\8-2-build-windows-i586-cygwin\jdk8u31\2394\hotspot\src\share\vm\prims\jvm.cpp, line 1312]
Event: 11.221 Thread 0x08b2fc00 Exception <a 'java/security/PrivilegedActionException'> (0x1178cb90) thrown at [C:\re\workspace\8-2-build-windows-i586-cygwin\jdk8u31\2394\hotspot\src\share\vm\prims\jvm.cpp, line 1312]
Event: 11.222 Thread 0x08b2fc00 Exception <a 'java/security/PrivilegedActionException'> (0x1179aa70) thrown at [C:\re\workspace\8-2-build-windows-i586-cygwin\jdk8u31\2394\hotspot\src\share\vm\prims\jvm.cpp, line 1312]
Event: 11.226 Thread 0x08b2fc00 Exception <a 'java/security/PrivilegedActionException'> (0x11922328) thrown at [C:\re\workspace\8-2-build-windows-i586-cygwin\jdk8u31\2394\hotspot\src\share\vm\prims\jvm.cpp, line 1312]
Event: 11.227 Thread 0x08b2fc00 Exception <a 'java/security/PrivilegedActionException'> (0x11929628) thrown at [C:\re\workspace\8-2-build-windows-i586-cygwin\jdk8u31\2394\hotspot\src\share\vm\prims\jvm.cpp, line 1312]
Event: 11.267 Thread 0x08b2e800 Exception <a 'java/security/PrivilegedActionException'> (0x1164f740) thrown at [C:\re\workspace\8-2-build-windows-i586-cygwin\jdk8u31\2394\hotspot\src\share\vm\prims\jvm.cpp, line 1312]

Events (10 events):
Event: 12.964 Thread 0x08b30400 Thread added: 0x08b30400
Event: 12.965 Thread 0x08b30400 Thread exited: 0x08b30400
Event: 12.974 Thread 0x08b30400 Thread added: 0x08b30400
Event: 12.975 Thread 0x08b30400 Thread exited: 0x08b30400
Event: 12.994 Thread 0x08b30400 Thread added: 0x08b30400
Event: 12.995 Thread 0x08b30400 Thread exited: 0x08b30400
Event: 13.014 Thread 0x08b30400 Thread added: 0x08b30400
Event: 13.014 Thread 0x08b2cc00 Thread added: 0x08b2cc00
Event: 13.014 Executing VM operation: RevokeBias
Event: 13.014 Executing VM operation: RevokeBias done


Dynamic libraries:
0x001a0000 - 0x001d0000 	C:\Program Files (x86)\Java\jdk1.8.0_31\bin\java.exe
0x76ed0000 - 0x7703e000 	C:\Windows\SYSTEM32\ntdll.dll
0x76a90000 - 0x76bd0000 	C:\Windows\SYSTEM32\KERNEL32.DLL
0x75580000 - 0x75657000 	C:\Windows\SYSTEM32\KERNELBASE.dll
0x620c0000 - 0x62160000 	C:\Windows\system32\apphelp.dll
0x578f0000 - 0x57b55000 	C:\Windows\AppPatch\AcGenral.DLL
0x74f70000 - 0x75033000 	C:\Windows\SYSTEM32\msvcrt.dll
0x754d0000 - 0x75511000 	C:\Windows\SYSTEM32\sechost.dll
0x746d0000 - 0x746ee000 	C:\Windows\SYSTEM32\SspiCli.dll
0x75660000 - 0x756a5000 	C:\Windows\SYSTEM32\SHLWAPI.dll
0x73c50000 - 0x73d3d000 	C:\Windows\SYSTEM32\UxTheme.dll
0x74dd0000 - 0x74f23000 	C:\Windows\SYSTEM32\USER32.dll
0x746f0000 - 0x747fe000 	C:\Windows\SYSTEM32\GDI32.dll
0x6c9a0000 - 0x6c9c3000 	C:\Windows\SYSTEM32\WINMM.dll
0x6c3a0000 - 0x6c3b3000 	C:\Windows\SYSTEM32\samcli.dll
0x74bb0000 - 0x74cd8000 	C:\Windows\SYSTEM32\ole32.dll
0x75040000 - 0x750d5000 	C:\Windows\SYSTEM32\OLEAUT32.dll
0x61b00000 - 0x61b17000 	C:\Windows\SYSTEM32\MSACM32.dll
0x74620000 - 0x74628000 	C:\Windows\SYSTEM32\VERSION.dll
0x75750000 - 0x769fc000 	C:\Windows\SYSTEM32\SHELL32.dll
0x742f0000 - 0x7430b000 	C:\Windows\SYSTEM32\USERENV.dll
0x6c870000 - 0x6c88a000 	C:\Windows\SYSTEM32\dwmapi.dll
0x6c4f0000 - 0x6c63a000 	C:\Windows\SYSTEM32\urlmon.dll
0x750e0000 - 0x7515c000 	C:\Windows\SYSTEM32\ADVAPI32.dll
0x732d0000 - 0x73335000 	C:\Windows\SYSTEM32\WINSPOOL.DRV
0x733f0000 - 0x73406000 	C:\Windows\SYSTEM32\MPR.dll
0x74ce0000 - 0x74d9a000 	C:\Windows\SYSTEM32\RPCRT4.dll
0x746c0000 - 0x746ca000 	C:\Windows\SYSTEM32\CRYPTBASE.dll
0x76bd0000 - 0x76d4d000 	C:\Windows\SYSTEM32\combase.dll
0x6c970000 - 0x6c993000 	C:\Windows\SYSTEM32\WINMMBASE.dll
0x739d0000 - 0x739df000 	C:\Windows\SYSTEM32\profapi.dll
0x73790000 - 0x739c2000 	C:\Windows\SYSTEM32\iertutil.dll
0x73a70000 - 0x73c45000 	C:\Windows\SYSTEM32\WININET.dll
0x74660000 - 0x746b4000 	C:\Windows\SYSTEM32\bcryptPrimitives.dll
0x74f30000 - 0x74f6c000 	C:\Windows\SYSTEM32\cfgmgr32.dll
0x6c940000 - 0x6c961000 	C:\Windows\SYSTEM32\DEVOBJ.dll
0x74590000 - 0x7461b000 	C:\Windows\SYSTEM32\SHCORE.DLL
0x76d60000 - 0x76d87000 	C:\Windows\system32\IMM32.DLL
0x75240000 - 0x75353000 	C:\Windows\SYSTEM32\MSCTF.dll
0x74630000 - 0x7465e000 	C:\Windows\SYSTEM32\nvinit.dll
0x0f000000 - 0x0f006000 	C:\Program Files (x86)\NVIDIA Corporation\CoProcManager\_etoured.dll
0x735c0000 - 0x735eb000 	C:\Program Files (x86)\NVIDIA Corporation\CoProcManager\nvd3d9wrap.dll
0x74860000 - 0x74a11000 	C:\Windows\SYSTEM32\SETUPAPI.dll
0x735a0000 - 0x735bf000 	C:\Program Files (x86)\NVIDIA Corporation\CoProcManager\nvdxgiwrap.dll
0x740d0000 - 0x742d6000 	C:\Windows\WinSxS\x86_microsoft.windows.common-controls_6595b64144ccf1df_6.0.9600.17415_none_a9ed7f470139b3c1\COMCTL32.dll
0x6b670000 - 0x6b6eb000 	C:\Program Files (x86)\AVG\AVG2015\avghookx.dll
0x57830000 - 0x578ef000 	C:\Program Files (x86)\Java\jdk1.8.0_31\jre\bin\msvcr100.dll
0x57480000 - 0x57824000 	C:\Program Files (x86)\Java\jdk1.8.0_31\jre\bin\client\jvm.dll
0x73540000 - 0x73548000 	C:\Windows\SYSTEM32\WSOCK32.dll
0x75570000 - 0x75576000 	C:\Windows\SYSTEM32\PSAPI.DLL
0x75160000 - 0x751b0000 	C:\Windows\SYSTEM32\WS2_32.dll
0x75560000 - 0x75567000 	C:\Windows\SYSTEM32\NSI.dll
0x62010000 - 0x6201c000 	C:\Program Files (x86)\Java\jdk1.8.0_31\jre\bin\verify.dll
0x57450000 - 0x57471000 	C:\Program Files (x86)\Java\jdk1.8.0_31\jre\bin\java.dll
0x57430000 - 0x57443000 	C:\Program Files (x86)\Java\jdk1.8.0_31\jre\bin\zip.dll
0x572e0000 - 0x57426000 	C:\Program Files (x86)\Java\jdk1.8.0_31\jre\bin\awt.dll
0x735f0000 - 0x735f9000 	C:\Windows\SYSTEM32\kernel.appcore.dll
0x66490000 - 0x66663000 	C:\Windows\system32\d3d9.dll
0x66120000 - 0x661fe000 	C:\Windows\SYSTEM32\nvumdshim.dll
0x5d070000 - 0x5e74e000 	C:\Windows\system32\igdumdim32.dll
0x64fe0000 - 0x65858000 	C:\Windows\SYSTEM32\igdusc32.dll
0x572a0000 - 0x572d9000 	C:\Program Files (x86)\Java\jdk1.8.0_31\jre\bin\fontmanager.dll
0x57280000 - 0x57295000 	C:\Program Files (x86)\Java\jdk1.8.0_31\jre\bin\net.dll
0x6c700000 - 0x6c74b000 	C:\Windows\system32\mswsock.dll
0x61d50000 - 0x61d5f000 	C:\Program Files (x86)\Java\jdk1.8.0_31\jre\bin\nio.dll
0x57250000 - 0x57280000 	C:\Program Files (x86)\Java\jdk1.8.0_31\jre\bin\t2k.dll
0x50c70000 - 0x50c90000 	C:\Program Files (x86)\Java\jdk1.8.0_31\jre\bin\sunec.dll
0x61af0000 - 0x61af9000 	C:\Program Files (x86)\Java\jdk1.8.0_31\jre\bin\sunmscapi.dll
0x74a20000 - 0x74ba8000 	C:\Windows\SYSTEM32\CRYPT32.dll
0x76d90000 - 0x76d9e000 	C:\Windows\SYSTEM32\MSASN1.dll
0x6e790000 - 0x6e7a9000 	C:\Windows\SYSTEM32\CRYPTSP.dll
0x6e760000 - 0x6e790000 	C:\Windows\system32\rsaenh.dll
0x733d0000 - 0x733ee000 	C:\Windows\SYSTEM32\bcrypt.dll
0x743d0000 - 0x743f0000 	C:\Windows\SYSTEM32\IPHLPAPI.DLL
0x73a60000 - 0x73a68000 	C:\Windows\SYSTEM32\WINNSI.DLL
0x751b0000 - 0x7523d000 	C:\Windows\SYSTEM32\clbcatq.dll
0x6b710000 - 0x6b723000 	C:\Windows\SYSTEM32\dhcpcsvc6.DLL
0x6b6f0000 - 0x6b704000 	C:\Windows\SYSTEM32\dhcpcsvc.DLL
0x73580000 - 0x73591000 	C:\Windows\system32\napinsp.dll
0x73560000 - 0x73576000 	C:\Windows\system32\pnrpnsp.dll
0x6b200000 - 0x6b214000 	C:\Windows\system32\NLAapi.dll
0x6b870000 - 0x6b8ee000 	C:\Windows\SYSTEM32\DNSAPI.dll
0x73550000 - 0x7355a000 	C:\Windows\System32\winrnr.dll
0x6b1f0000 - 0x6b200000 	C:\Windows\system32\wshbth.dll
0x6b840000 - 0x6b861000 	C:\Program Files (x86)\Bonjour\mdnsNSP.dll
0x6b830000 - 0x6b838000 	C:\Windows\System32\rasadhlp.dll
0x6b7e0000 - 0x6b826000 	C:\Windows\System32\fwpuclnt.dll
0x50c40000 - 0x50c65000 	C:\Program Files (x86)\Java\jdk1.8.0_31\jre\bin\jpeg.dll
0x58850000 - 0x589bb000 	C:\Windows\SYSTEM32\WindowsCodecs.dll
0x5f190000 - 0x5f19a000 	C:\Program Files (x86)\Java\jdk1.8.0_31\jre\bin\management.dll
0x5cc40000 - 0x5cc4a000 	C:\Program Files (x86)\Java\jdk1.8.0_31\jre\bin\jsound.dll
0x57240000 - 0x57249000 	C:\Program Files (x86)\Java\jdk1.8.0_31\jre\bin\jsoundds.dll
0x5cda0000 - 0x5ce21000 	C:\Windows\SYSTEM32\DSOUND.dll
0x68c80000 - 0x68cc0000 	C:\Windows\SYSTEM32\POWRPROF.dll
0x68c20000 - 0x68c73000 	C:\Windows\SYSTEM32\MMDevAPI.DLL
0x5ce30000 - 0x5ce66000 	C:\Windows\SYSTEM32\wdmaud.drv
0x6b070000 - 0x6b077000 	C:\Windows\SYSTEM32\ksuser.dll
0x74410000 - 0x7441a000 	C:\Windows\SYSTEM32\AVRT.dll
0x68cc0000 - 0x68d20000 	C:\Windows\SYSTEM32\AUDIOSES.DLL
0x74400000 - 0x74409000 	C:\Windows\SYSTEM32\msacm32.drv
0x743f0000 - 0x743f8000 	C:\Windows\SYSTEM32\midimap.dll
0x50ad0000 - 0x50b8e000 	C:\Users\Piotr\AppData\Local\Temp\javacpp18467739203898\msvcr100.dll
0x50a60000 - 0x50ac9000 	C:\Users\Piotr\AppData\Local\Temp\javacpp18467739203898\msvcp100.dll
0x50700000 - 0x50906000 	C:\Users\Piotr\AppData\Local\Temp\javacpp18467739203898\opencv_core249.dll
0x505b0000 - 0x506f8000 	C:\Users\Piotr\AppData\Local\Temp\javacpp18467739203898\jniopencv_core.dll
0x50340000 - 0x505ad000 	C:\Users\Piotr\AppData\Local\Temp\javacpp18467739203898\opencv_imgproc249.dll
0x509e0000 - 0x50a60000 	C:\Users\Piotr\AppData\Local\Temp\javacpp18467739203898\jniopencv_imgproc.dll
0x70fc0000 - 0x71ef6000 	C:\Users\Piotr\AppData\Local\Temp\javacpp18467739203898\opencv_ffmpeg249.dll
0x50130000 - 0x50337000 	C:\Users\Piotr\AppData\Local\Temp\javacpp18467739203898\opencv_highgui249.dll
0x50c20000 - 0x50c3a000 	C:\Windows\SYSTEM32\AVIFIL32.dll
0x50bf0000 - 0x50c13000 	C:\Windows\SYSTEM32\MSVFW32.dll
0x509c0000 - 0x509d4000 	C:\Windows\SYSTEM32\AVICAP32.dll
0x500f0000 - 0x5012c000 	C:\Users\Piotr\AppData\Local\Temp\javacpp18467739203898\jniopencv_highgui.dll
0x6b0d0000 - 0x6b0e4000 	C:\Windows\SYSTEM32\devenum.dll
0x73750000 - 0x73778000 	C:\Windows\SYSTEM32\ntmarta.dll
0x75520000 - 0x7555d000 	C:\Windows\SYSTEM32\WINTRUST.dll
0x6b0c0000 - 0x6b0cb000 	C:\Windows\SYSTEM32\msdmo.dll
0x500b0000 - 0x500e1000 	C:\Windows\SYSTEM32\qcap.dll
0x77e60000 - 0x77fff000 	C:\Windows\SYSTEM32\quartz.dll
0x6b080000 - 0x6b0c0000 	C:\Windows\SYSTEM32\ksproxy.ax
0x6b060000 - 0x6b06c000 	C:\Windows\SYSTEM32\vidcap.ax
0x6b040000 - 0x6b05f000 	C:\Windows\SYSTEM32\kswdmcap.ax
0x629c0000 - 0x62ac4000 	C:\Windows\SYSTEM32\MFC42.dll
0x62910000 - 0x629b9000 	C:\Windows\SYSTEM32\ODBC32.dll
0x50020000 - 0x500ae000 	C:\Windows\SYSTEM32\qedit.dll
0x756b0000 - 0x7574b000 	C:\Windows\SYSTEM32\COMDLG32.dll
0x6c9d0000 - 0x6cb40000 	C:\Windows\WinSxS\x86_microsoft.windows.gdiplus_6595b64144ccf1df_1.1.9600.17415_none_dad8722c5bcc2d8f\gdiplus.dll
0x5e750000 - 0x5e83c000 	C:\Windows\SYSTEM32\DDRAW.dll

VM Arguments:
jvm_args: -Dfile.encoding=UTF-8 
java_command: wideokomunikator.main
java_class_path (initial): D:\Programowanie\javacv\javacv-bin\ffmpeg.jar;D:\Programowanie\javacv\javacv-bin\javacpp.jar;D:\Programowanie\javacv\javacv-bin\javacv.jar;D:\Programowanie\javacv\javacv-bin\opencv.jar;C:\Program Files\Java\jdk1.8.0_05\db\lib\derby.jar;C:\Program Files\Java\jdk1.8.0_05\db\lib\derbyclient.jar;C:\Program Files\Java\jdk1.8.0_05\db\lib\derbytools.jar;C:\Program Files\Java\jdk1.8.0_05\db\lib\derbynet.jar;D:\Programowanie\xuggle-xuggler-5.4.jar;D:\Programowanie\slf4j-simple-1.7.10.jar;D:\Programowanie\slf4j-api-1.7.10.jar;D:\Programowanie\javacv\javacv-bin\opencv-linux-x86.jar;D:\Programowanie\javacv\javacv-bin\opencv-linux-x86_64.jar;D:\Programowanie\javacv\javacv-bin\opencv-macosx-x86_64.jar;D:\Programowanie\javacv\javacv-bin\opencv-windows-x86.jar;D:\Programowanie\javacv\javacv-bin\opencv-windows-x86_64.jar;C:\Users\Piotr\Documents\NetBeansProjects\Wideokomunikator\build\classes
Launcher Type: SUN_STANDARD

Environment Variables:
JAVA_HOME=C:\Program Files\Java\jdk1.8.0_05
CLASSPATH=.;C:\PROGRA~2\JMF2.1.1e\lib\sound.jar;C:\PROGRA~2\JMF2.1.1e\lib\jmf.jar;C:\PROGRA~2\JMF2.1.1e\lib;.;.;.;c:\PROGRA~2\java\JMF21~1.1E\lib\sound.jar;c:\PROGRA~2\java\JMF21~1.1E\lib\jmf.jar;c:\PROGRA~2\java\JMF21~1.1E\lib;
PATH=C:\Program Files (x86)\NVIDIA Corporation\PhysX\Common;C:\ProgramData\Oracle\Java\javapath;C:\Python34\;C:\Python34\Scripts;C:\Program Files (x86)\Intel\iCLS Client\;C:\Program Files\Intel\iCLS Client\;C:\Windows\system32;C:\Windows;C:\Windows\System32\Wbem;C:\Windows\System32\WindowsPowerShell\v1.0\;C:\Program Files\Intel\Intel(R) Management Engine Components\DAL;C:\Program Files\Intel\Intel(R) Management Engine Components\IPT;C:\Program Files (x86)\Intel\Intel(R) Management Engine Components\DAL;C:\Program Files (x86)\Intel\Intel(R) Management Engine Components\IPT;C:\Program Files\nodejs\;C:\Windows\Microsoft.NET\Framework\v4.0.30319;C:\Program Files\Microsoft SQL Server\110\Tools\Binn\;C:\Program Files\Java\jdk1.8.0_05\bin;C:\Program Files\apache-ant-1.9.4\bin;%XUGGLE_HOME%\bin;C:\Program Files (x86)\QuickTime\QTSystem\;c:\PROGRA~2\java\JMF21~1.1E\lib;C:\Users\Piotr\AppData\Roaming\npm;C:\Program Files (x86)\Bitvise SSH Client;C:\Program Files\Java\jdk1.8.0_05\bin
USERNAME=Piotr
OS=Windows_NT
PROCESSOR_IDENTIFIER=Intel64 Family 6 Model 60 Stepping 3, GenuineIntel



---------------  S Y S T E M  ---------------

OS: Windows 8.1 , 64 bit Build 9600 

CPU:total 8 (4 cores per cpu, 2 threads per core) family 6 model 60 stepping 3, cmov, cx8, fxsr, mmx, sse, sse2, sse3, ssse3, sse4.1, sse4.2, popcnt, avx, avx2, aes, clmul, erms, lzcnt, ht, tsc, tscinvbit, bmi1, bmi2

Memory: 4k page, physical 15910992k(9457988k free), swap 36390992k(28432668k free)

vm_info: Java HotSpot(TM) Client VM (25.31-b07) for windows-x86 JRE (1.8.0_31-b13), built on Dec 17 2014 20:46:12 by "java_re" with MS VC++ 10.0 (VS2010)

time: Wed Feb 18 14:05:34 2015
elapsed time: 13 seconds (0d 0h 0m 13s)

