#
# A fatal error has been detected by the Java Runtime Environment:
#
#  EXCEPTION_ACCESS_VIOLATION (0xc0000005) at pc=0x0ba5119a, pid=3360, tid=5468
#
# JRE version: Java(TM) SE Runtime Environment (8.0_31-b13) (build 1.8.0_31-b13)
# Java VM: Java HotSpot(TM) Client VM (25.31-b07 mixed mode windows-x86 )
# Problematic frame:
# C  [xuggle3032102402865600061.dll+0x30119a]
#
# Failed to write core dump. Minidumps are not enabled by default on client versions of Windows
#
# If you would like to submit a bug report, please visit:
#   http://bugreport.java.com/bugreport/crash.jsp
# The crash happened outside the Java Virtual Machine in native code.
# See problematic frame for where to report the bug.
#

---------------  T H R E A D  ---------------

Current thread (0x065ba800):  JavaThread "Thread-39" [_thread_in_native, id=5468, stack(0x1fcd0000,0x1fd20000)]

siginfo: ExceptionCode=0xc0000005, reading address 0xc5332b76

Registers:
EAX=0x00000000, EBX=0x1fd1f348, ECX=0x00000000, EDX=0xc5332b76
ESP=0x1fd1f0c0, EBP=0xc5332b76, ESI=0x41444ef5, EDI=0x0aa51a40
EIP=0x0ba5119a, EFLAGS=0x00010246

Top of Stack: (sp=0x1fd1f0c0)
0x1fd1f0c0:   02ec03b2 1fd1f780 06996d48 1fd1f200
0x1fd1f0d0:   1fd1f14c 6a6a6b85 06996d48 00000000
0x1fd1f0e0:   1fd1f2c8 065ba800 6a6a7451 065ba800
0x1fd1f0f0:   05d1c858 1fd1f2c8 065ba800 06498828
0x1fd1f100:   04fe9f88 0f2fad98 1fd1f780 02ecbe21
0x1fd1f110:   1fd1f7d0 1fd1f2c8 065ba800 05d1c6b8
0x1fd1f120:   06654fe0 06654ff0 066550d4 000000ec
0x1fd1f130:   0aa54780 04fe9f88 065ba800 0000000a 

Instructions: (pc=0x0ba5119a)
0x0ba5117a:   00 89 84 24 80 00 00 00 89 5c 24 70 8b 9c 24 60
0x0ba5118a:   02 00 00 8b 4b 08 8b 13 89 c8 83 e1 07 c1 e8 03
0x0ba5119a:   8b 04 02 0f c8 d3 e0 c1 e8 f4 3d ff 0f 00 00 0f
0x0ba511aa:   84 bf 12 00 00 8b 5c 24 70 c7 84 24 90 00 00 00 


Register to memory mapping:

EAX=0x00000000 is an unknown value
EBX=0x1fd1f348 is pointing into the stack for thread: 0x065ba800
ECX=0x00000000 is an unknown value
EDX=0xc5332b76 is an unknown value
ESP=0x1fd1f0c0 is pointing into the stack for thread: 0x065ba800
EBP=0xc5332b76 is an unknown value
ESI=0x41444ef5 is an unknown value
EDI=0x0aa51a40 is an unknown value


Stack: [0x1fcd0000,0x1fd20000],  sp=0x1fd1f0c0,  free space=316k
Native frames: (J=compiled Java code, j=interpreted, Vv=VM code, C=native code)
C  [xuggle3032102402865600061.dll+0x30119a]

Java frames: (J=compiled Java code, j=interpreted, Vv=VM code)
j  com.xuggle.xuggler.XugglerJNI.IStreamCoder_decodeAudio(JLcom/xuggle/xuggler/IStreamCoder;JLcom/xuggle/xuggler/IAudioSamples;JLcom/xuggle/xuggler/IPacket;I)I+0
j  com.xuggle.xuggler.IStreamCoder.decodeAudio(Lcom/xuggle/xuggler/IAudioSamples;Lcom/xuggle/xuggler/IPacket;I)I+16
j  wideokomunikator.audiovideo.AudioVideo.decodeAudio(Lwideokomunikator/audiovideo/Packet;I)V+79
j  wideokomunikator.audiovideo.AudioVideo.access$2400(Lwideokomunikator/audiovideo/AudioVideo;Lwideokomunikator/audiovideo/Packet;I)V+3
j  wideokomunikator.audiovideo.AudioVideo$8.run()V+139
j  java.lang.Thread.run()V+11
v  ~StubRoutines::call_stub

---------------  P R O C E S S  ---------------

Java Threads: ( => current thread )
  0x065ba000 JavaThread "Thread-43" [_thread_blocked, id=8132, stack(0x1f3b0000,0x1f400000)]
  0x065b8800 JavaThread "Thread-40" [_thread_blocked, id=4232, stack(0x09190000,0x091e0000)]
  0x065b7000 JavaThread "Thread-38" [_thread_blocked, id=2032, stack(0x1fd60000,0x1fdb0000)]
=>0x065ba800 JavaThread "Thread-39" [_thread_in_native, id=5468, stack(0x1fcd0000,0x1fd20000)]
  0x065b5c00 JavaThread "Thread-27" [_thread_in_native, id=2420, stack(0x1f320000,0x1f370000)]
  0x065b9400 JavaThread "Thread-31" [_thread_blocked, id=3524, stack(0x1f290000,0x1f2e0000)]
  0x065b6000 JavaThread "Thread-26" [_thread_blocked, id=1920, stack(0x1f200000,0x1f250000)]
  0x065b5400 JavaThread "Thread-30" [_thread_blocked, id=6908, stack(0x0f170000,0x0f1c0000)]
  0x065b7400 JavaThread "Thread-29" [_thread_in_native, id=7264, stack(0x0f0e0000,0x0f130000)]
  0x065b8c00 JavaThread "Thread-28" [_thread_in_native, id=2664, stack(0x0f050000,0x0f0a0000)]
  0x065b8000 JavaThread "Java Sound Event Dispatcher" daemon [_thread_blocked, id=5544, stack(0x098b0000,0x09900000)]
  0x065b5000 JavaThread "Thread-23" [_thread_in_native, id=3196, stack(0x096e0000,0x09730000)]
  0x06717000 JavaThread "Thread-22" [_thread_in_native, id=3548, stack(0x09530000,0x09580000)]
  0x06717400 JavaThread "Thread-19" [_thread_in_native, id=4140, stack(0x095c0000,0x09610000)]
  0x06716400 JavaThread "D3D Screen Updater" daemon [_thread_blocked, id=5024, stack(0x0ab70000,0x0abc0000)]
  0x06715400 JavaThread "DestroyJavaVM" [_thread_blocked, id=2552, stack(0x00fa0000,0x00ff0000)]
  0x06715000 JavaThread "Thread-10" [_thread_in_native, id=7692, stack(0x09c20000,0x09c70000)]
  0x06718000 JavaThread "Thread-9" [_thread_blocked, id=6156, stack(0x09e60000,0x09eb0000)]
  0x06715c00 JavaThread "Thread-8" [_thread_blocked, id=4608, stack(0x09dd0000,0x09e20000)]
  0x06714800 JavaThread "Thread-7" [_thread_in_native, id=8008, stack(0x09d40000,0x09d90000)]
  0x05c45800 JavaThread "TimerQueue" daemon [_thread_blocked, id=8064, stack(0x09b10000,0x09b60000)]
  0x066cd000 JavaThread "AWT-EventQueue-0" [_thread_blocked, id=4688, stack(0x09a80000,0x09ad0000)]
  0x06699400 JavaThread "AWT-Windows" daemon [_thread_in_native, id=7964, stack(0x07a80000,0x07ad0000)]
  0x06698c00 JavaThread "AWT-Shutdown" [_thread_blocked, id=3664, stack(0x079f0000,0x07a40000)]
  0x0642d800 JavaThread "Java2D Disposer" daemon [_thread_blocked, id=1252, stack(0x07960000,0x079b0000)]
  0x05468400 JavaThread "Thread-0" [_thread_in_native, id=5360, stack(0x072b0000,0x07300000)]
  0x06343800 JavaThread "derby.rawStoreDaemon" daemon [_thread_blocked, id=6728, stack(0x06f20000,0x06f70000)]
  0x05cc5c00 JavaThread "DRDAConnThread_2" daemon [_thread_in_native, id=6140, stack(0x06e90000,0x06ee0000)]
  0x05d25400 JavaThread "NetworkServerThread_1" daemon [_thread_in_native, id=3568, stack(0x06d00000,0x06d50000)]
  0x0624e000 JavaThread "derby.NetworkServerStarter" daemon [_thread_blocked, id=7824, stack(0x06c70000,0x06cc0000)]
  0x05d1e400 JavaThread "Timer-0" daemon [_thread_blocked, id=5188, stack(0x061d0000,0x06220000)]
  0x053e3400 JavaThread "Service Thread" daemon [_thread_blocked, id=5132, stack(0x058c0000,0x05910000)]
  0x053ea800 JavaThread "C1 CompilerThread0" daemon [_thread_blocked, id=1364, stack(0x05830000,0x05880000)]
  0x053e9800 JavaThread "Attach Listener" daemon [_thread_blocked, id=3584, stack(0x057a0000,0x057f0000)]
  0x053e7800 JavaThread "Signal Dispatcher" daemon [_thread_blocked, id=4588, stack(0x05710000,0x05760000)]
  0x053b6800 JavaThread "Finalizer" daemon [_thread_blocked, id=2716, stack(0x05680000,0x056d0000)]
  0x02ebe800 JavaThread "Reference Handler" daemon [_thread_blocked, id=1308, stack(0x055f0000,0x05640000)]

Other Threads:
  0x02ebd000 VMThread [stack: 0x02cd0000,0x02d20000] [id=1144]
  0x05403800 WatcherThread [stack: 0x05950000,0x059a0000] [id=3492]

VM state:not at safepoint (normal execution)

VM Mutex/Monitor currently owned by a thread: None

Heap:
 def new generation   total 12096K, used 6945K [0x0f200000, 0x0ff10000, 0x14750000)
  eden space 10816K,  52% used [0x0f200000, 0x0f7956e0, 0x0fc90000)
  from space 1280K,  95% used [0x0fc90000, 0x0fdc2d28, 0x0fdd0000)
  to   space 1280K,   0% used [0x0fdd0000, 0x0fdd0000, 0x0ff10000)
 tenured generation   total 26492K, used 20770K [0x14750000, 0x1612f000, 0x1f200000)
   the space 26492K,  78% used [0x14750000, 0x15b98938, 0x15b98a00, 0x1612f000)
 Metaspace       used 18934K, capacity 19125K, committed 19200K, reserved 19840K

Card table byte_map: [0x04ec0000,0x04f50000] byte_map_base: 0x04e47000

Polling page: 0x00ff0000

CodeCache: size=32768Kb used=2208Kb max_used=2208Kb free=30559Kb
 bounds [0x02ec0000, 0x030f0000, 0x04ec0000]
 total_blobs=1490 nmethods=1104 adapters=317
 compilation: enabled

Compilation events (10 events):
Event: 22.195 Thread 0x053ea800 1120             javax.swing.JComponent::setFlag (34 bytes)
Event: 22.195 Thread 0x053ea800 nmethod 1120 0x030e5f48 code [0x030e6040, 0x030e6110]
Event: 22.503 Thread 0x053ea800 1123             com.xuggle.xuggler.IVideoPicture::getCPtr (11 bytes)
Event: 22.503 Thread 0x053ea800 nmethod 1123 0x030e6688 code [0x030e6790, 0x030e68cc]
Event: 22.503 Thread 0x053ea800 1124             com.xuggle.xuggler.IVideoPicture::getMyCPtr (24 bytes)
Event: 22.503 Thread 0x053ea800 nmethod 1124 0x030e6988 code [0x030e6a90, 0x030e6bac]
Event: 22.504 Thread 0x053ea800 1125   !         sun.java2d.SunGraphics2D::validateCompClip (224 bytes)
Event: 22.504 Thread 0x053ea800 nmethod 1125 0x030e6c48 code [0x030e6e30, 0x030e74e4]
Event: 22.540 Thread 0x053ea800 1126 % !         java.lang.ref.Reference$ReferenceHandler::run @ 0 (102 bytes)
Event: 22.540 Thread 0x053ea800 nmethod 1126% 0x030e7b88 code [0x030e7d00, 0x030e8188]

GC Heap History (10 events):
Event: 22.173 GC heap before
{Heap before GC invocations=99 (full 21):
 def new generation   total 12096K, used 11908K [0x0f200000, 0x0ff10000, 0x14750000)
  eden space 10816K,  98% used [0x0f200000, 0x0fc6e590, 0x0fc90000)
  from space 1280K,  95% used [0x0fdd0000, 0x0ff02d70, 0x0ff10000)
  to   space 1280K,   0% used [0x0fc90000, 0x0fc90000, 0x0fdd0000)
 tenured generation   total 26492K, used 18115K [0x14750000, 0x1612f000, 0x1f200000)
   the space 26492K,  68% used [0x14750000, 0x15900de8, 0x15900e00, 0x1612f000)
 Metaspace       used 18934K, capacity 19125K, committed 19200K, reserved 19840K
Event: 22.175 GC heap after
Heap after GC invocations=100 (full 21):
 def new generation   total 12096K, used 1191K [0x0f200000, 0x0ff10000, 0x14750000)
  eden space 10816K,   0% used [0x0f200000, 0x0f200000, 0x0fc90000)
  from space 1280K,  93% used [0x0fc90000, 0x0fdb9d88, 0x0fdd0000)
  to   space 1280K,   0% used [0x0fdd0000, 0x0fdd0000, 0x0ff10000)
 tenured generation   total 26492K, used 21196K [0x14750000, 0x1612f000, 0x1f200000)
   the space 26492K,  80% used [0x14750000, 0x15c03298, 0x15c03400, 0x1612f000)
 Metaspace       used 18934K, capacity 19125K, committed 19200K, reserved 19840K
}
Event: 22.365 GC heap before
{Heap before GC invocations=100 (full 21):
 def new generation   total 12096K, used 11599K [0x0f200000, 0x0ff10000, 0x14750000)
  eden space 10816K,  96% used [0x0f200000, 0x0fc29f28, 0x0fc90000)
  from space 1280K,  93% used [0x0fc90000, 0x0fdb9d88, 0x0fdd0000)
  to   space 1280K,   0% used [0x0fdd0000, 0x0fdd0000, 0x0ff10000)
 tenured generation   total 26492K, used 21196K [0x14750000, 0x1612f000, 0x1f200000)
   the space 26492K,  80% used [0x14750000, 0x15c03298, 0x15c03400, 0x1612f000)
 Metaspace       used 18934K, capacity 19125K, committed 19200K, reserved 19840K
Event: 22.367 GC heap after
Heap after GC invocations=101 (full 21):
 def new generation   total 12096K, used 1227K [0x0f200000, 0x0ff10000, 0x14750000)
  eden space 10816K,   0% used [0x0f200000, 0x0f200000, 0x0fc90000)
  from space 1280K,  95% used [0x0fdd0000, 0x0ff02ca8, 0x0ff10000)
  to   space 1280K,   0% used [0x0fc90000, 0x0fc90000, 0x0fdd0000)
 tenured generation   total 26492K, used 24053K [0x14750000, 0x1612f000, 0x1f200000)
   the space 26492K,  90% used [0x14750000, 0x15ecd568, 0x15ecd600, 0x1612f000)
 Metaspace       used 18934K, capacity 19125K, committed 19200K, reserved 19840K
}
Event: 22.517 GC heap before
{Heap before GC invocations=101 (full 21):
 def new generation   total 12096K, used 11988K [0x0f200000, 0x0ff10000, 0x14750000)
  eden space 10816K,  99% used [0x0f200000, 0x0fc826a8, 0x0fc90000)
  from space 1280K,  95% used [0x0fdd0000, 0x0ff02ca8, 0x0ff10000)
  to   space 1280K,   0% used [0x0fc90000, 0x0fc90000, 0x0fdd0000)
 tenured generation   total 26492K, used 24053K [0x14750000, 0x1612f000, 0x1f200000)
   the space 26492K,  90% used [0x14750000, 0x15ecd568, 0x15ecd600, 0x1612f000)
 Metaspace       used 18934K, capacity 19125K, committed 19200K, reserved 19840K
Event: 22.539 GC heap after
Heap after GC invocations=102 (full 22):
 def new generation   total 12096K, used 0K [0x0f200000, 0x0ff10000, 0x14750000)
  eden space 10816K,   0% used [0x0f200000, 0x0f200000, 0x0fc90000)
  from space 1280K,   0% used [0x0fc90000, 0x0fc90000, 0x0fdd0000)
  to   space 1280K,   0% used [0x0fdd0000, 0x0fdd0000, 0x0ff10000)
 tenured generation   total 26492K, used 14838K [0x14750000, 0x1612f000, 0x1f200000)
   the space 26492K,  56% used [0x14750000, 0x155cd9c8, 0x155cda00, 0x1612f000)
 Metaspace       used 18934K, capacity 19125K, committed 19200K, reserved 19840K
}
Event: 22.765 GC heap before
{Heap before GC invocations=102 (full 22):
 def new generation   total 12096K, used 10599K [0x0f200000, 0x0ff10000, 0x14750000)
  eden space 10816K,  98% used [0x0f200000, 0x0fc59f00, 0x0fc90000)
  from space 1280K,   0% used [0x0fc90000, 0x0fc90000, 0x0fdd0000)
  to   space 1280K,   0% used [0x0fdd0000, 0x0fdd0000, 0x0ff10000)
 tenured generation   total 26492K, used 14838K [0x14750000, 0x1612f000, 0x1f200000)
   the space 26492K,  56% used [0x14750000, 0x155cd9c8, 0x155cda00, 0x1612f000)
 Metaspace       used 18934K, capacity 19125K, committed 19200K, reserved 19840K
Event: 22.767 GC heap after
Heap after GC invocations=103 (full 22):
 def new generation   total 12096K, used 1190K [0x0f200000, 0x0ff10000, 0x14750000)
  eden space 10816K,   0% used [0x0f200000, 0x0f200000, 0x0fc90000)
  from space 1280K,  93% used [0x0fdd0000, 0x0fef99f0, 0x0ff10000)
  to   space 1280K,   0% used [0x0fc90000, 0x0fc90000, 0x0fdd0000)
 tenured generation   total 26492K, used 17914K [0x14750000, 0x1612f000, 0x1f200000)
   the space 26492K,  67% used [0x14750000, 0x158ce838, 0x158cea00, 0x1612f000)
 Metaspace       used 18934K, capacity 19125K, committed 19200K, reserved 19840K
}
Event: 22.973 GC heap before
{Heap before GC invocations=103 (full 22):
 def new generation   total 12096K, used 11594K [0x0f200000, 0x0ff10000, 0x14750000)
  eden space 10816K,  96% used [0x0f200000, 0x0fc290c0, 0x0fc90000)
  from space 1280K,  93% used [0x0fdd0000, 0x0fef99f0, 0x0ff10000)
  to   space 1280K,   0% used [0x0fc90000, 0x0fc90000, 0x0fdd0000)
 tenured generation   total 26492K, used 17914K [0x14750000, 0x1612f000, 0x1f200000)
   the space 26492K,  67% used [0x14750000, 0x158ce838, 0x158cea00, 0x1612f000)
 Metaspace       used 18934K, capacity 19125K, committed 19200K, reserved 19840K
Event: 22.975 GC heap after
Heap after GC invocations=104 (full 22):
 def new generation   total 12096K, used 1227K [0x0f200000, 0x0ff10000, 0x14750000)
  eden space 10816K,   0% used [0x0f200000, 0x0f200000, 0x0fc90000)
  from space 1280K,  95% used [0x0fc90000, 0x0fdc2d28, 0x0fdd0000)
  to   space 1280K,   0% used [0x0fdd0000, 0x0fdd0000, 0x0ff10000)
 tenured generation   total 26492K, used 20770K [0x14750000, 0x1612f000, 0x1f200000)
   the space 26492K,  78% used [0x14750000, 0x15b98938, 0x15b98a00, 0x1612f000)
 Metaspace       used 18934K, capacity 19125K, committed 19200K, reserved 19840K
}

Deoptimization events (0 events):
No events

Internal exceptions (10 events):
Event: 7.576 Thread 0x065b5c00 Exception <a 'java/security/PrivilegedActionException'> (0x0f3979f8) thrown at [C:\re\workspace\8-2-build-windows-i586-cygwin\jdk8u31\2394\hotspot\src\share\vm\prims\jvm.cpp, line 1312]
Event: 7.576 Thread 0x065b5c00 Exception <a 'java/security/PrivilegedActionException'> (0x0f5144f8) thrown at [C:\re\workspace\8-2-build-windows-i586-cygwin\jdk8u31\2394\hotspot\src\share\vm\prims\jvm.cpp, line 1312]
Event: 7.577 Thread 0x065b5c00 Exception <a 'java/security/PrivilegedActionException'> (0x0f51fe98) thrown at [C:\re\workspace\8-2-build-windows-i586-cygwin\jdk8u31\2394\hotspot\src\share\vm\prims\jvm.cpp, line 1312]
Event: 7.577 Thread 0x065b5c00 Exception <a 'java/security/PrivilegedActionException'> (0x0f529ec0) thrown at [C:\re\workspace\8-2-build-windows-i586-cygwin\jdk8u31\2394\hotspot\src\share\vm\prims\jvm.cpp, line 1312]
Event: 7.577 Thread 0x065b5c00 Exception <a 'java/security/PrivilegedActionException'> (0x0f532450) thrown at [C:\re\workspace\8-2-build-windows-i586-cygwin\jdk8u31\2394\hotspot\src\share\vm\prims\jvm.cpp, line 1312]
Event: 7.578 Thread 0x065b5c00 Exception <a 'java/security/PrivilegedActionException'> (0x0f53a948) thrown at [C:\re\workspace\8-2-build-windows-i586-cygwin\jdk8u31\2394\hotspot\src\share\vm\prims\jvm.cpp, line 1312]
Event: 7.578 Thread 0x065b5c00 Exception <a 'java/security/PrivilegedActionException'> (0x0f542d20) thrown at [C:\re\workspace\8-2-build-windows-i586-cygwin\jdk8u31\2394\hotspot\src\share\vm\prims\jvm.cpp, line 1312]
Event: 7.578 Thread 0x065b5c00 Exception <a 'java/security/PrivilegedActionException'> (0x0f54a920) thrown at [C:\re\workspace\8-2-build-windows-i586-cygwin\jdk8u31\2394\hotspot\src\share\vm\prims\jvm.cpp, line 1312]
Event: 7.579 Thread 0x065b5c00 Exception <a 'java/security/PrivilegedActionException'> (0x0f558880) thrown at [C:\re\workspace\8-2-build-windows-i586-cygwin\jdk8u31\2394\hotspot\src\share\vm\prims\jvm.cpp, line 1312]
Event: 7.588 Thread 0x065b9c00 Exception <a 'java/security/PrivilegedActionException'> (0x0f6ef300) thrown at [C:\re\workspace\8-2-build-windows-i586-cygwin\jdk8u31\2394\hotspot\src\share\vm\prims\jvm.cpp, line 1312]

Events (10 events):
Event: 22.988 Thread 0x065b6800 Thread added: 0x065b6800
Event: 22.988 Thread 0x065b6800 Thread exited: 0x065b6800
Event: 23.008 Thread 0x065b6800 Thread added: 0x065b6800
Event: 23.008 Thread 0x065bb400 Thread added: 0x065bb400
Event: 23.008 Thread 0x065b6800 Thread exited: 0x065b6800
Event: 23.008 Thread 0x065b6800 Thread added: 0x065b6800
Event: 23.008 Thread 0x065bb400 Thread exited: 0x065bb400
Event: 23.008 Thread 0x065bac00 Thread added: 0x065bac00
Event: 23.008 Thread 0x065b6800 Thread exited: 0x065b6800
Event: 23.008 Thread 0x065bac00 Thread exited: 0x065bac00


Dynamic libraries:
0x00d20000 - 0x00d50000 	C:\Program Files (x86)\Java\jdk1.8.0_31\bin\java.exe
0x77a40000 - 0x77bae000 	C:\Windows\SYSTEM32\ntdll.dll
0x76b20000 - 0x76c60000 	C:\Windows\SYSTEM32\KERNEL32.DLL
0x77450000 - 0x77527000 	C:\Windows\SYSTEM32\KERNELBASE.dll
0x740c0000 - 0x74160000 	C:\Windows\system32\apphelp.dll
0x6a910000 - 0x6ab75000 	C:\Windows\AppPatch\AcGenral.DLL
0x752f0000 - 0x753b3000 	C:\Windows\SYSTEM32\msvcrt.dll
0x77200000 - 0x77241000 	C:\Windows\SYSTEM32\sechost.dll
0x75240000 - 0x7525e000 	C:\Windows\SYSTEM32\SspiCli.dll
0x771a0000 - 0x771e5000 	C:\Windows\SYSTEM32\SHLWAPI.dll
0x747c0000 - 0x748ad000 	C:\Windows\SYSTEM32\UxTheme.dll
0x77250000 - 0x773a3000 	C:\Windows\SYSTEM32\USER32.dll
0x777c0000 - 0x778ce000 	C:\Windows\SYSTEM32\GDI32.dll
0x6d5a0000 - 0x6d5c3000 	C:\Windows\SYSTEM32\WINMM.dll
0x6cf40000 - 0x6cf53000 	C:\Windows\SYSTEM32\samcli.dll
0x75440000 - 0x75568000 	C:\Windows\SYSTEM32\ole32.dll
0x757c0000 - 0x75855000 	C:\Windows\SYSTEM32\OLEAUT32.dll
0x75060000 - 0x75077000 	C:\Windows\SYSTEM32\MSACM32.dll
0x75190000 - 0x75198000 	C:\Windows\SYSTEM32\VERSION.dll
0x75870000 - 0x76b1c000 	C:\Windows\SYSTEM32\SHELL32.dll
0x74e60000 - 0x74e7b000 	C:\Windows\SYSTEM32\USERENV.dll
0x6d470000 - 0x6d48a000 	C:\Windows\SYSTEM32\dwmapi.dll
0x6d0b0000 - 0x6d1fa000 	C:\Windows\SYSTEM32\urlmon.dll
0x77530000 - 0x775ac000 	C:\Windows\SYSTEM32\ADVAPI32.dll
0x6d740000 - 0x6d7a5000 	C:\Windows\SYSTEM32\WINSPOOL.DRV
0x73fb0000 - 0x73fc6000 	C:\Windows\SYSTEM32\MPR.dll
0x770e0000 - 0x7719a000 	C:\Windows\SYSTEM32\RPCRT4.dll
0x75230000 - 0x7523a000 	C:\Windows\SYSTEM32\CRYPTBASE.dll
0x76c60000 - 0x76ddd000 	C:\Windows\SYSTEM32\combase.dll
0x6d570000 - 0x6d593000 	C:\Windows\SYSTEM32\WINMMBASE.dll
0x74540000 - 0x7454f000 	C:\Windows\SYSTEM32\profapi.dll
0x74300000 - 0x74532000 	C:\Windows\SYSTEM32\iertutil.dll
0x745e0000 - 0x747b5000 	C:\Windows\SYSTEM32\WININET.dll
0x751d0000 - 0x75224000 	C:\Windows\SYSTEM32\bcryptPrimitives.dll
0x778d0000 - 0x7790c000 	C:\Windows\SYSTEM32\cfgmgr32.dll
0x6d540000 - 0x6d561000 	C:\Windows\SYSTEM32\DEVOBJ.dll
0x75100000 - 0x7518b000 	C:\Windows\SYSTEM32\SHCORE.DLL
0x75400000 - 0x75427000 	C:\Windows\system32\IMM32.DLL
0x76f60000 - 0x77073000 	C:\Windows\SYSTEM32\MSCTF.dll
0x751a0000 - 0x751ce000 	C:\Windows\SYSTEM32\nvinit.dll
0x0f000000 - 0x0f006000 	C:\Program Files (x86)\NVIDIA Corporation\CoProcManager\_etoured.dll
0x6bbc0000 - 0x6bbeb000 	C:\Program Files (x86)\NVIDIA Corporation\CoProcManager\nvd3d9wrap.dll
0x77600000 - 0x777b1000 	C:\Windows\SYSTEM32\SETUPAPI.dll
0x6bba0000 - 0x6bbbf000 	C:\Program Files (x86)\NVIDIA Corporation\CoProcManager\nvdxgiwrap.dll
0x74c40000 - 0x74e46000 	C:\Windows\WinSxS\x86_microsoft.windows.common-controls_6595b64144ccf1df_6.0.9600.17415_none_a9ed7f470139b3c1\COMCTL32.dll
0x6c130000 - 0x6c1ad000 	C:\Program Files (x86)\AVG\AVG2015\avghookx.dll
0x6b460000 - 0x6b51f000 	C:\Program Files (x86)\Java\jdk1.8.0_31\jre\bin\msvcr100.dll
0x6a560000 - 0x6a904000 	C:\Program Files (x86)\Java\jdk1.8.0_31\jre\bin\client\jvm.dll
0x740b0000 - 0x740b8000 	C:\Windows\SYSTEM32\WSOCK32.dll
0x771f0000 - 0x771f6000 	C:\Windows\SYSTEM32\PSAPI.DLL
0x775b0000 - 0x77600000 	C:\Windows\SYSTEM32\WS2_32.dll
0x76f50000 - 0x76f57000 	C:\Windows\SYSTEM32\NSI.dll
0x75050000 - 0x7505c000 	C:\Program Files (x86)\Java\jdk1.8.0_31\jre\bin\verify.dll
0x74020000 - 0x74041000 	C:\Program Files (x86)\Java\jdk1.8.0_31\jre\bin\java.dll
0x75030000 - 0x75043000 	C:\Program Files (x86)\Java\jdk1.8.0_31\jre\bin\zip.dll
0x74f70000 - 0x74f85000 	C:\Program Files (x86)\Java\jdk1.8.0_31\jre\bin\net.dll
0x6d2c0000 - 0x6d30b000 	C:\Windows\system32\mswsock.dll
0x6d450000 - 0x6d470000 	C:\Program Files (x86)\Java\jdk1.8.0_31\jre\bin\sunec.dll
0x6f490000 - 0x6f4a9000 	C:\Windows\SYSTEM32\CRYPTSP.dll
0x6f400000 - 0x6f430000 	C:\Windows\system32\rsaenh.dll
0x6f3e0000 - 0x6f3fe000 	C:\Windows\SYSTEM32\bcrypt.dll
0x74f40000 - 0x74f60000 	C:\Windows\SYSTEM32\IPHLPAPI.DLL
0x745d0000 - 0x745d8000 	C:\Windows\SYSTEM32\WINNSI.DLL
0x6b350000 - 0x6b363000 	C:\Windows\SYSTEM32\dhcpcsvc6.DLL
0x6c1e0000 - 0x6c1f4000 	C:\Windows\SYSTEM32\dhcpcsvc.DLL
0x74fd0000 - 0x74fdf000 	C:\Program Files (x86)\Java\jdk1.8.0_31\jre\bin\nio.dll
0x6c260000 - 0x6c271000 	C:\Windows\system32\napinsp.dll
0x6c240000 - 0x6c256000 	C:\Windows\system32\pnrpnsp.dll
0x6c220000 - 0x6c234000 	C:\Windows\system32\NLAapi.dll
0x6c410000 - 0x6c48e000 	C:\Windows\SYSTEM32\DNSAPI.dll
0x6c210000 - 0x6c21a000 	C:\Windows\System32\winrnr.dll
0x6c200000 - 0x6c210000 	C:\Windows\system32\wshbth.dll
0x6c3e0000 - 0x6c401000 	C:\Program Files (x86)\Bonjour\mdnsNSP.dll
0x6c3d0000 - 0x6c3d8000 	C:\Windows\System32\rasadhlp.dll
0x6c380000 - 0x6c3c6000 	C:\Windows\System32\fwpuclnt.dll
0x74010000 - 0x74019000 	C:\Program Files (x86)\Java\jdk1.8.0_31\jre\bin\sunmscapi.dll
0x75570000 - 0x756f8000 	C:\Windows\SYSTEM32\CRYPT32.dll
0x75430000 - 0x7543e000 	C:\Windows\SYSTEM32\MSASN1.dll
0x6d440000 - 0x6d44a000 	C:\Program Files (x86)\Java\jdk1.8.0_31\jre\bin\management.dll
0x6b1f0000 - 0x6b336000 	C:\Program Files (x86)\Java\jdk1.8.0_31\jre\bin\awt.dll
0x74160000 - 0x74169000 	C:\Windows\SYSTEM32\kernel.appcore.dll
0x5ead0000 - 0x5eca3000 	C:\Windows\system32\d3d9.dll
0x68160000 - 0x6823e000 	C:\Windows\SYSTEM32\nvumdshim.dll
0x63500000 - 0x64bde000 	C:\Windows\system32\igdumdim32.dll
0x66b80000 - 0x673f8000 	C:\Windows\SYSTEM32\igdusc32.dll
0x6b420000 - 0x6b459000 	C:\Program Files (x86)\Java\jdk1.8.0_31\jre\bin\fontmanager.dll
0x6b3f0000 - 0x6b420000 	C:\Program Files (x86)\Java\jdk1.8.0_31\jre\bin\t2k.dll
0x75260000 - 0x752ed000 	C:\Windows\SYSTEM32\clbcatq.dll
0x5ecb0000 - 0x5ee1b000 	C:\Windows\SYSTEM32\WindowsCodecs.dll
0x0b750000 - 0x0cd1f000 	C:\Users\Piotr\AppData\Local\Temp\xuggle\xuggle3032102402865600061.dll
0x6b3d0000 - 0x6b3e4000 	C:\Windows\SYSTEM32\AVICAP32.DLL
0x6b3a0000 - 0x6b3c3000 	C:\Windows\SYSTEM32\MSVFW32.dll
0x6b390000 - 0x6b39a000 	C:\Program Files (x86)\Java\jdk1.8.0_31\jre\bin\jsound.dll
0x6b380000 - 0x6b389000 	C:\Program Files (x86)\Java\jdk1.8.0_31\jre\bin\jsoundds.dll
0x6b160000 - 0x6b1e1000 	C:\Windows\SYSTEM32\DSOUND.dll
0x6bf80000 - 0x6bfc0000 	C:\Windows\SYSTEM32\POWRPROF.dll
0x74050000 - 0x740a3000 	C:\Windows\SYSTEM32\MMDevAPI.DLL
0x6b120000 - 0x6b156000 	C:\Windows\SYSTEM32\wdmaud.drv
0x586e0000 - 0x586e7000 	C:\Windows\SYSTEM32\ksuser.dll
0x73fe0000 - 0x73fea000 	C:\Windows\SYSTEM32\AVRT.dll
0x62e90000 - 0x62ef0000 	C:\Windows\SYSTEM32\AUDIOSES.DLL
0x6b370000 - 0x6b379000 	C:\Windows\SYSTEM32\msacm32.drv
0x6b110000 - 0x6b118000 	C:\Windows\SYSTEM32\midimap.dll
0x6a4a0000 - 0x6a55e000 	C:\Users\Piotr\AppData\Local\Temp\javacpp12997002476547\msvcr100.dll
0x6a430000 - 0x6a499000 	C:\Users\Piotr\AppData\Local\Temp\javacpp12997002476547\msvcp100.dll
0x6a220000 - 0x6a426000 	C:\Users\Piotr\AppData\Local\Temp\javacpp12997002476547\opencv_core249.dll
0x6a0d0000 - 0x6a218000 	C:\Users\Piotr\AppData\Local\Temp\javacpp12997002476547\jniopencv_core.dll
0x69e60000 - 0x6a0cd000 	C:\Users\Piotr\AppData\Local\Temp\javacpp12997002476547\opencv_imgproc249.dll
0x69de0000 - 0x69e60000 	C:\Users\Piotr\AppData\Local\Temp\javacpp12997002476547\jniopencv_imgproc.dll
0x70fc0000 - 0x71ef6000 	C:\Users\Piotr\AppData\Local\Temp\javacpp12997002476547\opencv_ffmpeg249.dll
0x69bd0000 - 0x69dd7000 	C:\Users\Piotr\AppData\Local\Temp\javacpp12997002476547\opencv_highgui249.dll
0x69bb0000 - 0x69bca000 	C:\Windows\SYSTEM32\AVIFIL32.dll
0x69b70000 - 0x69bac000 	C:\Users\Piotr\AppData\Local\Temp\javacpp12997002476547\jniopencv_highgui.dll
0x58740000 - 0x58754000 	C:\Windows\SYSTEM32\devenum.dll
0x742c0000 - 0x742e8000 	C:\Windows\SYSTEM32\ntmarta.dll
0x753c0000 - 0x753fd000 	C:\Windows\SYSTEM32\WINTRUST.dll
0x58730000 - 0x5873b000 	C:\Windows\SYSTEM32\msdmo.dll
0x69b30000 - 0x69b61000 	C:\Windows\SYSTEM32\qcap.dll
0x69990000 - 0x69b2f000 	C:\Windows\SYSTEM32\quartz.dll
0x586f0000 - 0x58730000 	C:\Windows\SYSTEM32\ksproxy.ax
0x586d0000 - 0x586dc000 	C:\Windows\SYSTEM32\vidcap.ax
0x586b0000 - 0x586cf000 	C:\Windows\SYSTEM32\kswdmcap.ax
0x585a0000 - 0x586a4000 	C:\Windows\SYSTEM32\MFC42.dll
0x584f0000 - 0x58599000 	C:\Windows\SYSTEM32\ODBC32.dll
0x69900000 - 0x6998e000 	C:\Windows\SYSTEM32\qedit.dll
0x773b0000 - 0x7744b000 	C:\Windows\SYSTEM32\COMDLG32.dll
0x6d5d0000 - 0x6d740000 	C:\Windows\WinSxS\x86_microsoft.windows.gdiplus_6595b64144ccf1df_1.1.9600.17415_none_dad8722c5bcc2d8f\gdiplus.dll
0x64be0000 - 0x64ccc000 	C:\Windows\SYSTEM32\DDRAW.dll

VM Arguments:
jvm_args: -Dfile.encoding=UTF-8 
java_command: wideokomunikator.main
java_class_path (initial): D:\Programowanie\javacv\javacv-bin\ffmpeg.jar;D:\Programowanie\javacv\javacv-bin\javacpp.jar;D:\Programowanie\javacv\javacv-bin\javacv.jar;D:\Programowanie\javacv\javacv-bin\opencv.jar;C:\Program Files\Java\jdk1.8.0_05\db\lib\derby.jar;C:\Program Files\Java\jdk1.8.0_05\db\lib\derbyclient.jar;C:\Program Files\Java\jdk1.8.0_05\db\lib\derbytools.jar;C:\Program Files\Java\jdk1.8.0_05\db\lib\derbynet.jar;D:\Programowanie\xuggle-xuggler-5.4.jar;D:\Programowanie\slf4j-simple-1.7.10.jar;D:\Programowanie\slf4j-api-1.7.10.jar;D:\Programowanie\javacv\javacv-bin\opencv-linux-x86.jar;D:\Programowanie\javacv\javacv-bin\opencv-linux-x86_64.jar;D:\Programowanie\javacv\javacv-bin\opencv-macosx-x86_64.jar;D:\Programowanie\javacv\javacv-bin\opencv-windows-x86.jar;D:\Programowanie\javacv\javacv-bin\opencv-windows-x86_64.jar;C:\Users\Piotr\Documents\NetBeansProjects\Wideokomunikator\build\classes
Launcher Type: SUN_STANDARD

Environment Variables:
JAVA_HOME=C:\Program Files\Java\jdk1.8.0_05
CLASSPATH=.;C:\PROGRA~2\JMF2.1.1e\lib\sound.jar;C:\PROGRA~2\JMF2.1.1e\lib\jmf.jar;C:\PROGRA~2\JMF2.1.1e\lib;.;.;.;c:\PROGRA~2\java\JMF21~1.1E\lib\sound.jar;c:\PROGRA~2\java\JMF21~1.1E\lib\jmf.jar;c:\PROGRA~2\java\JMF21~1.1E\lib;
PATH=C:\Program Files (x86)\NVIDIA Corporation\PhysX\Common;C:\ProgramData\Oracle\Java\javapath;C:\Python34\;C:\Python34\Scripts;C:\Program Files (x86)\Intel\iCLS Client\;C:\Program Files\Intel\iCLS Client\;C:\Windows\system32;C:\Windows;C:\Windows\System32\Wbem;C:\Windows\System32\WindowsPowerShell\v1.0\;C:\Program Files\Intel\Intel(R) Management Engine Components\DAL;C:\Program Files\Intel\Intel(R) Management Engine Components\IPT;C:\Program Files (x86)\Intel\Intel(R) Management Engine Components\DAL;C:\Program Files (x86)\Intel\Intel(R) Management Engine Components\IPT;C:\Program Files\nodejs\;C:\Windows\Microsoft.NET\Framework\v4.0.30319;C:\Program Files\Microsoft SQL Server\110\Tools\Binn\;C:\Program Files\Java\jdk1.8.0_05\bin;C:\Program Files\apache-ant-1.9.4\bin;C:\Program Files (x86)\QuickTime\QTSystem\;c:\PROGRA~2\java\JMF21~1.1E\lib;C:\Users\Piotr\AppData\Roaming\npm;C:\Program Files (x86)\Bitvise SSH Client;C:\Program Files\Java\jdk1.8.0_05\bin
USERNAME=Piotr
OS=Windows_NT
PROCESSOR_IDENTIFIER=Intel64 Family 6 Model 60 Stepping 3, GenuineIntel



---------------  S Y S T E M  ---------------

OS: Windows 8.1 , 64 bit Build 9600 

CPU:total 8 (4 cores per cpu, 2 threads per core) family 6 model 60 stepping 3, cmov, cx8, fxsr, mmx, sse, sse2, sse3, ssse3, sse4.1, sse4.2, popcnt, avx, avx2, aes, clmul, erms, lzcnt, ht, tsc, tscinvbit, bmi1, bmi2

Memory: 4k page, physical 15910992k(10856464k free), swap 36390992k(30672736k free)

vm_info: Java HotSpot(TM) Client VM (25.31-b07) for windows-x86 JRE (1.8.0_31-b13), built on Dec 17 2014 20:46:12 by "java_re" with MS VC++ 10.0 (VS2010)

time: Sat Mar 07 00:09:20 2015
elapsed time: 23 seconds (0d 0h 0m 23s)

