#
# A fatal error has been detected by the Java Runtime Environment:
#
#  EXCEPTION_ACCESS_VIOLATION (0xc0000005) at pc=0x0bb0119a, pid=6396, tid=5540
#
# JRE version: Java(TM) SE Runtime Environment (8.0_31-b13) (build 1.8.0_31-b13)
# Java VM: Java HotSpot(TM) Client VM (25.31-b07 mixed mode windows-x86 )
# Problematic frame:
# C  [xuggle8847652651220791641.dll+0x30119a]
#
# Failed to write core dump. Minidumps are not enabled by default on client versions of Windows
#
# If you would like to submit a bug report, please visit:
#   http://bugreport.java.com/bugreport/crash.jsp
# The crash happened outside the Java Virtual Machine in native code.
# See problematic frame for where to report the bug.
#

---------------  T H R E A D  ---------------

Current thread (0x0616bc00):  JavaThread "Thread-39" [_thread_in_native, id=5540, stack(0x202b0000,0x20300000)]

siginfo: ExceptionCode=0xc0000005, reading address 0xc4cb8b26

Registers:
EAX=0x00000000, EBX=0x202ff388, ECX=0x00000000, EDX=0xc4cb8b26
ESP=0x202ff100, EBP=0xc4cb8b26, ESI=0x41444ef4, EDI=0x0a6b4520
EIP=0x0bb0119a, EFLAGS=0x00010246

Top of Stack: (sp=0x202ff100)
0x202ff100:   02a203b2 202ff7c0 0638c960 202ff300
0x202ff110:   202ff18c 6a6a6b85 0638c960 00000000
0x202ff120:   202ff308 0616bc00 6a6a7451 0616bc00
0x202ff130:   065ede18 202ff308 0616bc00 061af108
0x202ff140:   04c29f88 0f377678 202ff7c0 02a2be21
0x202ff150:   202ff810 202ff308 0616bc00 065edeb8
0x202ff160:   060ffbd8 060ffbe8 060ffccc 000000ec
0x202ff170:   0a6b9740 04c29f88 0616bc00 0000000a 

Instructions: (pc=0x0bb0119a)
0x0bb0117a:   00 89 84 24 80 00 00 00 89 5c 24 70 8b 9c 24 60
0x0bb0118a:   02 00 00 8b 4b 08 8b 13 89 c8 83 e1 07 c1 e8 03
0x0bb0119a:   8b 04 02 0f c8 d3 e0 c1 e8 f4 3d ff 0f 00 00 0f
0x0bb011aa:   84 bf 12 00 00 8b 5c 24 70 c7 84 24 90 00 00 00 


Register to memory mapping:

EAX=0x00000000 is an unknown value
EBX=0x202ff388 is pointing into the stack for thread: 0x0616bc00
ECX=0x00000000 is an unknown value
EDX=0xc4cb8b26 is an unknown value
ESP=0x202ff100 is pointing into the stack for thread: 0x0616bc00
EBP=0xc4cb8b26 is an unknown value
ESI=0x41444ef4 is an unknown value
EDI=0x0a6b4520 is an unknown value


Stack: [0x202b0000,0x20300000],  sp=0x202ff100,  free space=316k
Native frames: (J=compiled Java code, j=interpreted, Vv=VM code, C=native code)
C  [xuggle8847652651220791641.dll+0x30119a]

Java frames: (J=compiled Java code, j=interpreted, Vv=VM code)
j  com.xuggle.xuggler.XugglerJNI.IStreamCoder_decodeAudio(JLcom/xuggle/xuggler/IStreamCoder;JLcom/xuggle/xuggler/IAudioSamples;JLcom/xuggle/xuggler/IPacket;I)I+0
j  com.xuggle.xuggler.IStreamCoder.decodeAudio(Lcom/xuggle/xuggler/IAudioSamples;Lcom/xuggle/xuggler/IPacket;I)I+16
j  wideokomunikator.audiovideo.AudioVideo.decodeAudio(Lwideokomunikator/audiovideo/Packet;I)V+79
j  wideokomunikator.audiovideo.AudioVideo.access$2400(Lwideokomunikator/audiovideo/AudioVideo;Lwideokomunikator/audiovideo/Packet;I)V+3
j  wideokomunikator.audiovideo.AudioVideo$8.run()V+139
j  java.lang.Thread.run()V+11
v  ~StubRoutines::call_stub

---------------  P R O C E S S  ---------------

Java Threads: ( => current thread )
  0x0616b000 JavaThread "Thread-43" [_thread_blocked, id=7968, stack(0x1f900000,0x1f950000)]
  0x06166c00 JavaThread "Thread-40" [_thread_blocked, id=6148, stack(0x0a7d0000,0x0a820000)]
=>0x0616bc00 JavaThread "Thread-39" [_thread_in_native, id=5540, stack(0x202b0000,0x20300000)]
  0x06167400 JavaThread "Thread-38" [_thread_blocked, id=6608, stack(0x20220000,0x20270000)]
  0x06168400 JavaThread "Thread-27" [_thread_in_native, id=2312, stack(0x1f870000,0x1f8c0000)]
  0x0616a400 JavaThread "Thread-31" [_thread_blocked, id=8088, stack(0x1f7e0000,0x1f830000)]
  0x06166400 JavaThread "Thread-26" [_thread_blocked, id=3196, stack(0x1f750000,0x1f7a0000)]
  0x0616a000 JavaThread "Thread-30" [_thread_blocked, id=5424, stack(0x1f6c0000,0x1f710000)]
  0x06167800 JavaThread "Thread-29" [_thread_in_native, id=6240, stack(0x1f630000,0x1f680000)]
  0x06168000 JavaThread "Thread-28" [_thread_in_native, id=8008, stack(0x1f5a0000,0x1f5f0000)]
  0x06169000 JavaThread "Java Sound Event Dispatcher" daemon [_thread_blocked, id=7692, stack(0x0d020000,0x0d070000)]
  0x06169800 JavaThread "Thread-23" [_thread_in_native, id=4984, stack(0x0b7b0000,0x0b800000)]
  0x06345400 JavaThread "Thread-22" [_thread_in_native, id=6572, stack(0x0a860000,0x0a8b0000)]
  0x06346400 JavaThread "Thread-19" [_thread_in_native, id=4224, stack(0x0b380000,0x0b3d0000)]
  0x06344000 JavaThread "D3D Screen Updater" daemon [_thread_blocked, id=4764, stack(0x0a740000,0x0a790000)]
  0x06343400 JavaThread "DestroyJavaVM" [_thread_blocked, id=7908, stack(0x027c0000,0x02810000)]
  0x06346000 JavaThread "Thread-10" [_thread_blocked, id=1324, stack(0x09bd0000,0x09c20000)]
  0x06344800 JavaThread "Thread-9" [_thread_in_native, id=3912, stack(0x09b40000,0x09b90000)]
  0x06345800 JavaThread "Thread-8" [_thread_blocked, id=4824, stack(0x09ab0000,0x09b00000)]
  0x06344c00 JavaThread "Thread-7" [_thread_in_native, id=4200, stack(0x09a20000,0x09a70000)]
  0x058f4800 JavaThread "TimerQueue" daemon [_thread_blocked, id=6840, stack(0x097f0000,0x09840000)]
  0x05fb5000 JavaThread "AWT-EventQueue-0" [_thread_blocked, id=5500, stack(0x09760000,0x097b0000)]
  0x06353000 JavaThread "AWT-Windows" daemon [_thread_in_native, id=484, stack(0x07750000,0x077a0000)]
  0x06306000 JavaThread "AWT-Shutdown" [_thread_blocked, id=2344, stack(0x076c0000,0x07710000)]
  0x05f87000 JavaThread "Java2D Disposer" daemon [_thread_blocked, id=8164, stack(0x07630000,0x07680000)]
  0x061c9000 JavaThread "Thread-0" [_thread_in_native, id=3260, stack(0x06f80000,0x06fd0000)]
  0x05f22800 JavaThread "derby.rawStoreDaemon" daemon [_thread_blocked, id=1032, stack(0x06bf0000,0x06c40000)]
  0x05f36000 JavaThread "DRDAConnThread_2" daemon [_thread_in_native, id=1616, stack(0x06b60000,0x06bb0000)]
  0x05ed0800 JavaThread "NetworkServerThread_1" daemon [_thread_in_native, id=5480, stack(0x069d0000,0x06a20000)]
  0x059d7000 JavaThread "derby.NetworkServerStarter" daemon [_thread_blocked, id=2488, stack(0x06940000,0x06990000)]
  0x05ee0000 JavaThread "Timer-0" daemon [_thread_blocked, id=4236, stack(0x067b0000,0x06800000)]
  0x050cf400 JavaThread "Service Thread" daemon [_thread_blocked, id=6516, stack(0x05590000,0x055e0000)]
  0x050ba800 JavaThread "C1 CompilerThread0" daemon [_thread_blocked, id=852, stack(0x05500000,0x05550000)]
  0x050b9800 JavaThread "Attach Listener" daemon [_thread_blocked, id=3944, stack(0x05470000,0x054c0000)]
  0x050b7800 JavaThread "Signal Dispatcher" daemon [_thread_blocked, id=8144, stack(0x053e0000,0x05430000)]
  0x05086800 JavaThread "Finalizer" daemon [_thread_blocked, id=7648, stack(0x05350000,0x053a0000)]
  0x02a1e800 JavaThread "Reference Handler" daemon [_thread_blocked, id=7988, stack(0x052c0000,0x05310000)]

Other Threads:
  0x02a1d000 VMThread [stack: 0x05030000,0x05080000] [id=4992]
  0x050d3800 WatcherThread [stack: 0x05620000,0x05670000] [id=5312]

VM state:not at safepoint (normal execution)

VM Mutex/Monitor currently owned by a thread: None

Heap:
 def new generation   total 12672K, used 7229K [0x0f200000, 0x0ffb0000, 0x14750000)
  eden space 11328K,  63% used [0x0f200000, 0x0f90f6d8, 0x0fd10000)
  from space 1344K,   0% used [0x0fd10000, 0x0fd10000, 0x0fe60000)
  to   space 1344K,   0% used [0x0fe60000, 0x0fe60000, 0x0ffb0000)
 tenured generation   total 27820K, used 16690K [0x14750000, 0x1627b000, 0x1f200000)
   the space 27820K,  59% used [0x14750000, 0x1579c9a0, 0x1579ca00, 0x1627b000)
 Metaspace       used 18961K, capacity 19150K, committed 19200K, reserved 19840K

Card table byte_map: [0x04aa0000,0x04b30000] byte_map_base: 0x04a27000

Polling page: 0x00bd0000

CodeCache: size=32768Kb used=2124Kb max_used=2124Kb free=30643Kb
 bounds [0x02a20000, 0x02c38000, 0x04a20000]
 total_blobs=1401 nmethods=1015 adapters=317
 compilation: enabled

Compilation events (10 events):
Event: 11.980 Thread 0x050ba800 1033             java.util.concurrent.ConcurrentHashMap$EntrySetView::iterator (34 bytes)
Event: 11.980 Thread 0x050ba800 nmethod 1033 0x02c32648 code [0x02c32760, 0x02c328b8]
Event: 12.063 Thread 0x050ba800 1034             java.lang.Long::<init> (10 bytes)
Event: 12.063 Thread 0x050ba800 nmethod 1034 0x02c32a08 code [0x02c32b00, 0x02c32b90]
Event: 12.094 Thread 0x050ba800 1035             java.util.concurrent.atomic.AtomicInteger::<init> (5 bytes)
Event: 12.095 Thread 0x050ba800 nmethod 1035 0x02c32bc8 code [0x02c32cc0, 0x02c32d40]
Event: 12.108 Thread 0x050ba800 1036             java.util.concurrent.atomic.AtomicInteger::set (6 bytes)
Event: 12.108 Thread 0x050ba800 nmethod 1036 0x02c32d88 code [0x02c32e80, 0x02c32f00]
Event: 12.307 Thread 0x050ba800 1037             java.lang.AbstractStringBuilder::append (62 bytes)
Event: 12.308 Thread 0x050ba800 nmethod 1037 0x02c32f48 code [0x02c33080, 0x02c33234]

GC Heap History (10 events):
Event: 11.519 GC heap before
{Heap before GC invocations=43 (full 7):
 def new generation   total 12032K, used 11943K [0x0f200000, 0x0ff00000, 0x14750000)
  eden space 10752K,  99% used [0x0f200000, 0x0fc6d040, 0x0fc80000)
  from space 1280K,  98% used [0x0fdc0000, 0x0fefcc08, 0x0ff00000)
  to   space 1280K,   0% used [0x0fc80000, 0x0fc80000, 0x0fdc0000)
 tenured generation   total 26384K, used 25990K [0x14750000, 0x16114000, 0x1f200000)
   the space 26384K,  98% used [0x14750000, 0x160b18c8, 0x160b1a00, 0x16114000)
 Metaspace       used 18961K, capacity 19150K, committed 19200K, reserved 19840K
Event: 11.543 GC heap after
Heap after GC invocations=44 (full 8):
 def new generation   total 12032K, used 0K [0x0f200000, 0x0ff00000, 0x14750000)
  eden space 10752K,   0% used [0x0f200000, 0x0f200000, 0x0fc80000)
  from space 1280K,   0% used [0x0fc80000, 0x0fc80000, 0x0fdc0000)
  to   space 1280K,   0% used [0x0fdc0000, 0x0fdc0000, 0x0ff00000)
 tenured generation   total 26384K, used 14789K [0x14750000, 0x16114000, 0x1f200000)
   the space 26384K,  56% used [0x14750000, 0x155c1540, 0x155c1600, 0x16114000)
 Metaspace       used 18961K, capacity 19150K, committed 19200K, reserved 19840K
}
Event: 11.708 GC heap before
{Heap before GC invocations=44 (full 8):
 def new generation   total 12032K, used 10671K [0x0f200000, 0x0ff00000, 0x14750000)
  eden space 10752K,  99% used [0x0f200000, 0x0fc6bfc8, 0x0fc80000)
  from space 1280K,   0% used [0x0fc80000, 0x0fc80000, 0x0fdc0000)
  to   space 1280K,   0% used [0x0fdc0000, 0x0fdc0000, 0x0ff00000)
 tenured generation   total 26384K, used 14789K [0x14750000, 0x16114000, 0x1f200000)
   the space 26384K,  56% used [0x14750000, 0x155c1540, 0x155c1600, 0x16114000)
 Metaspace       used 18961K, capacity 19150K, committed 19200K, reserved 19840K
Event: 11.711 GC heap after
Heap after GC invocations=45 (full 8):
 def new generation   total 12032K, used 1193K [0x0f200000, 0x0ff00000, 0x14750000)
  eden space 10752K,   0% used [0x0f200000, 0x0f200000, 0x0fc80000)
  from space 1280K,  93% used [0x0fdc0000, 0x0feea5a0, 0x0ff00000)
  to   space 1280K,   0% used [0x0fc80000, 0x0fc80000, 0x0fdc0000)
 tenured generation   total 26384K, used 19365K [0x14750000, 0x16114000, 0x1f200000)
   the space 26384K,  73% used [0x14750000, 0x15a395d0, 0x15a39600, 0x16114000)
 Metaspace       used 18961K, capacity 19150K, committed 19200K, reserved 19840K
}
Event: 11.913 GC heap before
{Heap before GC invocations=45 (full 8):
 def new generation   total 12032K, used 11318K [0x0f200000, 0x0ff00000, 0x14750000)
  eden space 10752K,  94% used [0x0f200000, 0x0fbe33f8, 0x0fc80000)
  from space 1280K,  93% used [0x0fdc0000, 0x0feea5a0, 0x0ff00000)
  to   space 1280K,   0% used [0x0fc80000, 0x0fc80000, 0x0fdc0000)
 tenured generation   total 26384K, used 19365K [0x14750000, 0x16114000, 0x1f200000)
   the space 26384K,  73% used [0x14750000, 0x15a395d0, 0x15a39600, 0x16114000)
 Metaspace       used 18961K, capacity 19150K, committed 19200K, reserved 19840K
Event: 11.915 GC heap after
Heap after GC invocations=46 (full 8):
 def new generation   total 12032K, used 1201K [0x0f200000, 0x0ff00000, 0x14750000)
  eden space 10752K,   0% used [0x0f200000, 0x0f200000, 0x0fc80000)
  from space 1280K,  93% used [0x0fc80000, 0x0fdac5e0, 0x0fdc0000)
  to   space 1280K,   0% used [0x0fdc0000, 0x0fdc0000, 0x0ff00000)
 tenured generation   total 26384K, used 22060K [0x14750000, 0x16114000, 0x1f200000)
   the space 26384K,  83% used [0x14750000, 0x15cdb368, 0x15cdb400, 0x16114000)
 Metaspace       used 18961K, capacity 19150K, committed 19200K, reserved 19840K
}
Event: 12.109 GC heap before
{Heap before GC invocations=46 (full 8):
 def new generation   total 12032K, used 11930K [0x0f200000, 0x0ff00000, 0x14750000)
  eden space 10752K,  99% used [0x0f200000, 0x0fc7a2e0, 0x0fc80000)
  from space 1280K,  93% used [0x0fc80000, 0x0fdac5e0, 0x0fdc0000)
  to   space 1280K,   0% used [0x0fdc0000, 0x0fdc0000, 0x0ff00000)
 tenured generation   total 26384K, used 22060K [0x14750000, 0x16114000, 0x1f200000)
   the space 26384K,  83% used [0x14750000, 0x15cdb368, 0x15cdb400, 0x16114000)
 Metaspace       used 18961K, capacity 19150K, committed 19200K, reserved 19840K
Event: 12.111 GC heap after
Heap after GC invocations=47 (full 8):
 def new generation   total 12032K, used 1280K [0x0f200000, 0x0ff00000, 0x14750000)
  eden space 10752K,   0% used [0x0f200000, 0x0f200000, 0x0fc80000)
  from space 1280K, 100% used [0x0fdc0000, 0x0ff00000, 0x0ff00000)
  to   space 1280K,   0% used [0x0fc80000, 0x0fc80000, 0x0fdc0000)
 tenured generation   total 26384K, used 25581K [0x14750000, 0x16114000, 0x1f200000)
   the space 26384K,  96% used [0x14750000, 0x1604b628, 0x1604b800, 0x16114000)
 Metaspace       used 18961K, capacity 19150K, committed 19200K, reserved 19840K
}
Event: 12.319 GC heap before
{Heap before GC invocations=47 (full 8):
 def new generation   total 12032K, used 11910K [0x0f200000, 0x0ff00000, 0x14750000)
  eden space 10752K,  98% used [0x0f200000, 0x0fc619c0, 0x0fc80000)
  from space 1280K, 100% used [0x0fdc0000, 0x0ff00000, 0x0ff00000)
  to   space 1280K,   0% used [0x0fc80000, 0x0fc80000, 0x0fdc0000)
 tenured generation   total 26384K, used 25581K [0x14750000, 0x16114000, 0x1f200000)
   the space 26384K,  96% used [0x14750000, 0x1604b628, 0x1604b800, 0x16114000)
 Metaspace       used 18961K, capacity 19150K, committed 19200K, reserved 19840K
Event: 12.344 GC heap after
Heap after GC invocations=48 (full 9):
 def new generation   total 12672K, used 0K [0x0f200000, 0x0ffb0000, 0x14750000)
  eden space 11328K,   0% used [0x0f200000, 0x0f200000, 0x0fd10000)
  from space 1344K,   0% used [0x0fd10000, 0x0fd10000, 0x0fe60000)
  to   space 1344K,   0% used [0x0fe60000, 0x0fe60000, 0x0ffb0000)
 tenured generation   total 27820K, used 16690K [0x14750000, 0x1627b000, 0x1f200000)
   the space 27820K,  59% used [0x14750000, 0x1579c9a0, 0x1579ca00, 0x1627b000)
 Metaspace       used 18961K, capacity 19150K, committed 19200K, reserved 19840K
}

Deoptimization events (0 events):
No events

Internal exceptions (10 events):
Event: 8.098 Thread 0x06168400 Exception <a 'java/security/PrivilegedActionException'> (0x0f6b8f60) thrown at [C:\re\workspace\8-2-build-windows-i586-cygwin\jdk8u31\2394\hotspot\src\share\vm\prims\jvm.cpp, line 1312]
Event: 8.099 Thread 0x06168400 Exception <a 'java/security/PrivilegedActionException'> (0x0f83dcd8) thrown at [C:\re\workspace\8-2-build-windows-i586-cygwin\jdk8u31\2394\hotspot\src\share\vm\prims\jvm.cpp, line 1312]
Event: 8.099 Thread 0x06168400 Exception <a 'java/security/PrivilegedActionException'> (0x0f847ac0) thrown at [C:\re\workspace\8-2-build-windows-i586-cygwin\jdk8u31\2394\hotspot\src\share\vm\prims\jvm.cpp, line 1312]
Event: 8.099 Thread 0x06168400 Exception <a 'java/security/PrivilegedActionException'> (0x0f850368) thrown at [C:\re\workspace\8-2-build-windows-i586-cygwin\jdk8u31\2394\hotspot\src\share\vm\prims\jvm.cpp, line 1312]
Event: 8.100 Thread 0x06168400 Exception <a 'java/security/PrivilegedActionException'> (0x0f857db0) thrown at [C:\re\workspace\8-2-build-windows-i586-cygwin\jdk8u31\2394\hotspot\src\share\vm\prims\jvm.cpp, line 1312]
Event: 8.100 Thread 0x06168400 Exception <a 'java/security/PrivilegedActionException'> (0x0f862440) thrown at [C:\re\workspace\8-2-build-windows-i586-cygwin\jdk8u31\2394\hotspot\src\share\vm\prims\jvm.cpp, line 1312]
Event: 8.101 Thread 0x06168400 Exception <a 'java/security/PrivilegedActionException'> (0x0f86a7e0) thrown at [C:\re\workspace\8-2-build-windows-i586-cygwin\jdk8u31\2394\hotspot\src\share\vm\prims\jvm.cpp, line 1312]
Event: 8.101 Thread 0x06168400 Exception <a 'java/security/PrivilegedActionException'> (0x0f8723f8) thrown at [C:\re\workspace\8-2-build-windows-i586-cygwin\jdk8u31\2394\hotspot\src\share\vm\prims\jvm.cpp, line 1312]
Event: 8.102 Thread 0x06168400 Exception <a 'java/security/PrivilegedActionException'> (0x0f8805e8) thrown at [C:\re\workspace\8-2-build-windows-i586-cygwin\jdk8u31\2394\hotspot\src\share\vm\prims\jvm.cpp, line 1312]
Event: 8.110 Thread 0x0616d800 Exception <a 'java/security/PrivilegedActionException'> (0x0fa1a1c0) thrown at [C:\re\workspace\8-2-build-windows-i586-cygwin\jdk8u31\2394\hotspot\src\share\vm\prims\jvm.cpp, line 1312]

Events (10 events):
Event: 12.405 Thread 0x0616c400 Thread added: 0x0616c400
Event: 12.406 Thread 0x0616c400 Thread exited: 0x0616c400
Event: 12.425 Thread 0x0616c400 Thread added: 0x0616c400
Event: 12.426 Thread 0x0616ac00 Thread added: 0x0616ac00
Event: 12.426 Thread 0x0616c400 Thread exited: 0x0616c400
Event: 12.426 Thread 0x0616b800 Thread added: 0x0616b800
Event: 12.426 Thread 0x0616ac00 Thread exited: 0x0616ac00
Event: 12.426 Thread 0x0616c400 Thread added: 0x0616c400
Event: 12.426 Thread 0x0616b800 Thread exited: 0x0616b800
Event: 12.426 Thread 0x0616c400 Thread exited: 0x0616c400


Dynamic libraries:
0x00d20000 - 0x00d50000 	C:\Program Files (x86)\Java\jdk1.8.0_31\bin\java.exe
0x77a40000 - 0x77bae000 	C:\Windows\SYSTEM32\ntdll.dll
0x76b20000 - 0x76c60000 	C:\Windows\SYSTEM32\KERNEL32.DLL
0x77450000 - 0x77527000 	C:\Windows\SYSTEM32\KERNELBASE.dll
0x740c0000 - 0x74160000 	C:\Windows\system32\apphelp.dll
0x6a910000 - 0x6ab75000 	C:\Windows\AppPatch\AcGenral.DLL
0x752f0000 - 0x753b3000 	C:\Windows\SYSTEM32\msvcrt.dll
0x77200000 - 0x77241000 	C:\Windows\SYSTEM32\sechost.dll
0x75240000 - 0x7525e000 	C:\Windows\SYSTEM32\SspiCli.dll
0x771a0000 - 0x771e5000 	C:\Windows\SYSTEM32\SHLWAPI.dll
0x747c0000 - 0x748ad000 	C:\Windows\SYSTEM32\UxTheme.dll
0x77250000 - 0x773a3000 	C:\Windows\SYSTEM32\USER32.dll
0x777c0000 - 0x778ce000 	C:\Windows\SYSTEM32\GDI32.dll
0x6d5a0000 - 0x6d5c3000 	C:\Windows\SYSTEM32\WINMM.dll
0x6cf40000 - 0x6cf53000 	C:\Windows\SYSTEM32\samcli.dll
0x75440000 - 0x75568000 	C:\Windows\SYSTEM32\ole32.dll
0x757c0000 - 0x75855000 	C:\Windows\SYSTEM32\OLEAUT32.dll
0x75060000 - 0x75077000 	C:\Windows\SYSTEM32\MSACM32.dll
0x75190000 - 0x75198000 	C:\Windows\SYSTEM32\VERSION.dll
0x75870000 - 0x76b1c000 	C:\Windows\SYSTEM32\SHELL32.dll
0x74e60000 - 0x74e7b000 	C:\Windows\SYSTEM32\USERENV.dll
0x6d470000 - 0x6d48a000 	C:\Windows\SYSTEM32\dwmapi.dll
0x6d0b0000 - 0x6d1fa000 	C:\Windows\SYSTEM32\urlmon.dll
0x77530000 - 0x775ac000 	C:\Windows\SYSTEM32\ADVAPI32.dll
0x6d740000 - 0x6d7a5000 	C:\Windows\SYSTEM32\WINSPOOL.DRV
0x73fb0000 - 0x73fc6000 	C:\Windows\SYSTEM32\MPR.dll
0x770e0000 - 0x7719a000 	C:\Windows\SYSTEM32\RPCRT4.dll
0x75230000 - 0x7523a000 	C:\Windows\SYSTEM32\CRYPTBASE.dll
0x76c60000 - 0x76ddd000 	C:\Windows\SYSTEM32\combase.dll
0x6d570000 - 0x6d593000 	C:\Windows\SYSTEM32\WINMMBASE.dll
0x74540000 - 0x7454f000 	C:\Windows\SYSTEM32\profapi.dll
0x74300000 - 0x74532000 	C:\Windows\SYSTEM32\iertutil.dll
0x745e0000 - 0x747b5000 	C:\Windows\SYSTEM32\WININET.dll
0x751d0000 - 0x75224000 	C:\Windows\SYSTEM32\bcryptPrimitives.dll
0x778d0000 - 0x7790c000 	C:\Windows\SYSTEM32\cfgmgr32.dll
0x6d540000 - 0x6d561000 	C:\Windows\SYSTEM32\DEVOBJ.dll
0x75100000 - 0x7518b000 	C:\Windows\SYSTEM32\SHCORE.DLL
0x75400000 - 0x75427000 	C:\Windows\system32\IMM32.DLL
0x76f60000 - 0x77073000 	C:\Windows\SYSTEM32\MSCTF.dll
0x751a0000 - 0x751ce000 	C:\Windows\SYSTEM32\nvinit.dll
0x0f000000 - 0x0f006000 	C:\Program Files (x86)\NVIDIA Corporation\CoProcManager\_etoured.dll
0x6bbc0000 - 0x6bbeb000 	C:\Program Files (x86)\NVIDIA Corporation\CoProcManager\nvd3d9wrap.dll
0x77600000 - 0x777b1000 	C:\Windows\SYSTEM32\SETUPAPI.dll
0x6bba0000 - 0x6bbbf000 	C:\Program Files (x86)\NVIDIA Corporation\CoProcManager\nvdxgiwrap.dll
0x74c40000 - 0x74e46000 	C:\Windows\WinSxS\x86_microsoft.windows.common-controls_6595b64144ccf1df_6.0.9600.17415_none_a9ed7f470139b3c1\COMCTL32.dll
0x6c130000 - 0x6c1ad000 	C:\Program Files (x86)\AVG\AVG2015\avghookx.dll
0x6b460000 - 0x6b51f000 	C:\Program Files (x86)\Java\jdk1.8.0_31\jre\bin\msvcr100.dll
0x6a560000 - 0x6a904000 	C:\Program Files (x86)\Java\jdk1.8.0_31\jre\bin\client\jvm.dll
0x740b0000 - 0x740b8000 	C:\Windows\SYSTEM32\WSOCK32.dll
0x771f0000 - 0x771f6000 	C:\Windows\SYSTEM32\PSAPI.DLL
0x775b0000 - 0x77600000 	C:\Windows\SYSTEM32\WS2_32.dll
0x76f50000 - 0x76f57000 	C:\Windows\SYSTEM32\NSI.dll
0x75050000 - 0x7505c000 	C:\Program Files (x86)\Java\jdk1.8.0_31\jre\bin\verify.dll
0x74020000 - 0x74041000 	C:\Program Files (x86)\Java\jdk1.8.0_31\jre\bin\java.dll
0x75030000 - 0x75043000 	C:\Program Files (x86)\Java\jdk1.8.0_31\jre\bin\zip.dll
0x74f70000 - 0x74f85000 	C:\Program Files (x86)\Java\jdk1.8.0_31\jre\bin\net.dll
0x6d2c0000 - 0x6d30b000 	C:\Windows\system32\mswsock.dll
0x6d450000 - 0x6d470000 	C:\Program Files (x86)\Java\jdk1.8.0_31\jre\bin\sunec.dll
0x6f490000 - 0x6f4a9000 	C:\Windows\SYSTEM32\CRYPTSP.dll
0x6f400000 - 0x6f430000 	C:\Windows\system32\rsaenh.dll
0x6f3e0000 - 0x6f3fe000 	C:\Windows\SYSTEM32\bcrypt.dll
0x74f40000 - 0x74f60000 	C:\Windows\SYSTEM32\IPHLPAPI.DLL
0x745d0000 - 0x745d8000 	C:\Windows\SYSTEM32\WINNSI.DLL
0x6b350000 - 0x6b363000 	C:\Windows\SYSTEM32\dhcpcsvc6.DLL
0x6c1e0000 - 0x6c1f4000 	C:\Windows\SYSTEM32\dhcpcsvc.DLL
0x74fd0000 - 0x74fdf000 	C:\Program Files (x86)\Java\jdk1.8.0_31\jre\bin\nio.dll
0x6c260000 - 0x6c271000 	C:\Windows\system32\napinsp.dll
0x6c240000 - 0x6c256000 	C:\Windows\system32\pnrpnsp.dll
0x6c220000 - 0x6c234000 	C:\Windows\system32\NLAapi.dll
0x6c410000 - 0x6c48e000 	C:\Windows\SYSTEM32\DNSAPI.dll
0x6c210000 - 0x6c21a000 	C:\Windows\System32\winrnr.dll
0x6c200000 - 0x6c210000 	C:\Windows\system32\wshbth.dll
0x6c3e0000 - 0x6c401000 	C:\Program Files (x86)\Bonjour\mdnsNSP.dll
0x6c3d0000 - 0x6c3d8000 	C:\Windows\System32\rasadhlp.dll
0x6c380000 - 0x6c3c6000 	C:\Windows\System32\fwpuclnt.dll
0x74010000 - 0x74019000 	C:\Program Files (x86)\Java\jdk1.8.0_31\jre\bin\sunmscapi.dll
0x75570000 - 0x756f8000 	C:\Windows\SYSTEM32\CRYPT32.dll
0x75430000 - 0x7543e000 	C:\Windows\SYSTEM32\MSASN1.dll
0x6d440000 - 0x6d44a000 	C:\Program Files (x86)\Java\jdk1.8.0_31\jre\bin\management.dll
0x6b1f0000 - 0x6b336000 	C:\Program Files (x86)\Java\jdk1.8.0_31\jre\bin\awt.dll
0x74160000 - 0x74169000 	C:\Windows\SYSTEM32\kernel.appcore.dll
0x5ead0000 - 0x5eca3000 	C:\Windows\system32\d3d9.dll
0x68160000 - 0x6823e000 	C:\Windows\SYSTEM32\nvumdshim.dll
0x63500000 - 0x64bde000 	C:\Windows\system32\igdumdim32.dll
0x66b80000 - 0x673f8000 	C:\Windows\SYSTEM32\igdusc32.dll
0x6b420000 - 0x6b459000 	C:\Program Files (x86)\Java\jdk1.8.0_31\jre\bin\fontmanager.dll
0x6b3f0000 - 0x6b420000 	C:\Program Files (x86)\Java\jdk1.8.0_31\jre\bin\t2k.dll
0x75260000 - 0x752ed000 	C:\Windows\SYSTEM32\clbcatq.dll
0x5ecb0000 - 0x5ee1b000 	C:\Windows\SYSTEM32\WindowsCodecs.dll
0x0b800000 - 0x0cdcf000 	C:\Users\Piotr\AppData\Local\Temp\xuggle\xuggle8847652651220791641.dll
0x6b3d0000 - 0x6b3e4000 	C:\Windows\SYSTEM32\AVICAP32.DLL
0x6b3a0000 - 0x6b3c3000 	C:\Windows\SYSTEM32\MSVFW32.dll
0x6b390000 - 0x6b39a000 	C:\Program Files (x86)\Java\jdk1.8.0_31\jre\bin\jsound.dll
0x6b380000 - 0x6b389000 	C:\Program Files (x86)\Java\jdk1.8.0_31\jre\bin\jsoundds.dll
0x6b160000 - 0x6b1e1000 	C:\Windows\SYSTEM32\DSOUND.dll
0x6bf80000 - 0x6bfc0000 	C:\Windows\SYSTEM32\POWRPROF.dll
0x74050000 - 0x740a3000 	C:\Windows\SYSTEM32\MMDevAPI.DLL
0x6b120000 - 0x6b156000 	C:\Windows\SYSTEM32\wdmaud.drv
0x586e0000 - 0x586e7000 	C:\Windows\SYSTEM32\ksuser.dll
0x73fe0000 - 0x73fea000 	C:\Windows\SYSTEM32\AVRT.dll
0x62e90000 - 0x62ef0000 	C:\Windows\SYSTEM32\AUDIOSES.DLL
0x6b370000 - 0x6b379000 	C:\Windows\SYSTEM32\msacm32.drv
0x6b110000 - 0x6b118000 	C:\Windows\SYSTEM32\midimap.dll
0x6a4a0000 - 0x6a55e000 	C:\Users\Piotr\AppData\Local\Temp\javacpp12109159758477\msvcr100.dll
0x6a430000 - 0x6a499000 	C:\Users\Piotr\AppData\Local\Temp\javacpp12109159758477\msvcp100.dll
0x6a220000 - 0x6a426000 	C:\Users\Piotr\AppData\Local\Temp\javacpp12109159758477\opencv_core249.dll
0x6a0d0000 - 0x6a218000 	C:\Users\Piotr\AppData\Local\Temp\javacpp12109159758477\jniopencv_core.dll
0x69e60000 - 0x6a0cd000 	C:\Users\Piotr\AppData\Local\Temp\javacpp12109159758477\opencv_imgproc249.dll
0x69de0000 - 0x69e60000 	C:\Users\Piotr\AppData\Local\Temp\javacpp12109159758477\jniopencv_imgproc.dll
0x70fc0000 - 0x71ef6000 	C:\Users\Piotr\AppData\Local\Temp\javacpp12109159758477\opencv_ffmpeg249.dll
0x69bd0000 - 0x69dd7000 	C:\Users\Piotr\AppData\Local\Temp\javacpp12109159758477\opencv_highgui249.dll
0x69bb0000 - 0x69bca000 	C:\Windows\SYSTEM32\AVIFIL32.dll
0x69b70000 - 0x69bac000 	C:\Users\Piotr\AppData\Local\Temp\javacpp12109159758477\jniopencv_highgui.dll
0x58740000 - 0x58754000 	C:\Windows\SYSTEM32\devenum.dll
0x742c0000 - 0x742e8000 	C:\Windows\SYSTEM32\ntmarta.dll
0x753c0000 - 0x753fd000 	C:\Windows\SYSTEM32\WINTRUST.dll
0x58730000 - 0x5873b000 	C:\Windows\SYSTEM32\msdmo.dll
0x69b30000 - 0x69b61000 	C:\Windows\SYSTEM32\qcap.dll
0x69990000 - 0x69b2f000 	C:\Windows\SYSTEM32\quartz.dll
0x586f0000 - 0x58730000 	C:\Windows\SYSTEM32\ksproxy.ax
0x586d0000 - 0x586dc000 	C:\Windows\SYSTEM32\vidcap.ax
0x586b0000 - 0x586cf000 	C:\Windows\SYSTEM32\kswdmcap.ax
0x585a0000 - 0x586a4000 	C:\Windows\SYSTEM32\MFC42.dll
0x584f0000 - 0x58599000 	C:\Windows\SYSTEM32\ODBC32.dll
0x69900000 - 0x6998e000 	C:\Windows\SYSTEM32\qedit.dll
0x773b0000 - 0x7744b000 	C:\Windows\SYSTEM32\COMDLG32.dll
0x6d5d0000 - 0x6d740000 	C:\Windows\WinSxS\x86_microsoft.windows.gdiplus_6595b64144ccf1df_1.1.9600.17415_none_dad8722c5bcc2d8f\gdiplus.dll
0x64be0000 - 0x64ccc000 	C:\Windows\SYSTEM32\DDRAW.dll

VM Arguments:
jvm_args: -Dfile.encoding=UTF-8 
java_command: wideokomunikator.main
java_class_path (initial): D:\Programowanie\javacv\javacv-bin\ffmpeg.jar;D:\Programowanie\javacv\javacv-bin\javacpp.jar;D:\Programowanie\javacv\javacv-bin\javacv.jar;D:\Programowanie\javacv\javacv-bin\opencv.jar;C:\Program Files\Java\jdk1.8.0_05\db\lib\derby.jar;C:\Program Files\Java\jdk1.8.0_05\db\lib\derbyclient.jar;C:\Program Files\Java\jdk1.8.0_05\db\lib\derbytools.jar;C:\Program Files\Java\jdk1.8.0_05\db\lib\derbynet.jar;D:\Programowanie\xuggle-xuggler-5.4.jar;D:\Programowanie\slf4j-simple-1.7.10.jar;D:\Programowanie\slf4j-api-1.7.10.jar;D:\Programowanie\javacv\javacv-bin\opencv-linux-x86.jar;D:\Programowanie\javacv\javacv-bin\opencv-linux-x86_64.jar;D:\Programowanie\javacv\javacv-bin\opencv-macosx-x86_64.jar;D:\Programowanie\javacv\javacv-bin\opencv-windows-x86.jar;D:\Programowanie\javacv\javacv-bin\opencv-windows-x86_64.jar;C:\Users\Piotr\Documents\NetBeansProjects\Wideokomunikator\build\classes
Launcher Type: SUN_STANDARD

Environment Variables:
JAVA_HOME=C:\Program Files\Java\jdk1.8.0_05
CLASSPATH=.;C:\PROGRA~2\JMF2.1.1e\lib\sound.jar;C:\PROGRA~2\JMF2.1.1e\lib\jmf.jar;C:\PROGRA~2\JMF2.1.1e\lib;.;.;.;c:\PROGRA~2\java\JMF21~1.1E\lib\sound.jar;c:\PROGRA~2\java\JMF21~1.1E\lib\jmf.jar;c:\PROGRA~2\java\JMF21~1.1E\lib;
PATH=C:\Program Files (x86)\NVIDIA Corporation\PhysX\Common;C:\ProgramData\Oracle\Java\javapath;C:\Python34\;C:\Python34\Scripts;C:\Program Files (x86)\Intel\iCLS Client\;C:\Program Files\Intel\iCLS Client\;C:\Windows\system32;C:\Windows;C:\Windows\System32\Wbem;C:\Windows\System32\WindowsPowerShell\v1.0\;C:\Program Files\Intel\Intel(R) Management Engine Components\DAL;C:\Program Files\Intel\Intel(R) Management Engine Components\IPT;C:\Program Files (x86)\Intel\Intel(R) Management Engine Components\DAL;C:\Program Files (x86)\Intel\Intel(R) Management Engine Components\IPT;C:\Program Files\nodejs\;C:\Windows\Microsoft.NET\Framework\v4.0.30319;C:\Program Files\Microsoft SQL Server\110\Tools\Binn\;C:\Program Files\Java\jdk1.8.0_05\bin;C:\Program Files\apache-ant-1.9.4\bin;C:\Program Files (x86)\QuickTime\QTSystem\;c:\PROGRA~2\java\JMF21~1.1E\lib;C:\Users\Piotr\AppData\Roaming\npm;C:\Program Files (x86)\Bitvise SSH Client;C:\Program Files\Java\jdk1.8.0_05\bin
USERNAME=Piotr
OS=Windows_NT
PROCESSOR_IDENTIFIER=Intel64 Family 6 Model 60 Stepping 3, GenuineIntel



---------------  S Y S T E M  ---------------

OS: Windows 8.1 , 64 bit Build 9600 

CPU:total 8 (4 cores per cpu, 2 threads per core) family 6 model 60 stepping 3, cmov, cx8, fxsr, mmx, sse, sse2, sse3, ssse3, sse4.1, sse4.2, popcnt, avx, avx2, aes, clmul, erms, lzcnt, ht, tsc, tscinvbit, bmi1, bmi2

Memory: 4k page, physical 15910992k(11002708k free), swap 36390992k(30784284k free)

vm_info: Java HotSpot(TM) Client VM (25.31-b07) for windows-x86 JRE (1.8.0_31-b13), built on Dec 17 2014 20:46:12 by "java_re" with MS VC++ 10.0 (VS2010)

time: Fri Mar 06 23:54:21 2015
elapsed time: 12 seconds (0d 0h 0m 12s)

