#
# A fatal error has been detected by the Java Runtime Environment:
#
#  EXCEPTION_ACCESS_VIOLATION (0xc0000005) at pc=0x000000006e9775bf, pid=7196, tid=8796
#
# JRE version: Java(TM) SE Runtime Environment (8.0-b132) (build 1.8.0-b132)
# Java VM: Java HotSpot(TM) 64-Bit Server VM (25.0-b70 mixed mode windows-amd64 compressed oops)
# Problematic frame:
# C  [xuggle6355529662446721828.dll+0x2375bf]
#
# Failed to write core dump. Minidumps are not enabled by default on client versions of Windows
#
# If you would like to submit a bug report, please visit:
#   http://bugreport.sun.com/bugreport/crash.jsp
# The crash happened outside the Java Virtual Machine in native code.
# See problematic frame for where to report the bug.
#

---------------  T H R E A D  ---------------

Current thread (0x000000001eeda000):  JavaThread "Thread-5" [_thread_in_native, id=8796, stack(0x0000000027610000,0x0000000027710000)]

siginfo: ExceptionCode=0xc0000005, reading address 0x00000000000000a0

Registers:
RAX=0x0000000000000000, RBX=0x000000001f42adc0, RCX=0x0000000000000280, RDX=0x00000000000001e0
RSP=0x000000002770e990, RBP=0x00000000260aa000, RSI=0x000000002770ea20, RDI=0x000000002770ea7c
R8 =0x0000000000072000, R9 =0x000000001f42adc0, R10=0x0000000000000003, R11=0x0000000000000001
R12=0x00000000260b8df0, R13=0x000000000c6990e8, R14=0x000000002770f280, R15=0x000000001eeda000
RIP=0x000000006e9775bf, EFLAGS=0x0000000000010246

Top of Stack: (sp=0x000000002770e990)
0x000000002770e990:   000000001f426070 0000000000000000
0x000000002770e9a0:   000000006f387280 000000006f387300
0x000000002770e9b0:   000000000c6990e8 000000002770f280
0x000000002770e9c0:   000000001eeda000 000000001f42adc0
0x000000002770e9d0:   00000000260b8df0 0000000000070800
0x000000002770e9e0:   00000000260aa000 0000000000000000
0x000000002770e9f0:   000000000c6990e8 000000006e977764
0x000000002770ea00:   000000001f426070 000000002770ea10
0x000000002770ea10:   000000001f426070 0000000000000006
0x000000002770ea20:   8000000000000000 8000000000000000
0x000000002770ea30:   00000000260b8df0 0000000000070800
0x000000002770ea40:   0000000000000000 0000000000000000
0x000000002770ea50:   0000000000000000 0000000000000000
0x000000002770ea60:   0000000000070800 ffffffffffffffff
0x000000002770ea70:   0000000000000000 000000006e97647f
0x000000002770ea80:   00000000000f4240 000000000c6990e8 

Instructions: (pc=0x000000006e9775bf)
0x000000006e97759f:   00 00 00 8b 8b 94 00 00 00 45 31 c0 49 89 d9 e8
0x000000006e9775af:   2d 59 8b 00 85 c0 0f 85 15 01 00 00 48 8b 43 10
0x000000006e9775bf:   48 8b 80 a0 00 00 00 48 85 c0 0f 84 0c 01 00 00
0x000000006e9775cf:   49 89 f9 49 89 e8 48 89 f2 48 89 d9 ff d0 83 f8 


Register to memory mapping:

RAX=0x0000000000000000 is an unknown value
RBX=0x000000001f42adc0 is an unknown value
RCX=0x0000000000000280 is an unknown value
RDX=0x00000000000001e0 is an unknown value
RSP=0x000000002770e990 is pointing into the stack for thread: 0x000000001eeda000
RBP=0x00000000260aa000 is an unknown value
RSI=0x000000002770ea20 is pointing into the stack for thread: 0x000000001eeda000
RDI=0x000000002770ea7c is pointing into the stack for thread: 0x000000001eeda000
R8 =0x0000000000072000 is an unknown value
R9 =0x000000001f42adc0 is an unknown value
R10=0x0000000000000003 is an unknown value
R11=0x0000000000000001 is an unknown value
R12=0x00000000260b8df0 is an unknown value
R13=0x000000000c6990e8 is an unknown value
R14=0x000000002770f280 is pointing into the stack for thread: 0x000000001eeda000
R15=0x000000001eeda000 is a thread


Stack: [0x0000000027610000,0x0000000027710000],  sp=0x000000002770e990,  free space=1018k
Native frames: (J=compiled Java code, j=interpreted, Vv=VM code, C=native code)
C  [xuggle6355529662446721828.dll+0x2375bf]
C  [xuggle6355529662446721828.dll+0x237764]
C  [xuggle6355529662446721828.dll+0x271a4]
C  [xuggle6355529662446721828.dll+0x727e2]
C  0x000000000f0251ae

Java frames: (J=compiled Java code, j=interpreted, Vv=VM code)
j  com.xuggle.xuggler.XugglerJNI.IStreamCoder_encodeVideo(JLcom/xuggle/xuggler/IStreamCoder;JLcom/xuggle/xuggler/IPacket;JLcom/xuggle/xuggler/IVideoPicture;I)I+0
j  com.xuggle.xuggler.IStreamCoder.encodeVideo(Lcom/xuggle/xuggler/IPacket;Lcom/xuggle/xuggler/IVideoPicture;I)I+16
j  wideokomunikator.AudioVideo$2.run()V+264
j  java.lang.Thread.run()V+11
v  ~StubRoutines::call_stub

---------------  P R O C E S S  ---------------

Java Threads: ( => current thread )
=>0x000000001eeda000 JavaThread "Thread-5" [_thread_in_native, id=8796, stack(0x0000000027610000,0x0000000027710000)]
  0x000000001ed56800 JavaThread "Java Sound Event Dispatcher" daemon [_thread_blocked, id=6900, stack(0x000000001fbc0000,0x000000001fcc0000)]
  0x000000001ea28800 JavaThread "Thread-0" [_thread_in_native, id=8556, stack(0x000000001f540000,0x000000001f640000)]
  0x000000001e0d8800 JavaThread "Service Thread" daemon [_thread_blocked, id=5060, stack(0x000000001e710000,0x000000001e810000)]
  0x000000001e04e800 JavaThread "C1 CompilerThread3" daemon [_thread_blocked, id=5852, stack(0x000000001e610000,0x000000001e710000)]
  0x000000001e04b000 JavaThread "C2 CompilerThread2" daemon [_thread_blocked, id=3560, stack(0x000000001e510000,0x000000001e610000)]
  0x000000001e034000 JavaThread "C2 CompilerThread1" daemon [_thread_blocked, id=7652, stack(0x000000001e410000,0x000000001e510000)]
  0x000000001e046000 JavaThread "C2 CompilerThread0" daemon [_thread_blocked, id=8608, stack(0x000000000ee40000,0x000000000ef40000)]
  0x000000001e043800 JavaThread "Attach Listener" daemon [_thread_blocked, id=4908, stack(0x000000000ed40000,0x000000000ee40000)]
  0x000000001e042800 JavaThread "Signal Dispatcher" daemon [_thread_blocked, id=8260, stack(0x000000000ec40000,0x000000000ed40000)]
  0x0000000002889000 JavaThread "Finalizer" daemon [_thread_blocked, id=7572, stack(0x000000000eb40000,0x000000000ec40000)]
  0x0000000002880800 JavaThread "Reference Handler" daemon [_thread_blocked, id=2980, stack(0x000000000ea40000,0x000000000eb40000)]
  0x000000000260d800 JavaThread "main" [_thread_blocked, id=5672, stack(0x0000000002690000,0x0000000002790000)]

Other Threads:
  0x000000000cc48800 VMThread [stack: 0x000000000e940000,0x000000000ea40000] [id=7988]
  0x000000001e0eb000 WatcherThread [stack: 0x000000001e810000,0x000000001e910000] [id=4744]

VM state:not at safepoint (normal execution)

VM Mutex/Monitor currently owned by a thread: None

Heap:
 PSYoungGen      total 8704K, used 7539K [0x000000076f100000, 0x000000076fb00000, 0x00000007c0000000)
  eden space 7168K, 91% used [0x000000076f100000,0x000000076f76f8f0,0x000000076f800000)
  from space 1536K, 61% used [0x000000076f980000,0x000000076fa6d4e0,0x000000076fb00000)
  to   space 1536K, 0% used [0x000000076f800000,0x000000076f800000,0x000000076f980000)
 ParOldGen       total 248320K, used 1464K [0x00000006cd200000, 0x00000006dc480000, 0x000000076f100000)
  object space 248320K, 0% used [0x00000006cd200000,0x00000006cd36e368,0x00000006dc480000)
 Metaspace       used 7971K, capacity 8022K, committed 8064K, reserved 1056768K
  class space    used 873K, capacity 882K, committed 896K, reserved 1048576K

Card table byte_map: [0x0000000002c50000,0x00000000033f0000] byte_map_base: 0xffffffffff5e7000

Marking Bits: (ParMarkBitMap*) 0x00000000596d13b0
 Begin Bits: [0x0000000004100000, 0x0000000007db8000)
 End Bits:   [0x0000000007db8000, 0x000000000ba70000)

Polling page: 0x0000000000a80000

CodeCache: size=245760Kb used=3028Kb max_used=3039Kb free=242731Kb
 bounds [0x000000000f010000, 0x000000000f310000, 0x000000001e010000]
 total_blobs=1122 nmethods=684 adapters=352
 compilation: enabled

Compilation events (10 events):
Event: 3.580 Thread 0x000000001e034000  680       4       java.nio.DirectByteBuffer::get (15 bytes)
Event: 3.580 Thread 0x000000001e034000 nmethod 680 0x000000000f2fc210 code [0x000000000f2fc340, 0x000000000f2fc3d8]
Event: 3.580 Thread 0x000000001e04b000 nmethod 679 0x000000000f2faa10 code [0x000000000f2fab40, 0x000000000f2fac18]
Event: 3.583 Thread 0x000000001e04e800  681 %     3       org.bytedeco.javacpp.helper.opencv_core$AbstractArray::flipCopyWithGamma @ 484 (608 bytes)
Event: 3.585 Thread 0x000000001e04e800 nmethod 681% 0x000000000f2fdc50 code [0x000000000f2fe0c0, 0x000000000f301728]
Event: 3.585 Thread 0x000000001e04e800  682       3       org.bytedeco.javacpp.helper.opencv_core$AbstractArray::flipCopyWithGamma (608 bytes)
Event: 3.586 Thread 0x000000001e04e800 nmethod 682 0x000000000f302a90 code [0x000000000f302ee0, 0x000000000f306048]
Event: 3.586 Thread 0x000000001e046000  683 %     4       org.bytedeco.javacpp.helper.opencv_core$AbstractArray::flipCopyWithGamma @ 484 (608 bytes)
Event: 3.600 Thread 0x000000001e04e800  684   !   3       java.lang.ClassLoader::findNative (86 bytes)
Event: 3.600 Thread 0x000000001e04e800 nmethod 684 0x000000000f2f9590 code [0x000000000f2f9740, 0x000000000f2f9f58]

GC Heap History (10 events):
Event: 0.147 GC heap before
{Heap before GC invocations=4 (full 0):
 PSYoungGen      total 1536K, used 1533K [0x000000076f100000, 0x000000076f400000, 0x00000007c0000000)
  eden space 1024K, 99% used [0x000000076f100000,0x000000076f1ff680,0x000000076f200000)
  from space 512K, 100% used [0x000000076f200000,0x000000076f280000,0x000000076f280000)
  to   space 512K, 0% used [0x000000076f380000,0x000000076f380000,0x000000076f400000)
 ParOldGen       total 248320K, used 288K [0x00000006cd200000, 0x00000006dc480000, 0x000000076f100000)
  object space 248320K, 0% used [0x00000006cd200000,0x00000006cd248000,0x00000006dc480000)
 Metaspace       used 3212K, capacity 4728K, committed 4864K, reserved 1056768K
  class space    used 351K, capacity 424K, committed 512K, reserved 1048576K
Event: 0.148 GC heap after
Heap after GC invocations=4 (full 0):
 PSYoungGen      total 2560K, used 480K [0x000000076f100000, 0x000000076f400000, 0x00000007c0000000)
  eden space 2048K, 0% used [0x000000076f100000,0x000000076f100000,0x000000076f300000)
  from space 512K, 93% used [0x000000076f380000,0x000000076f3f8020,0x000000076f400000)
  to   space 512K, 0% used [0x000000076f300000,0x000000076f300000,0x000000076f380000)
 ParOldGen       total 248320K, used 515K [0x00000006cd200000, 0x00000006dc480000, 0x000000076f100000)
  object space 248320K, 0% used [0x00000006cd200000,0x00000006cd280e08,0x00000006dc480000)
 Metaspace       used 3212K, capacity 4728K, committed 4864K, reserved 1056768K
  class space    used 351K, capacity 424K, committed 512K, reserved 1048576K
}
Event: 0.191 GC heap before
{Heap before GC invocations=5 (full 0):
 PSYoungGen      total 2560K, used 2528K [0x000000076f100000, 0x000000076f400000, 0x00000007c0000000)
  eden space 2048K, 100% used [0x000000076f100000,0x000000076f300000,0x000000076f300000)
  from space 512K, 93% used [0x000000076f380000,0x000000076f3f8020,0x000000076f400000)
  to   space 512K, 0% used [0x000000076f300000,0x000000076f300000,0x000000076f380000)
 ParOldGen       total 248320K, used 515K [0x00000006cd200000, 0x00000006dc480000, 0x000000076f100000)
  object space 248320K, 0% used [0x00000006cd200000,0x00000006cd280e08,0x00000006dc480000)
 Metaspace       used 3693K, capacity 4856K, committed 5120K, reserved 1056768K
  class space    used 396K, capacity 424K, committed 512K, reserved 1048576K
Event: 0.192 GC heap after
Heap after GC invocations=5 (full 0):
 PSYoungGen      total 2560K, used 496K [0x000000076f100000, 0x000000076f700000, 0x00000007c0000000)
  eden space 2048K, 0% used [0x000000076f100000,0x000000076f100000,0x000000076f300000)
  from space 512K, 96% used [0x000000076f300000,0x000000076f37c010,0x000000076f380000)
  to   space 1024K, 0% used [0x000000076f600000,0x000000076f600000,0x000000076f700000)
 ParOldGen       total 248320K, used 877K [0x00000006cd200000, 0x00000006dc480000, 0x000000076f100000)
  object space 248320K, 0% used [0x00000006cd200000,0x00000006cd2db5c8,0x00000006dc480000)
 Metaspace       used 3693K, capacity 4856K, committed 5120K, reserved 1056768K
  class space    used 396K, capacity 424K, committed 512K, reserved 1048576K
}
Event: 1.508 GC heap before
{Heap before GC invocations=6 (full 0):
 PSYoungGen      total 2560K, used 2544K [0x000000076f100000, 0x000000076f700000, 0x00000007c0000000)
  eden space 2048K, 100% used [0x000000076f100000,0x000000076f300000,0x000000076f300000)
  from space 512K, 96% used [0x000000076f300000,0x000000076f37c010,0x000000076f380000)
  to   space 1024K, 0% used [0x000000076f600000,0x000000076f600000,0x000000076f700000)
 ParOldGen       total 248320K, used 877K [0x00000006cd200000, 0x00000006dc480000, 0x000000076f100000)
  object space 248320K, 0% used [0x00000006cd200000,0x00000006cd2db5c8,0x00000006dc480000)
 Metaspace       used 5191K, capacity 5344K, committed 5504K, reserved 1056768K
  class space    used 570K, capacity 592K, committed 640K, reserved 1048576K
Event: 1.510 GC heap after
Heap after GC invocations=6 (full 0):
 PSYoungGen      total 4608K, used 1011K [0x000000076f100000, 0x000000076f800000, 0x00000007c0000000)
  eden space 3584K, 0% used [0x000000076f100000,0x000000076f100000,0x000000076f480000)
  from space 1024K, 98% used [0x000000076f600000,0x000000076f6fcd40,0x000000076f700000)
  to   space 1536K, 0% used [0x000000076f480000,0x000000076f480000,0x000000076f600000)
 ParOldGen       total 248320K, used 992K [0x00000006cd200000, 0x00000006dc480000, 0x000000076f100000)
  object space 248320K, 0% used [0x00000006cd200000,0x00000006cd2f8318,0x00000006dc480000)
 Metaspace       used 5191K, capacity 5344K, committed 5504K, reserved 1056768K
  class space    used 570K, capacity 592K, committed 640K, reserved 1048576K
}
Event: 1.671 GC heap before
{Heap before GC invocations=7 (full 0):
 PSYoungGen      total 4608K, used 4595K [0x000000076f100000, 0x000000076f800000, 0x00000007c0000000)
  eden space 3584K, 100% used [0x000000076f100000,0x000000076f480000,0x000000076f480000)
  from space 1024K, 98% used [0x000000076f600000,0x000000076f6fcd40,0x000000076f700000)
  to   space 1536K, 0% used [0x000000076f480000,0x000000076f480000,0x000000076f600000)
 ParOldGen       total 248320K, used 992K [0x00000006cd200000, 0x00000006dc480000, 0x000000076f100000)
  object space 248320K, 0% used [0x00000006cd200000,0x00000006cd2f8318,0x00000006dc480000)
 Metaspace       used 5560K, capacity 5728K, committed 5888K, reserved 1056768K
  class space    used 607K, capacity 656K, committed 768K, reserved 1048576K
Event: 1.672 GC heap after
Heap after GC invocations=7 (full 0):
 PSYoungGen      total 5120K, used 968K [0x000000076f100000, 0x000000076fb00000, 0x00000007c0000000)
  eden space 3584K, 0% used [0x000000076f100000,0x000000076f100000,0x000000076f480000)
  from space 1536K, 63% used [0x000000076f480000,0x000000076f572060,0x000000076f600000)
  to   space 1536K, 0% used [0x000000076f980000,0x000000076f980000,0x000000076fb00000)
 ParOldGen       total 248320K, used 1304K [0x00000006cd200000, 0x00000006dc480000, 0x000000076f100000)
  object space 248320K, 0% used [0x00000006cd200000,0x00000006cd346368,0x00000006dc480000)
 Metaspace       used 5560K, capacity 5728K, committed 5888K, reserved 1056768K
  class space    used 607K, capacity 656K, committed 768K, reserved 1048576K
}
Event: 3.004 GC heap before
{Heap before GC invocations=8 (full 0):
 PSYoungGen      total 5120K, used 4552K [0x000000076f100000, 0x000000076fb00000, 0x00000007c0000000)
  eden space 3584K, 100% used [0x000000076f100000,0x000000076f480000,0x000000076f480000)
  from space 1536K, 63% used [0x000000076f480000,0x000000076f572060,0x000000076f600000)
  to   space 1536K, 0% used [0x000000076f980000,0x000000076f980000,0x000000076fb00000)
 ParOldGen       total 248320K, used 1304K [0x00000006cd200000, 0x00000006dc480000, 0x000000076f100000)
  object space 248320K, 0% used [0x00000006cd200000,0x00000006cd346368,0x00000006dc480000)
 Metaspace       used 6728K, capacity 6774K, committed 6912K, reserved 1056768K
  class space    used 698K, capacity 722K, committed 768K, reserved 1048576K
Event: 3.005 GC heap after
Heap after GC invocations=8 (full 0):
 PSYoungGen      total 8704K, used 949K [0x000000076f100000, 0x000000076fb00000, 0x00000007c0000000)
  eden space 7168K, 0% used [0x000000076f100000,0x000000076f100000,0x000000076f800000)
  from space 1536K, 61% used [0x000000076f980000,0x000000076fa6d4e0,0x000000076fb00000)
  to   space 1536K, 0% used [0x000000076f800000,0x000000076f800000,0x000000076f980000)
 ParOldGen       total 248320K, used 1464K [0x00000006cd200000, 0x00000006dc480000, 0x000000076f100000)
  object space 248320K, 0% used [0x00000006cd200000,0x00000006cd36e368,0x00000006dc480000)
 Metaspace       used 6728K, capacity 6774K, committed 6912K, reserved 1056768K
  class space    used 698K, capacity 722K, committed 768K, reserved 1048576K
}

Deoptimization events (2 events):
Event: 1.462 Thread 0x000000000260d800 Uncommon trap: reason=class_check action=maybe_recompile pc=0x000000000f1ec708 method=java.io.FilterInputStream.read([BII)I @ 7
Event: 1.463 Thread 0x000000000260d800 Uncommon trap: reason=class_check action=maybe_recompile pc=0x000000000f1ec708 method=java.io.FilterInputStream.read([BII)I @ 7

Internal exceptions (10 events):
Event: 3.577 Thread 0x000000001eeda000 Exception <a 'java/security/PrivilegedActionException'> (0x000000076f5c0170) thrown at [D:\re\workspace\8-2-build-windows-amd64-cygwin\jdk8\2238\hotspot\src\share\vm\prims\jvm.cpp, line 1248]
Event: 3.578 Thread 0x000000001eeda000 Exception <a 'java/io/FileNotFoundException'> (0x000000076f5c6238) thrown at [D:\re\workspace\8-2-build-windows-amd64-cygwin\jdk8\2238\hotspot\src\share\vm\prims\jni.cpp, line 716]
Event: 3.596 Thread 0x000000001eeda000 Exception <a 'java/security/PrivilegedActionException'> (0x000000076f5cb108) thrown at [D:\re\workspace\8-2-build-windows-amd64-cygwin\jdk8\2238\hotspot\src\share\vm\prims\jvm.cpp, line 1248]
Event: 3.596 Thread 0x000000001eeda000 Exception <a 'java/security/PrivilegedActionException'> (0x000000076f5d5830) thrown at [D:\re\workspace\8-2-build-windows-amd64-cygwin\jdk8\2238\hotspot\src\share\vm\prims\jvm.cpp, line 1248]
Event: 3.597 Thread 0x000000001eeda000 Exception <a 'java/security/PrivilegedActionException'> (0x000000076f5dfbd0) thrown at [D:\re\workspace\8-2-build-windows-amd64-cygwin\jdk8\2238\hotspot\src\share\vm\prims\jvm.cpp, line 1248]
Event: 3.597 Thread 0x000000001eeda000 Exception <a 'java/security/PrivilegedActionException'> (0x000000076f5e6ef0) thrown at [D:\re\workspace\8-2-build-windows-amd64-cygwin\jdk8\2238\hotspot\src\share\vm\prims\jvm.cpp, line 1248]
Event: 3.598 Thread 0x000000001eeda000 Exception <a 'java/security/PrivilegedActionException'> (0x000000076f5ef490) thrown at [D:\re\workspace\8-2-build-windows-amd64-cygwin\jdk8\2238\hotspot\src\share\vm\prims\jvm.cpp, line 1248]
Event: 3.598 Thread 0x000000001eeda000 Exception <a 'java/security/PrivilegedActionException'> (0x000000076f5f7840) thrown at [D:\re\workspace\8-2-build-windows-amd64-cygwin\jdk8\2238\hotspot\src\share\vm\prims\jvm.cpp, line 1248]
Event: 3.601 Thread 0x000000001eeda000 Exception <a 'java/security/PrivilegedActionException'> (0x000000076f6e78a8) thrown at [D:\re\workspace\8-2-build-windows-amd64-cygwin\jdk8\2238\hotspot\src\share\vm\prims\jvm.cpp, line 1248]
Event: 3.602 Thread 0x000000001eeda000 Exception <a 'java/security/PrivilegedActionException'> (0x000000076f6f1130) thrown at [D:\re\workspace\8-2-build-windows-amd64-cygwin\jdk8\2238\hotspot\src\share\vm\prims\jvm.cpp, line 1248]

Events (10 events):
Event: 3.597 loading class com/xuggle/xuggler/IVideoResampler$Feature
Event: 3.597 loading class com/xuggle/xuggler/IVideoResampler$Feature done
Event: 3.598 loading class com/xuggle/xuggler/IVideoResampler$Feature$SwigNext
Event: 3.598 loading class com/xuggle/xuggler/IVideoResampler$Feature$SwigNext done
Event: 3.598 loading class com/xuggle/xuggler/IVideoResampler
Event: 3.598 loading class com/xuggle/xuggler/IVideoResampler done
Event: 3.601 loading class com/xuggle/xuggler/video/ConverterFactory
Event: 3.601 loading class com/xuggle/xuggler/video/ConverterFactory done
Event: 3.602 loading class com/xuggle/xuggler/video/ConverterFactory$Type
Event: 3.602 loading class com/xuggle/xuggler/video/ConverterFactory$Type done


Dynamic libraries:
0x00007ff65a0b0000 - 0x00007ff65a0e4000 	C:\Program Files\Java\jdk1.8.0\bin\java.exe
0x00007ff960ab0000 - 0x00007ff960c5c000 	C:\Windows\SYSTEM32\ntdll.dll
0x00007ff95e560000 - 0x00007ff95e69e000 	C:\Windows\system32\KERNEL32.DLL
0x00007ff95df60000 - 0x00007ff95e075000 	C:\Windows\system32\KERNELBASE.dll
0x00007ff95c730000 - 0x00007ff95c7be000 	C:\Windows\system32\apphelp.dll
0x00007ff94a820000 - 0x00007ff94a873000 	C:\Windows\AppPatch\AppPatch64\AcGenral.DLL
0x00007ff9608a0000 - 0x00007ff96094a000 	C:\Windows\system32\msvcrt.dll
0x00007ff95da50000 - 0x00007ff95da7e000 	C:\Windows\SYSTEM32\SspiCli.dll
0x00007ff95e1f0000 - 0x00007ff95e244000 	C:\Windows\system32\SHLWAPI.dll
0x00007ff960210000 - 0x00007ff960387000 	C:\Windows\system32\USER32.dll
0x00007ff9603a0000 - 0x00007ff960534000 	C:\Windows\system32\ole32.dll
0x00007ff95e930000 - 0x00007ff95fe48000 	C:\Windows\system32\SHELL32.dll
0x00007ff95d260000 - 0x00007ff95d281000 	C:\Windows\SYSTEM32\USERENV.dll
0x00007ff9605c0000 - 0x00007ff96066a000 	C:\Windows\system32\ADVAPI32.dll
0x00007ff954250000 - 0x00007ff95426e000 	C:\Windows\SYSTEM32\MPR.dll
0x00007ff95e260000 - 0x00007ff95e3a1000 	C:\Windows\system32\RPCRT4.dll
0x00007ff960560000 - 0x00007ff9605b9000 	C:\Windows\SYSTEM32\sechost.dll
0x00007ff960680000 - 0x00007ff960891000 	C:\Windows\SYSTEM32\combase.dll
0x00007ff960950000 - 0x00007ff960aa1000 	C:\Windows\system32\GDI32.dll
0x00007ff95dc00000 - 0x00007ff95dc15000 	C:\Windows\SYSTEM32\profapi.dll
0x00007ff95c670000 - 0x00007ff95c722000 	C:\Windows\SYSTEM32\SHCORE.dll
0x00007ff95ff10000 - 0x00007ff95ff46000 	C:\Windows\system32\IMM32.DLL
0x00007ff95e710000 - 0x00007ff95e863000 	C:\Windows\system32\MSCTF.dll
0x00007ff95dbb0000 - 0x00007ff95dbe2000 	C:\Windows\system32\nvinitx.dll
0x00007ff95dba0000 - 0x00007ff95dbaa000 	C:\Windows\SYSTEM32\VERSION.dll
0x000000000f000000 - 0x000000000f006000 	C:\Program Files\NVIDIA Corporation\CoProcManager\_etoured.dll
0x00007ff95bc40000 - 0x00007ff95bc72000 	C:\Program Files\NVIDIA Corporation\CoProcManager\nvd3d9wrapx.dll
0x00007ff960020000 - 0x00007ff9601fa000 	C:\Windows\system32\SETUPAPI.dll
0x00007ff95deb0000 - 0x00007ff95deff000 	C:\Windows\system32\CFGMGR32.dll
0x00007ff95bb60000 - 0x00007ff95bb82000 	C:\Program Files\NVIDIA Corporation\CoProcManager\nvdxgiwrapx.dll
0x00007ff95bc80000 - 0x00007ff95befb000 	C:\Windows\WinSxS\amd64_microsoft.windows.common-controls_6595b64144ccf1df_6.0.9600.17415_none_6240486fecbd8abb\COMCTL32.dll
0x00007ff9514e0000 - 0x00007ff951569000 	C:\Program Files (x86)\AVG\AVG2015\avghooka.dll
0x0000000059750000 - 0x0000000059822000 	C:\Program Files\Java\jdk1.8.0\jre\bin\msvcr100.dll
0x0000000058f20000 - 0x000000005974a000 	C:\Program Files\Java\jdk1.8.0\jre\bin\server\jvm.dll
0x00007ff954cf0000 - 0x00007ff954cf9000 	C:\Windows\SYSTEM32\WSOCK32.dll
0x00007ff95b530000 - 0x00007ff95b552000 	C:\Windows\SYSTEM32\WINMM.dll
0x00007ff960200000 - 0x00007ff960207000 	C:\Windows\system32\PSAPI.DLL
0x00007ff95e190000 - 0x00007ff95e1ea000 	C:\Windows\system32\WS2_32.dll
0x00007ff95b410000 - 0x00007ff95b43a000 	C:\Windows\SYSTEM32\WINMMBASE.dll
0x00007ff960390000 - 0x00007ff960399000 	C:\Windows\system32\NSI.dll
0x00007ff95c9c0000 - 0x00007ff95c9e8000 	C:\Windows\SYSTEM32\DEVOBJ.dll
0x0000000058f10000 - 0x0000000058f1f000 	C:\Program Files\Java\jdk1.8.0\jre\bin\verify.dll
0x0000000058ee0000 - 0x0000000058f08000 	C:\Program Files\Java\jdk1.8.0\jre\bin\java.dll
0x0000000058ec0000 - 0x0000000058ed6000 	C:\Program Files\Java\jdk1.8.0\jre\bin\zip.dll
0x00007ff95d5f0000 - 0x00007ff95d610000 	C:\Windows\SYSTEM32\CRYPTSP.dll
0x00007ff95d0f0000 - 0x00007ff95d126000 	C:\Windows\system32\rsaenh.dll
0x00007ff95d700000 - 0x00007ff95d726000 	C:\Windows\SYSTEM32\bcrypt.dll
0x00007ff95da80000 - 0x00007ff95dae3000 	C:\Windows\system32\bcryptprimitives.dll
0x00007ff95daf0000 - 0x00007ff95dafb000 	C:\Windows\SYSTEM32\CRYPTBASE.dll
0x0000000058ea0000 - 0x0000000058eba000 	C:\Program Files\Java\jdk1.8.0\jre\bin\net.dll
0x00007ff95d470000 - 0x00007ff95d4c9000 	C:\Windows\system32\mswsock.dll
0x00007ff954160000 - 0x00007ff954175000 	C:\Windows\system32\napinsp.dll
0x00007ff954180000 - 0x00007ff95419a000 	C:\Windows\system32\pnrpnsp.dll
0x00007ff95a440000 - 0x00007ff95a45b000 	C:\Windows\system32\NLAapi.dll
0x00007ff95d180000 - 0x00007ff95d224000 	C:\Windows\SYSTEM32\DNSAPI.dll
0x00007ff9541a0000 - 0x00007ff9541ad000 	C:\Windows\System32\winrnr.dll
0x00007ff9541b0000 - 0x00007ff9541c4000 	C:\Windows\system32\wshbth.dll
0x000000005bf50000 - 0x000000005bf76000 	C:\Program Files\Bonjour\mdnsNSP.dll
0x00007ff957c30000 - 0x00007ff957c5a000 	C:\Windows\SYSTEM32\Iphlpapi.DLL
0x00007ff957c20000 - 0x00007ff957c2a000 	C:\Windows\SYSTEM32\WINNSI.DLL
0x00007ff9541d0000 - 0x00007ff9541da000 	C:\Windows\System32\rasadhlp.dll
0x00007ff9577a0000 - 0x00007ff95780b000 	C:\Windows\System32\fwpuclnt.dll
0x0000000058e80000 - 0x0000000058e91000 	C:\Program Files\Java\jdk1.8.0\jre\bin\nio.dll
0x000000006e740000 - 0x000000006fda5000 	C:\Users\Piotr\AppData\Local\Temp\xuggle\xuggle6355529662446721828.dll
0x00007ff94e020000 - 0x00007ff94e037000 	C:\Windows\SYSTEM32\AVICAP32.dll
0x00007ff94a7f0000 - 0x00007ff94a819000 	C:\Windows\SYSTEM32\MSVFW32.dll
0x0000000058e70000 - 0x0000000058e7c000 	C:\Program Files\Java\jdk1.8.0\jre\bin\jsound.dll
0x0000000058e60000 - 0x0000000058e6b000 	C:\Program Files\Java\jdk1.8.0\jre\bin\jsoundds.dll
0x00007ff937d90000 - 0x00007ff937e2d000 	C:\Windows\SYSTEM32\DSOUND.dll
0x00007ff95d290000 - 0x00007ff95d2d6000 	C:\Windows\SYSTEM32\POWRPROF.dll
0x00007ff95c9f0000 - 0x00007ff95c9fb000 	C:\Windows\SYSTEM32\kernel.appcore.dll
0x00007ff95b4b0000 - 0x00007ff95b520000 	C:\Windows\SYSTEM32\MMDevAPI.DLL
0x00007ff95c820000 - 0x00007ff95c949000 	C:\Windows\system32\uxtheme.dll
0x00007ff94a730000 - 0x00007ff94a76e000 	C:\Windows\SYSTEM32\wdmaud.drv
0x00007ff9581f0000 - 0x00007ff9581f8000 	C:\Windows\SYSTEM32\ksuser.dll
0x00007ff95b220000 - 0x00007ff95b22c000 	C:\Windows\SYSTEM32\AVRT.dll
0x00007ff94d5f0000 - 0x00007ff94d66e000 	C:\Windows\SYSTEM32\AUDIOSES.DLL
0x00007ff95ff50000 - 0x00007ff960011000 	C:\Windows\system32\OLEAUT32.dll
0x00007ff958590000 - 0x00007ff95859b000 	C:\Windows\SYSTEM32\msacm32.drv
0x00007ff9444b0000 - 0x00007ff9444cc000 	C:\Windows\SYSTEM32\MSACM32.dll
0x00007ff94e760000 - 0x00007ff94e76a000 	C:\Windows\SYSTEM32\midimap.dll
0x00007ff95fe50000 - 0x00007ff95ff06000 	C:\Windows\SYSTEM32\clbcatq.dll
0x0000000058e40000 - 0x0000000058e55000 	C:\Users\Piotr\AppData\Local\Temp\javacpp9732087584595\libusb0.dll
0x00007ff94a7c0000 - 0x00007ff94a7ec000 	C:\Users\Piotr\AppData\Local\Temp\javacpp9732087584595\freenect.dll
0x00007ff94a8b0000 - 0x00007ff94a8c9000 	C:\Users\Piotr\AppData\Local\Temp\javacpp9732087584595\pthreadVC2.dll
0x00007ff94a790000 - 0x00007ff94a7b7000 	C:\Users\Piotr\AppData\Local\Temp\javacpp9732087584595\jnifreenect.dll
0x00007ff9449a0000 - 0x00007ff9449c5000 	C:\Users\Piotr\AppData\Local\Temp\javacpp9732087584595\jnivideoInputLib.dll
0x000000005d2e0000 - 0x000000005d378000 	C:\Windows\SYSTEM32\MSVCP100.dll
0x00007ff944980000 - 0x00007ff944998000 	C:\Windows\System32\devenum.dll
0x00007ff95ae70000 - 0x00007ff95aea2000 	C:\Windows\SYSTEM32\ntmarta.dll
0x000000001fa90000 - 0x000000001fae1000 	C:\Windows\system32\WINTRUST.dll
0x00007ff95dcd0000 - 0x00007ff95deaf000 	C:\Windows\system32\CRYPT32.dll
0x00007ff95dcb0000 - 0x00007ff95dcc1000 	C:\Windows\system32\MSASN1.dll
0x00007ff951590000 - 0x00007ff95159d000 	C:\Windows\SYSTEM32\msdmo.dll
0x00007ff9448b0000 - 0x00007ff9448dd000 	C:\Windows\System32\qcap.dll
0x00007ff933a60000 - 0x00007ff933c32000 	C:\Windows\System32\quartz.dll
0x00007ff95bf00000 - 0x00007ff95bf21000 	C:\Windows\system32\dwmapi.dll
0x00007ff938120000 - 0x00007ff93816b000 	C:\Windows\System32\ksproxy.ax
0x00007ff952090000 - 0x00007ff9522b1000 	C:\Windows\System32\d3d9.dll
0x00007ff94e630000 - 0x00007ff94e63e000 	C:\Windows\System32\vidcap.ax
0x00007ff943ca0000 - 0x00007ff943cc6000 	C:\Windows\System32\kswdmcap.ax
0x00007ff932d40000 - 0x00007ff932e8d000 	C:\Windows\System32\MFC42.dll
0x00007ff933990000 - 0x00007ff933a52000 	C:\Windows\System32\ODBC32.dll
0x00007ff932c90000 - 0x00007ff932d38000 	C:\Windows\System32\qedit.dll
0x00007ff95e870000 - 0x00007ff95e926000 	C:\Windows\system32\COMDLG32.dll
0x00007ff95ab30000 - 0x00007ff95ace0000 	C:\Windows\WinSxS\amd64_microsoft.windows.gdiplus_6595b64144ccf1df_1.1.9600.17415_none_932b3b5547500489\gdiplus.dll
0x00007ff9590e0000 - 0x00007ff9591d8000 	C:\Windows\System32\DDRAW.dll
0x00007ff959630000 - 0x00007ff959639000 	C:\Windows\System32\DCIMAN32.dll
0x00007ff95a480000 - 0x00007ff95a57d000 	C:\Windows\SYSTEM32\nvumdshimx.dll
0x00007ff9384c0000 - 0x00007ff939c63000 	C:\Windows\system32\igdumdim64.dll
0x00007ff932a90000 - 0x00007ff932c81000 	C:\Program Files\K-Lite Codec Pack x64\Filters\vsfilter.dll
0x00007ff95aaa0000 - 0x00007ff95ab22000 	C:\Windows\SYSTEM32\WINSPOOL.DRV
0x00007ff955df0000 - 0x00007ff956038000 	C:\Windows\SYSTEM32\WININET.dll
0x00007ff956040000 - 0x00007ff956307000 	C:\Windows\SYSTEM32\iertutil.dll
0x00007ff94a780000 - 0x00007ff94a78c000 	C:\Windows\SYSTEM32\msyuv.dll
0x0000000058d60000 - 0x0000000058e31000 	C:\Users\Piotr\AppData\Local\Temp\javacpp9732087584595\msvcr100.dll
0x0000000058cc0000 - 0x0000000058d58000 	C:\Users\Piotr\AppData\Local\Temp\javacpp9732087584595\msvcp100.dll
0x00007ff931860000 - 0x00007ff931ad2000 	C:\Users\Piotr\AppData\Local\Temp\javacpp9732087584595\opencv_core249.dll
0x00007ff9328e0000 - 0x00007ff932a85000 	C:\Users\Piotr\AppData\Local\Temp\javacpp9732087584595\jniopencv_core.dll
0x0000000057e10000 - 0x0000000057fa6000 	C:\Program Files\Java\jdk1.8.0\jre\bin\awt.dll
0x00007ff953860000 - 0x00007ff9539ea000 	C:\Windows\SYSTEM32\dbghelp.dll

VM Arguments:
jvm_args: -Dfile.encoding=UTF-8 
java_command: wideokomunikator.main
java_class_path (initial): D:\Programowanie\javacv\javacv-bin\ffmpeg.jar;D:\Programowanie\javacv\javacv-bin\javacpp.jar;D:\Programowanie\javacv\javacv-bin\javacv.jar;D:\Programowanie\javacv\javacv-bin\opencv.jar;C:\Program Files\Java\jdk1.8.0_05\db\lib\derby.jar;C:\Program Files\Java\jdk1.8.0_05\db\lib\derbyclient.jar;C:\Program Files\Java\jdk1.8.0_05\db\lib\derbytools.jar;C:\Program Files\Java\jdk1.8.0_05\db\lib\derbynet.jar;D:\Programowanie\xuggle-xuggler-5.4.jar;D:\Programowanie\slf4j-simple-1.7.10.jar;D:\Programowanie\slf4j-api-1.7.10.jar;C:\Users\Piotr\Documents\NetBeansProjects\Wideokomunikator\build\classes
Launcher Type: SUN_STANDARD

Environment Variables:
JAVA_HOME=C:\Program Files\Java\jdk1.8.0_05
CLASSPATH=.;C:\PROGRA~2\JMF2.1.1e\lib\sound.jar;C:\PROGRA~2\JMF2.1.1e\lib\jmf.jar;C:\PROGRA~2\JMF2.1.1e\lib;.;.;.;c:\PROGRA~2\java\JMF21~1.1E\lib\sound.jar;c:\PROGRA~2\java\JMF21~1.1E\lib\jmf.jar;c:\PROGRA~2\java\JMF21~1.1E\lib;
PATH=C:\Program Files (x86)\NVIDIA Corporation\PhysX\Common;C:\ProgramData\Oracle\Java\javapath;C:\Python34\;C:\Python34\Scripts;C:\Program Files (x86)\Intel\iCLS Client\;C:\Program Files\Intel\iCLS Client\;C:\Windows\system32;C:\Windows;C:\Windows\System32\Wbem;C:\Windows\System32\WindowsPowerShell\v1.0\;C:\Program Files\Intel\Intel(R) Management Engine Components\DAL;C:\Program Files\Intel\Intel(R) Management Engine Components\IPT;C:\Program Files (x86)\Intel\Intel(R) Management Engine Components\DAL;C:\Program Files (x86)\Intel\Intel(R) Management Engine Components\IPT;C:\Program Files\nodejs\;C:\Windows\Microsoft.NET\Framework\v4.0.30319;C:\Program Files\Microsoft SQL Server\110\Tools\Binn\;C:\Program Files\Java\jdk1.8.0_05\bin;C:\Program Files (x86)\QuickTime\QTSystem\;C:\Program Files\apache-ant-1.9.4\bin;1UGGLE_HOME\bin;c:\PROGRA~2\java\JMF21~1.1E\lib;C:\Users\Piotr\AppData\Roaming\npm;C:\Program Files (x86)\Bitvise SSH Client;C:\Program Files\Java\jdk1.8.0_05\bin
USERNAME=Piotr
OS=Windows_NT
PROCESSOR_IDENTIFIER=Intel64 Family 6 Model 60 Stepping 3, GenuineIntel



---------------  S Y S T E M  ---------------

OS: Windows 8.1 , 64 bit Build 9600 

CPU:total 8 (4 cores per cpu, 2 threads per core) family 6 model 60 stepping 3, cmov, cx8, fxsr, mmx, sse, sse2, sse3, ssse3, sse4.1, sse4.2, popcnt, avx, avx2, aes, clmul, erms, ht, tsc, tscinvbit

Memory: 4k page, physical 15910992k(9889744k free), swap 36390992k(27946936k free)

vm_info: Java HotSpot(TM) 64-Bit Server VM (25.0-b70) for windows-amd64 JRE (1.8.0-b132), built on Mar  4 2014 03:46:18 by "java_re" with MS VC++ 10.0 (VS2010)

time: Sat Feb 07 19:22:13 2015
elapsed time: 3 seconds

