#
# A fatal error has been detected by the Java Runtime Environment:
#
#  EXCEPTION_ACCESS_VIOLATION (0xc0000005) at pc=0x0b67119a, pid=3504, tid=7352
#
# JRE version: Java(TM) SE Runtime Environment (8.0_31-b13) (build 1.8.0_31-b13)
# Java VM: Java HotSpot(TM) Client VM (25.31-b07 mixed mode windows-x86 )
# Problematic frame:
# C  [xuggle9079442026210930898.dll+0x30119a]
#
# Failed to write core dump. Minidumps are not enabled by default on client versions of Windows
#
# If you would like to submit a bug report, please visit:
#   http://bugreport.java.com/bugreport/crash.jsp
# The crash happened outside the Java Virtual Machine in native code.
# See problematic frame for where to report the bug.
#

---------------  T H R E A D  ---------------

Current thread (0x05eb8000):  JavaThread "Thread-64" [_thread_in_native, id=7352, stack(0x1f770000,0x1f7c0000)]

siginfo: ExceptionCode=0xc0000005, reading address 0xc4086fca

Registers:
EAX=0x00000000, EBX=0x1f7bf158, ECX=0x00000000, EDX=0xc4086fca
ESP=0x1f7beed0, EBP=0xc4086fca, ESI=0x41444fab, EDI=0x0a295c40
EIP=0x0b67119a, EFLAGS=0x00010246

Top of Stack: (sp=0x1f7beed0)
0x1f7beed0:   026703b2 1f7bf590 04db24a0 1f7bf000
0x1f7beee0:   1f7bef5c 6a6a6b85 04db24a0 00000000
0x1f7beef0:   1f7bf0d8 05eb8000 6a6a7451 05eb8000
0x1f7bef00:   0625eed8 1f7bf0d8 05eb8000 06241db8
0x1f7bef10:   047f9f88 0f2f9d58 1f7bf590 0267be21
0x1f7bef20:   1f7bf5e0 1f7bf0d8 05eb8000 0625ef58
0x1f7bef30:   05afb258 05afb268 05afb34c 000000ec
0x1f7bef40:   0e89f0a0 047f9f88 05eb8000 0000000a 

Instructions: (pc=0x0b67119a)
0x0b67117a:   00 89 84 24 80 00 00 00 89 5c 24 70 8b 9c 24 60
0x0b67118a:   02 00 00 8b 4b 08 8b 13 89 c8 83 e1 07 c1 e8 03
0x0b67119a:   8b 04 02 0f c8 d3 e0 c1 e8 f4 3d ff 0f 00 00 0f
0x0b6711aa:   84 bf 12 00 00 8b 5c 24 70 c7 84 24 90 00 00 00 


Register to memory mapping:

EAX=0x00000000 is an unknown value
EBX=0x1f7bf158 is pointing into the stack for thread: 0x05eb8000
ECX=0x00000000 is an unknown value
EDX=0xc4086fca is an unknown value
ESP=0x1f7beed0 is pointing into the stack for thread: 0x05eb8000
EBP=0xc4086fca is an unknown value
ESI=0x41444fab is an unknown value
EDI=0x0a295c40 is an unknown value


Stack: [0x1f770000,0x1f7c0000],  sp=0x1f7beed0,  free space=315k
Native frames: (J=compiled Java code, j=interpreted, Vv=VM code, C=native code)
C  [xuggle9079442026210930898.dll+0x30119a]

Java frames: (J=compiled Java code, j=interpreted, Vv=VM code)
j  com.xuggle.xuggler.XugglerJNI.IStreamCoder_decodeAudio(JLcom/xuggle/xuggler/IStreamCoder;JLcom/xuggle/xuggler/IAudioSamples;JLcom/xuggle/xuggler/IPacket;I)I+0
j  com.xuggle.xuggler.IStreamCoder.decodeAudio(Lcom/xuggle/xuggler/IAudioSamples;Lcom/xuggle/xuggler/IPacket;I)I+16
j  wideokomunikator.audiovideo.AudioVideo.decodeAudio(Lwideokomunikator/audiovideo/Packet;I)V+79
j  wideokomunikator.audiovideo.AudioVideo.access$2400(Lwideokomunikator/audiovideo/AudioVideo;Lwideokomunikator/audiovideo/Packet;I)V+3
j  wideokomunikator.audiovideo.AudioVideo$8.run()V+139
j  java.lang.Thread.run()V+11
v  ~StubRoutines::call_stub

---------------  P R O C E S S  ---------------

Java Threads: ( => current thread )
  0x05eb7400 JavaThread "Thread-89" [_thread_blocked, id=4104, stack(0x1f650000,0x1f6a0000)]
  0x05eb6c00 JavaThread "Thread-86" [_thread_blocked, id=7876, stack(0x1f4a0000,0x1f4f0000)]
  0x05eb3400 JavaThread "Thread-85" [_thread_blocked, id=3260, stack(0x1f5c0000,0x1f610000)]
  0x05eb8400 JavaThread "Thread-82" [_thread_blocked, id=5184, stack(0x1f530000,0x1f580000)]
  0x05ce5c00 JavaThread "Thread-74" [_thread_blocked, id=1100, stack(0x1f800000,0x1f850000)]
=>0x05eb8000 JavaThread "Thread-64" [_thread_in_native, id=7352, stack(0x1f770000,0x1f7c0000)]
  0x05eba000 JavaThread "Thread-55" [_thread_blocked, id=7840, stack(0x201b0000,0x20200000)]
  0x05eb3800 JavaThread "Thread-52" [_thread_blocked, id=5012, stack(0x09e00000,0x09e50000)]
  0x05eb9800 JavaThread "Thread-51" [_thread_blocked, id=820, stack(0x20120000,0x20170000)]
  0x05eb9000 JavaThread "Thread-50" [_thread_blocked, id=6156, stack(0x20090000,0x200e0000)]
  0x05eb2800 JavaThread "Thread-27" [_thread_in_Java, id=3492, stack(0x1f360000,0x1f3b0000)]
  0x05eb6000 JavaThread "Thread-31" [_thread_blocked, id=4188, stack(0x1f2d0000,0x1f320000)]
  0x05eb4000 JavaThread "Thread-26" [_thread_blocked, id=4420, stack(0x1f240000,0x1f290000)]
  0x05eb5800 JavaThread "Thread-30" [_thread_blocked, id=2548, stack(0x0f1b0000,0x0f200000)]
  0x05eb4800 JavaThread "Thread-29" [_thread_in_native, id=5148, stack(0x0f120000,0x0f170000)]
  0x05eb2c00 JavaThread "Thread-28" [_thread_in_native, id=5520, stack(0x0ef60000,0x0efb0000)]
  0x05eb4c00 JavaThread "Java Sound Event Dispatcher" daemon [_thread_blocked, id=984, stack(0x0cb60000,0x0cbb0000)]
  0x05eb5400 JavaThread "Thread-23" [_thread_in_native, id=7132, stack(0x0b320000,0x0b370000)]
  0x05ce5000 JavaThread "Thread-22" [_thread_in_native, id=4924, stack(0x0a420000,0x0a470000)]
  0x05ce4800 JavaThread "Thread-19" [_thread_in_native, id=6972, stack(0x0a470000,0x0a4c0000)]
  0x05ce7400 JavaThread "D3D Screen Updater" daemon [_thread_blocked, id=4088, stack(0x0a3b0000,0x0a400000)]
  0x05ce4400 JavaThread "DestroyJavaVM" [_thread_blocked, id=4316, stack(0x02460000,0x024b0000)]
  0x05ce3c00 JavaThread "Thread-10" [_thread_in_native, id=1908, stack(0x09580000,0x095d0000)]
  0x05ce6800 JavaThread "Thread-9" [_thread_blocked, id=2180, stack(0x09730000,0x09780000)]
  0x05ce5400 JavaThread "Thread-8" [_thread_blocked, id=7748, stack(0x096a0000,0x096f0000)]
  0x05ce7000 JavaThread "Thread-7" [_thread_in_native, id=8072, stack(0x09610000,0x09660000)]
  0x05e22800 JavaThread "TimerQueue" daemon [_thread_blocked, id=3204, stack(0x093e0000,0x09430000)]
  0x05e22400 JavaThread "AWT-EventQueue-0" [_thread_blocked, id=888, stack(0x09350000,0x093a0000)]
  0x05e48000 JavaThread "AWT-Windows" daemon [_thread_in_native, id=8104, stack(0x07350000,0x073a0000)]
  0x05e47c00 JavaThread "AWT-Shutdown" [_thread_blocked, id=3552, stack(0x072c0000,0x07310000)]
  0x05c91c00 JavaThread "Java2D Disposer" daemon [_thread_blocked, id=6396, stack(0x07230000,0x07280000)]
  0x05fd3000 JavaThread "Thread-0" [_thread_in_native, id=8100, stack(0x06b90000,0x06be0000)]
  0x05b33800 JavaThread "derby.rawStoreDaemon" daemon [_thread_blocked, id=7916, stack(0x06800000,0x06850000)]
  0x05c04400 JavaThread "DRDAConnThread_2" daemon [_thread_in_native, id=1020, stack(0x06770000,0x067c0000)]
  0x05aef800 JavaThread "NetworkServerThread_1" daemon [_thread_in_native, id=6232, stack(0x065e0000,0x06630000)]
  0x05590800 JavaThread "derby.NetworkServerStarter" daemon [_thread_blocked, id=7380, stack(0x06550000,0x065a0000)]
  0x05adc400 JavaThread "Timer-0" daemon [_thread_blocked, id=6444, stack(0x063c0000,0x06410000)]
  0x04c83400 JavaThread "Service Thread" daemon [_thread_blocked, id=2524, stack(0x05170000,0x051c0000)]
  0x04c8a800 JavaThread "C1 CompilerThread0" daemon [_thread_blocked, id=1924, stack(0x050e0000,0x05130000)]
  0x04c89800 JavaThread "Attach Listener" daemon [_thread_blocked, id=7268, stack(0x05050000,0x050a0000)]
  0x04c87800 JavaThread "Signal Dispatcher" daemon [_thread_blocked, id=4472, stack(0x04fc0000,0x05010000)]
  0x04c56800 JavaThread "Finalizer" daemon [_thread_blocked, id=6100, stack(0x04f20000,0x04f70000)]
  0x0266e800 JavaThread "Reference Handler" daemon [_thread_blocked, id=6188, stack(0x04e90000,0x04ee0000)]

Other Threads:
  0x0266d000 VMThread [stack: 0x04c00000,0x04c50000] [id=5372]
  0x04ca3800 WatcherThread [stack: 0x05200000,0x05250000] [id=760]

VM state:not at safepoint (normal execution)

VM Mutex/Monitor currently owned by a thread: None

Heap:
 def new generation   total 13760K, used 7853K [0x0f200000, 0x100e0000, 0x14750000)
  eden space 12288K,  63% used [0x0f200000, 0x0f9ab780, 0x0fe00000)
  from space 1472K,   0% used [0x0fe00000, 0x0fe00000, 0x0ff70000)
  to   space 1472K,   0% used [0x0ff70000, 0x0ff70000, 0x100e0000)
 tenured generation   total 30200K, used 17839K [0x14750000, 0x164ce000, 0x1f200000)
   the space 30200K,  59% used [0x14750000, 0x158bbc68, 0x158bbe00, 0x164ce000)
 Metaspace       used 18954K, capacity 19150K, committed 19200K, reserved 19840K

Card table byte_map: [0x04670000,0x04700000] byte_map_base: 0x045f7000

Polling page: 0x008c0000

CodeCache: size=32768Kb used=2126Kb max_used=2126Kb free=30641Kb
 bounds [0x02670000, 0x02888000, 0x04670000]
 total_blobs=1414 nmethods=1027 adapters=318
 compilation: enabled

Compilation events (10 events):
Event: 10.131 Thread 0x04c8a800 1045             com.xuggle.ferry.JNIReference::getMgr (4 bytes)
Event: 10.131 Thread 0x04c8a800 nmethod 1045 0x02880e48 code [0x02880f40, 0x02880fb0]
Event: 10.146 Thread 0x04c8a800 1046             java.util.concurrent.locks.ReentrantLock$NonfairSync::tryAcquire (6 bytes)
Event: 10.146 Thread 0x04c8a800 nmethod 1046 0x02881008 code [0x02881100, 0x0288118c]
Event: 10.223 Thread 0x04c8a800 1047             java.awt.Component::getFont_NoClientCode (29 bytes)
Event: 10.224 Thread 0x04c8a800 nmethod 1047 0x02881208 code [0x02881310, 0x028813fc]
Event: 10.398 Thread 0x04c8a800 1048  s          java.net.DatagramPacket::getData (5 bytes)
Event: 10.398 Thread 0x04c8a800 nmethod 1048 0x028814c8 code [0x028815c0, 0x02881780]
Event: 10.399 Thread 0x04c8a800 1049             sun.nio.cs.UTF_8$Encoder::encodeArrayLoop (489 bytes)
Event: 10.401 Thread 0x04c8a800 nmethod 1049 0x02881808 code [0x02881b50, 0x0288284c]

GC Heap History (10 events):
Event: 9.519 GC heap before
{Heap before GC invocations=37 (full 6):
 def new generation   total 13760K, used 13694K [0x0f200000, 0x100e0000, 0x14750000)
  eden space 12288K,  99% used [0x0f200000, 0x0fdef9e8, 0x0fe00000)
  from space 1472K, 100% used [0x0ff70000, 0x100e0000, 0x100e0000)
  to   space 1472K,   0% used [0x0fe00000, 0x0fe00000, 0x0ff70000)
 tenured generation   total 30200K, used 23124K [0x14750000, 0x164ce000, 0x1f200000)
   the space 30200K,  76% used [0x14750000, 0x15de5290, 0x15de5400, 0x164ce000)
 Metaspace       used 18954K, capacity 19150K, committed 19200K, reserved 19840K
Event: 9.521 GC heap after
Heap after GC invocations=38 (full 6):
 def new generation   total 13760K, used 1472K [0x0f200000, 0x100e0000, 0x14750000)
  eden space 12288K,   0% used [0x0f200000, 0x0f200000, 0x0fe00000)
  from space 1472K, 100% used [0x0fe00000, 0x0ff70000, 0x0ff70000)
  to   space 1472K,   0% used [0x0ff70000, 0x0ff70000, 0x100e0000)
 tenured generation   total 30200K, used 27801K [0x14750000, 0x164ce000, 0x1f200000)
   the space 30200K,  92% used [0x14750000, 0x16276618, 0x16276800, 0x164ce000)
 Metaspace       used 18954K, capacity 19150K, committed 19200K, reserved 19840K
}
Event: 9.725 GC heap before
{Heap before GC invocations=38 (full 6):
 def new generation   total 13760K, used 13749K [0x0f200000, 0x100e0000, 0x14750000)
  eden space 12288K,  99% used [0x0f200000, 0x0fdfd6d0, 0x0fe00000)
  from space 1472K, 100% used [0x0fe00000, 0x0ff70000, 0x0ff70000)
  to   space 1472K,   0% used [0x0ff70000, 0x0ff70000, 0x100e0000)
 tenured generation   total 30200K, used 27801K [0x14750000, 0x164ce000, 0x1f200000)
   the space 30200K,  92% used [0x14750000, 0x16276618, 0x16276800, 0x164ce000)
 Metaspace       used 18954K, capacity 19150K, committed 19200K, reserved 19840K
Event: 9.748 GC heap after
Heap after GC invocations=39 (full 7):
 def new generation   total 13760K, used 0K [0x0f200000, 0x100e0000, 0x14750000)
  eden space 12288K,   0% used [0x0f200000, 0x0f200000, 0x0fe00000)
  from space 1472K,   0% used [0x0ff70000, 0x0ff70000, 0x100e0000)
  to   space 1472K,   0% used [0x0fe00000, 0x0fe00000, 0x0ff70000)
 tenured generation   total 30200K, used 17552K [0x14750000, 0x164ce000, 0x1f200000)
   the space 30200K,  58% used [0x14750000, 0x15874378, 0x15874400, 0x164ce000)
 Metaspace       used 18954K, capacity 19150K, committed 19200K, reserved 19840K
}
Event: 9.910 GC heap before
{Heap before GC invocations=39 (full 7):
 def new generation   total 13760K, used 11976K [0x0f200000, 0x100e0000, 0x14750000)
  eden space 12288K,  97% used [0x0f200000, 0x0fdb2138, 0x0fe00000)
  from space 1472K,   0% used [0x0ff70000, 0x0ff70000, 0x100e0000)
  to   space 1472K,   0% used [0x0fe00000, 0x0fe00000, 0x0ff70000)
 tenured generation   total 30200K, used 17552K [0x14750000, 0x164ce000, 0x1f200000)
   the space 30200K,  58% used [0x14750000, 0x15874378, 0x15874400, 0x164ce000)
 Metaspace       used 18954K, capacity 19150K, committed 19200K, reserved 19840K
Event: 9.912 GC heap after
Heap after GC invocations=40 (full 7):
 def new generation   total 13760K, used 1472K [0x0f200000, 0x100e0000, 0x14750000)
  eden space 12288K,   0% used [0x0f200000, 0x0f200000, 0x0fe00000)
  from space 1472K, 100% used [0x0fe00000, 0x0ff70000, 0x0ff70000)
  to   space 1472K,   0% used [0x0ff70000, 0x0ff70000, 0x100e0000)
 tenured generation   total 30200K, used 22027K [0x14750000, 0x164ce000, 0x1f200000)
   the space 30200K,  72% used [0x14750000, 0x15cd2c48, 0x15cd2e00, 0x164ce000)
 Metaspace       used 18954K, capacity 19150K, committed 19200K, reserved 19840K
}
Event: 10.127 GC heap before
{Heap before GC invocations=40 (full 7):
 def new generation   total 13760K, used 13747K [0x0f200000, 0x100e0000, 0x14750000)
  eden space 12288K,  99% used [0x0f200000, 0x0fdfcdc8, 0x0fe00000)
  from space 1472K, 100% used [0x0fe00000, 0x0ff70000, 0x0ff70000)
  to   space 1472K,   0% used [0x0ff70000, 0x0ff70000, 0x100e0000)
 tenured generation   total 30200K, used 22027K [0x14750000, 0x164ce000, 0x1f200000)
   the space 30200K,  72% used [0x14750000, 0x15cd2c48, 0x15cd2e00, 0x164ce000)
 Metaspace       used 18954K, capacity 19150K, committed 19200K, reserved 19840K
Event: 10.130 GC heap after
Heap after GC invocations=41 (full 7):
 def new generation   total 13760K, used 1454K [0x0f200000, 0x100e0000, 0x14750000)
  eden space 12288K,   0% used [0x0f200000, 0x0f200000, 0x0fe00000)
  from space 1472K,  98% used [0x0ff70000, 0x100dbac0, 0x100e0000)
  to   space 1472K,   0% used [0x0fe00000, 0x0fe00000, 0x0ff70000)
 tenured generation   total 30200K, used 27571K [0x14750000, 0x164ce000, 0x1f200000)
   the space 30200K,  91% used [0x14750000, 0x1623cef8, 0x1623d000, 0x164ce000)
 Metaspace       used 18954K, capacity 19150K, committed 19200K, reserved 19840K
}
Event: 10.303 GC heap before
{Heap before GC invocations=41 (full 7):
 def new generation   total 13760K, used 12911K [0x0f200000, 0x100e0000, 0x14750000)
  eden space 12288K,  93% used [0x0f200000, 0x0fd30218, 0x0fe00000)
  from space 1472K,  98% used [0x0ff70000, 0x100dbac0, 0x100e0000)
  to   space 1472K,   0% used [0x0fe00000, 0x0fe00000, 0x0ff70000)
 tenured generation   total 30200K, used 27571K [0x14750000, 0x164ce000, 0x1f200000)
   the space 30200K,  91% used [0x14750000, 0x1623cef8, 0x1623d000, 0x164ce000)
 Metaspace       used 18954K, capacity 19150K, committed 19200K, reserved 19840K
Event: 10.326 GC heap after
Heap after GC invocations=42 (full 8):
 def new generation   total 13760K, used 0K [0x0f200000, 0x100e0000, 0x14750000)
  eden space 12288K,   0% used [0x0f200000, 0x0f200000, 0x0fe00000)
  from space 1472K,   0% used [0x0fe00000, 0x0fe00000, 0x0ff70000)
  to   space 1472K,   0% used [0x0ff70000, 0x0ff70000, 0x100e0000)
 tenured generation   total 30200K, used 17839K [0x14750000, 0x164ce000, 0x1f200000)
   the space 30200K,  59% used [0x14750000, 0x158bbc68, 0x158bbe00, 0x164ce000)
 Metaspace       used 18954K, capacity 19150K, committed 19200K, reserved 19840K
}

Deoptimization events (0 events):
No events

Internal exceptions (10 events):
Event: 7.513 Thread 0x05eb2800 Exception <a 'java/security/PrivilegedActionException'> (0x0f6a49e8) thrown at [C:\re\workspace\8-2-build-windows-i586-cygwin\jdk8u31\2394\hotspot\src\share\vm\prims\jvm.cpp, line 1312]
Event: 7.513 Thread 0x05eb2800 Exception <a 'java/security/PrivilegedActionException'> (0x0fa45578) thrown at [C:\re\workspace\8-2-build-windows-i586-cygwin\jdk8u31\2394\hotspot\src\share\vm\prims\jvm.cpp, line 1312]
Event: 7.514 Thread 0x05eb2800 Exception <a 'java/security/PrivilegedActionException'> (0x0fa4f370) thrown at [C:\re\workspace\8-2-build-windows-i586-cygwin\jdk8u31\2394\hotspot\src\share\vm\prims\jvm.cpp, line 1312]
Event: 7.514 Thread 0x05eb2800 Exception <a 'java/security/PrivilegedActionException'> (0x0fa57c58) thrown at [C:\re\workspace\8-2-build-windows-i586-cygwin\jdk8u31\2394\hotspot\src\share\vm\prims\jvm.cpp, line 1312]
Event: 7.514 Thread 0x05eb2800 Exception <a 'java/security/PrivilegedActionException'> (0x0fa63010) thrown at [C:\re\workspace\8-2-build-windows-i586-cygwin\jdk8u31\2394\hotspot\src\share\vm\prims\jvm.cpp, line 1312]
Event: 7.515 Thread 0x05eb2800 Exception <a 'java/security/PrivilegedActionException'> (0x0fa69e98) thrown at [C:\re\workspace\8-2-build-windows-i586-cygwin\jdk8u31\2394\hotspot\src\share\vm\prims\jvm.cpp, line 1312]
Event: 7.515 Thread 0x05eb2800 Exception <a 'java/security/PrivilegedActionException'> (0x0fa72220) thrown at [C:\re\workspace\8-2-build-windows-i586-cygwin\jdk8u31\2394\hotspot\src\share\vm\prims\jvm.cpp, line 1312]
Event: 7.515 Thread 0x05eb2800 Exception <a 'java/security/PrivilegedActionException'> (0x0fa79eb0) thrown at [C:\re\workspace\8-2-build-windows-i586-cygwin\jdk8u31\2394\hotspot\src\share\vm\prims\jvm.cpp, line 1312]
Event: 7.516 Thread 0x05eb2800 Exception <a 'java/security/PrivilegedActionException'> (0x0fa87f40) thrown at [C:\re\workspace\8-2-build-windows-i586-cygwin\jdk8u31\2394\hotspot\src\share\vm\prims\jvm.cpp, line 1312]
Event: 7.535 Thread 0x05eb6400 Exception <a 'java/security/PrivilegedActionException'> (0x0f3a71a8) thrown at [C:\re\workspace\8-2-build-windows-i586-cygwin\jdk8u31\2394\hotspot\src\share\vm\prims\jvm.cpp, line 1312]

Events (10 events):
Event: 10.389 Thread 0x05eb7800 Thread exited: 0x05eb7800
Event: 10.389 Thread 0x05eb6400 Thread exited: 0x05eb6400
Event: 10.398 Thread 0x05eb8c00 Thread added: 0x05eb8c00
Event: 10.398 Thread 0x05eb6400 Thread added: 0x05eb6400
Event: 10.399 Thread 0x05eb8c00 Thread exited: 0x05eb8c00
Event: 10.399 Thread 0x05eb7800 Thread added: 0x05eb7800
Event: 10.399 Thread 0x05eb6400 Thread exited: 0x05eb6400
Event: 10.399 Thread 0x05eb6400 Thread added: 0x05eb6400
Event: 10.399 Thread 0x05eb7800 Thread exited: 0x05eb7800
Event: 10.399 Thread 0x05eb6400 Thread exited: 0x05eb6400


Dynamic libraries:
0x00d20000 - 0x00d50000 	C:\Program Files (x86)\Java\jdk1.8.0_31\bin\java.exe
0x77a40000 - 0x77bae000 	C:\Windows\SYSTEM32\ntdll.dll
0x76b20000 - 0x76c60000 	C:\Windows\SYSTEM32\KERNEL32.DLL
0x77450000 - 0x77527000 	C:\Windows\SYSTEM32\KERNELBASE.dll
0x740c0000 - 0x74160000 	C:\Windows\system32\apphelp.dll
0x6a910000 - 0x6ab75000 	C:\Windows\AppPatch\AcGenral.DLL
0x752f0000 - 0x753b3000 	C:\Windows\SYSTEM32\msvcrt.dll
0x77200000 - 0x77241000 	C:\Windows\SYSTEM32\sechost.dll
0x75240000 - 0x7525e000 	C:\Windows\SYSTEM32\SspiCli.dll
0x771a0000 - 0x771e5000 	C:\Windows\SYSTEM32\SHLWAPI.dll
0x747c0000 - 0x748ad000 	C:\Windows\SYSTEM32\UxTheme.dll
0x77250000 - 0x773a3000 	C:\Windows\SYSTEM32\USER32.dll
0x777c0000 - 0x778ce000 	C:\Windows\SYSTEM32\GDI32.dll
0x6d5a0000 - 0x6d5c3000 	C:\Windows\SYSTEM32\WINMM.dll
0x6cf40000 - 0x6cf53000 	C:\Windows\SYSTEM32\samcli.dll
0x75440000 - 0x75568000 	C:\Windows\SYSTEM32\ole32.dll
0x757c0000 - 0x75855000 	C:\Windows\SYSTEM32\OLEAUT32.dll
0x75060000 - 0x75077000 	C:\Windows\SYSTEM32\MSACM32.dll
0x75190000 - 0x75198000 	C:\Windows\SYSTEM32\VERSION.dll
0x75870000 - 0x76b1c000 	C:\Windows\SYSTEM32\SHELL32.dll
0x74e60000 - 0x74e7b000 	C:\Windows\SYSTEM32\USERENV.dll
0x6d470000 - 0x6d48a000 	C:\Windows\SYSTEM32\dwmapi.dll
0x6d0b0000 - 0x6d1fa000 	C:\Windows\SYSTEM32\urlmon.dll
0x77530000 - 0x775ac000 	C:\Windows\SYSTEM32\ADVAPI32.dll
0x6d740000 - 0x6d7a5000 	C:\Windows\SYSTEM32\WINSPOOL.DRV
0x73fb0000 - 0x73fc6000 	C:\Windows\SYSTEM32\MPR.dll
0x770e0000 - 0x7719a000 	C:\Windows\SYSTEM32\RPCRT4.dll
0x75230000 - 0x7523a000 	C:\Windows\SYSTEM32\CRYPTBASE.dll
0x76c60000 - 0x76ddd000 	C:\Windows\SYSTEM32\combase.dll
0x6d570000 - 0x6d593000 	C:\Windows\SYSTEM32\WINMMBASE.dll
0x74540000 - 0x7454f000 	C:\Windows\SYSTEM32\profapi.dll
0x74300000 - 0x74532000 	C:\Windows\SYSTEM32\iertutil.dll
0x745e0000 - 0x747b5000 	C:\Windows\SYSTEM32\WININET.dll
0x751d0000 - 0x75224000 	C:\Windows\SYSTEM32\bcryptPrimitives.dll
0x778d0000 - 0x7790c000 	C:\Windows\SYSTEM32\cfgmgr32.dll
0x6d540000 - 0x6d561000 	C:\Windows\SYSTEM32\DEVOBJ.dll
0x75100000 - 0x7518b000 	C:\Windows\SYSTEM32\SHCORE.DLL
0x75400000 - 0x75427000 	C:\Windows\system32\IMM32.DLL
0x76f60000 - 0x77073000 	C:\Windows\SYSTEM32\MSCTF.dll
0x751a0000 - 0x751ce000 	C:\Windows\SYSTEM32\nvinit.dll
0x0f000000 - 0x0f006000 	C:\Program Files (x86)\NVIDIA Corporation\CoProcManager\_etoured.dll
0x6bbc0000 - 0x6bbeb000 	C:\Program Files (x86)\NVIDIA Corporation\CoProcManager\nvd3d9wrap.dll
0x77600000 - 0x777b1000 	C:\Windows\SYSTEM32\SETUPAPI.dll
0x6bba0000 - 0x6bbbf000 	C:\Program Files (x86)\NVIDIA Corporation\CoProcManager\nvdxgiwrap.dll
0x74c40000 - 0x74e46000 	C:\Windows\WinSxS\x86_microsoft.windows.common-controls_6595b64144ccf1df_6.0.9600.17415_none_a9ed7f470139b3c1\COMCTL32.dll
0x6c130000 - 0x6c1ad000 	C:\Program Files (x86)\AVG\AVG2015\avghookx.dll
0x6b460000 - 0x6b51f000 	C:\Program Files (x86)\Java\jdk1.8.0_31\jre\bin\msvcr100.dll
0x6a560000 - 0x6a904000 	C:\Program Files (x86)\Java\jdk1.8.0_31\jre\bin\client\jvm.dll
0x740b0000 - 0x740b8000 	C:\Windows\SYSTEM32\WSOCK32.dll
0x771f0000 - 0x771f6000 	C:\Windows\SYSTEM32\PSAPI.DLL
0x775b0000 - 0x77600000 	C:\Windows\SYSTEM32\WS2_32.dll
0x76f50000 - 0x76f57000 	C:\Windows\SYSTEM32\NSI.dll
0x75050000 - 0x7505c000 	C:\Program Files (x86)\Java\jdk1.8.0_31\jre\bin\verify.dll
0x74020000 - 0x74041000 	C:\Program Files (x86)\Java\jdk1.8.0_31\jre\bin\java.dll
0x75030000 - 0x75043000 	C:\Program Files (x86)\Java\jdk1.8.0_31\jre\bin\zip.dll
0x74f70000 - 0x74f85000 	C:\Program Files (x86)\Java\jdk1.8.0_31\jre\bin\net.dll
0x6d2c0000 - 0x6d30b000 	C:\Windows\system32\mswsock.dll
0x6d450000 - 0x6d470000 	C:\Program Files (x86)\Java\jdk1.8.0_31\jre\bin\sunec.dll
0x6f490000 - 0x6f4a9000 	C:\Windows\SYSTEM32\CRYPTSP.dll
0x6f400000 - 0x6f430000 	C:\Windows\system32\rsaenh.dll
0x6f3e0000 - 0x6f3fe000 	C:\Windows\SYSTEM32\bcrypt.dll
0x74f40000 - 0x74f60000 	C:\Windows\SYSTEM32\IPHLPAPI.DLL
0x745d0000 - 0x745d8000 	C:\Windows\SYSTEM32\WINNSI.DLL
0x6b350000 - 0x6b363000 	C:\Windows\SYSTEM32\dhcpcsvc6.DLL
0x6c1e0000 - 0x6c1f4000 	C:\Windows\SYSTEM32\dhcpcsvc.DLL
0x74fd0000 - 0x74fdf000 	C:\Program Files (x86)\Java\jdk1.8.0_31\jre\bin\nio.dll
0x6c260000 - 0x6c271000 	C:\Windows\system32\napinsp.dll
0x6c240000 - 0x6c256000 	C:\Windows\system32\pnrpnsp.dll
0x6c220000 - 0x6c234000 	C:\Windows\system32\NLAapi.dll
0x6c410000 - 0x6c48e000 	C:\Windows\SYSTEM32\DNSAPI.dll
0x6c210000 - 0x6c21a000 	C:\Windows\System32\winrnr.dll
0x6c200000 - 0x6c210000 	C:\Windows\system32\wshbth.dll
0x6c3e0000 - 0x6c401000 	C:\Program Files (x86)\Bonjour\mdnsNSP.dll
0x6c3d0000 - 0x6c3d8000 	C:\Windows\System32\rasadhlp.dll
0x6c380000 - 0x6c3c6000 	C:\Windows\System32\fwpuclnt.dll
0x74010000 - 0x74019000 	C:\Program Files (x86)\Java\jdk1.8.0_31\jre\bin\sunmscapi.dll
0x75570000 - 0x756f8000 	C:\Windows\SYSTEM32\CRYPT32.dll
0x75430000 - 0x7543e000 	C:\Windows\SYSTEM32\MSASN1.dll
0x6d440000 - 0x6d44a000 	C:\Program Files (x86)\Java\jdk1.8.0_31\jre\bin\management.dll
0x6b1f0000 - 0x6b336000 	C:\Program Files (x86)\Java\jdk1.8.0_31\jre\bin\awt.dll
0x74160000 - 0x74169000 	C:\Windows\SYSTEM32\kernel.appcore.dll
0x5ead0000 - 0x5eca3000 	C:\Windows\system32\d3d9.dll
0x68160000 - 0x6823e000 	C:\Windows\SYSTEM32\nvumdshim.dll
0x63500000 - 0x64bde000 	C:\Windows\system32\igdumdim32.dll
0x66b80000 - 0x673f8000 	C:\Windows\SYSTEM32\igdusc32.dll
0x6b420000 - 0x6b459000 	C:\Program Files (x86)\Java\jdk1.8.0_31\jre\bin\fontmanager.dll
0x6b3f0000 - 0x6b420000 	C:\Program Files (x86)\Java\jdk1.8.0_31\jre\bin\t2k.dll
0x75260000 - 0x752ed000 	C:\Windows\SYSTEM32\clbcatq.dll
0x5ecb0000 - 0x5ee1b000 	C:\Windows\SYSTEM32\WindowsCodecs.dll
0x0b370000 - 0x0c93f000 	C:\Users\Piotr\AppData\Local\Temp\xuggle\xuggle9079442026210930898.dll
0x6b3d0000 - 0x6b3e4000 	C:\Windows\SYSTEM32\AVICAP32.DLL
0x6b3a0000 - 0x6b3c3000 	C:\Windows\SYSTEM32\MSVFW32.dll
0x6b390000 - 0x6b39a000 	C:\Program Files (x86)\Java\jdk1.8.0_31\jre\bin\jsound.dll
0x6b380000 - 0x6b389000 	C:\Program Files (x86)\Java\jdk1.8.0_31\jre\bin\jsoundds.dll
0x6b160000 - 0x6b1e1000 	C:\Windows\SYSTEM32\DSOUND.dll
0x6bf80000 - 0x6bfc0000 	C:\Windows\SYSTEM32\POWRPROF.dll
0x74050000 - 0x740a3000 	C:\Windows\SYSTEM32\MMDevAPI.DLL
0x6b120000 - 0x6b156000 	C:\Windows\SYSTEM32\wdmaud.drv
0x586e0000 - 0x586e7000 	C:\Windows\SYSTEM32\ksuser.dll
0x73fe0000 - 0x73fea000 	C:\Windows\SYSTEM32\AVRT.dll
0x62e90000 - 0x62ef0000 	C:\Windows\SYSTEM32\AUDIOSES.DLL
0x6b370000 - 0x6b379000 	C:\Windows\SYSTEM32\msacm32.drv
0x6b110000 - 0x6b118000 	C:\Windows\SYSTEM32\midimap.dll
0x6a4a0000 - 0x6a55e000 	C:\Users\Piotr\AppData\Local\Temp\javacpp13448916002661\msvcr100.dll
0x6a430000 - 0x6a499000 	C:\Users\Piotr\AppData\Local\Temp\javacpp13448916002661\msvcp100.dll
0x6a220000 - 0x6a426000 	C:\Users\Piotr\AppData\Local\Temp\javacpp13448916002661\opencv_core249.dll
0x6a0d0000 - 0x6a218000 	C:\Users\Piotr\AppData\Local\Temp\javacpp13448916002661\jniopencv_core.dll
0x69e60000 - 0x6a0cd000 	C:\Users\Piotr\AppData\Local\Temp\javacpp13448916002661\opencv_imgproc249.dll
0x69de0000 - 0x69e60000 	C:\Users\Piotr\AppData\Local\Temp\javacpp13448916002661\jniopencv_imgproc.dll
0x70fc0000 - 0x71ef6000 	C:\Users\Piotr\AppData\Local\Temp\javacpp13448916002661\opencv_ffmpeg249.dll
0x69bd0000 - 0x69dd7000 	C:\Users\Piotr\AppData\Local\Temp\javacpp13448916002661\opencv_highgui249.dll
0x69bb0000 - 0x69bca000 	C:\Windows\SYSTEM32\AVIFIL32.dll
0x69b70000 - 0x69bac000 	C:\Users\Piotr\AppData\Local\Temp\javacpp13448916002661\jniopencv_highgui.dll
0x58740000 - 0x58754000 	C:\Windows\SYSTEM32\devenum.dll
0x742c0000 - 0x742e8000 	C:\Windows\SYSTEM32\ntmarta.dll
0x753c0000 - 0x753fd000 	C:\Windows\SYSTEM32\WINTRUST.dll
0x58730000 - 0x5873b000 	C:\Windows\SYSTEM32\msdmo.dll
0x69b30000 - 0x69b61000 	C:\Windows\SYSTEM32\qcap.dll
0x69990000 - 0x69b2f000 	C:\Windows\SYSTEM32\quartz.dll
0x586f0000 - 0x58730000 	C:\Windows\SYSTEM32\ksproxy.ax
0x586d0000 - 0x586dc000 	C:\Windows\SYSTEM32\vidcap.ax
0x586b0000 - 0x586cf000 	C:\Windows\SYSTEM32\kswdmcap.ax
0x585a0000 - 0x586a4000 	C:\Windows\SYSTEM32\MFC42.dll
0x584f0000 - 0x58599000 	C:\Windows\SYSTEM32\ODBC32.dll
0x69900000 - 0x6998e000 	C:\Windows\SYSTEM32\qedit.dll
0x773b0000 - 0x7744b000 	C:\Windows\SYSTEM32\COMDLG32.dll
0x6d5d0000 - 0x6d740000 	C:\Windows\WinSxS\x86_microsoft.windows.gdiplus_6595b64144ccf1df_1.1.9600.17415_none_dad8722c5bcc2d8f\gdiplus.dll
0x64be0000 - 0x64ccc000 	C:\Windows\SYSTEM32\DDRAW.dll

VM Arguments:
jvm_args: -Dfile.encoding=UTF-8 
java_command: wideokomunikator.main
java_class_path (initial): D:\Programowanie\javacv\javacv-bin\ffmpeg.jar;D:\Programowanie\javacv\javacv-bin\javacpp.jar;D:\Programowanie\javacv\javacv-bin\javacv.jar;D:\Programowanie\javacv\javacv-bin\opencv.jar;C:\Program Files\Java\jdk1.8.0_05\db\lib\derby.jar;C:\Program Files\Java\jdk1.8.0_05\db\lib\derbyclient.jar;C:\Program Files\Java\jdk1.8.0_05\db\lib\derbytools.jar;C:\Program Files\Java\jdk1.8.0_05\db\lib\derbynet.jar;D:\Programowanie\xuggle-xuggler-5.4.jar;D:\Programowanie\slf4j-simple-1.7.10.jar;D:\Programowanie\slf4j-api-1.7.10.jar;D:\Programowanie\javacv\javacv-bin\opencv-linux-x86.jar;D:\Programowanie\javacv\javacv-bin\opencv-linux-x86_64.jar;D:\Programowanie\javacv\javacv-bin\opencv-macosx-x86_64.jar;D:\Programowanie\javacv\javacv-bin\opencv-windows-x86.jar;D:\Programowanie\javacv\javacv-bin\opencv-windows-x86_64.jar;C:\Users\Piotr\Documents\NetBeansProjects\Wideokomunikator\build\classes
Launcher Type: SUN_STANDARD

Environment Variables:
JAVA_HOME=C:\Program Files\Java\jdk1.8.0_05
CLASSPATH=.;C:\PROGRA~2\JMF2.1.1e\lib\sound.jar;C:\PROGRA~2\JMF2.1.1e\lib\jmf.jar;C:\PROGRA~2\JMF2.1.1e\lib;.;.;.;c:\PROGRA~2\java\JMF21~1.1E\lib\sound.jar;c:\PROGRA~2\java\JMF21~1.1E\lib\jmf.jar;c:\PROGRA~2\java\JMF21~1.1E\lib;
PATH=C:\Program Files (x86)\NVIDIA Corporation\PhysX\Common;C:\ProgramData\Oracle\Java\javapath;C:\Python34\;C:\Python34\Scripts;C:\Program Files (x86)\Intel\iCLS Client\;C:\Program Files\Intel\iCLS Client\;C:\Windows\system32;C:\Windows;C:\Windows\System32\Wbem;C:\Windows\System32\WindowsPowerShell\v1.0\;C:\Program Files\Intel\Intel(R) Management Engine Components\DAL;C:\Program Files\Intel\Intel(R) Management Engine Components\IPT;C:\Program Files (x86)\Intel\Intel(R) Management Engine Components\DAL;C:\Program Files (x86)\Intel\Intel(R) Management Engine Components\IPT;C:\Program Files\nodejs\;C:\Windows\Microsoft.NET\Framework\v4.0.30319;C:\Program Files\Microsoft SQL Server\110\Tools\Binn\;C:\Program Files\Java\jdk1.8.0_05\bin;C:\Program Files\apache-ant-1.9.4\bin;C:\Program Files (x86)\QuickTime\QTSystem\;c:\PROGRA~2\java\JMF21~1.1E\lib;C:\Users\Piotr\AppData\Roaming\npm;C:\Program Files (x86)\Bitvise SSH Client;C:\Program Files\Java\jdk1.8.0_05\bin
USERNAME=Piotr
OS=Windows_NT
PROCESSOR_IDENTIFIER=Intel64 Family 6 Model 60 Stepping 3, GenuineIntel



---------------  S Y S T E M  ---------------

OS: Windows 8.1 , 64 bit Build 9600 

CPU:total 8 (4 cores per cpu, 2 threads per core) family 6 model 60 stepping 3, cmov, cx8, fxsr, mmx, sse, sse2, sse3, ssse3, sse4.1, sse4.2, popcnt, avx, avx2, aes, clmul, erms, lzcnt, ht, tsc, tscinvbit, bmi1, bmi2

Memory: 4k page, physical 15910992k(10799676k free), swap 36390992k(30600928k free)

vm_info: Java HotSpot(TM) Client VM (25.31-b07) for windows-x86 JRE (1.8.0_31-b13), built on Dec 17 2014 20:46:12 by "java_re" with MS VC++ 10.0 (VS2010)

time: Sat Mar 07 00:16:39 2015
elapsed time: 10 seconds (0d 0h 0m 10s)

