#
# A fatal error has been detected by the Java Runtime Environment:
#
#  EXCEPTION_ACCESS_VIOLATION (0xc0000005) at pc=0x0bc0c1c7, pid=7980, tid=8176
#
# JRE version: Java(TM) SE Runtime Environment (8.0_31-b13) (build 1.8.0_31-b13)
# Java VM: Java HotSpot(TM) Client VM (25.31-b07 mixed mode windows-x86 )
# Problematic frame:
# C  [xuggle6117847672714550975.dll+0x40c1c7]
#
# Failed to write core dump. Minidumps are not enabled by default on client versions of Windows
#
# If you would like to submit a bug report, please visit:
#   http://bugreport.java.com/bugreport/crash.jsp
# The crash happened outside the Java Virtual Machine in native code.
# See problematic frame for where to report the bug.
#

---------------  T H R E A D  ---------------

Current thread (0x0638f800):  JavaThread "Thread-39" [_thread_in_native, id=8176, stack(0x21300000,0x21350000)]

siginfo: ExceptionCode=0xc0000005, writing address 0x0000018c

Registers:
EAX=0x00000000, EBX=0x00000010, ECX=0x00000000, EDX=0x00000002
ESP=0x2134edf0, EBP=0x1ff6aec0, ESI=0x1ffc2194, EDI=0x20d09c00
EIP=0x0bc0c1c7, EFLAGS=0x00010202

Top of Stack: (sp=0x2134edf0)
0x2134edf0:   20d09fe0 20d0a000 20d09c00 20d09c20
0x2134ee00:   00000000 00000140 000000f0 00000000
0x2134ee10:   7220313d 333d6665 62656420 6b636f6c
0x2134ee20:   303a313d 6120303a 796c616e 303d6573
0x2134ee30:   303a3378 33313178 3d656d20 20786568
0x2134ee40:   6d627573 20373d65 3d797370 73702031
0x2134ee50:   64725f79 302e313d 2e303a30 6d203030
0x2134ee60:   64657869 6665725f 1ffc2194 00000003 

Instructions: (pc=0x0bc0c1c7)
0x0bc0c1a7:   20 89 44 24 0c 8d 42 20 89 44 24 04 e8 28 24 6e
0x0bc0c1b7:   00 8b 97 8c 01 00 00 8b 85 40 79 04 00 83 c2 02
0x0bc0c1c7:   89 90 8c 01 00 00 8b 9d 30 79 04 00 8b b5 1c 79
0x0bc0c1d7:   04 00 89 98 90 01 00 00 e9 94 f9 ff ff 3b ac 24 


Register to memory mapping:

EAX=0x00000000 is an unknown value
EBX=0x00000010 is an unknown value
ECX=0x00000000 is an unknown value
EDX=0x00000002 is an unknown value
ESP=0x2134edf0 is pointing into the stack for thread: 0x0638f800
EBP=0x1ff6aec0 is an unknown value
ESI=0x1ffc2194 is an unknown value
EDI=0x20d09c00 is an unknown value


Stack: [0x21300000,0x21350000],  sp=0x2134edf0,  free space=315k
Native frames: (J=compiled Java code, j=interpreted, Vv=VM code, C=native code)
C  [xuggle6117847672714550975.dll+0x40c1c7]

Java frames: (J=compiled Java code, j=interpreted, Vv=VM code)
j  com.xuggle.xuggler.XugglerJNI.IStreamCoder_decodeVideo(JLcom/xuggle/xuggler/IStreamCoder;JLcom/xuggle/xuggler/IVideoPicture;JLcom/xuggle/xuggler/IPacket;I)I+0
j  com.xuggle.xuggler.IStreamCoder.decodeVideo(Lcom/xuggle/xuggler/IVideoPicture;Lcom/xuggle/xuggler/IPacket;I)I+16
j  wideokomunikator.audiovideo.AudioVideo.decodeVideo(Lwideokomunikator/audiovideo/Packet;I)V+65
j  wideokomunikator.audiovideo.AudioVideo.access$1600(Lwideokomunikator/audiovideo/AudioVideo;Lwideokomunikator/audiovideo/Packet;I)V+3
j  wideokomunikator.audiovideo.AudioVideo$7.run()V+76
j  java.lang.Thread.run()V+11
v  ~StubRoutines::call_stub

---------------  P R O C E S S  ---------------

Java Threads: ( => current thread )
  0x06391c00 JavaThread "Thread-43" [_thread_blocked, id=7536, stack(0x215d0000,0x21620000)]
  0x06390400 JavaThread "Thread-42" [_thread_blocked, id=3376, stack(0x21540000,0x21590000)]
  0x0638c400 JavaThread "Thread-41" [_thread_blocked, id=4688, stack(0x214b0000,0x21500000)]
  0x0638c000 JavaThread "Thread-38" [_thread_blocked, id=5344, stack(0x21390000,0x213e0000)]
=>0x0638f800 JavaThread "Thread-39" [_thread_in_native, id=8176, stack(0x21300000,0x21350000)]
  0x0638e400 JavaThread "Thread-27" [_thread_in_native, id=3884, stack(0x20950000,0x209a0000)]
  0x0638ec00 JavaThread "Thread-26" [_thread_blocked, id=7268, stack(0x208c0000,0x20910000)]
  0x0638ac00 JavaThread "Thread-31" [_thread_blocked, id=7948, stack(0x20830000,0x20880000)]
  0x0638e000 JavaThread "Thread-30" [_thread_blocked, id=7864, stack(0x207a0000,0x207f0000)]
  0x0638cc00 JavaThread "Thread-29" [_thread_in_native, id=1384, stack(0x20710000,0x20760000)]
  0x0638b800 JavaThread "Thread-28" [_thread_in_native, id=6396, stack(0x20680000,0x206d0000)]
  0x0638a400 JavaThread "Java Sound Event Dispatcher" daemon [_thread_blocked, id=7660, stack(0x0d020000,0x0d070000)]
  0x0638d000 JavaThread "Thread-23" [_thread_in_native, id=7884, stack(0x0b7b0000,0x0b800000)]
  0x062d6400 JavaThread "Thread-22" [_thread_in_native, id=3688, stack(0x0b330000,0x0b380000)]
  0x062d7800 JavaThread "Thread-19" [_thread_in_native, id=9076, stack(0x0b6d0000,0x0b720000)]
  0x062d4c00 JavaThread "D3D Screen Updater" daemon [_thread_blocked, id=3760, stack(0x0a870000,0x0a8c0000)]
  0x062d7000 JavaThread "DestroyJavaVM" [_thread_blocked, id=7628, stack(0x01260000,0x012b0000)]
  0x062d6000 JavaThread "Thread-10" [_thread_in_native, id=7988, stack(0x09980000,0x099d0000)]
  0x062d5000 JavaThread "Thread-9" [_thread_blocked, id=7316, stack(0x09bc0000,0x09c10000)]
  0x062d6c00 JavaThread "Thread-8" [_thread_blocked, id=3692, stack(0x09b30000,0x09b80000)]
  0x062d4400 JavaThread "Thread-7" [_thread_in_native, id=3864, stack(0x09aa0000,0x09af0000)]
  0x059c3400 JavaThread "TimerQueue" daemon [_thread_blocked, id=788, stack(0x09870000,0x098c0000)]
  0x06150800 JavaThread "AWT-EventQueue-0" [_thread_blocked, id=4124, stack(0x097e0000,0x09830000)]
  0x06480000 JavaThread "AWT-Windows" daemon [_thread_in_native, id=8348, stack(0x077f0000,0x07840000)]
  0x0647f800 JavaThread "AWT-Shutdown" [_thread_blocked, id=4128, stack(0x07760000,0x077b0000)]
  0x06116000 JavaThread "Java2D Disposer" daemon [_thread_blocked, id=2416, stack(0x076d0000,0x07720000)]
  0x051c7800 JavaThread "Thread-0" [_thread_in_native, id=3228, stack(0x07050000,0x070a0000)]
  0x0605fc00 JavaThread "derby.rawStoreDaemon" daemon [_thread_blocked, id=8608, stack(0x06cc0000,0x06d10000)]
  0x06037800 JavaThread "DRDAConnThread_2" daemon [_thread_in_native, id=2256, stack(0x06c30000,0x06c80000)]
  0x05b2bc00 JavaThread "NetworkServerThread_1" daemon [_thread_in_native, id=1068, stack(0x06aa0000,0x06af0000)]
  0x05a94400 JavaThread "derby.NetworkServerStarter" daemon [_thread_blocked, id=8576, stack(0x06a10000,0x06a60000)]
  0x05b0dc00 JavaThread "Timer-0" daemon [_thread_blocked, id=4580, stack(0x05c70000,0x05cc0000)]
  0x05174400 JavaThread "Service Thread" daemon [_thread_blocked, id=8472, stack(0x05650000,0x056a0000)]
  0x0517a800 JavaThread "C1 CompilerThread0" daemon [_thread_blocked, id=6196, stack(0x055c0000,0x05610000)]
  0x05179800 JavaThread "Attach Listener" daemon [_thread_blocked, id=9060, stack(0x05530000,0x05580000)]
  0x05177800 JavaThread "Signal Dispatcher" daemon [_thread_blocked, id=3240, stack(0x054a0000,0x054f0000)]
  0x05146800 JavaThread "Finalizer" daemon [_thread_blocked, id=7176, stack(0x05410000,0x05460000)]
  0x02b2e800 JavaThread "Reference Handler" daemon [_thread_blocked, id=6108, stack(0x05380000,0x053d0000)]

Other Threads:
  0x02b2d000 VMThread [stack: 0x050f0000,0x05140000] [id=5848]
  0x05195000 WatcherThread [stack: 0x056e0000,0x05730000] [id=7212]

VM state:not at safepoint (normal execution)

VM Mutex/Monitor currently owned by a thread: None

Heap:
 def new generation   total 45888K, used 8161K [0x0f200000, 0x123c0000, 0x14750000)
  eden space 40832K,   7% used [0x0f200000, 0x0f508790, 0x119e0000)
  from space 5056K, 100% used [0x11ed0000, 0x123c0000, 0x123c0000)
  to   space 5056K,   0% used [0x119e0000, 0x119e0000, 0x11ed0000)
 tenured generation   total 156636K, used 118746K [0x14750000, 0x1e047000, 0x1f200000)
   the space 156636K,  75% used [0x14750000, 0x1bb46860, 0x1bb46a00, 0x1e047000)
 Metaspace       used 18989K, capacity 19188K, committed 19200K, reserved 19840K

Card table byte_map: [0x04bc0000,0x04c50000] byte_map_base: 0x04b47000

Polling page: 0x00cd0000

CodeCache: size=32768Kb used=2025Kb max_used=2025Kb free=30742Kb
 bounds [0x02bc0000, 0x02dc0000, 0x04bc0000]
 total_blobs=1304 nmethods=917 adapters=318
 compilation: enabled

Compilation events (10 events):
Event: 10.206 Thread 0x0517a800  932             java.security.CodeSource::hashCode (17 bytes)
Event: 10.207 Thread 0x0517a800 nmethod 932 0x02cfba48 code [0x02cfbb50, 0x02cfbdcc]
Event: 10.207 Thread 0x0517a800  933  s          java.net.URL::hashCode (30 bytes)
Event: 10.207 Thread 0x0517a800 nmethod 933 0x02db7948 code [0x02db7a50, 0x02db7c8c]
Event: 10.259 Thread 0x0517a800  934             java.nio.DirectByteBuffer::ix (10 bytes)
Event: 10.260 Thread 0x0517a800 nmethod 934 0x02d603c8 code [0x02d604c0, 0x02d60550]
Event: 10.260 Thread 0x0517a800  936             java.nio.DirectByteBuffer::get (15 bytes)
Event: 10.260 Thread 0x0517a800 nmethod 936 0x02db7f88 code [0x02db8090, 0x02db817c]
Event: 10.260 Thread 0x0517a800  937 %           org.bytedeco.javacpp.helper.opencv_core$AbstractArray::flipCopyWithGamma @ 484 (608 bytes)
Event: 10.262 Thread 0x0517a800 nmethod 937% 0x02db8248 code [0x02db8550, 0x02db9924]

GC Heap History (10 events):
Event: 4.729 GC heap before
{Heap before GC invocations=39 (full 3):
 def new generation   total 45888K, used 43351K [0x0f200000, 0x123c0000, 0x14750000)
  eden space 40832K, 100% used [0x0f200000, 0x119e0000, 0x119e0000)
  from space 5056K,  49% used [0x11ed0000, 0x12145e98, 0x123c0000)
  to   space 5056K,   0% used [0x119e0000, 0x119e0000, 0x11ed0000)
 tenured generation   total 156636K, used 115953K [0x14750000, 0x1e047000, 0x1f200000)
   the space 156636K,  74% used [0x14750000, 0x1b88c560, 0x1b88c600, 0x1e047000)
 Metaspace       used 15887K, capacity 16065K, committed 16128K, reserved 16768K
Event: 4.730 GC heap after
Heap after GC invocations=40 (full 3):
 def new generation   total 45888K, used 2520K [0x0f200000, 0x123c0000, 0x14750000)
  eden space 40832K,   0% used [0x0f200000, 0x0f200000, 0x119e0000)
  from space 5056K,  49% used [0x119e0000, 0x11c56090, 0x11ed0000)
  to   space 5056K,   0% used [0x11ed0000, 0x11ed0000, 0x123c0000)
 tenured generation   total 156636K, used 115953K [0x14750000, 0x1e047000, 0x1f200000)
   the space 156636K,  74% used [0x14750000, 0x1b88c560, 0x1b88c600, 0x1e047000)
 Metaspace       used 15887K, capacity 16065K, committed 16128K, reserved 16768K
}
Event: 4.946 GC heap before
{Heap before GC invocations=40 (full 3):
 def new generation   total 45888K, used 43352K [0x0f200000, 0x123c0000, 0x14750000)
  eden space 40832K, 100% used [0x0f200000, 0x119e0000, 0x119e0000)
  from space 5056K,  49% used [0x119e0000, 0x11c56090, 0x11ed0000)
  to   space 5056K,   0% used [0x11ed0000, 0x11ed0000, 0x123c0000)
 tenured generation   total 156636K, used 115953K [0x14750000, 0x1e047000, 0x1f200000)
   the space 156636K,  74% used [0x14750000, 0x1b88c560, 0x1b88c600, 0x1e047000)
 Metaspace       used 15887K, capacity 16065K, committed 16128K, reserved 16768K
Event: 4.947 GC heap after
Heap after GC invocations=41 (full 3):
 def new generation   total 45888K, used 2520K [0x0f200000, 0x123c0000, 0x14750000)
  eden space 40832K,   0% used [0x0f200000, 0x0f200000, 0x119e0000)
  from space 5056K,  49% used [0x11ed0000, 0x12146090, 0x123c0000)
  to   space 5056K,   0% used [0x119e0000, 0x119e0000, 0x11ed0000)
 tenured generation   total 156636K, used 115953K [0x14750000, 0x1e047000, 0x1f200000)
   the space 156636K,  74% used [0x14750000, 0x1b88c560, 0x1b88c600, 0x1e047000)
 Metaspace       used 15887K, capacity 16065K, committed 16128K, reserved 16768K
}
Event: 5.179 GC heap before
{Heap before GC invocations=41 (full 3):
 def new generation   total 45888K, used 43352K [0x0f200000, 0x123c0000, 0x14750000)
  eden space 40832K, 100% used [0x0f200000, 0x119e0000, 0x119e0000)
  from space 5056K,  49% used [0x11ed0000, 0x12146090, 0x123c0000)
  to   space 5056K,   0% used [0x119e0000, 0x119e0000, 0x11ed0000)
 tenured generation   total 156636K, used 115953K [0x14750000, 0x1e047000, 0x1f200000)
   the space 156636K,  74% used [0x14750000, 0x1b88c560, 0x1b88c600, 0x1e047000)
 Metaspace       used 15887K, capacity 16065K, committed 16128K, reserved 16768K
Event: 5.181 GC heap after
Heap after GC invocations=42 (full 3):
 def new generation   total 45888K, used 2520K [0x0f200000, 0x123c0000, 0x14750000)
  eden space 40832K,   0% used [0x0f200000, 0x0f200000, 0x119e0000)
  from space 5056K,  49% used [0x119e0000, 0x11c56090, 0x11ed0000)
  to   space 5056K,   0% used [0x11ed0000, 0x11ed0000, 0x123c0000)
 tenured generation   total 156636K, used 115953K [0x14750000, 0x1e047000, 0x1f200000)
   the space 156636K,  74% used [0x14750000, 0x1b88c560, 0x1b88c600, 0x1e047000)
 Metaspace       used 15887K, capacity 16065K, committed 16128K, reserved 16768K
}
Event: 5.409 GC heap before
{Heap before GC invocations=42 (full 3):
 def new generation   total 45888K, used 43352K [0x0f200000, 0x123c0000, 0x14750000)
  eden space 40832K, 100% used [0x0f200000, 0x119e0000, 0x119e0000)
  from space 5056K,  49% used [0x119e0000, 0x11c56090, 0x11ed0000)
  to   space 5056K,   0% used [0x11ed0000, 0x11ed0000, 0x123c0000)
 tenured generation   total 156636K, used 115953K [0x14750000, 0x1e047000, 0x1f200000)
   the space 156636K,  74% used [0x14750000, 0x1b88c560, 0x1b88c600, 0x1e047000)
 Metaspace       used 15887K, capacity 16065K, committed 16128K, reserved 16768K
Event: 5.411 GC heap after
Heap after GC invocations=43 (full 3):
 def new generation   total 45888K, used 2520K [0x0f200000, 0x123c0000, 0x14750000)
  eden space 40832K,   0% used [0x0f200000, 0x0f200000, 0x119e0000)
  from space 5056K,  49% used [0x11ed0000, 0x12146090, 0x123c0000)
  to   space 5056K,   0% used [0x119e0000, 0x119e0000, 0x11ed0000)
 tenured generation   total 156636K, used 115953K [0x14750000, 0x1e047000, 0x1f200000)
   the space 156636K,  74% used [0x14750000, 0x1b88c560, 0x1b88c600, 0x1e047000)
 Metaspace       used 15887K, capacity 16065K, committed 16128K, reserved 16768K
}
Event: 5.638 GC heap before
{Heap before GC invocations=43 (full 3):
 def new generation   total 45888K, used 43352K [0x0f200000, 0x123c0000, 0x14750000)
  eden space 40832K, 100% used [0x0f200000, 0x119e0000, 0x119e0000)
  from space 5056K,  49% used [0x11ed0000, 0x12146090, 0x123c0000)
  to   space 5056K,   0% used [0x119e0000, 0x119e0000, 0x11ed0000)
 tenured generation   total 156636K, used 115953K [0x14750000, 0x1e047000, 0x1f200000)
   the space 156636K,  74% used [0x14750000, 0x1b88c560, 0x1b88c600, 0x1e047000)
 Metaspace       used 15887K, capacity 16065K, committed 16128K, reserved 16768K
Event: 5.640 GC heap after
Heap after GC invocations=44 (full 3):
 def new generation   total 45888K, used 2504K [0x0f200000, 0x123c0000, 0x14750000)
  eden space 40832K,   0% used [0x0f200000, 0x0f200000, 0x119e0000)
  from space 5056K,  49% used [0x119e0000, 0x11c52320, 0x11ed0000)
  to   space 5056K,   0% used [0x11ed0000, 0x11ed0000, 0x123c0000)
 tenured generation   total 156636K, used 115968K [0x14750000, 0x1e047000, 0x1f200000)
   the space 156636K,  74% used [0x14750000, 0x1b8902d0, 0x1b890400, 0x1e047000)
 Metaspace       used 15887K, capacity 16065K, committed 16128K, reserved 16768K
}

Deoptimization events (0 events):
No events

Internal exceptions (10 events):
Event: 10.204 Thread 0x0638d800 Exception <a 'java/security/PrivilegedActionException'> (0x11470698) thrown at [C:\re\workspace\8-2-build-windows-i586-cygwin\jdk8u31\2394\hotspot\src\share\vm\prims\jvm.cpp, line 1312]
Event: 10.269 Thread 0x0638e400 Exception <a 'java/security/PrivilegedActionException'> (0x112aca30) thrown at [C:\re\workspace\8-2-build-windows-i586-cygwin\jdk8u31\2394\hotspot\src\share\vm\prims\jvm.cpp, line 1312]
Event: 10.270 Thread 0x0638e400 Exception <a 'java/security/PrivilegedActionException'> (0x112b7d58) thrown at [C:\re\workspace\8-2-build-windows-i586-cygwin\jdk8u31\2394\hotspot\src\share\vm\prims\jvm.cpp, line 1312]
Event: 10.270 Thread 0x0638e400 Exception <a 'java/security/PrivilegedActionException'> (0x112bff90) thrown at [C:\re\workspace\8-2-build-windows-i586-cygwin\jdk8u31\2394\hotspot\src\share\vm\prims\jvm.cpp, line 1312]
Event: 10.271 Thread 0x0638e400 Exception <a 'java/security/PrivilegedActionException'> (0x112c9f30) thrown at [C:\re\workspace\8-2-build-windows-i586-cygwin\jdk8u31\2394\hotspot\src\share\vm\prims\jvm.cpp, line 1312]
Event: 10.271 Thread 0x0638e400 Exception <a 'java/security/PrivilegedActionException'> (0x112d3ad8) thrown at [C:\re\workspace\8-2-build-windows-i586-cygwin\jdk8u31\2394\hotspot\src\share\vm\prims\jvm.cpp, line 1312]
Event: 10.272 Thread 0x0638e400 Exception <a 'java/security/PrivilegedActionException'> (0x116a8658) thrown at [C:\re\workspace\8-2-build-windows-i586-cygwin\jdk8u31\2394\hotspot\src\share\vm\prims\jvm.cpp, line 1312]
Event: 10.272 Thread 0x0638e400 Exception <a 'java/security/PrivilegedActionException'> (0x116b09d0) thrown at [C:\re\workspace\8-2-build-windows-i586-cygwin\jdk8u31\2394\hotspot\src\share\vm\prims\jvm.cpp, line 1312]
Event: 10.272 Thread 0x0638e400 Exception <a 'java/security/PrivilegedActionException'> (0x116b85a8) thrown at [C:\re\workspace\8-2-build-windows-i586-cygwin\jdk8u31\2394\hotspot\src\share\vm\prims\jvm.cpp, line 1312]
Event: 10.273 Thread 0x0638e400 Exception <a 'java/security/PrivilegedActionException'> (0x116c6488) thrown at [C:\re\workspace\8-2-build-windows-i586-cygwin\jdk8u31\2394\hotspot\src\share\vm\prims\jvm.cpp, line 1312]

Events (10 events):
Event: 10.281 Thread 0x0638d800 Thread exited: 0x0638d800
Event: 10.285 Executing VM operation: RevokeBias
Event: 10.285 Executing VM operation: RevokeBias done
Event: 10.285 loading class java/lang/Throwable$WrappedPrintStream
Event: 10.285 loading class java/lang/Throwable$PrintStreamOrWriter
Event: 10.285 loading class java/lang/Throwable$PrintStreamOrWriter done
Event: 10.285 loading class java/lang/Throwable$WrappedPrintStream done
Event: 10.285 Executing VM operation: RevokeBias
Event: 10.285 Executing VM operation: RevokeBias done
Event: 10.285 Thread 0x0638fc00 Thread exited: 0x0638fc00


Dynamic libraries:
0x01350000 - 0x01380000 	C:\Program Files (x86)\Java\jdk1.8.0_31\bin\java.exe
0x77750000 - 0x778be000 	C:\Windows\SYSTEM32\ntdll.dll
0x75260000 - 0x753a0000 	C:\Windows\SYSTEM32\KERNEL32.DLL
0x75a10000 - 0x75ae7000 	C:\Windows\SYSTEM32\KERNELBASE.dll
0x6c1a0000 - 0x6c240000 	C:\Windows\system32\apphelp.dll
0x6aed0000 - 0x6b135000 	C:\Windows\AppPatch\AcGenral.DLL
0x75860000 - 0x75923000 	C:\Windows\SYSTEM32\msvcrt.dll
0x77260000 - 0x772a1000 	C:\Windows\SYSTEM32\sechost.dll
0x74f50000 - 0x74f6e000 	C:\Windows\SYSTEM32\SspiCli.dll
0x77010000 - 0x77055000 	C:\Windows\SYSTEM32\SHLWAPI.dll
0x72120000 - 0x7220d000 	C:\Windows\SYSTEM32\UxTheme.dll
0x75100000 - 0x75253000 	C:\Windows\SYSTEM32\USER32.dll
0x774d0000 - 0x775de000 	C:\Windows\SYSTEM32\GDI32.dll
0x6d460000 - 0x6d483000 	C:\Windows\SYSTEM32\WINMM.dll
0x6cf00000 - 0x6cf13000 	C:\Windows\SYSTEM32\samcli.dll
0x773a0000 - 0x774c8000 	C:\Windows\SYSTEM32\ole32.dll
0x75cb0000 - 0x75d45000 	C:\Windows\SYSTEM32\OLEAUT32.dll
0x6b320000 - 0x6b337000 	C:\Windows\SYSTEM32\MSACM32.dll
0x74df0000 - 0x74df8000 	C:\Windows\SYSTEM32\VERSION.dll
0x75d60000 - 0x7700c000 	C:\Windows\SYSTEM32\SHELL32.dll
0x73160000 - 0x7317b000 	C:\Windows\SYSTEM32\USERENV.dll
0x6d330000 - 0x6d34a000 	C:\Windows\SYSTEM32\dwmapi.dll
0x6cfa0000 - 0x6d0ea000 	C:\Windows\SYSTEM32\urlmon.dll
0x75930000 - 0x759ac000 	C:\Windows\SYSTEM32\ADVAPI32.dll
0x6d600000 - 0x6d665000 	C:\Windows\SYSTEM32\WINSPOOL.DRV
0x6cf50000 - 0x6cf66000 	C:\Windows\SYSTEM32\MPR.dll
0x772e0000 - 0x7739a000 	C:\Windows\SYSTEM32\RPCRT4.dll
0x74f40000 - 0x74f4a000 	C:\Windows\SYSTEM32\CRYPTBASE.dll
0x75520000 - 0x7569d000 	C:\Windows\SYSTEM32\combase.dll
0x6d430000 - 0x6d453000 	C:\Windows\SYSTEM32\WINMMBASE.dll
0x71db0000 - 0x71dbf000 	C:\Windows\SYSTEM32\profapi.dll
0x71b30000 - 0x71d62000 	C:\Windows\SYSTEM32\iertutil.dll
0x71e50000 - 0x72025000 	C:\Windows\SYSTEM32\WININET.dll
0x74ee0000 - 0x74f34000 	C:\Windows\SYSTEM32\bcryptPrimitives.dll
0x77220000 - 0x7725c000 	C:\Windows\SYSTEM32\cfgmgr32.dll
0x6d400000 - 0x6d421000 	C:\Windows\SYSTEM32\DEVOBJ.dll
0x73480000 - 0x7350b000 	C:\Windows\SYSTEM32\SHCORE.DLL
0x75c80000 - 0x75ca7000 	C:\Windows\system32\IMM32.DLL
0x753a0000 - 0x754b3000 	C:\Windows\SYSTEM32\MSCTF.dll
0x74e00000 - 0x74e2e000 	C:\Windows\SYSTEM32\nvinit.dll
0x0f000000 - 0x0f006000 	C:\Program Files (x86)\NVIDIA Corporation\CoProcManager\_etoured.dll
0x6b660000 - 0x6b68b000 	C:\Program Files (x86)\NVIDIA Corporation\CoProcManager\nvd3d9wrap.dll
0x756a0000 - 0x75851000 	C:\Windows\SYSTEM32\SETUPAPI.dll
0x6b640000 - 0x6b65f000 	C:\Program Files (x86)\NVIDIA Corporation\CoProcManager\nvdxgiwrap.dll
0x72f40000 - 0x73146000 	C:\Windows\WinSxS\x86_microsoft.windows.common-controls_6595b64144ccf1df_6.0.9600.17415_none_a9ed7f470139b3c1\COMCTL32.dll
0x6be80000 - 0x6befd000 	C:\Program Files (x86)\AVG\AVG2015\avghookx.dll
0x68510000 - 0x685cf000 	C:\Program Files (x86)\Java\jdk1.8.0_31\jre\bin\msvcr100.dll
0x58c60000 - 0x59004000 	C:\Program Files (x86)\Java\jdk1.8.0_31\jre\bin\client\jvm.dll
0x6d0f0000 - 0x6d0f8000 	C:\Windows\SYSTEM32\WSOCK32.dll
0x75d50000 - 0x75d56000 	C:\Windows\SYSTEM32\PSAPI.DLL
0x77060000 - 0x770b0000 	C:\Windows\SYSTEM32\WS2_32.dll
0x772b0000 - 0x772b7000 	C:\Windows\SYSTEM32\NSI.dll
0x6b6c0000 - 0x6b6cc000 	C:\Program Files (x86)\Java\jdk1.8.0_31\jre\bin\verify.dll
0x6ae20000 - 0x6ae41000 	C:\Program Files (x86)\Java\jdk1.8.0_31\jre\bin\java.dll
0x6aeb0000 - 0x6aec3000 	C:\Program Files (x86)\Java\jdk1.8.0_31\jre\bin\zip.dll
0x6ad80000 - 0x6ad95000 	C:\Program Files (x86)\Java\jdk1.8.0_31\jre\bin\net.dll
0x6d1c0000 - 0x6d20b000 	C:\Windows\system32\mswsock.dll
0x6c2e0000 - 0x6c35e000 	C:\Windows\SYSTEM32\DNSAPI.dll
0x6c2b0000 - 0x6c2d1000 	C:\Program Files (x86)\Bonjour\mdnsNSP.dll
0x732c0000 - 0x732e0000 	C:\Windows\SYSTEM32\Iphlpapi.DLL
0x71e40000 - 0x71e48000 	C:\Windows\SYSTEM32\WINNSI.DLL
0x6c2a0000 - 0x6c2a8000 	C:\Windows\System32\rasadhlp.dll
0x6c250000 - 0x6c296000 	C:\Windows\System32\fwpuclnt.dll
0x6ad60000 - 0x6ad80000 	C:\Program Files (x86)\Java\jdk1.8.0_31\jre\bin\sunec.dll
0x6f340000 - 0x6f359000 	C:\Windows\SYSTEM32\CRYPTSP.dll
0x6f310000 - 0x6f340000 	C:\Windows\system32\rsaenh.dll
0x6f040000 - 0x6f05e000 	C:\Windows\SYSTEM32\bcrypt.dll
0x6ac00000 - 0x6ac13000 	C:\Windows\SYSTEM32\dhcpcsvc6.DLL
0x6bf30000 - 0x6bf44000 	C:\Windows\SYSTEM32\dhcpcsvc.DLL
0x6b310000 - 0x6b31f000 	C:\Program Files (x86)\Java\jdk1.8.0_31\jre\bin\nio.dll
0x6bfb0000 - 0x6bfc1000 	C:\Windows\system32\napinsp.dll
0x6bf90000 - 0x6bfa6000 	C:\Windows\system32\pnrpnsp.dll
0x6bf70000 - 0x6bf84000 	C:\Windows\system32\NLAapi.dll
0x6bf60000 - 0x6bf6a000 	C:\Windows\System32\winrnr.dll
0x6bf50000 - 0x6bf60000 	C:\Windows\system32\wshbth.dll
0x6ae10000 - 0x6ae19000 	C:\Program Files (x86)\Java\jdk1.8.0_31\jre\bin\sunmscapi.dll
0x74f70000 - 0x750f8000 	C:\Windows\SYSTEM32\CRYPT32.dll
0x75af0000 - 0x75afe000 	C:\Windows\SYSTEM32\MSASN1.dll
0x6ad00000 - 0x6ad0a000 	C:\Program Files (x86)\Java\jdk1.8.0_31\jre\bin\management.dll
0x60400000 - 0x60546000 	C:\Program Files (x86)\Java\jdk1.8.0_31\jre\bin\awt.dll
0x74de0000 - 0x74de9000 	C:\Windows\SYSTEM32\kernel.appcore.dll
0x61e70000 - 0x62043000 	C:\Windows\system32\d3d9.dll
0x69940000 - 0x69a1e000 	C:\Windows\SYSTEM32\nvumdshim.dll
0x5d690000 - 0x5ed6e000 	C:\Windows\system32\igdumdim32.dll
0x67070000 - 0x678e8000 	C:\Windows\SYSTEM32\igdusc32.dll
0x6acc0000 - 0x6acf9000 	C:\Program Files (x86)\Java\jdk1.8.0_31\jre\bin\fontmanager.dll
0x6ac90000 - 0x6acc0000 	C:\Program Files (x86)\Java\jdk1.8.0_31\jre\bin\t2k.dll
0x684e0000 - 0x68505000 	C:\Program Files (x86)\Java\jdk1.8.0_31\jre\bin\jpeg.dll
0x75bf0000 - 0x75c7d000 	C:\Windows\SYSTEM32\clbcatq.dll
0x59010000 - 0x5917b000 	C:\Windows\SYSTEM32\WindowsCodecs.dll
0x0b800000 - 0x0cdcf000 	C:\Users\Piotr\AppData\Local\Temp\xuggle\xuggle6117847672714550975.dll
0x5ffb0000 - 0x5ffc4000 	C:\Windows\SYSTEM32\AVICAP32.DLL
0x58080000 - 0x580a3000 	C:\Windows\SYSTEM32\MSVFW32.dll
0x68350000 - 0x6835a000 	C:\Program Files (x86)\Java\jdk1.8.0_31\jre\bin\jsound.dll
0x66970000 - 0x66979000 	C:\Program Files (x86)\Java\jdk1.8.0_31\jre\bin\jsoundds.dll
0x57ff0000 - 0x58071000 	C:\Windows\SYSTEM32\DSOUND.dll
0x6bcd0000 - 0x6bd10000 	C:\Windows\SYSTEM32\POWRPROF.dll
0x645f0000 - 0x64643000 	C:\Windows\SYSTEM32\MMDevAPI.DLL
0x51480000 - 0x514b6000 	C:\Windows\SYSTEM32\wdmaud.drv
0x6c060000 - 0x6c067000 	C:\Windows\SYSTEM32\ksuser.dll
0x73470000 - 0x7347a000 	C:\Windows\SYSTEM32\AVRT.dll
0x64650000 - 0x646b0000 	C:\Windows\SYSTEM32\AUDIOSES.DLL
0x5f020000 - 0x5f029000 	C:\Windows\SYSTEM32\msacm32.drv
0x57fe0000 - 0x57fe8000 	C:\Windows\SYSTEM32\midimap.dll
0x51300000 - 0x513be000 	C:\Users\Piotr\AppData\Local\Temp\javacpp40510956616361\msvcr100.dll
0x51290000 - 0x512f9000 	C:\Users\Piotr\AppData\Local\Temp\javacpp40510956616361\msvcp100.dll
0x77df0000 - 0x77ff6000 	C:\Users\Piotr\AppData\Local\Temp\javacpp40510956616361\opencv_core249.dll
0x77ca0000 - 0x77de8000 	C:\Users\Piotr\AppData\Local\Temp\javacpp40510956616361\jniopencv_core.dll
0x77a30000 - 0x77c9d000 	C:\Users\Piotr\AppData\Local\Temp\javacpp40510956616361\opencv_imgproc249.dll
0x51210000 - 0x51290000 	C:\Users\Piotr\AppData\Local\Temp\javacpp40510956616361\jniopencv_imgproc.dll
0x0d5b0000 - 0x0e4e6000 	C:\Users\Piotr\AppData\Local\Temp\javacpp40510956616361\opencv_ffmpeg249.dll
0x0e4f0000 - 0x0e6f7000 	C:\Users\Piotr\AppData\Local\Temp\javacpp40510956616361\opencv_highgui249.dll
0x57fc0000 - 0x57fda000 	C:\Windows\SYSTEM32\AVIFIL32.dll
0x51440000 - 0x5147c000 	C:\Users\Piotr\AppData\Local\Temp\javacpp40510956616361\jniopencv_highgui.dll
0x6c070000 - 0x6c084000 	C:\Windows\SYSTEM32\devenum.dll
0x71380000 - 0x713a8000 	C:\Windows\SYSTEM32\ntmarta.dll
0x75bb0000 - 0x75bed000 	C:\Windows\SYSTEM32\WINTRUST.dll
0x6c0d0000 - 0x6c0db000 	C:\Windows\SYSTEM32\msdmo.dll
0x511d0000 - 0x51201000 	C:\Windows\SYSTEM32\qcap.dll
0x34bd0000 - 0x34d6f000 	C:\Windows\SYSTEM32\quartz.dll
0x6c090000 - 0x6c0d0000 	C:\Windows\SYSTEM32\ksproxy.ax
0x6c050000 - 0x6c05c000 	C:\Windows\SYSTEM32\vidcap.ax
0x6c030000 - 0x6c04f000 	C:\Windows\SYSTEM32\kswdmcap.ax
0x5ef10000 - 0x5f014000 	C:\Windows\SYSTEM32\MFC42.dll
0x5ee60000 - 0x5ef09000 	C:\Windows\SYSTEM32\ODBC32.dll
0x50060000 - 0x500ee000 	C:\Windows\SYSTEM32\qedit.dll
0x75b10000 - 0x75bab000 	C:\Windows\SYSTEM32\COMDLG32.dll
0x6d490000 - 0x6d600000 	C:\Windows\WinSxS\x86_microsoft.windows.gdiplus_6595b64144ccf1df_1.1.9600.17415_none_dad8722c5bcc2d8f\gdiplus.dll

VM Arguments:
jvm_args: -Dfile.encoding=UTF-8 
java_command: wideokomunikator.main
java_class_path (initial): D:\Programowanie\javacv\javacv-bin\ffmpeg.jar;D:\Programowanie\javacv\javacv-bin\javacpp.jar;D:\Programowanie\javacv\javacv-bin\javacv.jar;D:\Programowanie\javacv\javacv-bin\opencv.jar;C:\Program Files\Java\jdk1.8.0_05\db\lib\derby.jar;C:\Program Files\Java\jdk1.8.0_05\db\lib\derbyclient.jar;C:\Program Files\Java\jdk1.8.0_05\db\lib\derbytools.jar;C:\Program Files\Java\jdk1.8.0_05\db\lib\derbynet.jar;D:\Programowanie\xuggle-xuggler-5.4.jar;D:\Programowanie\slf4j-simple-1.7.10.jar;D:\Programowanie\slf4j-api-1.7.10.jar;D:\Programowanie\javacv\javacv-bin\opencv-linux-x86.jar;D:\Programowanie\javacv\javacv-bin\opencv-linux-x86_64.jar;D:\Programowanie\javacv\javacv-bin\opencv-macosx-x86_64.jar;D:\Programowanie\javacv\javacv-bin\opencv-windows-x86.jar;D:\Programowanie\javacv\javacv-bin\opencv-windows-x86_64.jar;C:\Users\Piotr\Documents\NetBeansProjects\Wideokomunikator\build\classes
Launcher Type: SUN_STANDARD

Environment Variables:
JAVA_HOME=C:\Program Files\Java\jdk1.8.0_05
CLASSPATH=.;C:\PROGRA~2\JMF2.1.1e\lib\sound.jar;C:\PROGRA~2\JMF2.1.1e\lib\jmf.jar;C:\PROGRA~2\JMF2.1.1e\lib;.;.;.;c:\PROGRA~2\java\JMF21~1.1E\lib\sound.jar;c:\PROGRA~2\java\JMF21~1.1E\lib\jmf.jar;c:\PROGRA~2\java\JMF21~1.1E\lib;
PATH=C:\Program Files (x86)\NVIDIA Corporation\PhysX\Common;C:\ProgramData\Oracle\Java\javapath;C:\Python34\;C:\Python34\Scripts;C:\Program Files (x86)\Intel\iCLS Client\;C:\Program Files\Intel\iCLS Client\;C:\Windows\system32;C:\Windows;C:\Windows\System32\Wbem;C:\Windows\System32\WindowsPowerShell\v1.0\;C:\Program Files\Intel\Intel(R) Management Engine Components\DAL;C:\Program Files\Intel\Intel(R) Management Engine Components\IPT;C:\Program Files (x86)\Intel\Intel(R) Management Engine Components\DAL;C:\Program Files (x86)\Intel\Intel(R) Management Engine Components\IPT;C:\Program Files\nodejs\;C:\Windows\Microsoft.NET\Framework\v4.0.30319;C:\Program Files\Microsoft SQL Server\110\Tools\Binn\;C:\Program Files\Java\jdk1.8.0_05\bin;C:\Program Files\apache-ant-1.9.4\bin;C:\Program Files (x86)\QuickTime\QTSystem\;c:\PROGRA~2\java\JMF21~1.1E\lib;C:\Users\Piotr\AppData\Roaming\npm;C:\Program Files (x86)\Bitvise SSH Client;C:\Program Files\Java\jdk1.8.0_05\bin
USERNAME=Piotr
OS=Windows_NT
PROCESSOR_IDENTIFIER=Intel64 Family 6 Model 60 Stepping 3, GenuineIntel



---------------  S Y S T E M  ---------------

OS: Windows 8.1 , 64 bit Build 9600 

CPU:total 8 (4 cores per cpu, 2 threads per core) family 6 model 60 stepping 3, cmov, cx8, fxsr, mmx, sse, sse2, sse3, ssse3, sse4.1, sse4.2, popcnt, avx, avx2, aes, clmul, erms, lzcnt, ht, tsc, tscinvbit, bmi1, bmi2

Memory: 4k page, physical 15910992k(10475512k free), swap 36390992k(29150536k free)

vm_info: Java HotSpot(TM) Client VM (25.31-b07) for windows-x86 JRE (1.8.0_31-b13), built on Dec 17 2014 20:46:12 by "java_re" with MS VC++ 10.0 (VS2010)

time: Wed Mar 04 19:04:12 2015
elapsed time: 10 seconds (0d 0h 0m 10s)

