#
# A fatal error has been detected by the Java Runtime Environment:
#
#  EXCEPTION_ACCESS_VIOLATION (0xc0000005) at pc=0x0d0232a0, pid=2928, tid=552
#
# JRE version: Java(TM) SE Runtime Environment (8.0_31-b13) (build 1.8.0_31-b13)
# Java VM: Java HotSpot(TM) Client VM (25.31-b07 mixed mode, sharing windows-x86 )
# Problematic frame:
# C  0x0d0232a0
#
# Failed to write core dump. Minidumps are not enabled by default on client versions of Windows
#
# If you would like to submit a bug report, please visit:
#   http://bugreport.java.com/bugreport/crash.jsp
# The crash happened outside the Java Virtual Machine in native code.
# See problematic frame for where to report the bug.
#

---------------  T H R E A D  ---------------

Current thread (0x09e3b000):  JavaThread "Thread-61" [_thread_in_native, id=552, stack(0x09d40000,0x09d90000)]

siginfo: ExceptionCode=0xc0000005, reading address 0x00013420

Registers:
EAX=0x000002c0, EBX=0x00000160, ECX=0x1f48da70, EDX=0x00013420
ESP=0x09d8f344, EBP=0x00000000, ESI=0x00000010, EDI=0x00000000
EIP=0x0d0232a0, EFLAGS=0x00010206

Top of Stack: (sp=0x09d8f344)
0x09d8f344:   1f2727a0 000000f0 0ce50243 1f48da70
0x09d8f354:   00013420 00000160 00000008 00000000
0x09d8f364:   00000000 00000000 00000000 00000000
0x09d8f374:   00000000 00000000 00000000 00000000
0x09d8f384:   00000000 00000000 00020002 00000000
0x09d8f394:   1f3bb3d6 1f2ba1e0 01010101 0d1cc910
0x09d8f3a4:   80808080 1f48da70 00000160 1f274230
0x09d8f3b4:   00000080 1f274130 0d1ccdc0 00000380 

Instructions: (pc=0x0d0232a0)
0x0d023280:   83 ec 08 89 1c 24 8b 54 24 10 89 74 24 04 8b 4c
0x0d023290:   24 0c be 10 00 00 00 8b 5c 24 14 8d 04 1b 66 90
0x0d0232a0:   0f 6f 02 0f 6f 62 08 0f 6f 0c 1a 0f 6f 6c 1a 08
0x0d0232b0:   0f 7f 01 0f 7f 61 08 0f 7f 0c 19 0f 7f 6c 19 08 


Register to memory mapping:

EAX=0x000002c0 is an unknown value
EBX=0x00000160 is an unknown value
ECX=0x1f48da70 is an unknown value
EDX=0x00013420 is an unknown value
ESP=0x09d8f344 is pointing into the stack for thread: 0x09e3b000
EBP=0x00000000 is an unknown value
ESI=0x00000010 is an unknown value
EDI=0x00000000 is an unknown value


Stack: [0x09d40000,0x09d90000],  sp=0x09d8f344,  free space=316k
Native frames: (J=compiled Java code, j=interpreted, Vv=VM code, C=native code)
C  0x0d0232a0

Java frames: (J=compiled Java code, j=interpreted, Vv=VM code)
j  com.xuggle.xuggler.XugglerJNI.IStreamCoder_decodeVideo(JLcom/xuggle/xuggler/IStreamCoder;JLcom/xuggle/xuggler/IVideoPicture;JLcom/xuggle/xuggler/IPacket;I)I+0
j  com.xuggle.xuggler.IStreamCoder.decodeVideo(Lcom/xuggle/xuggler/IVideoPicture;Lcom/xuggle/xuggler/IPacket;I)I+16
j  wideokomunikator.audiovideo.AudioVideo.decodeVideo(Lcom/xuggle/xuggler/IPacket;I)V+58
j  wideokomunikator.audiovideo.AudioVideo.access$1400(Lwideokomunikator/audiovideo/AudioVideo;Lcom/xuggle/xuggler/IPacket;I)V+3
j  wideokomunikator.audiovideo.AudioVideo$Hendler.run()V+80
v  ~StubRoutines::call_stub

---------------  P R O C E S S  ---------------

Java Threads: ( => current thread )
=>0x09e3b000 JavaThread "Thread-61" [_thread_in_native, id=552, stack(0x09d40000,0x09d90000)]
  0x09e3a800 JavaThread "Thread-17" [_thread_in_native, id=8048, stack(0x0eee0000,0x0ef30000)]
  0x09e39c00 JavaThread "Thread-16" [_thread_blocked, id=7304, stack(0x0ee50000,0x0eea0000)]
  0x09e39800 JavaThread "Thread-19" [_thread_in_native, id=216, stack(0x0edc0000,0x0ee10000)]
  0x09e3c400 JavaThread "Thread-18" [_thread_in_native, id=2692, stack(0x0ed30000,0x0ed80000)]
  0x09e39000 JavaThread "Java Sound Event Dispatcher" daemon [_thread_blocked, id=1324, stack(0x0b210000,0x0b260000)]
  0x09e3bc00 JavaThread "derby.rawStoreDaemon" daemon [_thread_blocked, id=1052, stack(0x0ac10000,0x0ac60000)]
  0x09e3a400 JavaThread "DRDAConnThread_2" daemon [_thread_in_native, id=6340, stack(0x0aa80000,0x0aad0000)]
  0x09e38800 JavaThread "NetworkServerThread_1" daemon [_thread_in_native, id=8044, stack(0x0a8f0000,0x0a940000)]
  0x05cf9800 JavaThread "derby.NetworkServerStarter" daemon [_thread_blocked, id=6588, stack(0x0a860000,0x0a8b0000)]
  0x09db2400 JavaThread "Timer-0" daemon [_thread_blocked, id=8072, stack(0x0a6d0000,0x0a720000)]
  0x05c7b400 JavaThread "D3D Screen Updater" daemon [_thread_blocked, id=4304, stack(0x09240000,0x09290000)]
  0x0219c800 JavaThread "DestroyJavaVM" [_thread_blocked, id=8684, stack(0x01f40000,0x01f90000)]
  0x05bb0000 JavaThread "Thread-4" [_thread_in_native, id=3196, stack(0x08820000,0x08870000)]
  0x05baf800 JavaThread "Thread-3" [_thread_blocked, id=8884, stack(0x08790000,0x087e0000)]
  0x05af9400 JavaThread "TimerQueue" daemon [_thread_blocked, id=6840, stack(0x082c0000,0x08310000)]
  0x05ae7800 JavaThread "AWT-EventQueue-0" [_thread_blocked, id=8168, stack(0x08230000,0x08280000)]
  0x05aad400 JavaThread "AWT-Windows" daemon [_thread_in_native, id=7936, stack(0x06470000,0x064c0000)]
  0x05aac400 JavaThread "AWT-Shutdown" [_thread_blocked, id=2284, stack(0x06020000,0x06070000)]
  0x05aabc00 JavaThread "Java2D Disposer" daemon [_thread_blocked, id=2488, stack(0x05da0000,0x05df0000)]
  0x02320000 JavaThread "Service Thread" daemon [_thread_blocked, id=3252, stack(0x05120000,0x05170000)]
  0x022f1400 JavaThread "C1 CompilerThread0" daemon [_thread_blocked, id=5180, stack(0x05090000,0x050e0000)]
  0x022f0800 JavaThread "Attach Listener" daemon [_thread_blocked, id=7220, stack(0x045e0000,0x04630000)]
  0x022ed800 JavaThread "Signal Dispatcher" daemon [_thread_blocked, id=4040, stack(0x04550000,0x045a0000)]
  0x02288800 JavaThread "Finalizer" daemon [_thread_blocked, id=8604, stack(0x044c0000,0x04510000)]
  0x02286000 JavaThread "Reference Handler" daemon [_thread_blocked, id=6472, stack(0x04430000,0x04480000)]

Other Threads:
  0x02284400 VMThread [stack: 0x043a0000,0x043f0000] [id=1984]
  0x02324000 WatcherThread [stack: 0x051b0000,0x05200000] [id=8004]

VM state:not at safepoint (normal execution)

VM Mutex/Monitor currently owned by a thread: None

Heap:
 def new generation   total 44608K, used 10711K [0x0f200000, 0x12260000, 0x14750000)
  eden space 39680K, -2147483648% used [0x0f200000, 0x0f7bc898, 0x118c0000)
  from space 4928K,  98% used [0x118c0000, 0x11d79580, 0x11d90000)
  to   space 4928K,   0% used [0x11d90000, 0x11d90000, 0x12260000)
 tenured generation   total 153860K, used 139137K [0x14750000, 0x1dd91000, 0x1f200000)
   the space 153860K,  90% used [0x14750000, 0x1cf305b8, 0x1cf30600, 0x1dd91000)
 Metaspace       used 11164K, capacity 11352K, committed 11392K, reserved 11648K

Card table byte_map: [0x021a0000,0x02230000] byte_map_base: 0x02127000

Polling page: 0x003d0000

CodeCache: size=32768Kb used=2049Kb max_used=2049Kb free=30718Kb
 bounds [0x02360000, 0x02568000, 0x04360000]
 total_blobs=1340 nmethods=953 adapters=318
 compilation: enabled

Compilation events (10 events):
Event: 18.872 Thread 0x022f1400  969             java.util.concurrent.atomic.AtomicLong::<init> (10 bytes)
Event: 18.872 Thread 0x022f1400 nmethod 969 0x0255d608 code [0x0255d700, 0x0255d7a0]
Event: 18.884 Thread 0x022f1400  970             java.util.concurrent.locks.AbstractQueuedSynchronizer::compareAndSetTail (13 bytes)
Event: 18.884 Thread 0x022f1400 nmethod 970 0x0255d808 code [0x0255d900, 0x0255d9a0]
Event: 19.021 Thread 0x022f1400  971             wideokomunikator.client.ClientConnection::access$000 (5 bytes)
Event: 19.021 Thread 0x022f1400 nmethod 971 0x0255da08 code [0x0255db00, 0x0255db80]
Event: 19.093 Thread 0x022f1400  972             wideokomunikator.client.ClientConnection::access$100 (5 bytes)
Event: 19.094 Thread 0x022f1400 nmethod 972 0x0255dc08 code [0x0255dd00, 0x0255dd80]
Event: 19.147 Thread 0x022f1400  973             java.util.concurrent.atomic.AtomicInteger::<init> (5 bytes)
Event: 19.147 Thread 0x022f1400 nmethod 973 0x0255de08 code [0x0255df00, 0x0255df80]

GC Heap History (10 events):
Event: 15.896 GC heap before
{Heap before GC invocations=36 (full 2):
 def new generation   total 44608K, used 43913K [0x0f200000, 0x12260000, 0x14750000)
  eden space 39680K,  98% used [0x0f200000, 0x11812788, 0x118c0000)
  from space 4928K, 100% used [0x11d90000, 0x12260000, 0x12260000)
  to   space 4928K,   0% used [0x118c0000, 0x118c0000, 0x11d90000)
 tenured generation   total 153860K, used 125557K [0x14750000, 0x1dd91000, 0x1f200000)
   the space 153860K,  81% used [0x14750000, 0x1c1ed528, 0x1c1ed600, 0x1dd91000)
 Metaspace       used 11163K, capacity 11352K, committed 11392K, reserved 11648K
Event: 15.900 GC heap after
Heap after GC invocations=37 (full 2):
 def new generation   total 44608K, used 4838K [0x0f200000, 0x12260000, 0x14750000)
  eden space 39680K,   0% used [0x0f200000, 0x0f200000, 0x118c0000)
  from space 4928K,  98% used [0x118c0000, 0x11d798d8, 0x11d90000)
  to   space 4928K,   0% used [0x11d90000, 0x11d90000, 0x12260000)
 tenured generation   total 153860K, used 128575K [0x14750000, 0x1dd91000, 0x1f200000)
   the space 153860K,  83% used [0x14750000, 0x1c4dfd08, 0x1c4dfe00, 0x1dd91000)
 Metaspace       used 11163K, capacity 11352K, committed 11392K, reserved 11648K
}
Event: 16.557 GC heap before
{Heap before GC invocations=37 (full 2):
 def new generation   total 44608K, used 43742K [0x0f200000, 0x12260000, 0x14750000)
  eden space 39680K,  98% used [0x0f200000, 0x117fdf90, 0x118c0000)
  from space 4928K,  98% used [0x118c0000, 0x11d798d8, 0x11d90000)
  to   space 4928K,   0% used [0x11d90000, 0x11d90000, 0x12260000)
 tenured generation   total 153860K, used 128575K [0x14750000, 0x1dd91000, 0x1f200000)
   the space 153860K,  83% used [0x14750000, 0x1c4dfd08, 0x1c4dfe00, 0x1dd91000)
 Metaspace       used 11163K, capacity 11352K, committed 11392K, reserved 11648K
Event: 16.562 GC heap after
Heap after GC invocations=38 (full 2):
 def new generation   total 44608K, used 4273K [0x0f200000, 0x12260000, 0x14750000)
  eden space 39680K,   0% used [0x0f200000, 0x0f200000, 0x118c0000)
  from space 4928K,  86% used [0x11d90000, 0x121bc788, 0x12260000)
  to   space 4928K,   0% used [0x118c0000, 0x118c0000, 0x11d90000)
 tenured generation   total 153860K, used 130992K [0x14750000, 0x1dd91000, 0x1f200000)
   the space 153860K,  85% used [0x14750000, 0x1c73c288, 0x1c73c400, 0x1dd91000)
 Metaspace       used 11163K, capacity 11352K, committed 11392K, reserved 11648K
}
Event: 17.435 GC heap before
{Heap before GC invocations=38 (full 2):
 def new generation   total 44608K, used 43863K [0x0f200000, 0x12260000, 0x14750000)
  eden space 39680K,  99% used [0x0f200000, 0x118a9758, 0x118c0000)
  from space 4928K,  86% used [0x11d90000, 0x121bc788, 0x12260000)
  to   space 4928K,   0% used [0x118c0000, 0x118c0000, 0x11d90000)
 tenured generation   total 153860K, used 130992K [0x14750000, 0x1dd91000, 0x1f200000)
   the space 153860K,  85% used [0x14750000, 0x1c73c288, 0x1c73c400, 0x1dd91000)
 Metaspace       used 11163K, capacity 11352K, committed 11392K, reserved 11648K
Event: 17.439 GC heap after
Heap after GC invocations=39 (full 2):
 def new generation   total 44608K, used 4786K [0x0f200000, 0x12260000, 0x14750000)
  eden space 39680K,   0% used [0x0f200000, 0x0f200000, 0x118c0000)
  from space 4928K,  97% used [0x118c0000, 0x11d6cb28, 0x11d90000)
  to   space 4928K,   0% used [0x11d90000, 0x11d90000, 0x12260000)
 tenured generation   total 153860K, used 134082K [0x14750000, 0x1dd91000, 0x1f200000)
   the space 153860K,  87% used [0x14750000, 0x1ca409c8, 0x1ca40a00, 0x1dd91000)
 Metaspace       used 11163K, capacity 11352K, committed 11392K, reserved 11648K
}
Event: 18.088 GC heap before
{Heap before GC invocations=39 (full 2):
 def new generation   total 44608K, used 44352K [0x0f200000, 0x12260000, 0x14750000)
  eden space 39680K,  99% used [0x0f200000, 0x118a3778, 0x118c0000)
  from space 4928K,  97% used [0x118c0000, 0x11d6cb28, 0x11d90000)
  to   space 4928K,   0% used [0x11d90000, 0x11d90000, 0x12260000)
 tenured generation   total 153860K, used 134082K [0x14750000, 0x1dd91000, 0x1f200000)
   the space 153860K,  87% used [0x14750000, 0x1ca409c8, 0x1ca40a00, 0x1dd91000)
 Metaspace       used 11163K, capacity 11352K, committed 11392K, reserved 11648K
Event: 18.091 GC heap after
Heap after GC invocations=40 (full 2):
 def new generation   total 44608K, used 4613K [0x0f200000, 0x12260000, 0x14750000)
  eden space 39680K,   0% used [0x0f200000, 0x0f200000, 0x118c0000)
  from space 4928K,  93% used [0x11d90000, 0x12211480, 0x12260000)
  to   space 4928K,   0% used [0x118c0000, 0x118c0000, 0x11d90000)
 tenured generation   total 153860K, used 135597K [0x14750000, 0x1dd91000, 0x1f200000)
   the space 153860K,  88% used [0x14750000, 0x1cbbb508, 0x1cbbb600, 0x1dd91000)
 Metaspace       used 11163K, capacity 11352K, committed 11392K, reserved 11648K
}
Event: 19.089 GC heap before
{Heap before GC invocations=40 (full 2):
 def new generation   total 44608K, used 44017K [0x0f200000, 0x12260000, 0x14750000)
  eden space 39680K,  99% used [0x0f200000, 0x1187b2d8, 0x118c0000)
  from space 4928K,  93% used [0x11d90000, 0x12211480, 0x12260000)
  to   space 4928K,   0% used [0x118c0000, 0x118c0000, 0x11d90000)
 tenured generation   total 153860K, used 135597K [0x14750000, 0x1dd91000, 0x1f200000)
   the space 153860K,  88% used [0x14750000, 0x1cbbb508, 0x1cbbb600, 0x1dd91000)
 Metaspace       used 11163K, capacity 11352K, committed 11392K, reserved 11648K
Event: 19.093 GC heap after
Heap after GC invocations=41 (full 2):
 def new generation   total 44608K, used 4837K [0x0f200000, 0x12260000, 0x14750000)
  eden space 39680K,   0% used [0x0f200000, 0x0f200000, 0x118c0000)
  from space 4928K,  98% used [0x118c0000, 0x11d79580, 0x11d90000)
  to   space 4928K,   0% used [0x11d90000, 0x11d90000, 0x12260000)
 tenured generation   total 153860K, used 139137K [0x14750000, 0x1dd91000, 0x1f200000)
   the space 153860K,  90% used [0x14750000, 0x1cf305b8, 0x1cf30600, 0x1dd91000)
 Metaspace       used 11163K, capacity 11352K, committed 11392K, reserved 11648K
}

Deoptimization events (0 events):
No events

Internal exceptions (10 events):
Event: 14.681 Thread 0x09e3a800 Exception <a 'java/security/PrivilegedActionException'> (0x102c53b0) thrown at [C:\re\workspace\8-2-build-windows-i586-cygwin\jdk8u31\2394\hotspot\src\share\vm\prims\jvm.cpp, line 1312]
Event: 14.681 Thread 0x09e3a800 Exception <a 'java/security/PrivilegedActionException'> (0x102cf350) thrown at [C:\re\workspace\8-2-build-windows-i586-cygwin\jdk8u31\2394\hotspot\src\share\vm\prims\jvm.cpp, line 1312]
Event: 14.682 Thread 0x09e3a800 Exception <a 'java/security/PrivilegedActionException'> (0x102d8f48) thrown at [C:\re\workspace\8-2-build-windows-i586-cygwin\jdk8u31\2394\hotspot\src\share\vm\prims\jvm.cpp, line 1312]
Event: 14.682 Thread 0x09e3a800 Exception <a 'java/security/PrivilegedActionException'> (0x102dfce8) thrown at [C:\re\workspace\8-2-build-windows-i586-cygwin\jdk8u31\2394\hotspot\src\share\vm\prims\jvm.cpp, line 1312]
Event: 14.683 Thread 0x09e3a800 Exception <a 'java/security/PrivilegedActionException'> (0x102e8060) thrown at [C:\re\workspace\8-2-build-windows-i586-cygwin\jdk8u31\2394\hotspot\src\share\vm\prims\jvm.cpp, line 1312]
Event: 14.683 Thread 0x09e3a800 Exception <a 'java/security/PrivilegedActionException'> (0x102efcb8) thrown at [C:\re\workspace\8-2-build-windows-i586-cygwin\jdk8u31\2394\hotspot\src\share\vm\prims\jvm.cpp, line 1312]
Event: 14.684 Thread 0x09e3a800 Exception <a 'java/security/PrivilegedActionException'> (0x102fdb98) thrown at [C:\re\workspace\8-2-build-windows-i586-cygwin\jdk8u31\2394\hotspot\src\share\vm\prims\jvm.cpp, line 1312]
Event: 14.688 Thread 0x09e3a800 Exception <a 'java/security/PrivilegedActionException'> (0x103f3f00) thrown at [C:\re\workspace\8-2-build-windows-i586-cygwin\jdk8u31\2394\hotspot\src\share\vm\prims\jvm.cpp, line 1312]
Event: 14.688 Thread 0x09e3a800 Exception <a 'java/security/PrivilegedActionException'> (0x103fb200) thrown at [C:\re\workspace\8-2-build-windows-i586-cygwin\jdk8u31\2394\hotspot\src\share\vm\prims\jvm.cpp, line 1312]
Event: 14.719 Thread 0x09e39800 Exception <a 'java/security/PrivilegedActionException'> (0x101705f0) thrown at [C:\re\workspace\8-2-build-windows-i586-cygwin\jdk8u31\2394\hotspot\src\share\vm\prims\jvm.cpp, line 1312]

Events (10 events):
Event: 18.625 Executing VM operation: BulkRevokeBias done
Event: 18.625 Thread 0x09e3b400 Thread exited: 0x09e3b400
Event: 18.871 Thread 0x09e3b000 Thread added: 0x09e3b000
Event: 18.872 Thread 0x09e3b000 Thread exited: 0x09e3b000
Event: 19.089 Executing VM operation: GenCollectForAllocation
Event: 19.093 Executing VM operation: GenCollectForAllocation done
Event: 19.147 Thread 0x09e3b000 Thread added: 0x09e3b000
Event: 19.147 Thread 0x09e3b400 Thread added: 0x09e3b400
Event: 19.147 Executing VM operation: RevokeBias
Event: 19.147 Executing VM operation: RevokeBias done


Dynamic libraries:
0x001a0000 - 0x001d0000 	C:\Program Files (x86)\Java\jdk1.8.0_31\bin\java.exe
0x76ed0000 - 0x7703e000 	C:\Windows\SYSTEM32\ntdll.dll
0x76a90000 - 0x76bd0000 	C:\Windows\SYSTEM32\KERNEL32.DLL
0x75580000 - 0x75657000 	C:\Windows\SYSTEM32\KERNELBASE.dll
0x620c0000 - 0x62160000 	C:\Windows\system32\apphelp.dll
0x58420000 - 0x58685000 	C:\Windows\AppPatch\AcGenral.DLL
0x74f70000 - 0x75033000 	C:\Windows\SYSTEM32\msvcrt.dll
0x754d0000 - 0x75511000 	C:\Windows\SYSTEM32\sechost.dll
0x746d0000 - 0x746ee000 	C:\Windows\SYSTEM32\SspiCli.dll
0x75660000 - 0x756a5000 	C:\Windows\SYSTEM32\SHLWAPI.dll
0x73c50000 - 0x73d3d000 	C:\Windows\SYSTEM32\UxTheme.dll
0x74dd0000 - 0x74f23000 	C:\Windows\SYSTEM32\USER32.dll
0x746f0000 - 0x747fe000 	C:\Windows\SYSTEM32\GDI32.dll
0x6c9a0000 - 0x6c9c3000 	C:\Windows\SYSTEM32\WINMM.dll
0x6c3a0000 - 0x6c3b3000 	C:\Windows\SYSTEM32\samcli.dll
0x74bb0000 - 0x74cd8000 	C:\Windows\SYSTEM32\ole32.dll
0x75040000 - 0x750d5000 	C:\Windows\SYSTEM32\OLEAUT32.dll
0x5f1f0000 - 0x5f207000 	C:\Windows\SYSTEM32\MSACM32.dll
0x74620000 - 0x74628000 	C:\Windows\SYSTEM32\VERSION.dll
0x75750000 - 0x769fc000 	C:\Windows\SYSTEM32\SHELL32.dll
0x742f0000 - 0x7430b000 	C:\Windows\SYSTEM32\USERENV.dll
0x6c870000 - 0x6c88a000 	C:\Windows\SYSTEM32\dwmapi.dll
0x6c4f0000 - 0x6c63a000 	C:\Windows\SYSTEM32\urlmon.dll
0x750e0000 - 0x7515c000 	C:\Windows\SYSTEM32\ADVAPI32.dll
0x732d0000 - 0x73335000 	C:\Windows\SYSTEM32\WINSPOOL.DRV
0x733f0000 - 0x73406000 	C:\Windows\SYSTEM32\MPR.dll
0x74ce0000 - 0x74d9a000 	C:\Windows\SYSTEM32\RPCRT4.dll
0x746c0000 - 0x746ca000 	C:\Windows\SYSTEM32\CRYPTBASE.dll
0x76bd0000 - 0x76d4d000 	C:\Windows\SYSTEM32\combase.dll
0x6c970000 - 0x6c993000 	C:\Windows\SYSTEM32\WINMMBASE.dll
0x739d0000 - 0x739df000 	C:\Windows\SYSTEM32\profapi.dll
0x73790000 - 0x739c2000 	C:\Windows\SYSTEM32\iertutil.dll
0x73a70000 - 0x73c45000 	C:\Windows\SYSTEM32\WININET.dll
0x74660000 - 0x746b4000 	C:\Windows\SYSTEM32\bcryptPrimitives.dll
0x74f30000 - 0x74f6c000 	C:\Windows\SYSTEM32\cfgmgr32.dll
0x6c940000 - 0x6c961000 	C:\Windows\SYSTEM32\DEVOBJ.dll
0x74590000 - 0x7461b000 	C:\Windows\SYSTEM32\SHCORE.DLL
0x76d60000 - 0x76d87000 	C:\Windows\system32\IMM32.DLL
0x75240000 - 0x75353000 	C:\Windows\SYSTEM32\MSCTF.dll
0x74630000 - 0x7465e000 	C:\Windows\SYSTEM32\nvinit.dll
0x0f000000 - 0x0f006000 	C:\Program Files (x86)\NVIDIA Corporation\CoProcManager\_etoured.dll
0x735c0000 - 0x735eb000 	C:\Program Files (x86)\NVIDIA Corporation\CoProcManager\nvd3d9wrap.dll
0x74860000 - 0x74a11000 	C:\Windows\SYSTEM32\SETUPAPI.dll
0x735a0000 - 0x735bf000 	C:\Program Files (x86)\NVIDIA Corporation\CoProcManager\nvdxgiwrap.dll
0x740d0000 - 0x742d6000 	C:\Windows\WinSxS\x86_microsoft.windows.common-controls_6595b64144ccf1df_6.0.9600.17415_none_a9ed7f470139b3c1\COMCTL32.dll
0x6b670000 - 0x6b6eb000 	C:\Program Files (x86)\AVG\AVG2015\avghookx.dll
0x58360000 - 0x5841f000 	C:\Program Files (x86)\Java\jdk1.8.0_31\jre\bin\msvcr100.dll
0x57df0000 - 0x58194000 	C:\Program Files (x86)\Java\jdk1.8.0_31\jre\bin\client\jvm.dll
0x73540000 - 0x73548000 	C:\Windows\SYSTEM32\WSOCK32.dll
0x75570000 - 0x75576000 	C:\Windows\SYSTEM32\PSAPI.DLL
0x75160000 - 0x751b0000 	C:\Windows\SYSTEM32\WS2_32.dll
0x75560000 - 0x75567000 	C:\Windows\SYSTEM32\NSI.dll
0x5f1d0000 - 0x5f1dc000 	C:\Program Files (x86)\Java\jdk1.8.0_31\jre\bin\verify.dll
0x58330000 - 0x58351000 	C:\Program Files (x86)\Java\jdk1.8.0_31\jre\bin\java.dll
0x58310000 - 0x58323000 	C:\Program Files (x86)\Java\jdk1.8.0_31\jre\bin\zip.dll
0x57ca0000 - 0x57de6000 	C:\Program Files (x86)\Java\jdk1.8.0_31\jre\bin\awt.dll
0x735f0000 - 0x735f9000 	C:\Windows\SYSTEM32\kernel.appcore.dll
0x66490000 - 0x66663000 	C:\Windows\system32\d3d9.dll
0x66120000 - 0x661fe000 	C:\Windows\SYSTEM32\nvumdshim.dll
0x5d070000 - 0x5e74e000 	C:\Windows\system32\igdumdim32.dll
0x64fe0000 - 0x65858000 	C:\Windows\SYSTEM32\igdusc32.dll
0x582d0000 - 0x58309000 	C:\Program Files (x86)\Java\jdk1.8.0_31\jre\bin\fontmanager.dll
0x582b0000 - 0x582c5000 	C:\Program Files (x86)\Java\jdk1.8.0_31\jre\bin\net.dll
0x6c700000 - 0x6c74b000 	C:\Windows\system32\mswsock.dll
0x5f1c0000 - 0x5f1cf000 	C:\Program Files (x86)\Java\jdk1.8.0_31\jre\bin\nio.dll
0x58280000 - 0x582b0000 	C:\Program Files (x86)\Java\jdk1.8.0_31\jre\bin\t2k.dll
0x58260000 - 0x58280000 	C:\Program Files (x86)\Java\jdk1.8.0_31\jre\bin\sunec.dll
0x5f190000 - 0x5f199000 	C:\Program Files (x86)\Java\jdk1.8.0_31\jre\bin\sunmscapi.dll
0x74a20000 - 0x74ba8000 	C:\Windows\SYSTEM32\CRYPT32.dll
0x76d90000 - 0x76d9e000 	C:\Windows\SYSTEM32\MSASN1.dll
0x6e790000 - 0x6e7a9000 	C:\Windows\SYSTEM32\CRYPTSP.dll
0x6e760000 - 0x6e790000 	C:\Windows\system32\rsaenh.dll
0x733d0000 - 0x733ee000 	C:\Windows\SYSTEM32\bcrypt.dll
0x743d0000 - 0x743f0000 	C:\Windows\SYSTEM32\IPHLPAPI.DLL
0x73a60000 - 0x73a68000 	C:\Windows\SYSTEM32\WINNSI.DLL
0x751b0000 - 0x7523d000 	C:\Windows\SYSTEM32\clbcatq.dll
0x6b710000 - 0x6b723000 	C:\Windows\SYSTEM32\dhcpcsvc6.DLL
0x6b6f0000 - 0x6b704000 	C:\Windows\SYSTEM32\dhcpcsvc.DLL
0x73580000 - 0x73591000 	C:\Windows\system32\napinsp.dll
0x73560000 - 0x73576000 	C:\Windows\system32\pnrpnsp.dll
0x6b200000 - 0x6b214000 	C:\Windows\system32\NLAapi.dll
0x6b870000 - 0x6b8ee000 	C:\Windows\SYSTEM32\DNSAPI.dll
0x73550000 - 0x7355a000 	C:\Windows\System32\winrnr.dll
0x6b1f0000 - 0x6b200000 	C:\Windows\system32\wshbth.dll
0x6b840000 - 0x6b861000 	C:\Program Files (x86)\Bonjour\mdnsNSP.dll
0x6b830000 - 0x6b838000 	C:\Windows\System32\rasadhlp.dll
0x6b7e0000 - 0x6b826000 	C:\Windows\System32\fwpuclnt.dll
0x50420000 - 0x50445000 	C:\Program Files (x86)\Java\jdk1.8.0_31\jre\bin\jpeg.dll
0x58850000 - 0x589bb000 	C:\Windows\SYSTEM32\WindowsCodecs.dll
0x5cc40000 - 0x5cc4a000 	C:\Program Files (x86)\Java\jdk1.8.0_31\jre\bin\management.dll
0x58250000 - 0x5825a000 	C:\Program Files (x86)\Java\jdk1.8.0_31\jre\bin\jsound.dll
0x58240000 - 0x58249000 	C:\Program Files (x86)\Java\jdk1.8.0_31\jre\bin\jsoundds.dll
0x5f790000 - 0x5f811000 	C:\Windows\SYSTEM32\DSOUND.dll
0x68c80000 - 0x68cc0000 	C:\Windows\SYSTEM32\POWRPROF.dll
0x68c20000 - 0x68c73000 	C:\Windows\SYSTEM32\MMDevAPI.DLL
0x61af0000 - 0x61b26000 	C:\Windows\SYSTEM32\wdmaud.drv
0x6b070000 - 0x6b077000 	C:\Windows\SYSTEM32\ksuser.dll
0x74410000 - 0x7441a000 	C:\Windows\SYSTEM32\AVRT.dll
0x68cc0000 - 0x68d20000 	C:\Windows\SYSTEM32\AUDIOSES.DLL
0x73420000 - 0x73429000 	C:\Windows\SYSTEM32\msacm32.drv
0x6b220000 - 0x6b228000 	C:\Windows\SYSTEM32\midimap.dll
0x50360000 - 0x5041e000 	C:\Users\Piotr\AppData\Local\Temp\javacpp39539090910490\msvcr100.dll
0x502f0000 - 0x50359000 	C:\Users\Piotr\AppData\Local\Temp\javacpp39539090910490\msvcp100.dll
0x500e0000 - 0x502e6000 	C:\Users\Piotr\AppData\Local\Temp\javacpp39539090910490\opencv_core249.dll
0x77eb0000 - 0x77ff8000 	C:\Users\Piotr\AppData\Local\Temp\javacpp39539090910490\jniopencv_core.dll
0x77c40000 - 0x77ead000 	C:\Users\Piotr\AppData\Local\Temp\javacpp39539090910490\opencv_imgproc249.dll
0x50060000 - 0x500e0000 	C:\Users\Piotr\AppData\Local\Temp\javacpp39539090910490\jniopencv_imgproc.dll
0x70fc0000 - 0x71ef6000 	C:\Users\Piotr\AppData\Local\Temp\javacpp39539090910490\opencv_ffmpeg249.dll
0x77a30000 - 0x77c37000 	C:\Users\Piotr\AppData\Local\Temp\javacpp39539090910490\opencv_highgui249.dll
0x57240000 - 0x5725a000 	C:\Windows\SYSTEM32\AVIFIL32.dll
0x50030000 - 0x50053000 	C:\Windows\SYSTEM32\MSVFW32.dll
0x50bf0000 - 0x50c04000 	C:\Windows\SYSTEM32\AVICAP32.dll
0x779f0000 - 0x77a2c000 	C:\Users\Piotr\AppData\Local\Temp\javacpp39539090910490\jniopencv_highgui.dll
0x6b0d0000 - 0x6b0e4000 	C:\Windows\SYSTEM32\devenum.dll
0x73750000 - 0x73778000 	C:\Windows\SYSTEM32\ntmarta.dll
0x75520000 - 0x7555d000 	C:\Windows\SYSTEM32\WINTRUST.dll
0x6b0c0000 - 0x6b0cb000 	C:\Windows\SYSTEM32\msdmo.dll
0x779b0000 - 0x779e1000 	C:\Windows\SYSTEM32\qcap.dll
0x77810000 - 0x779af000 	C:\Windows\SYSTEM32\quartz.dll
0x6b080000 - 0x6b0c0000 	C:\Windows\SYSTEM32\ksproxy.ax
0x6b060000 - 0x6b06c000 	C:\Windows\SYSTEM32\vidcap.ax
0x6b040000 - 0x6b05f000 	C:\Windows\SYSTEM32\kswdmcap.ax
0x629c0000 - 0x62ac4000 	C:\Windows\SYSTEM32\MFC42.dll
0x62910000 - 0x629b9000 	C:\Windows\SYSTEM32\ODBC32.dll
0x77780000 - 0x7780e000 	C:\Windows\SYSTEM32\qedit.dll
0x756b0000 - 0x7574b000 	C:\Windows\SYSTEM32\COMDLG32.dll
0x6c9d0000 - 0x6cb40000 	C:\Windows\WinSxS\x86_microsoft.windows.gdiplus_6595b64144ccf1df_1.1.9600.17415_none_dad8722c5bcc2d8f\gdiplus.dll
0x5e750000 - 0x5e83c000 	C:\Windows\SYSTEM32\DDRAW.dll

VM Arguments:
jvm_args: -Dfile.encoding=UTF-8 
java_command: wideokomunikator.main
java_class_path (initial): D:\Programowanie\javacv\javacv-bin\ffmpeg.jar;D:\Programowanie\javacv\javacv-bin\javacpp.jar;D:\Programowanie\javacv\javacv-bin\javacv.jar;D:\Programowanie\javacv\javacv-bin\opencv.jar;C:\Program Files\Java\jdk1.8.0_05\db\lib\derby.jar;C:\Program Files\Java\jdk1.8.0_05\db\lib\derbyclient.jar;C:\Program Files\Java\jdk1.8.0_05\db\lib\derbytools.jar;C:\Program Files\Java\jdk1.8.0_05\db\lib\derbynet.jar;D:\Programowanie\xuggle-xuggler-5.4.jar;D:\Programowanie\slf4j-simple-1.7.10.jar;D:\Programowanie\slf4j-api-1.7.10.jar;D:\Programowanie\javacv\javacv-bin\opencv-linux-x86.jar;D:\Programowanie\javacv\javacv-bin\opencv-linux-x86_64.jar;D:\Programowanie\javacv\javacv-bin\opencv-macosx-x86_64.jar;D:\Programowanie\javacv\javacv-bin\opencv-windows-x86.jar;D:\Programowanie\javacv\javacv-bin\opencv-windows-x86_64.jar;C:\Users\Piotr\Documents\NetBeansProjects\Wideokomunikator\build\classes
Launcher Type: SUN_STANDARD

Environment Variables:
JAVA_HOME=C:\Program Files\Java\jdk1.8.0_05
CLASSPATH=.;C:\PROGRA~2\JMF2.1.1e\lib\sound.jar;C:\PROGRA~2\JMF2.1.1e\lib\jmf.jar;C:\PROGRA~2\JMF2.1.1e\lib;.;.;.;c:\PROGRA~2\java\JMF21~1.1E\lib\sound.jar;c:\PROGRA~2\java\JMF21~1.1E\lib\jmf.jar;c:\PROGRA~2\java\JMF21~1.1E\lib;
PATH=C:\Program Files (x86)\NVIDIA Corporation\PhysX\Common;C:\ProgramData\Oracle\Java\javapath;C:\Python34\;C:\Python34\Scripts;C:\Program Files (x86)\Intel\iCLS Client\;C:\Program Files\Intel\iCLS Client\;C:\Windows\system32;C:\Windows;C:\Windows\System32\Wbem;C:\Windows\System32\WindowsPowerShell\v1.0\;C:\Program Files\Intel\Intel(R) Management Engine Components\DAL;C:\Program Files\Intel\Intel(R) Management Engine Components\IPT;C:\Program Files (x86)\Intel\Intel(R) Management Engine Components\DAL;C:\Program Files (x86)\Intel\Intel(R) Management Engine Components\IPT;C:\Program Files\nodejs\;C:\Windows\Microsoft.NET\Framework\v4.0.30319;C:\Program Files\Microsoft SQL Server\110\Tools\Binn\;C:\Program Files\Java\jdk1.8.0_05\bin;C:\Program Files\apache-ant-1.9.4\bin;%XUGGLE_HOME%\bin;C:\Program Files (x86)\QuickTime\QTSystem\;c:\PROGRA~2\java\JMF21~1.1E\lib;C:\Users\Piotr\AppData\Roaming\npm;C:\Program Files (x86)\Bitvise SSH Client;C:\Program Files\Java\jdk1.8.0_05\bin
USERNAME=Piotr
OS=Windows_NT
PROCESSOR_IDENTIFIER=Intel64 Family 6 Model 60 Stepping 3, GenuineIntel



---------------  S Y S T E M  ---------------

OS: Windows 8.1 , 64 bit Build 9600 

CPU:total 8 (4 cores per cpu, 2 threads per core) family 6 model 60 stepping 3, cmov, cx8, fxsr, mmx, sse, sse2, sse3, ssse3, sse4.1, sse4.2, popcnt, avx, avx2, aes, clmul, erms, lzcnt, ht, tsc, tscinvbit, bmi1, bmi2

Memory: 4k page, physical 15910992k(9990728k free), swap 36390992k(29013752k free)

vm_info: Java HotSpot(TM) Client VM (25.31-b07) for windows-x86 JRE (1.8.0_31-b13), built on Dec 17 2014 20:46:12 by "java_re" with MS VC++ 10.0 (VS2010)

time: Wed Feb 18 19:56:48 2015
elapsed time: 19 seconds (0d 0h 0m 19s)

