#
# A fatal error has been detected by the Java Runtime Environment:
#
#  EXCEPTION_ACCESS_VIOLATION (0xc0000005) at pc=0x0c632cfc, pid=7956, tid=6336
#
# JRE version: Java(TM) SE Runtime Environment (8.0_31-b13) (build 1.8.0_31-b13)
# Java VM: Java HotSpot(TM) Client VM (25.31-b07 mixed mode windows-x86 )
# Problematic frame:
# C  0x0c632cfc
#
# Failed to write core dump. Minidumps are not enabled by default on client versions of Windows
#
# If you would like to submit a bug report, please visit:
#   http://bugreport.java.com/bugreport/crash.jsp
# The crash happened outside the Java Virtual Machine in native code.
# See problematic frame for where to report the bug.
#

---------------  T H R E A D  ---------------

Current thread (0x08574400):  JavaThread "Thread-40" [_thread_in_native, id=6336, stack(0x07210000,0x07260000)]

siginfo: ExceptionCode=0xc0000005, reading address 0xfffffffb

Registers:
EAX=0xfffffffd, EBX=0x00000008, ECX=0x0e79f5b0, EDX=0xfffffffe
ESP=0x0725ef30, EBP=0x00000000, ESI=0x00000160, EDI=0x00000160
EIP=0x0c632cfc, EFLAGS=0x00010206

Top of Stack: (sp=0x0725ef30)
0x0725ef30:   0e79f5b0 fffffffe 00000000 0e5d27a0
0x0725ef40:   00003020 fffffffd 00000000 0c47c8ef
0x0725ef50:   00000160 00000160 00000160 0c3d852a
0x0725ef60:   00000000 00000000 00000140 000000f0
0x0725ef70:   00000029 00000051 00000000 00000000
0x0725ef80:   00000000 00000a70 fffffffe 0dcc65e0
0x0725ef90:   00000000 000000f0 0e61a1e0 0e5ff098
0x0725efa0:   0c7ecd10 0e5d27a0 0e79f5b0 00000160 

Instructions: (pc=0x0c632cfc)
0x0c632cdc:   89 04 24 89 d0 89 4c 24 04 8b 0c 24 89 6c 24 18
0x0c632cec:   8b 54 24 04 66 0f ef ff 66 0f 6f 35 50 5d d9 0c
0x0c632cfc:   f2 0f f0 48 fe 66 0f 6f c1 66 0f 68 cf 66 0f 60
0x0c632d0c:   c7 66 0f 6f d1 66 0f 6f d9 66 0f 6f e1 66 0f 6f 


Register to memory mapping:

EAX=0xfffffffd is an unknown value
EBX=0x00000008 is an unknown value
ECX=0x0e79f5b0 is an unknown value
EDX=0xfffffffe is an unknown value
ESP=0x0725ef30 is pointing into the stack for thread: 0x08574400
EBP=0x00000000 is an unknown value
ESI=0x00000160 is an unknown value
EDI=0x00000160 is an unknown value


Stack: [0x07210000,0x07260000],  sp=0x0725ef30,  free space=315k
Native frames: (J=compiled Java code, j=interpreted, Vv=VM code, C=native code)
C  0x0c632cfc

Java frames: (J=compiled Java code, j=interpreted, Vv=VM code)
j  com.xuggle.xuggler.XugglerJNI.IStreamCoder_decodeVideo(JLcom/xuggle/xuggler/IStreamCoder;JLcom/xuggle/xuggler/IVideoPicture;JLcom/xuggle/xuggler/IPacket;I)I+0
j  com.xuggle.xuggler.IStreamCoder.decodeVideo(Lcom/xuggle/xuggler/IVideoPicture;Lcom/xuggle/xuggler/IPacket;I)I+16
j  wideokomunikator.audiovideo.AudioVideo.decodeVideo(Lcom/xuggle/xuggler/IPacket;I)V+58
j  wideokomunikator.audiovideo.AudioVideo.access$1400(Lwideokomunikator/audiovideo/AudioVideo;Lcom/xuggle/xuggler/IPacket;I)V+3
j  wideokomunikator.audiovideo.AudioVideo$Hendler.run()V+98
v  ~StubRoutines::call_stub

---------------  P R O C E S S  ---------------

Java Threads: ( => current thread )
  0x08576400 JavaThread "Thread-42" [_thread_in_native, id=7780, stack(0x0eda0000,0x0edf0000)]
=>0x08574400 JavaThread "Thread-40" [_thread_in_native, id=6336, stack(0x07210000,0x07260000)]
  0x08575800 JavaThread "Thread-17" [_thread_in_native, id=8876, stack(0x0e510000,0x0e560000)]
  0x08574c00 JavaThread "Thread-16" [_thread_blocked, id=1292, stack(0x0e480000,0x0e4d0000)]
  0x08573c00 JavaThread "Thread-19" [_thread_in_native, id=8860, stack(0x0e3f0000,0x0e440000)]
  0x08575c00 JavaThread "Thread-18" [_thread_in_native, id=6156, stack(0x0e360000,0x0e3b0000)]
  0x08573000 JavaThread "Java Sound Event Dispatcher" daemon [_thread_blocked, id=8796, stack(0x0a860000,0x0a8b0000)]
  0x08573800 JavaThread "derby.rawStoreDaemon" daemon [_thread_blocked, id=7144, stack(0x078e0000,0x07930000)]
  0x08575000 JavaThread "DRDAConnThread_2" daemon [_thread_in_native, id=9164, stack(0x07850000,0x078a0000)]
  0x08576800 JavaThread "NetworkServerThread_1" daemon [_thread_in_native, id=7084, stack(0x076c0000,0x07710000)]
  0x083f7800 JavaThread "derby.NetworkServerStarter" daemon [_thread_blocked, id=828, stack(0x07630000,0x07680000)]
  0x04d1bc00 JavaThread "Timer-0" daemon [_thread_blocked, id=4720, stack(0x074a0000,0x074f0000)]
  0x0833f000 JavaThread "D3D Screen Updater" daemon [_thread_blocked, id=5712, stack(0x09620000,0x09670000)]
  0x026dc800 JavaThread "DestroyJavaVM" [_thread_blocked, id=4092, stack(0x00e60000,0x00eb0000)]
  0x05514400 JavaThread "Thread-4" [_thread_in_native, id=2524, stack(0x08bb0000,0x08c00000)]
  0x0550d400 JavaThread "Thread-3" [_thread_blocked, id=7504, stack(0x08b20000,0x08b70000)]
  0x053f4000 JavaThread "TimerQueue" daemon [_thread_blocked, id=6448, stack(0x07b90000,0x07be0000)]
  0x053c2400 JavaThread "AWT-EventQueue-0" [_thread_blocked, id=3480, stack(0x07b00000,0x07b50000)]
  0x05373000 JavaThread "AWT-Windows" daemon [_thread_in_native, id=6320, stack(0x05c10000,0x05c60000)]
  0x0534ac00 JavaThread "AWT-Shutdown" [_thread_blocked, id=8816, stack(0x05b80000,0x05bd0000)]
  0x0534a400 JavaThread "Java2D Disposer" daemon [_thread_blocked, id=3076, stack(0x05af0000,0x05b40000)]
  0x04bc3400 JavaThread "Service Thread" daemon [_thread_blocked, id=1076, stack(0x050a0000,0x050f0000)]
  0x04bca800 JavaThread "C1 CompilerThread0" daemon [_thread_blocked, id=5392, stack(0x05010000,0x05060000)]
  0x04bc9800 JavaThread "Attach Listener" daemon [_thread_blocked, id=6452, stack(0x04f80000,0x04fd0000)]
  0x04bc7800 JavaThread "Signal Dispatcher" daemon [_thread_blocked, id=5536, stack(0x04ef0000,0x04f40000)]
  0x04b96800 JavaThread "Finalizer" daemon [_thread_blocked, id=5728, stack(0x04e60000,0x04eb0000)]
  0x010ce800 JavaThread "Reference Handler" daemon [_thread_blocked, id=7532, stack(0x04dd0000,0x04e20000)]

Other Threads:
  0x010cd000 VMThread [stack: 0x04b40000,0x04b90000] [id=8732]
  0x04be3800 WatcherThread [stack: 0x05130000,0x05180000] [id=7428]

VM state:not at safepoint (normal execution)

VM Mutex/Monitor currently owned by a thread: None

Heap:
 def new generation   total 78656K, used 16935K [0x0f200000, 0x14750000, 0x14750000)
  eden space 69952K,  12% used [0x0f200000, 0x0fa7fa08, 0x13650000)
  from space 8704K,  94% used [0x13650000, 0x13e5a230, 0x13ed0000)
  to   space 8704K,   0% used [0x13ed0000, 0x13ed0000, 0x14750000)
 tenured generation   total 174784K, used 128069K [0x14750000, 0x1f200000, 0x1f200000)
   the space 174784K,  73% used [0x14750000, 0x1c4615e0, 0x1c461600, 0x1f200000)
 Metaspace       used 18537K, capacity 18744K, committed 18816K, reserved 18816K

Card table byte_map: [0x025d0000,0x02660000] byte_map_base: 0x02557000

Polling page: 0x00e20000

CodeCache: size=32768Kb used=1978Kb max_used=1978Kb free=30789Kb
 bounds [0x026e0000, 0x028d0000, 0x046e0000]
 total_blobs=1283 nmethods=897 adapters=317
 compilation: enabled

Compilation events (10 events):
Event: 12.662 Thread 0x04bca800  912             sun.misc.Unsafe::getAndAddInt (27 bytes)
Event: 12.662 Thread 0x04bca800 nmethod 912 0x028ccd88 code [0x028cce80, 0x028ccf40]
Event: 12.742 Thread 0x04bca800  913             java.lang.Class::checkMemberAccess (49 bytes)
Event: 12.742 Thread 0x04bca800 nmethod 913 0x028ccfc8 code [0x028cd0f0, 0x028cd250]
Event: 12.810 Thread 0x04bca800  914             java.nio.Buffer::limit (62 bytes)
Event: 12.810 Thread 0x04bca800 nmethod 914 0x02830788 code [0x02830890, 0x028309ac]
Event: 12.902 Thread 0x04bca800  915             java.util.concurrent.locks.ReentrantLock$NonfairSync::lock (25 bytes)
Event: 12.903 Thread 0x04bca800 nmethod 915 0x0285c808 code [0x0285c930, 0x0285ca90]
Event: 13.034 Thread 0x04bca800  916             com.xuggle.ferry.JNIMemoryManager::getMgr (4 bytes)
Event: 13.034 Thread 0x04bca800 nmethod 916 0x0285c648 code [0x0285c740, 0x0285c7b0]

GC Heap History (10 events):
Event: 4.667 GC heap before
{Heap before GC invocations=27 (full 2):
 def new generation   total 69312K, used 64086K [0x0f200000, 0x13d30000, 0x14750000)
  eden space 61632K, 100% used [0x0f200000, 0x12e30000, 0x12e30000)
  from space 7680K,  31% used [0x135b0000, 0x13815ba0, 0x13d30000)
  to   space 7680K,   0% used [0x12e30000, 0x12e30000, 0x135b0000)
 tenured generation   total 153856K, used 116777K [0x14750000, 0x1dd90000, 0x1f200000)
   the space 153856K,  75% used [0x14750000, 0x1b95a5d8, 0x1b95a600, 0x1dd90000)
 Metaspace       used 8988K, capacity 9119K, committed 9216K, reserved 9600K
Event: 4.668 GC heap after
Heap after GC invocations=28 (full 2):
 def new generation   total 69312K, used 2454K [0x0f200000, 0x13d30000, 0x14750000)
  eden space 61632K,   0% used [0x0f200000, 0x0f200000, 0x12e30000)
  from space 7680K,  31% used [0x12e30000, 0x13095ba0, 0x135b0000)
  to   space 7680K,   0% used [0x135b0000, 0x135b0000, 0x13d30000)
 tenured generation   total 153856K, used 116777K [0x14750000, 0x1dd90000, 0x1f200000)
   the space 153856K,  75% used [0x14750000, 0x1b95a5d8, 0x1b95a600, 0x1dd90000)
 Metaspace       used 8988K, capacity 9119K, committed 9216K, reserved 9600K
}
Event: 5.959 GC heap before
{Heap before GC invocations=28 (full 2):
 def new generation   total 69312K, used 64086K [0x0f200000, 0x13d30000, 0x14750000)
  eden space 61632K, 100% used [0x0f200000, 0x12e30000, 0x12e30000)
  from space 7680K,  31% used [0x12e30000, 0x13095ba0, 0x135b0000)
  to   space 7680K,   0% used [0x135b0000, 0x135b0000, 0x13d30000)
 tenured generation   total 153856K, used 116777K [0x14750000, 0x1dd90000, 0x1f200000)
   the space 153856K,  75% used [0x14750000, 0x1b95a5d8, 0x1b95a600, 0x1dd90000)
 Metaspace       used 12325K, capacity 12491K, committed 12544K, reserved 12672K
Event: 5.964 GC heap after
Heap after GC invocations=29 (full 2):
 def new generation   total 69312K, used 2989K [0x0f200000, 0x13d30000, 0x14750000)
  eden space 61632K,   0% used [0x0f200000, 0x0f200000, 0x12e30000)
  from space 7680K,  38% used [0x135b0000, 0x1389b590, 0x13d30000)
  to   space 7680K,   0% used [0x12e30000, 0x12e30000, 0x135b0000)
 tenured generation   total 153856K, used 116777K [0x14750000, 0x1dd90000, 0x1f200000)
   the space 153856K,  75% used [0x14750000, 0x1b95a5d8, 0x1b95a600, 0x1dd90000)
 Metaspace       used 12325K, capacity 12491K, committed 12544K, reserved 12672K
}
Event: 6.298 GC heap before
{Heap before GC invocations=29 (full 2):
 def new generation   total 69312K, used 22688K [0x0f200000, 0x13d30000, 0x14750000)
  eden space 61632K,  31% used [0x0f200000, 0x1053cde8, 0x12e30000)
  from space 7680K,  38% used [0x135b0000, 0x1389b590, 0x13d30000)
  to   space 7680K,   0% used [0x12e30000, 0x12e30000, 0x135b0000)
 tenured generation   total 153856K, used 116777K [0x14750000, 0x1dd90000, 0x1f200000)
   the space 153856K,  75% used [0x14750000, 0x1b95a5d8, 0x1b95a600, 0x1dd90000)
 Metaspace       used 14955K, capacity 15083K, committed 15148K, reserved 15744K
Event: 6.320 GC heap after
Heap after GC invocations=30 (full 3):
 def new generation   total 78656K, used 0K [0x0f200000, 0x14750000, 0x14750000)
  eden space 69952K,   0% used [0x0f200000, 0x0f200000, 0x13650000)
  from space 8704K,   0% used [0x13650000, 0x13650000, 0x13ed0000)
  to   space 8704K,   0% used [0x13ed0000, 0x13ed0000, 0x14750000)
 tenured generation   total 174784K, used 120705K [0x14750000, 0x1f200000, 0x1f200000)
   the space 174784K,  69% used [0x14750000, 0x1bd305d8, 0x1bd30600, 0x1f200000)
 Metaspace       used 14955K, capacity 15083K, committed 15148K, reserved 15744K
}
Event: 11.914 GC heap before
{Heap before GC invocations=30 (full 3):
 def new generation   total 78656K, used 69642K [0x0f200000, 0x14750000, 0x14750000)
  eden space 69952K,  99% used [0x0f200000, 0x136028e0, 0x13650000)
  from space 8704K,   0% used [0x13650000, 0x13650000, 0x13ed0000)
  to   space 8704K,   0% used [0x13ed0000, 0x13ed0000, 0x14750000)
 tenured generation   total 174784K, used 120705K [0x14750000, 0x1f200000, 0x1f200000)
   the space 174784K,  69% used [0x14750000, 0x1bd305d8, 0x1bd30600, 0x1f200000)
 Metaspace       used 18534K, capacity 18741K, committed 18816K, reserved 18816K
Event: 11.924 GC heap after
Heap after GC invocations=31 (full 3):
 def new generation   total 78656K, used 8704K [0x0f200000, 0x14750000, 0x14750000)
  eden space 69952K,   0% used [0x0f200000, 0x0f200000, 0x13650000)
  from space 8704K, 100% used [0x13ed0000, 0x14750000, 0x14750000)
  to   space 8704K,   0% used [0x13650000, 0x13650000, 0x13ed0000)
 tenured generation   total 174784K, used 123957K [0x14750000, 0x1f200000, 0x1f200000)
   the space 174784K,  70% used [0x14750000, 0x1c05d7d8, 0x1c05d800, 0x1f200000)
 Metaspace       used 18534K, capacity 18741K, committed 18816K, reserved 18816K
}
Event: 13.027 GC heap before
{Heap before GC invocations=31 (full 3):
 def new generation   total 78656K, used 78067K [0x0f200000, 0x14750000, 0x14750000)
  eden space 69952K,  99% used [0x0f200000, 0x135bcf28, 0x13650000)
  from space 8704K, 100% used [0x13ed0000, 0x14750000, 0x14750000)
  to   space 8704K,   0% used [0x13650000, 0x13650000, 0x13ed0000)
 tenured generation   total 174784K, used 123957K [0x14750000, 0x1f200000, 0x1f200000)
   the space 174784K,  70% used [0x14750000, 0x1c05d7d8, 0x1c05d800, 0x1f200000)
 Metaspace       used 18537K, capacity 18744K, committed 18816K, reserved 18816K
Event: 13.034 GC heap after
Heap after GC invocations=32 (full 3):
 def new generation   total 78656K, used 8232K [0x0f200000, 0x14750000, 0x14750000)
  eden space 69952K,   0% used [0x0f200000, 0x0f200000, 0x13650000)
  from space 8704K,  94% used [0x13650000, 0x13e5a230, 0x13ed0000)
  to   space 8704K,   0% used [0x13ed0000, 0x13ed0000, 0x14750000)
 tenured generation   total 174784K, used 128069K [0x14750000, 0x1f200000, 0x1f200000)
   the space 174784K,  73% used [0x14750000, 0x1c4615e0, 0x1c461600, 0x1f200000)
 Metaspace       used 18537K, capacity 18744K, committed 18816K, reserved 18816K
}

Deoptimization events (0 events):
No events

Internal exceptions (10 events):
Event: 11.512 Thread 0x08575800 Exception <a 'java/security/PrivilegedActionException'> (0x115bad38) thrown at [C:\re\workspace\8-2-build-windows-i586-cygwin\jdk8u31\2394\hotspot\src\share\vm\prims\jvm.cpp, line 1312]
Event: 11.512 Thread 0x08575800 Exception <a 'java/security/PrivilegedActionException'> (0x115c4cd8) thrown at [C:\re\workspace\8-2-build-windows-i586-cygwin\jdk8u31\2394\hotspot\src\share\vm\prims\jvm.cpp, line 1312]
Event: 11.512 Thread 0x08575800 Exception <a 'java/security/PrivilegedActionException'> (0x1173d268) thrown at [C:\re\workspace\8-2-build-windows-i586-cygwin\jdk8u31\2394\hotspot\src\share\vm\prims\jvm.cpp, line 1312]
Event: 11.513 Thread 0x08575800 Exception <a 'java/security/PrivilegedActionException'> (0x11744008) thrown at [C:\re\workspace\8-2-build-windows-i586-cygwin\jdk8u31\2394\hotspot\src\share\vm\prims\jvm.cpp, line 1312]
Event: 11.513 Thread 0x08575800 Exception <a 'java/security/PrivilegedActionException'> (0x1174c380) thrown at [C:\re\workspace\8-2-build-windows-i586-cygwin\jdk8u31\2394\hotspot\src\share\vm\prims\jvm.cpp, line 1312]
Event: 11.513 Thread 0x08575800 Exception <a 'java/security/PrivilegedActionException'> (0x11753f58) thrown at [C:\re\workspace\8-2-build-windows-i586-cygwin\jdk8u31\2394\hotspot\src\share\vm\prims\jvm.cpp, line 1312]
Event: 11.514 Thread 0x08575800 Exception <a 'java/security/PrivilegedActionException'> (0x11761e38) thrown at [C:\re\workspace\8-2-build-windows-i586-cygwin\jdk8u31\2394\hotspot\src\share\vm\prims\jvm.cpp, line 1312]
Event: 11.519 Thread 0x08575800 Exception <a 'java/security/PrivilegedActionException'> (0x118e9c00) thrown at [C:\re\workspace\8-2-build-windows-i586-cygwin\jdk8u31\2394\hotspot\src\share\vm\prims\jvm.cpp, line 1312]
Event: 11.519 Thread 0x08575800 Exception <a 'java/security/PrivilegedActionException'> (0x118f0f00) thrown at [C:\re\workspace\8-2-build-windows-i586-cygwin\jdk8u31\2394\hotspot\src\share\vm\prims\jvm.cpp, line 1312]
Event: 11.548 Thread 0x08573c00 Exception <a 'java/security/PrivilegedActionException'> (0x115d7ea8) thrown at [C:\re\workspace\8-2-build-windows-i586-cygwin\jdk8u31\2394\hotspot\src\share\vm\prims\jvm.cpp, line 1312]

Events (10 events):
Event: 12.902 Executing VM operation: RevokeBias done
Event: 12.902 Thread 0x08574400 Thread exited: 0x08574400
Event: 12.980 Thread 0x08576400 Thread added: 0x08576400
Event: 12.982 Executing VM operation: BulkRevokeBias
Event: 12.982 Executing VM operation: BulkRevokeBias done
Event: 12.982 Thread 0x08576400 Thread exited: 0x08576400
Event: 13.027 Executing VM operation: GenCollectForAllocation
Event: 13.034 Executing VM operation: GenCollectForAllocation done
Event: 13.199 Thread 0x08574400 Thread added: 0x08574400
Event: 13.199 Thread 0x08576400 Thread added: 0x08576400


Dynamic libraries:
0x01120000 - 0x01150000 	C:\Program Files (x86)\Java\jdk1.8.0_31\bin\java.exe
0x777e0000 - 0x7794e000 	C:\Windows\SYSTEM32\ntdll.dll
0x76cb0000 - 0x76df0000 	C:\Windows\SYSTEM32\KERNEL32.DLL
0x76fc0000 - 0x77097000 	C:\Windows\SYSTEM32\KERNELBASE.dll
0x62bd0000 - 0x62c70000 	C:\Windows\system32\apphelp.dll
0x64770000 - 0x649d5000 	C:\Windows\AppPatch\AcGenral.DLL
0x76b30000 - 0x76bf3000 	C:\Windows\SYSTEM32\msvcrt.dll
0x768b0000 - 0x768f1000 	C:\Windows\SYSTEM32\sechost.dll
0x74fe0000 - 0x74ffe000 	C:\Windows\SYSTEM32\SspiCli.dll
0x76ee0000 - 0x76f25000 	C:\Windows\SYSTEM32\SHLWAPI.dll
0x74560000 - 0x7464d000 	C:\Windows\SYSTEM32\UxTheme.dll
0x770a0000 - 0x771f3000 	C:\Windows\SYSTEM32\USER32.dll
0x775e0000 - 0x776ee000 	C:\Windows\SYSTEM32\GDI32.dll
0x6d340000 - 0x6d363000 	C:\Windows\SYSTEM32\WINMM.dll
0x6cdd0000 - 0x6cde3000 	C:\Windows\SYSTEM32\samcli.dll
0x77360000 - 0x77488000 	C:\Windows\SYSTEM32\ole32.dll
0x76c00000 - 0x76c95000 	C:\Windows\SYSTEM32\OLEAUT32.dll
0x62760000 - 0x62777000 	C:\Windows\SYSTEM32\MSACM32.dll
0x74f30000 - 0x74f38000 	C:\Windows\SYSTEM32\VERSION.dll
0x755f0000 - 0x7689c000 	C:\Windows\SYSTEM32\SHELL32.dll
0x74c00000 - 0x74c1b000 	C:\Windows\SYSTEM32\USERENV.dll
0x6d2c0000 - 0x6d2da000 	C:\Windows\SYSTEM32\dwmapi.dll
0x6ce50000 - 0x6cf9a000 	C:\Windows\SYSTEM32\urlmon.dll
0x75560000 - 0x755dc000 	C:\Windows\SYSTEM32\ADVAPI32.dll
0x6d4e0000 - 0x6d545000 	C:\Windows\SYSTEM32\WINSPOOL.DRV
0x73d50000 - 0x73d66000 	C:\Windows\SYSTEM32\MPR.dll
0x77490000 - 0x7754a000 	C:\Windows\SYSTEM32\RPCRT4.dll
0x74fd0000 - 0x74fda000 	C:\Windows\SYSTEM32\CRYPTBASE.dll
0x751c0000 - 0x7533d000 	C:\Windows\SYSTEM32\combase.dll
0x6d310000 - 0x6d333000 	C:\Windows\SYSTEM32\WINMMBASE.dll
0x742e0000 - 0x742ef000 	C:\Windows\SYSTEM32\profapi.dll
0x740a0000 - 0x742d2000 	C:\Windows\SYSTEM32\iertutil.dll
0x74380000 - 0x74555000 	C:\Windows\SYSTEM32\WININET.dll
0x74f70000 - 0x74fc4000 	C:\Windows\SYSTEM32\bcryptPrimitives.dll
0x76f30000 - 0x76f6c000 	C:\Windows\SYSTEM32\cfgmgr32.dll
0x6d2e0000 - 0x6d301000 	C:\Windows\SYSTEM32\DEVOBJ.dll
0x74ea0000 - 0x74f2b000 	C:\Windows\SYSTEM32\SHCORE.DLL
0x75190000 - 0x751b7000 	C:\Windows\system32\IMM32.DLL
0x77240000 - 0x77353000 	C:\Windows\SYSTEM32\MSCTF.dll
0x74f40000 - 0x74f6e000 	C:\Windows\SYSTEM32\nvinit.dll
0x0f000000 - 0x0f006000 	C:\Program Files (x86)\NVIDIA Corporation\CoProcManager\_etoured.dll
0x74e70000 - 0x74e9b000 	C:\Program Files (x86)\NVIDIA Corporation\CoProcManager\nvd3d9wrap.dll
0x76910000 - 0x76ac1000 	C:\Windows\SYSTEM32\SETUPAPI.dll
0x74e50000 - 0x74e6f000 	C:\Program Files (x86)\NVIDIA Corporation\CoProcManager\nvdxgiwrap.dll
0x749e0000 - 0x74be6000 	C:\Windows\WinSxS\x86_microsoft.windows.common-controls_6595b64144ccf1df_6.0.9600.17415_none_a9ed7f470139b3c1\COMCTL32.dll
0x74dd0000 - 0x74e4d000 	C:\Program Files (x86)\AVG\AVG2015\avghookx.dll
0x646b0000 - 0x6476f000 	C:\Program Files (x86)\Java\jdk1.8.0_31\jre\bin\msvcr100.dll
0x64300000 - 0x646a4000 	C:\Program Files (x86)\Java\jdk1.8.0_31\jre\bin\client\jvm.dll
0x73e50000 - 0x73e58000 	C:\Windows\SYSTEM32\WSOCK32.dll
0x75340000 - 0x75346000 	C:\Windows\SYSTEM32\PSAPI.DLL
0x76f70000 - 0x76fc0000 	C:\Windows\SYSTEM32\WS2_32.dll
0x76900000 - 0x76907000 	C:\Windows\SYSTEM32\NSI.dll
0x642f0000 - 0x642fc000 	C:\Program Files (x86)\Java\jdk1.8.0_31\jre\bin\verify.dll
0x642c0000 - 0x642e1000 	C:\Program Files (x86)\Java\jdk1.8.0_31\jre\bin\java.dll
0x642a0000 - 0x642b3000 	C:\Program Files (x86)\Java\jdk1.8.0_31\jre\bin\zip.dll
0x64150000 - 0x64296000 	C:\Program Files (x86)\Java\jdk1.8.0_31\jre\bin\awt.dll
0x73f00000 - 0x73f09000 	C:\Windows\SYSTEM32\kernel.appcore.dll
0x673d0000 - 0x675a3000 	C:\Windows\system32\d3d9.dll
0x67110000 - 0x671ee000 	C:\Windows\SYSTEM32\nvumdshim.dll
0x5d820000 - 0x5eefe000 	C:\Windows\system32\igdumdim32.dll
0x66140000 - 0x669b8000 	C:\Windows\SYSTEM32\igdusc32.dll
0x64110000 - 0x64149000 	C:\Program Files (x86)\Java\jdk1.8.0_31\jre\bin\fontmanager.dll
0x640f0000 - 0x64105000 	C:\Program Files (x86)\Java\jdk1.8.0_31\jre\bin\net.dll
0x6d060000 - 0x6d0ab000 	C:\Windows\system32\mswsock.dll
0x640e0000 - 0x640ef000 	C:\Program Files (x86)\Java\jdk1.8.0_31\jre\bin\nio.dll
0x640b0000 - 0x640e0000 	C:\Program Files (x86)\Java\jdk1.8.0_31\jre\bin\t2k.dll
0x64090000 - 0x640b0000 	C:\Program Files (x86)\Java\jdk1.8.0_31\jre\bin\sunec.dll
0x64080000 - 0x64089000 	C:\Program Files (x86)\Java\jdk1.8.0_31\jre\bin\sunmscapi.dll
0x75000000 - 0x75188000 	C:\Windows\SYSTEM32\CRYPT32.dll
0x76ca0000 - 0x76cae000 	C:\Windows\SYSTEM32\MSASN1.dll
0x6f1d0000 - 0x6f1e9000 	C:\Windows\SYSTEM32\CRYPTSP.dll
0x6f1a0000 - 0x6f1d0000 	C:\Windows\system32\rsaenh.dll
0x6f180000 - 0x6f19e000 	C:\Windows\SYSTEM32\bcrypt.dll
0x74ce0000 - 0x74d00000 	C:\Windows\SYSTEM32\IPHLPAPI.DLL
0x74370000 - 0x74378000 	C:\Windows\SYSTEM32\WINNSI.DLL
0x77550000 - 0x775dd000 	C:\Windows\SYSTEM32\clbcatq.dll
0x6c050000 - 0x6c063000 	C:\Windows\SYSTEM32\dhcpcsvc6.DLL
0x6c030000 - 0x6c044000 	C:\Windows\SYSTEM32\dhcpcsvc.DLL
0x74860000 - 0x74871000 	C:\Windows\system32\napinsp.dll
0x74840000 - 0x74856000 	C:\Windows\system32\pnrpnsp.dll
0x74d00000 - 0x74d14000 	C:\Windows\system32\NLAapi.dll
0x6c1b0000 - 0x6c22e000 	C:\Windows\SYSTEM32\DNSAPI.dll
0x74830000 - 0x7483a000 	C:\Windows\System32\winrnr.dll
0x74820000 - 0x74830000 	C:\Windows\system32\wshbth.dll
0x6c180000 - 0x6c1a1000 	C:\Program Files (x86)\Bonjour\mdnsNSP.dll
0x6c170000 - 0x6c178000 	C:\Windows\System32\rasadhlp.dll
0x6c120000 - 0x6c166000 	C:\Windows\System32\fwpuclnt.dll
0x64050000 - 0x64075000 	C:\Program Files (x86)\Java\jdk1.8.0_31\jre\bin\jpeg.dll
0x57ae0000 - 0x57c4b000 	C:\Windows\SYSTEM32\WindowsCodecs.dll
0x64040000 - 0x6404a000 	C:\Program Files (x86)\Java\jdk1.8.0_31\jre\bin\management.dll
0x64030000 - 0x6403a000 	C:\Program Files (x86)\Java\jdk1.8.0_31\jre\bin\jsound.dll
0x64020000 - 0x64029000 	C:\Program Files (x86)\Java\jdk1.8.0_31\jre\bin\jsoundds.dll
0x5d610000 - 0x5d691000 	C:\Windows\SYSTEM32\DSOUND.dll
0x74c20000 - 0x74c60000 	C:\Windows\SYSTEM32\POWRPROF.dll
0x746d0000 - 0x74723000 	C:\Windows\SYSTEM32\MMDevAPI.DLL
0x62380000 - 0x623b6000 	C:\Windows\SYSTEM32\wdmaud.drv
0x74780000 - 0x74787000 	C:\Windows\SYSTEM32\ksuser.dll
0x74740000 - 0x7474a000 	C:\Windows\SYSTEM32\AVRT.dll
0x74c60000 - 0x74cc0000 	C:\Windows\SYSTEM32\AUDIOSES.DLL
0x6bd40000 - 0x6bd49000 	C:\Windows\SYSTEM32\msacm32.drv
0x626b0000 - 0x626b8000 	C:\Windows\SYSTEM32\midimap.dll
0x63f60000 - 0x6401e000 	C:\Users\Piotr\AppData\Local\Temp\javacpp2141251377470\msvcr100.dll
0x63ef0000 - 0x63f59000 	C:\Users\Piotr\AppData\Local\Temp\javacpp2141251377470\msvcp100.dll
0x63ce0000 - 0x63ee6000 	C:\Users\Piotr\AppData\Local\Temp\javacpp2141251377470\opencv_core249.dll
0x63b90000 - 0x63cd8000 	C:\Users\Piotr\AppData\Local\Temp\javacpp2141251377470\jniopencv_core.dll
0x504c0000 - 0x5072d000 	C:\Users\Piotr\AppData\Local\Temp\javacpp2141251377470\opencv_imgproc249.dll
0x63b10000 - 0x63b90000 	C:\Users\Piotr\AppData\Local\Temp\javacpp2141251377470\jniopencv_imgproc.dll
0x70fc0000 - 0x71ef6000 	C:\Users\Piotr\AppData\Local\Temp\javacpp2141251377470\opencv_ffmpeg249.dll
0x502b0000 - 0x504b7000 	C:\Users\Piotr\AppData\Local\Temp\javacpp2141251377470\opencv_highgui249.dll
0x63af0000 - 0x63b0a000 	C:\Windows\SYSTEM32\AVIFIL32.dll
0x63ac0000 - 0x63ae3000 	C:\Windows\SYSTEM32\MSVFW32.dll
0x63aa0000 - 0x63ab4000 	C:\Windows\SYSTEM32\AVICAP32.dll
0x5d5d0000 - 0x5d60c000 	C:\Users\Piotr\AppData\Local\Temp\javacpp2141251377470\jniopencv_highgui.dll
0x747e0000 - 0x747f4000 	C:\Windows\SYSTEM32\devenum.dll
0x74060000 - 0x74088000 	C:\Windows\SYSTEM32\ntmarta.dll
0x77200000 - 0x7723d000 	C:\Windows\SYSTEM32\WINTRUST.dll
0x747d0000 - 0x747db000 	C:\Windows\SYSTEM32\msdmo.dll
0x5d590000 - 0x5d5c1000 	C:\Windows\SYSTEM32\qcap.dll
0x50110000 - 0x502af000 	C:\Windows\SYSTEM32\quartz.dll
0x74790000 - 0x747d0000 	C:\Windows\SYSTEM32\ksproxy.ax
0x74770000 - 0x7477c000 	C:\Windows\SYSTEM32\vidcap.ax
0x74750000 - 0x7476f000 	C:\Windows\SYSTEM32\kswdmcap.ax
0x73f50000 - 0x74054000 	C:\Windows\SYSTEM32\MFC42.dll
0x73da0000 - 0x73e49000 	C:\Windows\SYSTEM32\ODBC32.dll
0x5d500000 - 0x5d58e000 	C:\Windows\SYSTEM32\qedit.dll
0x75350000 - 0x753eb000 	C:\Windows\SYSTEM32\COMDLG32.dll
0x6d370000 - 0x6d4e0000 	C:\Windows\WinSxS\x86_microsoft.windows.gdiplus_6595b64144ccf1df_1.1.9600.17415_none_dad8722c5bcc2d8f\gdiplus.dll
0x620f0000 - 0x621dc000 	C:\Windows\SYSTEM32\DDRAW.dll

VM Arguments:
jvm_args: -Dfile.encoding=UTF-8 
java_command: wideokomunikator.main
java_class_path (initial): D:\Programowanie\javacv\javacv-bin\ffmpeg.jar;D:\Programowanie\javacv\javacv-bin\javacpp.jar;D:\Programowanie\javacv\javacv-bin\javacv.jar;D:\Programowanie\javacv\javacv-bin\opencv.jar;C:\Program Files\Java\jdk1.8.0_05\db\lib\derby.jar;C:\Program Files\Java\jdk1.8.0_05\db\lib\derbyclient.jar;C:\Program Files\Java\jdk1.8.0_05\db\lib\derbytools.jar;C:\Program Files\Java\jdk1.8.0_05\db\lib\derbynet.jar;D:\Programowanie\xuggle-xuggler-5.4.jar;D:\Programowanie\slf4j-simple-1.7.10.jar;D:\Programowanie\slf4j-api-1.7.10.jar;D:\Programowanie\javacv\javacv-bin\opencv-linux-x86.jar;D:\Programowanie\javacv\javacv-bin\opencv-linux-x86_64.jar;D:\Programowanie\javacv\javacv-bin\opencv-macosx-x86_64.jar;D:\Programowanie\javacv\javacv-bin\opencv-windows-x86.jar;D:\Programowanie\javacv\javacv-bin\opencv-windows-x86_64.jar;C:\Users\Piotr\Documents\NetBeansProjects\Wideokomunikator\build\classes
Launcher Type: SUN_STANDARD

Environment Variables:
JAVA_HOME=C:\Program Files\Java\jdk1.8.0_05
CLASSPATH=.;C:\PROGRA~2\JMF2.1.1e\lib\sound.jar;C:\PROGRA~2\JMF2.1.1e\lib\jmf.jar;C:\PROGRA~2\JMF2.1.1e\lib;.;.;.;c:\PROGRA~2\java\JMF21~1.1E\lib\sound.jar;c:\PROGRA~2\java\JMF21~1.1E\lib\jmf.jar;c:\PROGRA~2\java\JMF21~1.1E\lib;
PATH=C:\Program Files (x86)\NVIDIA Corporation\PhysX\Common;C:\ProgramData\Oracle\Java\javapath;C:\Python34\;C:\Python34\Scripts;C:\Program Files (x86)\Intel\iCLS Client\;C:\Program Files\Intel\iCLS Client\;C:\Windows\system32;C:\Windows;C:\Windows\System32\Wbem;C:\Windows\System32\WindowsPowerShell\v1.0\;C:\Program Files\Intel\Intel(R) Management Engine Components\DAL;C:\Program Files\Intel\Intel(R) Management Engine Components\IPT;C:\Program Files (x86)\Intel\Intel(R) Management Engine Components\DAL;C:\Program Files (x86)\Intel\Intel(R) Management Engine Components\IPT;C:\Program Files\nodejs\;C:\Windows\Microsoft.NET\Framework\v4.0.30319;C:\Program Files\Microsoft SQL Server\110\Tools\Binn\;C:\Program Files\Java\jdk1.8.0_05\bin;C:\Program Files\apache-ant-1.9.4\bin;C:\Program Files (x86)\QuickTime\QTSystem\;c:\PROGRA~2\java\JMF21~1.1E\lib;C:\Users\Piotr\AppData\Roaming\npm;C:\Program Files (x86)\Bitvise SSH Client;C:\Program Files\Java\jdk1.8.0_05\bin
USERNAME=Piotr
OS=Windows_NT
PROCESSOR_IDENTIFIER=Intel64 Family 6 Model 60 Stepping 3, GenuineIntel



---------------  S Y S T E M  ---------------

OS: Windows 8.1 , 64 bit Build 9600 

CPU:total 8 (4 cores per cpu, 2 threads per core) family 6 model 60 stepping 3, cmov, cx8, fxsr, mmx, sse, sse2, sse3, ssse3, sse4.1, sse4.2, popcnt, avx, avx2, aes, clmul, erms, lzcnt, ht, tsc, tscinvbit, bmi1, bmi2

Memory: 4k page, physical 15910992k(11080508k free), swap 36390992k(30474248k free)

vm_info: Java HotSpot(TM) Client VM (25.31-b07) for windows-x86 JRE (1.8.0_31-b13), built on Dec 17 2014 20:46:12 by "java_re" with MS VC++ 10.0 (VS2010)

time: Fri Feb 27 09:01:25 2015
elapsed time: 13 seconds (0d 0h 0m 13s)

