#
# A fatal error has been detected by the Java Runtime Environment:
#
#  EXCEPTION_ACCESS_VIOLATION (0xc0000005) at pc=0x0bf4119a, pid=5964, tid=2528
#
# JRE version: Java(TM) SE Runtime Environment (8.0_31-b13) (build 1.8.0_31-b13)
# Java VM: Java HotSpot(TM) Client VM (25.31-b07 mixed mode windows-x86 )
# Problematic frame:
# C  [xuggle8396659444753471830.dll+0x30119a]
#
# Failed to write core dump. Minidumps are not enabled by default on client versions of Windows
#
# If you would like to submit a bug report, please visit:
#   http://bugreport.java.com/bugreport/crash.jsp
# The crash happened outside the Java Virtual Machine in native code.
# See problematic frame for where to report the bug.
#

---------------  T H R E A D  ---------------

Current thread (0x09417c00):  JavaThread "Thread-27" [_thread_in_native, id=2528, stack(0x21f60000,0x21fb0000)]

siginfo: ExceptionCode=0xc0000005, reading address 0xc7f9ee36

Registers:
EAX=0x00000000, EBX=0x21faecf8, ECX=0x00000000, EDX=0xc7f9ee36
ESP=0x21faea70, EBP=0xc7f9ee36, ESI=0x41444eec, EDI=0x20ae49c0
EIP=0x0bf4119a, EFLAGS=0x00010246

Top of Stack: (sp=0x21faea70)
0x21faea70:   031703b2 21faf130 0941e4c0 21faec00
0x21faea80:   21faeafc 02f06b85 0941e4c0 00000000
0x21faea90:   21faec78 09417c00 02f07451 09417c00
0x21faeaa0:   091fd688 21faec78 09417c00 095302b8
0x21faeab0:   05319f88 11dbd250 21faf130 0317be21
0x21faeac0:   21faf180 21faec78 09417c00 091fd6e8
0x21faead0:   08f59540 08f59550 08f59634 000000ec
0x21faeae0:   20ae6ea0 05319f88 09417c00 0000000a 

Instructions: (pc=0x0bf4119a)
0x0bf4117a:   00 89 84 24 80 00 00 00 89 5c 24 70 8b 9c 24 60
0x0bf4118a:   02 00 00 8b 4b 08 8b 13 89 c8 83 e1 07 c1 e8 03
0x0bf4119a:   8b 04 02 0f c8 d3 e0 c1 e8 f4 3d ff 0f 00 00 0f
0x0bf411aa:   84 bf 12 00 00 8b 5c 24 70 c7 84 24 90 00 00 00 


Register to memory mapping:

EAX=0x00000000 is an unknown value
EBX=0x21faecf8 is pointing into the stack for thread: 0x09417c00
ECX=0x00000000 is an unknown value
EDX=0xc7f9ee36 is an unknown value
ESP=0x21faea70 is pointing into the stack for thread: 0x09417c00
EBP=0xc7f9ee36 is an unknown value
ESI=0x41444eec is an unknown value
EDI=0x20ae49c0 is an unknown value


Stack: [0x21f60000,0x21fb0000],  sp=0x21faea70,  free space=314k
Native frames: (J=compiled Java code, j=interpreted, Vv=VM code, C=native code)
C  [xuggle8396659444753471830.dll+0x30119a]

Java frames: (J=compiled Java code, j=interpreted, Vv=VM code)
j  com.xuggle.xuggler.XugglerJNI.IStreamCoder_decodeAudio(JLcom/xuggle/xuggler/IStreamCoder;JLcom/xuggle/xuggler/IAudioSamples;JLcom/xuggle/xuggler/IPacket;I)I+0
j  com.xuggle.xuggler.IStreamCoder.decodeAudio(Lcom/xuggle/xuggler/IAudioSamples;Lcom/xuggle/xuggler/IPacket;I)I+16
j  wideokomunikator.audiovideo.AudioVideo.decodeAudio(Lwideokomunikator/audiovideo/Packet;I)V+79
j  wideokomunikator.audiovideo.AudioVideo.access$1800(Lwideokomunikator/audiovideo/AudioVideo;Lwideokomunikator/audiovideo/Packet;I)V+3
j  wideokomunikator.audiovideo.AudioVideo$8.run()V+76
j  java.lang.Thread.run()V+11
v  ~StubRoutines::call_stub

---------------  P R O C E S S  ---------------

Java Threads: ( => current thread )
  0x09419400 JavaThread "Thread-30" [_thread_blocked, id=5228, stack(0x22110000,0x22160000)]
  0x09415800 JavaThread "Thread-29" [_thread_blocked, id=1484, stack(0x22080000,0x220d0000)]
  0x09416800 JavaThread "Thread-28" [_thread_in_native, id=7592, stack(0x21ff0000,0x22040000)]
=>0x09417c00 JavaThread "Thread-27" [_thread_in_native, id=2528, stack(0x21f60000,0x21fb0000)]
  0x09418400 JavaThread "Thread-26" [_thread_blocked, id=2844, stack(0x21ed0000,0x21f20000)]
  0x09418800 JavaThread "Thread-25" [_thread_blocked, id=8856, stack(0x21e40000,0x21e90000)]
  0x09416400 JavaThread "Thread-17" [_thread_in_native, id=4820, stack(0x21490000,0x214e0000)]
  0x09176800 JavaThread "Thread-16" [_thread_blocked, id=7308, stack(0x21400000,0x21450000)]
  0x09176400 JavaThread "Thread-21" [_thread_blocked, id=3692, stack(0x21370000,0x213c0000)]
  0x09174400 JavaThread "Thread-20" [_thread_blocked, id=3352, stack(0x212e0000,0x21330000)]
  0x09175c00 JavaThread "Thread-19" [_thread_in_native, id=4052, stack(0x21250000,0x212a0000)]
  0x09177c00 JavaThread "Thread-18" [_thread_in_native, id=6724, stack(0x211c0000,0x21210000)]
  0x09175000 JavaThread "Java Sound Event Dispatcher" daemon [_thread_blocked, id=8096, stack(0x0d320000,0x0d370000)]
  0x09175800 JavaThread "derby.rawStoreDaemon" daemon [_thread_blocked, id=4116, stack(0x0b5e0000,0x0b630000)]
  0x09177800 JavaThread "DRDAConnThread_2" daemon [_thread_in_native, id=6216, stack(0x0b450000,0x0b4a0000)]
  0x09174c00 JavaThread "NetworkServerThread_1" daemon [_thread_in_native, id=8348, stack(0x0b2c0000,0x0b310000)]
  0x09001c00 JavaThread "derby.NetworkServerStarter" daemon [_thread_blocked, id=4216, stack(0x0b230000,0x0b280000)]
  0x0901bc00 JavaThread "Timer-0" daemon [_thread_blocked, id=4600, stack(0x0b0a0000,0x0b0f0000)]
  0x08f4b800 JavaThread "D3D Screen Updater" daemon [_thread_blocked, id=392, stack(0x0a2e0000,0x0a330000)]
  0x02dbc800 JavaThread "DestroyJavaVM" [_thread_blocked, id=3280, stack(0x02bf0000,0x02c40000)]
  0x060e9800 JavaThread "Thread-4" [_thread_in_native, id=1652, stack(0x09800000,0x09850000)]
  0x060e8800 JavaThread "Thread-3" [_thread_blocked, id=6932, stack(0x09770000,0x097c0000)]
  0x05fd5000 JavaThread "TimerQueue" daemon [_thread_blocked, id=7136, stack(0x087a0000,0x087f0000)]
  0x05fa0c00 JavaThread "AWT-EventQueue-0" [_thread_blocked, id=3196, stack(0x086d0000,0x08720000)]
  0x05f28800 JavaThread "AWT-Windows" daemon [_thread_in_native, id=8504, stack(0x067d0000,0x06820000)]
  0x05f27000 JavaThread "AWT-Shutdown" [_thread_blocked, id=4628, stack(0x06740000,0x06790000)]
  0x05f26400 JavaThread "Java2D Disposer" daemon [_thread_blocked, id=7204, stack(0x066b0000,0x06700000)]
  0x057a4400 JavaThread "Service Thread" daemon [_thread_blocked, id=4664, stack(0x05c80000,0x05cd0000)]
  0x057ab800 JavaThread "C1 CompilerThread0" daemon [_thread_blocked, id=7796, stack(0x05bf0000,0x05c40000)]
  0x057aa800 JavaThread "Attach Listener" daemon [_thread_blocked, id=3260, stack(0x05b60000,0x05bb0000)]
  0x057a8800 JavaThread "Signal Dispatcher" daemon [_thread_blocked, id=8200, stack(0x05ad0000,0x05b20000)]
  0x05777800 JavaThread "Finalizer" daemon [_thread_blocked, id=7952, stack(0x05a40000,0x05a90000)]
  0x02d3e800 JavaThread "Reference Handler" daemon [_thread_blocked, id=2000, stack(0x059b0000,0x05a00000)]

Other Threads:
  0x02d3d000 VMThread [stack: 0x05720000,0x05770000] [id=3268]
  0x057c4800 WatcherThread [stack: 0x05d10000,0x05d60000] [id=8512]

VM state:not at safepoint (normal execution)

VM Mutex/Monitor currently owned by a thread: None

Heap:
 def new generation   total 78656K, used 69022K [0x0f200000, 0x14750000, 0x14750000)
  eden space 69952K,  86% used [0x0f200000, 0x12cfbda8, 0x13650000)
  from space 8704K,  99% used [0x13650000, 0x13ebbb30, 0x13ed0000)
  to   space 8704K,   0% used [0x13ed0000, 0x13ed0000, 0x14750000)
 tenured generation   total 174784K, used 127055K [0x14750000, 0x1f200000, 0x1f200000)
   the space 174784K,  72% used [0x14750000, 0x1c363cd8, 0x1c363e00, 0x1f200000)
 Metaspace       used 18542K, capacity 18744K, committed 18944K, reserved 19840K

Card table byte_map: [0x051f0000,0x05280000] byte_map_base: 0x05177000

Polling page: 0x00fa0000

CodeCache: size=32768Kb used=2032Kb max_used=2032Kb free=30735Kb
 bounds [0x03170000, 0x03370000, 0x05170000]
 total_blobs=1347 nmethods=961 adapters=317
 compilation: enabled

Compilation events (10 events):
Event: 17.593 Thread 0x057ab800  979             java.util.concurrent.locks.AbstractQueuedSynchronizer$Node::<init> (15 bytes)
Event: 17.593 Thread 0x057ab800 nmethod 979 0x0336b648 code [0x0336b740, 0x0336b7e0]
Event: 17.593 Thread 0x057ab800  980   !         java.util.concurrent.locks.AbstractQueuedSynchronizer::fullyRelease (54 bytes)
Event: 17.593 Thread 0x057ab800 nmethod 980 0x0336b848 code [0x0336b970, 0x0336bb44]
Event: 17.609 Thread 0x057ab800  981             java.security.ProtectionDomain$1::doIntersectionPrivilege (32 bytes)
Event: 17.609 Thread 0x057ab800 nmethod 981 0x0336bd48 code [0x0336be70, 0x0336c004]
Event: 17.694 Thread 0x057ab800  982             java.awt.Rectangle::reshape (22 bytes)
Event: 17.694 Thread 0x057ab800 nmethod 982 0x0336c108 code [0x0336c200, 0x0336c290]
Event: 17.711 Thread 0x057ab800  983             java.util.concurrent.atomic.AtomicInteger::incrementAndGet (14 bytes)
Event: 17.711 Thread 0x057ab800 nmethod 983 0x0336c2c8 code [0x0336c3c0, 0x0336c450]

GC Heap History (10 events):
Event: 4.602 GC heap before
{Heap before GC invocations=27 (full 2):
 def new generation   total 69312K, used 64110K [0x0f200000, 0x13d30000, 0x14750000)
  eden space 61632K, 100% used [0x0f200000, 0x12e30000, 0x12e30000)
  from space 7680K,  32% used [0x135b0000, 0x1381b988, 0x13d30000)
  to   space 7680K,   0% used [0x12e30000, 0x12e30000, 0x135b0000)
 tenured generation   total 153860K, used 116777K [0x14750000, 0x1dd91000, 0x1f200000)
   the space 153860K,  75% used [0x14750000, 0x1b95a550, 0x1b95a600, 0x1dd91000)
 Metaspace       used 8989K, capacity 9119K, committed 9216K, reserved 9600K
Event: 4.604 GC heap after
Heap after GC invocations=28 (full 2):
 def new generation   total 69312K, used 2480K [0x0f200000, 0x13d30000, 0x14750000)
  eden space 61632K,   0% used [0x0f200000, 0x0f200000, 0x12e30000)
  from space 7680K,  32% used [0x12e30000, 0x1309c3e0, 0x135b0000)
  to   space 7680K,   0% used [0x135b0000, 0x135b0000, 0x13d30000)
 tenured generation   total 153860K, used 116777K [0x14750000, 0x1dd91000, 0x1f200000)
   the space 153860K,  75% used [0x14750000, 0x1b95a550, 0x1b95a600, 0x1dd91000)
 Metaspace       used 8989K, capacity 9119K, committed 9216K, reserved 9600K
}
Event: 9.163 GC heap before
{Heap before GC invocations=28 (full 2):
 def new generation   total 69312K, used 64112K [0x0f200000, 0x13d30000, 0x14750000)
  eden space 61632K, 100% used [0x0f200000, 0x12e30000, 0x12e30000)
  from space 7680K,  32% used [0x12e30000, 0x1309c3e0, 0x135b0000)
  to   space 7680K,   0% used [0x135b0000, 0x135b0000, 0x13d30000)
 tenured generation   total 153860K, used 116777K [0x14750000, 0x1dd91000, 0x1f200000)
   the space 153860K,  75% used [0x14750000, 0x1b95a550, 0x1b95a600, 0x1dd91000)
 Metaspace       used 12324K, capacity 12494K, committed 12544K, reserved 12672K
Event: 9.168 GC heap after
Heap after GC invocations=29 (full 2):
 def new generation   total 69312K, used 2969K [0x0f200000, 0x13d30000, 0x14750000)
  eden space 61632K,   0% used [0x0f200000, 0x0f200000, 0x12e30000)
  from space 7680K,  38% used [0x135b0000, 0x13896550, 0x13d30000)
  to   space 7680K,   0% used [0x12e30000, 0x12e30000, 0x135b0000)
 tenured generation   total 153860K, used 116777K [0x14750000, 0x1dd91000, 0x1f200000)
   the space 153860K,  75% used [0x14750000, 0x1b95a550, 0x1b95a600, 0x1dd91000)
 Metaspace       used 12324K, capacity 12494K, committed 12544K, reserved 12672K
}
Event: 9.482 GC heap before
{Heap before GC invocations=29 (full 2):
 def new generation   total 69312K, used 22628K [0x0f200000, 0x13d30000, 0x14750000)
  eden space 61632K,  31% used [0x0f200000, 0x10532ac8, 0x12e30000)
  from space 7680K,  38% used [0x135b0000, 0x13896550, 0x13d30000)
  to   space 7680K,   0% used [0x12e30000, 0x12e30000, 0x135b0000)
 tenured generation   total 153860K, used 116777K [0x14750000, 0x1dd91000, 0x1f200000)
   the space 153860K,  75% used [0x14750000, 0x1b95a550, 0x1b95a600, 0x1dd91000)
 Metaspace       used 14928K, capacity 15086K, committed 15148K, reserved 15744K
Event: 9.505 GC heap after
Heap after GC invocations=30 (full 3):
 def new generation   total 78656K, used 0K [0x0f200000, 0x14750000, 0x14750000)
  eden space 69952K,   0% used [0x0f200000, 0x0f200000, 0x13650000)
  from space 8704K,   0% used [0x13650000, 0x13650000, 0x13ed0000)
  to   space 8704K,   0% used [0x13ed0000, 0x13ed0000, 0x14750000)
 tenured generation   total 174784K, used 120883K [0x14750000, 0x1f200000, 0x1f200000)
   the space 174784K,  69% used [0x14750000, 0x1bd5cc50, 0x1bd5ce00, 0x1f200000)
 Metaspace       used 14928K, capacity 15086K, committed 15148K, reserved 15744K
}
Event: 15.209 GC heap before
{Heap before GC invocations=30 (full 3):
 def new generation   total 78656K, used 68792K [0x0f200000, 0x14750000, 0x14750000)
  eden space 69952K,  98% used [0x0f200000, 0x1352e160, 0x13650000)
  from space 8704K,   0% used [0x13650000, 0x13650000, 0x13ed0000)
  to   space 8704K,   0% used [0x13ed0000, 0x13ed0000, 0x14750000)
 tenured generation   total 174784K, used 120883K [0x14750000, 0x1f200000, 0x1f200000)
   the space 174784K,  69% used [0x14750000, 0x1bd5cc50, 0x1bd5ce00, 0x1f200000)
 Metaspace       used 18538K, capacity 18709K, committed 18816K, reserved 18816K
Event: 15.219 GC heap after
Heap after GC invocations=31 (full 3):
 def new generation   total 78656K, used 8704K [0x0f200000, 0x14750000, 0x14750000)
  eden space 69952K,   0% used [0x0f200000, 0x0f200000, 0x13650000)
  from space 8704K, 100% used [0x13ed0000, 0x14750000, 0x14750000)
  to   space 8704K,   0% used [0x13650000, 0x13650000, 0x13ed0000)
 tenured generation   total 174784K, used 123177K [0x14750000, 0x1f200000, 0x1f200000)
   the space 174784K,  70% used [0x14750000, 0x1bf9a6f0, 0x1bf9a800, 0x1f200000)
 Metaspace       used 18538K, capacity 18709K, committed 18816K, reserved 18816K
}
Event: 16.571 GC heap before
{Heap before GC invocations=31 (full 3):
 def new generation   total 78656K, used 78252K [0x0f200000, 0x14750000, 0x14750000)
  eden space 69952K,  99% used [0x0f200000, 0x135eb3d0, 0x13650000)
  from space 8704K, 100% used [0x13ed0000, 0x14750000, 0x14750000)
  to   space 8704K,   0% used [0x13650000, 0x13650000, 0x13ed0000)
 tenured generation   total 174784K, used 123177K [0x14750000, 0x1f200000, 0x1f200000)
   the space 174784K,  70% used [0x14750000, 0x1bf9a6f0, 0x1bf9a800, 0x1f200000)
 Metaspace       used 18541K, capacity 18712K, committed 18816K, reserved 18816K
Event: 16.578 GC heap after
Heap after GC invocations=32 (full 3):
 def new generation   total 78656K, used 8622K [0x0f200000, 0x14750000, 0x14750000)
  eden space 69952K,   0% used [0x0f200000, 0x0f200000, 0x13650000)
  from space 8704K,  99% used [0x13650000, 0x13ebbb30, 0x13ed0000)
  to   space 8704K,   0% used [0x13ed0000, 0x13ed0000, 0x14750000)
 tenured generation   total 174784K, used 127055K [0x14750000, 0x1f200000, 0x1f200000)
   the space 174784K,  72% used [0x14750000, 0x1c363cd8, 0x1c363e00, 0x1f200000)
 Metaspace       used 18541K, capacity 18712K, committed 18816K, reserved 18816K
}

Deoptimization events (0 events):
No events

Internal exceptions (10 events):
Event: 14.624 Thread 0x09414800 Exception <a 'java/security/PrivilegedActionException'> (0x11682d60) thrown at [C:\re\workspace\8-2-build-windows-i586-cygwin\jdk8u31\2394\hotspot\src\share\vm\prims\jvm.cpp, line 1312]
Event: 14.670 Thread 0x09416400 Exception <a 'java/security/PrivilegedActionException'> (0x115e66d0) thrown at [C:\re\workspace\8-2-build-windows-i586-cygwin\jdk8u31\2394\hotspot\src\share\vm\prims\jvm.cpp, line 1312]
Event: 14.671 Thread 0x09416400 Exception <a 'java/security/PrivilegedActionException'> (0x115f19f8) thrown at [C:\re\workspace\8-2-build-windows-i586-cygwin\jdk8u31\2394\hotspot\src\share\vm\prims\jvm.cpp, line 1312]
Event: 14.671 Thread 0x09416400 Exception <a 'java/security/PrivilegedActionException'> (0x115f9c30) thrown at [C:\re\workspace\8-2-build-windows-i586-cygwin\jdk8u31\2394\hotspot\src\share\vm\prims\jvm.cpp, line 1312]
Event: 14.672 Thread 0x09416400 Exception <a 'java/security/PrivilegedActionException'> (0x117eefd0) thrown at [C:\re\workspace\8-2-build-windows-i586-cygwin\jdk8u31\2394\hotspot\src\share\vm\prims\jvm.cpp, line 1312]
Event: 14.672 Thread 0x09416400 Exception <a 'java/security/PrivilegedActionException'> (0x117f8b78) thrown at [C:\re\workspace\8-2-build-windows-i586-cygwin\jdk8u31\2394\hotspot\src\share\vm\prims\jvm.cpp, line 1312]
Event: 14.672 Thread 0x09416400 Exception <a 'java/security/PrivilegedActionException'> (0x117ff918) thrown at [C:\re\workspace\8-2-build-windows-i586-cygwin\jdk8u31\2394\hotspot\src\share\vm\prims\jvm.cpp, line 1312]
Event: 14.673 Thread 0x09416400 Exception <a 'java/security/PrivilegedActionException'> (0x11807c90) thrown at [C:\re\workspace\8-2-build-windows-i586-cygwin\jdk8u31\2394\hotspot\src\share\vm\prims\jvm.cpp, line 1312]
Event: 14.673 Thread 0x09416400 Exception <a 'java/security/PrivilegedActionException'> (0x1180f868) thrown at [C:\re\workspace\8-2-build-windows-i586-cygwin\jdk8u31\2394\hotspot\src\share\vm\prims\jvm.cpp, line 1312]
Event: 14.674 Thread 0x09416400 Exception <a 'java/security/PrivilegedActionException'> (0x1181b548) thrown at [C:\re\workspace\8-2-build-windows-i586-cygwin\jdk8u31\2394\hotspot\src\share\vm\prims\jvm.cpp, line 1312]

Events (10 events):
Event: 17.305 Thread 0x09414800 Thread added: 0x09414800
Event: 17.305 Thread 0x09414800 Thread exited: 0x09414800
Event: 17.407 Thread 0x09414800 Thread added: 0x09414800
Event: 17.407 Thread 0x09414800 Thread exited: 0x09414800
Event: 17.421 Thread 0x09415000 Thread added: 0x09415000
Event: 17.421 Thread 0x09415000 Thread exited: 0x09415000
Event: 17.534 Thread 0x09414800 Thread added: 0x09414800
Event: 17.534 Thread 0x09414800 Thread exited: 0x09414800
Event: 17.555 Thread 0x09417000 Thread added: 0x09417000
Event: 17.555 Thread 0x09417000 Thread exited: 0x09417000


Dynamic libraries:
0x01350000 - 0x01380000 	C:\Program Files (x86)\Java\jdk1.8.0_31\bin\java.exe
0x77750000 - 0x778be000 	C:\Windows\SYSTEM32\ntdll.dll
0x75260000 - 0x753a0000 	C:\Windows\SYSTEM32\KERNEL32.DLL
0x75a10000 - 0x75ae7000 	C:\Windows\SYSTEM32\KERNELBASE.dll
0x6c1a0000 - 0x6c240000 	C:\Windows\system32\apphelp.dll
0x78460000 - 0x786c5000 	C:\Windows\AppPatch\AcGenral.DLL
0x75860000 - 0x75923000 	C:\Windows\SYSTEM32\msvcrt.dll
0x77260000 - 0x772a1000 	C:\Windows\SYSTEM32\sechost.dll
0x74f50000 - 0x74f6e000 	C:\Windows\SYSTEM32\SspiCli.dll
0x77010000 - 0x77055000 	C:\Windows\SYSTEM32\SHLWAPI.dll
0x72120000 - 0x7220d000 	C:\Windows\SYSTEM32\UxTheme.dll
0x75100000 - 0x75253000 	C:\Windows\SYSTEM32\USER32.dll
0x774d0000 - 0x775de000 	C:\Windows\SYSTEM32\GDI32.dll
0x6d460000 - 0x6d483000 	C:\Windows\SYSTEM32\WINMM.dll
0x6cf00000 - 0x6cf13000 	C:\Windows\SYSTEM32\samcli.dll
0x773a0000 - 0x774c8000 	C:\Windows\SYSTEM32\ole32.dll
0x75cb0000 - 0x75d45000 	C:\Windows\SYSTEM32\OLEAUT32.dll
0x684b0000 - 0x684c7000 	C:\Windows\SYSTEM32\MSACM32.dll
0x74df0000 - 0x74df8000 	C:\Windows\SYSTEM32\VERSION.dll
0x75d60000 - 0x7700c000 	C:\Windows\SYSTEM32\SHELL32.dll
0x73160000 - 0x7317b000 	C:\Windows\SYSTEM32\USERENV.dll
0x6d330000 - 0x6d34a000 	C:\Windows\SYSTEM32\dwmapi.dll
0x6cfa0000 - 0x6d0ea000 	C:\Windows\SYSTEM32\urlmon.dll
0x75930000 - 0x759ac000 	C:\Windows\SYSTEM32\ADVAPI32.dll
0x6d600000 - 0x6d665000 	C:\Windows\SYSTEM32\WINSPOOL.DRV
0x6cf50000 - 0x6cf66000 	C:\Windows\SYSTEM32\MPR.dll
0x772e0000 - 0x7739a000 	C:\Windows\SYSTEM32\RPCRT4.dll
0x74f40000 - 0x74f4a000 	C:\Windows\SYSTEM32\CRYPTBASE.dll
0x75520000 - 0x7569d000 	C:\Windows\SYSTEM32\combase.dll
0x6d430000 - 0x6d453000 	C:\Windows\SYSTEM32\WINMMBASE.dll
0x71db0000 - 0x71dbf000 	C:\Windows\SYSTEM32\profapi.dll
0x71b30000 - 0x71d62000 	C:\Windows\SYSTEM32\iertutil.dll
0x71e50000 - 0x72025000 	C:\Windows\SYSTEM32\WININET.dll
0x74ee0000 - 0x74f34000 	C:\Windows\SYSTEM32\bcryptPrimitives.dll
0x77220000 - 0x7725c000 	C:\Windows\SYSTEM32\cfgmgr32.dll
0x6d400000 - 0x6d421000 	C:\Windows\SYSTEM32\DEVOBJ.dll
0x73480000 - 0x7350b000 	C:\Windows\SYSTEM32\SHCORE.DLL
0x75c80000 - 0x75ca7000 	C:\Windows\system32\IMM32.DLL
0x753a0000 - 0x754b3000 	C:\Windows\SYSTEM32\MSCTF.dll
0x74e00000 - 0x74e2e000 	C:\Windows\SYSTEM32\nvinit.dll
0x0f000000 - 0x0f006000 	C:\Program Files (x86)\NVIDIA Corporation\CoProcManager\_etoured.dll
0x6b660000 - 0x6b68b000 	C:\Program Files (x86)\NVIDIA Corporation\CoProcManager\nvd3d9wrap.dll
0x756a0000 - 0x75851000 	C:\Windows\SYSTEM32\SETUPAPI.dll
0x6b640000 - 0x6b65f000 	C:\Program Files (x86)\NVIDIA Corporation\CoProcManager\nvdxgiwrap.dll
0x72f40000 - 0x73146000 	C:\Windows\WinSxS\x86_microsoft.windows.common-controls_6595b64144ccf1df_6.0.9600.17415_none_a9ed7f470139b3c1\COMCTL32.dll
0x6be80000 - 0x6befd000 	C:\Program Files (x86)\AVG\AVG2015\avghookx.dll
0x02b30000 - 0x02bef000 	C:\Program Files (x86)\Java\jdk1.8.0_31\jre\bin\msvcr100.dll
0x02dc0000 - 0x03164000 	C:\Program Files (x86)\Java\jdk1.8.0_31\jre\bin\client\jvm.dll
0x6d0f0000 - 0x6d0f8000 	C:\Windows\SYSTEM32\WSOCK32.dll
0x75d50000 - 0x75d56000 	C:\Windows\SYSTEM32\PSAPI.DLL
0x77060000 - 0x770b0000 	C:\Windows\SYSTEM32\WS2_32.dll
0x772b0000 - 0x772b7000 	C:\Windows\SYSTEM32\NSI.dll
0x5ffc0000 - 0x5ffcc000 	C:\Program Files (x86)\Java\jdk1.8.0_31\jre\bin\verify.dll
0x6d9f0000 - 0x6da11000 	C:\Program Files (x86)\Java\jdk1.8.0_31\jre\bin\java.dll
0x6f4b0000 - 0x6f4c3000 	C:\Program Files (x86)\Java\jdk1.8.0_31\jre\bin\zip.dll
0x6cd60000 - 0x6cea6000 	C:\Program Files (x86)\Java\jdk1.8.0_31\jre\bin\awt.dll
0x74de0000 - 0x74de9000 	C:\Windows\SYSTEM32\kernel.appcore.dll
0x61e70000 - 0x62043000 	C:\Windows\system32\d3d9.dll
0x69940000 - 0x69a1e000 	C:\Windows\SYSTEM32\nvumdshim.dll
0x5d690000 - 0x5ed6e000 	C:\Windows\system32\igdumdim32.dll
0x67070000 - 0x678e8000 	C:\Windows\SYSTEM32\igdusc32.dll
0x08720000 - 0x08759000 	C:\Program Files (x86)\Java\jdk1.8.0_31\jre\bin\fontmanager.dll
0x6ec90000 - 0x6eca5000 	C:\Program Files (x86)\Java\jdk1.8.0_31\jre\bin\net.dll
0x6d1c0000 - 0x6d20b000 	C:\Windows\system32\mswsock.dll
0x5ffb0000 - 0x5ffbf000 	C:\Program Files (x86)\Java\jdk1.8.0_31\jre\bin\nio.dll
0x6e6e0000 - 0x6e710000 	C:\Program Files (x86)\Java\jdk1.8.0_31\jre\bin\t2k.dll
0x6e9a0000 - 0x6e9c0000 	C:\Program Files (x86)\Java\jdk1.8.0_31\jre\bin\sunec.dll
0x5f020000 - 0x5f029000 	C:\Program Files (x86)\Java\jdk1.8.0_31\jre\bin\sunmscapi.dll
0x74f70000 - 0x750f8000 	C:\Windows\SYSTEM32\CRYPT32.dll
0x75af0000 - 0x75afe000 	C:\Windows\SYSTEM32\MSASN1.dll
0x6f340000 - 0x6f359000 	C:\Windows\SYSTEM32\CRYPTSP.dll
0x6f310000 - 0x6f340000 	C:\Windows\system32\rsaenh.dll
0x6f040000 - 0x6f05e000 	C:\Windows\SYSTEM32\bcrypt.dll
0x732c0000 - 0x732e0000 	C:\Windows\SYSTEM32\IPHLPAPI.DLL
0x71e40000 - 0x71e48000 	C:\Windows\SYSTEM32\WINNSI.DLL
0x75bf0000 - 0x75c7d000 	C:\Windows\SYSTEM32\clbcatq.dll
0x6ac00000 - 0x6ac13000 	C:\Windows\SYSTEM32\dhcpcsvc6.DLL
0x6bf30000 - 0x6bf44000 	C:\Windows\SYSTEM32\dhcpcsvc.DLL
0x6bfb0000 - 0x6bfc1000 	C:\Windows\system32\napinsp.dll
0x6bf90000 - 0x6bfa6000 	C:\Windows\system32\pnrpnsp.dll
0x6bf70000 - 0x6bf84000 	C:\Windows\system32\NLAapi.dll
0x6c2e0000 - 0x6c35e000 	C:\Windows\SYSTEM32\DNSAPI.dll
0x6bf60000 - 0x6bf6a000 	C:\Windows\System32\winrnr.dll
0x6bf50000 - 0x6bf60000 	C:\Windows\system32\wshbth.dll
0x6c2b0000 - 0x6c2d1000 	C:\Program Files (x86)\Bonjour\mdnsNSP.dll
0x6c2a0000 - 0x6c2a8000 	C:\Windows\System32\rasadhlp.dll
0x6c250000 - 0x6c296000 	C:\Windows\System32\fwpuclnt.dll
0x6e290000 - 0x6e2b5000 	C:\Program Files (x86)\Java\jdk1.8.0_31\jre\bin\jpeg.dll
0x59010000 - 0x5917b000 	C:\Windows\SYSTEM32\WindowsCodecs.dll
0x57fc0000 - 0x57fca000 	C:\Program Files (x86)\Java\jdk1.8.0_31\jre\bin\management.dll
0x0bc40000 - 0x0d20f000 	C:\Users\Piotr\AppData\Local\Temp\xuggle\xuggle8396659444753471830.dll
0x09ea0000 - 0x09eb4000 	C:\Windows\SYSTEM32\AVICAP32.DLL
0x09ec0000 - 0x09ee3000 	C:\Windows\SYSTEM32\MSVFW32.dll
0x51420000 - 0x5142a000 	C:\Program Files (x86)\Java\jdk1.8.0_31\jre\bin\jsound.dll
0x778c0000 - 0x778c9000 	C:\Program Files (x86)\Java\jdk1.8.0_31\jre\bin\jsoundds.dll
0x605e0000 - 0x60661000 	C:\Windows\SYSTEM32\DSOUND.dll
0x6bcd0000 - 0x6bd10000 	C:\Windows\SYSTEM32\POWRPROF.dll
0x645f0000 - 0x64643000 	C:\Windows\SYSTEM32\MMDevAPI.DLL
0x60050000 - 0x60086000 	C:\Windows\SYSTEM32\wdmaud.drv
0x6c060000 - 0x6c067000 	C:\Windows\SYSTEM32\ksuser.dll
0x73470000 - 0x7347a000 	C:\Windows\SYSTEM32\AVRT.dll
0x64650000 - 0x646b0000 	C:\Windows\SYSTEM32\AUDIOSES.DLL
0x6ac90000 - 0x6ac99000 	C:\Windows\SYSTEM32\msacm32.drv
0x6ac80000 - 0x6ac88000 	C:\Windows\SYSTEM32\midimap.dll
0x78200000 - 0x782be000 	C:\Users\Piotr\AppData\Local\Temp\javacpp37645743291307\msvcr100.dll
0x0d850000 - 0x0d8b9000 	C:\Users\Piotr\AppData\Local\Temp\javacpp37645743291307\msvcp100.dll
0x0d8c0000 - 0x0dac6000 	C:\Users\Piotr\AppData\Local\Temp\javacpp37645743291307\opencv_core249.dll
0x0dad0000 - 0x0dc18000 	C:\Users\Piotr\AppData\Local\Temp\javacpp37645743291307\jniopencv_core.dll
0x0dc20000 - 0x0de8d000 	C:\Users\Piotr\AppData\Local\Temp\javacpp37645743291307\opencv_imgproc249.dll
0x0de90000 - 0x0df10000 	C:\Users\Piotr\AppData\Local\Temp\javacpp37645743291307\jniopencv_imgproc.dll
0x0df10000 - 0x0ee46000 	C:\Users\Piotr\AppData\Local\Temp\javacpp37645743291307\opencv_ffmpeg249.dll
0x1f200000 - 0x1f407000 	C:\Users\Piotr\AppData\Local\Temp\javacpp37645743291307\opencv_highgui249.dll
0x0ee50000 - 0x0ee6a000 	C:\Windows\SYSTEM32\AVIFIL32.dll
0x0ee70000 - 0x0eeac000 	C:\Users\Piotr\AppData\Local\Temp\javacpp37645743291307\jniopencv_highgui.dll
0x6c070000 - 0x6c084000 	C:\Windows\SYSTEM32\devenum.dll
0x71380000 - 0x713a8000 	C:\Windows\SYSTEM32\ntmarta.dll
0x75bb0000 - 0x75bed000 	C:\Windows\SYSTEM32\WINTRUST.dll
0x6c0d0000 - 0x6c0db000 	C:\Windows\SYSTEM32\msdmo.dll
0x0eeb0000 - 0x0eee1000 	C:\Windows\SYSTEM32\qcap.dll
0x34b70000 - 0x34d0f000 	C:\Windows\SYSTEM32\quartz.dll
0x6c090000 - 0x6c0d0000 	C:\Windows\SYSTEM32\ksproxy.ax
0x6c050000 - 0x6c05c000 	C:\Windows\SYSTEM32\vidcap.ax
0x6c030000 - 0x6c04f000 	C:\Windows\SYSTEM32\kswdmcap.ax
0x5ef10000 - 0x5f014000 	C:\Windows\SYSTEM32\MFC42.dll
0x5ee60000 - 0x5ef09000 	C:\Windows\SYSTEM32\ODBC32.dll
0x1f500000 - 0x1f58e000 	C:\Windows\SYSTEM32\qedit.dll
0x75b10000 - 0x75bab000 	C:\Windows\SYSTEM32\COMDLG32.dll
0x6d490000 - 0x6d600000 	C:\Windows\WinSxS\x86_microsoft.windows.gdiplus_6595b64144ccf1df_1.1.9600.17415_none_dad8722c5bcc2d8f\gdiplus.dll

VM Arguments:
jvm_args: -Dfile.encoding=UTF-8 
java_command: wideokomunikator.main
java_class_path (initial): D:\Programowanie\javacv\javacv-bin\ffmpeg.jar;D:\Programowanie\javacv\javacv-bin\javacpp.jar;D:\Programowanie\javacv\javacv-bin\javacv.jar;D:\Programowanie\javacv\javacv-bin\opencv.jar;C:\Program Files\Java\jdk1.8.0_05\db\lib\derby.jar;C:\Program Files\Java\jdk1.8.0_05\db\lib\derbyclient.jar;C:\Program Files\Java\jdk1.8.0_05\db\lib\derbytools.jar;C:\Program Files\Java\jdk1.8.0_05\db\lib\derbynet.jar;D:\Programowanie\xuggle-xuggler-5.4.jar;D:\Programowanie\slf4j-simple-1.7.10.jar;D:\Programowanie\slf4j-api-1.7.10.jar;D:\Programowanie\javacv\javacv-bin\opencv-linux-x86.jar;D:\Programowanie\javacv\javacv-bin\opencv-linux-x86_64.jar;D:\Programowanie\javacv\javacv-bin\opencv-macosx-x86_64.jar;D:\Programowanie\javacv\javacv-bin\opencv-windows-x86.jar;D:\Programowanie\javacv\javacv-bin\opencv-windows-x86_64.jar;C:\Users\Piotr\Documents\NetBeansProjects\Wideokomunikator\build\classes
Launcher Type: SUN_STANDARD

Environment Variables:
JAVA_HOME=C:\Program Files\Java\jdk1.8.0_05
CLASSPATH=.;C:\PROGRA~2\JMF2.1.1e\lib\sound.jar;C:\PROGRA~2\JMF2.1.1e\lib\jmf.jar;C:\PROGRA~2\JMF2.1.1e\lib;.;.;.;c:\PROGRA~2\java\JMF21~1.1E\lib\sound.jar;c:\PROGRA~2\java\JMF21~1.1E\lib\jmf.jar;c:\PROGRA~2\java\JMF21~1.1E\lib;
PATH=C:\Program Files (x86)\NVIDIA Corporation\PhysX\Common;C:\ProgramData\Oracle\Java\javapath;C:\Python34\;C:\Python34\Scripts;C:\Program Files (x86)\Intel\iCLS Client\;C:\Program Files\Intel\iCLS Client\;C:\Windows\system32;C:\Windows;C:\Windows\System32\Wbem;C:\Windows\System32\WindowsPowerShell\v1.0\;C:\Program Files\Intel\Intel(R) Management Engine Components\DAL;C:\Program Files\Intel\Intel(R) Management Engine Components\IPT;C:\Program Files (x86)\Intel\Intel(R) Management Engine Components\DAL;C:\Program Files (x86)\Intel\Intel(R) Management Engine Components\IPT;C:\Program Files\nodejs\;C:\Windows\Microsoft.NET\Framework\v4.0.30319;C:\Program Files\Microsoft SQL Server\110\Tools\Binn\;C:\Program Files\Java\jdk1.8.0_05\bin;C:\Program Files\apache-ant-1.9.4\bin;C:\Program Files (x86)\QuickTime\QTSystem\;c:\PROGRA~2\java\JMF21~1.1E\lib;C:\Users\Piotr\AppData\Roaming\npm;C:\Program Files (x86)\Bitvise SSH Client;C:\Program Files\Java\jdk1.8.0_05\bin
USERNAME=Piotr
OS=Windows_NT
PROCESSOR_IDENTIFIER=Intel64 Family 6 Model 60 Stepping 3, GenuineIntel



---------------  S Y S T E M  ---------------

OS: Windows 8.1 , 64 bit Build 9600 

CPU:total 8 (4 cores per cpu, 2 threads per core) family 6 model 60 stepping 3, cmov, cx8, fxsr, mmx, sse, sse2, sse3, ssse3, sse4.1, sse4.2, popcnt, avx, avx2, aes, clmul, erms, lzcnt, ht, tsc, tscinvbit, bmi1, bmi2

Memory: 4k page, physical 15910992k(10282832k free), swap 36390992k(28990980k free)

vm_info: Java HotSpot(TM) Client VM (25.31-b07) for windows-x86 JRE (1.8.0_31-b13), built on Dec 17 2014 20:46:12 by "java_re" with MS VC++ 10.0 (VS2010)

time: Wed Mar 04 18:16:30 2015
elapsed time: 17 seconds (0d 0h 0m 17s)

