#
# A fatal error has been detected by the Java Runtime Environment:
#
#  EXCEPTION_ACCESS_VIOLATION (0xc0000005) at pc=0x0cfbafaf, pid=6808, tid=6696
#
# JRE version: Java(TM) SE Runtime Environment (8.0_31-b13) (build 1.8.0_31-b13)
# Java VM: Java HotSpot(TM) Client VM (25.31-b07 mixed mode, sharing windows-x86 )
# Problematic frame:
# C  0x0cfbafaf
#
# Failed to write core dump. Minidumps are not enabled by default on client versions of Windows
#
# If you would like to submit a bug report, please visit:
#   http://bugreport.java.com/bugreport/crash.jsp
# The crash happened outside the Java Virtual Machine in native code.
# See problematic frame for where to report the bug.
#

---------------  T H R E A D  ---------------

Current thread (0x0a219c00):  JavaThread "Thread-303" [_thread_in_native, id=6696, stack(0x08e90000,0x08ee0000)]

siginfo: ExceptionCode=0xc0000005, writing address 0x00000054

Registers:
EAX=0x00000000, EBX=0x1f2737a0, ECX=0x00000000, EDX=0x00000008
ESP=0x08edefe0, EBP=0x00000580, ESI=0x00000004, EDI=0x00000160
EIP=0x0cfbafaf, EFLAGS=0x00010202

Top of Stack: (sp=0x08edefe0)
0x08edefe0:   1f2737a0 1f2733c0 1f273920 1f295d4c
0x08edeff0:   00000034 00000006 1f2737a0 00000000
0x08edf000:   00000000 0e6bcb50 00000000 00000000
0x08edf010:   00000000 1f2caa74 1f2737a0 0cfbbcdf
0x08edf020:   1f2737a0 003f0000 00000000 76f0b106
0x08edf030:   3847bc77 1f2767e0 00011d20 1f2737a0
0x08edf040:   0e6bbf7c 0d89a600 0d89a640 08edf098
0x08edf050:   76f0b0f9 003f0000 00000000 76f0b106 

Instructions: (pc=0x0cfbafaf)
0x0cfbaf8f:   b6 4c 24 1c ba 08 00 00 00 8b ab 94 00 00 00 8b
0x0cfbaf9f:   83 00 13 00 00 8b bb 94 00 00 00 d3 e6 c1 e5 02
0x0cfbafaf:   c7 40 54 00 00 00 00 d3 e2 c7 80 b8 03 00 00 00
0x0cfbafbf:   00 00 00 c1 e7 03 c7 80 94 01 00 00 00 00 00 00 


Register to memory mapping:

EAX=0x00000000 is an unknown value
EBX=0x1f2737a0 is an unknown value
ECX=0x00000000 is an unknown value
EDX=0x00000008 is an unknown value
ESP=0x08edefe0 is pointing into the stack for thread: 0x0a219c00
EBP=0x00000580 is an unknown value
ESI=0x00000004 is an unknown value
EDI=0x00000160 is an unknown value


Stack: [0x08e90000,0x08ee0000],  sp=0x08edefe0,  free space=315k
Native frames: (J=compiled Java code, j=interpreted, Vv=VM code, C=native code)
C  0x0cfbafaf

Java frames: (J=compiled Java code, j=interpreted, Vv=VM code)
j  com.xuggle.xuggler.XugglerJNI.IStreamCoder_decodeVideo(JLcom/xuggle/xuggler/IStreamCoder;JLcom/xuggle/xuggler/IVideoPicture;JLcom/xuggle/xuggler/IPacket;I)I+0
j  com.xuggle.xuggler.IStreamCoder.decodeVideo(Lcom/xuggle/xuggler/IVideoPicture;Lcom/xuggle/xuggler/IPacket;I)I+16
j  wideokomunikator.audiovideo.AudioVideo.decodeVideo(Lcom/xuggle/xuggler/IPacket;I)V+58
j  wideokomunikator.audiovideo.AudioVideo.access$2200(Lwideokomunikator/audiovideo/AudioVideo;Lcom/xuggle/xuggler/IPacket;I)V+3
j  wideokomunikator.audiovideo.AudioVideo$Hendler.run()V+891
v  ~StubRoutines::call_stub

---------------  P R O C E S S  ---------------

Java Threads: ( => current thread )
=>0x0a219c00 JavaThread "Thread-303" [_thread_in_native, id=6696, stack(0x08e90000,0x08ee0000)]
  0x0a219400 JavaThread "Thread-18" [_thread_in_native, id=2912, stack(0x0efa0000,0x0eff0000)]
  0x09f07c00 JavaThread "Thread-17" [_thread_blocked, id=8368, stack(0x0ef10000,0x0ef60000)]
  0x09f0b000 JavaThread "Thread-20" [_thread_in_native, id=8448, stack(0x0ee80000,0x0eed0000)]
  0x09f0b400 JavaThread "Thread-19" [_thread_in_native, id=3684, stack(0x0edf0000,0x0ee40000)]
  0x09f0a800 JavaThread "Java Sound Event Dispatcher" daemon [_thread_blocked, id=8236, stack(0x0b310000,0x0b360000)]
  0x09f0a400 JavaThread "derby.rawStoreDaemon" daemon [_thread_blocked, id=8644, stack(0x0ad20000,0x0ad70000)]
  0x09f08800 JavaThread "DRDAConnThread_2" daemon [_thread_in_native, id=3860, stack(0x0ab90000,0x0abe0000)]
  0x09f08400 JavaThread "NetworkServerThread_1" daemon [_thread_in_native, id=5768, stack(0x0aa00000,0x0aa50000)]
  0x09f09c00 JavaThread "derby.NetworkServerStarter" daemon [_thread_blocked, id=8712, stack(0x0a970000,0x0a9c0000)]
  0x09f09000 JavaThread "Timer-0" daemon [_thread_blocked, id=5712, stack(0x0a7e0000,0x0a830000)]
  0x05c80400 JavaThread "D3D Screen Updater" daemon [_thread_blocked, id=7496, stack(0x092f0000,0x09340000)]
  0x021dc800 JavaThread "DestroyJavaVM" [_thread_blocked, id=1440, stack(0x020b0000,0x02100000)]
  0x05c3c000 JavaThread "Thread-5" [_thread_in_native, id=1260, stack(0x088f0000,0x08940000)]
  0x05bb8800 JavaThread "Thread-4" [_thread_blocked, id=8332, stack(0x08860000,0x088b0000)]
  0x05b0a400 JavaThread "TimerQueue" daemon [_thread_blocked, id=8940, stack(0x086b0000,0x08700000)]
  0x05af8000 JavaThread "AWT-EventQueue-0" [_thread_in_Java, id=5704, stack(0x08620000,0x08670000)]
  0x05ab8000 JavaThread "AWT-Windows" daemon [_thread_in_native, id=2112, stack(0x06870000,0x068c0000)]
  0x05ab7800 JavaThread "AWT-Shutdown" [_thread_blocked, id=2084, stack(0x067e0000,0x06830000)]
  0x05ab7000 JavaThread "Java2D Disposer" daemon [_thread_blocked, id=9060, stack(0x06750000,0x067a0000)]
  0x0599c400 JavaThread "Thread-0" [_thread_in_native, id=7276, stack(0x05de0000,0x05e30000)]
  0x0229a800 JavaThread "Service Thread" daemon [_thread_blocked, id=8828, stack(0x05160000,0x051b0000)]
  0x02273c00 JavaThread "C1 CompilerThread0" daemon [_thread_blocked, id=2308, stack(0x050d0000,0x05120000)]
  0x02273000 JavaThread "Attach Listener" daemon [_thread_blocked, id=9192, stack(0x04610000,0x04660000)]
  0x0226f400 JavaThread "Signal Dispatcher" daemon [_thread_blocked, id=5924, stack(0x04580000,0x045d0000)]
  0x02208400 JavaThread "Finalizer" daemon [_thread_blocked, id=1920, stack(0x044f0000,0x04540000)]
  0x02206000 JavaThread "Reference Handler" daemon [_thread_blocked, id=3284, stack(0x04460000,0x044b0000)]

Other Threads:
  0x02204400 VMThread [stack: 0x043d0000,0x04420000] [id=3664]
  0x0229f400 WatcherThread [stack: 0x051f0000,0x05240000] [id=8964]

VM state:not at safepoint (normal execution)

VM Mutex/Monitor currently owned by a thread: None

Heap:
 def new generation   total 78656K, used 69952K [0x0f200000, 0x14750000, 0x14750000)
  eden space 69952K, 100% used [0x0f200000, 0x13650000, 0x13650000)
  from space 8704K,   0% used [0x13ed0000, 0x13ed0000, 0x14750000)
  to   space 8704K,   0% used [0x13650000, 0x13650000, 0x13ed0000)
 tenured generation   total 174784K, used 140676K [0x14750000, 0x1f200000, 0x1f200000)
   the space 174784K,  80% used [0x14750000, 0x1d0b13c0, 0x1d0b1400, 0x1f200000)
 Metaspace       used 11136K, capacity 11302K, committed 11392K, reserved 11648K

Card table byte_map: [0x042e0000,0x04370000] byte_map_base: 0x04267000

Polling page: 0x005d0000

CodeCache: size=32768Kb used=2221Kb max_used=2221Kb free=30546Kb
 bounds [0x022e0000, 0x02510000, 0x042e0000]
 total_blobs=1475 nmethods=1089 adapters=317
 compilation: enabled

Compilation events (10 events):
Event: 37.272 Thread 0x02273c00 1104             com.xuggle.xuggler.IAudioSamples::getCPtr (11 bytes)
Event: 37.272 Thread 0x02273c00 nmethod 1104 0x0250a248 code [0x0250a350, 0x0250a48c]
Event: 37.272 Thread 0x02273c00 1105             com.xuggle.xuggler.IAudioSamples::getMyCPtr (24 bytes)
Event: 37.272 Thread 0x02273c00 nmethod 1105 0x0250a548 code [0x0250a650, 0x0250a76c]
Event: 37.287 Thread 0x02273c00 1107             java.awt.color.ColorSpace::getNumComponents (5 bytes)
Event: 37.287 Thread 0x02273c00 nmethod 1107 0x0250aa88 code [0x0250ab80, 0x0250ac00]
Event: 38.257 Thread 0x02273c00 1108             java.nio.Bits::copyFromArray (70 bytes)
Event: 38.257 Thread 0x02273c00 nmethod 1108 0x0250ac48 code [0x0250ad50, 0x0250af1c]
Event: 38.478 Thread 0x02273c00 1109             java.awt.geom.AffineTransform::translate (547 bytes)
Event: 38.479 Thread 0x02273c00 nmethod 1109 0x0250afc8 code [0x0250b0e0, 0x0250b5ac]

GC Heap History (10 events):
Event: 32.254 GC heap before
{Heap before GC invocations=45 (full 4):
 def new generation   total 78656K, used 78374K [0x0f200000, 0x14750000, 0x14750000)
  eden space 69952K, 100% used [0x0f200000, 0x13650000, 0x13650000)
  from space 8704K,  96% used [0x13ed0000, 0x14709b30, 0x14750000)
  to   space 8704K,   0% used [0x13650000, 0x13650000, 0x13ed0000)
 tenured generation   total 174784K, used 146472K [0x14750000, 0x1f200000, 0x1f200000)
   the space 174784K,  83% used [0x14750000, 0x1d65a130, 0x1d65a200, 0x1f200000)
 Metaspace       used 11136K, capacity 11302K, committed 11392K, reserved 11648K
Event: 32.258 GC heap after
Heap after GC invocations=46 (full 4):
 def new generation   total 78656K, used 8704K [0x0f200000, 0x14750000, 0x14750000)
  eden space 69952K,   0% used [0x0f200000, 0x0f200000, 0x13650000)
  from space 8704K, 100% used [0x13650000, 0x13ed0000, 0x13ed0000)
  to   space 8704K,   0% used [0x13ed0000, 0x13ed0000, 0x14750000)
 tenured generation   total 174784K, used 150063K [0x14750000, 0x1f200000, 0x1f200000)
   the space 174784K,  85% used [0x14750000, 0x1d9dbf80, 0x1d9dc000, 0x1f200000)
 Metaspace       used 11136K, capacity 11302K, committed 11392K, reserved 11648K
}
Event: 33.536 GC heap before
{Heap before GC invocations=46 (full 4):
 def new generation   total 78656K, used 78310K [0x0f200000, 0x14750000, 0x14750000)
  eden space 69952K,  99% used [0x0f200000, 0x135f98e8, 0x13650000)
  from space 8704K, 100% used [0x13650000, 0x13ed0000, 0x13ed0000)
  to   space 8704K,   0% used [0x13ed0000, 0x13ed0000, 0x14750000)
 tenured generation   total 174784K, used 150063K [0x14750000, 0x1f200000, 0x1f200000)
   the space 174784K,  85% used [0x14750000, 0x1d9dbf80, 0x1d9dc000, 0x1f200000)
 Metaspace       used 11136K, capacity 11302K, committed 11392K, reserved 11648K
Event: 33.540 GC heap after
Heap after GC invocations=47 (full 4):
 def new generation   total 78656K, used 8329K [0x0f200000, 0x14750000, 0x14750000)
  eden space 69952K,   0% used [0x0f200000, 0x0f200000, 0x13650000)
  from space 8704K,  95% used [0x13ed0000, 0x146f2420, 0x14750000)
  to   space 8704K,   0% used [0x13650000, 0x13650000, 0x13ed0000)
 tenured generation   total 174784K, used 160203K [0x14750000, 0x1f200000, 0x1f200000)
   the space 174784K,  91% used [0x14750000, 0x1e3c2f00, 0x1e3c3000, 0x1f200000)
 Metaspace       used 11136K, capacity 11302K, committed 11392K, reserved 11648K
}
Event: 34.943 GC heap before
{Heap before GC invocations=47 (full 4):
 def new generation   total 78656K, used 78267K [0x0f200000, 0x14750000, 0x14750000)
  eden space 69952K,  99% used [0x0f200000, 0x1364c878, 0x13650000)
  from space 8704K,  95% used [0x13ed0000, 0x146f2420, 0x14750000)
  to   space 8704K,   0% used [0x13650000, 0x13650000, 0x13ed0000)
 tenured generation   total 174784K, used 160203K [0x14750000, 0x1f200000, 0x1f200000)
   the space 174784K,  91% used [0x14750000, 0x1e3c2f00, 0x1e3c3000, 0x1f200000)
 Metaspace       used 11136K, capacity 11302K, committed 11392K, reserved 11648K
Event: 34.946 GC heap after
Heap after GC invocations=48 (full 4):
 def new generation   total 78656K, used 8422K [0x0f200000, 0x14750000, 0x14750000)
  eden space 69952K,   0% used [0x0f200000, 0x0f200000, 0x13650000)
  from space 8704K,  96% used [0x13650000, 0x13e89948, 0x13ed0000)
  to   space 8704K,   0% used [0x13ed0000, 0x13ed0000, 0x14750000)
 tenured generation   total 174784K, used 163593K [0x14750000, 0x1f200000, 0x1f200000)
   the space 174784K,  93% used [0x14750000, 0x1e7127c8, 0x1e712800, 0x1f200000)
 Metaspace       used 11136K, capacity 11302K, committed 11392K, reserved 11648K
}
Event: 36.337 GC heap before
{Heap before GC invocations=48 (full 4):
 def new generation   total 78656K, used 78135K [0x0f200000, 0x14750000, 0x14750000)
  eden space 69952K,  99% used [0x0f200000, 0x13614500, 0x13650000)
  from space 8704K,  96% used [0x13650000, 0x13e89948, 0x13ed0000)
  to   space 8704K,   0% used [0x13ed0000, 0x13ed0000, 0x14750000)
 tenured generation   total 174784K, used 163593K [0x14750000, 0x1f200000, 0x1f200000)
   the space 174784K,  93% used [0x14750000, 0x1e7127c8, 0x1e712800, 0x1f200000)
 Metaspace       used 11136K, capacity 11302K, committed 11392K, reserved 11648K
Event: 36.340 GC heap after
Heap after GC invocations=49 (full 4):
 def new generation   total 78656K, used 8704K [0x0f200000, 0x14750000, 0x14750000)
  eden space 69952K,   0% used [0x0f200000, 0x0f200000, 0x13650000)
  from space 8704K, 100% used [0x13ed0000, 0x14750000, 0x14750000)
  to   space 8704K,   0% used [0x13650000, 0x13650000, 0x13ed0000)
 tenured generation   total 174784K, used 166832K [0x14750000, 0x1f200000, 0x1f200000)
   the space 174784K,  95% used [0x14750000, 0x1ea3c270, 0x1ea3c400, 0x1f200000)
 Metaspace       used 11136K, capacity 11302K, committed 11392K, reserved 11648K
}
Event: 37.744 GC heap before
{Heap before GC invocations=49 (full 4):
 def new generation   total 78656K, used 78362K [0x0f200000, 0x14750000, 0x14750000)
  eden space 69952K,  99% used [0x0f200000, 0x13606a30, 0x13650000)
  from space 8704K, 100% used [0x13ed0000, 0x14750000, 0x14750000)
  to   space 8704K,   0% used [0x13650000, 0x13650000, 0x13ed0000)
 tenured generation   total 174784K, used 166832K [0x14750000, 0x1f200000, 0x1f200000)
   the space 174784K,  95% used [0x14750000, 0x1ea3c270, 0x1ea3c400, 0x1f200000)
 Metaspace       used 11136K, capacity 11302K, committed 11392K, reserved 11648K
Event: 37.766 GC heap after
Heap after GC invocations=50 (full 5):
 def new generation   total 78656K, used 0K [0x0f200000, 0x14750000, 0x14750000)
  eden space 69952K,   0% used [0x0f200000, 0x0f200000, 0x13650000)
  from space 8704K,   0% used [0x13ed0000, 0x13ed0000, 0x14750000)
  to   space 8704K,   0% used [0x13650000, 0x13650000, 0x13ed0000)
 tenured generation   total 174784K, used 140676K [0x14750000, 0x1f200000, 0x1f200000)
   the space 174784K,  80% used [0x14750000, 0x1d0b13c0, 0x1d0b1400, 0x1f200000)
 Metaspace       used 11136K, capacity 11302K, committed 11392K, reserved 11648K
}

Deoptimization events (0 events):
No events

Internal exceptions (10 events):
Event: 11.036 Thread 0x0a219400 Exception <a 'java/security/PrivilegedActionException'> (0x127ee620) thrown at [C:\re\workspace\8-2-build-windows-i586-cygwin\jdk8u31\2394\hotspot\src\share\vm\prims\jvm.cpp, line 1312]
Event: 11.036 Thread 0x0a219400 Exception <a 'java/security/PrivilegedActionException'> (0x127f85c0) thrown at [C:\re\workspace\8-2-build-windows-i586-cygwin\jdk8u31\2394\hotspot\src\share\vm\prims\jvm.cpp, line 1312]
Event: 11.036 Thread 0x0a219400 Exception <a 'java/security/PrivilegedActionException'> (0x12935e08) thrown at [C:\re\workspace\8-2-build-windows-i586-cygwin\jdk8u31\2394\hotspot\src\share\vm\prims\jvm.cpp, line 1312]
Event: 11.037 Thread 0x0a219400 Exception <a 'java/security/PrivilegedActionException'> (0x1293cba8) thrown at [C:\re\workspace\8-2-build-windows-i586-cygwin\jdk8u31\2394\hotspot\src\share\vm\prims\jvm.cpp, line 1312]
Event: 11.037 Thread 0x0a219400 Exception <a 'java/security/PrivilegedActionException'> (0x12944f20) thrown at [C:\re\workspace\8-2-build-windows-i586-cygwin\jdk8u31\2394\hotspot\src\share\vm\prims\jvm.cpp, line 1312]
Event: 11.038 Thread 0x0a219400 Exception <a 'java/security/PrivilegedActionException'> (0x1294caf8) thrown at [C:\re\workspace\8-2-build-windows-i586-cygwin\jdk8u31\2394\hotspot\src\share\vm\prims\jvm.cpp, line 1312]
Event: 11.038 Thread 0x0a219400 Exception <a 'java/security/PrivilegedActionException'> (0x1295a9d8) thrown at [C:\re\workspace\8-2-build-windows-i586-cygwin\jdk8u31\2394\hotspot\src\share\vm\prims\jvm.cpp, line 1312]
Event: 11.043 Thread 0x0a219400 Exception <a 'java/security/PrivilegedActionException'> (0x1296aef8) thrown at [C:\re\workspace\8-2-build-windows-i586-cygwin\jdk8u31\2394\hotspot\src\share\vm\prims\jvm.cpp, line 1312]
Event: 11.044 Thread 0x0a219400 Exception <a 'java/security/PrivilegedActionException'> (0x12ae47f8) thrown at [C:\re\workspace\8-2-build-windows-i586-cygwin\jdk8u31\2394\hotspot\src\share\vm\prims\jvm.cpp, line 1312]
Event: 11.073 Thread 0x09f0b000 Exception <a 'java/security/PrivilegedActionException'> (0x1280e990) thrown at [C:\re\workspace\8-2-build-windows-i586-cygwin\jdk8u31\2394\hotspot\src\share\vm\prims\jvm.cpp, line 1312]

Events (10 events):
Event: 38.762 Thread 0x0a219000 Thread added: 0x0a219000
Event: 38.764 Thread 0x0a219000 Thread exited: 0x0a219000
Event: 38.892 Thread 0x0a219c00 Thread added: 0x0a219c00
Event: 38.893 Thread 0x0a219c00 Thread exited: 0x0a219c00
Event: 39.198 Thread 0x0a21b400 Thread added: 0x0a21b400
Event: 39.198 Thread 0x0a21b400 Thread exited: 0x0a21b400
Event: 39.208 Thread 0x0a21a400 Thread added: 0x0a21a400
Event: 39.208 Thread 0x0a21a400 Thread exited: 0x0a21a400
Event: 39.284 Thread 0x0a219c00 Thread added: 0x0a219c00
Event: 39.284 Thread 0x0a218400 Thread added: 0x0a218400


Dynamic libraries:
0x00320000 - 0x00350000 	C:\Program Files (x86)\Java\jdk1.8.0_31\bin\java.exe
0x770a0000 - 0x7720e000 	C:\Windows\SYSTEM32\ntdll.dll
0x75da0000 - 0x75ee0000 	C:\Windows\SYSTEM32\KERNEL32.DLL
0x763f0000 - 0x764c7000 	C:\Windows\SYSTEM32\KERNELBASE.dll
0x6ae80000 - 0x6af20000 	C:\Windows\system32\apphelp.dll
0x582b0000 - 0x58515000 	C:\Windows\AppPatch\AcGenral.DLL
0x76f00000 - 0x76fc3000 	C:\Windows\SYSTEM32\msvcrt.dll
0x76770000 - 0x767b1000 	C:\Windows\SYSTEM32\sechost.dll
0x748a0000 - 0x748be000 	C:\Windows\SYSTEM32\SspiCli.dll
0x76e90000 - 0x76ed5000 	C:\Windows\SYSTEM32\SHLWAPI.dll
0x73d60000 - 0x73e4d000 	C:\Windows\SYSTEM32\UxTheme.dll
0x767c0000 - 0x76913000 	C:\Windows\SYSTEM32\USER32.dll
0x748c0000 - 0x749ce000 	C:\Windows\SYSTEM32\GDI32.dll
0x6cde0000 - 0x6ce03000 	C:\Windows\SYSTEM32\WINMM.dll
0x6c790000 - 0x6c7a3000 	C:\Windows\SYSTEM32\samcli.dll
0x769c0000 - 0x76ae8000 	C:\Windows\SYSTEM32\ole32.dll
0x76920000 - 0x769b5000 	C:\Windows\SYSTEM32\OLEAUT32.dll
0x6ae10000 - 0x6ae27000 	C:\Windows\SYSTEM32\MSACM32.dll
0x74740000 - 0x74748000 	C:\Windows\SYSTEM32\VERSION.dll
0x74a50000 - 0x75cfc000 	C:\Windows\SYSTEM32\SHELL32.dll
0x74400000 - 0x7441b000 	C:\Windows\SYSTEM32\USERENV.dll
0x6ccb0000 - 0x6ccca000 	C:\Windows\SYSTEM32\dwmapi.dll
0x6c930000 - 0x6ca7a000 	C:\Windows\SYSTEM32\urlmon.dll
0x749d0000 - 0x74a4c000 	C:\Windows\SYSTEM32\ADVAPI32.dll
0x6cf80000 - 0x6cfe5000 	C:\Windows\SYSTEM32\WINSPOOL.DRV
0x6c7e0000 - 0x6c7f6000 	C:\Windows\SYSTEM32\MPR.dll
0x76250000 - 0x7630a000 	C:\Windows\SYSTEM32\RPCRT4.dll
0x74890000 - 0x7489a000 	C:\Windows\SYSTEM32\CRYPTBASE.dll
0x75ee0000 - 0x7605d000 	C:\Windows\SYSTEM32\combase.dll
0x6cdb0000 - 0x6cdd3000 	C:\Windows\SYSTEM32\WINMMBASE.dll
0x73ae0000 - 0x73aef000 	C:\Windows\SYSTEM32\profapi.dll
0x738a0000 - 0x73ad2000 	C:\Windows\SYSTEM32\iertutil.dll
0x73b80000 - 0x73d55000 	C:\Windows\SYSTEM32\WININET.dll
0x74830000 - 0x74884000 	C:\Windows\SYSTEM32\bcryptPrimitives.dll
0x764e0000 - 0x7651c000 	C:\Windows\SYSTEM32\cfgmgr32.dll
0x6cd80000 - 0x6cda1000 	C:\Windows\SYSTEM32\DEVOBJ.dll
0x746b0000 - 0x7473b000 	C:\Windows\SYSTEM32\SHCORE.DLL
0x76060000 - 0x76087000 	C:\Windows\system32\IMM32.DLL
0x76af0000 - 0x76c03000 	C:\Windows\SYSTEM32\MSCTF.dll
0x74750000 - 0x7477e000 	C:\Windows\SYSTEM32\nvinit.dll
0x0f000000 - 0x0f006000 	C:\Program Files (x86)\NVIDIA Corporation\CoProcManager\_etoured.dll
0x6bb90000 - 0x6bbbb000 	C:\Program Files (x86)\NVIDIA Corporation\CoProcManager\nvd3d9wrap.dll
0x76cd0000 - 0x76e81000 	C:\Windows\SYSTEM32\SETUPAPI.dll
0x6bb70000 - 0x6bb8f000 	C:\Program Files (x86)\NVIDIA Corporation\CoProcManager\nvdxgiwrap.dll
0x741e0000 - 0x743e6000 	C:\Windows\WinSxS\x86_microsoft.windows.common-controls_6595b64144ccf1df_6.0.9600.17415_none_a9ed7f470139b3c1\COMCTL32.dll
0x6b8e0000 - 0x6b95b000 	C:\Program Files (x86)\AVG\AVG2015\avghookx.dll
0x62e60000 - 0x62f1f000 	C:\Program Files (x86)\Java\jdk1.8.0_31\jre\bin\msvcr100.dll
0x57f00000 - 0x582a4000 	C:\Program Files (x86)\Java\jdk1.8.0_31\jre\bin\client\jvm.dll
0x6c860000 - 0x6c868000 	C:\Windows\SYSTEM32\WSOCK32.dll
0x76230000 - 0x76236000 	C:\Windows\SYSTEM32\PSAPI.DLL
0x76310000 - 0x76360000 	C:\Windows\SYSTEM32\WS2_32.dll
0x764d0000 - 0x764d7000 	C:\Windows\SYSTEM32\NSI.dll
0x6a2f0000 - 0x6a2fc000 	C:\Program Files (x86)\Java\jdk1.8.0_31\jre\bin\verify.dll
0x630c0000 - 0x630e1000 	C:\Program Files (x86)\Java\jdk1.8.0_31\jre\bin\java.dll
0x6a240000 - 0x6a253000 	C:\Program Files (x86)\Java\jdk1.8.0_31\jre\bin\zip.dll
0x62e40000 - 0x62e55000 	C:\Program Files (x86)\Java\jdk1.8.0_31\jre\bin\net.dll
0x6cb40000 - 0x6cb8b000 	C:\Windows\system32\mswsock.dll
0x6bc60000 - 0x6bcde000 	C:\Windows\SYSTEM32\DNSAPI.dll
0x6bc30000 - 0x6bc51000 	C:\Program Files (x86)\Bonjour\mdnsNSP.dll
0x744e0000 - 0x74500000 	C:\Windows\SYSTEM32\Iphlpapi.DLL
0x73b70000 - 0x73b78000 	C:\Windows\SYSTEM32\WINNSI.DLL
0x6bc20000 - 0x6bc28000 	C:\Windows\System32\rasadhlp.dll
0x6bbd0000 - 0x6bc16000 	C:\Windows\System32\fwpuclnt.dll
0x62cf0000 - 0x62e36000 	C:\Program Files (x86)\Java\jdk1.8.0_31\jre\bin\awt.dll
0x746a0000 - 0x746a9000 	C:\Windows\SYSTEM32\kernel.appcore.dll
0x63230000 - 0x63403000 	C:\Windows\system32\d3d9.dll
0x62bf0000 - 0x62cce000 	C:\Windows\SYSTEM32\nvumdshim.dll
0x5d220000 - 0x5e8fe000 	C:\Windows\system32\igdumdim32.dll
0x61bf0000 - 0x62468000 	C:\Windows\SYSTEM32\igdusc32.dll
0x624c0000 - 0x624f9000 	C:\Program Files (x86)\Java\jdk1.8.0_31\jre\bin\fontmanager.dll
0x630b0000 - 0x630bf000 	C:\Program Files (x86)\Java\jdk1.8.0_31\jre\bin\nio.dll
0x62490000 - 0x624c0000 	C:\Program Files (x86)\Java\jdk1.8.0_31\jre\bin\t2k.dll
0x62cd0000 - 0x62cf0000 	C:\Program Files (x86)\Java\jdk1.8.0_31\jre\bin\sunec.dll
0x62480000 - 0x62489000 	C:\Program Files (x86)\Java\jdk1.8.0_31\jre\bin\sunmscapi.dll
0x76090000 - 0x76218000 	C:\Windows\SYSTEM32\CRYPT32.dll
0x765f0000 - 0x765fe000 	C:\Windows\SYSTEM32\MSASN1.dll
0x6ecf0000 - 0x6ed09000 	C:\Windows\SYSTEM32\CRYPTSP.dll
0x6ec60000 - 0x6ec90000 	C:\Windows\system32\rsaenh.dll
0x6ec40000 - 0x6ec5e000 	C:\Windows\SYSTEM32\bcrypt.dll
0x76360000 - 0x763ed000 	C:\Windows\SYSTEM32\clbcatq.dll
0x6b0e0000 - 0x6b0f3000 	C:\Windows\SYSTEM32\dhcpcsvc6.DLL
0x6b990000 - 0x6b9a4000 	C:\Windows\SYSTEM32\dhcpcsvc.DLL
0x6ba10000 - 0x6ba21000 	C:\Windows\system32\napinsp.dll
0x6b9f0000 - 0x6ba06000 	C:\Windows\system32\pnrpnsp.dll
0x6b9d0000 - 0x6b9e4000 	C:\Windows\system32\NLAapi.dll
0x6b9c0000 - 0x6b9ca000 	C:\Windows\System32\winrnr.dll
0x6b9b0000 - 0x6b9c0000 	C:\Windows\system32\wshbth.dll
0x60780000 - 0x607a5000 	C:\Program Files (x86)\Java\jdk1.8.0_31\jre\bin\jpeg.dll
0x59470000 - 0x595db000 	C:\Windows\SYSTEM32\WindowsCodecs.dll
0x62470000 - 0x6247a000 	C:\Program Files (x86)\Java\jdk1.8.0_31\jre\bin\management.dll
0x5cdf0000 - 0x5cdfa000 	C:\Program Files (x86)\Java\jdk1.8.0_31\jre\bin\jsound.dll
0x5cde0000 - 0x5cde9000 	C:\Program Files (x86)\Java\jdk1.8.0_31\jre\bin\jsoundds.dll
0x5cd50000 - 0x5cdd1000 	C:\Windows\SYSTEM32\DSOUND.dll
0x6b730000 - 0x6b770000 	C:\Windows\SYSTEM32\POWRPROF.dll
0x659b0000 - 0x65a03000 	C:\Windows\SYSTEM32\MMDevAPI.DLL
0x5cd10000 - 0x5cd46000 	C:\Windows\SYSTEM32\wdmaud.drv
0x6bb20000 - 0x6bb27000 	C:\Windows\SYSTEM32\ksuser.dll
0x5fb50000 - 0x5fb5a000 	C:\Windows\SYSTEM32\AVRT.dll
0x65a10000 - 0x65a70000 	C:\Windows\SYSTEM32\AUDIOSES.DLL
0x5cd00000 - 0x5cd09000 	C:\Windows\SYSTEM32\msacm32.drv
0x59460000 - 0x59468000 	C:\Windows\SYSTEM32\midimap.dll
0x57e40000 - 0x57efe000 	C:\Users\Piotr\AppData\Local\Temp\javacpp42671370022687\msvcr100.dll
0x57dd0000 - 0x57e39000 	C:\Users\Piotr\AppData\Local\Temp\javacpp42671370022687\msvcp100.dll
0x57bc0000 - 0x57dc6000 	C:\Users\Piotr\AppData\Local\Temp\javacpp42671370022687\opencv_core249.dll
0x57a70000 - 0x57bb8000 	C:\Users\Piotr\AppData\Local\Temp\javacpp42671370022687\jniopencv_core.dll
0x517b0000 - 0x51a1d000 	C:\Users\Piotr\AppData\Local\Temp\javacpp42671370022687\opencv_imgproc249.dll
0x51d20000 - 0x51da0000 	C:\Users\Piotr\AppData\Local\Temp\javacpp42671370022687\jniopencv_imgproc.dll
0x70fc0000 - 0x71ef6000 	C:\Users\Piotr\AppData\Local\Temp\javacpp42671370022687\opencv_ffmpeg249.dll
0x515a0000 - 0x517a7000 	C:\Users\Piotr\AppData\Local\Temp\javacpp42671370022687\opencv_highgui249.dll
0x59440000 - 0x5945a000 	C:\Windows\SYSTEM32\AVIFIL32.dll
0x59320000 - 0x59343000 	C:\Windows\SYSTEM32\MSVFW32.dll
0x59300000 - 0x59314000 	C:\Windows\SYSTEM32\AVICAP32.dll
0x57a30000 - 0x57a6c000 	C:\Users\Piotr\AppData\Local\Temp\javacpp42671370022687\jniopencv_highgui.dll
0x60740000 - 0x60754000 	C:\Windows\SYSTEM32\devenum.dll
0x73800000 - 0x73828000 	C:\Windows\SYSTEM32\ntmarta.dll
0x765b0000 - 0x765ed000 	C:\Windows\SYSTEM32\WINTRUST.dll
0x6bb50000 - 0x6bb5b000 	C:\Windows\SYSTEM32\msdmo.dll
0x51ce0000 - 0x51d11000 	C:\Windows\SYSTEM32\qcap.dll
0x51400000 - 0x5159f000 	C:\Windows\SYSTEM32\quartz.dll
0x5ebc0000 - 0x5ec00000 	C:\Windows\SYSTEM32\ksproxy.ax
0x60730000 - 0x6073c000 	C:\Windows\SYSTEM32\vidcap.ax
0x60710000 - 0x6072f000 	C:\Windows\SYSTEM32\kswdmcap.ax
0x5eab0000 - 0x5ebb4000 	C:\Windows\SYSTEM32\MFC42.dll
0x5ea00000 - 0x5eaa9000 	C:\Windows\SYSTEM32\ODBC32.dll
0x51c50000 - 0x51cde000 	C:\Windows\SYSTEM32\qedit.dll
0x75d00000 - 0x75d9b000 	C:\Windows\SYSTEM32\COMDLG32.dll
0x6ce10000 - 0x6cf80000 	C:\Windows\WinSxS\x86_microsoft.windows.gdiplus_6595b64144ccf1df_1.1.9600.17415_none_dad8722c5bcc2d8f\gdiplus.dll
0x5e910000 - 0x5e9fc000 	C:\Windows\SYSTEM32\DDRAW.dll

VM Arguments:
jvm_args: -Dfile.encoding=UTF-8 
java_command: wideokomunikator.main
java_class_path (initial): D:\Programowanie\javacv\javacv-bin\ffmpeg.jar;D:\Programowanie\javacv\javacv-bin\javacpp.jar;D:\Programowanie\javacv\javacv-bin\javacv.jar;D:\Programowanie\javacv\javacv-bin\opencv.jar;C:\Program Files\Java\jdk1.8.0_05\db\lib\derby.jar;C:\Program Files\Java\jdk1.8.0_05\db\lib\derbyclient.jar;C:\Program Files\Java\jdk1.8.0_05\db\lib\derbytools.jar;C:\Program Files\Java\jdk1.8.0_05\db\lib\derbynet.jar;D:\Programowanie\xuggle-xuggler-5.4.jar;D:\Programowanie\slf4j-simple-1.7.10.jar;D:\Programowanie\slf4j-api-1.7.10.jar;D:\Programowanie\javacv\javacv-bin\opencv-linux-x86.jar;D:\Programowanie\javacv\javacv-bin\opencv-linux-x86_64.jar;D:\Programowanie\javacv\javacv-bin\opencv-macosx-x86_64.jar;D:\Programowanie\javacv\javacv-bin\opencv-windows-x86.jar;D:\Programowanie\javacv\javacv-bin\opencv-windows-x86_64.jar;C:\Users\Piotr\Documents\NetBeansProjects\Wideokomunikator\build\classes
Launcher Type: SUN_STANDARD

Environment Variables:
JAVA_HOME=C:\Program Files\Java\jdk1.8.0_05
CLASSPATH=.;C:\PROGRA~2\JMF2.1.1e\lib\sound.jar;C:\PROGRA~2\JMF2.1.1e\lib\jmf.jar;C:\PROGRA~2\JMF2.1.1e\lib;.;.;.;c:\PROGRA~2\java\JMF21~1.1E\lib\sound.jar;c:\PROGRA~2\java\JMF21~1.1E\lib\jmf.jar;c:\PROGRA~2\java\JMF21~1.1E\lib;
PATH=C:\Program Files (x86)\NVIDIA Corporation\PhysX\Common;C:\ProgramData\Oracle\Java\javapath;C:\Python34\;C:\Python34\Scripts;C:\Program Files (x86)\Intel\iCLS Client\;C:\Program Files\Intel\iCLS Client\;C:\Windows\system32;C:\Windows;C:\Windows\System32\Wbem;C:\Windows\System32\WindowsPowerShell\v1.0\;C:\Program Files\Intel\Intel(R) Management Engine Components\DAL;C:\Program Files\Intel\Intel(R) Management Engine Components\IPT;C:\Program Files (x86)\Intel\Intel(R) Management Engine Components\DAL;C:\Program Files (x86)\Intel\Intel(R) Management Engine Components\IPT;C:\Program Files\nodejs\;C:\Windows\Microsoft.NET\Framework\v4.0.30319;C:\Program Files\Microsoft SQL Server\110\Tools\Binn\;C:\Program Files\Java\jdk1.8.0_05\bin;C:\Program Files\apache-ant-1.9.4\bin;%XUGGLE_HOME%\bin;C:\Program Files (x86)\QuickTime\QTSystem\;c:\PROGRA~2\java\JMF21~1.1E\lib;C:\Users\Piotr\AppData\Roaming\npm;C:\Program Files (x86)\Bitvise SSH Client;C:\Program Files\Java\jdk1.8.0_05\bin
USERNAME=Piotr
OS=Windows_NT
PROCESSOR_IDENTIFIER=Intel64 Family 6 Model 60 Stepping 3, GenuineIntel



---------------  S Y S T E M  ---------------

OS: Windows 8.1 , 64 bit Build 9600 

CPU:total 8 (4 cores per cpu, 2 threads per core) family 6 model 60 stepping 3, cmov, cx8, fxsr, mmx, sse, sse2, sse3, ssse3, sse4.1, sse4.2, popcnt, avx, avx2, aes, clmul, erms, lzcnt, ht, tsc, tscinvbit, bmi1, bmi2

Memory: 4k page, physical 15910992k(10698256k free), swap 36390992k(29701200k free)

vm_info: Java HotSpot(TM) Client VM (25.31-b07) for windows-x86 JRE (1.8.0_31-b13), built on Dec 17 2014 20:46:12 by "java_re" with MS VC++ 10.0 (VS2010)

time: Tue Feb 17 20:07:33 2015
elapsed time: 39 seconds (0d 0h 0m 39s)

