#
# A fatal error has been detected by the Java Runtime Environment:
#
#  EXCEPTION_ACCESS_VIOLATION (0xc0000005) at pc=0x0cee2e69, pid=1888, tid=2572
#
# JRE version: Java(TM) SE Runtime Environment (8.0_31-b13) (build 1.8.0_31-b13)
# Java VM: Java HotSpot(TM) Client VM (25.31-b07 mixed mode windows-x86 )
# Problematic frame:
# C  0x0cee2e69
#
# Failed to write core dump. Minidumps are not enabled by default on client versions of Windows
#
# If you would like to submit a bug report, please visit:
#   http://bugreport.java.com/bugreport/crash.jsp
# The crash happened outside the Java Virtual Machine in native code.
# See problematic frame for where to report the bug.
#

---------------  T H R E A D  ---------------

Current thread (0x0845a800):  JavaThread "Thread-52" [_thread_in_native, id=2572, stack(0x09250000,0x092a0000)]

siginfo: ExceptionCode=0xc0000005, reading address 0x000015fd

Registers:
EAX=0x000015ff, EBX=0x00000008, ECX=0x1f48fb50, EDX=0x000015ff
ESP=0x0929eddc, EBP=0x00000002, ESI=0x00000160, EDI=0x00000160
EIP=0x0cee2e69, EFLAGS=0x00010212

Top of Stack: (sp=0x0929eddc)
0x0929eddc:   00000160 000015ff 1f48fb50 0cee4ce9
0x0929edec:   00000160 0e4a3280 000000f0 00000000
0x0929edfc:   0cd20243 1f48fb50 000015ff 00000160
0x0929ee0c:   00000000 00020002 00000000 00020002
0x0929ee1c:   00000000 00000000 00000000 00020002
0x0929ee2c:   00010001 00020000 00020002 00020002
0x0929ee3c:   00000000 00020002 00000000 0e432680
0x0929ee4c:   00000202 0d09c910 1f246260 1f48fb50 

Instructions: (pc=0x0cee2e69)
0x0cee2e49:   00 00 89 74 24 04 89 ce 89 c1 89 7c 24 08 89 d0
0x0cee2e59:   8b 7c 24 10 66 0f ef ff 66 0f 6f 35 50 5d 64 0d
0x0cee2e69:   f2 0f f0 48 fe 66 0f 6f c1 66 0f 68 cf 66 0f 60
0x0cee2e79:   c7 66 0f 6f d1 66 0f 6f d9 66 0f 6f e1 66 0f 6f 


Register to memory mapping:

EAX=0x000015ff is an unknown value
EBX=0x00000008 is an unknown value
ECX=0x1f48fb50 is an unknown value
EDX=0x000015ff is an unknown value
ESP=0x0929eddc is pointing into the stack for thread: 0x0845a800
EBP=0x00000002 is an unknown value
ESI=0x00000160 is an unknown value
EDI=0x00000160 is an unknown value


Stack: [0x09250000,0x092a0000],  sp=0x0929eddc,  free space=315k
Native frames: (J=compiled Java code, j=interpreted, Vv=VM code, C=native code)
C  0x0cee2e69

Java frames: (J=compiled Java code, j=interpreted, Vv=VM code)
j  com.xuggle.xuggler.XugglerJNI.IStreamCoder_decodeVideo(JLcom/xuggle/xuggler/IStreamCoder;JLcom/xuggle/xuggler/IVideoPicture;JLcom/xuggle/xuggler/IPacket;I)I+0
j  com.xuggle.xuggler.IStreamCoder.decodeVideo(Lcom/xuggle/xuggler/IVideoPicture;Lcom/xuggle/xuggler/IPacket;I)I+16
j  wideokomunikator.audiovideo.AudioVideo.decodeVideo(Lcom/xuggle/xuggler/IPacket;I)V+58
j  wideokomunikator.audiovideo.AudioVideo.access$1400(Lwideokomunikator/audiovideo/AudioVideo;Lcom/xuggle/xuggler/IPacket;I)V+3
j  wideokomunikator.audiovideo.AudioVideo$Hendler.run()V+124
v  ~StubRoutines::call_stub

---------------  P R O C E S S  ---------------

Java Threads: ( => current thread )
=>0x0845a800 JavaThread "Thread-52" [_thread_in_native, id=2572, stack(0x09250000,0x092a0000)]
  0x0845c800 JavaThread "Thread-17" [_thread_in_native, id=6020, stack(0x0edb0000,0x0ee00000)]
  0x0845c000 JavaThread "Thread-16" [_thread_blocked, id=6252, stack(0x0ed20000,0x0ed70000)]
  0x0845b000 JavaThread "Thread-19" [_thread_in_native, id=8144, stack(0x0ec90000,0x0ece0000)]
  0x0845d400 JavaThread "Thread-18" [_thread_in_native, id=3552, stack(0x0ec00000,0x0ec50000)]
  0x0845e000 JavaThread "Java Sound Event Dispatcher" daemon [_thread_blocked, id=4232, stack(0x0b0d0000,0x0b120000)]
  0x0845bc00 JavaThread "derby.rawStoreDaemon" daemon [_thread_blocked, id=4972, stack(0x0a9e0000,0x0aa30000)]
  0x0845cc00 JavaThread "DRDAConnThread_2" daemon [_thread_in_native, id=5804, stack(0x0a850000,0x0a8a0000)]
  0x0845dc00 JavaThread "NetworkServerThread_1" daemon [_thread_in_native, id=7600, stack(0x0a6c0000,0x0a710000)]
  0x084c0800 JavaThread "derby.NetworkServerStarter" daemon [_thread_blocked, id=7924, stack(0x0a630000,0x0a680000)]
  0x084b5000 JavaThread "Timer-0" daemon [_thread_blocked, id=548, stack(0x0a4a0000,0x0a4f0000)]
  0x08350c00 JavaThread "D3D Screen Updater" daemon [_thread_blocked, id=7932, stack(0x09700000,0x09750000)]
  0x023cc800 JavaThread "DestroyJavaVM" [_thread_blocked, id=3012, stack(0x023d0000,0x02420000)]
  0x05524c00 JavaThread "Thread-4" [_thread_in_native, id=1432, stack(0x08c00000,0x08c50000)]
  0x05524000 JavaThread "Thread-3" [_thread_blocked, id=4032, stack(0x08b70000,0x08bc0000)]
  0x053ee400 JavaThread "TimerQueue" daemon [_thread_blocked, id=5692, stack(0x07ba0000,0x07bf0000)]
  0x053e9400 JavaThread "AWT-EventQueue-0" [_thread_blocked, id=5864, stack(0x07b10000,0x07b60000)]
  0x05399000 JavaThread "AWT-Windows" daemon [_thread_in_native, id=3140, stack(0x05c10000,0x05c60000)]
  0x05398000 JavaThread "AWT-Shutdown" [_thread_blocked, id=9108, stack(0x05b80000,0x05bd0000)]
  0x05397800 JavaThread "Java2D Disposer" daemon [_thread_blocked, id=7204, stack(0x05af0000,0x05b40000)]
  0x04be6800 JavaThread "Service Thread" daemon [_thread_blocked, id=216, stack(0x050c0000,0x05110000)]
  0x04bea800 JavaThread "C1 CompilerThread0" daemon [_thread_blocked, id=2156, stack(0x05030000,0x05080000)]
  0x04be9800 JavaThread "Attach Listener" daemon [_thread_blocked, id=4152, stack(0x04fa0000,0x04ff0000)]
  0x04be7800 JavaThread "Signal Dispatcher" daemon [_thread_blocked, id=4012, stack(0x04f10000,0x04f60000)]
  0x04bb6800 JavaThread "Finalizer" daemon [_thread_blocked, id=5224, stack(0x04e80000,0x04ed0000)]
  0x025ce800 JavaThread "Reference Handler" daemon [_thread_blocked, id=5092, stack(0x04df0000,0x04e40000)]

Other Threads:
  0x025cd000 VMThread [stack: 0x04b60000,0x04bb0000] [id=4308]
  0x04be7000 WatcherThread [stack: 0x05150000,0x051a0000] [id=5720]

VM state:not at safepoint (normal execution)

VM Mutex/Monitor currently owned by a thread: None

Heap:
 def new generation   total 78656K, used 24291K [0x0f200000, 0x14750000, 0x14750000)
  eden space 69952K, -2147483648% used [0x0f200000, 0x10138ca8, 0x13650000)
  from space 8704K, 100% used [0x13ed0000, 0x14750000, 0x14750000)
  to   space 8704K,   0% used [0x13650000, 0x13650000, 0x13ed0000)
 tenured generation   total 174784K, used 131636K [0x14750000, 0x1f200000, 0x1f200000)
   the space 174784K,  75% used [0x14750000, 0x1c7dd178, 0x1c7dd200, 0x1f200000)
 Metaspace       used 18537K, capacity 18744K, committed 18816K, reserved 18816K

Card table byte_map: [0x045d0000,0x04660000] byte_map_base: 0x04557000

Polling page: 0x02320000

CodeCache: size=32768Kb used=1997Kb max_used=1997Kb free=30771Kb
 bounds [0x025d0000, 0x027c8000, 0x045d0000]
 total_blobs=1305 nmethods=919 adapters=317
 compilation: enabled

Compilation events (10 events):
Event: 15.284 Thread 0x04bea800  935             java.util.concurrent.atomic.AtomicInteger::decrementAndGet (14 bytes)
Event: 15.284 Thread 0x04bea800 nmethod 935 0x027bf648 code [0x027bf740, 0x027bf7d0]
Event: 15.373 Thread 0x04bea800  936             com.xuggle.xuggler.IPixelFormat$Type::swigToEnum (110 bytes)
Event: 15.374 Thread 0x04bea800 nmethod 936 0x027bf808 code [0x027bf990, 0x027bfd3c]
Event: 15.766 Thread 0x04bea800  937             sun.awt.image.ByteComponentRaster::verify (566 bytes)
Event: 15.767 Thread 0x04bea800 nmethod 937 0x027c0188 code [0x027c0540, 0x027c175c]
Event: 15.862 Thread 0x04bea800  938             java.nio.Buffer::<init> (121 bytes)
Event: 15.862 Thread 0x04bea800 nmethod 938 0x027c2a88 code [0x027c2c40, 0x027c315c]
Event: 15.870 Thread 0x04bea800  939             java.util.EventObject::<init> (24 bytes)
Event: 15.870 Thread 0x04bea800 nmethod 939 0x027c3608 code [0x027c3710, 0x027c380c]

GC Heap History (10 events):
Event: 5.926 GC heap before
{Heap before GC invocations=28 (full 2):
 def new generation   total 69312K, used 64097K [0x0f200000, 0x13d30000, 0x14750000)
  eden space 61632K, 100% used [0x0f200000, 0x12e30000, 0x12e30000)
  from space 7680K,  32% used [0x12e30000, 0x130984c0, 0x135b0000)
  to   space 7680K,   0% used [0x135b0000, 0x135b0000, 0x13d30000)
 tenured generation   total 153860K, used 116778K [0x14750000, 0x1dd91000, 0x1f200000)
   the space 153860K,  75% used [0x14750000, 0x1b95a9c8, 0x1b95aa00, 0x1dd91000)
 Metaspace       used 12243K, capacity 12395K, committed 12544K, reserved 12672K
Event: 5.932 GC heap after
Heap after GC invocations=29 (full 2):
 def new generation   total 69312K, used 2891K [0x0f200000, 0x13d30000, 0x14750000)
  eden space 61632K,   0% used [0x0f200000, 0x0f200000, 0x12e30000)
  from space 7680K,  37% used [0x135b0000, 0x13882d70, 0x13d30000)
  to   space 7680K,   0% used [0x12e30000, 0x12e30000, 0x135b0000)
 tenured generation   total 153860K, used 116778K [0x14750000, 0x1dd91000, 0x1f200000)
   the space 153860K,  75% used [0x14750000, 0x1b95a9c8, 0x1b95aa00, 0x1dd91000)
 Metaspace       used 12243K, capacity 12395K, committed 12544K, reserved 12672K
}
Event: 6.268 GC heap before
{Heap before GC invocations=29 (full 2):
 def new generation   total 69312K, used 23107K [0x0f200000, 0x13d30000, 0x14750000)
  eden space 61632K,  32% used [0x0f200000, 0x105be218, 0x12e30000)
  from space 7680K,  37% used [0x135b0000, 0x13882d70, 0x13d30000)
  to   space 7680K,   0% used [0x12e30000, 0x12e30000, 0x135b0000)
 tenured generation   total 153860K, used 116778K [0x14750000, 0x1dd91000, 0x1f200000)
   the space 153860K,  75% used [0x14750000, 0x1b95a9c8, 0x1b95aa00, 0x1dd91000)
 Metaspace       used 14954K, capacity 15083K, committed 15148K, reserved 15744K
Event: 6.291 GC heap after
Heap after GC invocations=30 (full 3):
 def new generation   total 78656K, used 0K [0x0f200000, 0x14750000, 0x14750000)
  eden space 69952K,   0% used [0x0f200000, 0x0f200000, 0x13650000)
  from space 8704K,   0% used [0x13650000, 0x13650000, 0x13ed0000)
  to   space 8704K,   0% used [0x13ed0000, 0x13ed0000, 0x14750000)
 tenured generation   total 174784K, used 120746K [0x14750000, 0x1f200000, 0x1f200000)
   the space 174784K,  69% used [0x14750000, 0x1bd3aab8, 0x1bd3ac00, 0x1f200000)
 Metaspace       used 14954K, capacity 15083K, committed 15148K, reserved 15744K
}
Event: 12.461 GC heap before
{Heap before GC invocations=30 (full 3):
 def new generation   total 78656K, used 69248K [0x0f200000, 0x14750000, 0x14750000)
  eden space 69952K,  98% used [0x0f200000, 0x135a0030, 0x13650000)
  from space 8704K,   0% used [0x13650000, 0x13650000, 0x13ed0000)
  to   space 8704K,   0% used [0x13ed0000, 0x13ed0000, 0x14750000)
 tenured generation   total 174784K, used 120746K [0x14750000, 0x1f200000, 0x1f200000)
   the space 174784K,  69% used [0x14750000, 0x1bd3aab8, 0x1bd3ac00, 0x1f200000)
 Metaspace       used 18534K, capacity 18741K, committed 18816K, reserved 18816K
Event: 12.478 GC heap after
Heap after GC invocations=31 (full 3):
 def new generation   total 78656K, used 8704K [0x0f200000, 0x14750000, 0x14750000)
  eden space 69952K,   0% used [0x0f200000, 0x0f200000, 0x13650000)
  from space 8704K, 100% used [0x13ed0000, 0x14750000, 0x14750000)
  to   space 8704K,   0% used [0x13650000, 0x13650000, 0x13ed0000)
 tenured generation   total 174784K, used 123105K [0x14750000, 0x1f200000, 0x1f200000)
   the space 174784K,  70% used [0x14750000, 0x1bf88470, 0x1bf88600, 0x1f200000)
 Metaspace       used 18534K, capacity 18741K, committed 18816K, reserved 18816K
}
Event: 13.805 GC heap before
{Heap before GC invocations=31 (full 3):
 def new generation   total 78656K, used 77663K [0x0f200000, 0x14750000, 0x14750000)
  eden space 69952K,  98% used [0x0f200000, 0x13557f10, 0x13650000)
  from space 8704K, 100% used [0x13ed0000, 0x14750000, 0x14750000)
  to   space 8704K,   0% used [0x13650000, 0x13650000, 0x13ed0000)
 tenured generation   total 174784K, used 123105K [0x14750000, 0x1f200000, 0x1f200000)
   the space 174784K,  70% used [0x14750000, 0x1bf88470, 0x1bf88600, 0x1f200000)
 Metaspace       used 18536K, capacity 18744K, committed 18816K, reserved 18816K
Event: 13.821 GC heap after
Heap after GC invocations=32 (full 3):
 def new generation   total 78656K, used 8235K [0x0f200000, 0x14750000, 0x14750000)
  eden space 69952K,   0% used [0x0f200000, 0x0f200000, 0x13650000)
  from space 8704K,  94% used [0x13650000, 0x13e5ada0, 0x13ed0000)
  to   space 8704K,   0% used [0x13ed0000, 0x13ed0000, 0x14750000)
 tenured generation   total 174784K, used 127991K [0x14750000, 0x1f200000, 0x1f200000)
   the space 174784K,  73% used [0x14750000, 0x1c44dd40, 0x1c44de00, 0x1f200000)
 Metaspace       used 18536K, capacity 18744K, committed 18816K, reserved 18816K
}
Event: 15.558 GC heap before
{Heap before GC invocations=32 (full 3):
 def new generation   total 78656K, used 78077K [0x0f200000, 0x14750000, 0x14750000)
  eden space 69952K,  99% used [0x0f200000, 0x13634880, 0x13650000)
  from space 8704K,  94% used [0x13650000, 0x13e5ada0, 0x13ed0000)
  to   space 8704K,   0% used [0x13ed0000, 0x13ed0000, 0x14750000)
 tenured generation   total 174784K, used 127991K [0x14750000, 0x1f200000, 0x1f200000)
   the space 174784K,  73% used [0x14750000, 0x1c44dd40, 0x1c44de00, 0x1f200000)
 Metaspace       used 18536K, capacity 18744K, committed 18816K, reserved 18816K
Event: 15.565 GC heap after
Heap after GC invocations=33 (full 3):
 def new generation   total 78656K, used 8704K [0x0f200000, 0x14750000, 0x14750000)
  eden space 69952K,   0% used [0x0f200000, 0x0f200000, 0x13650000)
  from space 8704K, 100% used [0x13ed0000, 0x14750000, 0x14750000)
  to   space 8704K,   0% used [0x13650000, 0x13650000, 0x13ed0000)
 tenured generation   total 174784K, used 131636K [0x14750000, 0x1f200000, 0x1f200000)
   the space 174784K,  75% used [0x14750000, 0x1c7dd178, 0x1c7dd200, 0x1f200000)
 Metaspace       used 18536K, capacity 18744K, committed 18816K, reserved 18816K
}

Deoptimization events (0 events):
No events

Internal exceptions (10 events):
Event: 11.919 Thread 0x0845c800 Exception <a 'java/security/PrivilegedActionException'> (0x1167ef40) thrown at [C:\re\workspace\8-2-build-windows-i586-cygwin\jdk8u31\2394\hotspot\src\share\vm\prims\jvm.cpp, line 1312]
Event: 11.919 Thread 0x0845c800 Exception <a 'java/security/PrivilegedActionException'> (0x11688ee0) thrown at [C:\re\workspace\8-2-build-windows-i586-cygwin\jdk8u31\2394\hotspot\src\share\vm\prims\jvm.cpp, line 1312]
Event: 11.920 Thread 0x0845c800 Exception <a 'java/security/PrivilegedActionException'> (0x117bc0f0) thrown at [C:\re\workspace\8-2-build-windows-i586-cygwin\jdk8u31\2394\hotspot\src\share\vm\prims\jvm.cpp, line 1312]
Event: 11.921 Thread 0x0845c800 Exception <a 'java/security/PrivilegedActionException'> (0x117c2e90) thrown at [C:\re\workspace\8-2-build-windows-i586-cygwin\jdk8u31\2394\hotspot\src\share\vm\prims\jvm.cpp, line 1312]
Event: 11.921 Thread 0x0845c800 Exception <a 'java/security/PrivilegedActionException'> (0x117cb208) thrown at [C:\re\workspace\8-2-build-windows-i586-cygwin\jdk8u31\2394\hotspot\src\share\vm\prims\jvm.cpp, line 1312]
Event: 11.921 Thread 0x0845c800 Exception <a 'java/security/PrivilegedActionException'> (0x117d2de0) thrown at [C:\re\workspace\8-2-build-windows-i586-cygwin\jdk8u31\2394\hotspot\src\share\vm\prims\jvm.cpp, line 1312]
Event: 11.922 Thread 0x0845c800 Exception <a 'java/security/PrivilegedActionException'> (0x117e0cc0) thrown at [C:\re\workspace\8-2-build-windows-i586-cygwin\jdk8u31\2394\hotspot\src\share\vm\prims\jvm.cpp, line 1312]
Event: 11.929 Thread 0x0845c800 Exception <a 'java/security/PrivilegedActionException'> (0x11963940) thrown at [C:\re\workspace\8-2-build-windows-i586-cygwin\jdk8u31\2394\hotspot\src\share\vm\prims\jvm.cpp, line 1312]
Event: 11.930 Thread 0x0845c800 Exception <a 'java/security/PrivilegedActionException'> (0x1196ac40) thrown at [C:\re\workspace\8-2-build-windows-i586-cygwin\jdk8u31\2394\hotspot\src\share\vm\prims\jvm.cpp, line 1312]
Event: 11.960 Thread 0x0845b000 Exception <a 'java/security/PrivilegedActionException'> (0x116177c0) thrown at [C:\re\workspace\8-2-build-windows-i586-cygwin\jdk8u31\2394\hotspot\src\share\vm\prims\jvm.cpp, line 1312]

Events (10 events):
Event: 15.400 Executing VM operation: RevokeBias done
Event: 15.400 Thread 0x0845a800 Thread exited: 0x0845a800
Event: 15.419 Thread 0x0845a800 Thread added: 0x0845a800
Event: 15.420 Executing VM operation: RevokeBias
Event: 15.420 Executing VM operation: RevokeBias done
Event: 15.420 Thread 0x0845a800 Thread exited: 0x0845a800
Event: 15.558 Executing VM operation: GenCollectForAllocation
Event: 15.565 Executing VM operation: GenCollectForAllocation done
Event: 15.966 Thread 0x0845a800 Thread added: 0x0845a800
Event: 15.966 Thread 0x0845b400 Thread added: 0x0845b400


Dynamic libraries:
0x00320000 - 0x00350000 	C:\Program Files (x86)\Java\jdk1.8.0_31\bin\java.exe
0x770a0000 - 0x7720e000 	C:\Windows\SYSTEM32\ntdll.dll
0x75da0000 - 0x75ee0000 	C:\Windows\SYSTEM32\KERNEL32.DLL
0x763f0000 - 0x764c7000 	C:\Windows\SYSTEM32\KERNELBASE.dll
0x6ae80000 - 0x6af20000 	C:\Windows\system32\apphelp.dll
0x506f0000 - 0x50955000 	C:\Windows\AppPatch\AcGenral.DLL
0x76f00000 - 0x76fc3000 	C:\Windows\SYSTEM32\msvcrt.dll
0x76770000 - 0x767b1000 	C:\Windows\SYSTEM32\sechost.dll
0x748a0000 - 0x748be000 	C:\Windows\SYSTEM32\SspiCli.dll
0x76e90000 - 0x76ed5000 	C:\Windows\SYSTEM32\SHLWAPI.dll
0x73d60000 - 0x73e4d000 	C:\Windows\SYSTEM32\UxTheme.dll
0x767c0000 - 0x76913000 	C:\Windows\SYSTEM32\USER32.dll
0x748c0000 - 0x749ce000 	C:\Windows\SYSTEM32\GDI32.dll
0x6cde0000 - 0x6ce03000 	C:\Windows\SYSTEM32\WINMM.dll
0x6c790000 - 0x6c7a3000 	C:\Windows\SYSTEM32\samcli.dll
0x769c0000 - 0x76ae8000 	C:\Windows\SYSTEM32\ole32.dll
0x76920000 - 0x769b5000 	C:\Windows\SYSTEM32\OLEAUT32.dll
0x59450000 - 0x59467000 	C:\Windows\SYSTEM32\MSACM32.dll
0x74740000 - 0x74748000 	C:\Windows\SYSTEM32\VERSION.dll
0x74a50000 - 0x75cfc000 	C:\Windows\SYSTEM32\SHELL32.dll
0x74400000 - 0x7441b000 	C:\Windows\SYSTEM32\USERENV.dll
0x6ccb0000 - 0x6ccca000 	C:\Windows\SYSTEM32\dwmapi.dll
0x6c930000 - 0x6ca7a000 	C:\Windows\SYSTEM32\urlmon.dll
0x749d0000 - 0x74a4c000 	C:\Windows\SYSTEM32\ADVAPI32.dll
0x6cf80000 - 0x6cfe5000 	C:\Windows\SYSTEM32\WINSPOOL.DRV
0x6c7e0000 - 0x6c7f6000 	C:\Windows\SYSTEM32\MPR.dll
0x76250000 - 0x7630a000 	C:\Windows\SYSTEM32\RPCRT4.dll
0x74890000 - 0x7489a000 	C:\Windows\SYSTEM32\CRYPTBASE.dll
0x75ee0000 - 0x7605d000 	C:\Windows\SYSTEM32\combase.dll
0x6cdb0000 - 0x6cdd3000 	C:\Windows\SYSTEM32\WINMMBASE.dll
0x73ae0000 - 0x73aef000 	C:\Windows\SYSTEM32\profapi.dll
0x738a0000 - 0x73ad2000 	C:\Windows\SYSTEM32\iertutil.dll
0x73b80000 - 0x73d55000 	C:\Windows\SYSTEM32\WININET.dll
0x74830000 - 0x74884000 	C:\Windows\SYSTEM32\bcryptPrimitives.dll
0x764e0000 - 0x7651c000 	C:\Windows\SYSTEM32\cfgmgr32.dll
0x6cd80000 - 0x6cda1000 	C:\Windows\SYSTEM32\DEVOBJ.dll
0x746b0000 - 0x7473b000 	C:\Windows\SYSTEM32\SHCORE.DLL
0x76060000 - 0x76087000 	C:\Windows\system32\IMM32.DLL
0x76af0000 - 0x76c03000 	C:\Windows\SYSTEM32\MSCTF.dll
0x74750000 - 0x7477e000 	C:\Windows\SYSTEM32\nvinit.dll
0x0f000000 - 0x0f006000 	C:\Program Files (x86)\NVIDIA Corporation\CoProcManager\_etoured.dll
0x6bb90000 - 0x6bbbb000 	C:\Program Files (x86)\NVIDIA Corporation\CoProcManager\nvd3d9wrap.dll
0x76cd0000 - 0x76e81000 	C:\Windows\SYSTEM32\SETUPAPI.dll
0x6bb70000 - 0x6bb8f000 	C:\Program Files (x86)\NVIDIA Corporation\CoProcManager\nvdxgiwrap.dll
0x741e0000 - 0x743e6000 	C:\Windows\WinSxS\x86_microsoft.windows.common-controls_6595b64144ccf1df_6.0.9600.17415_none_a9ed7f470139b3c1\COMCTL32.dll
0x6b8e0000 - 0x6b95b000 	C:\Program Files (x86)\AVG\AVG2015\avghookx.dll
0x57a80000 - 0x57b3f000 	C:\Program Files (x86)\Java\jdk1.8.0_31\jre\bin\msvcr100.dll
0x50340000 - 0x506e4000 	C:\Program Files (x86)\Java\jdk1.8.0_31\jre\bin\client\jvm.dll
0x6c860000 - 0x6c868000 	C:\Windows\SYSTEM32\WSOCK32.dll
0x76230000 - 0x76236000 	C:\Windows\SYSTEM32\PSAPI.DLL
0x76310000 - 0x76360000 	C:\Windows\SYSTEM32\WS2_32.dll
0x764d0000 - 0x764d7000 	C:\Windows\SYSTEM32\NSI.dll
0x57a70000 - 0x57a7c000 	C:\Program Files (x86)\Java\jdk1.8.0_31\jre\bin\verify.dll
0x57a40000 - 0x57a61000 	C:\Program Files (x86)\Java\jdk1.8.0_31\jre\bin\java.dll
0x51d80000 - 0x51d93000 	C:\Program Files (x86)\Java\jdk1.8.0_31\jre\bin\zip.dll
0x51c30000 - 0x51d76000 	C:\Program Files (x86)\Java\jdk1.8.0_31\jre\bin\awt.dll
0x746a0000 - 0x746a9000 	C:\Windows\SYSTEM32\kernel.appcore.dll
0x63230000 - 0x63403000 	C:\Windows\system32\d3d9.dll
0x62bf0000 - 0x62cce000 	C:\Windows\SYSTEM32\nvumdshim.dll
0x5d220000 - 0x5e8fe000 	C:\Windows\system32\igdumdim32.dll
0x61bf0000 - 0x62468000 	C:\Windows\SYSTEM32\igdusc32.dll
0x51bf0000 - 0x51c29000 	C:\Program Files (x86)\Java\jdk1.8.0_31\jre\bin\fontmanager.dll
0x51bd0000 - 0x51be5000 	C:\Program Files (x86)\Java\jdk1.8.0_31\jre\bin\net.dll
0x6cb40000 - 0x6cb8b000 	C:\Windows\system32\mswsock.dll
0x57a30000 - 0x57a3f000 	C:\Program Files (x86)\Java\jdk1.8.0_31\jre\bin\nio.dll
0x51ba0000 - 0x51bd0000 	C:\Program Files (x86)\Java\jdk1.8.0_31\jre\bin\t2k.dll
0x51b80000 - 0x51ba0000 	C:\Program Files (x86)\Java\jdk1.8.0_31\jre\bin\sunec.dll
0x51b70000 - 0x51b79000 	C:\Program Files (x86)\Java\jdk1.8.0_31\jre\bin\sunmscapi.dll
0x76090000 - 0x76218000 	C:\Windows\SYSTEM32\CRYPT32.dll
0x765f0000 - 0x765fe000 	C:\Windows\SYSTEM32\MSASN1.dll
0x6ecf0000 - 0x6ed09000 	C:\Windows\SYSTEM32\CRYPTSP.dll
0x6ec60000 - 0x6ec90000 	C:\Windows\system32\rsaenh.dll
0x6ec40000 - 0x6ec5e000 	C:\Windows\SYSTEM32\bcrypt.dll
0x744e0000 - 0x74500000 	C:\Windows\SYSTEM32\IPHLPAPI.DLL
0x73b70000 - 0x73b78000 	C:\Windows\SYSTEM32\WINNSI.DLL
0x76360000 - 0x763ed000 	C:\Windows\SYSTEM32\clbcatq.dll
0x6b0e0000 - 0x6b0f3000 	C:\Windows\SYSTEM32\dhcpcsvc6.DLL
0x6b990000 - 0x6b9a4000 	C:\Windows\SYSTEM32\dhcpcsvc.DLL
0x6ba10000 - 0x6ba21000 	C:\Windows\system32\napinsp.dll
0x6b9f0000 - 0x6ba06000 	C:\Windows\system32\pnrpnsp.dll
0x6b9d0000 - 0x6b9e4000 	C:\Windows\system32\NLAapi.dll
0x6bc60000 - 0x6bcde000 	C:\Windows\SYSTEM32\DNSAPI.dll
0x6b9c0000 - 0x6b9ca000 	C:\Windows\System32\winrnr.dll
0x6b9b0000 - 0x6b9c0000 	C:\Windows\system32\wshbth.dll
0x6bc30000 - 0x6bc51000 	C:\Program Files (x86)\Bonjour\mdnsNSP.dll
0x6bc20000 - 0x6bc28000 	C:\Windows\System32\rasadhlp.dll
0x6bbd0000 - 0x6bc16000 	C:\Windows\System32\fwpuclnt.dll
0x51ad0000 - 0x51af5000 	C:\Program Files (x86)\Java\jdk1.8.0_31\jre\bin\jpeg.dll
0x59470000 - 0x595db000 	C:\Windows\SYSTEM32\WindowsCodecs.dll
0x51b60000 - 0x51b6a000 	C:\Program Files (x86)\Java\jdk1.8.0_31\jre\bin\management.dll
0x51ac0000 - 0x51aca000 	C:\Program Files (x86)\Java\jdk1.8.0_31\jre\bin\jsound.dll
0x51ab0000 - 0x51ab9000 	C:\Program Files (x86)\Java\jdk1.8.0_31\jre\bin\jsoundds.dll
0x62dc0000 - 0x62e41000 	C:\Windows\SYSTEM32\DSOUND.dll
0x6b730000 - 0x6b770000 	C:\Windows\SYSTEM32\POWRPROF.dll
0x659b0000 - 0x65a03000 	C:\Windows\SYSTEM32\MMDevAPI.DLL
0x57c80000 - 0x57cb6000 	C:\Windows\SYSTEM32\wdmaud.drv
0x6bb20000 - 0x6bb27000 	C:\Windows\SYSTEM32\ksuser.dll
0x5fb50000 - 0x5fb5a000 	C:\Windows\SYSTEM32\AVRT.dll
0x65a10000 - 0x65a70000 	C:\Windows\SYSTEM32\AUDIOSES.DLL
0x62470000 - 0x62479000 	C:\Windows\SYSTEM32\msacm32.drv
0x59440000 - 0x59448000 	C:\Windows\SYSTEM32\midimap.dll
0x50280000 - 0x5033e000 	C:\Users\Piotr\AppData\Local\Temp\javacpp52175399601853\msvcr100.dll
0x50210000 - 0x50279000 	C:\Users\Piotr\AppData\Local\Temp\javacpp52175399601853\msvcp100.dll
0x50000000 - 0x50206000 	C:\Users\Piotr\AppData\Local\Temp\javacpp52175399601853\opencv_core249.dll
0x77eb0000 - 0x77ff8000 	C:\Users\Piotr\AppData\Local\Temp\javacpp52175399601853\jniopencv_core.dll
0x77c40000 - 0x77ead000 	C:\Users\Piotr\AppData\Local\Temp\javacpp52175399601853\opencv_imgproc249.dll
0x77bc0000 - 0x77c40000 	C:\Users\Piotr\AppData\Local\Temp\javacpp52175399601853\jniopencv_imgproc.dll
0x70fc0000 - 0x71ef6000 	C:\Users\Piotr\AppData\Local\Temp\javacpp52175399601853\opencv_ffmpeg249.dll
0x779b0000 - 0x77bb7000 	C:\Users\Piotr\AppData\Local\Temp\javacpp52175399601853\opencv_highgui249.dll
0x77990000 - 0x779aa000 	C:\Windows\SYSTEM32\AVIFIL32.dll
0x77960000 - 0x77983000 	C:\Windows\SYSTEM32\MSVFW32.dll
0x77940000 - 0x77954000 	C:\Windows\SYSTEM32\AVICAP32.dll
0x77900000 - 0x7793c000 	C:\Users\Piotr\AppData\Local\Temp\javacpp52175399601853\jniopencv_highgui.dll
0x60740000 - 0x60754000 	C:\Windows\SYSTEM32\devenum.dll
0x73800000 - 0x73828000 	C:\Windows\SYSTEM32\ntmarta.dll
0x765b0000 - 0x765ed000 	C:\Windows\SYSTEM32\WINTRUST.dll
0x6bb50000 - 0x6bb5b000 	C:\Windows\SYSTEM32\msdmo.dll
0x778c0000 - 0x778f1000 	C:\Windows\SYSTEM32\qcap.dll
0x77720000 - 0x778bf000 	C:\Windows\SYSTEM32\quartz.dll
0x5ebc0000 - 0x5ec00000 	C:\Windows\SYSTEM32\ksproxy.ax
0x60730000 - 0x6073c000 	C:\Windows\SYSTEM32\vidcap.ax
0x60710000 - 0x6072f000 	C:\Windows\SYSTEM32\kswdmcap.ax
0x5eab0000 - 0x5ebb4000 	C:\Windows\SYSTEM32\MFC42.dll
0x5ea00000 - 0x5eaa9000 	C:\Windows\SYSTEM32\ODBC32.dll
0x77690000 - 0x7771e000 	C:\Windows\SYSTEM32\qedit.dll
0x75d00000 - 0x75d9b000 	C:\Windows\SYSTEM32\COMDLG32.dll
0x6ce10000 - 0x6cf80000 	C:\Windows\WinSxS\x86_microsoft.windows.gdiplus_6595b64144ccf1df_1.1.9600.17415_none_dad8722c5bcc2d8f\gdiplus.dll
0x5e910000 - 0x5e9fc000 	C:\Windows\SYSTEM32\DDRAW.dll

VM Arguments:
jvm_args: -Dfile.encoding=UTF-8 
java_command: wideokomunikator.main
java_class_path (initial): D:\Programowanie\javacv\javacv-bin\ffmpeg.jar;D:\Programowanie\javacv\javacv-bin\javacpp.jar;D:\Programowanie\javacv\javacv-bin\javacv.jar;D:\Programowanie\javacv\javacv-bin\opencv.jar;C:\Program Files\Java\jdk1.8.0_05\db\lib\derby.jar;C:\Program Files\Java\jdk1.8.0_05\db\lib\derbyclient.jar;C:\Program Files\Java\jdk1.8.0_05\db\lib\derbytools.jar;C:\Program Files\Java\jdk1.8.0_05\db\lib\derbynet.jar;D:\Programowanie\xuggle-xuggler-5.4.jar;D:\Programowanie\slf4j-simple-1.7.10.jar;D:\Programowanie\slf4j-api-1.7.10.jar;D:\Programowanie\javacv\javacv-bin\opencv-linux-x86.jar;D:\Programowanie\javacv\javacv-bin\opencv-linux-x86_64.jar;D:\Programowanie\javacv\javacv-bin\opencv-macosx-x86_64.jar;D:\Programowanie\javacv\javacv-bin\opencv-windows-x86.jar;D:\Programowanie\javacv\javacv-bin\opencv-windows-x86_64.jar;C:\Users\Piotr\Documents\NetBeansProjects\Wideokomunikator\build\classes
Launcher Type: SUN_STANDARD

Environment Variables:
JAVA_HOME=C:\Program Files\Java\jdk1.8.0_05
CLASSPATH=.;C:\PROGRA~2\JMF2.1.1e\lib\sound.jar;C:\PROGRA~2\JMF2.1.1e\lib\jmf.jar;C:\PROGRA~2\JMF2.1.1e\lib;.;.;.;c:\PROGRA~2\java\JMF21~1.1E\lib\sound.jar;c:\PROGRA~2\java\JMF21~1.1E\lib\jmf.jar;c:\PROGRA~2\java\JMF21~1.1E\lib;
PATH=C:\Program Files (x86)\NVIDIA Corporation\PhysX\Common;C:\ProgramData\Oracle\Java\javapath;C:\Python34\;C:\Python34\Scripts;C:\Program Files (x86)\Intel\iCLS Client\;C:\Program Files\Intel\iCLS Client\;C:\Windows\system32;C:\Windows;C:\Windows\System32\Wbem;C:\Windows\System32\WindowsPowerShell\v1.0\;C:\Program Files\Intel\Intel(R) Management Engine Components\DAL;C:\Program Files\Intel\Intel(R) Management Engine Components\IPT;C:\Program Files (x86)\Intel\Intel(R) Management Engine Components\DAL;C:\Program Files (x86)\Intel\Intel(R) Management Engine Components\IPT;C:\Program Files\nodejs\;C:\Windows\Microsoft.NET\Framework\v4.0.30319;C:\Program Files\Microsoft SQL Server\110\Tools\Binn\;C:\Program Files\Java\jdk1.8.0_05\bin;C:\Program Files\apache-ant-1.9.4\bin;%XUGGLE_HOME%\bin;C:\Program Files (x86)\QuickTime\QTSystem\;c:\PROGRA~2\java\JMF21~1.1E\lib;C:\Users\Piotr\AppData\Roaming\npm;C:\Program Files (x86)\Bitvise SSH Client;C:\Program Files\Java\jdk1.8.0_05\bin
USERNAME=Piotr
OS=Windows_NT
PROCESSOR_IDENTIFIER=Intel64 Family 6 Model 60 Stepping 3, GenuineIntel



---------------  S Y S T E M  ---------------

OS: Windows 8.1 , 64 bit Build 9600 

CPU:total 8 (4 cores per cpu, 2 threads per core) family 6 model 60 stepping 3, cmov, cx8, fxsr, mmx, sse, sse2, sse3, ssse3, sse4.1, sse4.2, popcnt, avx, avx2, aes, clmul, erms, lzcnt, ht, tsc, tscinvbit, bmi1, bmi2

Memory: 4k page, physical 15910992k(10127712k free), swap 36390992k(28810268k free)

vm_info: Java HotSpot(TM) Client VM (25.31-b07) for windows-x86 JRE (1.8.0_31-b13), built on Dec 17 2014 20:46:12 by "java_re" with MS VC++ 10.0 (VS2010)

time: Tue Feb 17 22:45:33 2015
elapsed time: 15 seconds (0d 0h 0m 15s)

