#
# A fatal error has been detected by the Java Runtime Environment:
#
#  EXCEPTION_ACCESS_VIOLATION (0xc0000005) at pc=0x000000006ea34104, pid=9708, tid=748
#
# JRE version: Java(TM) SE Runtime Environment (8.0-b132) (build 1.8.0-b132)
# Java VM: Java HotSpot(TM) 64-Bit Server VM (25.0-b70 mixed mode windows-amd64 compressed oops)
# Problematic frame:
# C  [xuggle418275295541945324.dll+0x2f4104]
#
# Failed to write core dump. Minidumps are not enabled by default on client versions of Windows
#
# If you would like to submit a bug report, please visit:
#   http://bugreport.sun.com/bugreport/crash.jsp
# The crash happened outside the Java Virtual Machine in native code.
# See problematic frame for where to report the bug.
#

---------------  T H R E A D  ---------------

Current thread (0x00000000215d8000):  JavaThread "Thread-41" [_thread_in_native, id=748, stack(0x000000002c760000,0x000000002c860000)]

siginfo: ExceptionCode=0xc0000005, reading address 0x0000000000000000

Registers:
RAX=0x0000000000000001, RBX=0x0000000021b911d0, RCX=0x0000000000000000, RDX=0x00000000000002a0
RSP=0x000000002c85e8b0, RBP=0x0000000000000000, RSI=0x0000000000000000, RDI=0x000000000000001c
R8 =0x0000000000000280, R9 =0x0000000000000000, R10=0x000000006f496308, R11=0x000000006f496308
R12=0x0000000000000001, R13=0x0000000000000010, R14=0x0000000000000010, R15=0x000000000000001c
RIP=0x000000006ea34104, EFLAGS=0x0000000000010206

Top of Stack: (sp=0x000000002c85e8b0)
0x000000002c85e8b0:   00000000000002a0 0000000000000150
0x000000002c85e8c0:   000000000000000f 0000000200000079
0x000000002c85e8d0:   0000000021b90001 000000006eb45a25
0x000000002c85e8e0:   00000150000002a0 000000002b0f9828
0x000000002c85e8f0:   000000002b0e46b8 0000000100000138
0x000000002c85e900:   0000000000000028 0000002700000002
0x000000002c85e910:   0000000000000f00 0000000000000140
0x000000002c85e920:   00000000000000a0 0000000000000000
0x000000002c85e930:   0000000021b911d0 000000000000001c
0x000000002c85e940:   0000000000000000 0000000000000000
0x000000002c85e950:   0000000000000000 0000000000012177
0x000000002c85e960:   0000000027108650 000000006eaad60f
0x000000002c85e970:   0000000000000000 000000000000007f
0x000000002c85e980:   0000000000000000 0000000000000000
0x000000002c85e990:   0000000021b911d0 0000000000000000
0x000000002c85e9a0:   000000000000007f 000000006eb42b0c 

Instructions: (pc=0x000000006ea34104)
0x000000006ea340e4:   3e 44 39 f9 44 0f 4d e2 8b 93 9c 00 00 00 41 29
0x000000006ea340f4:   f7 41 39 ff 44 0f 4f ff 89 d1 0f af ce 48 63 c9
0x000000006ea34104:   49 03 09 45 89 f9 89 44 24 40 44 89 64 24 30 c7
0x000000006ea34114:   44 24 28 10 00 00 00 c7 44 24 20 10 00 00 00 ff 


Register to memory mapping:

RAX=0x0000000000000001 is an unknown value
RBX=0x0000000021b911d0 is an unknown value
RCX=0x0000000000000000 is an unknown value
RDX=0x00000000000002a0 is an unknown value
RSP=0x000000002c85e8b0 is pointing into the stack for thread: 0x00000000215d8000
RBP=0x0000000000000000 is an unknown value
RSI=0x0000000000000000 is an unknown value
RDI=0x000000000000001c is an unknown value
R8 =0x0000000000000280 is an unknown value
R9 =0x0000000000000000 is an unknown value
R10=0x000000006f496308 is an unknown value
R11=0x000000006f496308 is an unknown value
R12=0x0000000000000001 is an unknown value
R13=0x0000000000000010 is an unknown value
R14=0x0000000000000010 is an unknown value
R15=0x000000000000001c is an unknown value


Stack: [0x000000002c760000,0x000000002c860000],  sp=0x000000002c85e8b0,  free space=1018k
Native frames: (J=compiled Java code, j=interpreted, Vv=VM code, C=native code)

Java frames: (J=compiled Java code, j=interpreted, Vv=VM code)
J 806  com.xuggle.xuggler.XugglerJNI.IStreamCoder_decodeVideo(JLcom/xuggle/xuggler/IStreamCoder;JLcom/xuggle/xuggler/IVideoPicture;JLcom/xuggle/xuggler/IPacket;I)I (0 bytes) @ 0x000000000f34b75d [0x000000000f34b6c0+0x9d]
J 803 C1 com.xuggle.xuggler.IStreamCoder.decodeVideo(Lcom/xuggle/xuggler/IVideoPicture;Lcom/xuggle/xuggler/IPacket;I)I (20 bytes) @ 0x000000000f34be24 [0x000000000f34bb00+0x324]
j  wideokomunikator.server.conference.Server$1.run()V+60
j  java.lang.Thread.run()V+11
v  ~StubRoutines::call_stub

---------------  P R O C E S S  ---------------

Java Threads: ( => current thread )
=>0x00000000215d8000 JavaThread "Thread-41" [_thread_in_native, id=748, stack(0x000000002c760000,0x000000002c860000)]
  0x00000000215d5000 JavaThread "Thread-40" [_thread_blocked, id=1128, stack(0x000000002c660000,0x000000002c760000)]
  0x00000000215d4000 JavaThread "Thread-39" [_thread_blocked, id=9864, stack(0x000000002c560000,0x000000002c660000)]
  0x00000000215d1000 JavaThread "Thread-38" [_thread_blocked, id=6112, stack(0x000000002c460000,0x000000002c560000)]
  0x00000000215d3800 JavaThread "Thread-37" [_thread_blocked, id=8488, stack(0x000000002c360000,0x000000002c460000)]
  0x00000000215d2800 JavaThread "Thread-36" [_thread_blocked, id=1612, stack(0x000000002c160000,0x000000002c260000)]
  0x00000000215d2000 JavaThread "Thread-35" [_thread_blocked, id=9444, stack(0x000000002c060000,0x000000002c160000)]
  0x00000000215cd800 JavaThread "Thread-34" [_thread_blocked, id=2580, stack(0x000000002bf60000,0x000000002c060000)]
  0x00000000215d0800 JavaThread "Thread-33" [_thread_blocked, id=1924, stack(0x000000002be60000,0x000000002bf60000)]
  0x00000000215ce000 JavaThread "Thread-32" [_thread_blocked, id=2516, stack(0x000000002bd60000,0x000000002be60000)]
  0x00000000215cf800 JavaThread "Thread-31" [_thread_blocked, id=412, stack(0x000000002bc60000,0x000000002bd60000)]
  0x00000000215cf000 JavaThread "Thread-30" [_thread_blocked, id=2060, stack(0x000000002bb60000,0x000000002bc60000)]
  0x00000000215ca800 JavaThread "Thread-29" [_thread_blocked, id=5204, stack(0x000000002ba60000,0x000000002bb60000)]
  0x00000000215c9800 JavaThread "Thread-28" [_thread_blocked, id=9960, stack(0x000000002b960000,0x000000002ba60000)]
  0x00000000215cc800 JavaThread "Thread-27" [_thread_blocked, id=1748, stack(0x000000002b860000,0x000000002b960000)]
  0x00000000215cb000 JavaThread "Thread-26" [_thread_blocked, id=2296, stack(0x000000002b760000,0x000000002b860000)]
  0x00000000215cc000 JavaThread "Thread-25" [_thread_blocked, id=4724, stack(0x000000002b660000,0x000000002b760000)]
  0x00000000215c6000 JavaThread "Thread-24" [_thread_blocked, id=4436, stack(0x000000002b560000,0x000000002b660000)]
  0x00000000215c9000 JavaThread "Thread-23" [_thread_blocked, id=9756, stack(0x000000002b460000,0x000000002b560000)]
  0x00000000215c8000 JavaThread "Thread-22" [_thread_blocked, id=1848, stack(0x000000002a390000,0x000000002a490000)]
  0x00000000215c7800 JavaThread "Thread-21" [_thread_blocked, id=4000, stack(0x000000002a290000,0x000000002a390000)]
  0x00000000215c6800 JavaThread "Thread-20" [_thread_blocked, id=2728, stack(0x000000002a190000,0x000000002a290000)]
  0x000000002132a000 JavaThread "Thread-19" [_thread_blocked, id=924, stack(0x000000002a090000,0x000000002a190000)]
  0x000000002132c000 JavaThread "Thread-18" [_thread_blocked, id=9372, stack(0x0000000029f90000,0x000000002a090000)]
  0x000000002132a800 JavaThread "Thread-17" [_thread_blocked, id=10180, stack(0x0000000029e90000,0x0000000029f90000)]
  0x0000000021329000 JavaThread "Thread-16" [_thread_blocked, id=3208, stack(0x0000000029d90000,0x0000000029e90000)]
  0x000000002132b800 JavaThread "Thread-15" [_thread_blocked, id=3200, stack(0x0000000029c90000,0x0000000029d90000)]
  0x0000000021326000 JavaThread "Thread-14" [_thread_in_native, id=6468, stack(0x0000000029b90000,0x0000000029c90000)]
  0x0000000021327000 JavaThread "Thread-13" [_thread_blocked, id=6712, stack(0x0000000029a90000,0x0000000029b90000)]
  0x0000000021325800 JavaThread "Thread-12" [_thread_blocked, id=8944, stack(0x0000000029990000,0x0000000029a90000)]
  0x0000000021328800 JavaThread "Thread-11" [_thread_blocked, id=9356, stack(0x0000000029790000,0x0000000029890000)]
  0x0000000021327800 JavaThread "Thread-10" [_thread_blocked, id=8164, stack(0x0000000029690000,0x0000000029790000)]
  0x0000000023966800 JavaThread "Thread-9" [_thread_blocked, id=1376, stack(0x0000000029590000,0x0000000029690000)]
  0x0000000021648800 JavaThread "Thread-8" [_thread_in_native, id=3148, stack(0x0000000029110000,0x0000000029210000)]
  0x0000000023884800 JavaThread "Thread-7" [_thread_blocked, id=2892, stack(0x0000000029010000,0x0000000029110000)]
  0x0000000021348800 JavaThread "Java Sound Event Dispatcher" daemon [_thread_blocked, id=3800, stack(0x0000000022dc0000,0x0000000022ec0000)]
  0x0000000021481000 JavaThread "D3D Screen Updater" daemon [_thread_blocked, id=1316, stack(0x0000000021fe0000,0x00000000220e0000)]
  0x00000000213eb800 JavaThread "Thread-3" [_thread_in_native, id=9804, stack(0x0000000021ee0000,0x0000000021fe0000)]
  0x00000000212d9000 JavaThread "AWT-EventQueue-0" [_thread_blocked, id=9292, stack(0x0000000021ce0000,0x0000000021de0000)]
  0x000000001e3a9000 JavaThread "AWT-Windows" daemon [_thread_in_native, id=5788, stack(0x000000001f210000,0x000000001f310000)]
  0x000000001e3a8000 JavaThread "AWT-Shutdown" [_thread_blocked, id=4448, stack(0x000000001f110000,0x000000001f210000)]
  0x000000001e3a5800 JavaThread "Java2D Disposer" daemon [_thread_blocked, id=764, stack(0x000000001f010000,0x000000001f110000)]
  0x000000001e0d7800 JavaThread "Service Thread" daemon [_thread_blocked, id=4052, stack(0x000000001e910000,0x000000001ea10000)]
  0x000000001e04d000 JavaThread "C1 CompilerThread3" daemon [_thread_blocked, id=6164, stack(0x000000001e810000,0x000000001e910000)]
  0x000000001e048000 JavaThread "C2 CompilerThread2" daemon [_thread_blocked, id=3224, stack(0x000000001e710000,0x000000001e810000)]
  0x000000001e036800 JavaThread "C2 CompilerThread1" daemon [_thread_blocked, id=8572, stack(0x000000001e610000,0x000000001e710000)]
  0x000000001e045000 JavaThread "C2 CompilerThread0" daemon [_thread_blocked, id=3556, stack(0x000000001e510000,0x000000001e610000)]
  0x000000001e042800 JavaThread "Attach Listener" daemon [_thread_blocked, id=484, stack(0x000000001e410000,0x000000001e510000)]
  0x000000001e041800 JavaThread "Signal Dispatcher" daemon [_thread_blocked, id=7072, stack(0x000000000ee70000,0x000000000ef70000)]
  0x0000000002b38800 JavaThread "Finalizer" daemon [_thread_blocked, id=4636, stack(0x000000000ed70000,0x000000000ee70000)]
  0x000000000ceac800 JavaThread "Reference Handler" daemon [_thread_blocked, id=9684, stack(0x000000000ec70000,0x000000000ed70000)]
  0x000000000284d800 JavaThread "main" [_thread_blocked, id=7628, stack(0x0000000002940000,0x0000000002a40000)]

Other Threads:
  0x000000000cea8800 VMThread [stack: 0x000000000eb70000,0x000000000ec70000] [id=9868]
  0x000000001e0da000 WatcherThread [stack: 0x000000001ea10000,0x000000001eb10000] [id=10188]

VM state:not at safepoint (normal execution)

VM Mutex/Monitor currently owned by a thread: None

Heap:
 PSYoungGen      total 14848K, used 13905K [0x000000076f100000, 0x0000000770c00000, 0x00000007c0000000)
  eden space 10240K, 92% used [0x000000076f100000,0x000000076fa47bd0,0x000000076fb00000)
  from space 4608K, 95% used [0x000000076fb00000,0x000000076ff4ca38,0x000000076ff80000)
  to   space 5632K, 0% used [0x0000000770680000,0x0000000770680000,0x0000000770c00000)
 ParOldGen       total 248320K, used 16267K [0x00000006cd200000, 0x00000006dc480000, 0x000000076f100000)
  object space 248320K, 6% used [0x00000006cd200000,0x00000006ce1e2d00,0x00000006dc480000)
 Metaspace       used 12001K, capacity 12086K, committed 12288K, reserved 1060864K
  class space    used 1384K, capacity 1422K, committed 1536K, reserved 1048576K

Card table byte_map: [0x0000000002f00000,0x00000000036a0000] byte_map_base: 0xffffffffff897000

Marking Bits: (ParMarkBitMap*) 0x000000005a5913b0
 Begin Bits: [0x00000000043b0000, 0x0000000008068000)
 End Bits:   [0x0000000008068000, 0x000000000bd20000)

Polling page: 0x00000000027f0000

CodeCache: size=245760Kb used=3417Kb max_used=3417Kb free=242342Kb
 bounds [0x000000000f010000, 0x000000000f370000, 0x000000001e010000]
 total_blobs=1430 nmethods=854 adapters=490
 compilation: enabled

Compilation events (10 events):
Event: 3.683 Thread 0x000000001e04d000  851       3       com.xuggle.ferry.RefCounted::<init> (82 bytes)
Event: 3.684 Thread 0x000000001e04d000 nmethod 851 0x000000000f366a90 code [0x000000000f366c40, 0x000000000f367308]
Event: 3.684 Thread 0x000000001e04d000  852       3       com.xuggle.ferry.JNINativeFinalizer::<init> (5 bytes)
Event: 3.684 Thread 0x000000001e04d000 nmethod 852 0x000000000f367690 code [0x000000000f367800, 0x000000000f3679b0]
Event: 3.684 Thread 0x000000001e04d000  853  s    1       java.net.DatagramPacket::getData (5 bytes)
Event: 3.684 Thread 0x000000001e04d000 nmethod 853 0x000000000f367a90 code [0x000000000f367be0, 0x000000000f367e50]
Event: 3.684 Thread 0x000000001e04d000  854  s    1       java.net.DatagramPacket::getLength (5 bytes)
Event: 3.684 Thread 0x000000001e04d000 nmethod 854 0x000000000f367ed0 code [0x000000000f368020, 0x000000000f368290]
Event: 3.702 Thread 0x000000001e04d000  855       1       com.xuggle.xuggler.IPixelFormat$Type::swigValue (5 bytes)
Event: 3.702 Thread 0x000000001e04d000 nmethod 855 0x000000000f368310 code [0x000000000f368460, 0x000000000f368570]

GC Heap History (10 events):
Event: 1.583 GC heap before
{Heap before GC invocations=7 (full 0):
 PSYoungGen      total 4608K, used 4544K [0x000000076f100000, 0x000000076f800000, 0x00000007c0000000)
  eden space 3584K, 100% used [0x000000076f100000,0x000000076f480000,0x000000076f480000)
  from space 1024K, 93% used [0x000000076f600000,0x000000076f6f0020,0x000000076f700000)
  to   space 1536K, 0% used [0x000000076f480000,0x000000076f480000,0x000000076f600000)
 ParOldGen       total 248320K, used 1111K [0x00000006cd200000, 0x00000006dc480000, 0x000000076f100000)
  object space 248320K, 0% used [0x00000006cd200000,0x00000006cd315fc8,0x00000006dc480000)
 Metaspace       used 9249K, capacity 9328K, committed 9600K, reserved 1058816K
  class space    used 1086K, capacity 1100K, committed 1152K, reserved 1048576K
Event: 1.586 GC heap after
Heap after GC invocations=7 (full 0):
 PSYoungGen      total 5120K, used 1520K [0x000000076f100000, 0x000000076fe00000, 0x00000007c0000000)
  eden space 3584K, 0% used [0x000000076f100000,0x000000076f100000,0x000000076f480000)
  from space 1536K, 98% used [0x000000076f480000,0x000000076f5fc200,0x000000076f600000)
  to   space 3072K, 0% used [0x000000076fb00000,0x000000076fb00000,0x000000076fe00000)
 ParOldGen       total 248320K, used 4001K [0x00000006cd200000, 0x00000006dc480000, 0x000000076f100000)
  object space 248320K, 1% used [0x00000006cd200000,0x00000006cd5e85c8,0x00000006dc480000)
 Metaspace       used 9249K, capacity 9328K, committed 9600K, reserved 1058816K
  class space    used 1086K, capacity 1100K, committed 1152K, reserved 1048576K
}
Event: 1.724 GC heap before
{Heap before GC invocations=8 (full 0):
 PSYoungGen      total 5120K, used 5104K [0x000000076f100000, 0x000000076fe00000, 0x00000007c0000000)
  eden space 3584K, 100% used [0x000000076f100000,0x000000076f480000,0x000000076f480000)
  from space 1536K, 98% used [0x000000076f480000,0x000000076f5fc200,0x000000076f600000)
  to   space 3072K, 0% used [0x000000076fb00000,0x000000076fb00000,0x000000076fe00000)
 ParOldGen       total 248320K, used 4001K [0x00000006cd200000, 0x00000006dc480000, 0x000000076f100000)
  object space 248320K, 1% used [0x00000006cd200000,0x00000006cd5e85c8,0x00000006dc480000)
 Metaspace       used 10000K, capacity 10064K, committed 10240K, reserved 1058816K
  class space    used 1158K, capacity 1196K, committed 1280K, reserved 1048576K
Event: 1.725 GC heap after
Heap after GC invocations=8 (full 0):
 PSYoungGen      total 9728K, used 3039K [0x000000076f100000, 0x000000076ff00000, 0x00000007c0000000)
  eden space 6656K, 0% used [0x000000076f100000,0x000000076f100000,0x000000076f780000)
  from space 3072K, 98% used [0x000000076fb00000,0x000000076fdf7da0,0x000000076fe00000)
  to   space 3584K, 0% used [0x000000076f780000,0x000000076f780000,0x000000076fb00000)
 ParOldGen       total 248320K, used 5225K [0x00000006cd200000, 0x00000006dc480000, 0x000000076f100000)
  object space 248320K, 2% used [0x00000006cd200000,0x00000006cd71a7c8,0x00000006dc480000)
 Metaspace       used 10000K, capacity 10064K, committed 10240K, reserved 1058816K
  class space    used 1158K, capacity 1196K, committed 1280K, reserved 1048576K
}
Event: 3.057 GC heap before
{Heap before GC invocations=9 (full 0):
 PSYoungGen      total 9728K, used 9695K [0x000000076f100000, 0x000000076ff00000, 0x00000007c0000000)
  eden space 6656K, 100% used [0x000000076f100000,0x000000076f780000,0x000000076f780000)
  from space 3072K, 98% used [0x000000076fb00000,0x000000076fdf7da0,0x000000076fe00000)
  to   space 3584K, 0% used [0x000000076f780000,0x000000076f780000,0x000000076fb00000)
 ParOldGen       total 248320K, used 5225K [0x00000006cd200000, 0x00000006dc480000, 0x000000076f100000)
  object space 248320K, 2% used [0x00000006cd200000,0x00000006cd71a7c8,0x00000006dc480000)
 Metaspace       used 11741K, capacity 11862K, committed 11904K, reserved 1060864K
  class space    used 1348K, capacity 1390K, committed 1408K, reserved 1048576K
Event: 3.059 GC heap after
Heap after GC invocations=9 (full 0):
 PSYoungGen      total 10240K, used 3492K [0x000000076f100000, 0x0000000770380000, 0x00000007c0000000)
  eden space 6656K, 0% used [0x000000076f100000,0x000000076f100000,0x000000076f780000)
  from space 3584K, 97% used [0x000000076f780000,0x000000076fae9240,0x000000076fb00000)
  to   space 4096K, 0% used [0x000000076ff80000,0x000000076ff80000,0x0000000770380000)
 ParOldGen       total 248320K, used 6428K [0x00000006cd200000, 0x00000006dc480000, 0x000000076f100000)
  object space 248320K, 2% used [0x00000006cd200000,0x00000006cd8470d8,0x00000006dc480000)
 Metaspace       used 11741K, capacity 11862K, committed 11904K, reserved 1060864K
  class space    used 1348K, capacity 1390K, committed 1408K, reserved 1048576K
}
Event: 3.323 GC heap before
{Heap before GC invocations=10 (full 0):
 PSYoungGen      total 10240K, used 9828K [0x000000076f100000, 0x0000000770380000, 0x00000007c0000000)
  eden space 6656K, 95% used [0x000000076f100000,0x000000076f72fe20,0x000000076f780000)
  from space 3584K, 97% used [0x000000076f780000,0x000000076fae9240,0x000000076fb00000)
  to   space 4096K, 0% used [0x000000076ff80000,0x000000076ff80000,0x0000000770380000)
 ParOldGen       total 248320K, used 6428K [0x00000006cd200000, 0x00000006dc480000, 0x000000076f100000)
  object space 248320K, 2% used [0x00000006cd200000,0x00000006cd8470d8,0x00000006dc480000)
 Metaspace       used 11991K, capacity 12086K, committed 12288K, reserved 1060864K
  class space    used 1384K, capacity 1422K, committed 1536K, reserved 1048576K
Event: 3.326 GC heap after
Heap after GC invocations=10 (full 0):
 PSYoungGen      total 14336K, used 3364K [0x000000076f100000, 0x0000000770480000, 0x00000007c0000000)
  eden space 10240K, 0% used [0x000000076f100000,0x000000076f100000,0x000000076fb00000)
  from space 4096K, 82% used [0x000000076ff80000,0x00000007702c9220,0x0000000770380000)
  to   space 4608K, 0% used [0x000000076fb00000,0x000000076fb00000,0x000000076ff80000)
 ParOldGen       total 248320K, used 11380K [0x00000006cd200000, 0x00000006dc480000, 0x000000076f100000)
  object space 248320K, 4% used [0x00000006cd200000,0x00000006cdd1d378,0x00000006dc480000)
 Metaspace       used 11991K, capacity 12086K, committed 12288K, reserved 1060864K
  class space    used 1384K, capacity 1422K, committed 1536K, reserved 1048576K
}
Event: 3.541 GC heap before
{Heap before GC invocations=11 (full 0):
 PSYoungGen      total 14336K, used 13535K [0x000000076f100000, 0x0000000770480000, 0x00000007c0000000)
  eden space 10240K, 99% used [0x000000076f100000,0x000000076faeec70,0x000000076fb00000)
  from space 4096K, 82% used [0x000000076ff80000,0x00000007702c9220,0x0000000770380000)
  to   space 4608K, 0% used [0x000000076fb00000,0x000000076fb00000,0x000000076ff80000)
 ParOldGen       total 248320K, used 11380K [0x00000006cd200000, 0x00000006dc480000, 0x000000076f100000)
  object space 248320K, 4% used [0x00000006cd200000,0x00000006cdd1d378,0x00000006dc480000)
 Metaspace       used 11994K, capacity 12086K, committed 12288K, reserved 1060864K
  class space    used 1384K, capacity 1422K, committed 1536K, reserved 1048576K
Event: 3.544 GC heap after
Heap after GC invocations=11 (full 0):
 PSYoungGen      total 14848K, used 4402K [0x000000076f100000, 0x0000000770c00000, 0x00000007c0000000)
  eden space 10240K, 0% used [0x000000076f100000,0x000000076f100000,0x000000076fb00000)
  from space 4608K, 95% used [0x000000076fb00000,0x000000076ff4ca38,0x000000076ff80000)
  to   space 5632K, 0% used [0x0000000770680000,0x0000000770680000,0x0000000770c00000)
 ParOldGen       total 248320K, used 16267K [0x00000006cd200000, 0x00000006dc480000, 0x000000076f100000)
  object space 248320K, 6% used [0x00000006cd200000,0x00000006ce1e2d00,0x00000006dc480000)
 Metaspace       used 11994K, capacity 12086K, committed 12288K, reserved 1060864K
  class space    used 1384K, capacity 1422K, committed 1536K, reserved 1048576K
}

Deoptimization events (2 events):
Event: 1.559 Thread 0x000000000284d800 Uncommon trap: reason=class_check action=maybe_recompile pc=0x000000000f214498 method=java.io.FilterInputStream.read([BII)I @ 7
Event: 1.559 Thread 0x000000000284d800 Uncommon trap: reason=class_check action=maybe_recompile pc=0x000000000f214498 method=java.io.FilterInputStream.read([BII)I @ 7

Internal exceptions (10 events):
Event: 3.150 Thread 0x0000000023884800 Exception <a 'java/security/PrivilegedActionException'> (0x000000076f20a8a0) thrown at [D:\re\workspace\8-2-build-windows-amd64-cygwin\jdk8\2238\hotspot\src\share\vm\prims\jvm.cpp, line 1248]
Event: 3.150 Thread 0x0000000023884800 Exception <a 'java/security/PrivilegedActionException'> (0x000000076f21bb50) thrown at [D:\re\workspace\8-2-build-windows-amd64-cygwin\jdk8\2238\hotspot\src\share\vm\prims\jvm.cpp, line 1248]
Event: 3.151 Thread 0x00000000213eb800 Exception <a 'java/security/PrivilegedActionException'> (0x000000076f226ba0) thrown at [D:\re\workspace\8-2-build-windows-amd64-cygwin\jdk8\2238\hotspot\src\share\vm\prims\jvm.cpp, line 1248]
Event: 3.298 Thread 0x0000000021648800 Exception <a 'java/security/PrivilegedActionException'> (0x000000076f201398) thrown at [D:\re\workspace\8-2-build-windows-amd64-cygwin\jdk8\2238\hotspot\src\share\vm\prims\jvm.cpp, line 1248]
Event: 3.299 Thread 0x0000000021648800 Exception <a 'java/security/PrivilegedActionException'> (0x000000076f4bd160) thrown at [D:\re\workspace\8-2-build-windows-amd64-cygwin\jdk8\2238\hotspot\src\share\vm\prims\jvm.cpp, line 1248]
Event: 3.299 Thread 0x0000000021648800 Exception <a 'java/security/PrivilegedActionException'> (0x000000076f4c5950) thrown at [D:\re\workspace\8-2-build-windows-amd64-cygwin\jdk8\2238\hotspot\src\share\vm\prims\jvm.cpp, line 1248]
Event: 3.300 Thread 0x0000000021648800 Exception <a 'java/security/PrivilegedActionException'> (0x000000076f4cdb60) thrown at [D:\re\workspace\8-2-build-windows-amd64-cygwin\jdk8\2238\hotspot\src\share\vm\prims\jvm.cpp, line 1248]
Event: 3.300 Thread 0x0000000021648800 Exception <a 'java/security/PrivilegedActionException'> (0x000000076f4da1d0) thrown at [D:\re\workspace\8-2-build-windows-amd64-cygwin\jdk8\2238\hotspot\src\share\vm\prims\jvm.cpp, line 1248]
Event: 3.301 Thread 0x0000000021648800 Exception <a 'java/security/PrivilegedActionException'> (0x000000076f4e1920) thrown at [D:\re\workspace\8-2-build-windows-amd64-cygwin\jdk8\2238\hotspot\src\share\vm\prims\jvm.cpp, line 1248]
Event: 3.302 Thread 0x0000000021648800 Exception <a 'java/security/PrivilegedActionException'> (0x000000076f4e9ff0) thrown at [D:\re\workspace\8-2-build-windows-amd64-cygwin\jdk8\2238\hotspot\src\share\vm\prims\jvm.cpp, line 1248]

Events (10 events):
Event: 3.550 Thread 0x00000000215ce000 Thread added: 0x00000000215ce000
Event: 3.551 Thread 0x00000000215d0800 Thread added: 0x00000000215d0800
Event: 3.552 Thread 0x00000000215cd800 Thread added: 0x00000000215cd800
Event: 3.552 Thread 0x00000000215d2000 Thread added: 0x00000000215d2000
Event: 3.553 Thread 0x00000000215d2800 Thread added: 0x00000000215d2800
Event: 3.680 Thread 0x00000000215d3800 Thread added: 0x00000000215d3800
Event: 3.681 Thread 0x00000000215d1000 Thread added: 0x00000000215d1000
Event: 3.682 Thread 0x00000000215d4000 Thread added: 0x00000000215d4000
Event: 3.683 Thread 0x00000000215d5000 Thread added: 0x00000000215d5000
Event: 3.705 Thread 0x00000000215d8000 Thread added: 0x00000000215d8000


Dynamic libraries:
0x00007ff678dd0000 - 0x00007ff678e04000 	C:\Program Files\Java\jdk1.8.0\bin\java.exe
0x00007ffd2f2e0000 - 0x00007ffd2f48c000 	C:\Windows\SYSTEM32\ntdll.dll
0x00007ffd2f0c0000 - 0x00007ffd2f1fe000 	C:\Windows\system32\KERNEL32.DLL
0x00007ffd2c740000 - 0x00007ffd2c855000 	C:\Windows\system32\KERNELBASE.dll
0x00007ffd2af60000 - 0x00007ffd2afee000 	C:\Windows\system32\apphelp.dll
0x00007ffd10200000 - 0x00007ffd10253000 	C:\Windows\AppPatch\AppPatch64\AcGenral.DLL
0x00007ffd2cf00000 - 0x00007ffd2cfaa000 	C:\Windows\system32\msvcrt.dll
0x00007ffd2c280000 - 0x00007ffd2c2ae000 	C:\Windows\SYSTEM32\SspiCli.dll
0x00007ffd2f270000 - 0x00007ffd2f2c4000 	C:\Windows\system32\SHLWAPI.dll
0x00007ffd2cfe0000 - 0x00007ffd2d157000 	C:\Windows\system32\USER32.dll
0x00007ffd2ee60000 - 0x00007ffd2eff4000 	C:\Windows\system32\ole32.dll
0x00007ffd2d160000 - 0x00007ffd2e678000 	C:\Windows\system32\SHELL32.dll
0x00007ffd2ba00000 - 0x00007ffd2ba21000 	C:\Windows\SYSTEM32\USERENV.dll
0x00007ffd2e8b0000 - 0x00007ffd2e95a000 	C:\Windows\system32\ADVAPI32.dll
0x00007ffd237a0000 - 0x00007ffd237be000 	C:\Windows\SYSTEM32\MPR.dll
0x00007ffd2c960000 - 0x00007ffd2caa1000 	C:\Windows\system32\RPCRT4.dll
0x00007ffd2eda0000 - 0x00007ffd2edf9000 	C:\Windows\SYSTEM32\sechost.dll
0x00007ffd2e690000 - 0x00007ffd2e8a1000 	C:\Windows\SYSTEM32\combase.dll
0x00007ffd2cc60000 - 0x00007ffd2cdb1000 	C:\Windows\system32\GDI32.dll
0x00007ffd2c430000 - 0x00007ffd2c445000 	C:\Windows\SYSTEM32\profapi.dll
0x00007ffd2aea0000 - 0x00007ffd2af52000 	C:\Windows\SYSTEM32\SHCORE.dll
0x00007ffd2e960000 - 0x00007ffd2e996000 	C:\Windows\system32\IMM32.DLL
0x00007ffd2ea60000 - 0x00007ffd2ebb3000 	C:\Windows\system32\MSCTF.dll
0x00007ffd2c3e0000 - 0x00007ffd2c412000 	C:\Windows\system32\nvinitx.dll
0x00007ffd2c3d0000 - 0x00007ffd2c3da000 	C:\Windows\SYSTEM32\VERSION.dll
0x000000000f000000 - 0x000000000f006000 	C:\Program Files\NVIDIA Corporation\CoProcManager\_etoured.dll
0x00007ffd2a6f0000 - 0x00007ffd2a722000 	C:\Program Files\NVIDIA Corporation\CoProcManager\nvd3d9wrapx.dll
0x00007ffd2ebc0000 - 0x00007ffd2ed9a000 	C:\Windows\system32\SETUPAPI.dll
0x00007ffd2c860000 - 0x00007ffd2c8af000 	C:\Windows\system32\CFGMGR32.dll
0x00007ffd2a6c0000 - 0x00007ffd2a6e2000 	C:\Program Files\NVIDIA Corporation\CoProcManager\nvdxgiwrapx.dll
0x00007ffd29e50000 - 0x00007ffd2a0cb000 	C:\Windows\WinSxS\amd64_microsoft.windows.common-controls_6595b64144ccf1df_6.0.9600.17415_none_6240486fecbd8abb\COMCTL32.dll
0x00007ffd1fd70000 - 0x00007ffd1fdf9000 	C:\Program Files (x86)\AVG\AVG2015\avghooka.dll
0x000000005a610000 - 0x000000005a6e2000 	C:\Program Files\Java\jdk1.8.0\jre\bin\msvcr100.dll
0x0000000059de0000 - 0x000000005a60a000 	C:\Program Files\Java\jdk1.8.0\jre\bin\server\jvm.dll
0x00007ffd236a0000 - 0x00007ffd236a9000 	C:\Windows\SYSTEM32\WSOCK32.dll
0x00007ffd2a0d0000 - 0x00007ffd2a0f2000 	C:\Windows\SYSTEM32\WINMM.dll
0x00007ffd2e680000 - 0x00007ffd2e687000 	C:\Windows\system32\PSAPI.DLL
0x00007ffd2ee00000 - 0x00007ffd2ee5a000 	C:\Windows\system32\WS2_32.dll
0x00007ffd29be0000 - 0x00007ffd29c0a000 	C:\Windows\SYSTEM32\WINMMBASE.dll
0x00000000027e0000 - 0x00000000027e9000 	C:\Windows\system32\NSI.dll
0x00007ffd2b1f0000 - 0x00007ffd2b218000 	C:\Windows\SYSTEM32\DEVOBJ.dll
0x0000000059dd0000 - 0x0000000059ddf000 	C:\Program Files\Java\jdk1.8.0\jre\bin\verify.dll
0x0000000059da0000 - 0x0000000059dc8000 	C:\Program Files\Java\jdk1.8.0\jre\bin\java.dll
0x0000000059d80000 - 0x0000000059d96000 	C:\Program Files\Java\jdk1.8.0\jre\bin\zip.dll
0x0000000059be0000 - 0x0000000059d76000 	C:\Program Files\Java\jdk1.8.0\jre\bin\awt.dll
0x00007ffd2cdc0000 - 0x00007ffd2ce81000 	C:\Windows\system32\OLEAUT32.dll
0x00007ffd2a730000 - 0x00007ffd2a751000 	C:\Windows\system32\DWMAPI.DLL
0x00007ffd2b050000 - 0x00007ffd2b179000 	C:\Windows\system32\uxtheme.dll
0x00007ffd2b240000 - 0x00007ffd2b24b000 	C:\Windows\SYSTEM32\kernel.appcore.dll
0x00007ffd2c320000 - 0x00007ffd2c32b000 	C:\Windows\SYSTEM32\CRYPTBASE.dll
0x00007ffd2c2b0000 - 0x00007ffd2c313000 	C:\Windows\SYSTEM32\bcryptPrimitives.dll
0x00007ffd20920000 - 0x00007ffd20b41000 	C:\Windows\system32\d3d9.dll
0x00007ffd29310000 - 0x00007ffd2940d000 	C:\Windows\SYSTEM32\nvumdshimx.dll
0x00007ffd070b0000 - 0x00007ffd08853000 	C:\Windows\system32\igdumdim64.dll
0x00007ffd27260000 - 0x00007ffd27c0c000 	C:\Windows\SYSTEM32\igdusc64.dll
0x00007ffd2bd20000 - 0x00007ffd2bd40000 	C:\Windows\SYSTEM32\CRYPTSP.dll
0x00007ffd2b8f0000 - 0x00007ffd2b926000 	C:\Windows\system32\rsaenh.dll
0x00007ffd2bf70000 - 0x00007ffd2bf96000 	C:\Windows\SYSTEM32\bcrypt.dll
0x0000000059bc0000 - 0x0000000059bda000 	C:\Program Files\Java\jdk1.8.0\jre\bin\net.dll
0x00007ffd2bcc0000 - 0x00007ffd2bd19000 	C:\Windows\system32\mswsock.dll
0x00007ffd1fcf0000 - 0x00007ffd1fd05000 	C:\Windows\system32\napinsp.dll
0x00007ffd1fd10000 - 0x00007ffd1fd2a000 	C:\Windows\system32\pnrpnsp.dll
0x00007ffd28420000 - 0x00007ffd2843b000 	C:\Windows\system32\NLAapi.dll
0x00007ffd2bac0000 - 0x00007ffd2bb64000 	C:\Windows\SYSTEM32\DNSAPI.dll
0x00007ffd1fd30000 - 0x00007ffd1fd3d000 	C:\Windows\System32\winrnr.dll
0x00007ffd1fd40000 - 0x00007ffd1fd54000 	C:\Windows\system32\wshbth.dll
0x000000005c230000 - 0x000000005c256000 	C:\Program Files\Bonjour\mdnsNSP.dll
0x00007ffd264c0000 - 0x00007ffd264ea000 	C:\Windows\SYSTEM32\Iphlpapi.DLL
0x00007ffd26490000 - 0x00007ffd2649a000 	C:\Windows\SYSTEM32\WINNSI.DLL
0x00007ffd20200000 - 0x00007ffd2020a000 	C:\Windows\System32\rasadhlp.dll
0x00007ffd26070000 - 0x00007ffd260db000 	C:\Windows\System32\fwpuclnt.dll
0x0000000059ba0000 - 0x0000000059bb1000 	C:\Program Files\Java\jdk1.8.0\jre\bin\nio.dll
0x000000006e740000 - 0x000000006fda5000 	C:\Users\Piotr\AppData\Local\Temp\xuggle\xuggle418275295541945324.dll
0x00007ffd18f20000 - 0x00007ffd18f37000 	C:\Windows\SYSTEM32\AVICAP32.dll
0x00007ffd0ff10000 - 0x00007ffd0ff39000 	C:\Windows\SYSTEM32\MSVFW32.dll
0x0000000059b50000 - 0x0000000059b97000 	C:\Program Files\Java\jdk1.8.0\jre\bin\fontmanager.dll
0x00007ffd2f000000 - 0x00007ffd2f0b6000 	C:\Windows\SYSTEM32\clbcatq.dll
0x0000000059b40000 - 0x0000000059b4c000 	C:\Program Files\Java\jdk1.8.0\jre\bin\jsound.dll
0x0000000059b30000 - 0x0000000059b3b000 	C:\Program Files\Java\jdk1.8.0\jre\bin\jsoundds.dll
0x00007ffd06ae0000 - 0x00007ffd06b7d000 	C:\Windows\SYSTEM32\DSOUND.dll
0x00007ffd2ba30000 - 0x00007ffd2ba76000 	C:\Windows\SYSTEM32\POWRPROF.dll
0x00007ffd284e0000 - 0x00007ffd28550000 	C:\Windows\SYSTEM32\MMDevAPI.DLL
0x00007ffd264f0000 - 0x00007ffd2652e000 	C:\Windows\SYSTEM32\wdmaud.drv
0x00007ffd26aa0000 - 0x00007ffd26aa8000 	C:\Windows\SYSTEM32\ksuser.dll
0x00007ffd29e40000 - 0x00007ffd29e4c000 	C:\Windows\SYSTEM32\AVRT.dll
0x00007ffd1be10000 - 0x00007ffd1be8e000 	C:\Windows\SYSTEM32\AUDIOSES.DLL
0x00007ffd27e30000 - 0x00007ffd27e3b000 	C:\Windows\SYSTEM32\msacm32.drv
0x00007ffd23b40000 - 0x00007ffd23b5c000 	C:\Windows\SYSTEM32\MSACM32.dll
0x00007ffd18f40000 - 0x00007ffd18f4a000 	C:\Windows\SYSTEM32\midimap.dll
0x0000000059b10000 - 0x0000000059b25000 	C:\Users\Piotr\AppData\Local\Temp\javacpp12141965741596\libusb0.dll
0x00007ffd0fee0000 - 0x00007ffd0ff0c000 	C:\Users\Piotr\AppData\Local\Temp\javacpp12141965741596\freenect.dll
0x00007ffd15b80000 - 0x00007ffd15b99000 	C:\Users\Piotr\AppData\Local\Temp\javacpp12141965741596\pthreadVC2.dll
0x00007ffd0feb0000 - 0x00007ffd0fed7000 	C:\Users\Piotr\AppData\Local\Temp\javacpp12141965741596\jnifreenect.dll
0x00007ffd0fe80000 - 0x00007ffd0fea5000 	C:\Users\Piotr\AppData\Local\Temp\javacpp12141965741596\jnivideoInputLib.dll
0x000000005dc70000 - 0x000000005dd08000 	C:\Windows\SYSTEM32\MSVCP100.dll
0x00007ffd159b0000 - 0x00007ffd159c8000 	C:\Windows\System32\devenum.dll
0x00007ffd29410000 - 0x00007ffd29442000 	C:\Windows\SYSTEM32\ntmarta.dll
0x00007ffd2c500000 - 0x00007ffd2c551000 	C:\Windows\system32\WINTRUST.dll
0x0000000022bd0000 - 0x0000000022daf000 	C:\Windows\system32\CRYPT32.dll
0x00007ffd2c4e0000 - 0x00007ffd2c4f1000 	C:\Windows\system32\MSASN1.dll
0x00007ffd14c00000 - 0x00007ffd14c0d000 	C:\Windows\SYSTEM32\msdmo.dll
0x00007ffd0fe50000 - 0x00007ffd0fe7d000 	C:\Windows\System32\qcap.dll
0x00007ffd04790000 - 0x00007ffd04962000 	C:\Windows\System32\quartz.dll
0x00007ffd05c20000 - 0x00007ffd05c6b000 	C:\Windows\System32\ksproxy.ax
0x00007ffd11b80000 - 0x00007ffd11b8e000 	C:\Windows\System32\vidcap.ax
0x00007ffd0fe20000 - 0x00007ffd0fe46000 	C:\Windows\System32\kswdmcap.ax
0x00007ffd04a60000 - 0x00007ffd04bad000 	C:\Windows\System32\MFC42.dll
0x00007ffd058d0000 - 0x00007ffd05992000 	C:\Windows\System32\ODBC32.dll
0x00007ffd04c00000 - 0x00007ffd04ca8000 	C:\Windows\System32\qedit.dll
0x00007ffd2e9a0000 - 0x00007ffd2ea56000 	C:\Windows\system32\COMDLG32.dll
0x00007ffd29450000 - 0x00007ffd29600000 	C:\Windows\WinSxS\amd64_microsoft.windows.gdiplus_6595b64144ccf1df_1.1.9600.17415_none_932b3b5547500489\gdiplus.dll
0x00007ffd245f0000 - 0x00007ffd246e8000 	C:\Windows\System32\DDRAW.dll
0x00007ffd28710000 - 0x00007ffd28719000 	C:\Windows\System32\DCIMAN32.dll
0x00007ffd04590000 - 0x00007ffd04781000 	C:\Program Files\K-Lite Codec Pack x64\Filters\vsfilter.dll
0x00007ffd29650000 - 0x00007ffd296d2000 	C:\Windows\SYSTEM32\WINSPOOL.DRV
0x00007ffd24b90000 - 0x00007ffd24dd8000 	C:\Windows\SYSTEM32\WININET.dll
0x00007ffd24f90000 - 0x00007ffd25257000 	C:\Windows\SYSTEM32\iertutil.dll
0x00007ffd11b70000 - 0x00007ffd11b7c000 	C:\Windows\SYSTEM32\msyuv.dll
0x0000000059a30000 - 0x0000000059b01000 	C:\Users\Piotr\AppData\Local\Temp\javacpp12141965741596\msvcr100.dll
0x0000000059990000 - 0x0000000059a28000 	C:\Users\Piotr\AppData\Local\Temp\javacpp12141965741596\msvcp100.dll
0x00007ffd03b70000 - 0x00007ffd03de2000 	C:\Users\Piotr\AppData\Local\Temp\javacpp12141965741596\opencv_core249.dll
0x00007ffd039c0000 - 0x00007ffd03b65000 	C:\Users\Piotr\AppData\Local\Temp\javacpp12141965741596\jniopencv_core.dll
0x00007ffd220c0000 - 0x00007ffd2224a000 	C:\Windows\SYSTEM32\dbghelp.dll

VM Arguments:
jvm_args: -Dfile.encoding=UTF-8 
java_command: wideokomunikator.main
java_class_path (initial): D:\Programowanie\javacv\javacv-bin\ffmpeg.jar;D:\Programowanie\javacv\javacv-bin\javacpp.jar;D:\Programowanie\javacv\javacv-bin\javacv.jar;D:\Programowanie\javacv\javacv-bin\opencv.jar;C:\Program Files\Java\jdk1.8.0_05\db\lib\derby.jar;C:\Program Files\Java\jdk1.8.0_05\db\lib\derbyclient.jar;C:\Program Files\Java\jdk1.8.0_05\db\lib\derbytools.jar;C:\Program Files\Java\jdk1.8.0_05\db\lib\derbynet.jar;D:\Programowanie\xuggle-xuggler-5.4.jar;D:\Programowanie\slf4j-simple-1.7.10.jar;D:\Programowanie\slf4j-api-1.7.10.jar;C:\Users\Piotr\Documents\NetBeansProjects\Wideokomunikator\build\classes
Launcher Type: SUN_STANDARD

Environment Variables:
JAVA_HOME=C:\Program Files\Java\jdk1.8.0_05
CLASSPATH=.;C:\PROGRA~2\JMF2.1.1e\lib\sound.jar;C:\PROGRA~2\JMF2.1.1e\lib\jmf.jar;C:\PROGRA~2\JMF2.1.1e\lib;.;.;.;c:\PROGRA~2\java\JMF21~1.1E\lib\sound.jar;c:\PROGRA~2\java\JMF21~1.1E\lib\jmf.jar;c:\PROGRA~2\java\JMF21~1.1E\lib;
PATH=C:\Program Files (x86)\NVIDIA Corporation\PhysX\Common;C:\ProgramData\Oracle\Java\javapath;C:\Python34\;C:\Python34\Scripts;C:\Program Files (x86)\Intel\iCLS Client\;C:\Program Files\Intel\iCLS Client\;C:\Windows\system32;C:\Windows;C:\Windows\System32\Wbem;C:\Windows\System32\WindowsPowerShell\v1.0\;C:\Program Files\Intel\Intel(R) Management Engine Components\DAL;C:\Program Files\Intel\Intel(R) Management Engine Components\IPT;C:\Program Files (x86)\Intel\Intel(R) Management Engine Components\DAL;C:\Program Files (x86)\Intel\Intel(R) Management Engine Components\IPT;C:\Program Files\nodejs\;C:\Windows\Microsoft.NET\Framework\v4.0.30319;C:\Program Files\Microsoft SQL Server\110\Tools\Binn\;C:\Program Files\Java\jdk1.8.0_05\bin;C:\Program Files (x86)\QuickTime\QTSystem\;C:\Program Files\apache-ant-1.9.4\bin;1UGGLE_HOME\bin;c:\PROGRA~2\java\JMF21~1.1E\lib;C:\Users\Piotr\AppData\Roaming\npm;C:\Program Files (x86)\Bitvise SSH Client;C:\Program Files\Java\jdk1.8.0_05\bin
USERNAME=Piotr
OS=Windows_NT
PROCESSOR_IDENTIFIER=Intel64 Family 6 Model 60 Stepping 3, GenuineIntel



---------------  S Y S T E M  ---------------

OS: Windows 8.1 , 64 bit Build 9600 

CPU:total 8 (4 cores per cpu, 2 threads per core) family 6 model 60 stepping 3, cmov, cx8, fxsr, mmx, sse, sse2, sse3, ssse3, sse4.1, sse4.2, popcnt, avx, avx2, aes, clmul, erms, ht, tsc, tscinvbit

Memory: 4k page, physical 15910992k(10207000k free), swap 36390992k(27524132k free)

vm_info: Java HotSpot(TM) 64-Bit Server VM (25.0-b70) for windows-amd64 JRE (1.8.0-b132), built on Mar  4 2014 03:46:18 by "java_re" with MS VC++ 10.0 (VS2010)

time: Sun Feb 08 13:59:34 2015
elapsed time: 3 seconds

