#
# A fatal error has been detected by the Java Runtime Environment:
#
#  EXCEPTION_ACCESS_VIOLATION (0xc0000005) at pc=0x0b85c1c7, pid=2216, tid=1888
#
# JRE version: Java(TM) SE Runtime Environment (8.0_31-b13) (build 1.8.0_31-b13)
# Java VM: Java HotSpot(TM) Client VM (25.31-b07 mixed mode windows-x86 )
# Problematic frame:
# C  [xuggle7912970095535011169.dll+0x40c1c7]
#
# Failed to write core dump. Minidumps are not enabled by default on client versions of Windows
#
# If you would like to submit a bug report, please visit:
#   http://bugreport.java.com/bugreport/crash.jsp
# The crash happened outside the Java Virtual Machine in native code.
# See problematic frame for where to report the bug.
#

---------------  T H R E A D  ---------------

Current thread (0x088ce000):  JavaThread "Thread-27" [_thread_in_native, id=1888, stack(0x21c70000,0x21cc0000)]

siginfo: ExceptionCode=0xc0000005, writing address 0x0000018c

Registers:
EAX=0x00000000, EBX=0x00000010, ECX=0x00000000, EDX=0x00000010
ESP=0x21cbf450, EBP=0x20742760, ESI=0x20799a34, EDI=0x21573660
EIP=0x0b85c1c7, EFLAGS=0x00010212

Top of Stack: (sp=0x21cbf450)
0x21cbf450:   21573a40 21573a60 21573660 21573680
0x21cbf460:   00000000 00000140 000000f0 00000000
0x21cbf470:   7220313d 333d6665 62656420 6b636f6c
0x21cbf480:   303a313d 6120303a 796c616e 303d6573
0x21cbf490:   303a3378 33313178 3d656d20 20786568
0x21cbf4a0:   6d627573 20373d65 3d797370 73702031
0x21cbf4b0:   64725f79 302e313d 2e303a30 6d203030
0x21cbf4c0:   64657869 6665725f 20799a34 00000003 

Instructions: (pc=0x0b85c1c7)
0x0b85c1a7:   20 89 44 24 0c 8d 42 20 89 44 24 04 e8 28 24 6e
0x0b85c1b7:   00 8b 97 8c 01 00 00 8b 85 40 79 04 00 83 c2 02
0x0b85c1c7:   89 90 8c 01 00 00 8b 9d 30 79 04 00 8b b5 1c 79
0x0b85c1d7:   04 00 89 98 90 01 00 00 e9 94 f9 ff ff 3b ac 24 


Register to memory mapping:

EAX=0x00000000 is an unknown value
EBX=0x00000010 is an unknown value
ECX=0x00000000 is an unknown value
EDX=0x00000010 is an unknown value
ESP=0x21cbf450 is pointing into the stack for thread: 0x088ce000
EBP=0x20742760 is an unknown value
ESI=0x20799a34 is an unknown value
EDI=0x21573660 is an unknown value


Stack: [0x21c70000,0x21cc0000],  sp=0x21cbf450,  free space=317k
Native frames: (J=compiled Java code, j=interpreted, Vv=VM code, C=native code)
C  [xuggle7912970095535011169.dll+0x40c1c7]

Java frames: (J=compiled Java code, j=interpreted, Vv=VM code)
j  com.xuggle.xuggler.XugglerJNI.IStreamCoder_decodeVideo(JLcom/xuggle/xuggler/IStreamCoder;JLcom/xuggle/xuggler/IVideoPicture;JLcom/xuggle/xuggler/IPacket;I)I+0
j  com.xuggle.xuggler.IStreamCoder.decodeVideo(Lcom/xuggle/xuggler/IVideoPicture;Lcom/xuggle/xuggler/IPacket;I)I+16
j  wideokomunikator.audiovideo.AudioVideo.decodeVideo(Lwideokomunikator/audiovideo/Packet;I)V+65
j  wideokomunikator.audiovideo.AudioVideo.access$1600(Lwideokomunikator/audiovideo/AudioVideo;Lwideokomunikator/audiovideo/Packet;I)V+3
j  wideokomunikator.audiovideo.AudioVideo$7.run()V+76
j  java.lang.Thread.run()V+11
v  ~StubRoutines::call_stub

---------------  P R O C E S S  ---------------

Java Threads: ( => current thread )
  0x088ccc00 JavaThread "Thread-29" [_thread_blocked, id=1652, stack(0x21e20000,0x21e70000)]
  0x088cec00 JavaThread "Thread-30" [_thread_blocked, id=8404, stack(0x21d90000,0x21de0000)]
=>0x088ce000 JavaThread "Thread-27" [_thread_in_native, id=1888, stack(0x21c70000,0x21cc0000)]
  0x088d0400 JavaThread "Thread-25" [_thread_blocked, id=7284, stack(0x21b50000,0x21ba0000)]
  0x088cf400 JavaThread "Thread-17" [_thread_in_native, id=9136, stack(0x211a0000,0x211f0000)]
  0x0880fc00 JavaThread "Thread-16" [_thread_blocked, id=3632, stack(0x21110000,0x21160000)]
  0x08811c00 JavaThread "Thread-21" [_thread_blocked, id=1880, stack(0x21080000,0x210d0000)]
  0x08811800 JavaThread "Thread-20" [_thread_blocked, id=7500, stack(0x20ff0000,0x21040000)]
  0x0880f800 JavaThread "Thread-19" [_thread_in_native, id=7736, stack(0x20f60000,0x20fb0000)]
  0x08812400 JavaThread "Thread-18" [_thread_in_native, id=8188, stack(0x20ed0000,0x20f20000)]
  0x08810800 JavaThread "Java Sound Event Dispatcher" daemon [_thread_blocked, id=8992, stack(0x0ca60000,0x0cab0000)]
  0x08812800 JavaThread "derby.rawStoreDaemon" daemon [_thread_blocked, id=1056, stack(0x0ad40000,0x0ad90000)]
  0x08810400 JavaThread "DRDAConnThread_2" daemon [_thread_in_native, id=7844, stack(0x0abb0000,0x0ac00000)]
  0x08811000 JavaThread "NetworkServerThread_1" daemon [_thread_in_native, id=6568, stack(0x0aa20000,0x0aa70000)]
  0x0891d800 JavaThread "derby.NetworkServerStarter" daemon [_thread_blocked, id=9176, stack(0x0a990000,0x0a9e0000)]
  0x087aec00 JavaThread "Timer-0" daemon [_thread_blocked, id=3036, stack(0x0a800000,0x0a850000)]
  0x086ca800 JavaThread "D3D Screen Updater" daemon [_thread_blocked, id=2420, stack(0x09960000,0x099b0000)]
  0x02a1c800 JavaThread "DestroyJavaVM" [_thread_blocked, id=8476, stack(0x02780000,0x027d0000)]
  0x05924c00 JavaThread "Thread-4" [_thread_in_native, id=7756, stack(0x08f80000,0x08fd0000)]
  0x0591d400 JavaThread "Thread-3" [_thread_blocked, id=3268, stack(0x08ef0000,0x08f40000)]
  0x05808400 JavaThread "TimerQueue" daemon [_thread_blocked, id=3424, stack(0x07f20000,0x07f70000)]
  0x057d4400 JavaThread "AWT-EventQueue-0" [_thread_blocked, id=6840, stack(0x07e90000,0x07ee0000)]
  0x05788c00 JavaThread "AWT-Windows" daemon [_thread_in_native, id=9088, stack(0x05fe0000,0x06030000)]
  0x05787000 JavaThread "AWT-Shutdown" [_thread_blocked, id=4452, stack(0x05f50000,0x05fa0000)]
  0x05786400 JavaThread "Java2D Disposer" daemon [_thread_blocked, id=8060, stack(0x05ec0000,0x05f10000)]
  0x04fd3400 JavaThread "Service Thread" daemon [_thread_blocked, id=4824, stack(0x054b0000,0x05500000)]
  0x04fda800 JavaThread "C1 CompilerThread0" daemon [_thread_blocked, id=8852, stack(0x05420000,0x05470000)]
  0x04fd9800 JavaThread "Attach Listener" daemon [_thread_blocked, id=1484, stack(0x05390000,0x053e0000)]
  0x04fd7800 JavaThread "Signal Dispatcher" daemon [_thread_blocked, id=7876, stack(0x05300000,0x05350000)]
  0x04fa3000 JavaThread "Finalizer" daemon [_thread_blocked, id=1388, stack(0x05270000,0x052c0000)]
  0x0298e800 JavaThread "Reference Handler" daemon [_thread_blocked, id=8716, stack(0x051e0000,0x05230000)]

Other Threads:
  0x0298d000 VMThread [stack: 0x04f50000,0x04fa0000] [id=3240]
  0x04ff3800 WatcherThread [stack: 0x05540000,0x05590000] [id=8148]

VM state:not at safepoint (normal execution)

VM Mutex/Monitor currently owned by a thread: None

Heap:
 def new generation   total 78656K, used 43442K [0x0f200000, 0x14750000, 0x14750000)
  eden space 69952K,  62% used [0x0f200000, 0x11c6cb50, 0x13650000)
  from space 8704K,   0% used [0x13650000, 0x13650000, 0x13ed0000)
  to   space 8704K,   0% used [0x13ed0000, 0x13ed0000, 0x14750000)
 tenured generation   total 174784K, used 121305K [0x14750000, 0x1f200000, 0x1f200000)
   the space 174784K,  69% used [0x14750000, 0x1bdc66a0, 0x1bdc6800, 0x1f200000)
 Metaspace       used 18542K, capacity 18709K, committed 18816K, reserved 18816K

Card table byte_map: [0x04a20000,0x04ab0000] byte_map_base: 0x049a7000

Polling page: 0x00ac0000

CodeCache: size=32768Kb used=1989Kb max_used=1989Kb free=30779Kb
 bounds [0x02a20000, 0x02c18000, 0x04a20000]
 total_blobs=1287 nmethods=901 adapters=318
 compilation: enabled

Compilation events (10 events):
Event: 11.138 Thread 0x04fda800 nmethod 915 0x02c0c248 code [0x02c0c350, 0x02c0c45c]
Event: 11.138 Thread 0x04fda800  916             java.nio.DirectByteBuffer::ix (10 bytes)
Event: 11.138 Thread 0x04fda800 nmethod 916 0x02c0c808 code [0x02c0c900, 0x02c0c990]
Event: 11.138 Thread 0x04fda800  918             java.nio.DirectByteBuffer::get (15 bytes)
Event: 11.139 Thread 0x04fda800 nmethod 918 0x02c0c9c8 code [0x02c0cad0, 0x02c0cbbc]
Event: 11.139 Thread 0x04fda800  919 %           org.bytedeco.javacpp.helper.opencv_core$AbstractArray::flipCopyWithGamma @ 484 (608 bytes)
Event: 11.142 Thread 0x04fda800 nmethod 919% 0x02c0cc88 code [0x02c0cf90, 0x02c0e364]
Event: 11.150 Thread 0x04fda800  920             sun.misc.URLClassPath$JarLoader::access$400 (5 bytes)
Event: 11.150 Thread 0x04fda800 nmethod 920 0x02c0f1c8 code [0x02c0f2c0, 0x02c0f330]
Event: 11.195 Thread 0x04fda800  921             sun.nio.cs.UTF_8$Encoder::encodeArrayLoop (489 bytes)

GC Heap History (10 events):
Event: 4.292 GC heap before
{Heap before GC invocations=30 (full 2):
 def new generation   total 44608K, used 42035K [0x0f200000, 0x12260000, 0x14750000)
  eden space 39680K, 100% used [0x0f200000, 0x118c0000, 0x118c0000)
  from space 4928K,  47% used [0x11d90000, 0x11fdce78, 0x12260000)
  to   space 4928K,   0% used [0x118c0000, 0x118c0000, 0x11d90000)
 tenured generation   total 153860K, used 116905K [0x14750000, 0x1dd91000, 0x1f200000)
   the space 153860K,  75% used [0x14750000, 0x1b97a620, 0x1b97a800, 0x1dd91000)
 Metaspace       used 8988K, capacity 9119K, committed 9216K, reserved 9600K
Event: 4.293 GC heap after
Heap after GC invocations=31 (full 2):
 def new generation   total 44608K, used 2355K [0x0f200000, 0x12260000, 0x14750000)
  eden space 39680K,   0% used [0x0f200000, 0x0f200000, 0x118c0000)
  from space 4928K,  47% used [0x118c0000, 0x11b0ce78, 0x11d90000)
  to   space 4928K,   0% used [0x11d90000, 0x11d90000, 0x12260000)
 tenured generation   total 153860K, used 116905K [0x14750000, 0x1dd91000, 0x1f200000)
   the space 153860K,  75% used [0x14750000, 0x1b97a620, 0x1b97a800, 0x1dd91000)
 Metaspace       used 8988K, capacity 9119K, committed 9216K, reserved 9600K
}
Event: 4.501 GC heap before
{Heap before GC invocations=31 (full 2):
 def new generation   total 44608K, used 42035K [0x0f200000, 0x12260000, 0x14750000)
  eden space 39680K, 100% used [0x0f200000, 0x118c0000, 0x118c0000)
  from space 4928K,  47% used [0x118c0000, 0x11b0ce78, 0x11d90000)
  to   space 4928K,   0% used [0x11d90000, 0x11d90000, 0x12260000)
 tenured generation   total 153860K, used 116905K [0x14750000, 0x1dd91000, 0x1f200000)
   the space 153860K,  75% used [0x14750000, 0x1b97a620, 0x1b97a800, 0x1dd91000)
 Metaspace       used 8988K, capacity 9119K, committed 9216K, reserved 9600K
Event: 4.502 GC heap after
Heap after GC invocations=32 (full 2):
 def new generation   total 44608K, used 2355K [0x0f200000, 0x12260000, 0x14750000)
  eden space 39680K,   0% used [0x0f200000, 0x0f200000, 0x118c0000)
  from space 4928K,  47% used [0x11d90000, 0x11fdce78, 0x12260000)
  to   space 4928K,   0% used [0x118c0000, 0x118c0000, 0x11d90000)
 tenured generation   total 153860K, used 116905K [0x14750000, 0x1dd91000, 0x1f200000)
   the space 153860K,  75% used [0x14750000, 0x1b97a620, 0x1b97a800, 0x1dd91000)
 Metaspace       used 8988K, capacity 9119K, committed 9216K, reserved 9600K
}
Event: 4.713 GC heap before
{Heap before GC invocations=32 (full 2):
 def new generation   total 44608K, used 42035K [0x0f200000, 0x12260000, 0x14750000)
  eden space 39680K, 100% used [0x0f200000, 0x118c0000, 0x118c0000)
  from space 4928K,  47% used [0x11d90000, 0x11fdce78, 0x12260000)
  to   space 4928K,   0% used [0x118c0000, 0x118c0000, 0x11d90000)
 tenured generation   total 153860K, used 116905K [0x14750000, 0x1dd91000, 0x1f200000)
   the space 153860K,  75% used [0x14750000, 0x1b97a620, 0x1b97a800, 0x1dd91000)
 Metaspace       used 8988K, capacity 9119K, committed 9216K, reserved 9600K
Event: 4.714 GC heap after
Heap after GC invocations=33 (full 2):
 def new generation   total 44608K, used 2355K [0x0f200000, 0x12260000, 0x14750000)
  eden space 39680K,   0% used [0x0f200000, 0x0f200000, 0x118c0000)
  from space 4928K,  47% used [0x118c0000, 0x11b0ce78, 0x11d90000)
  to   space 4928K,   0% used [0x11d90000, 0x11d90000, 0x12260000)
 tenured generation   total 153860K, used 116905K [0x14750000, 0x1dd91000, 0x1f200000)
   the space 153860K,  75% used [0x14750000, 0x1b97a620, 0x1b97a800, 0x1dd91000)
 Metaspace       used 8988K, capacity 9119K, committed 9216K, reserved 9600K
}
Event: 6.011 GC heap before
{Heap before GC invocations=33 (full 2):
 def new generation   total 44608K, used 42035K [0x0f200000, 0x12260000, 0x14750000)
  eden space 39680K, 100% used [0x0f200000, 0x118c0000, 0x118c0000)
  from space 4928K,  47% used [0x118c0000, 0x11b0ce78, 0x11d90000)
  to   space 4928K,   0% used [0x11d90000, 0x11d90000, 0x12260000)
 tenured generation   total 153860K, used 116905K [0x14750000, 0x1dd91000, 0x1f200000)
   the space 153860K,  75% used [0x14750000, 0x1b97a620, 0x1b97a800, 0x1dd91000)
 Metaspace       used 12350K, capacity 12523K, committed 12672K, reserved 12672K
Event: 6.017 GC heap after
Heap after GC invocations=34 (full 2):
 def new generation   total 44608K, used 4928K [0x0f200000, 0x12260000, 0x14750000)
  eden space 39680K,   0% used [0x0f200000, 0x0f200000, 0x118c0000)
  from space 4928K, 100% used [0x11d90000, 0x12260000, 0x12260000)
  to   space 4928K,   0% used [0x118c0000, 0x118c0000, 0x11d90000)
 tenured generation   total 153860K, used 117284K [0x14750000, 0x1dd91000, 0x1f200000)
   the space 153860K,  76% used [0x14750000, 0x1b9d9178, 0x1b9d9200, 0x1dd91000)
 Metaspace       used 12350K, capacity 12523K, committed 12672K, reserved 12672K
}
Event: 6.343 GC heap before
{Heap before GC invocations=34 (full 2):
 def new generation   total 44608K, used 23366K [0x0f200000, 0x12260000, 0x14750000)
  eden space 39680K,  46% used [0x0f200000, 0x10401858, 0x118c0000)
  from space 4928K, 100% used [0x11d90000, 0x12260000, 0x12260000)
  to   space 4928K,   0% used [0x118c0000, 0x118c0000, 0x11d90000)
 tenured generation   total 153860K, used 117284K [0x14750000, 0x1dd91000, 0x1f200000)
   the space 153860K,  76% used [0x14750000, 0x1b9d9178, 0x1b9d9200, 0x1dd91000)
 Metaspace       used 14925K, capacity 15083K, committed 15148K, reserved 15744K
Event: 6.363 GC heap after
Heap after GC invocations=35 (full 3):
 def new generation   total 78656K, used 0K [0x0f200000, 0x14750000, 0x14750000)
  eden space 69952K,   0% used [0x0f200000, 0x0f200000, 0x13650000)
  from space 8704K,   0% used [0x13650000, 0x13650000, 0x13ed0000)
  to   space 8704K,   0% used [0x13ed0000, 0x13ed0000, 0x14750000)
 tenured generation   total 174784K, used 121305K [0x14750000, 0x1f200000, 0x1f200000)
   the space 174784K,  69% used [0x14750000, 0x1bdc66a0, 0x1bdc6800, 0x1f200000)
 Metaspace       used 14925K, capacity 15083K, committed 15148K, reserved 15744K
}

Deoptimization events (0 events):
No events

Internal exceptions (10 events):
Event: 11.111 Thread 0x088cf800 Exception <a 'java/security/PrivilegedActionException'> (0x11721c40) thrown at [C:\re\workspace\8-2-build-windows-i586-cygwin\jdk8u31\2394\hotspot\src\share\vm\prims\jvm.cpp, line 1312]
Event: 11.149 Thread 0x088cf400 Exception <a 'java/security/PrivilegedActionException'> (0x11650b20) thrown at [C:\re\workspace\8-2-build-windows-i586-cygwin\jdk8u31\2394\hotspot\src\share\vm\prims\jvm.cpp, line 1312]
Event: 11.150 Thread 0x088cf400 Exception <a 'java/security/PrivilegedActionException'> (0x1165be48) thrown at [C:\re\workspace\8-2-build-windows-i586-cygwin\jdk8u31\2394\hotspot\src\share\vm\prims\jvm.cpp, line 1312]
Event: 11.150 Thread 0x088cf400 Exception <a 'java/security/PrivilegedActionException'> (0x11664080) thrown at [C:\re\workspace\8-2-build-windows-i586-cygwin\jdk8u31\2394\hotspot\src\share\vm\prims\jvm.cpp, line 1312]
Event: 11.150 Thread 0x088cf400 Exception <a 'java/security/PrivilegedActionException'> (0x1166e020) thrown at [C:\re\workspace\8-2-build-windows-i586-cygwin\jdk8u31\2394\hotspot\src\share\vm\prims\jvm.cpp, line 1312]
Event: 11.151 Thread 0x088cf400 Exception <a 'java/security/PrivilegedActionException'> (0x11989b00) thrown at [C:\re\workspace\8-2-build-windows-i586-cygwin\jdk8u31\2394\hotspot\src\share\vm\prims\jvm.cpp, line 1312]
Event: 11.151 Thread 0x088cf400 Exception <a 'java/security/PrivilegedActionException'> (0x119908a0) thrown at [C:\re\workspace\8-2-build-windows-i586-cygwin\jdk8u31\2394\hotspot\src\share\vm\prims\jvm.cpp, line 1312]
Event: 11.152 Thread 0x088cf400 Exception <a 'java/security/PrivilegedActionException'> (0x11998c18) thrown at [C:\re\workspace\8-2-build-windows-i586-cygwin\jdk8u31\2394\hotspot\src\share\vm\prims\jvm.cpp, line 1312]
Event: 11.152 Thread 0x088cf400 Exception <a 'java/security/PrivilegedActionException'> (0x119a07f0) thrown at [C:\re\workspace\8-2-build-windows-i586-cygwin\jdk8u31\2394\hotspot\src\share\vm\prims\jvm.cpp, line 1312]
Event: 11.153 Thread 0x088cf400 Exception <a 'java/security/PrivilegedActionException'> (0x119ae6d0) thrown at [C:\re\workspace\8-2-build-windows-i586-cygwin\jdk8u31\2394\hotspot\src\share\vm\prims\jvm.cpp, line 1312]

Events (10 events):
Event: 11.160 Executing VM operation: RevokeBias done
Event: 11.189 Thread 0x088ce400 Thread added: 0x088ce400
Event: 11.189 Executing VM operation: RevokeBias
Event: 11.189 Executing VM operation: RevokeBias done
Event: 11.189 Thread 0x088ce400 Thread exited: 0x088ce400
Event: 11.194 Executing VM operation: RevokeBias
Event: 11.194 Executing VM operation: RevokeBias done
Event: 11.194 Thread 0x088cd800 Thread exited: 0x088cd800
Event: 11.194 Executing VM operation: RevokeBias
Event: 11.194 Executing VM operation: RevokeBias done


Dynamic libraries:
0x01350000 - 0x01380000 	C:\Program Files (x86)\Java\jdk1.8.0_31\bin\java.exe
0x77750000 - 0x778be000 	C:\Windows\SYSTEM32\ntdll.dll
0x75260000 - 0x753a0000 	C:\Windows\SYSTEM32\KERNEL32.DLL
0x75a10000 - 0x75ae7000 	C:\Windows\SYSTEM32\KERNELBASE.dll
0x6c1a0000 - 0x6c240000 	C:\Windows\system32\apphelp.dll
0x6aed0000 - 0x6b135000 	C:\Windows\AppPatch\AcGenral.DLL
0x75860000 - 0x75923000 	C:\Windows\SYSTEM32\msvcrt.dll
0x77260000 - 0x772a1000 	C:\Windows\SYSTEM32\sechost.dll
0x74f50000 - 0x74f6e000 	C:\Windows\SYSTEM32\SspiCli.dll
0x77010000 - 0x77055000 	C:\Windows\SYSTEM32\SHLWAPI.dll
0x72120000 - 0x7220d000 	C:\Windows\SYSTEM32\UxTheme.dll
0x75100000 - 0x75253000 	C:\Windows\SYSTEM32\USER32.dll
0x774d0000 - 0x775de000 	C:\Windows\SYSTEM32\GDI32.dll
0x6d460000 - 0x6d483000 	C:\Windows\SYSTEM32\WINMM.dll
0x6cf00000 - 0x6cf13000 	C:\Windows\SYSTEM32\samcli.dll
0x773a0000 - 0x774c8000 	C:\Windows\SYSTEM32\ole32.dll
0x75cb0000 - 0x75d45000 	C:\Windows\SYSTEM32\OLEAUT32.dll
0x6b320000 - 0x6b337000 	C:\Windows\SYSTEM32\MSACM32.dll
0x74df0000 - 0x74df8000 	C:\Windows\SYSTEM32\VERSION.dll
0x75d60000 - 0x7700c000 	C:\Windows\SYSTEM32\SHELL32.dll
0x73160000 - 0x7317b000 	C:\Windows\SYSTEM32\USERENV.dll
0x6d330000 - 0x6d34a000 	C:\Windows\SYSTEM32\dwmapi.dll
0x6cfa0000 - 0x6d0ea000 	C:\Windows\SYSTEM32\urlmon.dll
0x75930000 - 0x759ac000 	C:\Windows\SYSTEM32\ADVAPI32.dll
0x6d600000 - 0x6d665000 	C:\Windows\SYSTEM32\WINSPOOL.DRV
0x6cf50000 - 0x6cf66000 	C:\Windows\SYSTEM32\MPR.dll
0x772e0000 - 0x7739a000 	C:\Windows\SYSTEM32\RPCRT4.dll
0x74f40000 - 0x74f4a000 	C:\Windows\SYSTEM32\CRYPTBASE.dll
0x75520000 - 0x7569d000 	C:\Windows\SYSTEM32\combase.dll
0x6d430000 - 0x6d453000 	C:\Windows\SYSTEM32\WINMMBASE.dll
0x71db0000 - 0x71dbf000 	C:\Windows\SYSTEM32\profapi.dll
0x71b30000 - 0x71d62000 	C:\Windows\SYSTEM32\iertutil.dll
0x71e50000 - 0x72025000 	C:\Windows\SYSTEM32\WININET.dll
0x74ee0000 - 0x74f34000 	C:\Windows\SYSTEM32\bcryptPrimitives.dll
0x77220000 - 0x7725c000 	C:\Windows\SYSTEM32\cfgmgr32.dll
0x6d400000 - 0x6d421000 	C:\Windows\SYSTEM32\DEVOBJ.dll
0x73480000 - 0x7350b000 	C:\Windows\SYSTEM32\SHCORE.DLL
0x75c80000 - 0x75ca7000 	C:\Windows\system32\IMM32.DLL
0x753a0000 - 0x754b3000 	C:\Windows\SYSTEM32\MSCTF.dll
0x74e00000 - 0x74e2e000 	C:\Windows\SYSTEM32\nvinit.dll
0x0f000000 - 0x0f006000 	C:\Program Files (x86)\NVIDIA Corporation\CoProcManager\_etoured.dll
0x6b660000 - 0x6b68b000 	C:\Program Files (x86)\NVIDIA Corporation\CoProcManager\nvd3d9wrap.dll
0x756a0000 - 0x75851000 	C:\Windows\SYSTEM32\SETUPAPI.dll
0x6b640000 - 0x6b65f000 	C:\Program Files (x86)\NVIDIA Corporation\CoProcManager\nvdxgiwrap.dll
0x72f40000 - 0x73146000 	C:\Windows\WinSxS\x86_microsoft.windows.common-controls_6595b64144ccf1df_6.0.9600.17415_none_a9ed7f470139b3c1\COMCTL32.dll
0x6be80000 - 0x6befd000 	C:\Program Files (x86)\AVG\AVG2015\avghookx.dll
0x68510000 - 0x685cf000 	C:\Program Files (x86)\Java\jdk1.8.0_31\jre\bin\msvcr100.dll
0x58c60000 - 0x59004000 	C:\Program Files (x86)\Java\jdk1.8.0_31\jre\bin\client\jvm.dll
0x6d0f0000 - 0x6d0f8000 	C:\Windows\SYSTEM32\WSOCK32.dll
0x75d50000 - 0x75d56000 	C:\Windows\SYSTEM32\PSAPI.DLL
0x77060000 - 0x770b0000 	C:\Windows\SYSTEM32\WS2_32.dll
0x772b0000 - 0x772b7000 	C:\Windows\SYSTEM32\NSI.dll
0x6b6c0000 - 0x6b6cc000 	C:\Program Files (x86)\Java\jdk1.8.0_31\jre\bin\verify.dll
0x6ae20000 - 0x6ae41000 	C:\Program Files (x86)\Java\jdk1.8.0_31\jre\bin\java.dll
0x6aeb0000 - 0x6aec3000 	C:\Program Files (x86)\Java\jdk1.8.0_31\jre\bin\zip.dll
0x60400000 - 0x60546000 	C:\Program Files (x86)\Java\jdk1.8.0_31\jre\bin\awt.dll
0x74de0000 - 0x74de9000 	C:\Windows\SYSTEM32\kernel.appcore.dll
0x61e70000 - 0x62043000 	C:\Windows\system32\d3d9.dll
0x69940000 - 0x69a1e000 	C:\Windows\SYSTEM32\nvumdshim.dll
0x5d690000 - 0x5ed6e000 	C:\Windows\system32\igdumdim32.dll
0x67070000 - 0x678e8000 	C:\Windows\SYSTEM32\igdusc32.dll
0x6ad60000 - 0x6ad99000 	C:\Program Files (x86)\Java\jdk1.8.0_31\jre\bin\fontmanager.dll
0x6acf0000 - 0x6ad05000 	C:\Program Files (x86)\Java\jdk1.8.0_31\jre\bin\net.dll
0x6d1c0000 - 0x6d20b000 	C:\Windows\system32\mswsock.dll
0x6b310000 - 0x6b31f000 	C:\Program Files (x86)\Java\jdk1.8.0_31\jre\bin\nio.dll
0x6acc0000 - 0x6acf0000 	C:\Program Files (x86)\Java\jdk1.8.0_31\jre\bin\t2k.dll
0x6aca0000 - 0x6acc0000 	C:\Program Files (x86)\Java\jdk1.8.0_31\jre\bin\sunec.dll
0x6ae10000 - 0x6ae19000 	C:\Program Files (x86)\Java\jdk1.8.0_31\jre\bin\sunmscapi.dll
0x74f70000 - 0x750f8000 	C:\Windows\SYSTEM32\CRYPT32.dll
0x75af0000 - 0x75afe000 	C:\Windows\SYSTEM32\MSASN1.dll
0x6f340000 - 0x6f359000 	C:\Windows\SYSTEM32\CRYPTSP.dll
0x6f310000 - 0x6f340000 	C:\Windows\system32\rsaenh.dll
0x6f040000 - 0x6f05e000 	C:\Windows\SYSTEM32\bcrypt.dll
0x732c0000 - 0x732e0000 	C:\Windows\SYSTEM32\IPHLPAPI.DLL
0x71e40000 - 0x71e48000 	C:\Windows\SYSTEM32\WINNSI.DLL
0x75bf0000 - 0x75c7d000 	C:\Windows\SYSTEM32\clbcatq.dll
0x6ac00000 - 0x6ac13000 	C:\Windows\SYSTEM32\dhcpcsvc6.DLL
0x6bf30000 - 0x6bf44000 	C:\Windows\SYSTEM32\dhcpcsvc.DLL
0x6bfb0000 - 0x6bfc1000 	C:\Windows\system32\napinsp.dll
0x6bf90000 - 0x6bfa6000 	C:\Windows\system32\pnrpnsp.dll
0x6bf70000 - 0x6bf84000 	C:\Windows\system32\NLAapi.dll
0x6c2e0000 - 0x6c35e000 	C:\Windows\SYSTEM32\DNSAPI.dll
0x6bf60000 - 0x6bf6a000 	C:\Windows\System32\winrnr.dll
0x6bf50000 - 0x6bf60000 	C:\Windows\system32\wshbth.dll
0x6c2b0000 - 0x6c2d1000 	C:\Program Files (x86)\Bonjour\mdnsNSP.dll
0x6c2a0000 - 0x6c2a8000 	C:\Windows\System32\rasadhlp.dll
0x6c250000 - 0x6c296000 	C:\Windows\System32\fwpuclnt.dll
0x684e0000 - 0x68505000 	C:\Program Files (x86)\Java\jdk1.8.0_31\jre\bin\jpeg.dll
0x59010000 - 0x5917b000 	C:\Windows\SYSTEM32\WindowsCodecs.dll
0x6ac90000 - 0x6ac9a000 	C:\Program Files (x86)\Java\jdk1.8.0_31\jre\bin\management.dll
0x0b450000 - 0x0ca1f000 	C:\Users\Piotr\AppData\Local\Temp\xuggle\xuggle7912970095535011169.dll
0x684c0000 - 0x684d4000 	C:\Windows\SYSTEM32\AVICAP32.DLL
0x68380000 - 0x683a3000 	C:\Windows\SYSTEM32\MSVFW32.dll
0x6ac80000 - 0x6ac8a000 	C:\Program Files (x86)\Java\jdk1.8.0_31\jre\bin\jsound.dll
0x684b0000 - 0x684b9000 	C:\Program Files (x86)\Java\jdk1.8.0_31\jre\bin\jsoundds.dll
0x605e0000 - 0x60661000 	C:\Windows\SYSTEM32\DSOUND.dll
0x6bcd0000 - 0x6bd10000 	C:\Windows\SYSTEM32\POWRPROF.dll
0x645f0000 - 0x64643000 	C:\Windows\SYSTEM32\MMDevAPI.DLL
0x67030000 - 0x67066000 	C:\Windows\SYSTEM32\wdmaud.drv
0x6c060000 - 0x6c067000 	C:\Windows\SYSTEM32\ksuser.dll
0x73470000 - 0x7347a000 	C:\Windows\SYSTEM32\AVRT.dll
0x64650000 - 0x646b0000 	C:\Windows\SYSTEM32\AUDIOSES.DLL
0x68370000 - 0x68379000 	C:\Windows\SYSTEM32\msacm32.drv
0x68360000 - 0x68368000 	C:\Windows\SYSTEM32\midimap.dll
0x60340000 - 0x603fe000 	C:\Users\Piotr\AppData\Local\Temp\javacpp40282798329332\msvcr100.dll
0x60120000 - 0x60189000 	C:\Users\Piotr\AppData\Local\Temp\javacpp40282798329332\msvcp100.dll
0x58a50000 - 0x58c56000 	C:\Users\Piotr\AppData\Local\Temp\javacpp40282798329332\opencv_core249.dll
0x5f080000 - 0x5f1c8000 	C:\Users\Piotr\AppData\Local\Temp\javacpp40282798329332\jniopencv_core.dll
0x587e0000 - 0x58a4d000 	C:\Users\Piotr\AppData\Local\Temp\javacpp40282798329332\opencv_imgproc249.dll
0x58760000 - 0x587e0000 	C:\Users\Piotr\AppData\Local\Temp\javacpp40282798329332\jniopencv_imgproc.dll
0x0e070000 - 0x0efa6000 	C:\Users\Piotr\AppData\Local\Temp\javacpp40282798329332\opencv_ffmpeg249.dll
0x58550000 - 0x58757000 	C:\Users\Piotr\AppData\Local\Temp\javacpp40282798329332\opencv_highgui249.dll
0x60320000 - 0x6033a000 	C:\Windows\SYSTEM32\AVIFIL32.dll
0x600e0000 - 0x6011c000 	C:\Users\Piotr\AppData\Local\Temp\javacpp40282798329332\jniopencv_highgui.dll
0x6c070000 - 0x6c084000 	C:\Windows\SYSTEM32\devenum.dll
0x71380000 - 0x713a8000 	C:\Windows\SYSTEM32\ntmarta.dll
0x75bb0000 - 0x75bed000 	C:\Windows\SYSTEM32\WINTRUST.dll
0x6c0d0000 - 0x6c0db000 	C:\Windows\SYSTEM32\msdmo.dll
0x60050000 - 0x60081000 	C:\Windows\SYSTEM32\qcap.dll
0x583b0000 - 0x5854f000 	C:\Windows\SYSTEM32\quartz.dll
0x6c090000 - 0x6c0d0000 	C:\Windows\SYSTEM32\ksproxy.ax
0x6c050000 - 0x6c05c000 	C:\Windows\SYSTEM32\vidcap.ax
0x6c030000 - 0x6c04f000 	C:\Windows\SYSTEM32\kswdmcap.ax
0x5ef10000 - 0x5f014000 	C:\Windows\SYSTEM32\MFC42.dll
0x5ee60000 - 0x5ef09000 	C:\Windows\SYSTEM32\ODBC32.dll
0x58320000 - 0x583ae000 	C:\Windows\SYSTEM32\qedit.dll
0x75b10000 - 0x75bab000 	C:\Windows\SYSTEM32\COMDLG32.dll
0x6d490000 - 0x6d600000 	C:\Windows\WinSxS\x86_microsoft.windows.gdiplus_6595b64144ccf1df_1.1.9600.17415_none_dad8722c5bcc2d8f\gdiplus.dll

VM Arguments:
jvm_args: -Dfile.encoding=UTF-8 
java_command: wideokomunikator.main
java_class_path (initial): D:\Programowanie\javacv\javacv-bin\ffmpeg.jar;D:\Programowanie\javacv\javacv-bin\javacpp.jar;D:\Programowanie\javacv\javacv-bin\javacv.jar;D:\Programowanie\javacv\javacv-bin\opencv.jar;C:\Program Files\Java\jdk1.8.0_05\db\lib\derby.jar;C:\Program Files\Java\jdk1.8.0_05\db\lib\derbyclient.jar;C:\Program Files\Java\jdk1.8.0_05\db\lib\derbytools.jar;C:\Program Files\Java\jdk1.8.0_05\db\lib\derbynet.jar;D:\Programowanie\xuggle-xuggler-5.4.jar;D:\Programowanie\slf4j-simple-1.7.10.jar;D:\Programowanie\slf4j-api-1.7.10.jar;D:\Programowanie\javacv\javacv-bin\opencv-linux-x86.jar;D:\Programowanie\javacv\javacv-bin\opencv-linux-x86_64.jar;D:\Programowanie\javacv\javacv-bin\opencv-macosx-x86_64.jar;D:\Programowanie\javacv\javacv-bin\opencv-windows-x86.jar;D:\Programowanie\javacv\javacv-bin\opencv-windows-x86_64.jar;C:\Users\Piotr\Documents\NetBeansProjects\Wideokomunikator\build\classes
Launcher Type: SUN_STANDARD

Environment Variables:
JAVA_HOME=C:\Program Files\Java\jdk1.8.0_05
CLASSPATH=.;C:\PROGRA~2\JMF2.1.1e\lib\sound.jar;C:\PROGRA~2\JMF2.1.1e\lib\jmf.jar;C:\PROGRA~2\JMF2.1.1e\lib;.;.;.;c:\PROGRA~2\java\JMF21~1.1E\lib\sound.jar;c:\PROGRA~2\java\JMF21~1.1E\lib\jmf.jar;c:\PROGRA~2\java\JMF21~1.1E\lib;
PATH=C:\Program Files (x86)\NVIDIA Corporation\PhysX\Common;C:\ProgramData\Oracle\Java\javapath;C:\Python34\;C:\Python34\Scripts;C:\Program Files (x86)\Intel\iCLS Client\;C:\Program Files\Intel\iCLS Client\;C:\Windows\system32;C:\Windows;C:\Windows\System32\Wbem;C:\Windows\System32\WindowsPowerShell\v1.0\;C:\Program Files\Intel\Intel(R) Management Engine Components\DAL;C:\Program Files\Intel\Intel(R) Management Engine Components\IPT;C:\Program Files (x86)\Intel\Intel(R) Management Engine Components\DAL;C:\Program Files (x86)\Intel\Intel(R) Management Engine Components\IPT;C:\Program Files\nodejs\;C:\Windows\Microsoft.NET\Framework\v4.0.30319;C:\Program Files\Microsoft SQL Server\110\Tools\Binn\;C:\Program Files\Java\jdk1.8.0_05\bin;C:\Program Files\apache-ant-1.9.4\bin;C:\Program Files (x86)\QuickTime\QTSystem\;c:\PROGRA~2\java\JMF21~1.1E\lib;C:\Users\Piotr\AppData\Roaming\npm;C:\Program Files (x86)\Bitvise SSH Client;C:\Program Files\Java\jdk1.8.0_05\bin
USERNAME=Piotr
OS=Windows_NT
PROCESSOR_IDENTIFIER=Intel64 Family 6 Model 60 Stepping 3, GenuineIntel



---------------  S Y S T E M  ---------------

OS: Windows 8.1 , 64 bit Build 9600 

CPU:total 8 (4 cores per cpu, 2 threads per core) family 6 model 60 stepping 3, cmov, cx8, fxsr, mmx, sse, sse2, sse3, ssse3, sse4.1, sse4.2, popcnt, avx, avx2, aes, clmul, erms, lzcnt, ht, tsc, tscinvbit, bmi1, bmi2

Memory: 4k page, physical 15910992k(10538944k free), swap 36390992k(29135384k free)

vm_info: Java HotSpot(TM) Client VM (25.31-b07) for windows-x86 JRE (1.8.0_31-b13), built on Dec 17 2014 20:46:12 by "java_re" with MS VC++ 10.0 (VS2010)

time: Wed Mar 04 19:00:24 2015
elapsed time: 11 seconds (0d 0h 0m 11s)

