#
# A fatal error has been detected by the Java Runtime Environment:
#
#  EXCEPTION_INT_DIVIDE_BY_ZERO (0xc0000094) at pc=0x000000006e74571b, pid=4124, tid=3372
#
# JRE version: Java(TM) SE Runtime Environment (8.0-b132) (build 1.8.0-b132)
# Java VM: Java HotSpot(TM) 64-Bit Server VM (25.0-b70 mixed mode windows-amd64 compressed oops)
# Problematic frame:
# C  [xuggle5235830182990916960.dll+0x571b]
#
# Failed to write core dump. Minidumps are not enabled by default on client versions of Windows
#
# If you would like to submit a bug report, please visit:
#   http://bugreport.sun.com/bugreport/crash.jsp
# The crash happened outside the Java Virtual Machine in native code.
# See problematic frame for where to report the bug.
#

---------------  T H R E A D  ---------------

Current thread (0x00000000211d4000):  JavaThread "Thread-6" [_thread_in_native, id=3372, stack(0x0000000022c20000,0x0000000022d20000)]

siginfo: ExceptionCode=0xc0000094

Registers:
RAX=0x0000000000000155, RBX=0x000000000c705d68, RCX=0x0000000026df0c10, RDX=0x0000000000000000
RSP=0x0000000022d1eb20, RBP=0x0000000022d1eba0, RSI=0x0000000000000020, RDI=0x000000000f0172b0
R8 =0x0000000000000001, R9 =0x0000000022d1efe8, R10=0x000000000f025182, R11=0x00000000572f9e10
R12=0x0000000000000000, R13=0x000000000c705d68, R14=0x0000000022d1eff8, R15=0x00000000211d4000
RIP=0x000000006e74571b, EFLAGS=0x0000000000010246

Top of Stack: (sp=0x0000000022d1eb20)
0x0000000022d1eb20:   0000000026df0c10 000000006e80f342
0x0000000022d1eb30:   0000000022d1ed70 0000000000000020
0x0000000022d1eb40:   0000000000000020 000000000f0172b0
0x0000000022d1eb50:   000000000c705d68 000000006e7551c0
0x0000000022d1eb60:   0000000022d1ec50 0000000022d1ec50
0x0000000022d1eb70:   0000000022d1ed70 00000000ffffffff
0x0000000022d1eb80:   000000005769e968 0000000000000000
0x0000000022d1eb90:   0000000022d1ed70 000000000000000b
0x0000000022d1eba0:   000000006f2ae300 000000006f2ef660
0x0000000022d1ebb0:   0000000022d1ec00 000000006e74582d
0x0000000022d1ebc0:   0000000022d1eb20 000000006f2ef9f8
0x0000000022d1ebd0:   0000000022d1ec00 000000006e75518b
0x0000000022d1ebe0:   0000000022d1eb60 000000000000008e
0x0000000022d1ebf0:   0000000022d1ecd0 000000000f06a4f0
0x0000000022d1ec00:   0000000000000000 0000000000000000
0x0000000022d1ec10:   0000000000000000 0000000000000000 

Instructions: (pc=0x000000006e74571b)
0x000000006e7456fb:   54 48 8b 85 50 01 00 00 48 8b 00 48 83 c0 40 48
0x000000006e74570b:   8b 00 48 8b 8d 50 01 00 00 ff d0 89 c2 c1 fa 1f
0x000000006e74571b:   f7 7d 54 89 45 50 48 c7 45 58 00 00 00 00 8b 95
0x000000006e74572b:   58 01 00 00 8b 45 50 8b 8d 60 01 00 00 c7 45 d8 


Register to memory mapping:

RAX=0x0000000000000155 is an unknown value
RBX=0x000000000c705d68 is an unknown value
RCX=0x0000000026df0c10 is an unknown value
RDX=0x0000000000000000 is an unknown value
RSP=0x0000000022d1eb20 is pointing into the stack for thread: 0x00000000211d4000
RBP=0x0000000022d1eba0 is pointing into the stack for thread: 0x00000000211d4000
RSI=0x0000000000000020 is an unknown value
RDI=0x000000000f0172b0 is at code_begin+1456 in an Interpreter codelet
invoke return entry points  [0x000000000f016d00, 0x000000000f017460]  1888 bytes
R8 =0x0000000000000001 is an unknown value
R9 =0x0000000022d1efe8 is pointing into the stack for thread: 0x00000000211d4000
R10=0x000000000f025182 is at code_begin+834 in an Interpreter codelet
method entry point (kind = native)  [0x000000000f024e40, 0x000000000f025780]  2368 bytes
R11=0x00000000572f9e10 is an unknown value
R12=0x0000000000000000 is an unknown value
R13=0x000000000c705d68 is an unknown value
R14=0x0000000022d1eff8 is pointing into the stack for thread: 0x00000000211d4000
R15=0x00000000211d4000 is a thread


Stack: [0x0000000022c20000,0x0000000022d20000],  sp=0x0000000022d1eb20,  free space=1018k
Native frames: (J=compiled Java code, j=interpreted, Vv=VM code, C=native code)
C  [xuggle5235830182990916960.dll+0x571b]
C  [xuggle5235830182990916960.dll+0x15a96]
C  [xuggle5235830182990916960.dll+0x4e781]
C  0x000000000f0251ae

Java frames: (J=compiled Java code, j=interpreted, Vv=VM code)
j  com.xuggle.xuggler.XugglerJNI.IAudioSamples_make__SWIG_1(JLcom/xuggle/ferry/IBuffer;II)J+0
j  com.xuggle.xuggler.IAudioSamples.make(Lcom/xuggle/ferry/IBuffer;ILcom/xuggle/xuggler/IAudioSamples$Format;)Lcom/xuggle/xuggler/IAudioSamples;+10
j  wideokomunikator.server.conference.Server.decodeAudio(Lcom/xuggle/xuggler/IPacket;)V+18
j  wideokomunikator.server.conference.Server.access$300(Lwideokomunikator/server/conference/Server;Lcom/xuggle/xuggler/IPacket;)V+2
j  wideokomunikator.server.conference.Server$2.run()V+100
j  java.lang.Thread.run()V+11
v  ~StubRoutines::call_stub

---------------  P R O C E S S  ---------------

Java Threads: ( => current thread )
  0x000000002124d000 JavaThread "Thread-9" [_thread_in_native, id=656, stack(0x0000000026a80000,0x0000000026b80000)]
  0x000000002124c800 JavaThread "Thread-8" [_thread_blocked, id=7564, stack(0x0000000026980000,0x0000000026a80000)]
=>0x00000000211d4000 JavaThread "Thread-6" [_thread_in_native, id=3372, stack(0x0000000022c20000,0x0000000022d20000)]
  0x0000000021186000 JavaThread "Thread-5" [_thread_in_native, id=9752, stack(0x0000000022620000,0x0000000022720000)]
  0x0000000021185800 JavaThread "D3D Screen Updater" daemon [_thread_blocked, id=9076, stack(0x0000000022520000,0x0000000022620000)]
  0x000000002113d800 JavaThread "AWT-EventQueue-0" [_thread_blocked, id=1332, stack(0x0000000022320000,0x0000000022420000)]
  0x0000000020fb2800 JavaThread "Java Sound Event Dispatcher" daemon [_thread_blocked, id=5772, stack(0x0000000021e20000,0x0000000021f20000)]
  0x000000000ef15800 JavaThread "AWT-Windows" daemon [_thread_in_native, id=5108, stack(0x000000001ef10000,0x000000001f010000)]
  0x000000000ef15000 JavaThread "AWT-Shutdown" [_thread_blocked, id=10060, stack(0x000000001ee10000,0x000000001ef10000)]
  0x000000000ef09800 JavaThread "Java2D Disposer" daemon [_thread_blocked, id=10184, stack(0x000000001ed10000,0x000000001ee10000)]
  0x000000000ec2f800 JavaThread "Service Thread" daemon [_thread_blocked, id=4728, stack(0x000000001e610000,0x000000001e710000)]
  0x000000000ebad800 JavaThread "C1 CompilerThread3" daemon [_thread_blocked, id=10172, stack(0x000000001e510000,0x000000001e610000)]
  0x000000000ebaa000 JavaThread "C2 CompilerThread2" daemon [_thread_in_native, id=9232, stack(0x000000001e410000,0x000000001e510000)]
  0x000000000eba3000 JavaThread "C2 CompilerThread1" daemon [_thread_blocked, id=4692, stack(0x000000001e310000,0x000000001e410000)]
  0x000000000ebb5000 JavaThread "C2 CompilerThread0" daemon [_thread_blocked, id=3620, stack(0x000000001e210000,0x000000001e310000)]
  0x000000000ebb2800 JavaThread "Attach Listener" daemon [_thread_blocked, id=3300, stack(0x000000001e110000,0x000000001e210000)]
  0x000000000ebb1800 JavaThread "Signal Dispatcher" daemon [_thread_blocked, id=4800, stack(0x000000001e010000,0x000000001e110000)]
  0x0000000002827800 JavaThread "Finalizer" daemon [_thread_blocked, id=8236, stack(0x000000000ea80000,0x000000000eb80000)]
  0x000000000cb9c800 JavaThread "Reference Handler" daemon [_thread_blocked, id=5216, stack(0x000000000e980000,0x000000000ea80000)]
  0x000000000272d800 JavaThread "main" [_thread_blocked, id=7872, stack(0x0000000002550000,0x0000000002650000)]

Other Threads:
  0x000000000cb98800 VMThread [stack: 0x000000000e880000,0x000000000e980000] [id=3392]
  0x000000000ec3a000 WatcherThread [stack: 0x000000001e710000,0x000000001e810000] [id=5692]

VM state:not at safepoint (normal execution)

VM Mutex/Monitor currently owned by a thread: None

Heap:
 PSYoungGen      total 14848K, used 8431K [0x000000076f100000, 0x0000000770d00000, 0x00000007c0000000)
  eden space 8192K, 24% used [0x000000076f100000,0x000000076f2f0fb8,0x000000076f900000)
  from space 6656K, 96% used [0x000000076f900000,0x000000076ff4aea8,0x000000076ff80000)
  to   space 7680K, 0% used [0x0000000770580000,0x0000000770580000,0x0000000770d00000)
 ParOldGen       total 248320K, used 16595K [0x00000006cd200000, 0x00000006dc480000, 0x000000076f100000)
  object space 248320K, 6% used [0x00000006cd200000,0x00000006ce234e40,0x00000006dc480000)
 Metaspace       used 11862K, capacity 11964K, committed 12288K, reserved 1060864K
  class space    used 1381K, capacity 1423K, committed 1536K, reserved 1048576K

Card table byte_map: [0x0000000002bf0000,0x0000000003390000] byte_map_base: 0xffffffffff587000

Marking Bits: (ParMarkBitMap*) 0x00000000578a13b0
 Begin Bits: [0x00000000040a0000, 0x0000000007d58000)
 End Bits:   [0x0000000007d58000, 0x000000000ba10000)

Polling page: 0x0000000002490000

CodeCache: size=245760Kb used=3194Kb max_used=3203Kb free=242565Kb
 bounds [0x000000000f010000, 0x000000000f340000, 0x000000001e010000]
 total_blobs=1387 nmethods=763 adapters=538
 compilation: enabled

Compilation events (10 events):
Event: 4.039 Thread 0x000000000ebad800  760       3       java.util.concurrent.locks.AbstractOwnableSynchronizer::setExclusiveOwnerThread (6 bytes)
Event: 4.039 Thread 0x000000000ebad800 nmethod 760 0x000000000f323510 code [0x000000000f323660, 0x000000000f3237d0]
Event: 4.059 Thread 0x000000000ebad800  761       1       sun.java2d.loops.SurfaceType::getSuperType (5 bytes)
Event: 4.059 Thread 0x000000000ebb5000  762       4       sun.java2d.loops.GraphicsPrimitiveMgr$2::compare (39 bytes)
Event: 4.059 Thread 0x000000000ebad800 nmethod 761 0x000000000f322d10 code [0x000000000f322e60, 0x000000000f322f70]
Event: 4.059 Thread 0x000000000eba3000 nmethod 759% 0x000000000f3328d0 code [0x000000000f332b80, 0x000000000f334680]
Event: 4.059 Thread 0x000000000ebb5000 nmethod 762 0x000000000f3231d0 code [0x000000000f323320, 0x000000000f3233f8]
Event: 4.060 Thread 0x000000000ebad800  763       3       sun.java2d.pipe.RenderBuffer::putInt (26 bytes)
Event: 4.060 Thread 0x000000000ebad800 nmethod 763 0x000000000f324fd0 code [0x000000000f325120, 0x000000000f325290]
Event: 4.091 Thread 0x000000000ebaa000  765       4       org.bytedeco.javacpp.helper.opencv_core$AbstractArray::flipCopyWithGamma (608 bytes)

GC Heap History (10 events):
Event: 0.485 GC heap before
{Heap before GC invocations=6 (full 0):
 PSYoungGen      total 2560K, used 2544K [0x000000076f100000, 0x000000076f800000, 0x00000007c0000000)
  eden space 2048K, 100% used [0x000000076f100000,0x000000076f300000,0x000000076f300000)
  from space 512K, 96% used [0x000000076f300000,0x000000076f37c010,0x000000076f380000)
  to   space 1536K, 0% used [0x000000076f680000,0x000000076f680000,0x000000076f800000)
 ParOldGen       total 248320K, used 1164K [0x00000006cd200000, 0x00000006dc480000, 0x000000076f100000)
  object space 248320K, 0% used [0x00000006cd200000,0x00000006cd323378,0x00000006dc480000)
 Metaspace       used 7181K, capacity 7280K, committed 7552K, reserved 1056768K
  class space    used 797K, capacity 844K, committed 896K, reserved 1048576K
Event: 0.486 GC heap after
Heap after GC invocations=6 (full 0):
 PSYoungGen      total 5632K, used 981K [0x000000076f100000, 0x000000076f800000, 0x00000007c0000000)
  eden space 4096K, 0% used [0x000000076f100000,0x000000076f100000,0x000000076f500000)
  from space 1536K, 63% used [0x000000076f680000,0x000000076f7754e8,0x000000076f800000)
  to   space 1536K, 0% used [0x000000076f500000,0x000000076f500000,0x000000076f680000)
 ParOldGen       total 248320K, used 1172K [0x00000006cd200000, 0x00000006dc480000, 0x000000076f100000)
  object space 248320K, 0% used [0x00000006cd200000,0x00000006cd325378,0x00000006dc480000)
 Metaspace       used 7181K, capacity 7280K, committed 7552K, reserved 1056768K
  class space    used 797K, capacity 844K, committed 896K, reserved 1048576K
}
Event: 0.596 GC heap before
{Heap before GC invocations=7 (full 0):
 PSYoungGen      total 5632K, used 4363K [0x000000076f100000, 0x000000076f800000, 0x00000007c0000000)
  eden space 4096K, 82% used [0x000000076f100000,0x000000076f44d7f8,0x000000076f500000)
  from space 1536K, 63% used [0x000000076f680000,0x000000076f7754e8,0x000000076f800000)
  to   space 1536K, 0% used [0x000000076f500000,0x000000076f500000,0x000000076f680000)
 ParOldGen       total 248320K, used 1172K [0x00000006cd200000, 0x00000006dc480000, 0x000000076f100000)
  object space 248320K, 0% used [0x00000006cd200000,0x00000006cd325378,0x00000006dc480000)
 Metaspace       used 9038K, capacity 9136K, committed 9344K, reserved 1056768K
  class space    used 1058K, capacity 1100K, committed 1152K, reserved 1048576K
Event: 0.598 GC heap after
Heap after GC invocations=7 (full 0):
 PSYoungGen      total 5632K, used 1256K [0x000000076f100000, 0x000000076fc00000, 0x00000007c0000000)
  eden space 4096K, 0% used [0x000000076f100000,0x000000076f100000,0x000000076f500000)
  from space 1536K, 81% used [0x000000076f500000,0x000000076f63a268,0x000000076f680000)
  to   space 1536K, 0% used [0x000000076fa80000,0x000000076fa80000,0x000000076fc00000)
 ParOldGen       total 248320K, used 4510K [0x00000006cd200000, 0x00000006dc480000, 0x000000076f100000)
  object space 248320K, 1% used [0x00000006cd200000,0x00000006cd6679a8,0x00000006dc480000)
 Metaspace       used 9038K, capacity 9136K, committed 9344K, reserved 1056768K
  class space    used 1058K, capacity 1100K, committed 1152K, reserved 1048576K
}
Event: 1.721 GC heap before
{Heap before GC invocations=8 (full 0):
 PSYoungGen      total 5632K, used 5352K [0x000000076f100000, 0x000000076fc00000, 0x00000007c0000000)
  eden space 4096K, 100% used [0x000000076f100000,0x000000076f500000,0x000000076f500000)
  from space 1536K, 81% used [0x000000076f500000,0x000000076f63a268,0x000000076f680000)
  to   space 1536K, 0% used [0x000000076fa80000,0x000000076fa80000,0x000000076fc00000)
 ParOldGen       total 248320K, used 4510K [0x00000006cd200000, 0x00000006dc480000, 0x000000076f100000)
  object space 248320K, 1% used [0x00000006cd200000,0x00000006cd6679a8,0x00000006dc480000)
 Metaspace       used 10293K, capacity 10384K, committed 10496K, reserved 1058816K
  class space    used 1171K, capacity 1196K, committed 1280K, reserved 1048576K
Event: 1.724 GC heap after
Heap after GC invocations=8 (full 0):
 PSYoungGen      total 8192K, used 1516K [0x000000076f100000, 0x000000076ff00000, 0x00000007c0000000)
  eden space 6656K, 0% used [0x000000076f100000,0x000000076f100000,0x000000076f780000)
  from space 1536K, 98% used [0x000000076fa80000,0x000000076fbfb038,0x000000076fc00000)
  to   space 3072K, 0% used [0x000000076f780000,0x000000076f780000,0x000000076fa80000)
 ParOldGen       total 248320K, used 7879K [0x00000006cd200000, 0x00000006dc480000, 0x000000076f100000)
  object space 248320K, 3% used [0x00000006cd200000,0x00000006cd9b1fd8,0x00000006dc480000)
 Metaspace       used 10293K, capacity 10384K, committed 10496K, reserved 1058816K
  class space    used 1171K, capacity 1196K, committed 1280K, reserved 1048576K
}
Event: 3.956 GC heap before
{Heap before GC invocations=9 (full 0):
 PSYoungGen      total 8192K, used 8172K [0x000000076f100000, 0x000000076ff00000, 0x00000007c0000000)
  eden space 6656K, 100% used [0x000000076f100000,0x000000076f780000,0x000000076f780000)
  from space 1536K, 98% used [0x000000076fa80000,0x000000076fbfb038,0x000000076fc00000)
  to   space 3072K, 0% used [0x000000076f780000,0x000000076f780000,0x000000076fa80000)
 ParOldGen       total 248320K, used 7879K [0x00000006cd200000, 0x00000006dc480000, 0x000000076f100000)
  object space 248320K, 3% used [0x00000006cd200000,0x00000006cd9b1fd8,0x00000006dc480000)
 Metaspace       used 11464K, capacity 11574K, committed 11904K, reserved 1060864K
  class space    used 1331K, capacity 1357K, committed 1408K, reserved 1048576K
Event: 3.958 GC heap after
Heap after GC invocations=9 (full 0):
 PSYoungGen      total 9728K, used 3064K [0x000000076f100000, 0x0000000770380000, 0x00000007c0000000)
  eden space 6656K, 0% used [0x000000076f100000,0x000000076f100000,0x000000076f780000)
  from space 3072K, 99% used [0x000000076f780000,0x000000076fa7e070,0x000000076fa80000)
  to   space 4096K, 0% used [0x000000076ff80000,0x000000076ff80000,0x0000000770380000)
 ParOldGen       total 248320K, used 8482K [0x00000006cd200000, 0x00000006dc480000, 0x000000076f100000)
  object space 248320K, 3% used [0x00000006cd200000,0x00000006cda48b50,0x00000006dc480000)
 Metaspace       used 11464K, capacity 11574K, committed 11904K, reserved 1060864K
  class space    used 1331K, capacity 1357K, committed 1408K, reserved 1048576K
}
Event: 4.054 GC heap before
{Heap before GC invocations=10 (full 0):
 PSYoungGen      total 9728K, used 9251K [0x000000076f100000, 0x0000000770380000, 0x00000007c0000000)
  eden space 6656K, 92% used [0x000000076f100000,0x000000076f70add8,0x000000076f780000)
  from space 3072K, 99% used [0x000000076f780000,0x000000076fa7e070,0x000000076fa80000)
  to   space 4096K, 0% used [0x000000076ff80000,0x000000076ff80000,0x0000000770380000)
 ParOldGen       total 248320K, used 8482K [0x00000006cd200000, 0x00000006dc480000, 0x000000076f100000)
  object space 248320K, 3% used [0x00000006cd200000,0x00000006cda48b50,0x00000006dc480000)
 Metaspace       used 11820K, capacity 11964K, committed 12288K, reserved 1060864K
  class space    used 1371K, capacity 1423K, committed 1536K, reserved 1048576K
Event: 4.057 GC heap after
Heap after GC invocations=10 (full 0):
 PSYoungGen      total 12288K, used 4066K [0x000000076f100000, 0x0000000770880000, 0x00000007c0000000)
  eden space 8192K, 0% used [0x000000076f100000,0x000000076f100000,0x000000076f900000)
  from space 4096K, 99% used [0x000000076ff80000,0x0000000770378bb0,0x0000000770380000)
  to   space 6656K, 0% used [0x000000076f900000,0x000000076f900000,0x000000076ff80000)
 ParOldGen       total 248320K, used 13007K [0x00000006cd200000, 0x00000006dc480000, 0x000000076f100000)
  object space 248320K, 5% used [0x00000006cd200000,0x00000006cdeb3e78,0x00000006dc480000)
 Metaspace       used 11820K, capacity 11964K, committed 12288K, reserved 1060864K
  class space    used 1371K, capacity 1423K, committed 1536K, reserved 1048576K
}

Deoptimization events (2 events):
Event: 0.491 Thread 0x000000000272d800 Uncommon trap: reason=class_check action=maybe_recompile pc=0x000000000f218488 method=java.io.FilterInputStream.read([BII)I @ 7
Event: 0.491 Thread 0x000000000272d800 Uncommon trap: reason=class_check action=maybe_recompile pc=0x000000000f218488 method=java.io.FilterInputStream.read([BII)I @ 7

Internal exceptions (10 events):
Event: 4.036 Thread 0x000000002124d000 Exception <a 'java/security/PrivilegedActionException'> (0x000000076f2439b0) thrown at [D:\re\workspace\8-2-build-windows-amd64-cygwin\jdk8\2238\hotspot\src\share\vm\prims\jvm.cpp, line 1248]
Event: 4.036 Thread 0x000000002124d000 Exception <a 'java/security/PrivilegedActionException'> (0x000000076f24bd10) thrown at [D:\re\workspace\8-2-build-windows-amd64-cygwin\jdk8\2238\hotspot\src\share\vm\prims\jvm.cpp, line 1248]
Event: 4.037 Thread 0x000000002124d000 Exception <a 'java/security/PrivilegedActionException'> (0x000000076f2542f8) thrown at [D:\re\workspace\8-2-build-windows-amd64-cygwin\jdk8\2238\hotspot\src\share\vm\prims\jvm.cpp, line 1248]
Event: 4.037 Thread 0x000000002124d000 Exception <a 'java/security/PrivilegedActionException'> (0x000000076f25c748) thrown at [D:\re\workspace\8-2-build-windows-amd64-cygwin\jdk8\2238\hotspot\src\share\vm\prims\jvm.cpp, line 1248]
Event: 4.038 Thread 0x000000002124d000 Exception <a 'java/security/PrivilegedActionException'> (0x000000076f26a708) thrown at [D:\re\workspace\8-2-build-windows-amd64-cygwin\jdk8\2238\hotspot\src\share\vm\prims\jvm.cpp, line 1248]
Event: 4.044 Thread 0x000000002124d000 Exception <a 'java/security/PrivilegedActionException'> (0x000000076f3cbb30) thrown at [D:\re\workspace\8-2-build-windows-amd64-cygwin\jdk8\2238\hotspot\src\share\vm\prims\jvm.cpp, line 1248]
Event: 4.045 Thread 0x000000002124d000 Exception <a 'java/security/PrivilegedActionException'> (0x000000076f3d32b8) thrown at [D:\re\workspace\8-2-build-windows-amd64-cygwin\jdk8\2238\hotspot\src\share\vm\prims\jvm.cpp, line 1248]
Event: 4.046 Thread 0x0000000021186000 Exception <a 'java/security/PrivilegedActionException'> (0x000000076f3ddd40) thrown at [D:\re\workspace\8-2-build-windows-amd64-cygwin\jdk8\2238\hotspot\src\share\vm\prims\jvm.cpp, line 1248]
Event: 4.092 Thread 0x000000002124c800 Exception <a 'java/security/PrivilegedActionException'> (0x000000076f2f9b70) thrown at [D:\re\workspace\8-2-build-windows-amd64-cygwin\jdk8\2238\hotspot\src\share\vm\prims\jvm.cpp, line 1248]
Event: 4.092 Thread 0x000000002124c800 Exception <a 'java/security/PrivilegedActionException'> (0x000000076f3f1be0) thrown at [D:\re\workspace\8-2-build-windows-amd64-cygwin\jdk8\2238\hotspot\src\share\vm\prims\jvm.cpp, line 1248]

Events (10 events):
Event: 4.091 loading class java/nio/DirectShortBufferU
Event: 4.091 Thread 0x000000002124d000 DEOPT PACKING pc=0x000000000f32f2cf sp=0x0000000026b7efa0
Event: 4.091 Thread 0x000000002124d000 DEOPT UNPACKING pc=0x000000000f057604 sp=0x0000000026b7ed10 mode 0
Event: 4.091 loading class java/nio/ShortBuffer
Event: 4.092 loading class java/nio/ShortBuffer done
Event: 4.092 loading class java/nio/DirectShortBufferU done
Event: 4.092 loading class com/xuggle/xuggler/IAudioSamples$Format
Event: 4.092 loading class com/xuggle/xuggler/IAudioSamples$Format done
Event: 4.092 loading class com/xuggle/xuggler/IAudioSamples$Format$SwigNext
Event: 4.092 loading class com/xuggle/xuggler/IAudioSamples$Format$SwigNext done


Dynamic libraries:
0x00007ff680870000 - 0x00007ff6808a4000 	C:\Program Files\Java\jdk1.8.0\bin\java.exe
0x00007ffb451b0000 - 0x00007ffb4535c000 	C:\Windows\SYSTEM32\ntdll.dll
0x00007ffb44d90000 - 0x00007ffb44ece000 	C:\Windows\system32\KERNEL32.DLL
0x00007ffb423d0000 - 0x00007ffb424e5000 	C:\Windows\system32\KERNELBASE.dll
0x00007ffb40e30000 - 0x00007ffb40ebe000 	C:\Windows\system32\apphelp.dll
0x00007ffb32110000 - 0x00007ffb32163000 	C:\Windows\AppPatch\AppPatch64\AcGenral.DLL
0x00007ffb44ed0000 - 0x00007ffb44f7a000 	C:\Windows\system32\msvcrt.dll
0x00007ffb42150000 - 0x00007ffb4217e000 	C:\Windows\SYSTEM32\SspiCli.dll
0x00007ffb428a0000 - 0x00007ffb428f4000 	C:\Windows\system32\SHLWAPI.dll
0x00007ffb42b60000 - 0x00007ffb42cd7000 	C:\Windows\system32\USER32.dll
0x00007ffb449d0000 - 0x00007ffb44b64000 	C:\Windows\system32\ole32.dll
0x00007ffb43370000 - 0x00007ffb44888000 	C:\Windows\system32\SHELL32.dll
0x00007ffb418d0000 - 0x00007ffb418f1000 	C:\Windows\SYSTEM32\USERENV.dll
0x00007ffb44920000 - 0x00007ffb449ca000 	C:\Windows\system32\ADVAPI32.dll
0x00007ffb392f0000 - 0x00007ffb3930e000 	C:\Windows\SYSTEM32\MPR.dll
0x00007ffb42940000 - 0x00007ffb42a81000 	C:\Windows\system32\RPCRT4.dll
0x00007ffb42840000 - 0x00007ffb42899000 	C:\Windows\SYSTEM32\sechost.dll
0x00007ffb43130000 - 0x00007ffb43341000 	C:\Windows\SYSTEM32\combase.dll
0x00007ffb45050000 - 0x00007ffb451a1000 	C:\Windows\system32\GDI32.dll
0x00007ffb42300000 - 0x00007ffb42315000 	C:\Windows\SYSTEM32\profapi.dll
0x00007ffb40d70000 - 0x00007ffb40e22000 	C:\Windows\SYSTEM32\SHCORE.dll
0x00007ffb42900000 - 0x00007ffb42936000 	C:\Windows\system32\IMM32.DLL
0x00007ffb44b70000 - 0x00007ffb44cc3000 	C:\Windows\system32\MSCTF.dll
0x00007ffb422b0000 - 0x00007ffb422e2000 	C:\Windows\system32\nvinitx.dll
0x00007ffb422a0000 - 0x00007ffb422aa000 	C:\Windows\SYSTEM32\VERSION.dll
0x000000000f000000 - 0x000000000f006000 	C:\Program Files\NVIDIA Corporation\CoProcManager\_etoured.dll
0x00007ffb40340000 - 0x00007ffb40372000 	C:\Program Files\NVIDIA Corporation\CoProcManager\nvd3d9wrapx.dll
0x00007ffb42d40000 - 0x00007ffb42f1a000 	C:\Windows\system32\SETUPAPI.dll
0x00007ffb424f0000 - 0x00007ffb4253f000 	C:\Windows\system32\CFGMGR32.dll
0x00007ffb40250000 - 0x00007ffb40272000 	C:\Program Files\NVIDIA Corporation\CoProcManager\nvdxgiwrapx.dll
0x00007ffb40380000 - 0x00007ffb405fb000 	C:\Windows\WinSxS\amd64_microsoft.windows.common-controls_6595b64144ccf1df_6.0.9600.17415_none_6240486fecbd8abb\COMCTL32.dll
0x00007ffb35ba0000 - 0x00007ffb35c29000 	C:\Program Files (x86)\AVG\AVG2015\avghooka.dll
0x0000000057920000 - 0x00000000579f2000 	C:\Program Files\Java\jdk1.8.0\jre\bin\msvcr100.dll
0x00000000570f0000 - 0x000000005791a000 	C:\Program Files\Java\jdk1.8.0\jre\bin\server\jvm.dll
0x00007ffb393f0000 - 0x00007ffb393f9000 	C:\Windows\SYSTEM32\WSOCK32.dll
0x00007ffb3fc20000 - 0x00007ffb3fc42000 	C:\Windows\SYSTEM32\WINMM.dll
0x00007ffb44910000 - 0x00007ffb44917000 	C:\Windows\system32\PSAPI.DLL
0x00007ffb42f20000 - 0x00007ffb42f7a000 	C:\Windows\system32\WS2_32.dll
0x00007ffb3f960000 - 0x00007ffb3f98a000 	C:\Windows\SYSTEM32\WINMMBASE.dll
0x00007ffb42830000 - 0x00007ffb42839000 	C:\Windows\system32\NSI.dll
0x00007ffb410a0000 - 0x00007ffb410c8000 	C:\Windows\SYSTEM32\DEVOBJ.dll
0x0000000058760000 - 0x000000005876f000 	C:\Program Files\Java\jdk1.8.0\jre\bin\verify.dll
0x00000000570c0000 - 0x00000000570e8000 	C:\Program Files\Java\jdk1.8.0\jre\bin\java.dll
0x00000000570a0000 - 0x00000000570b6000 	C:\Program Files\Java\jdk1.8.0\jre\bin\zip.dll
0x0000000056f00000 - 0x0000000057096000 	C:\Program Files\Java\jdk1.8.0\jre\bin\awt.dll
0x00007ffb42a90000 - 0x00007ffb42b51000 	C:\Windows\system32\OLEAUT32.dll
0x00007ffb40600000 - 0x00007ffb40621000 	C:\Windows\system32\DWMAPI.DLL
0x00007ffb40f20000 - 0x00007ffb41049000 	C:\Windows\system32\uxtheme.dll
0x00007ffb41110000 - 0x00007ffb4111b000 	C:\Windows\SYSTEM32\kernel.appcore.dll
0x00007ffb421f0000 - 0x00007ffb421fb000 	C:\Windows\SYSTEM32\CRYPTBASE.dll
0x00007ffb42180000 - 0x00007ffb421e3000 	C:\Windows\SYSTEM32\bcryptPrimitives.dll
0x00007ffb36790000 - 0x00007ffb369b1000 	C:\Windows\system32\d3d9.dll
0x00007ffb3f250000 - 0x00007ffb3f34d000 	C:\Windows\SYSTEM32\nvumdshimx.dll
0x00007ffb19fb0000 - 0x00007ffb1b753000 	C:\Windows\system32\igdumdim64.dll
0x00007ffb3ceb0000 - 0x00007ffb3d85c000 	C:\Windows\SYSTEM32\igdusc64.dll
0x0000000056ee0000 - 0x0000000056efa000 	C:\Program Files\Java\jdk1.8.0\jre\bin\net.dll
0x00007ffb41b90000 - 0x00007ffb41be9000 	C:\Windows\system32\mswsock.dll
0x00007ffb41bf0000 - 0x00007ffb41c10000 	C:\Windows\SYSTEM32\CRYPTSP.dll
0x00007ffb417c0000 - 0x00007ffb417f6000 	C:\Windows\system32\rsaenh.dll
0x00007ffb41e40000 - 0x00007ffb41e66000 	C:\Windows\SYSTEM32\bcrypt.dll
0x00007ffb38840000 - 0x00007ffb38855000 	C:\Windows\system32\napinsp.dll
0x00007ffb38860000 - 0x00007ffb3887a000 	C:\Windows\system32\pnrpnsp.dll
0x00007ffb3dea0000 - 0x00007ffb3debb000 	C:\Windows\system32\NLAapi.dll
0x00007ffb41990000 - 0x00007ffb41a34000 	C:\Windows\SYSTEM32\DNSAPI.dll
0x00007ffb38880000 - 0x00007ffb3888d000 	C:\Windows\System32\winrnr.dll
0x00007ffb388a0000 - 0x00007ffb388b4000 	C:\Windows\system32\wshbth.dll
0x000000005a130000 - 0x000000005a156000 	C:\Program Files\Bonjour\mdnsNSP.dll
0x00007ffb3c2d0000 - 0x00007ffb3c2fa000 	C:\Windows\SYSTEM32\Iphlpapi.DLL
0x00007ffb3c2c0000 - 0x00007ffb3c2ca000 	C:\Windows\SYSTEM32\WINNSI.DLL
0x00007ffb38890000 - 0x00007ffb3889a000 	C:\Windows\System32\rasadhlp.dll
0x00007ffb3bef0000 - 0x00007ffb3bf5b000 	C:\Windows\System32\fwpuclnt.dll
0x0000000056ec0000 - 0x0000000056ed1000 	C:\Program Files\Java\jdk1.8.0\jre\bin\nio.dll
0x000000006e740000 - 0x000000006fda5000 	C:\Users\Piotr\AppData\Local\Temp\xuggle\xuggle5235830182990916960.dll
0x00007ffb3cb50000 - 0x00007ffb3cb67000 	C:\Windows\SYSTEM32\AVICAP32.dll
0x00007ffb337b0000 - 0x00007ffb337d9000 	C:\Windows\SYSTEM32\MSVFW32.dll
0x0000000056eb0000 - 0x0000000056ebc000 	C:\Program Files\Java\jdk1.8.0\jre\bin\jsound.dll
0x0000000056ea0000 - 0x0000000056eab000 	C:\Program Files\Java\jdk1.8.0\jre\bin\jsoundds.dll
0x00007ffb19b80000 - 0x00007ffb19c1d000 	C:\Windows\SYSTEM32\DSOUND.dll
0x00007ffb41900000 - 0x00007ffb41946000 	C:\Windows\SYSTEM32\POWRPROF.dll
0x00007ffb3fbb0000 - 0x00007ffb3fc20000 	C:\Windows\SYSTEM32\MMDevAPI.DLL
0x00007ffb35f40000 - 0x00007ffb35f7e000 	C:\Windows\SYSTEM32\wdmaud.drv
0x00007ffb3da90000 - 0x00007ffb3da98000 	C:\Windows\SYSTEM32\ksuser.dll
0x00007ffb3f920000 - 0x00007ffb3f92c000 	C:\Windows\SYSTEM32\AVRT.dll
0x00007ffb33ae0000 - 0x00007ffb33b5e000 	C:\Windows\SYSTEM32\AUDIOSES.DLL
0x00007ffb3ca20000 - 0x00007ffb3ca2b000 	C:\Windows\SYSTEM32\msacm32.drv
0x00007ffb3ca00000 - 0x00007ffb3ca1c000 	C:\Windows\SYSTEM32\MSACM32.dll
0x00007ffb3bd90000 - 0x00007ffb3bd9a000 	C:\Windows\SYSTEM32\midimap.dll
0x00007ffb44cd0000 - 0x00007ffb44d86000 	C:\Windows\SYSTEM32\clbcatq.dll
0x0000000056e50000 - 0x0000000056e97000 	C:\Program Files\Java\jdk1.8.0\jre\bin\fontmanager.dll
0x0000000056d70000 - 0x0000000056e41000 	C:\Users\Piotr\AppData\Local\Temp\javacpp4386252647600\msvcr100.dll
0x0000000056cd0000 - 0x0000000056d68000 	C:\Users\Piotr\AppData\Local\Temp\javacpp4386252647600\msvcp100.dll
0x00007ffb27e00000 - 0x00007ffb28072000 	C:\Users\Piotr\AppData\Local\Temp\javacpp4386252647600\opencv_core249.dll
0x00007ffb27c50000 - 0x00007ffb27df5000 	C:\Users\Piotr\AppData\Local\Temp\javacpp4386252647600\jniopencv_core.dll
0x00007ffb25050000 - 0x00007ffb25304000 	C:\Users\Piotr\AppData\Local\Temp\javacpp4386252647600\opencv_imgproc249.dll
0x00007ffb27ba0000 - 0x00007ffb27c43000 	C:\Users\Piotr\AppData\Local\Temp\javacpp4386252647600\jniopencv_imgproc.dll
0x0000000066840000 - 0x00000000676b4000 	C:\Users\Piotr\AppData\Local\Temp\javacpp4386252647600\opencv_ffmpeg249_64.dll
0x00007ffb24e00000 - 0x00007ffb2504d000 	C:\Users\Piotr\AppData\Local\Temp\javacpp4386252647600\opencv_highgui249.dll
0x00007ffb320e0000 - 0x00007ffb32101000 	C:\Windows\SYSTEM32\AVIFIL32.dll
0x00007ffb30e50000 - 0x00007ffb30e9f000 	C:\Users\Piotr\AppData\Local\Temp\javacpp4386252647600\jniopencv_highgui.dll
0x00007ffb37eb0000 - 0x00007ffb37ec8000 	C:\Windows\System32\devenum.dll
0x00007ffb3f180000 - 0x00007ffb3f1b2000 	C:\Windows\SYSTEM32\ntmarta.dll
0x00007ffb42540000 - 0x00007ffb42591000 	C:\Windows\system32\WINTRUST.dll
0x00007ffb42650000 - 0x00007ffb4282f000 	C:\Windows\system32\CRYPT32.dll
0x0000000021c60000 - 0x0000000021c71000 	C:\Windows\system32\MSASN1.dll
0x00007ffb3cb40000 - 0x00007ffb3cb4d000 	C:\Windows\SYSTEM32\msdmo.dll
0x00007ffb320b0000 - 0x00007ffb320dd000 	C:\Windows\System32\qcap.dll
0x00007ffb26190000 - 0x00007ffb26362000 	C:\Windows\System32\quartz.dll
0x00007ffb2ef40000 - 0x00007ffb2ef8b000 	C:\Windows\System32\ksproxy.ax
0x00007ffb35ee0000 - 0x00007ffb35eee000 	C:\Windows\System32\vidcap.ax
0x00007ffb30e20000 - 0x00007ffb30e46000 	C:\Windows\System32\kswdmcap.ax
0x00007ffb24cb0000 - 0x00007ffb24dfd000 	C:\Windows\System32\MFC42.dll
0x00007ffb27ad0000 - 0x00007ffb27b92000 	C:\Windows\System32\ODBC32.dll
0x00007ffb27420000 - 0x00007ffb274c8000 	C:\Windows\System32\qedit.dll
0x00007ffb44f80000 - 0x00007ffb45036000 	C:\Windows\system32\COMDLG32.dll
0x00007ffb3f400000 - 0x00007ffb3f5b0000 	C:\Windows\WinSxS\amd64_microsoft.windows.gdiplus_6595b64144ccf1df_1.1.9600.17415_none_932b3b5547500489\gdiplus.dll
0x00007ffb3d970000 - 0x00007ffb3da68000 	C:\Windows\System32\DDRAW.dll
0x00007ffb3f1d0000 - 0x00007ffb3f1d9000 	C:\Windows\System32\DCIMAN32.dll
0x00007ffb24ab0000 - 0x00007ffb24ca1000 	C:\Program Files\K-Lite Codec Pack x64\Filters\vsfilter.dll
0x00007ffb3f020000 - 0x00007ffb3f0a2000 	C:\Windows\SYSTEM32\WINSPOOL.DRV
0x00007ffb3a620000 - 0x00007ffb3a868000 	C:\Windows\SYSTEM32\WININET.dll
0x00007ffb3ab70000 - 0x00007ffb3ae37000 	C:\Windows\SYSTEM32\iertutil.dll
0x00007ffb35eb0000 - 0x00007ffb35ebc000 	C:\Windows\SYSTEM32\msyuv.dll
0x00007ffb37d20000 - 0x00007ffb37eaa000 	C:\Windows\SYSTEM32\dbghelp.dll

VM Arguments:
jvm_args: -Dfile.encoding=UTF-8 
java_command: wideokomunikator.main
java_class_path (initial): D:\Programowanie\javacv\javacv-bin\ffmpeg.jar;D:\Programowanie\javacv\javacv-bin\javacpp.jar;D:\Programowanie\javacv\javacv-bin\javacv.jar;D:\Programowanie\javacv\javacv-bin\opencv.jar;C:\Program Files\Java\jdk1.8.0_05\db\lib\derby.jar;C:\Program Files\Java\jdk1.8.0_05\db\lib\derbyclient.jar;C:\Program Files\Java\jdk1.8.0_05\db\lib\derbytools.jar;C:\Program Files\Java\jdk1.8.0_05\db\lib\derbynet.jar;D:\Programowanie\xuggle-xuggler-5.4.jar;D:\Programowanie\slf4j-simple-1.7.10.jar;D:\Programowanie\slf4j-api-1.7.10.jar;D:\Programowanie\javacv\javacv-bin\opencv-linux-x86.jar;D:\Programowanie\javacv\javacv-bin\opencv-linux-x86_64.jar;D:\Programowanie\javacv\javacv-bin\opencv-macosx-x86_64.jar;D:\Programowanie\javacv\javacv-bin\opencv-windows-x86.jar;D:\Programowanie\javacv\javacv-bin\opencv-windows-x86_64.jar;C:\Users\Piotr\Documents\NetBeansProjects\Wideokomunikator\build\classes
Launcher Type: SUN_STANDARD

Environment Variables:
JAVA_HOME=C:\Program Files\Java\jdk1.8.0_05
CLASSPATH=.;C:\PROGRA~2\JMF2.1.1e\lib\sound.jar;C:\PROGRA~2\JMF2.1.1e\lib\jmf.jar;C:\PROGRA~2\JMF2.1.1e\lib;.;.;.;c:\PROGRA~2\java\JMF21~1.1E\lib\sound.jar;c:\PROGRA~2\java\JMF21~1.1E\lib\jmf.jar;c:\PROGRA~2\java\JMF21~1.1E\lib;
PATH=C:\Program Files (x86)\NVIDIA Corporation\PhysX\Common;C:\ProgramData\Oracle\Java\javapath;C:\Python34\;C:\Python34\Scripts;C:\Program Files (x86)\Intel\iCLS Client\;C:\Program Files\Intel\iCLS Client\;C:\Windows\system32;C:\Windows;C:\Windows\System32\Wbem;C:\Windows\System32\WindowsPowerShell\v1.0\;C:\Program Files\Intel\Intel(R) Management Engine Components\DAL;C:\Program Files\Intel\Intel(R) Management Engine Components\IPT;C:\Program Files (x86)\Intel\Intel(R) Management Engine Components\DAL;C:\Program Files (x86)\Intel\Intel(R) Management Engine Components\IPT;C:\Program Files\nodejs\;C:\Windows\Microsoft.NET\Framework\v4.0.30319;C:\Program Files\Microsoft SQL Server\110\Tools\Binn\;C:\Program Files\Java\jdk1.8.0_05\bin;C:\Program Files (x86)\QuickTime\QTSystem\;C:\Program Files\apache-ant-1.9.4\bin;1UGGLE_HOME\bin;c:\PROGRA~2\java\JMF21~1.1E\lib;C:\Users\Piotr\AppData\Roaming\npm;C:\Program Files (x86)\Bitvise SSH Client;C:\Program Files\Java\jdk1.8.0_05\bin
USERNAME=Piotr
OS=Windows_NT
PROCESSOR_IDENTIFIER=Intel64 Family 6 Model 60 Stepping 3, GenuineIntel



---------------  S Y S T E M  ---------------

OS: Windows 8.1 , 64 bit Build 9600 

CPU:total 8 (4 cores per cpu, 2 threads per core) family 6 model 60 stepping 3, cmov, cx8, fxsr, mmx, sse, sse2, sse3, ssse3, sse4.1, sse4.2, popcnt, avx, avx2, aes, clmul, erms, ht, tsc, tscinvbit

Memory: 4k page, physical 15910992k(10586728k free), swap 36390992k(29766308k free)

vm_info: Java HotSpot(TM) 64-Bit Server VM (25.0-b70) for windows-amd64 JRE (1.8.0-b132), built on Mar  4 2014 03:46:18 by "java_re" with MS VC++ 10.0 (VS2010)

time: Mon Feb 09 13:05:19 2015
elapsed time: 4 seconds

